Hmm ... looks like a package
Converting parsed Rd's to LaTeX 
Creating pdf output from LaTeX ...
Warning in texi2dvi(file = file, pdf = TRUE, clean = clean, quiet = quiet,  :
  texi2dvi script/program not available, using emulation
This is pdfTeX, Version 3.14159265-2.6-1.40.21 (TeX Live 2020) (preloaded format=pdflatex)
 restricted \write18 enabled.
entering extended mode
(./Rd2.tex
LaTeX2e <2020-10-01> patch level 4
L3 programming layer <2021-02-18>
(/home/ubot/.TinyTeX/texmf-dist/tex/latex/base/book.cls
Document Class: book 2020/04/10 v1.4m Standard LaTeX document class
(/home/ubot/.TinyTeX/texmf-dist/tex/latex/base/bk10.clo))
(/usr/share/R/share/texmf/tex/latex/Rd.sty
(/home/ubot/.TinyTeX/texmf-dist/tex/latex/base/ifthen.sty)
(/home/ubot/.TinyTeX/texmf-dist/tex/latex/tools/longtable.sty)
(/home/ubot/.TinyTeX/texmf-dist/tex/latex/tools/bm.sty)
(/home/ubot/.TinyTeX/texmf-dist/tex/latex/base/alltt.sty)
(/home/ubot/.TinyTeX/texmf-dist/tex/latex/tools/verbatim.sty)
(/home/ubot/.TinyTeX/texmf-dist/tex/latex/url/url.sty)
(/home/ubot/.TinyTeX/texmf-dist/tex/latex/base/textcomp.sty)
(/home/ubot/.TinyTeX/texmf-dist/tex/generic/iftex/iftex.sty)
(/home/ubot/.TinyTeX/texmf-dist/tex/latex/base/fontenc.sty)
(/home/ubot/.TinyTeX/texmf-dist/tex/latex/inconsolata/zi4.sty
`inconsolata-zi4' v1.12, 2019/05/17 Text macros for Inconsolata (msharpe)
(/home/ubot/.TinyTeX/texmf-dist/tex/latex/xkeyval/xkeyval.sty
(/home/ubot/.TinyTeX/texmf-dist/tex/generic/xkeyval/xkeyval.tex
(/home/ubot/.TinyTeX/texmf-dist/tex/generic/xkeyval/xkvutils.tex
(/home/ubot/.TinyTeX/texmf-dist/tex/generic/xkeyval/keyval.tex)))))
(/home/ubot/.TinyTeX/texmf-dist/tex/latex/graphics/color.sty
(/home/ubot/.TinyTeX/texmf-dist/tex/latex/graphics-cfg/color.cfg)
(/home/ubot/.TinyTeX/texmf-dist/tex/latex/graphics-def/pdftex.def))
(/home/ubot/.TinyTeX/texmf-dist/tex/latex/hyperref/hyperref.sty
(/home/ubot/.TinyTeX/texmf-dist/tex/generic/ltxcmds/ltxcmds.sty)
(/home/ubot/.TinyTeX/texmf-dist/tex/generic/pdftexcmds/pdftexcmds.sty
(/home/ubot/.TinyTeX/texmf-dist/tex/generic/infwarerr/infwarerr.sty))
(/home/ubot/.TinyTeX/texmf-dist/tex/generic/kvsetkeys/kvsetkeys.sty)
(/home/ubot/.TinyTeX/texmf-dist/tex/generic/kvdefinekeys/kvdefinekeys.sty)
(/home/ubot/.TinyTeX/texmf-dist/tex/generic/pdfescape/pdfescape.sty)
(/home/ubot/.TinyTeX/texmf-dist/tex/latex/hycolor/hycolor.sty)
(/home/ubot/.TinyTeX/texmf-dist/tex/latex/letltxmacro/letltxmacro.sty)
(/home/ubot/.TinyTeX/texmf-dist/tex/latex/auxhook/auxhook.sty)
(/home/ubot/.TinyTeX/texmf-dist/tex/latex/kvoptions/kvoptions.sty)
(/home/ubot/.TinyTeX/texmf-dist/tex/latex/hyperref/pd1enc.def)
(/home/ubot/.TinyTeX/texmf-dist/tex/latex/hyperref/hyperref-langpatches.def)
(/home/ubot/.TinyTeX/texmf-dist/tex/generic/intcalc/intcalc.sty)
(/home/ubot/.TinyTeX/texmf-dist/tex/generic/etexcmds/etexcmds.sty)
(/home/ubot/.TinyTeX/texmf-dist/tex/latex/hyperref/puenc.def)
(/home/ubot/.TinyTeX/texmf-dist/tex/generic/bitset/bitset.sty
(/home/ubot/.TinyTeX/texmf-dist/tex/generic/bigintcalc/bigintcalc.sty))
(/home/ubot/.TinyTeX/texmf-dist/tex/latex/base/atbegshi-ltx.sty))
(/home/ubot/.TinyTeX/texmf-dist/tex/latex/hyperref/hpdftex.def
(/home/ubot/.TinyTeX/texmf-dist/tex/latex/base/atveryend-ltx.sty)
(/home/ubot/.TinyTeX/texmf-dist/tex/latex/rerunfilecheck/rerunfilecheck.sty
(/home/ubot/.TinyTeX/texmf-dist/tex/generic/uniquecounter/uniquecounter.sty)))

Package hyperref Warning: Option `hyperindex' has already been used,
(hyperref)                setting the option has no effect on input line 388.


Package hyperref Warning: Option `pagebackref' has already been used,
(hyperref)                setting the option has no effect on input line 388.

) (/home/ubot/.TinyTeX/texmf-dist/tex/latex/base/makeidx.sty)
(/home/ubot/.TinyTeX/texmf-dist/tex/latex/base/inputenc.sty)
Writing index file Rd2.idx
(/home/ubot/.TinyTeX/texmf-dist/tex/latex/l3backend/l3backend-pdftex.def)
No file Rd2.aux.
(/home/ubot/.TinyTeX/texmf-dist/tex/latex/hyperref/nameref.sty
(/home/ubot/.TinyTeX/texmf-dist/tex/latex/refcount/refcount.sty)
(/home/ubot/.TinyTeX/texmf-dist/tex/generic/gettitlestring/gettitlestring.sty))
(/home/ubot/.TinyTeX/texmf-dist/tex/latex/inconsolata/t1zi4.fd)
(/home/ubot/.TinyTeX/texmf-dist/tex/latex/base/t1cmss.fd)
Underfull \hbox (badness 10000) in paragraph at lines 37--37
[]\T1/cmr/m/it/10 Full genome of Pseu-domonas aerug-i-nosa PAO1 (g-
[1{/home/ubot/.TinyTeX/texmf-var/fonts/map/pdftex/updmap/pdftex.map}]
No file Rd2.ind.
[2] (./Rd2.aux)
kpathsea: Running mktexpk --mfmode / --bdpi 600 --mag 1+0/600 --dpi 600 tcrm1000
mktexpk: Running mf-nowin -progname=mf \mode:=ljfour; mag:=1+0/600; nonstopmode; input tcrm1000
This is METAFONT, Version 2.7182818 (TeX Live 2020) (preloaded base=mf)

(/home/ubot/.TinyTeX/texmf-dist/fonts/source/jknappen/ec/tcrm1000.mf
(/home/ubot/.TinyTeX/texmf-dist/fonts/source/jknappen/ec/exbase.mf)
(/home/ubot/.TinyTeX/texmf-dist/fonts/source/jknappen/ec/tcrm.mf
(/home/ubot/.TinyTeX/texmf-dist/fonts/source/jknappen/ec/txsymb.mf
 Ok (/home/ubot/.TinyTeX/texmf-dist/fonts/source/jknappen/ec/exaccess.mf
 Ok) (/home/ubot/.TinyTeX/texmf-dist/fonts/source/jknappen/ec/txpseudo.mf
 Ok) (/home/ubot/.TinyTeX/texmf-dist/fonts/source/jknappen/ec/txaccent.mf
 Ok [0] [1] [2] [3] [4] [5] [6] [7] [8] [9] [10] [11] [12] [27] [29])
(/home/ubot/.TinyTeX/texmf-dist/fonts/source/jknappen/ec/txgen.mf
 Ok [100] [109] [98] [99] [108])
(/home/ubot/.TinyTeX/texmf-dist/fonts/source/jknappen/ec/txsymbol.mf
 Ok [13] [18] [21] [22] [23] [24] [25] [26] [28] [31] [32] [36] [39] [44]
[45] [46] [42] [47] [60] [61] [62] [77] [79] [87] [110] [91] [93] [94] [95]
[96] [126] [127] [128] [129] [130] [131] [132] [133] [134] [135] [136] [137]
[138] [139] [140] [141] [142] [143] [144] [145] [146] [147] [148] [149]
[150] [151] [152] [153] [154] [155] [156] [157] [158] [159] [160] [161]
[162] [163] [164] [165] [166] [167] [168] [169] [171] [172] [173] [174]
[175] [177] [176] [180] [181] [182] [183] [184] [187] [191] [214] [246])
(/home/ubot/.TinyTeX/texmf-dist/fonts/source/jknappen/ec/txromod.mf
 Ok [48] [49] [50] [51] [52] [53] [54] [55] [56] [57])
(/home/ubot/.TinyTeX/texmf-dist/fonts/source/jknappen/ec/txrsuper.mf
 Ok [185] [178] [179] [170] [186])
(/home/ubot/.TinyTeX/texmf-dist/fonts/source/jknappen/ec/txrfract.mf
 Ok [188] [189] [190]) ) ) )
(some charht values had to be adjusted by as much as 0.06943pt)
Font metrics written on tcrm1000.tfm.
Output written on tcrm1000.600gf (128 characters, 23548 bytes).
Transcript written on tcrm1000.log.
mktexpk: /home/ubot/.TinyTeX/texmf-var/fonts/pk/ljfour/jknappen/ec/tcrm1000.600pk: successfully generated.


Package rerunfilecheck Warning: File `Rd2.out' has changed.
(rerunfilecheck)                Rerun to get outlines right
(rerunfilecheck)                or use package `bookmark'.

 )
(see the transcript file for additional information)pdfTeX warning (dest): name
{Rfn.DNAString} has been referenced but does not exist, replaced by a fixed one


pdfTeX warning (dest): name{Rfn.available.genomes} has been referenced but does
 not exist, replaced by a fixed one

pdfTeX warning (dest): name{Rfn.BSgenome} has been referenced but does not exis
t, replaced by a fixed one

pdfTeX warning (dest): name{Rfn.BSgenomeForge} has been referenced but does not
 exist, replaced by a fixed one

 </home/ubot/.TinyTeX/texmf-var/fonts/pk/ljfour/jknappen/ec/tcrm1000.600pk>
kpathsea: Running mktexpk --mfmode / --bdpi 600 --mag 1+0/600 --dpi 600 ecrb1000
mktexpk: Running mf-nowin -progname=mf \mode:=ljfour; mag:=1+0/600; nonstopmode; input ecrb1000
This is METAFONT, Version 2.7182818 (TeX Live 2020) (preloaded base=mf)

(/home/ubot/.TinyTeX/texmf-dist/fonts/source/jknappen/ec/ecrb1000.mf
(/home/ubot/.TinyTeX/texmf-dist/fonts/source/jknappen/ec/exbase.mf)
(/home/ubot/.TinyTeX/texmf-dist/fonts/source/jknappen/ec/ecrb.mf
(/home/ubot/.TinyTeX/texmf-dist/fonts/source/jknappen/ec/exroman.mf
 Ok (/home/ubot/.TinyTeX/texmf-dist/fonts/source/jknappen/ec/exaccess.mf
 Ok) (/home/ubot/.TinyTeX/texmf-dist/fonts/source/jknappen/ec/expseudo.mf
 Ok) (/home/ubot/.TinyTeX/texmf-dist/fonts/source/jknappen/ec/exruwest.mf
 Ok [192] [193] [194] [195] [196] [197] [198] [199] [200] [201] [202] [203]
[204] [205] [206] [207] [208] [209] [210] [211] [212] [213] [214] [215]
[216] [217] [218] [219] [220] [221] [222] [223])
(/home/ubot/.TinyTeX/texmf-dist/fonts/source/jknappen/ec/exrlwest.mf
 Ok [224] [225] [226] [227] [228] [229] [230] [231] [232] [233] [234] [235]
[236] [237] [238] [239] [240] [241] [242] [243] [244] [245] [246] [247]
[248] [249] [250] [251] [252] [253] [254] [255])
(/home/ubot/.TinyTeX/texmf-dist/fonts/source/jknappen/ec/exrueast.mf
 Ok [128] [129] [130] [131] [132] [133] [134] [135] [136] [137] [138] [139]
[140] [141] [142] [143] [144] [145] [146] [147] [148] [149] [150] [151]
[152] [153] [154] [155] [156] [157])
(/home/ubot/.TinyTeX/texmf-dist/fonts/source/jknappen/ec/exrleast.mf
 Ok [158] [160] [161] [162] [163] [164] [165] [166] [167] [168] [169] [170]
[171] [172] [173] [174] [175] [176] [177] [178] [179] [180] [181] [182]
[183] [184] [185] [186] [187] [188])
(/home/ubot/.TinyTeX/texmf-dist/fonts/source/jknappen/ec/exbraces.mf
 Ok [94] [126] [23] [40] [41] [60] [124] [62] [91] [93] [92] [123] [125]
[95] [127] [32])
(/home/ubot/.TinyTeX/texmf-dist/fonts/source/jknappen/ec/expunct.mf
 Ok [14] [15] [19] [20] [13] [18] [33] [39] [42] [43] [44] [46] [47] [58]
[59] [61] [96] [189] [17] [45] [16] [21] [22])
(/home/ubot/.TinyTeX/texmf-dist/fonts/source/jknappen/ec/exaccent.mf
 Ok [0] [1] [2] [3] [4] [5] [6] [7] [8] [9] [10] [11] [12])
(/home/ubot/.TinyTeX/texmf-dist/fonts/source/jknappen/ec/exsign.mf
 Ok [24] [34] [35] [36] [37] [64] [191] [159])
(/home/ubot/.TinyTeX/texmf-dist/fonts/source/jknappen/ec/exrlig.mf
 Ok [25] [26] [28] [27] [29] [30] [31])
(/home/ubot/.TinyTeX/texmf-dist/fonts/source/jknappen/ec/exromp.mf
 Ok [38] [63] [190])
(/home/ubot/.TinyTeX/texmf-dist/fonts/source/jknappen/ec/exrulett.mf
 Ok [65] [66] [67] [68] [69] [70] [71] [72] [73] [74] [75] [76] [77] [78]
[79] [80] [81] [82] [83] [84] [85] [86] [87] [88] [89] [90])
(/home/ubot/.TinyTeX/texmf-dist/fonts/source/jknappen/ec/exrllett.mf
 Ok [97] [98] [99] [100] [101] [102] [103] [104] [105] [106] [107] [108]
[109] [110] [111] [112] [113] [114] [115] [116] [117] [118] [119] [120]
[121] [122])
(/home/ubot/.TinyTeX/texmf-dist/fonts/source/jknappen/ec/exrdigit.mf
 Ok [48] [49] [50] [51] [52] [53] [54] [55] [56] [57])
(/home/ubot/.TinyTeX/texmf-dist/fonts/source/jknappen/ec/exrligtb.mf
 Ok) ) ) )
Font metrics written on ecrb1000.tfm.
Output written on ecrb1000.600gf (256 characters, 49556 bytes).
Transcript written on ecrb1000.log.
mktexpk: /home/ubot/.TinyTeX/texmf-var/fonts/pk/ljfour/jknappen/ec/ecrb1000.600pk: successfully generated.
 </h
ome/ubot/.TinyTeX/texmf-var/fonts/pk/ljfour/jknappen/ec/ecrb1000.600pk>
kpathsea: Running mktexpk --mfmode / --bdpi 600 --mag 1+0/600 --dpi 600 ecti1000
mktexpk: Running mf-nowin -progname=mf \mode:=ljfour; mag:=1+0/600; nonstopmode; input ecti1000
This is METAFONT, Version 2.7182818 (TeX Live 2020) (preloaded base=mf)

(/home/ubot/.TinyTeX/texmf-dist/fonts/source/jknappen/ec/ecti1000.mf
(/home/ubot/.TinyTeX/texmf-dist/fonts/source/jknappen/ec/exbase.mf)
(/home/ubot/.TinyTeX/texmf-dist/fonts/source/jknappen/ec/ecti.mf
(/home/ubot/.TinyTeX/texmf-dist/fonts/source/jknappen/ec/extextit.mf
 Ok (/home/ubot/.TinyTeX/texmf-dist/fonts/source/jknappen/ec/exaccess.mf
 Ok) (/home/ubot/.TinyTeX/texmf-dist/fonts/source/jknappen/ec/expseudo.mf
 Ok) (/home/ubot/.TinyTeX/texmf-dist/fonts/source/jknappen/ec/exileast.mf
 Ok [158] [160] [161] [162] [163] [164] [165] [166] [167] [168] [169] [170]
[171] [172] [173] [174] [175] [176] [177] [178] [179] [180] [181] [182]
[183] [184] [185] [186] [187] [188])
(/home/ubot/.TinyTeX/texmf-dist/fonts/source/jknappen/ec/exilwest.mf
 Ok [224] [225] [226] [227] [228] [229] [230] [231] [232] [233] [234] [235]
[236] [237] [238] [239] [240] [241] [242] [243] [244] [245] [246] [247]
[248] [249] [250] [251] [252] [253] [254] [255])
(/home/ubot/.TinyTeX/texmf-dist/fonts/source/jknappen/ec/exruwest.mf
 Ok [192] [193] [194] [195] [196] [197] [198] [199] [200] [201] [202] [203]
[204] [205] [206] [207] [208] [209] [210] [211] [212] [213] [214] [215]
[216] [217] [218] [219] [220] [221] [222] [223])
(/home/ubot/.TinyTeX/texmf-dist/fonts/source/jknappen/ec/exrueast.mf
 Ok [128] [129] [130] [131] [132] [133] [134] [135] [136] [137] [138] [139]
[140] [141] [142] [143] [144] [145] [146] [147] [148] [149] [150] [151]
[152] [153] [154] [155] [156] [157])
(/home/ubot/.TinyTeX/texmf-dist/fonts/source/jknappen/ec/exbraces.mf
 Ok [94] [126] [23] [40] [41] [60] [124] [62] [91] [93] [92] [123] [125]
[95] [127] [32])
(/home/ubot/.TinyTeX/texmf-dist/fonts/source/jknappen/ec/expunct.mf
 Ok [14] [15] [19] [20] [13] [18] [33] [39] [42] [43] [44] [46] [47] [58]
[59] [61] [96] [189] [17] [45] [16] [21] [22])
(/home/ubot/.TinyTeX/texmf-dist/fonts/source/jknappen/ec/exaccent.mf
 Ok [0] [1] [2] [3] [4] [5] [6] [7] [8] [9] [10] [11] [12])
(/home/ubot/.TinyTeX/texmf-dist/fonts/source/jknappen/ec/exsign.mf
 Ok [24] [34] [35] [36] [37] [64] [191] [159])
(/home/ubot/.TinyTeX/texmf-dist/fonts/source/jknappen/ec/exilig.mf
 Ok [25] [26] [27] [28] [29] [30] [31])
(/home/ubot/.TinyTeX/texmf-dist/fonts/source/jknappen/ec/exitalp.mf
 Ok [38] [63] [190])
(/home/ubot/.TinyTeX/texmf-dist/fonts/source/jknappen/ec/exrulett.mf
 Ok [65] [66] [67] [68] [69] [70] [71] [72] [73] [74] [75] [76] [77] [78]
[79] [80] [81] [82] [83] [84] [85] [86] [87] [88] [89] [90])
(/home/ubot/.TinyTeX/texmf-dist/fonts/source/jknappen/ec/exillett.mf
 Ok [97] [98] [99] [100] [101] [102] [103] [104] [105] [106] [107] [108]
[109] [110] [111] [112] [113] [114] [115] [116] [117] [118] [119] [120]
[121] [122])
(/home/ubot/.TinyTeX/texmf-dist/fonts/source/jknappen/ec/exidigit.mf
 Ok [48] [49] [50] [51] [52] [53] [54] [55] [56] [57])
(/home/ubot/.TinyTeX/texmf-dist/fonts/source/jknappen/ec/exiligtb.mf
 Ok) ) ) )
Font metrics written on ecti1000.tfm.
Output written on ecti1000.600gf (256 characters, 53420 bytes).
Transcript written on ecti1000.log.
mktexpk: /home/ubot/.TinyTeX/texmf-var/fonts/pk/ljfour/jknappen/ec/ecti1000.600pk: successfully generated.
 </home/
ubot/.TinyTeX/texmf-var/fonts/pk/ljfour/jknappen/ec/ecti1000.600pk>
kpathsea: Running mktexpk --mfmode / --bdpi 600 --mag 1+0/600 --dpi 600 ecsl1000
mktexpk: Running mf-nowin -progname=mf \mode:=ljfour; mag:=1+0/600; nonstopmode; input ecsl1000
This is METAFONT, Version 2.7182818 (TeX Live 2020) (preloaded base=mf)

(/home/ubot/.TinyTeX/texmf-dist/fonts/source/jknappen/ec/ecsl1000.mf
(/home/ubot/.TinyTeX/texmf-dist/fonts/source/jknappen/ec/exbase.mf)
(/home/ubot/.TinyTeX/texmf-dist/fonts/source/jknappen/ec/ecsl.mf
(/home/ubot/.TinyTeX/texmf-dist/fonts/source/jknappen/ec/exroman.mf
 Ok (/home/ubot/.TinyTeX/texmf-dist/fonts/source/jknappen/ec/exaccess.mf
 Ok) (/home/ubot/.TinyTeX/texmf-dist/fonts/source/jknappen/ec/expseudo.mf
 Ok) (/home/ubot/.TinyTeX/texmf-dist/fonts/source/jknappen/ec/exruwest.mf
 Ok [192] [193] [194] [195] [196] [197] [198] [199] [200] [201] [202] [203]
[204] [205] [206] [207] [208] [209] [210] [211] [212] [213] [214] [215]
[216] [217] [218] [219] [220] [221] [222] [223])
(/home/ubot/.TinyTeX/texmf-dist/fonts/source/jknappen/ec/exrlwest.mf
 Ok [224] [225] [226] [227] [228] [229] [230] [231] [232] [233] [234] [235]
[236] [237] [238] [239] [240] [241] [242] [243] [244] [245] [246] [247]
[248] [249] [250] [251] [252] [253] [254] [255])
(/home/ubot/.TinyTeX/texmf-dist/fonts/source/jknappen/ec/exrueast.mf
 Ok [128] [129] [130] [131] [132] [133] [134] [135] [136] [137] [138] [139]
[140] [141] [142] [143] [144] [145] [146] [147] [148] [149] [150] [151]
[152] [153] [154] [155] [156] [157])
(/home/ubot/.TinyTeX/texmf-dist/fonts/source/jknappen/ec/exrleast.mf
 Ok [158] [160] [161] [162] [163] [164] [165] [166] [167] [168] [169] [170]
[171] [172] [173] [174] [175] [176] [177] [178] [179] [180] [181] [182]
[183] [184] [185] [186] [187] [188])
(/home/ubot/.TinyTeX/texmf-dist/fonts/source/jknappen/ec/exbraces.mf
 Ok [94] [126] [23] [40] [41] [60] [124] [62] [91] [93] [92] [123] [125]
[95] [127] [32])
(/home/ubot/.TinyTeX/texmf-dist/fonts/source/jknappen/ec/expunct.mf
 Ok [14] [15] [19] [20] [13] [18] [33] [39] [42] [43] [44] [46] [47] [58]
[59] [61] [96] [189] [17] [45] [16] [21] [22])
(/home/ubot/.TinyTeX/texmf-dist/fonts/source/jknappen/ec/exaccent.mf
 Ok [0] [1] [2] [3] [4] [5] [6] [7] [8] [9] [10] [11] [12])
(/home/ubot/.TinyTeX/texmf-dist/fonts/source/jknappen/ec/exsign.mf
 Ok [24] [34] [35] [36] [37] [64] [191] [159])
(/home/ubot/.TinyTeX/texmf-dist/fonts/source/jknappen/ec/exrlig.mf
 Ok [25] [26] [28] [27] [29] [30] [31])
(/home/ubot/.TinyTeX/texmf-dist/fonts/source/jknappen/ec/exromp.mf
 Ok [38] [63] [190])
(/home/ubot/.TinyTeX/texmf-dist/fonts/source/jknappen/ec/exrulett.mf
 Ok [65] [66] [67] [68] [69] [70] [71] [72] [73] [74] [75] [76] [77] [78]
[79] [80] [81] [82] [83] [84] [85] [86] [87] [88] [89] [90])
(/home/ubot/.TinyTeX/texmf-dist/fonts/source/jknappen/ec/exrllett.mf
 Ok [97] [98] [99] [100] [101] [102] [103] [104] [105] [106] [107] [108]
[109] [110] [111] [112] [113] [114] [115] [116] [117] [118] [119] [120]
[121] [122])
(/home/ubot/.TinyTeX/texmf-dist/fonts/source/jknappen/ec/exrdigit.mf
 Ok [48] [49] [50] [51] [52] [53] [54] [55] [56] [57])
(/home/ubot/.TinyTeX/texmf-dist/fonts/source/jknappen/ec/exrligtb.mf
 Ok) ) ) )
(some charht values had to be adjusted by as much as 0.06586pt)
Font metrics written on ecsl1000.tfm.
Output written on ecsl1000.600gf (256 characters, 51132 bytes).
Transcript written on ecsl1000.log.
mktexpk: /home/ubot/.TinyTeX/texmf-var/fonts/pk/ljfour/jknappen/ec/ecsl1000.600pk: successfully generated.
 </home/ubot
/.TinyTeX/texmf-var/fonts/pk/ljfour/jknappen/ec/ecsl1000.600pk>
kpathsea: Running mktexpk --mfmode / --bdpi 600 --mag 1+0/600 --dpi 600 ecbx1440
mktexpk: Running mf-nowin -progname=mf \mode:=ljfour; mag:=1+0/600; nonstopmode; input ecbx1440
This is METAFONT, Version 2.7182818 (TeX Live 2020) (preloaded base=mf)

(/home/ubot/.TinyTeX/texmf-dist/fonts/source/jknappen/ec/ecbx1440.mf
(/home/ubot/.TinyTeX/texmf-dist/fonts/source/jknappen/ec/exbase.mf)
(/home/ubot/.TinyTeX/texmf-dist/fonts/source/jknappen/ec/ecbx.mf
(/home/ubot/.TinyTeX/texmf-dist/fonts/source/jknappen/ec/exroman.mf
 Ok (/home/ubot/.TinyTeX/texmf-dist/fonts/source/jknappen/ec/exaccess.mf
 Ok) (/home/ubot/.TinyTeX/texmf-dist/fonts/source/jknappen/ec/expseudo.mf
 Ok) (/home/ubot/.TinyTeX/texmf-dist/fonts/source/jknappen/ec/exruwest.mf
 Ok [192] [193] [194] [195] [196] [197] [198] [199] [200] [201] [202] [203]
[204] [205] [206] [207] [208] [209] [210] [211] [212] [213] [214] [215]
[216] [217] [218] [219] [220] [221] [222] [223])
(/home/ubot/.TinyTeX/texmf-dist/fonts/source/jknappen/ec/exrlwest.mf
 Ok [224] [225] [226] [227] [228] [229] [230] [231] [232] [233] [234] [235]
[236] [237] [238] [239] [240] [241] [242] [243] [244] [245] [246] [247]
[248] [249] [250] [251] [252] [253] [254] [255])
(/home/ubot/.TinyTeX/texmf-dist/fonts/source/jknappen/ec/exrueast.mf
 Ok [128] [129] [130] [131] [132] [133] [134] [135] [136] [137] [138] [139]
[140] [141] [142] [143] [144] [145] [146] [147] [148] [149] [150] [151]
[152] [153] [154] [155] [156] [157])
(/home/ubot/.TinyTeX/texmf-dist/fonts/source/jknappen/ec/exrleast.mf
 Ok [158] [160] [161] [162] [163] [164] [165] [166] [167] [168] [169] [170]
[171] [172] [173] [174] [175] [176] [177] [178] [179] [180] [181] [182]
[183] [184] [185] [186] [187] [188])
(/home/ubot/.TinyTeX/texmf-dist/fonts/source/jknappen/ec/exbraces.mf
 Ok [94] [126] [23] [40] [41] [60] [124] [62] [91] [93] [92] [123] [125]
[95] [127] [32])
(/home/ubot/.TinyTeX/texmf-dist/fonts/source/jknappen/ec/expunct.mf
 Ok [14] [15] [19] [20] [13] [18] [33] [39] [42] [43] [44] [46] [47] [58]
[59] [61] [96] [189] [17] [45] [16] [21] [22])
(/home/ubot/.TinyTeX/texmf-dist/fonts/source/jknappen/ec/exaccent.mf
 Ok [0] [1] [2] [3] [4] [5] [6] [7] [8] [9] [10] [11] [12])
(/home/ubot/.TinyTeX/texmf-dist/fonts/source/jknappen/ec/exsign.mf
 Ok [24] [34] [35] [36] [37] [64] [191] [159])
(/home/ubot/.TinyTeX/texmf-dist/fonts/source/jknappen/ec/exrlig.mf
 Ok [25] [26] [28] [27] [29] [30] [31])
(/home/ubot/.TinyTeX/texmf-dist/fonts/source/jknappen/ec/exromp.mf
 Ok [38] [63] [190])
(/home/ubot/.TinyTeX/texmf-dist/fonts/source/jknappen/ec/exrulett.mf
 Ok [65] [66] [67] [68] [69] [70] [71] [72] [73] [74] [75] [76] [77] [78]
[79] [80] [81] [82] [83] [84] [85] [86] [87] [88] [89] [90])
(/home/ubot/.TinyTeX/texmf-dist/fonts/source/jknappen/ec/exrllett.mf
 Ok [97] [98] [99] [100] [101] [102] [103] [104] [105] [106] [107] [108]
[109] [110] [111] [112] [113] [114] [115] [116] [117] [118] [119] [120]
[121] [122])
(/home/ubot/.TinyTeX/texmf-dist/fonts/source/jknappen/ec/exrdigit.mf
 Ok [48] [49] [50] [51] [52] [53] [54] [55] [56] [57])
(/home/ubot/.TinyTeX/texmf-dist/fonts/source/jknappen/ec/exrligtb.mf
 Ok) ) ) )
(some charht values had to be adjusted by as much as 0.10997pt)
Font metrics written on ecbx1440.tfm.
Output written on ecbx1440.600gf (256 characters, 70764 bytes).
Transcript written on ecbx1440.log.
mktexpk: /home/ubot/.TinyTeX/texmf-var/fonts/pk/ljfour/jknappen/ec/ecbx1440.600pk: successfully generated.
 </home/ubot/.Ti
nyTeX/texmf-var/fonts/pk/ljfour/jknappen/ec/ecbx1440.600pk>
kpathsea: Running mktexpk --mfmode / --bdpi 600 --mag 1+0/600 --dpi 600 ecss1440
mktexpk: Running mf-nowin -progname=mf \mode:=ljfour; mag:=1+0/600; nonstopmode; input ecss1440
This is METAFONT, Version 2.7182818 (TeX Live 2020) (preloaded base=mf)

(/home/ubot/.TinyTeX/texmf-dist/fonts/source/jknappen/ec/ecss1440.mf
(/home/ubot/.TinyTeX/texmf-dist/fonts/source/jknappen/ec/exbase.mf)
(/home/ubot/.TinyTeX/texmf-dist/fonts/source/jknappen/ec/ecss.mf
(/home/ubot/.TinyTeX/texmf-dist/fonts/source/jknappen/ec/exroman.mf
 Ok (/home/ubot/.TinyTeX/texmf-dist/fonts/source/jknappen/ec/exaccess.mf
 Ok) (/home/ubot/.TinyTeX/texmf-dist/fonts/source/jknappen/ec/expseudo.mf
 Ok) (/home/ubot/.TinyTeX/texmf-dist/fonts/source/jknappen/ec/exruwest.mf
 Ok [192] [193] [194] [195] [196] [197] [198] [199] [200] [201] [202] [203]
[204] [205] [206] [207] [208] [209] [210] [211] [212] [213] [214] [215]
[216] [217] [218] [219] [220] [221] [222] [223])
(/home/ubot/.TinyTeX/texmf-dist/fonts/source/jknappen/ec/exrlwest.mf
 Ok [224] [225] [226] [227] [228] [229] [230] [231] [232] [233] [234] [235]
[236] [237] [238] [239] [240] [241] [242] [243] [244] [245] [246] [247]
[248] [249] [250] [251] [252] [253] [254] [255])
(/home/ubot/.TinyTeX/texmf-dist/fonts/source/jknappen/ec/exrueast.mf
 Ok [128] [129] [130] [131] [132] [133] [134] [135] [136] [137] [138] [139]
[140] [141] [142] [143] [144] [145] [146] [147] [148] [149] [150] [151]
[152] [153] [154] [155] [156] [157])
(/home/ubot/.TinyTeX/texmf-dist/fonts/source/jknappen/ec/exrleast.mf
 Ok [158] [160] [161] [162] [163] [164] [165] [166] [167] [168] [169] [170]
[171] [172] [173] [174] [175] [176] [177] [178] [179] [180] [181] [182]
[183] [184] [185] [186] [187] [188])
(/home/ubot/.TinyTeX/texmf-dist/fonts/source/jknappen/ec/exbraces.mf
 Ok [94] [126] [23] [40] [41] [60] [124] [62] [91] [93] [92] [123] [125]
[95] [127] [32])
(/home/ubot/.TinyTeX/texmf-dist/fonts/source/jknappen/ec/expunct.mf
 Ok [14] [15] [19] [20] [13] [18] [33] [39] [42] [43] [44] [46] [47] [58]
[59] [61] [96] [189] [17] [45] [16] [21] [22])
(/home/ubot/.TinyTeX/texmf-dist/fonts/source/jknappen/ec/exaccent.mf
 Ok [0] [1] [2] [3] [4] [5] [6] [7] [8] [9] [10] [11] [12])
(/home/ubot/.TinyTeX/texmf-dist/fonts/source/jknappen/ec/exsign.mf
 Ok [24] [34] [35] [36] [37] [64] [191] [159])
(/home/ubot/.TinyTeX/texmf-dist/fonts/source/jknappen/ec/exrlig.mf
 Ok [25] [26] [28] [27] [29] [30] [31])
(/home/ubot/.TinyTeX/texmf-dist/fonts/source/jknappen/ec/exromp.mf
 Ok [38] [63] [190])
(/home/ubot/.TinyTeX/texmf-dist/fonts/source/jknappen/ec/exrulett.mf
 Ok [65] [66] [67] [68] [69] [70] [71] [72] [73] [74] [75] [76] [77] [78]
[79] [80] [81] [82] [83] [84] [85] [86] [87] [88] [89] [90])
(/home/ubot/.TinyTeX/texmf-dist/fonts/source/jknappen/ec/exrllett.mf
 Ok [97] [98] [99] [100] [101] [102] [103] [104] [105] [106] [107] [108]
[109] [110] [111] [112] [113] [114] [115] [116] [117] [118] [119] [120]
[121] [122])
(/home/ubot/.TinyTeX/texmf-dist/fonts/source/jknappen/ec/exrdigit.mf
 Ok [48] [49] [50] [51] [52] [53] [54] [55] [56] [57])
(/home/ubot/.TinyTeX/texmf-dist/fonts/source/jknappen/ec/exrligtb.mf
 Ok) ) ) )
(some charht values had to be adjusted by as much as 0.07431pt)
Font metrics written on ecss1440.tfm.
Output written on ecss1440.600gf (256 characters, 63360 bytes).
Transcript written on ecss1440.log.
mktexpk: /home/ubot/.TinyTeX/texmf-var/fonts/pk/ljfour/jknappen/ec/ecss1440.600pk: successfully generated.
 </home/ubot/.TinyTe
X/texmf-var/fonts/pk/ljfour/jknappen/ec/ecss1440.600pk>{/home/ubot/.TinyTeX/tex
mf-dist/fonts/enc/dvips/inconsolata/i4-t1-0.enc}
kpathsea: Running mktexpk --mfmode / --bdpi 600 --mag 1+0/600 --dpi 600 ecrm1000
mktexpk: Running mf-nowin -progname=mf \mode:=ljfour; mag:=1+0/600; nonstopmode; input ecrm1000
This is METAFONT, Version 2.7182818 (TeX Live 2020) (preloaded base=mf)

(/home/ubot/.TinyTeX/texmf-dist/fonts/source/jknappen/ec/ecrm1000.mf
(/home/ubot/.TinyTeX/texmf-dist/fonts/source/jknappen/ec/exbase.mf)
(/home/ubot/.TinyTeX/texmf-dist/fonts/source/jknappen/ec/ecrm.mf
(/home/ubot/.TinyTeX/texmf-dist/fonts/source/jknappen/ec/exroman.mf
 Ok (/home/ubot/.TinyTeX/texmf-dist/fonts/source/jknappen/ec/exaccess.mf
 Ok) (/home/ubot/.TinyTeX/texmf-dist/fonts/source/jknappen/ec/expseudo.mf
 Ok) (/home/ubot/.TinyTeX/texmf-dist/fonts/source/jknappen/ec/exruwest.mf
 Ok [192] [193] [194] [195] [196] [197] [198] [199] [200] [201] [202] [203]
[204] [205] [206] [207] [208] [209] [210] [211] [212] [213] [214] [215]
[216] [217] [218] [219] [220] [221] [222] [223])
(/home/ubot/.TinyTeX/texmf-dist/fonts/source/jknappen/ec/exrlwest.mf
 Ok [224] [225] [226] [227] [228] [229] [230] [231] [232] [233] [234] [235]
[236] [237] [238] [239] [240] [241] [242] [243] [244] [245] [246] [247]
[248] [249] [250] [251] [252] [253] [254] [255])
(/home/ubot/.TinyTeX/texmf-dist/fonts/source/jknappen/ec/exrueast.mf
 Ok [128] [129] [130] [131] [132] [133] [134] [135] [136] [137] [138] [139]
[140] [141] [142] [143] [144] [145] [146] [147] [148] [149] [150] [151]
[152] [153] [154] [155] [156] [157])
(/home/ubot/.TinyTeX/texmf-dist/fonts/source/jknappen/ec/exrleast.mf
 Ok [158] [160] [161] [162] [163] [164] [165] [166] [167] [168] [169] [170]
[171] [172] [173] [174] [175] [176] [177] [178] [179] [180] [181] [182]
[183] [184] [185] [186] [187] [188])
(/home/ubot/.TinyTeX/texmf-dist/fonts/source/jknappen/ec/exbraces.mf
 Ok [94] [126] [23] [40] [41] [60] [124] [62] [91] [93] [92] [123] [125]
[95] [127] [32])
(/home/ubot/.TinyTeX/texmf-dist/fonts/source/jknappen/ec/expunct.mf
 Ok [14] [15] [19] [20] [13] [18] [33] [39] [42] [43] [44] [46] [47] [58]
[59] [61] [96] [189] [17] [45] [16] [21] [22])
(/home/ubot/.TinyTeX/texmf-dist/fonts/source/jknappen/ec/exaccent.mf
 Ok [0] [1] [2] [3] [4] [5] [6] [7] [8] [9] [10] [11] [12])
(/home/ubot/.TinyTeX/texmf-dist/fonts/source/jknappen/ec/exsign.mf
 Ok [24] [34] [35] [36] [37] [64] [191] [159])
(/home/ubot/.TinyTeX/texmf-dist/fonts/source/jknappen/ec/exrlig.mf
 Ok [25] [26] [28] [27] [29] [30] [31])
(/home/ubot/.TinyTeX/texmf-dist/fonts/source/jknappen/ec/exromp.mf
 Ok [38] [63] [190])
(/home/ubot/.TinyTeX/texmf-dist/fonts/source/jknappen/ec/exrulett.mf
 Ok [65] [66] [67] [68] [69] [70] [71] [72] [73] [74] [75] [76] [77] [78]
[79] [80] [81] [82] [83] [84] [85] [86] [87] [88] [89] [90])
(/home/ubot/.TinyTeX/texmf-dist/fonts/source/jknappen/ec/exrllett.mf
 Ok [97] [98] [99] [100] [101] [102] [103] [104] [105] [106] [107] [108]
[109] [110] [111] [112] [113] [114] [115] [116] [117] [118] [119] [120]
[121] [122])
(/home/ubot/.TinyTeX/texmf-dist/fonts/source/jknappen/ec/exrdigit.mf
 Ok [48] [49] [50] [51] [52] [53] [54] [55] [56] [57])
(/home/ubot/.TinyTeX/texmf-dist/fonts/source/jknappen/ec/exrligtb.mf
 Ok) ) ) )
(some charht values had to be adjusted by as much as 0.06586pt)
Font metrics written on ecrm1000.tfm.
Output written on ecrm1000.600gf (256 characters, 51184 bytes).
Transcript written on ecrm1000.log.
mktexpk: /home/ubot/.TinyTeX/texmf-var/fonts/pk/ljfour/jknappen/ec/ecrm1000.600pk: successfully generated.
 </home/ubot/.TinyTeX/texmf-var
/fonts/pk/ljfour/jknappen/ec/ecrm1000.600pk>
kpathsea: Running mktexpk --mfmode / --bdpi 600 --mag 1+0/600 --dpi 600 ecbx1000
mktexpk: Running mf-nowin -progname=mf \mode:=ljfour; mag:=1+0/600; nonstopmode; input ecbx1000
This is METAFONT, Version 2.7182818 (TeX Live 2020) (preloaded base=mf)

(/home/ubot/.TinyTeX/texmf-dist/fonts/source/jknappen/ec/ecbx1000.mf
(/home/ubot/.TinyTeX/texmf-dist/fonts/source/jknappen/ec/exbase.mf)
(/home/ubot/.TinyTeX/texmf-dist/fonts/source/jknappen/ec/ecbx.mf
(/home/ubot/.TinyTeX/texmf-dist/fonts/source/jknappen/ec/exroman.mf
 Ok (/home/ubot/.TinyTeX/texmf-dist/fonts/source/jknappen/ec/exaccess.mf
 Ok) (/home/ubot/.TinyTeX/texmf-dist/fonts/source/jknappen/ec/expseudo.mf
 Ok) (/home/ubot/.TinyTeX/texmf-dist/fonts/source/jknappen/ec/exruwest.mf
 Ok [192] [193] [194] [195] [196] [197] [198] [199] [200] [201] [202] [203]
[204] [205] [206] [207] [208] [209] [210] [211] [212] [213] [214] [215]
[216] [217] [218] [219] [220] [221] [222] [223])
(/home/ubot/.TinyTeX/texmf-dist/fonts/source/jknappen/ec/exrlwest.mf
 Ok [224] [225] [226] [227] [228] [229] [230] [231] [232] [233] [234] [235]
[236] [237] [238] [239] [240] [241] [242] [243] [244] [245] [246] [247]
[248] [249] [250] [251] [252] [253] [254] [255])
(/home/ubot/.TinyTeX/texmf-dist/fonts/source/jknappen/ec/exrueast.mf
 Ok [128] [129] [130] [131] [132] [133] [134] [135] [136] [137] [138] [139]
[140] [141] [142] [143] [144] [145] [146] [147] [148] [149] [150] [151]
[152] [153] [154] [155] [156] [157])
(/home/ubot/.TinyTeX/texmf-dist/fonts/source/jknappen/ec/exrleast.mf
 Ok [158] [160] [161] [162] [163] [164] [165] [166] [167] [168] [169] [170]
[171] [172] [173] [174] [175] [176] [177] [178] [179] [180] [181] [182]
[183] [184] [185] [186] [187] [188])
(/home/ubot/.TinyTeX/texmf-dist/fonts/source/jknappen/ec/exbraces.mf
 Ok [94] [126] [23] [40] [41] [60] [124] [62] [91] [93] [92] [123] [125]
[95] [127] [32])
(/home/ubot/.TinyTeX/texmf-dist/fonts/source/jknappen/ec/expunct.mf
 Ok [14] [15] [19] [20] [13] [18] [33] [39] [42] [43] [44] [46] [47] [58]
[59] [61] [96] [189] [17] [45] [16] [21] [22])
(/home/ubot/.TinyTeX/texmf-dist/fonts/source/jknappen/ec/exaccent.mf
 Ok [0] [1] [2] [3] [4] [5] [6] [7] [8] [9] [10] [11] [12])
(/home/ubot/.TinyTeX/texmf-dist/fonts/source/jknappen/ec/exsign.mf
 Ok [24] [34] [35] [36] [37] [64] [191] [159])
(/home/ubot/.TinyTeX/texmf-dist/fonts/source/jknappen/ec/exrlig.mf
 Ok [25] [26] [28] [27] [29] [30] [31])
(/home/ubot/.TinyTeX/texmf-dist/fonts/source/jknappen/ec/exromp.mf
 Ok [38] [63] [190])
(/home/ubot/.TinyTeX/texmf-dist/fonts/source/jknappen/ec/exrulett.mf
 Ok [65] [66] [67] [68] [69] [70] [71] [72] [73] [74] [75] [76] [77] [78]
[79] [80] [81] [82] [83] [84] [85] [86] [87] [88] [89] [90])
(/home/ubot/.TinyTeX/texmf-dist/fonts/source/jknappen/ec/exrllett.mf
 Ok [97] [98] [99] [100] [101] [102] [103] [104] [105] [106] [107] [108]
[109] [110] [111] [112] [113] [114] [115] [116] [117] [118] [119] [120]
[121] [122])
(/home/ubot/.TinyTeX/texmf-dist/fonts/source/jknappen/ec/exrdigit.mf
 Ok [48] [49] [50] [51] [52] [53] [54] [55] [56] [57])
(/home/ubot/.TinyTeX/texmf-dist/fonts/source/jknappen/ec/exrligtb.mf
 Ok) ) ) )
Font metrics written on ecbx1000.tfm.
Output written on ecbx1000.600gf (256 characters, 49864 bytes).
Transcript written on ecbx1000.log.
mktexpk: /home/ubot/.TinyTeX/texmf-var/fonts/pk/ljfour/jknappen/ec/ecbx1000.600pk: successfully generated.
 </home/ubot/.TinyTeX/texmf-var/fon
ts/pk/ljfour/jknappen/ec/ecbx1000.600pk>
kpathsea: Running mktexpk --mfmode / --bdpi 600 --mag 1+0/600 --dpi 600 ecrm1200
mktexpk: Running mf-nowin -progname=mf \mode:=ljfour; mag:=1+0/600; nonstopmode; input ecrm1200
This is METAFONT, Version 2.7182818 (TeX Live 2020) (preloaded base=mf)

(/home/ubot/.TinyTeX/texmf-dist/fonts/source/jknappen/ec/ecrm1200.mf
(/home/ubot/.TinyTeX/texmf-dist/fonts/source/jknappen/ec/exbase.mf)
(/home/ubot/.TinyTeX/texmf-dist/fonts/source/jknappen/ec/ecrm.mf
(/home/ubot/.TinyTeX/texmf-dist/fonts/source/jknappen/ec/exroman.mf
 Ok (/home/ubot/.TinyTeX/texmf-dist/fonts/source/jknappen/ec/exaccess.mf
 Ok) (/home/ubot/.TinyTeX/texmf-dist/fonts/source/jknappen/ec/expseudo.mf
 Ok) (/home/ubot/.TinyTeX/texmf-dist/fonts/source/jknappen/ec/exruwest.mf
 Ok [192] [193] [194] [195] [196] [197] [198] [199] [200] [201] [202] [203]
[204] [205] [206] [207] [208] [209] [210] [211] [212] [213] [214] [215]
[216] [217] [218] [219] [220] [221] [222] [223])
(/home/ubot/.TinyTeX/texmf-dist/fonts/source/jknappen/ec/exrlwest.mf
 Ok [224] [225] [226] [227] [228] [229] [230] [231] [232] [233] [234] [235]
[236] [237] [238] [239] [240] [241] [242] [243] [244] [245] [246] [247]
[248] [249] [250] [251] [252] [253] [254] [255])
(/home/ubot/.TinyTeX/texmf-dist/fonts/source/jknappen/ec/exrueast.mf
 Ok [128] [129] [130] [131] [132] [133] [134] [135] [136] [137] [138] [139]
[140] [141] [142] [143] [144] [145] [146] [147] [148] [149] [150] [151]
[152] [153] [154] [155] [156] [157])
(/home/ubot/.TinyTeX/texmf-dist/fonts/source/jknappen/ec/exrleast.mf
 Ok [158] [160] [161] [162] [163] [164] [165] [166] [167] [168] [169] [170]
[171] [172] [173] [174] [175] [176] [177] [178] [179] [180] [181] [182]
[183] [184] [185] [186] [187] [188])
(/home/ubot/.TinyTeX/texmf-dist/fonts/source/jknappen/ec/exbraces.mf
 Ok [94] [126] [23] [40] [41] [60] [124] [62] [91] [93] [92] [123] [125]
[95] [127] [32])
(/home/ubot/.TinyTeX/texmf-dist/fonts/source/jknappen/ec/expunct.mf
 Ok [14] [15] [19] [20] [13] [18] [33] [39] [42] [43] [44] [46] [47] [58]
[59] [61] [96] [189] [17] [45] [16] [21] [22])
(/home/ubot/.TinyTeX/texmf-dist/fonts/source/jknappen/ec/exaccent.mf
 Ok [0] [1] [2] [3] [4] [5] [6] [7] [8] [9] [10] [11] [12])
(/home/ubot/.TinyTeX/texmf-dist/fonts/source/jknappen/ec/exsign.mf
 Ok [24] [34] [35] [36] [37] [64] [191] [159])
(/home/ubot/.TinyTeX/texmf-dist/fonts/source/jknappen/ec/exrlig.mf
 Ok [25] [26] [28] [27] [29] [30] [31])
(/home/ubot/.TinyTeX/texmf-dist/fonts/source/jknappen/ec/exromp.mf
 Ok [38] [63] [190])
(/home/ubot/.TinyTeX/texmf-dist/fonts/source/jknappen/ec/exrulett.mf
 Ok [65] [66] [67] [68] [69] [70] [71] [72] [73] [74] [75] [76] [77] [78]
[79] [80] [81] [82] [83] [84] [85] [86] [87] [88] [89] [90])
(/home/ubot/.TinyTeX/texmf-dist/fonts/source/jknappen/ec/exrllett.mf
 Ok [97] [98] [99] [100] [101] [102] [103] [104] [105] [106] [107] [108]
[109] [110] [111] [112] [113] [114] [115] [116] [117] [118] [119] [120]
[121] [122])
(/home/ubot/.TinyTeX/texmf-dist/fonts/source/jknappen/ec/exrdigit.mf
 Ok [48] [49] [50] [51] [52] [53] [54] [55] [56] [57])
(/home/ubot/.TinyTeX/texmf-dist/fonts/source/jknappen/ec/exrligtb.mf
 Ok) ) ) )
(some charht values had to be adjusted by as much as 0.07143pt)
Font metrics written on ecrm1200.tfm.
Output written on ecrm1200.600gf (256 characters, 60320 bytes).
Transcript written on ecrm1200.log.
mktexpk: /home/ubot/.TinyTeX/texmf-var/fonts/pk/ljfour/jknappen/ec/ecrm1200.600pk: successfully generated.
 </home/ubot/.TinyTeX/texmf-var/fonts/p
k/ljfour/jknappen/ec/ecrm1200.600pk>
kpathsea: Running mktexpk --mfmode / --bdpi 600 --mag 1+0/600 --dpi 600 ecbx2074
mktexpk: Running mf-nowin -progname=mf \mode:=ljfour; mag:=1+0/600; nonstopmode; input ecbx2074
This is METAFONT, Version 2.7182818 (TeX Live 2020) (preloaded base=mf)

(/home/ubot/.TinyTeX/texmf-dist/fonts/source/jknappen/ec/ecbx2074.mf
(/home/ubot/.TinyTeX/texmf-dist/fonts/source/jknappen/ec/exbase.mf)
(/home/ubot/.TinyTeX/texmf-dist/fonts/source/jknappen/ec/ecbx.mf
(/home/ubot/.TinyTeX/texmf-dist/fonts/source/jknappen/ec/exroman.mf
 Ok (/home/ubot/.TinyTeX/texmf-dist/fonts/source/jknappen/ec/exaccess.mf
 Ok) (/home/ubot/.TinyTeX/texmf-dist/fonts/source/jknappen/ec/expseudo.mf
 Ok) (/home/ubot/.TinyTeX/texmf-dist/fonts/source/jknappen/ec/exruwest.mf
 Ok [192] [193] [194] [195] [196] [197] [198] [199] [200] [201] [202] [203]
[204] [205] [206] [207] [208] [209] [210] [211] [212] [213] [214] [215]
[216] [217] [218] [219] [220] [221] [222] [223])
(/home/ubot/.TinyTeX/texmf-dist/fonts/source/jknappen/ec/exrlwest.mf
 Ok [224] [225] [226] [227] [228] [229] [230] [231] [232] [233] [234] [235]
[236] [237] [238] [239] [240] [241] [242] [243] [244] [245] [246] [247]
[248] [249] [250] [251] [252] [253] [254] [255])
(/home/ubot/.TinyTeX/texmf-dist/fonts/source/jknappen/ec/exrueast.mf
 Ok [128] [129] [130] [131] [132] [133] [134] [135] [136] [137] [138] [139]
[140] [141] [142] [143] [144] [145] [146] [147] [148] [149] [150] [151]
[152] [153] [154] [155] [156] [157])
(/home/ubot/.TinyTeX/texmf-dist/fonts/source/jknappen/ec/exrleast.mf
 Ok [158] [160] [161] [162] [163] [164] [165] [166] [167] [168] [169] [170]
[171] [172] [173] [174] [175] [176] [177] [178] [179] [180] [181] [182]
[183] [184] [185] [186] [187] [188])
(/home/ubot/.TinyTeX/texmf-dist/fonts/source/jknappen/ec/exbraces.mf
 Ok [94] [126] [23] [40] [41] [60] [124] [62] [91] [93] [92] [123] [125]
[95] [127] [32])
(/home/ubot/.TinyTeX/texmf-dist/fonts/source/jknappen/ec/expunct.mf
 Ok [14] [15] [19] [20] [13] [18] [33] [39] [42] [43] [44] [46] [47] [58]
[59] [61] [96] [189] [17] [45] [16] [21] [22])
(/home/ubot/.TinyTeX/texmf-dist/fonts/source/jknappen/ec/exaccent.mf
 Ok [0] [1] [2] [3] [4] [5] [6] [7] [8] [9] [10] [11] [12])
(/home/ubot/.TinyTeX/texmf-dist/fonts/source/jknappen/ec/exsign.mf
 Ok [24] [34] [35] [36] [37] [64] [191] [159])
(/home/ubot/.TinyTeX/texmf-dist/fonts/source/jknappen/ec/exrlig.mf
 Ok [25] [26] [28] [27] [29] [30] [31])
(/home/ubot/.TinyTeX/texmf-dist/fonts/source/jknappen/ec/exromp.mf
 Ok [38] [63] [190])
(/home/ubot/.TinyTeX/texmf-dist/fonts/source/jknappen/ec/exrulett.mf
 Ok [65] [66] [67] [68] [69] [70] [71] [72] [73] [74] [75] [76] [77] [78]
[79] [80] [81] [82] [83] [84] [85] [86] [87] [88] [89] [90])
(/home/ubot/.TinyTeX/texmf-dist/fonts/source/jknappen/ec/exrllett.mf
 Ok [97] [98] [99] [100] [101] [102] [103] [104] [105] [106] [107] [108]
[109] [110] [111] [112] [113] [114] [115] [116] [117] [118] [119] [120]
[121] [122])
(/home/ubot/.TinyTeX/texmf-dist/fonts/source/jknappen/ec/exrdigit.mf
 Ok [48] [49] [50] [51] [52] [53] [54] [55] [56] [57])
(/home/ubot/.TinyTeX/texmf-dist/fonts/source/jknappen/ec/exrligtb.mf
 Ok) ) ) )
(some charht values had to be adjusted by as much as 0.1584pt)
Font metrics written on ecbx2074.tfm.
Output written on ecbx2074.600gf (256 characters, 102412 bytes).
Transcript written on ecbx2074.log.
mktexpk: /home/ubot/.TinyTeX/texmf-var/fonts/pk/ljfour/jknappen/ec/ecbx2074.600pk: successfully generated.
 </home/ubot/.TinyTeX/texmf-var/fonts/pk/lj
four/jknappen/ec/ecbx2074.600pk></home/ubot/.TinyTeX/texmf-dist/fonts/type1/pub
lic/inconsolata/Inconsolata-zi4r.pfb>
Output written on Rd2.pdf (2 pages, 82085 bytes).
Transcript written on Rd2.log.
This is makeindex, version 2.15 [TeX Live 2022/dev] (kpathsea + Thai support).
Scanning input file Rd2.idx....done (9 entries accepted, 0 rejected).
Sorting entries....done (30 comparisons).
Generating output file Rd2.ind....done (31 lines written, 0 warnings).
Output written in Rd2.ind.
Transcript written in Rd2.ilg.
This is pdfTeX, Version 3.14159265-2.6-1.40.21 (TeX Live 2020) (preloaded format=pdflatex)
 restricted \write18 enabled.
entering extended mode
(./Rd2.tex
LaTeX2e <2020-10-01> patch level 4
L3 programming layer <2021-02-18>
(/home/ubot/.TinyTeX/texmf-dist/tex/latex/base/book.cls
Document Class: book 2020/04/10 v1.4m Standard LaTeX document class
(/home/ubot/.TinyTeX/texmf-dist/tex/latex/base/bk10.clo))
(/usr/share/R/share/texmf/tex/latex/Rd.sty
(/home/ubot/.TinyTeX/texmf-dist/tex/latex/base/ifthen.sty)
(/home/ubot/.TinyTeX/texmf-dist/tex/latex/tools/longtable.sty)
(/home/ubot/.TinyTeX/texmf-dist/tex/latex/tools/bm.sty)
(/home/ubot/.TinyTeX/texmf-dist/tex/latex/base/alltt.sty)
(/home/ubot/.TinyTeX/texmf-dist/tex/latex/tools/verbatim.sty)
(/home/ubot/.TinyTeX/texmf-dist/tex/latex/url/url.sty)
(/home/ubot/.TinyTeX/texmf-dist/tex/latex/base/textcomp.sty)
(/home/ubot/.TinyTeX/texmf-dist/tex/generic/iftex/iftex.sty)
(/home/ubot/.TinyTeX/texmf-dist/tex/latex/base/fontenc.sty)
(/home/ubot/.TinyTeX/texmf-dist/tex/latex/inconsolata/zi4.sty
`inconsolata-zi4' v1.12, 2019/05/17 Text macros for Inconsolata (msharpe)
(/home/ubot/.TinyTeX/texmf-dist/tex/latex/xkeyval/xkeyval.sty
(/home/ubot/.TinyTeX/texmf-dist/tex/generic/xkeyval/xkeyval.tex
(/home/ubot/.TinyTeX/texmf-dist/tex/generic/xkeyval/xkvutils.tex
(/home/ubot/.TinyTeX/texmf-dist/tex/generic/xkeyval/keyval.tex)))))
(/home/ubot/.TinyTeX/texmf-dist/tex/latex/graphics/color.sty
(/home/ubot/.TinyTeX/texmf-dist/tex/latex/graphics-cfg/color.cfg)
(/home/ubot/.TinyTeX/texmf-dist/tex/latex/graphics-def/pdftex.def))
(/home/ubot/.TinyTeX/texmf-dist/tex/latex/hyperref/hyperref.sty
(/home/ubot/.TinyTeX/texmf-dist/tex/generic/ltxcmds/ltxcmds.sty)
(/home/ubot/.TinyTeX/texmf-dist/tex/generic/pdftexcmds/pdftexcmds.sty
(/home/ubot/.TinyTeX/texmf-dist/tex/generic/infwarerr/infwarerr.sty))
(/home/ubot/.TinyTeX/texmf-dist/tex/generic/kvsetkeys/kvsetkeys.sty)
(/home/ubot/.TinyTeX/texmf-dist/tex/generic/kvdefinekeys/kvdefinekeys.sty)
(/home/ubot/.TinyTeX/texmf-dist/tex/generic/pdfescape/pdfescape.sty)
(/home/ubot/.TinyTeX/texmf-dist/tex/latex/hycolor/hycolor.sty)
(/home/ubot/.TinyTeX/texmf-dist/tex/latex/letltxmacro/letltxmacro.sty)
(/home/ubot/.TinyTeX/texmf-dist/tex/latex/auxhook/auxhook.sty)
(/home/ubot/.TinyTeX/texmf-dist/tex/latex/kvoptions/kvoptions.sty)
(/home/ubot/.TinyTeX/texmf-dist/tex/latex/hyperref/pd1enc.def)
(/home/ubot/.TinyTeX/texmf-dist/tex/latex/hyperref/hyperref-langpatches.def)
(/home/ubot/.TinyTeX/texmf-dist/tex/generic/intcalc/intcalc.sty)
(/home/ubot/.TinyTeX/texmf-dist/tex/generic/etexcmds/etexcmds.sty)
(/home/ubot/.TinyTeX/texmf-dist/tex/latex/hyperref/puenc.def)
(/home/ubot/.TinyTeX/texmf-dist/tex/generic/bitset/bitset.sty
(/home/ubot/.TinyTeX/texmf-dist/tex/generic/bigintcalc/bigintcalc.sty))
(/home/ubot/.TinyTeX/texmf-dist/tex/latex/base/atbegshi-ltx.sty))
(/home/ubot/.TinyTeX/texmf-dist/tex/latex/hyperref/hpdftex.def
(/home/ubot/.TinyTeX/texmf-dist/tex/latex/base/atveryend-ltx.sty)
(/home/ubot/.TinyTeX/texmf-dist/tex/latex/rerunfilecheck/rerunfilecheck.sty
(/home/ubot/.TinyTeX/texmf-dist/tex/generic/uniquecounter/uniquecounter.sty)))

Package hyperref Warning: Option `hyperindex' has already been used,
(hyperref)                setting the option has no effect on input line 388.


Package hyperref Warning: Option `pagebackref' has already been used,
(hyperref)                setting the option has no effect on input line 388.

) (/home/ubot/.TinyTeX/texmf-dist/tex/latex/base/makeidx.sty)
(/home/ubot/.TinyTeX/texmf-dist/tex/latex/base/inputenc.sty)
Writing index file Rd2.idx
(/home/ubot/.TinyTeX/texmf-dist/tex/latex/l3backend/l3backend-pdftex.def)
(./Rd2.aux) (/home/ubot/.TinyTeX/texmf-dist/tex/latex/hyperref/nameref.sty
(/home/ubot/.TinyTeX/texmf-dist/tex/latex/refcount/refcount.sty)
(/home/ubot/.TinyTeX/texmf-dist/tex/generic/gettitlestring/gettitlestring.sty))
(./Rd2.out) (./Rd2.out)
(/home/ubot/.TinyTeX/texmf-dist/tex/latex/inconsolata/t1zi4.fd)
(/home/ubot/.TinyTeX/texmf-dist/tex/latex/base/t1cmss.fd) (./Rd2.toc)
Underfull \hbox (badness 10000) in paragraph at lines 37--37
[]\T1/cmr/m/it/10 Full genome of Pseu-domonas aerug-i-nosa PAO1 (g-
[1{/home/ubot/.TinyTeX/texmf-var/fonts/map/pdftex/updmap/pdftex.map}]
(./Rd2.ind [2]
Overfull \hbox (3.6338pt too wide) in paragraph at lines 4--6
[]| \T1/zi4/m/n/10 BSgenome.Paeruginosa.NCBI.ASM676v1\T1/cmr/m/n/10 , 

Overfull \hbox (3.6338pt too wide) in paragraph at lines 7--9
[]| \T1/zi4/m/n/10 BSgenome.Paeruginosa.NCBI.ASM676v1\T1/cmr/m/n/10 , 

LaTeX Font Warning: Font shape `T1/zi4/m/it' undefined
(Font)              using `T1/zi4/m/n' instead on input line 18.


Overfull \hbox (20.8567pt too wide) in paragraph at lines 18--20
[]\T1/zi4/m/n/10 BSgenome.Paeruginosa.NCBI.ASM676v1-package 

Overfull \hbox (33.4286pt too wide) in paragraph at lines 18--20
\T1/cmr/m/it/10 (\T1/zi4/m/n/10 BSgenome.Paeruginosa.NCBI.ASM676v1\T1/cmr/m/it/
10 )\T1/cmr/m/n/10 , 

Overfull \hbox (33.4286pt too wide) in paragraph at lines 28--30
\T1/cmr/m/it/10 (\T1/zi4/m/it/10 BSgenome.Paeruginosa.NCBI.ASM676v1\T1/cmr/m/it
/10 )\T1/cmr/m/n/10 , 
[3]) (./Rd2.aux)
kpathsea: Running mktexpk --mfmode / --bdpi 600 --mag 1+0/600 --dpi 600 ecbx2488
mktexpk: Running mf-nowin -progname=mf \mode:=ljfour; mag:=1+0/600; nonstopmode; input ecbx2488
This is METAFONT, Version 2.7182818 (TeX Live 2020) (preloaded base=mf)

(/home/ubot/.TinyTeX/texmf-dist/fonts/source/jknappen/ec/ecbx2488.mf
(/home/ubot/.TinyTeX/texmf-dist/fonts/source/jknappen/ec/exbase.mf)
(/home/ubot/.TinyTeX/texmf-dist/fonts/source/jknappen/ec/ecbx.mf
(/home/ubot/.TinyTeX/texmf-dist/fonts/source/jknappen/ec/exroman.mf
 Ok (/home/ubot/.TinyTeX/texmf-dist/fonts/source/jknappen/ec/exaccess.mf
 Ok) (/home/ubot/.TinyTeX/texmf-dist/fonts/source/jknappen/ec/expseudo.mf
 Ok) (/home/ubot/.TinyTeX/texmf-dist/fonts/source/jknappen/ec/exruwest.mf
 Ok [192] [193] [194] [195] [196] [197] [198] [199] [200] [201] [202] [203]
[204] [205] [206] [207] [208] [209] [210] [211] [212] [213] [214] [215]
[216] [217] [218] [219] [220] [221] [222] [223])
(/home/ubot/.TinyTeX/texmf-dist/fonts/source/jknappen/ec/exrlwest.mf
 Ok [224] [225] [226] [227] [228] [229] [230] [231] [232] [233] [234] [235]
[236] [237] [238] [239] [240] [241] [242] [243] [244] [245] [246] [247]
[248] [249] [250] [251] [252] [253] [254] [255])
(/home/ubot/.TinyTeX/texmf-dist/fonts/source/jknappen/ec/exrueast.mf
 Ok [128] [129] [130] [131] [132] [133] [134] [135] [136] [137] [138] [139]
[140] [141] [142] [143] [144] [145] [146] [147] [148] [149] [150] [151]
[152] [153] [154] [155] [156] [157])
(/home/ubot/.TinyTeX/texmf-dist/fonts/source/jknappen/ec/exrleast.mf
 Ok [158] [160] [161] [162] [163] [164] [165] [166] [167] [168] [169] [170]
[171] [172] [173] [174] [175] [176] [177] [178] [179] [180] [181] [182]
[183] [184] [185] [186] [187] [188])
(/home/ubot/.TinyTeX/texmf-dist/fonts/source/jknappen/ec/exbraces.mf
 Ok [94] [126] [23] [40] [41] [60] [124] [62] [91] [93] [92] [123] [125]
[95] [127] [32])
(/home/ubot/.TinyTeX/texmf-dist/fonts/source/jknappen/ec/expunct.mf
 Ok [14] [15] [19] [20] [13] [18] [33] [39] [42] [43] [44] [46] [47] [58]
[59] [61] [96] [189] [17] [45] [16] [21] [22])
(/home/ubot/.TinyTeX/texmf-dist/fonts/source/jknappen/ec/exaccent.mf
 Ok [0] [1] [2] [3] [4] [5] [6] [7] [8] [9] [10] [11] [12])
(/home/ubot/.TinyTeX/texmf-dist/fonts/source/jknappen/ec/exsign.mf
 Ok [24] [34] [35] [36] [37] [64] [191] [159])
(/home/ubot/.TinyTeX/texmf-dist/fonts/source/jknappen/ec/exrlig.mf
 Ok [25] [26] [28] [27] [29] [30] [31])
(/home/ubot/.TinyTeX/texmf-dist/fonts/source/jknappen/ec/exromp.mf
 Ok [38] [63] [190])
(/home/ubot/.TinyTeX/texmf-dist/fonts/source/jknappen/ec/exrulett.mf
 Ok [65] [66] [67] [68] [69] [70] [71] [72] [73] [74] [75] [76] [77] [78]
[79] [80] [81] [82] [83] [84] [85] [86] [87] [88] [89] [90])
(/home/ubot/.TinyTeX/texmf-dist/fonts/source/jknappen/ec/exrllett.mf
 Ok [97] [98] [99] [100] [101] [102] [103] [104] [105] [106] [107] [108]
[109] [110] [111] [112] [113] [114] [115] [116] [117] [118] [119] [120]
[121] [122])
(/home/ubot/.TinyTeX/texmf-dist/fonts/source/jknappen/ec/exrdigit.mf
 Ok [48] [49] [50] [51] [52] [53] [54] [55] [56] [57])
(/home/ubot/.TinyTeX/texmf-dist/fonts/source/jknappen/ec/exrligtb.mf
 Ok) ) ) )
(some charht values had to be adjusted by as much as 0.13768pt)
Font metrics written on ecbx2488.tfm.
Output written on ecbx2488.600gf (256 characters, 124660 bytes).
Transcript written on ecbx2488.log.
mktexpk: /home/ubot/.TinyTeX/texmf-var/fonts/pk/ljfour/jknappen/ec/ecbx2488.600pk: successfully generated.


LaTeX Font Warning: Some font shapes were not available, defaults substituted.


Package rerunfilecheck Warning: File `Rd2.out' has changed.
(rerunfilecheck)                Rerun to get outlines right
(rerunfilecheck)                or use package `bookmark'.

 )
(see the transcript file for additional information)pdfTeX warning (dest): name
{Rfn.DNAString} has been referenced but does not exist, replaced by a fixed one


pdfTeX warning (dest): name{Rfn.available.genomes} has been referenced but does
 not exist, replaced by a fixed one

pdfTeX warning (dest): name{Rfn.BSgenome} has been referenced but does not exis
t, replaced by a fixed one

pdfTeX warning (dest): name{Rfn.BSgenomeForge} has been referenced but does not
 exist, replaced by a fixed one

 </home/ubot/.TinyTeX/texmf-var/fonts/pk/ljfour/jknappen/ec/ecbx2488.600pk> </h
ome/ubot/.TinyTeX/texmf-var/fonts/pk/ljfour/jknappen/ec/tcrm1000.600pk> </home/
ubot/.TinyTeX/texmf-var/fonts/pk/ljfour/jknappen/ec/ecrb1000.600pk> </home/ubot
/.TinyTeX/texmf-var/fonts/pk/ljfour/jknappen/ec/ecti1000.600pk> </home/ubot/.Ti
nyTeX/texmf-var/fonts/pk/ljfour/jknappen/ec/ecsl1000.600pk> </home/ubot/.TinyTe
X/texmf-var/fonts/pk/ljfour/jknappen/ec/ecbx1440.600pk> </home/ubot/.TinyTeX/te
xmf-var/fonts/pk/ljfour/jknappen/ec/ecss1440.600pk>{/home/ubot/.TinyTeX/texmf-d
ist/fonts/enc/dvips/inconsolata/i4-t1-0.enc} </home/ubot/.TinyTeX/texmf-var/fon
ts/pk/ljfour/jknappen/ec/ecrm1000.600pk> </home/ubot/.TinyTeX/texmf-var/fonts/p
k/ljfour/jknappen/ec/ecbx1000.600pk> </home/ubot/.TinyTeX/texmf-var/fonts/pk/lj
four/jknappen/ec/ecrm1200.600pk> </home/ubot/.TinyTeX/texmf-var/fonts/pk/ljfour
/jknappen/ec/ecbx2074.600pk></home/ubot/.TinyTeX/texmf-dist/fonts/type1/public/
inconsolata/Inconsolata-zi4r.pfb></home/ubot/.TinyTeX/texmf-dist/fonts/type1/pu
blic/amsfonts/cm/cmsy10.pfb>
Output written on Rd2.pdf (3 pages, 93543 bytes).
Transcript written on Rd2.log.
This is makeindex, version 2.15 [TeX Live 2022/dev] (kpathsea + Thai support).
Scanning input file Rd2.idx....done (9 entries accepted, 0 rejected).
Sorting entries....done (30 comparisons).
Generating output file Rd2.ind....done (31 lines written, 0 warnings).
Output written in Rd2.ind.
Transcript written in Rd2.ilg.
This is pdfTeX, Version 3.14159265-2.6-1.40.21 (TeX Live 2020) (preloaded format=pdflatex)
 restricted \write18 enabled.
entering extended mode
(./Rd2.tex
LaTeX2e <2020-10-01> patch level 4
L3 programming layer <2021-02-18>
(/home/ubot/.TinyTeX/texmf-dist/tex/latex/base/book.cls
Document Class: book 2020/04/10 v1.4m Standard LaTeX document class
(/home/ubot/.TinyTeX/texmf-dist/tex/latex/base/bk10.clo))
(/usr/share/R/share/texmf/tex/latex/Rd.sty
(/home/ubot/.TinyTeX/texmf-dist/tex/latex/base/ifthen.sty)
(/home/ubot/.TinyTeX/texmf-dist/tex/latex/tools/longtable.sty)
(/home/ubot/.TinyTeX/texmf-dist/tex/latex/tools/bm.sty)
(/home/ubot/.TinyTeX/texmf-dist/tex/latex/base/alltt.sty)
(/home/ubot/.TinyTeX/texmf-dist/tex/latex/tools/verbatim.sty)
(/home/ubot/.TinyTeX/texmf-dist/tex/latex/url/url.sty)
(/home/ubot/.TinyTeX/texmf-dist/tex/latex/base/textcomp.sty)
(/home/ubot/.TinyTeX/texmf-dist/tex/generic/iftex/iftex.sty)
(/home/ubot/.TinyTeX/texmf-dist/tex/latex/base/fontenc.sty)
(/home/ubot/.TinyTeX/texmf-dist/tex/latex/inconsolata/zi4.sty
`inconsolata-zi4' v1.12, 2019/05/17 Text macros for Inconsolata (msharpe)
(/home/ubot/.TinyTeX/texmf-dist/tex/latex/xkeyval/xkeyval.sty
(/home/ubot/.TinyTeX/texmf-dist/tex/generic/xkeyval/xkeyval.tex
(/home/ubot/.TinyTeX/texmf-dist/tex/generic/xkeyval/xkvutils.tex
(/home/ubot/.TinyTeX/texmf-dist/tex/generic/xkeyval/keyval.tex)))))
(/home/ubot/.TinyTeX/texmf-dist/tex/latex/graphics/color.sty
(/home/ubot/.TinyTeX/texmf-dist/tex/latex/graphics-cfg/color.cfg)
(/home/ubot/.TinyTeX/texmf-dist/tex/latex/graphics-def/pdftex.def))
(/home/ubot/.TinyTeX/texmf-dist/tex/latex/hyperref/hyperref.sty
(/home/ubot/.TinyTeX/texmf-dist/tex/generic/ltxcmds/ltxcmds.sty)
(/home/ubot/.TinyTeX/texmf-dist/tex/generic/pdftexcmds/pdftexcmds.sty
(/home/ubot/.TinyTeX/texmf-dist/tex/generic/infwarerr/infwarerr.sty))
(/home/ubot/.TinyTeX/texmf-dist/tex/generic/kvsetkeys/kvsetkeys.sty)
(/home/ubot/.TinyTeX/texmf-dist/tex/generic/kvdefinekeys/kvdefinekeys.sty)
(/home/ubot/.TinyTeX/texmf-dist/tex/generic/pdfescape/pdfescape.sty)
(/home/ubot/.TinyTeX/texmf-dist/tex/latex/hycolor/hycolor.sty)
(/home/ubot/.TinyTeX/texmf-dist/tex/latex/letltxmacro/letltxmacro.sty)
(/home/ubot/.TinyTeX/texmf-dist/tex/latex/auxhook/auxhook.sty)
(/home/ubot/.TinyTeX/texmf-dist/tex/latex/kvoptions/kvoptions.sty)
(/home/ubot/.TinyTeX/texmf-dist/tex/latex/hyperref/pd1enc.def)
(/home/ubot/.TinyTeX/texmf-dist/tex/latex/hyperref/hyperref-langpatches.def)
(/home/ubot/.TinyTeX/texmf-dist/tex/generic/intcalc/intcalc.sty)
(/home/ubot/.TinyTeX/texmf-dist/tex/generic/etexcmds/etexcmds.sty)
(/home/ubot/.TinyTeX/texmf-dist/tex/latex/hyperref/puenc.def)
(/home/ubot/.TinyTeX/texmf-dist/tex/generic/bitset/bitset.sty
(/home/ubot/.TinyTeX/texmf-dist/tex/generic/bigintcalc/bigintcalc.sty))
(/home/ubot/.TinyTeX/texmf-dist/tex/latex/base/atbegshi-ltx.sty))
(/home/ubot/.TinyTeX/texmf-dist/tex/latex/hyperref/hpdftex.def
(/home/ubot/.TinyTeX/texmf-dist/tex/latex/base/atveryend-ltx.sty)
(/home/ubot/.TinyTeX/texmf-dist/tex/latex/rerunfilecheck/rerunfilecheck.sty
(/home/ubot/.TinyTeX/texmf-dist/tex/generic/uniquecounter/uniquecounter.sty)))

Package hyperref Warning: Option `hyperindex' has already been used,
(hyperref)                setting the option has no effect on input line 388.


Package hyperref Warning: Option `pagebackref' has already been used,
(hyperref)                setting the option has no effect on input line 388.

) (/home/ubot/.TinyTeX/texmf-dist/tex/latex/base/makeidx.sty)
(/home/ubot/.TinyTeX/texmf-dist/tex/latex/base/inputenc.sty)
Writing index file Rd2.idx
(/home/ubot/.TinyTeX/texmf-dist/tex/latex/l3backend/l3backend-pdftex.def)
(./Rd2.aux) (/home/ubot/.TinyTeX/texmf-dist/tex/latex/hyperref/nameref.sty
(/home/ubot/.TinyTeX/texmf-dist/tex/latex/refcount/refcount.sty)
(/home/ubot/.TinyTeX/texmf-dist/tex/generic/gettitlestring/gettitlestring.sty))
(./Rd2.out) (./Rd2.out)
(/home/ubot/.TinyTeX/texmf-dist/tex/latex/inconsolata/t1zi4.fd)
(/home/ubot/.TinyTeX/texmf-dist/tex/latex/base/t1cmss.fd) (./Rd2.toc)
Underfull \hbox (badness 10000) in paragraph at lines 37--37
[]\T1/cmr/m/it/10 Full genome of Pseu-domonas aerug-i-nosa PAO1 (g-
[1{/home/ubot/.TinyTeX/texmf-var/fonts/map/pdftex/updmap/pdftex.map}]
(./Rd2.ind [2]
Overfull \hbox (3.6338pt too wide) in paragraph at lines 4--6
[]| \T1/zi4/m/n/10 BSgenome.Paeruginosa.NCBI.ASM676v1\T1/cmr/m/n/10 , 

Overfull \hbox (3.6338pt too wide) in paragraph at lines 7--9
[]| \T1/zi4/m/n/10 BSgenome.Paeruginosa.NCBI.ASM676v1\T1/cmr/m/n/10 , 

LaTeX Font Warning: Font shape `T1/zi4/m/it' undefined
(Font)              using `T1/zi4/m/n' instead on input line 18.


Overfull \hbox (20.8567pt too wide) in paragraph at lines 18--20
[]\T1/zi4/m/n/10 BSgenome.Paeruginosa.NCBI.ASM676v1-package 

Overfull \hbox (33.4286pt too wide) in paragraph at lines 18--20
\T1/cmr/m/it/10 (\T1/zi4/m/n/10 BSgenome.Paeruginosa.NCBI.ASM676v1\T1/cmr/m/it/
10 )\T1/cmr/m/n/10 , 

Overfull \hbox (33.4286pt too wide) in paragraph at lines 28--30
\T1/cmr/m/it/10 (\T1/zi4/m/it/10 BSgenome.Paeruginosa.NCBI.ASM676v1\T1/cmr/m/it
/10 )\T1/cmr/m/n/10 , 
[3]) (./Rd2.aux)

LaTeX Font Warning: Some font shapes were not available, defaults substituted.

 )
(see the transcript file for additional information)pdfTeX warning (dest): name
{Rfn.DNAString} has been referenced but does not exist, replaced by a fixed one


pdfTeX warning (dest): name{Rfn.available.genomes} has been referenced but does
 not exist, replaced by a fixed one

pdfTeX warning (dest): name{Rfn.BSgenome} has been referenced but does not exis
t, replaced by a fixed one

pdfTeX warning (dest): name{Rfn.BSgenomeForge} has been referenced but does not
 exist, replaced by a fixed one

 </home/ubot/.TinyTeX/texmf-var/fonts/pk/ljfour/jknappen/ec/ecbx2488.600pk> </h
ome/ubot/.TinyTeX/texmf-var/fonts/pk/ljfour/jknappen/ec/tcrm1000.600pk> </home/
ubot/.TinyTeX/texmf-var/fonts/pk/ljfour/jknappen/ec/ecrb1000.600pk> </home/ubot
/.TinyTeX/texmf-var/fonts/pk/ljfour/jknappen/ec/ecti1000.600pk> </home/ubot/.Ti
nyTeX/texmf-var/fonts/pk/ljfour/jknappen/ec/ecsl1000.600pk> </home/ubot/.TinyTe
X/texmf-var/fonts/pk/ljfour/jknappen/ec/ecbx1440.600pk> </home/ubot/.TinyTeX/te
xmf-var/fonts/pk/ljfour/jknappen/ec/ecss1440.600pk>{/home/ubot/.TinyTeX/texmf-d
ist/fonts/enc/dvips/inconsolata/i4-t1-0.enc} </home/ubot/.TinyTeX/texmf-var/fon
ts/pk/ljfour/jknappen/ec/ecrm1000.600pk> </home/ubot/.TinyTeX/texmf-var/fonts/p
k/ljfour/jknappen/ec/ecbx1000.600pk> </home/ubot/.TinyTeX/texmf-var/fonts/pk/lj
four/jknappen/ec/ecrm1200.600pk> </home/ubot/.TinyTeX/texmf-var/fonts/pk/ljfour
/jknappen/ec/ecbx2074.600pk></home/ubot/.TinyTeX/texmf-dist/fonts/type1/public/
inconsolata/Inconsolata-zi4r.pfb></home/ubot/.TinyTeX/texmf-dist/fonts/type1/pu
blic/amsfonts/cm/cmsy10.pfb>
Output written on Rd2.pdf (3 pages, 94022 bytes).
Transcript written on Rd2.log.
Saving output to BSgenome.Paeruginosa.NCBI.ASM676v1-manual.pdf ...
Done
You may want to clean up by 'rm -Rf /tmp/Rtmpyx0dhr/Rd2pdf321530350cfb'
