Sequence                         		tRNA  	Bounds	tRNA	Anti	Intron Bounds	Cove	HMM	2'Str	      
Name                             	tRNA #	Begin 	End   	Type	Codon	Begin	End	Score	Score	Score	Note
--------                         	------	----- 	------	----	-----	-----	----	------	-----	-----	------
NODE_1_length_697890_cov_41.2568 	1	271655	271741	Leu	CAG	0	0	73.96	38.54	35.42	
NODE_1_length_697890_cov_41.2568 	2	271871	271957	Leu	CAG	0	0	73.96	38.54	35.42	
NODE_1_length_697890_cov_41.2568 	3	529621	529696	Phe	GAA	0	0	92.69	68.52	24.17	
NODE_1_length_697890_cov_41.2568 	4	541030	541105	Thr	TGT	0	0	93.66	75.64	18.02	
NODE_1_length_697890_cov_41.2568 	5	117309	117218	SeC	TCA	0	0	55.75	-18.51	74.26	
NODE_1_length_697890_cov_41.2568 	6	63002 	62917 	Leu	GAG	0	0	68.53	39.16	29.37	
NODE_1_length_697890_cov_41.2568 	7	62826 	62750 	Met	CAT	0	0	85.85	60.06	25.79	
NODE_2_length_605358_cov_37.4228 	1	478564	478640	Arg	TCT	0	0	96.39	77.88	18.51	
NODE_2_length_605358_cov_37.4228 	2	478692	478767	His	GTG	0	0	83.51	64.18	19.33	
NODE_2_length_605358_cov_37.4228 	3	478822	478906	Leu	TAG	0	0	76.62	44.97	31.65	
NODE_2_length_605358_cov_37.4228 	4	478973	479048	His	GTG	0	0	83.51	64.18	19.33	
NODE_2_length_605358_cov_37.4228 	5	490327	490403	Asp	GTC	0	0	95.34	76.86	18.48	
NODE_3_length_385899_cov_41.4623 	1	291819	291743	Met	CAT	0	0	92.87	71.40	21.47	
NODE_4_length_338853_cov_37.7168 	1	15030 	15105 	Ala	GGC	0	0	86.95	68.86	18.09	
NODE_4_length_338853_cov_37.7168 	2	15154 	15229 	Glu	TTC	0	0	66.40	38.20	28.20	
NODE_4_length_338853_cov_37.7168 	3	15323 	15398 	Ala	GGC	0	0	86.95	68.86	18.09	
NODE_4_length_338853_cov_37.7168 	4	15445 	15520 	Glu	TTC	0	0	66.40	38.20	28.20	
NODE_4_length_338853_cov_37.7168 	5	54436 	54511 	Val	TAC	0	0	94.49	73.68	20.81	
NODE_4_length_338853_cov_37.7168 	6	54528 	54604 	Asp	GTC	0	0	94.67	75.49	19.18	
NODE_4_length_338853_cov_37.7168 	7	54719 	54795 	Asp	GTC	0	0	94.67	75.49	19.18	
NODE_4_length_338853_cov_37.7168 	8	150018	149942	Pro	CGG	0	0	88.20	60.26	27.94	
NODE_4_length_338853_cov_37.7168 	9	6231  	6156  	Asn	GTT	0	0	91.73	62.08	29.65	
NODE_5_length_335241_cov_38.4657 	1	55137 	55213 	Met	CAT	0	0	85.06	58.55	26.51	
NODE_5_length_335241_cov_38.4657 	2	161250	161322	Leu	GAG	0	0	20.84	19.28	1.56	
NODE_5_length_335241_cov_38.4657 	3	265727	265800	Gly	CCC	0	0	60.35	30.06	30.29	
NODE_5_length_335241_cov_38.4657 	4	71681 	71591 	Ser	GCT	0	0	76.69	47.10	29.59	
NODE_5_length_335241_cov_38.4657 	5	71473 	71397 	Arg	ACG	0	0	83.50	58.05	25.45	
NODE_5_length_335241_cov_38.4657 	6	71285 	71209 	Arg	ACG	0	0	83.50	58.05	25.45	
NODE_5_length_335241_cov_38.4657 	7	2580  	2505  	Lys	TTT	0	0	95.07	71.82	23.25	
NODE_6_length_312492_cov_42.9733 	1	277883	277807	Arg	CCG	0	0	87.81	66.55	21.26	
NODE_8_length_222892_cov_36.0343 	1	166384	166473	Ser	TGA	0	0	72.70	38.95	33.75	
NODE_8_length_222892_cov_36.0343 	2	190764	190839	Gly	GCC	0	0	93.74	68.41	25.33	
NODE_8_length_222892_cov_36.0343 	3	197143	197216	Cys	GCA	0	0	62.38	45.73	16.65	
NODE_8_length_222892_cov_36.0343 	4	209766	209852	Leu	TAA	0	0	76.64	42.32	34.32	
NODE_10_length_214766_cov_39.2438	1	119285	119359	Arg	CCT	0	0	69.71	45.21	24.50	
NODE_12_length_185168_cov_41.0152	1	831   	745   	Leu	CAA	0	0	69.99	38.33	31.66	
NODE_13_length_180403_cov_38.0622	1	151729	151640	Ser	CGA	0	0	68.31	24.88	43.43	
NODE_16_length_167155_cov_37.4309	1	69515 	69440 	Thr	CGT	0	0	90.98	74.93	16.05	
NODE_20_length_123688_cov_36.9071	1	115720	115809	Ser	GGA	0	0	71.75	34.38	37.37	
NODE_20_length_123688_cov_36.9071	2	83224 	83149 	Glu	TTC	0	0	66.40	38.20	28.20	
NODE_20_length_123688_cov_36.9071	3	83146 	83071 	Gly	GCC	0	0	93.74	68.41	25.33	
NODE_20_length_123688_cov_36.9071	4	82986 	82911 	Gly	GCC	0	0	93.74	68.41	25.33	
NODE_20_length_123688_cov_36.9071	5	35740 	35664 	Val	GAC	0	0	93.19	67.81	25.38	
NODE_20_length_123688_cov_36.9071	6	1602  	1526  	Pro	GGG	0	0	74.89	48.01	26.88	
NODE_21_length_117591_cov_40.059 	1	22227 	22153 	Gln	TTG	0	0	66.82	40.36	26.46	
NODE_21_length_117591_cov_40.059 	2	18479 	18403 	Met	CAT	0	0	87.19	64.42	22.77	
NODE_23_length_115040_cov_38.5516	1	78986 	78911 	Val	TAC	0	0	94.49	73.68	20.81	
NODE_23_length_115040_cov_38.5516	2	78894 	78818 	Asp	GTC	0	0	94.67	75.49	19.18	
NODE_35_length_65507_cov_41.5777 	1	64288 	64213 	Trp	CCA	0	0	86.73	63.05	23.68	
NODE_37_length_55897_cov_38.2438 	1	40499 	40574 	Asn	GTT	0	0	91.73	62.08	29.65	
NODE_37_length_55897_cov_38.2438 	2	40584 	40660 	Pro	TGG	0	0	87.63	64.60	23.03	
NODE_37_length_55897_cov_38.2438 	3	40671 	40746 	Lys	TTT	0	0	95.07	71.82	23.25	
NODE_52_length_5410_cov_124.274  	1	1805  	1881  	Ile	GAT	0	0	98.83	72.69	26.14	
NODE_52_length_5410_cov_124.274  	2	1910  	1985  	Ala	TGC	0	0	90.68	71.56	19.12	
NODE_57_length_3301_cov_32.7798  	1	521   	437   	Tyr	GTA	0	0	71.07	41.76	29.31	
NODE_57_length_3301_cov_32.7798  	2	410   	337   	Gly	TCC	0	0	82.75	60.87	21.88	
NODE_57_length_3301_cov_32.7798  	3	317   	242   	Thr	GGT	0	0	93.76	67.73	26.03	
