Sequence                         		tRNA  	Bounds	tRNA	Anti	Intron Bounds	Cove	HMM	2'Str	      
Name                             	tRNA #	Begin 	End   	Type	Codon	Begin	End	Score	Score	Score	Note
--------                         	------	----- 	------	----	-----	-----	----	------	-----	-----	------
NODE_1_length_911166_cov_55.7316 	1	701687	701763	Arg	CCT	0	0	83.71	58.51	25.20	
NODE_1_length_911166_cov_55.7316 	2	707672	707746	Arg	CCT	0	0	69.69	51.80	17.89	
NODE_1_length_911166_cov_55.7316 	3	837321	837396	Val	TAC	0	0	94.49	73.68	20.81	
NODE_1_length_911166_cov_55.7316 	4	837413	837489	Asp	GTC	0	0	94.67	75.49	19.18	
NODE_1_length_911166_cov_55.7316 	5	214741	214655	Leu	CAA	0	0	69.99	38.33	31.66	
NODE_2_length_560928_cov_50.2246 	1	436608	436684	Arg	TCT	0	0	96.39	77.88	18.51	
NODE_2_length_560928_cov_50.2246 	2	436736	436811	His	GTG	0	0	83.51	64.18	19.33	
NODE_2_length_560928_cov_50.2246 	3	436866	436950	Leu	TAG	0	0	76.62	44.97	31.65	
NODE_2_length_560928_cov_50.2246 	4	437017	437092	His	GTG	0	0	83.51	64.18	19.33	
NODE_2_length_560928_cov_50.2246 	5	448388	448464	Asp	GTC	0	0	95.34	76.86	18.48	
NODE_3_length_457397_cov_57.7723 	1	270441	270527	Leu	CAG	0	0	73.96	38.54	35.42	
NODE_3_length_457397_cov_57.7723 	2	270657	270743	Leu	CAG	0	0	73.96	38.54	35.42	
NODE_3_length_457397_cov_57.7723 	3	116939	116848	SeC	TCA	0	0	55.75	-18.51	74.26	
NODE_3_length_457397_cov_57.7723 	4	62833 	62748 	Leu	GAG	0	0	68.53	39.16	29.37	
NODE_3_length_457397_cov_57.7723 	5	62657 	62581 	Met	CAT	0	0	85.85	60.06	25.79	
NODE_4_length_435227_cov_51.7724 	1	111244	111333	Ser	GGA	0	0	71.75	34.38	37.37	
NODE_4_length_435227_cov_51.7724 	2	300005	300081	Pro	CGG	0	0	88.20	60.26	27.94	
NODE_4_length_435227_cov_51.7724 	3	428822	428897	Asn	GTT	0	0	91.73	62.08	29.65	
NODE_4_length_435227_cov_51.7724 	4	420023	419948	Ala	GGC	0	0	86.95	68.86	18.09	
NODE_4_length_435227_cov_51.7724 	5	419899	419824	Glu	TTC	0	0	66.40	38.20	28.20	
NODE_4_length_435227_cov_51.7724 	6	419730	419655	Ala	GGC	0	0	86.95	68.86	18.09	
NODE_4_length_435227_cov_51.7724 	7	419608	419533	Glu	TTC	0	0	66.40	38.20	28.20	
NODE_4_length_435227_cov_51.7724 	8	380627	380552	Val	TAC	0	0	94.49	73.68	20.81	
NODE_4_length_435227_cov_51.7724 	9	380535	380459	Asp	GTC	0	0	94.67	75.49	19.18	
NODE_4_length_435227_cov_51.7724 	10	380344	380268	Asp	GTC	0	0	94.67	75.49	19.18	
NODE_4_length_435227_cov_51.7724 	11	78754 	78679 	Glu	TTC	0	0	66.40	38.20	28.20	
NODE_4_length_435227_cov_51.7724 	12	78676 	78601 	Gly	GCC	0	0	93.74	68.41	25.33	
NODE_4_length_435227_cov_51.7724 	13	34893 	34817 	Val	GAC	0	0	93.19	67.81	25.38	
NODE_4_length_435227_cov_51.7724 	14	737   	661   	Pro	GGG	0	0	74.89	48.01	26.88	
NODE_5_length_429736_cov_55.2378 	1	177303	177378	Asn	GTT	0	0	91.73	62.08	29.65	
NODE_5_length_429736_cov_55.2378 	2	177388	177464	Pro	TGG	0	0	87.63	64.60	23.03	
NODE_5_length_429736_cov_55.2378 	3	177475	177550	Lys	TTT	0	0	95.07	71.82	23.25	
NODE_5_length_429736_cov_55.2378 	4	196857	196932	Thr	CGT	0	0	90.98	74.93	16.05	
NODE_5_length_429736_cov_55.2378 	5	133386	133313	Arg	ACG	0	0	52.72	27.21	25.51	
NODE_5_length_429736_cov_55.2378 	6	27140 	27066 	Gln	TTG	0	0	66.82	40.36	26.46	
NODE_5_length_429736_cov_55.2378 	7	3070  	2994  	Met	CAT	0	0	87.19	64.42	22.77	
NODE_6_length_417131_cov_59.0052 	1	333983	333907	Met	CAT	0	0	92.87	71.40	21.47	
NODE_7_length_335174_cov_57.5007 	1	71580 	71655 	Phe	GAA	0	0	92.69	68.52	24.17	
NODE_7_length_335174_cov_57.5007 	2	81116 	81198 	Undet	NNN	0	0	25.90	17.87	8.03	
NODE_7_length_335174_cov_57.5007 	3	92533 	92608 	Thr	TGT	0	0	93.66	75.64	18.02	
NODE_10_length_227942_cov_53.2369	1	74352 	74441 	Ser	CGA	0	0	68.31	24.88	43.43	
NODE_11_length_207299_cov_51.1592	1	141675	141764	Ser	TGA	0	0	72.70	38.95	33.75	
NODE_11_length_207299_cov_51.1592	2	197798	197873	Gly	GCC	0	0	93.74	68.41	25.33	
NODE_12_length_201200_cov_51.7861	1	95317 	95407 	Ser	GCT	0	0	76.69	47.10	29.59	
NODE_12_length_201200_cov_51.7861	2	95525 	95601 	Arg	ACG	0	0	83.50	58.05	25.45	
NODE_12_length_201200_cov_51.7861	3	95713 	95789 	Arg	ACG	0	0	83.50	58.05	25.45	
NODE_12_length_201200_cov_51.7861	4	164413	164488	Lys	TTT	0	0	95.07	71.82	23.25	
NODE_12_length_201200_cov_51.7861	5	111860	111784	Met	CAT	0	0	85.06	58.55	26.51	
NODE_12_length_201200_cov_51.7861	6	5641  	5569  	Leu	GAG	0	0	20.84	19.28	1.56	
NODE_16_length_127707_cov_63.6146	1	77505 	77580 	Gly	GCC	0	0	93.74	68.41	25.33	
NODE_18_length_114741_cov_51.5055	1	4656  	4729  	Cys	GCA	0	0	62.38	45.73	16.65	
NODE_18_length_114741_cov_51.5055	2	17280 	17366 	Leu	TAA	0	0	76.64	42.32	34.32	
NODE_19_length_108860_cov_54.2547	1	3466  	3393  	Gly	CCC	0	0	60.35	30.06	30.29	
NODE_23_length_66299_cov_74.3821 	1	65080 	65005 	Trp	CCA	0	0	86.73	63.05	23.68	
NODE_33_length_37077_cov_60.4264 	1	2446  	2370  	Arg	CCG	0	0	87.81	66.55	21.26	
NODE_43_length_5533_cov_161.579  	1	3563  	3487  	Ile	GAT	0	0	98.83	72.69	26.14	
NODE_43_length_5533_cov_161.579  	2	3458  	3383  	Ala	TGC	0	0	90.68	71.56	19.12	
NODE_48_length_3345_cov_45.6401  	1	521   	437   	Tyr	GTA	0	0	71.07	41.76	29.31	
NODE_48_length_3345_cov_45.6401  	2	410   	337   	Gly	TCC	0	0	82.75	60.87	21.88	
NODE_48_length_3345_cov_45.6401  	3	317   	242   	Thr	GGT	0	0	93.76	67.73	26.03	
