Sequence                         		tRNA  	Bounds	tRNA	Anti	Intron Bounds	Cove	HMM	2'Str	      
Name                             	tRNA #	Begin 	End   	Type	Codon	Begin	End	Score	Score	Score	Note
--------                         	------	----- 	------	----	-----	-----	----	------	-----	-----	------
NODE_1_length_631821_cov_31.1285 	1	214743	214657	Leu	CAA	0	0	69.99	38.33	31.66	
NODE_2_length_489218_cov_32.9555 	1	51399 	51474 	Ala	GGC	0	0	86.95	68.86	18.09	
NODE_2_length_489218_cov_32.9555 	2	51523 	51598 	Glu	TTC	0	0	66.40	38.20	28.20	
NODE_2_length_489218_cov_32.9555 	3	51692 	51767 	Ala	GGC	0	0	86.95	68.86	18.09	
NODE_2_length_489218_cov_32.9555 	4	51814 	51889 	Glu	TTC	0	0	66.40	38.20	28.20	
NODE_2_length_489218_cov_32.9555 	5	90791 	90866 	Val	TAC	0	0	94.49	73.68	20.81	
NODE_2_length_489218_cov_32.9555 	6	90883 	90959 	Asp	GTC	0	0	94.67	75.49	19.18	
NODE_2_length_489218_cov_32.9555 	7	91074 	91150 	Asp	GTC	0	0	94.67	75.49	19.18	
NODE_2_length_489218_cov_32.9555 	8	393771	393846	Glu	TTC	0	0	66.40	38.20	28.20	
NODE_2_length_489218_cov_32.9555 	9	393849	393924	Gly	GCC	0	0	93.74	68.41	25.33	
NODE_2_length_489218_cov_32.9555 	10	394009	394084	Gly	GCC	0	0	93.74	68.41	25.33	
NODE_2_length_489218_cov_32.9555 	11	440441	440517	Val	GAC	0	0	93.19	67.81	25.38	
NODE_2_length_489218_cov_32.9555 	12	361276	361187	Ser	GGA	0	0	71.75	34.38	37.37	
NODE_2_length_489218_cov_32.9555 	13	172483	172407	Pro	CGG	0	0	88.20	60.26	27.94	
NODE_2_length_489218_cov_32.9555 	14	42600 	42525 	Asn	GTT	0	0	91.73	62.08	29.65	
NODE_3_length_458629_cov_29.6184 	1	341612	341703	SeC	TCA	0	0	55.75	-18.51	74.26	
NODE_3_length_458629_cov_29.6184 	2	395651	395736	Leu	GAG	0	0	68.53	39.16	29.37	
NODE_3_length_458629_cov_29.6184 	3	395827	395903	Met	CAT	0	0	85.85	60.06	25.79	
NODE_3_length_458629_cov_29.6184 	4	185331	185245	Leu	CAG	0	0	73.96	38.54	35.42	
NODE_3_length_458629_cov_29.6184 	5	185115	185029	Leu	CAG	0	0	73.96	38.54	35.42	
NODE_4_length_381673_cov_33.0942 	1	291291	291202	Ser	TGA	0	0	72.70	38.95	33.75	
NODE_4_length_381673_cov_33.0942 	2	266911	266836	Gly	GCC	0	0	93.74	68.41	25.33	
NODE_4_length_381673_cov_33.0942 	3	138801	138728	Cys	GCA	0	0	62.38	45.73	16.65	
NODE_4_length_381673_cov_33.0942 	4	126176	126090	Leu	TAA	0	0	76.64	42.32	34.32	
NODE_5_length_378010_cov_30.8779 	1	300345	300269	Met	CAT	0	0	94.25	81.17	13.08	
NODE_9_length_217061_cov_33.9312 	1	90484 	90574 	Ser	GCT	0	0	76.69	47.10	29.59	
NODE_9_length_217061_cov_33.9312 	2	90692 	90768 	Arg	ACG	0	0	83.50	58.05	25.45	
NODE_9_length_217061_cov_33.9312 	3	90880 	90956 	Arg	ACG	0	0	83.50	58.05	25.45	
NODE_9_length_217061_cov_33.9312 	4	159644	159719	Lys	TTT	0	0	95.07	71.82	23.25	
NODE_9_length_217061_cov_33.9312 	5	107066	106990	Met	CAT	0	0	85.06	58.55	26.51	
NODE_9_length_217061_cov_33.9312 	6	802   	730   	Leu	GAG	0	0	20.84	19.28	1.56	
NODE_10_length_206686_cov_34.7491	1	154162	154073	Ser	CGA	0	0	68.31	24.88	43.43	
NODE_11_length_203677_cov_34.1798	1	59140 	59064 	Arg	TCT	0	0	96.39	77.88	18.51	
NODE_11_length_203677_cov_34.1798	2	59012 	58937 	His	GTG	0	0	83.51	64.18	19.33	
NODE_11_length_203677_cov_34.1798	3	56447 	56364 	Leu	TAG	0	0	70.50	40.25	30.25	
NODE_11_length_203677_cov_34.1798	4	24491 	24416 	Thr	TGT	0	0	74.27	61.42	12.85	
NODE_12_length_199873_cov_31.6216	1	140725	140798	Gly	CCC	0	0	60.35	30.06	30.29	
NODE_15_length_160115_cov_29.5359	1	156249	156176	Arg	ACG	0	0	52.72	27.21	25.51	
NODE_15_length_160115_cov_29.5359	2	48134 	48060 	Gln	TTG	0	0	66.82	40.36	26.46	
NODE_15_length_160115_cov_29.5359	3	18485 	18409 	Met	CAT	0	0	87.19	64.42	22.77	
NODE_18_length_149968_cov_36.1302	1	147579	147504	His	GTG	0	0	83.51	64.18	19.33	
NODE_18_length_149968_cov_36.1302	2	136226	136150	Asp	GTC	0	0	95.34	76.86	18.48	
NODE_19_length_136161_cov_34.3592	1	100202	100127	Val	TAC	0	0	94.49	73.68	20.81	
NODE_19_length_136161_cov_34.3592	2	100110	100034	Asp	GTC	0	0	94.67	75.49	19.18	
NODE_21_length_121992_cov_32.1389	1	2301  	2225  	Arg	CCT	0	0	83.71	58.51	25.20	
NODE_30_length_76984_cov_30.5803 	1	36686 	36611 	Asn	GTT	0	0	91.73	62.08	29.65	
NODE_30_length_76984_cov_30.5803 	2	36601 	36525 	Pro	TGG	0	0	87.63	64.60	23.03	
NODE_30_length_76984_cov_30.5803 	3	36514 	36439 	Lys	TTT	0	0	95.07	71.82	23.25	
NODE_30_length_76984_cov_30.5803 	4	18455 	18380 	Thr	CGT	0	0	90.98	74.93	16.05	
NODE_31_length_76775_cov_32.1942 	1	4899  	4824  	Phe	GAA	0	0	92.69	68.52	24.17	
NODE_34_length_57560_cov_33.0922 	1	21641 	21716 	Thr	TGT	0	0	93.66	75.64	18.02	
NODE_36_length_50621_cov_33.9354 	1	35733 	35809 	Pro	GGG	0	0	74.89	48.01	26.88	
NODE_40_length_35351_cov_36.1852 	1	34164 	34240 	Arg	CCG	0	0	87.81	66.55	21.26	
NODE_43_length_32051_cov_31.6427 	1	1220  	1295  	Trp	CCA	0	0	86.73	63.05	23.68	
NODE_55_length_5405_cov_132.931  	1	1829  	1905  	Ile	GAT	0	0	98.83	72.69	26.14	
NODE_55_length_5405_cov_132.931  	2	1934  	2009  	Ala	TGC	0	0	90.68	71.56	19.12	
NODE_58_length_3329_cov_28.5531  	1	2809  	2893  	Tyr	GTA	0	0	71.07	41.76	29.31	
NODE_58_length_3329_cov_28.5531  	2	2920  	2993  	Gly	TCC	0	0	82.75	60.87	21.88	
NODE_58_length_3329_cov_28.5531  	3	3013  	3088  	Thr	GGT	0	0	93.76	67.73	26.03	
