Sequence                         		tRNA  	Bounds	tRNA	Anti	Intron Bounds	Cove	HMM	2'Str	      
Name                             	tRNA #	Begin 	End   	Type	Codon	Begin	End	Score	Score	Score	Note
--------                         	------	----- 	------	----	-----	-----	----	------	-----	-----	------
NODE_1_length_855527_cov_42.0234 	1	490826	490915	Ser	GGA	0	0	71.75	34.38	37.37	
NODE_1_length_855527_cov_42.0234 	2	679603	679679	Pro	CGG	0	0	88.20	60.26	27.94	
NODE_1_length_855527_cov_42.0234 	3	808433	808508	Asn	GTT	0	0	91.73	62.08	29.65	
NODE_1_length_855527_cov_42.0234 	4	799634	799559	Ala	GGC	0	0	86.95	68.86	18.09	
NODE_1_length_855527_cov_42.0234 	5	799510	799435	Glu	TTC	0	0	66.40	38.20	28.20	
NODE_1_length_855527_cov_42.0234 	6	799341	799266	Ala	GGC	0	0	86.95	68.86	18.09	
NODE_1_length_855527_cov_42.0234 	7	799219	799144	Glu	TTC	0	0	66.40	38.20	28.20	
NODE_1_length_855527_cov_42.0234 	8	760222	760147	Val	TAC	0	0	94.49	73.68	20.81	
NODE_1_length_855527_cov_42.0234 	9	760130	760054	Asp	GTC	0	0	94.67	75.49	19.18	
NODE_1_length_855527_cov_42.0234 	10	759939	759863	Asp	GTC	0	0	94.67	75.49	19.18	
NODE_1_length_855527_cov_42.0234 	11	458330	458255	Glu	TTC	0	0	66.40	38.20	28.20	
NODE_1_length_855527_cov_42.0234 	12	458252	458177	Gly	GCC	0	0	93.74	68.41	25.33	
NODE_1_length_855527_cov_42.0234 	13	458092	458017	Gly	GCC	0	0	93.74	68.41	25.33	
NODE_1_length_855527_cov_42.0234 	14	411700	411624	Val	GAC	0	0	93.19	67.81	25.38	
NODE_1_length_855527_cov_42.0234 	15	377559	377483	Pro	GGG	0	0	74.89	48.01	26.88	
NODE_1_length_855527_cov_42.0234 	16	191446	191357	Ser	TGA	0	0	72.70	38.95	33.75	
NODE_1_length_855527_cov_42.0234 	17	167069	166994	Gly	GCC	0	0	93.74	68.41	25.33	
NODE_1_length_855527_cov_42.0234 	18	69238 	69165 	Cys	GCA	0	0	62.38	45.73	16.65	
NODE_2_length_765185_cov_44.795  	1	257988	258074	Leu	CAG	0	0	73.96	38.54	35.42	
NODE_2_length_765185_cov_44.795  	2	258204	258290	Leu	CAG	0	0	73.96	38.54	35.42	
NODE_2_length_765185_cov_44.795  	3	514927	515002	Phe	GAA	0	0	92.69	68.52	24.17	
NODE_2_length_765185_cov_44.795  	4	526332	526407	Thr	TGT	0	0	93.66	75.64	18.02	
NODE_2_length_765185_cov_44.795  	5	104316	104225	SeC	TCA	0	0	55.75	-18.51	74.26	
NODE_2_length_765185_cov_44.795  	6	50126 	50041 	Leu	GAG	0	0	68.53	39.16	29.37	
NODE_2_length_765185_cov_44.795  	7	49950 	49874 	Met	CAT	0	0	85.85	60.06	25.79	
NODE_3_length_747386_cov_42.4893 	1	623372	623448	Arg	TCT	0	0	96.39	77.88	18.51	
NODE_3_length_747386_cov_42.4893 	2	623500	623575	His	GTG	0	0	83.51	64.18	19.33	
NODE_3_length_747386_cov_42.4893 	3	623630	623714	Leu	TAG	0	0	76.62	44.97	31.65	
NODE_3_length_747386_cov_42.4893 	4	623781	623856	His	GTG	0	0	83.51	64.18	19.33	
NODE_3_length_747386_cov_42.4893 	5	635140	635216	Asp	GTC	0	0	95.34	76.86	18.48	
NODE_4_length_547911_cov_46.621  	1	513174	513098	Arg	CCG	0	0	90.57	71.58	18.99	
NODE_5_length_460192_cov_45.9537 	1	210873	210787	Leu	CAA	0	0	69.99	38.33	31.66	
NODE_6_length_377743_cov_45.1932 	1	298378	298302	Met	CAT	0	0	92.87	71.40	21.47	
NODE_7_length_330566_cov_43.8844 	1	80243 	80328 	Lys	TTT	0	0	22.00	12.28	9.72	
NODE_7_length_330566_cov_43.8844 	2	98174 	98249 	Thr	CGT	0	0	90.98	74.93	16.05	
NODE_8_length_319090_cov_43.1792 	1	58956 	59032 	Met	CAT	0	0	85.06	58.55	26.51	
NODE_8_length_319090_cov_43.1792 	2	165183	165255	Leu	GAG	0	0	20.84	19.28	1.56	
NODE_8_length_319090_cov_43.1792 	3	276494	276567	Gly	CCC	0	0	60.35	30.06	30.29	
NODE_8_length_319090_cov_43.1792 	4	75502 	75412 	Ser	GCT	0	0	76.69	47.10	29.59	
NODE_8_length_319090_cov_43.1792 	5	75294 	75218 	Arg	ACG	0	0	83.50	58.05	25.45	
NODE_8_length_319090_cov_43.1792 	6	75106 	75030 	Arg	ACG	0	0	83.50	58.05	25.45	
NODE_8_length_319090_cov_43.1792 	7	6503  	6428  	Lys	TTT	0	0	95.07	71.82	23.25	
NODE_9_length_242247_cov_43.617  	1	207250	207161	Ser	CGA	0	0	68.31	24.88	43.43	
NODE_10_length_209648_cov_41.8396	1	3077  	3001  	Arg	CCT	0	0	83.71	58.51	25.20	
NODE_11_length_204923_cov_41.8738	1	131050	131125	Val	TAC	0	0	94.49	73.68	20.81	
NODE_11_length_204923_cov_41.8738	2	131142	131218	Asp	GTC	0	0	94.67	75.49	19.18	
NODE_16_length_123245_cov_45.0092	1	100509	100584	Asn	GTT	0	0	91.73	62.08	29.65	
NODE_16_length_123245_cov_45.0092	2	100594	100670	Pro	TGG	0	0	87.63	64.60	23.03	
NODE_16_length_123245_cov_45.0092	3	100681	100756	Lys	TTT	0	0	95.07	71.82	23.25	
NODE_16_length_123245_cov_45.0092	4	56593 	56520 	Arg	ACG	0	0	52.72	27.21	25.51	
NODE_21_length_65470_cov_46.9145 	1	64251 	64176 	Trp	CCA	0	0	86.73	63.05	23.68	
NODE_22_length_60654_cov_43.977  	1	11118 	11044 	Gln	TTG	0	0	66.82	40.36	26.46	
NODE_22_length_60654_cov_43.977  	2	7369  	7293  	Met	CAT	0	0	87.19	64.42	22.77	
NODE_35_length_5317_cov_186.155  	1	3489  	3413  	Ile	GAT	0	0	98.83	72.69	26.14	
NODE_35_length_5317_cov_186.155  	2	3384  	3309  	Ala	TGC	0	0	90.68	71.56	19.12	
NODE_38_length_3418_cov_48.6864  	1	521   	437   	Tyr	GTA	0	0	71.07	41.76	29.31	
NODE_38_length_3418_cov_48.6864  	2	410   	337   	Gly	TCC	0	0	82.75	60.87	21.88	
NODE_38_length_3418_cov_48.6864  	3	317   	242   	Thr	GGT	0	0	93.76	67.73	26.03	
