Sequence                         		tRNA  	Bounds	tRNA	Anti	Intron Bounds	Cove	HMM	2'Str	      
Name                             	tRNA #	Begin 	End   	Type	Codon	Begin	End	Score	Score	Score	Note
--------                         	------	----- 	------	----	-----	-----	----	------	-----	-----	------
NODE_1_length_632253_cov_35.5648 	1	215175	215089	Leu	CAA	0	0	69.99	38.33	31.66	
NODE_2_length_489219_cov_32.6645 	1	51399 	51474 	Ala	GGC	0	0	86.95	68.86	18.09	
NODE_2_length_489219_cov_32.6645 	2	51523 	51598 	Glu	TTC	0	0	66.40	38.20	28.20	
NODE_2_length_489219_cov_32.6645 	3	51692 	51767 	Ala	GGC	0	0	86.95	68.86	18.09	
NODE_2_length_489219_cov_32.6645 	4	51814 	51889 	Glu	TTC	0	0	66.40	38.20	28.20	
NODE_2_length_489219_cov_32.6645 	5	90791 	90866 	Val	TAC	0	0	94.49	73.68	20.81	
NODE_2_length_489219_cov_32.6645 	6	90883 	90959 	Asp	GTC	0	0	94.67	75.49	19.18	
NODE_2_length_489219_cov_32.6645 	7	91074 	91150 	Asp	GTC	0	0	94.67	75.49	19.18	
NODE_2_length_489219_cov_32.6645 	8	393771	393846	Glu	TTC	0	0	66.40	38.20	28.20	
NODE_2_length_489219_cov_32.6645 	9	393849	393924	Gly	GCC	0	0	93.74	68.41	25.33	
NODE_2_length_489219_cov_32.6645 	10	394009	394084	Gly	GCC	0	0	93.74	68.41	25.33	
NODE_2_length_489219_cov_32.6645 	11	440441	440517	Val	GAC	0	0	93.19	67.81	25.38	
NODE_2_length_489219_cov_32.6645 	12	361276	361187	Ser	GGA	0	0	71.75	34.38	37.37	
NODE_2_length_489219_cov_32.6645 	13	172483	172407	Pro	CGG	0	0	88.20	60.26	27.94	
NODE_2_length_489219_cov_32.6645 	14	42600 	42525 	Asn	GTT	0	0	91.73	62.08	29.65	
NODE_3_length_452901_cov_36.4052 	1	335884	335975	SeC	TCA	0	0	55.75	-18.51	74.26	
NODE_3_length_452901_cov_36.4052 	2	389923	390008	Leu	GAG	0	0	68.53	39.16	29.37	
NODE_3_length_452901_cov_36.4052 	3	390099	390175	Met	CAT	0	0	85.85	60.06	25.79	
NODE_3_length_452901_cov_36.4052 	4	179603	179517	Leu	CAG	0	0	73.96	38.54	35.42	
NODE_3_length_452901_cov_36.4052 	5	179387	179301	Leu	CAG	0	0	73.96	38.54	35.42	
NODE_4_length_381100_cov_31.8057 	1	290718	290629	Ser	TGA	0	0	72.70	38.95	33.75	
NODE_4_length_381100_cov_31.8057 	2	266338	266263	Gly	GCC	0	0	93.74	68.41	25.33	
NODE_4_length_381100_cov_31.8057 	3	138228	138155	Cys	GCA	0	0	62.38	45.73	16.65	
NODE_4_length_381100_cov_31.8057 	4	125603	125517	Leu	TAA	0	0	76.64	42.32	34.32	
NODE_5_length_333795_cov_34.7767 	1	40299 	40374 	Asn	GTT	0	0	91.73	62.08	29.65	
NODE_5_length_333795_cov_34.7767 	2	40384 	40460 	Pro	TGG	0	0	87.63	64.60	23.03	
NODE_5_length_333795_cov_34.7767 	3	40471 	40546 	Lys	TTT	0	0	95.07	71.82	23.25	
NODE_5_length_333795_cov_34.7767 	4	58530 	58605 	Thr	CGT	0	0	90.98	74.93	16.05	
NODE_9_length_214673_cov_33.827  	1	141666	141739	Gly	CCC	0	0	60.35	30.06	30.29	
NODE_10_length_206734_cov_33.1408	1	154210	154121	Ser	CGA	0	0	68.31	24.88	43.43	
NODE_11_length_202721_cov_30.8237	1	58202 	58126 	Arg	TCT	0	0	96.39	77.88	18.51	
NODE_11_length_202721_cov_30.8237	2	58074 	57999 	His	GTG	0	0	83.51	64.18	19.33	
NODE_11_length_202721_cov_30.8237	3	55509 	55426 	Leu	TAG	0	0	70.50	40.25	30.25	
NODE_11_length_202721_cov_30.8237	4	23553 	23478 	Thr	TGT	0	0	74.27	61.42	12.85	
NODE_14_length_162790_cov_33.5639	1	55725 	55801 	Met	CAT	0	0	85.06	58.55	26.51	
NODE_14_length_162790_cov_33.5639	2	161989	162061	Leu	GAG	0	0	20.84	19.28	1.56	
NODE_14_length_162790_cov_33.5639	3	72307 	72217 	Ser	GCT	0	0	76.69	47.10	29.59	
NODE_14_length_162790_cov_33.5639	4	72099 	72023 	Arg	ACG	0	0	83.50	58.05	25.45	
NODE_14_length_162790_cov_33.5639	5	71911 	71835 	Arg	ACG	0	0	83.50	58.05	25.45	
NODE_14_length_162790_cov_33.5639	6	3147  	3072  	Lys	TTT	0	0	95.07	71.82	23.25	
NODE_15_length_158661_cov_35.4046	1	154794	154721	Arg	ACG	0	0	52.72	27.21	25.51	
NODE_15_length_158661_cov_35.4046	2	48134 	48060 	Gln	TTG	0	0	66.82	40.36	26.46	
NODE_15_length_158661_cov_35.4046	3	18485 	18409 	Met	CAT	0	0	87.19	64.42	22.77	
NODE_17_length_149968_cov_30.771 	1	147579	147504	His	GTG	0	0	83.51	64.18	19.33	
NODE_17_length_149968_cov_30.771 	2	136226	136150	Asp	GTC	0	0	95.34	76.86	18.48	
NODE_19_length_136161_cov_32.1415	1	100202	100127	Val	TAC	0	0	94.49	73.68	20.81	
NODE_19_length_136161_cov_32.1415	2	100110	100034	Asp	GTC	0	0	94.67	75.49	19.18	
NODE_22_length_121511_cov_34.8876	1	2301  	2225  	Arg	CCT	0	0	83.71	58.51	25.20	
NODE_26_length_100483_cov_36.6381	1	22818 	22742 	Met	CAT	0	0	94.25	81.17	13.08	
NODE_30_length_78544_cov_38.0408 	1	4899  	4824  	Phe	GAA	0	0	92.69	68.52	24.17	
NODE_34_length_57560_cov_37.2208 	1	21641 	21716 	Thr	TGT	0	0	93.66	75.64	18.02	
NODE_36_length_50621_cov_30.0927 	1	35733 	35809 	Pro	GGG	0	0	74.89	48.01	26.88	
NODE_40_length_36260_cov_39.2795 	1	34644 	34720 	Arg	CCG	0	0	87.81	66.55	21.26	
NODE_43_length_31934_cov_36.5511 	1	30715 	30640 	Trp	CCA	0	0	86.73	63.05	23.68	
NODE_54_length_5405_cov_134.489  	1	1829  	1905  	Ile	GAT	0	0	98.83	72.69	26.14	
NODE_54_length_5405_cov_134.489  	2	1934  	2009  	Ala	TGC	0	0	90.68	71.56	19.12	
NODE_56_length_3329_cov_32.8776  	1	521   	437   	Tyr	GTA	0	0	71.07	41.76	29.31	
NODE_56_length_3329_cov_32.8776  	2	410   	337   	Gly	TCC	0	0	82.75	60.87	21.88	
NODE_56_length_3329_cov_32.8776  	3	317   	242   	Thr	GGT	0	0	93.76	67.73	26.03	
