Sequence                         		tRNA  	Bounds	tRNA	Anti	Intron Bounds	Cove	HMM	2'Str	      
Name                             	tRNA #	Begin 	End   	Type	Codon	Begin	End	Score	Score	Score	Note
--------                         	------	----- 	------	----	-----	-----	----	------	-----	-----	------
NODE_1_length_846670_cov_31.0977 	1	476924	477013	Ser	GGA	0	0	71.75	34.38	37.37	
NODE_1_length_846670_cov_31.0977 	2	665715	665791	Pro	CGG	0	0	88.20	60.26	27.94	
NODE_1_length_846670_cov_31.0977 	3	794545	794620	Asn	GTT	0	0	91.73	62.08	29.65	
NODE_1_length_846670_cov_31.0977 	4	785746	785671	Ala	GGC	0	0	86.95	68.86	18.09	
NODE_1_length_846670_cov_31.0977 	5	785622	785547	Glu	TTC	0	0	66.40	38.20	28.20	
NODE_1_length_846670_cov_31.0977 	6	785453	785378	Ala	GGC	0	0	86.95	68.86	18.09	
NODE_1_length_846670_cov_31.0977 	7	785331	785256	Glu	TTC	0	0	66.40	38.20	28.20	
NODE_1_length_846670_cov_31.0977 	8	746343	746268	Val	TAC	0	0	94.49	73.68	20.81	
NODE_1_length_846670_cov_31.0977 	9	746251	746175	Asp	GTC	0	0	94.67	75.49	19.18	
NODE_1_length_846670_cov_31.0977 	10	746060	745984	Asp	GTC	0	0	94.67	75.49	19.18	
NODE_1_length_846670_cov_31.0977 	11	444427	444352	Glu	TTC	0	0	66.40	38.20	28.20	
NODE_1_length_846670_cov_31.0977 	12	444349	444274	Gly	GCC	0	0	93.74	68.41	25.33	
NODE_1_length_846670_cov_31.0977 	13	444189	444114	Gly	GCC	0	0	93.74	68.41	25.33	
NODE_1_length_846670_cov_31.0977 	14	402654	402578	Val	GAC	0	0	93.19	67.81	25.38	
NODE_1_length_846670_cov_31.0977 	15	368511	368435	Pro	GGG	0	0	74.89	48.01	26.88	
NODE_1_length_846670_cov_31.0977 	16	141594	141505	Ser	TGA	0	0	72.70	38.95	33.75	
NODE_1_length_846670_cov_31.0977 	17	117228	117153	Gly	GCC	0	0	93.74	68.41	25.33	
NODE_1_length_846670_cov_31.0977 	18	112606	112533	Cys	GCA	0	0	62.38	45.73	16.65	
NODE_1_length_846670_cov_31.0977 	19	99982 	99896 	Leu	TAA	0	0	76.64	42.32	34.32	
NODE_2_length_661094_cov_33.1397 	1	544182	544273	SeC	TCA	0	0	55.75	-18.51	74.26	
NODE_2_length_661094_cov_33.1397 	2	598221	598306	Leu	GAG	0	0	68.53	39.16	29.37	
NODE_2_length_661094_cov_33.1397 	3	598397	598473	Met	CAT	0	0	85.85	60.06	25.79	
NODE_2_length_661094_cov_33.1397 	4	390520	390434	Leu	CAG	0	0	73.96	38.54	35.42	
NODE_2_length_661094_cov_33.1397 	5	390304	390218	Leu	CAG	0	0	73.96	38.54	35.42	
NODE_2_length_661094_cov_33.1397 	6	134588	134513	Phe	GAA	0	0	92.69	68.52	24.17	
NODE_2_length_661094_cov_33.1397 	7	123178	123103	Thr	TGT	0	0	93.66	75.64	18.02	
NODE_3_length_591945_cov_31.6729 	1	34594 	34683 	Ser	CGA	0	0	68.31	24.88	43.43	
NODE_4_length_494923_cov_31.7889 	1	491778	491854	Arg	CCT	0	0	83.71	58.51	25.20	
NODE_4_length_494923_cov_31.7889 	2	15098 	15012 	Leu	CAA	0	0	69.99	38.33	31.66	
NODE_5_length_441340_cov_30.7983 	1	303131	303207	Arg	TCT	0	0	96.39	77.88	18.51	
NODE_5_length_441340_cov_30.7983 	2	303259	303334	His	GTG	0	0	83.51	64.18	19.33	
NODE_5_length_441340_cov_30.7983 	3	303390	303474	Leu	TAG	0	0	76.62	44.97	31.65	
NODE_5_length_441340_cov_30.7983 	4	349181	349256	His	GTG	0	0	83.51	64.18	19.33	
NODE_5_length_441340_cov_30.7983 	5	360547	360623	Asp	GTC	0	0	95.34	76.86	18.48	
NODE_6_length_426912_cov_32.818  	1	298689	298762	Arg	ACG	0	0	52.72	27.21	25.51	
NODE_6_length_426912_cov_32.818  	2	404674	404748	Gln	TTG	0	0	66.82	40.36	26.46	
NODE_6_length_426912_cov_32.818  	3	408422	408498	Met	CAT	0	0	87.19	64.42	22.77	
NODE_6_length_426912_cov_32.818  	4	254774	254699	Asn	GTT	0	0	91.73	62.08	29.65	
NODE_6_length_426912_cov_32.818  	5	254689	254613	Pro	TGG	0	0	87.63	64.60	23.03	
NODE_6_length_426912_cov_32.818  	6	254602	254527	Lys	TTT	0	0	95.07	71.82	23.25	
NODE_6_length_426912_cov_32.818  	7	236823	236748	Thr	CGT	0	0	90.98	74.93	16.05	
NODE_7_length_410554_cov_32.2996 	1	340415	340505	Ser	GCT	0	0	76.69	47.10	29.59	
NODE_7_length_410554_cov_32.2996 	2	340623	340699	Arg	ACG	0	0	83.50	58.05	25.45	
NODE_7_length_410554_cov_32.2996 	3	340811	340887	Arg	ACG	0	0	83.50	58.05	25.45	
NODE_7_length_410554_cov_32.2996 	4	409529	409604	Lys	TTT	0	0	95.07	71.82	23.25	
NODE_7_length_410554_cov_32.2996 	5	356957	356881	Met	CAT	0	0	85.06	58.55	26.51	
NODE_7_length_410554_cov_32.2996 	6	250671	250599	Leu	GAG	0	0	20.84	19.28	1.56	
NODE_7_length_410554_cov_32.2996 	7	148258	148185	Gly	CCC	0	0	60.35	30.06	30.29	
NODE_8_length_393389_cov_32.4655 	1	302212	302136	Met	CAT	0	0	92.87	71.40	21.47	
NODE_10_length_203415_cov_31.703 	1	1715  	1789  	Arg	CCT	0	0	69.69	51.80	17.89	
NODE_10_length_203415_cov_31.703 	2	129554	129629	Val	TAC	0	0	94.49	73.68	20.81	
NODE_10_length_203415_cov_31.703 	3	129646	129722	Asp	GTC	0	0	94.67	75.49	19.18	
NODE_20_length_65628_cov_31.7351 	1	64409 	64334 	Trp	CCA	0	0	86.73	63.05	23.68	
NODE_26_length_36557_cov_32.2161 	1	1540  	1464  	Arg	CCG	0	0	87.81	66.55	21.26	
NODE_32_length_5523_cov_146.294  	1	1935  	2011  	Ile	GAT	0	0	98.83	72.69	26.14	
NODE_32_length_5523_cov_146.294  	2	2040  	2115  	Ala	TGC	0	0	90.68	71.56	19.12	
NODE_37_length_3319_cov_33.0517  	1	521   	437   	Tyr	GTA	0	0	71.07	41.76	29.31	
NODE_37_length_3319_cov_33.0517  	2	410   	337   	Gly	TCC	0	0	82.75	60.87	21.88	
NODE_37_length_3319_cov_33.0517  	3	317   	242   	Thr	GGT	0	0	93.76	67.73	26.03	
