Sequence                         		tRNA  	Bounds	tRNA	Anti	Intron Bounds	Cove	HMM	2'Str	      
Name                             	tRNA #	Begin 	End   	Type	Codon	Begin	End	Score	Score	Score	Note
--------                         	------	----- 	------	----	-----	-----	----	------	-----	-----	------
NODE_1_length_676890_cov_42.2211 	1	11999 	12074 	Ala	GGC	0	0	86.95	68.86	18.09	
NODE_1_length_676890_cov_42.2211 	2	12123 	12198 	Glu	TTC	0	0	66.40	38.20	28.20	
NODE_1_length_676890_cov_42.2211 	3	12292 	12367 	Ala	GGC	0	0	86.95	68.86	18.09	
NODE_1_length_676890_cov_42.2211 	4	12414 	12489 	Glu	TTC	0	0	66.40	38.20	28.20	
NODE_1_length_676890_cov_42.2211 	5	51398 	51473 	Val	TAC	0	0	94.49	73.68	20.81	
NODE_1_length_676890_cov_42.2211 	6	51490 	51566 	Asp	GTC	0	0	94.67	75.49	19.18	
NODE_1_length_676890_cov_42.2211 	7	51681 	51757 	Asp	GTC	0	0	94.67	75.49	19.18	
NODE_1_length_676890_cov_42.2211 	8	354385	354460	Glu	TTC	0	0	66.40	38.20	28.20	
NODE_1_length_676890_cov_42.2211 	9	354463	354538	Gly	GCC	0	0	93.74	68.41	25.33	
NODE_1_length_676890_cov_42.2211 	10	354623	354698	Gly	GCC	0	0	93.74	68.41	25.33	
NODE_1_length_676890_cov_42.2211 	11	399660	399736	Val	GAC	0	0	93.19	67.81	25.38	
NODE_1_length_676890_cov_42.2211 	12	433503	433579	Pro	GGG	0	0	74.89	48.01	26.88	
NODE_1_length_676890_cov_42.2211 	13	593151	593240	Ser	TGA	0	0	72.70	38.95	33.75	
NODE_1_length_676890_cov_42.2211 	14	617551	617626	Gly	GCC	0	0	93.74	68.41	25.33	
NODE_1_length_676890_cov_42.2211 	15	623945	624018	Cys	GCA	0	0	62.38	45.73	16.65	
NODE_1_length_676890_cov_42.2211 	16	321890	321801	Ser	GGA	0	0	71.75	34.38	37.37	
NODE_1_length_676890_cov_42.2211 	17	133088	133012	Pro	CGG	0	0	88.20	60.26	27.94	
NODE_1_length_676890_cov_42.2211 	18	3200  	3125  	Asn	GTT	0	0	91.73	62.08	29.65	
NODE_2_length_662741_cov_44.5428 	1	271706	271792	Leu	CAG	0	0	73.96	38.54	35.42	
NODE_2_length_662741_cov_44.5428 	2	271922	272008	Leu	CAG	0	0	73.96	38.54	35.42	
NODE_2_length_662741_cov_44.5428 	3	529428	529503	Phe	GAA	0	0	92.69	68.52	24.17	
NODE_2_length_662741_cov_44.5428 	4	540838	540913	Thr	TGT	0	0	93.66	75.64	18.02	
NODE_2_length_662741_cov_44.5428 	5	117205	117114	SeC	TCA	0	0	55.75	-18.51	74.26	
NODE_2_length_662741_cov_44.5428 	6	62976 	62891 	Leu	GAG	0	0	68.53	39.16	29.37	
NODE_2_length_662741_cov_44.5428 	7	62800 	62724 	Met	CAT	0	0	85.85	60.06	25.79	
NODE_5_length_302123_cov_43.6828 	1	293784	293699	Lys	TTT	0	0	22.00	12.28	9.72	
NODE_5_length_302123_cov_43.6828 	2	274972	274897	Thr	CGT	0	0	90.98	74.93	16.05	
NODE_6_length_262069_cov_43.2248 	1	37560 	37636 	Met	CAT	0	0	85.06	58.55	26.51	
NODE_6_length_262069_cov_43.2248 	2	143815	143887	Leu	GAG	0	0	20.84	19.28	1.56	
NODE_6_length_262069_cov_43.2248 	3	54136 	54046 	Ser	GCT	0	0	76.69	47.10	29.59	
NODE_6_length_262069_cov_43.2248 	4	53928 	53852 	Arg	ACG	0	0	83.50	58.05	25.45	
NODE_6_length_262069_cov_43.2248 	5	53740 	53664 	Arg	ACG	0	0	83.50	58.05	25.45	
NODE_7_length_259278_cov_43.4049 	1	92502 	92578 	Met	CAT	0	0	92.87	71.40	21.47	
NODE_11_length_186894_cov_44.2048	1	173459	173535	Arg	CCG	0	0	87.81	66.55	21.26	
NODE_12_length_177670_cov_43.3247	1	101588	101663	Asn	GTT	0	0	91.73	62.08	29.65	
NODE_12_length_177670_cov_43.3247	2	101673	101749	Pro	TGG	0	0	87.63	64.60	23.03	
NODE_12_length_177670_cov_43.3247	3	101760	101835	Lys	TTT	0	0	95.07	71.82	23.25	
NODE_12_length_177670_cov_43.3247	4	57680 	57607 	Arg	ACG	0	0	52.72	27.21	25.51	
NODE_13_length_172872_cov_43.0295	1	148264	148175	Ser	CGA	0	0	68.31	24.88	43.43	
NODE_16_length_155221_cov_40.636 	1	10580 	10504 	Arg	TCT	0	0	96.39	77.88	18.51	
NODE_16_length_155221_cov_40.636 	2	10452 	10377 	His	GTG	0	0	83.51	64.18	19.33	
NODE_16_length_155221_cov_40.636 	3	10322 	10238 	Leu	TAG	0	0	76.62	44.97	31.65	
NODE_19_length_126264_cov_42.6099	1	91983 	91910 	Gly	CCC	0	0	60.35	30.06	30.29	
NODE_21_length_119975_cov_43.3732	1	864   	788   	Arg	CCT	0	0	83.71	58.51	25.20	
NODE_24_length_104660_cov_42.8287	1	75416 	75502 	Leu	CAA	0	0	69.99	38.33	31.66	
NODE_26_length_98143_cov_41.1619 	1	62147 	62072 	Val	TAC	0	0	94.49	73.68	20.81	
NODE_26_length_98143_cov_41.1619 	2	62055 	61979 	Asp	GTC	0	0	94.67	75.49	19.18	
NODE_28_length_95134_cov_41.4674 	1	90142 	90067 	His	GTG	0	0	83.51	64.18	19.33	
NODE_28_length_95134_cov_41.4674 	2	78789 	78713 	Asp	GTC	0	0	95.34	76.86	18.48	
NODE_33_length_70800_cov_43.8483 	1	48572 	48646 	Gln	TTG	0	0	66.82	40.36	26.46	
NODE_33_length_70800_cov_43.8483 	2	52320 	52396 	Met	CAT	0	0	87.19	64.42	22.77	
NODE_34_length_65288_cov_44.2436 	1	64273 	64198 	Trp	CCA	0	0	86.73	63.05	23.68	
NODE_38_length_55884_cov_41.6528 	1	47348 	47273 	Thr	TGT	0	0	74.27	61.42	12.85	
NODE_47_length_24596_cov_38.6873 	1	13142 	13217 	Gly	TCC	0	0	81.23	54.80	26.43	
NODE_47_length_24596_cov_38.6873 	2	13230 	13304 	Asn	GTT	0	0	76.95	53.18	23.77	
NODE_47_length_24596_cov_38.6873 	3	13309 	13385 	Thr	TGT	0	0	63.98	52.12	11.86	
NODE_49_length_17579_cov_40.4692 	1	2306  	2231  	Lys	TTT	0	0	95.07	71.82	23.25	
NODE_59_length_5415_cov_152.905  	1	1829  	1905  	Ile	GAT	0	0	98.83	72.69	26.14	
NODE_59_length_5415_cov_152.905  	2	1934  	2009  	Ala	TGC	0	0	90.68	71.56	19.12	
NODE_68_length_3526_cov_40.276   	1	725   	641   	Tyr	GTA	0	0	71.07	41.76	29.31	
NODE_68_length_3526_cov_40.276   	2	614   	541   	Gly	TCC	0	0	82.75	60.87	21.88	
NODE_68_length_3526_cov_40.276   	3	521   	446   	Thr	GGT	0	0	93.76	67.73	26.03	
