Sequence                         		tRNA  	Bounds	tRNA	Anti	Intron Bounds	Cove	HMM	2'Str	      
Name                             	tRNA #	Begin 	End   	Type	Codon	Begin	End	Score	Score	Score	Note
--------                         	------	----- 	------	----	-----	-----	----	------	-----	-----	------
NODE_1_length_768878_cov_46.4516 	1	651803	651894	SeC	TCA	0	0	55.75	-18.51	74.26	
NODE_1_length_768878_cov_46.4516 	2	706027	706112	Leu	GAG	0	0	68.53	39.16	29.37	
NODE_1_length_768878_cov_46.4516 	3	706203	706279	Met	CAT	0	0	85.85	60.06	25.79	
NODE_1_length_768878_cov_46.4516 	4	498144	498058	Leu	CAG	0	0	73.96	38.54	35.42	
NODE_1_length_768878_cov_46.4516 	5	497928	497842	Leu	CAG	0	0	73.96	38.54	35.42	
NODE_1_length_768878_cov_46.4516 	6	241201	241126	Phe	GAA	0	0	92.69	68.52	24.17	
NODE_1_length_768878_cov_46.4516 	7	229791	229716	Thr	TGT	0	0	93.66	75.64	18.02	
NODE_2_length_702875_cov_45.4422 	1	700311	700387	Arg	CCT	0	0	83.71	58.51	25.20	
NODE_2_length_702875_cov_45.4422 	2	219559	219473	Leu	CAA	0	0	69.99	38.33	31.66	
NODE_3_length_568942_cov_45.6568 	1	92013 	92103 	Ser	GCT	0	0	76.69	47.10	29.59	
NODE_3_length_568942_cov_45.6568 	2	92221 	92297 	Arg	ACG	0	0	83.50	58.05	25.45	
NODE_3_length_568942_cov_45.6568 	3	92409 	92485 	Arg	ACG	0	0	83.50	58.05	25.45	
NODE_3_length_568942_cov_45.6568 	4	161091	161166	Lys	TTT	0	0	95.07	71.82	23.25	
NODE_3_length_568942_cov_45.6568 	5	188635	188724	Ser	CGA	0	0	68.31	24.88	43.43	
NODE_3_length_568942_cov_45.6568 	6	108556	108480	Met	CAT	0	0	85.06	58.55	26.51	
NODE_3_length_568942_cov_45.6568 	7	2344  	2272  	Leu	GAG	0	0	20.84	19.28	1.56	
NODE_4_length_490672_cov_45.035  	1	79119 	79208 	Ser	GGA	0	0	71.75	34.38	37.37	
NODE_4_length_490672_cov_45.035  	2	267931	268007	Pro	CGG	0	0	88.20	60.26	27.94	
NODE_4_length_490672_cov_45.035  	3	441728	441803	Asn	GTT	0	0	91.73	62.08	29.65	
NODE_4_length_490672_cov_45.035  	4	432929	432854	Ala	GGC	0	0	86.95	68.86	18.09	
NODE_4_length_490672_cov_45.035  	5	432805	432730	Glu	TTC	0	0	66.40	38.20	28.20	
NODE_4_length_490672_cov_45.035  	6	432636	432561	Ala	GGC	0	0	86.95	68.86	18.09	
NODE_4_length_490672_cov_45.035  	7	432514	432439	Glu	TTC	0	0	66.40	38.20	28.20	
NODE_4_length_490672_cov_45.035  	8	393532	393457	Val	TAC	0	0	94.49	73.68	20.81	
NODE_4_length_490672_cov_45.035  	9	393440	393364	Asp	GTC	0	0	94.67	75.49	19.18	
NODE_4_length_490672_cov_45.035  	10	393249	393173	Asp	GTC	0	0	94.67	75.49	19.18	
NODE_4_length_490672_cov_45.035  	11	46623 	46548 	Glu	TTC	0	0	66.40	38.20	28.20	
NODE_4_length_490672_cov_45.035  	12	46545 	46470 	Gly	GCC	0	0	93.74	68.41	25.33	
NODE_4_length_490672_cov_45.035  	13	46385 	46310 	Gly	GCC	0	0	93.74	68.41	25.33	
NODE_6_length_461164_cov_45.6214 	1	173831	173906	Asn	GTT	0	0	91.73	62.08	29.65	
NODE_6_length_461164_cov_45.6214 	2	173916	173992	Pro	TGG	0	0	87.63	64.60	23.03	
NODE_6_length_461164_cov_45.6214 	3	174003	174078	Lys	TTT	0	0	95.07	71.82	23.25	
NODE_6_length_461164_cov_45.6214 	4	192907	192982	Thr	CGT	0	0	90.98	74.93	16.05	
NODE_6_length_461164_cov_45.6214 	5	129938	129865	Arg	ACG	0	0	52.72	27.21	25.51	
NODE_6_length_461164_cov_45.6214 	6	22483 	22409 	Gln	TTG	0	0	66.82	40.36	26.46	
NODE_6_length_461164_cov_45.6214 	7	18735 	18659 	Met	CAT	0	0	87.19	64.42	22.77	
NODE_7_length_450180_cov_46.6101 	1	118925	119001	Met	CAT	0	0	92.87	71.40	21.47	
NODE_7_length_450180_cov_46.6101 	2	448870	448946	Arg	CCG	0	0	87.81	66.55	21.26	
NODE_8_length_426557_cov_45.2124 	1	302539	302615	Arg	TCT	0	0	96.39	77.88	18.51	
NODE_8_length_426557_cov_45.2124 	2	302667	302742	His	GTG	0	0	83.51	64.18	19.33	
NODE_8_length_426557_cov_45.2124 	3	302797	302881	Leu	TAG	0	0	76.62	44.97	31.65	
NODE_8_length_426557_cov_45.2124 	4	302948	303023	His	GTG	0	0	83.51	64.18	19.33	
NODE_8_length_426557_cov_45.2124 	5	314308	314384	Asp	GTC	0	0	95.34	76.86	18.48	
NODE_9_length_318102_cov_44.8106 	1	140275	140364	Ser	TGA	0	0	72.70	38.95	33.75	
NODE_9_length_318102_cov_44.8106 	2	164657	164732	Gly	GCC	0	0	93.74	68.41	25.33	
NODE_9_length_318102_cov_44.8106 	3	269465	269538	Cys	GCA	0	0	62.38	45.73	16.65	
NODE_9_length_318102_cov_44.8106 	4	282088	282174	Leu	TAA	0	0	76.64	42.32	34.32	
NODE_11_length_209570_cov_44.6649	1	130940	131015	Val	TAC	0	0	94.49	73.68	20.81	
NODE_11_length_209570_cov_44.6649	2	131032	131108	Asp	GTC	0	0	94.67	75.49	19.18	
NODE_13_length_157583_cov_45.418 	1	58882 	58809 	Gly	CCC	0	0	60.35	30.06	30.29	
NODE_21_length_65422_cov_47.8268 	1	1220  	1295  	Trp	CCA	0	0	86.73	63.05	23.68	
NODE_22_length_64739_cov_43.0927 	1	29591 	29667 	Val	GAC	0	0	93.19	67.81	25.38	
NODE_22_length_64739_cov_43.0927 	2	63730 	63806 	Pro	GGG	0	0	74.89	48.01	26.88	
NODE_30_length_5543_cov_169.716  	1	1954  	2030  	Ile	GAT	0	0	98.83	72.69	26.14	
NODE_30_length_5543_cov_169.716  	2	2059  	2134  	Ala	TGC	0	0	90.68	71.56	19.12	
NODE_33_length_3319_cov_40.2841  	1	2799  	2883  	Tyr	GTA	0	0	71.07	41.76	29.31	
NODE_33_length_3319_cov_40.2841  	2	2910  	2983  	Gly	TCC	0	0	82.75	60.87	21.88	
NODE_33_length_3319_cov_40.2841  	3	3003  	3078  	Thr	GGT	0	0	93.76	67.73	26.03	
