Sequence                         		tRNA  	Bounds	tRNA	Anti	Intron Bounds	Cove	HMM	2'Str	      
Name                             	tRNA #	Begin 	End   	Type	Codon	Begin	End	Score	Score	Score	Note
--------                         	------	----- 	------	----	-----	-----	----	------	-----	-----	------
NODE_1_length_511481_cov_31.9142 	1	388996	389072	Arg	TCT	0	0	96.39	77.88	18.51	
NODE_1_length_511481_cov_31.9142 	2	389124	389199	His	GTG	0	0	83.51	64.18	19.33	
NODE_1_length_511481_cov_31.9142 	3	389254	389338	Leu	TAG	0	0	76.62	44.97	31.65	
NODE_1_length_511481_cov_31.9142 	4	389405	389480	His	GTG	0	0	83.51	64.18	19.33	
NODE_1_length_511481_cov_31.9142 	5	400765	400841	Asp	GTC	0	0	95.34	76.86	18.48	
NODE_2_length_485048_cov_31.99   	1	27741 	27830 	Ser	CGA	0	0	68.31	24.88	43.43	
NODE_3_length_422042_cov_32.3584 	1	387779	387865	Leu	CAA	0	0	69.99	38.33	31.66	
NODE_4_length_403580_cov_31.7237 	1	44021 	44110 	Ser	GGA	0	0	71.75	34.38	37.37	
NODE_4_length_403580_cov_31.7237 	2	232807	232883	Pro	CGG	0	0	88.20	60.26	27.94	
NODE_4_length_403580_cov_31.7237 	3	359499	359574	Asn	GTT	0	0	91.73	62.08	29.65	
NODE_4_length_403580_cov_31.7237 	4	350700	350625	Ala	GGC	0	0	86.95	68.86	18.09	
NODE_4_length_403580_cov_31.7237 	5	350576	350501	Glu	TTC	0	0	66.40	38.20	28.20	
NODE_4_length_403580_cov_31.7237 	6	350407	350332	Ala	GGC	0	0	86.95	68.86	18.09	
NODE_4_length_403580_cov_31.7237 	7	350285	350210	Glu	TTC	0	0	66.40	38.20	28.20	
NODE_4_length_403580_cov_31.7237 	8	311297	311222	Val	TAC	0	0	94.49	73.68	20.81	
NODE_4_length_403580_cov_31.7237 	9	311205	311129	Asp	GTC	0	0	94.67	75.49	19.18	
NODE_4_length_403580_cov_31.7237 	10	311014	310938	Asp	GTC	0	0	94.67	75.49	19.18	
NODE_4_length_403580_cov_31.7237 	11	11525 	11450 	Glu	TTC	0	0	66.40	38.20	28.20	
NODE_4_length_403580_cov_31.7237 	12	11447 	11372 	Gly	GCC	0	0	93.74	68.41	25.33	
NODE_4_length_403580_cov_31.7237 	13	11287 	11212 	Gly	GCC	0	0	93.74	68.41	25.33	
NODE_5_length_374846_cov_33.408  	1	304097	304011	Leu	CAG	0	0	73.96	38.54	35.42	
NODE_5_length_374846_cov_33.408  	2	303881	303795	Leu	CAG	0	0	73.96	38.54	35.42	
NODE_5_length_374846_cov_33.408  	3	47369 	47294 	Phe	GAA	0	0	92.69	68.52	24.17	
NODE_5_length_374846_cov_33.408  	4	32921 	32847 	Undet	NNN	0	0	25.84	24.29	1.55	
NODE_5_length_374846_cov_33.408  	5	21512 	21437 	Thr	TGT	0	0	93.66	75.64	18.02	
NODE_6_length_306370_cov_33.0841 	1	110468	110541	Gly	CCC	0	0	60.35	30.06	30.29	
NODE_7_length_300511_cov_32.3996 	1	206167	206093	Arg	CCT	0	0	69.71	45.21	24.50	
NODE_7_length_300511_cov_32.3996 	2	73868 	73793 	Val	TAC	0	0	94.49	73.68	20.81	
NODE_7_length_300511_cov_32.3996 	3	73776 	73700 	Asp	GTC	0	0	94.67	75.49	19.18	
NODE_8_length_289589_cov_32.4105 	1	196759	196834	Asn	GTT	0	0	91.73	62.08	29.65	
NODE_8_length_289589_cov_32.4105 	2	196844	196920	Pro	TGG	0	0	87.63	64.60	23.03	
NODE_8_length_289589_cov_32.4105 	3	196931	197006	Lys	TTT	0	0	95.07	71.82	23.25	
NODE_8_length_289589_cov_32.4105 	4	216324	216399	Thr	CGT	0	0	90.98	74.93	16.05	
NODE_8_length_289589_cov_32.4105 	5	152843	152770	Arg	ACG	0	0	52.72	27.21	25.51	
NODE_8_length_289589_cov_32.4105 	6	45611 	45537 	Gln	TTG	0	0	66.82	40.36	26.46	
NODE_8_length_289589_cov_32.4105 	7	18491 	18415 	Met	CAT	0	0	87.19	64.42	22.77	
NODE_9_length_285917_cov_31.8999 	1	144333	144422	Ser	TGA	0	0	72.70	38.95	33.75	
NODE_9_length_285917_cov_31.8999 	2	168703	168778	Gly	GCC	0	0	93.74	68.41	25.33	
NODE_9_length_285917_cov_31.8999 	3	173326	173399	Cys	GCA	0	0	62.38	45.73	16.65	
NODE_9_length_285917_cov_31.8999 	4	185949	186035	Leu	TAA	0	0	76.64	42.32	34.32	
NODE_12_length_206068_cov_32.6648	1	122381	122290	SeC	TCA	0	0	55.75	-18.51	74.26	
NODE_12_length_206068_cov_32.6648	2	62759 	62674 	Leu	GAG	0	0	68.53	39.16	29.37	
NODE_12_length_206068_cov_32.6648	3	62583 	62507 	Met	CAT	0	0	85.85	60.06	25.79	
NODE_15_length_198849_cov_32.4414	1	83225 	83301 	Met	CAT	0	0	92.87	71.40	21.47	
NODE_17_length_171342_cov_31.912 	1	109071	108995	Val	GAC	0	0	93.19	67.81	25.38	
NODE_17_length_171342_cov_31.912 	2	74931 	74855 	Pro	GGG	0	0	74.89	48.01	26.88	
NODE_19_length_160024_cov_32.907 	1	40555 	40645 	Ser	GCT	0	0	76.69	47.10	29.59	
NODE_19_length_160024_cov_32.907 	2	40763 	40839 	Arg	ACG	0	0	83.50	58.05	25.45	
NODE_19_length_160024_cov_32.907 	3	40951 	41027 	Arg	ACG	0	0	83.50	58.05	25.45	
NODE_19_length_160024_cov_32.907 	4	151684	151759	Lys	TTT	0	0	95.07	71.82	23.25	
NODE_19_length_160024_cov_32.907 	5	99115 	99039 	Met	CAT	0	0	85.06	58.55	26.51	
NODE_28_length_65421_cov_33.1938 	1	1220  	1295  	Trp	CCA	0	0	86.73	63.05	23.68	
NODE_33_length_36116_cov_34.0164 	1	1478  	1402  	Arg	CCG	0	0	87.81	66.55	21.26	
NODE_44_length_8892_cov_34.9258  	1	7091  	7163  	Leu	GAG	0	0	20.84	19.28	1.56	
NODE_50_length_5636_cov_130.814  	1	3590  	3514  	Ile	GAT	0	0	98.83	72.69	26.14	
NODE_50_length_5636_cov_130.814  	2	3485  	3410  	Ala	TGC	0	0	90.68	71.56	19.12	
NODE_57_length_3319_cov_30.8167  	1	2799  	2883  	Tyr	GTA	0	0	71.07	41.76	29.31	
NODE_57_length_3319_cov_30.8167  	2	2910  	2983  	Gly	TCC	0	0	82.75	60.87	21.88	
NODE_57_length_3319_cov_30.8167  	3	3003  	3078  	Thr	GGT	0	0	93.76	67.73	26.03	
