Sequence                        		tRNA  	Bounds	tRNA	Anti	Intron Bounds	Cove	HMM	2'Str	      
Name                            	tRNA #	Begin 	End   	Type	Codon	Begin	End	Score	Score	Score	Note
--------                        	------	----- 	------	----	-----	-----	----	------	-----	-----	------
NODE_1_length_574423_cov_43.206 	1	215175	215089	Leu	CAA	0	0	69.99	38.33	31.66	
NODE_2_length_530184_cov_40.5166	1	168909	168998	Ser	GGA	0	0	71.75	34.38	37.37	
NODE_2_length_530184_cov_40.5166	2	357702	357778	Pro	CGG	0	0	88.20	60.26	27.94	
NODE_2_length_530184_cov_40.5166	3	487585	487660	Asn	GTT	0	0	91.73	62.08	29.65	
NODE_2_length_530184_cov_40.5166	4	478786	478711	Ala	GGC	0	0	86.95	68.86	18.09	
NODE_2_length_530184_cov_40.5166	5	478662	478587	Glu	TTC	0	0	66.40	38.20	28.20	
NODE_2_length_530184_cov_40.5166	6	478493	478418	Ala	GGC	0	0	86.95	68.86	18.09	
NODE_2_length_530184_cov_40.5166	7	478371	478296	Glu	TTC	0	0	66.40	38.20	28.20	
NODE_2_length_530184_cov_40.5166	8	439394	439319	Val	TAC	0	0	94.49	73.68	20.81	
NODE_2_length_530184_cov_40.5166	9	439302	439226	Asp	GTC	0	0	94.67	75.49	19.18	
NODE_2_length_530184_cov_40.5166	10	439111	439035	Asp	GTC	0	0	94.67	75.49	19.18	
NODE_2_length_530184_cov_40.5166	11	136414	136339	Glu	TTC	0	0	66.40	38.20	28.20	
NODE_2_length_530184_cov_40.5166	12	136336	136261	Gly	GCC	0	0	93.74	68.41	25.33	
NODE_2_length_530184_cov_40.5166	13	136176	136101	Gly	GCC	0	0	93.74	68.41	25.33	
NODE_2_length_530184_cov_40.5166	14	48778 	48702 	Val	GAC	0	0	93.19	67.81	25.38	
NODE_3_length_489182_cov_42.7396	1	195686	195761	Asn	GTT	0	0	91.73	62.08	29.65	
NODE_3_length_489182_cov_42.7396	2	195771	195847	Pro	TGG	0	0	87.63	64.60	23.03	
NODE_3_length_489182_cov_42.7396	3	195858	195933	Lys	TTT	0	0	95.07	71.82	23.25	
NODE_3_length_489182_cov_42.7396	4	213917	213992	Thr	CGT	0	0	90.98	74.93	16.05	
NODE_3_length_489182_cov_42.7396	5	151771	151698	Arg	ACG	0	0	52.72	27.21	25.51	
NODE_3_length_489182_cov_42.7396	6	45604 	45530 	Gln	TTG	0	0	66.82	40.36	26.46	
NODE_3_length_489182_cov_42.7396	7	18485 	18409 	Met	CAT	0	0	87.19	64.42	22.77	
NODE_4_length_457795_cov_44.1896	1	341400	341491	SeC	TCA	0	0	55.75	-18.51	74.26	
NODE_4_length_457795_cov_44.1896	2	395451	395536	Leu	GAG	0	0	68.53	39.16	29.37	
NODE_4_length_457795_cov_44.1896	3	395627	395703	Met	CAT	0	0	85.85	60.06	25.79	
NODE_4_length_457795_cov_44.1896	4	185331	185245	Leu	CAG	0	0	73.96	38.54	35.42	
NODE_4_length_457795_cov_44.1896	5	185115	185029	Leu	CAG	0	0	73.96	38.54	35.42	
NODE_5_length_436220_cov_38.8235	1	311445	311521	Arg	TCT	0	0	96.39	77.88	18.51	
NODE_5_length_436220_cov_38.8235	2	311573	311648	His	GTG	0	0	83.51	64.18	19.33	
NODE_5_length_436220_cov_38.8235	3	311703	311787	Leu	TAG	0	0	77.85	46.20	31.65	
NODE_5_length_436220_cov_38.8235	4	311854	311929	His	GTG	0	0	83.51	64.18	19.33	
NODE_5_length_436220_cov_38.8235	5	323207	323283	Asp	GTC	0	0	95.34	76.86	18.48	
NODE_6_length_375406_cov_41.4295	1	250889	250979	Ser	GCT	0	0	76.69	47.10	29.59	
NODE_6_length_375406_cov_41.4295	2	251097	251173	Arg	ACG	0	0	83.50	58.05	25.45	
NODE_6_length_375406_cov_41.4295	3	251285	251361	Arg	ACG	0	0	83.50	58.05	25.45	
NODE_6_length_375406_cov_41.4295	4	320050	320125	Lys	TTT	0	0	95.07	71.82	23.25	
NODE_6_length_375406_cov_41.4295	5	267471	267395	Met	CAT	0	0	85.06	58.55	26.51	
NODE_6_length_375406_cov_41.4295	6	161207	161135	Leu	GAG	0	0	20.84	19.28	1.56	
NODE_6_length_375406_cov_41.4295	7	57781 	57708 	Gly	CCC	0	0	60.35	30.06	30.29	
NODE_7_length_369461_cov_44.5707	1	291955	291879	Met	CAT	0	0	92.87	71.40	21.47	
NODE_8_length_260286_cov_38.9027	1	169574	169485	Ser	TGA	0	0	72.70	38.95	33.75	
NODE_8_length_260286_cov_38.9027	2	145194	145119	Gly	GCC	0	0	93.74	68.41	25.33	
NODE_8_length_260286_cov_38.9027	3	138801	138728	Cys	GCA	0	0	62.38	45.73	16.65	
NODE_8_length_260286_cov_38.9027	4	126176	126090	Leu	TAA	0	0	76.64	42.32	34.32	
NODE_10_length_206734_cov_41.2064	1	154210	154121	Ser	CGA	0	0	68.31	24.88	43.43	
NODE_16_length_150067_cov_37.9436	1	50698 	50623 	Gly	TCC	0	0	80.67	54.25	26.42	
NODE_16_length_150067_cov_37.9436	2	50610 	50536 	Asn	GTT	0	0	77.66	51.70	25.96	
NODE_16_length_150067_cov_37.9436	3	50531 	50456 	Thr	TGT	0	0	66.30	53.45	12.85	
NODE_17_length_136180_cov_41.2306	1	100221	100146	Val	TAC	0	0	94.49	73.68	20.81	
NODE_17_length_136180_cov_41.2306	2	100129	100053	Asp	GTC	0	0	94.67	75.49	19.18	
NODE_20_length_119974_cov_41.7018	1	919   	843   	Arg	CCT	0	0	83.71	58.51	25.20	
NODE_21_length_92707_cov_44.9676	1	21641 	21716 	Thr	TGT	0	0	93.66	75.64	18.02	
NODE_25_length_76775_cov_44.0248	1	4899  	4824  	Phe	GAA	0	0	92.69	68.52	24.17	
NODE_30_length_36260_cov_45.4034	1	34644 	34720 	Arg	CCG	0	0	87.81	66.55	21.26	
NODE_31_length_34499_cov_39.6313	1	19612 	19688 	Pro	GGG	0	0	74.89	48.01	26.88	
NODE_33_length_32051_cov_49.2756	1	1220  	1295  	Trp	CCA	0	0	86.73	63.05	23.68	
NODE_46_length_5405_cov_171.075 	1	1829  	1905  	Ile	GAT	0	0	98.83	72.69	26.14	
NODE_46_length_5405_cov_171.075 	2	1934  	2009  	Ala	TGC	0	0	90.68	71.56	19.12	
NODE_52_length_3329_cov_42.1808 	1	2809  	2893  	Tyr	GTA	0	0	71.07	41.76	29.31	
NODE_52_length_3329_cov_42.1808 	2	2920  	2993  	Gly	TCC	0	0	82.75	60.87	21.88	
NODE_52_length_3329_cov_42.1808 	3	3013  	3088  	Thr	GGT	0	0	93.76	67.73	26.03	
