Sequence                         		tRNA  	Bounds	tRNA	Anti	Intron Bounds	Cove	HMM	2'Str	      
Name                             	tRNA #	Begin 	End   	Type	Codon	Begin	End	Score	Score	Score	Note
--------                         	------	----- 	------	----	-----	-----	----	------	-----	-----	------
NODE_1_length_910151_cov_38.6394 	1	643661	643737	Met	CAT	0	0	85.06	58.55	26.51	
NODE_1_length_910151_cov_38.6394 	2	749883	749955	Leu	GAG	0	0	20.84	19.28	1.56	
NODE_1_length_910151_cov_38.6394 	3	851268	851341	Gly	CCC	0	0	60.35	30.06	30.29	
NODE_1_length_910151_cov_38.6394 	4	660203	660113	Ser	GCT	0	0	76.69	47.10	29.59	
NODE_1_length_910151_cov_38.6394 	5	659995	659919	Arg	ACG	0	0	83.50	58.05	25.45	
NODE_1_length_910151_cov_38.6394 	6	659807	659731	Arg	ACG	0	0	83.50	58.05	25.45	
NODE_1_length_910151_cov_38.6394 	7	591100	591025	Lys	TTT	0	0	95.07	71.82	23.25	
NODE_1_length_910151_cov_38.6394 	8	563559	563470	Ser	CGA	0	0	68.31	24.88	43.43	
NODE_2_length_909913_cov_38.2637 	1	708213	708289	Arg	CCT	0	0	83.71	58.51	25.20	
NODE_2_length_909913_cov_38.2637 	2	836056	836131	Val	TAC	0	0	94.49	73.68	20.81	
NODE_2_length_909913_cov_38.2637 	3	836148	836224	Asp	GTC	0	0	94.67	75.49	19.18	
NODE_2_length_909913_cov_38.2637 	4	228899	228813	Leu	CAA	0	0	69.99	38.33	31.66	
NODE_3_length_768567_cov_40.2074 	1	651678	651769	SeC	TCA	0	0	55.75	-18.51	74.26	
NODE_3_length_768567_cov_40.2074 	2	705716	705801	Leu	GAG	0	0	68.53	39.16	29.37	
NODE_3_length_768567_cov_40.2074 	3	705892	705968	Met	CAT	0	0	85.85	60.06	25.79	
NODE_3_length_768567_cov_40.2074 	4	497998	497912	Leu	CAG	0	0	73.96	38.54	35.42	
NODE_3_length_768567_cov_40.2074 	5	497782	497696	Leu	CAG	0	0	73.96	38.54	35.42	
NODE_3_length_768567_cov_40.2074 	6	241192	241117	Phe	GAA	0	0	92.69	68.52	24.17	
NODE_3_length_768567_cov_40.2074 	7	229782	229707	Thr	TGT	0	0	93.66	75.64	18.02	
NODE_4_length_481797_cov_37.6331 	1	115184	115273	Ser	GGA	0	0	71.75	34.38	37.37	
NODE_4_length_481797_cov_37.6331 	2	303948	304024	Pro	CGG	0	0	88.20	60.26	27.94	
NODE_4_length_481797_cov_37.6331 	3	432778	432853	Asn	GTT	0	0	91.73	62.08	29.65	
NODE_4_length_481797_cov_37.6331 	4	423979	423904	Ala	GGC	0	0	86.95	68.86	18.09	
NODE_4_length_481797_cov_37.6331 	5	423855	423780	Glu	TTC	0	0	66.40	38.20	28.20	
NODE_4_length_481797_cov_37.6331 	6	423686	423611	Ala	GGC	0	0	86.95	68.86	18.09	
NODE_4_length_481797_cov_37.6331 	7	423564	423489	Glu	TTC	0	0	66.40	38.20	28.20	
NODE_4_length_481797_cov_37.6331 	8	384568	384493	Val	TAC	0	0	94.49	73.68	20.81	
NODE_4_length_481797_cov_37.6331 	9	384476	384400	Asp	GTC	0	0	94.67	75.49	19.18	
NODE_4_length_481797_cov_37.6331 	10	384285	384209	Asp	GTC	0	0	94.67	75.49	19.18	
NODE_4_length_481797_cov_37.6331 	11	82687 	82612 	Glu	TTC	0	0	66.40	38.20	28.20	
NODE_4_length_481797_cov_37.6331 	12	82609 	82534 	Gly	GCC	0	0	93.74	68.41	25.33	
NODE_4_length_481797_cov_37.6331 	13	82449 	82374 	Gly	GCC	0	0	93.74	68.41	25.33	
NODE_4_length_481797_cov_37.6331 	14	35251 	35175 	Val	GAC	0	0	93.19	67.81	25.38	
NODE_4_length_481797_cov_37.6331 	15	1114  	1038  	Pro	GGG	0	0	74.89	48.01	26.88	
NODE_5_length_395951_cov_38.0207 	1	338152	338225	Arg	ACG	0	0	52.72	27.21	25.51	
NODE_5_length_395951_cov_38.0207 	2	294245	294170	Asn	GTT	0	0	91.73	62.08	29.65	
NODE_5_length_395951_cov_38.0207 	3	294160	294084	Pro	TGG	0	0	87.63	64.60	23.03	
NODE_5_length_395951_cov_38.0207 	4	294073	293998	Lys	TTT	0	0	95.07	71.82	23.25	
NODE_5_length_395951_cov_38.0207 	5	275327	275252	Thr	CGT	0	0	90.98	74.93	16.05	
NODE_6_length_395261_cov_37.2556 	1	302729	302805	Arg	TCT	0	0	96.39	77.88	18.51	
NODE_6_length_395261_cov_37.2556 	2	302857	302932	His	GTG	0	0	83.51	64.18	19.33	
NODE_6_length_395261_cov_37.2556 	3	302987	303071	Leu	TAG	0	0	76.62	44.97	31.65	
NODE_6_length_395261_cov_37.2556 	4	303138	303213	His	GTG	0	0	83.51	64.18	19.33	
NODE_6_length_395261_cov_37.2556 	5	314504	314580	Asp	GTC	0	0	95.34	76.86	18.48	
NODE_7_length_370230_cov_38.5854 	1	292521	292445	Met	CAT	0	0	92.87	71.40	21.47	
NODE_8_length_314965_cov_37.1896 	1	172825	172736	Ser	TGA	0	0	72.70	38.95	33.75	
NODE_8_length_314965_cov_37.1896 	2	148445	148370	Gly	GCC	0	0	93.74	68.41	25.33	
NODE_8_length_314965_cov_37.1896 	3	112612	112539	Cys	GCA	0	0	62.38	45.73	16.65	
NODE_8_length_314965_cov_37.1896 	4	99989 	99903 	Leu	TAA	0	0	76.64	42.32	34.32	
NODE_16_length_75168_cov_38.0933 	1	49257 	49331 	Gln	TTG	0	0	66.82	40.36	26.46	
NODE_16_length_75168_cov_38.0933 	2	53006 	53082 	Met	CAT	0	0	87.19	64.42	22.77	
NODE_17_length_65157_cov_35.6563 	1	64256 	64181 	Trp	CCA	0	0	86.73	63.05	23.68	
NODE_21_length_35833_cov_39.9162 	1	34620 	34696 	Arg	CCG	0	0	87.81	66.55	21.26	
NODE_30_length_5540_cov_147.236  	1	3587  	3511  	Ile	GAT	0	0	98.83	72.69	26.14	
NODE_30_length_5540_cov_147.236  	2	3482  	3407  	Ala	TGC	0	0	90.68	71.56	19.12	
NODE_34_length_3639_cov_35.9826  	1	839   	755   	Tyr	GTA	0	0	71.07	41.76	29.31	
NODE_34_length_3639_cov_35.9826  	2	728   	655   	Gly	TCC	0	0	82.75	60.87	21.88	
NODE_34_length_3639_cov_35.9826  	3	635   	560   	Thr	GGT	0	0	93.76	67.73	26.03	
