Sequence                       		tRNA  	Bounds	tRNA	Anti	Intron Bounds	Cove	HMM	2'Str	      
Name                           	tRNA #	Begin 	End   	Type	Codon	Begin	End	Score	Score	Score	Note
--------                       	------	----- 	------	----	-----	-----	----	------	-----	-----	------
NODE_1_length_691607_cov_37.59 	1	566838	566914	Arg	TCT	0	0	96.39	77.88	18.51	
NODE_1_length_691607_cov_37.59 	2	566966	567041	His	GTG	0	0	83.51	64.18	19.33	
NODE_1_length_691607_cov_37.59 	3	567096	567180	Leu	TAG	0	0	76.62	44.97	31.65	
NODE_1_length_691607_cov_37.59 	4	567247	567322	His	GTG	0	0	83.51	64.18	19.33	
NODE_1_length_691607_cov_37.59 	5	578600	578676	Asp	GTC	0	0	95.34	76.86	18.48	
NODE_2_length_685484_cov_36.3115	1	327135	327224	Ser	GGA	0	0	71.75	34.38	37.37	
NODE_2_length_685484_cov_36.3115	2	515935	516011	Pro	CGG	0	0	88.20	60.26	27.94	
NODE_2_length_685484_cov_36.3115	3	642605	642680	Asn	GTT	0	0	91.73	62.08	29.65	
NODE_2_length_685484_cov_36.3115	4	633806	633731	Ala	GGC	0	0	86.95	68.86	18.09	
NODE_2_length_685484_cov_36.3115	5	633682	633607	Glu	TTC	0	0	66.40	38.20	28.20	
NODE_2_length_685484_cov_36.3115	6	633513	633438	Ala	GGC	0	0	86.95	68.86	18.09	
NODE_2_length_685484_cov_36.3115	7	633391	633316	Glu	TTC	0	0	66.40	38.20	28.20	
NODE_2_length_685484_cov_36.3115	8	594403	594328	Val	TAC	0	0	94.49	73.68	20.81	
NODE_2_length_685484_cov_36.3115	9	594311	594235	Asp	GTC	0	0	94.67	75.49	19.18	
NODE_2_length_685484_cov_36.3115	10	594120	594044	Asp	GTC	0	0	94.67	75.49	19.18	
NODE_2_length_685484_cov_36.3115	11	294636	294561	Glu	TTC	0	0	66.40	38.20	28.20	
NODE_2_length_685484_cov_36.3115	12	294558	294483	Gly	GCC	0	0	93.74	68.41	25.33	
NODE_2_length_685484_cov_36.3115	13	172691	172616	Gly	GCC	0	0	93.74	68.41	25.33	
NODE_2_length_685484_cov_36.3115	14	35441 	35365 	Val	GAC	0	0	93.19	67.81	25.38	
NODE_2_length_685484_cov_36.3115	15	1596  	1520  	Pro	GGG	0	0	74.89	48.01	26.88	
NODE_3_length_472954_cov_35.5127	1	163536	163622	Leu	CAG	0	0	73.96	38.54	35.42	
NODE_3_length_472954_cov_35.5127	2	163752	163838	Leu	CAG	0	0	73.96	38.54	35.42	
NODE_3_length_472954_cov_35.5127	3	420476	420551	Phe	GAA	0	0	92.69	68.52	24.17	
NODE_3_length_472954_cov_35.5127	4	431881	431956	Thr	TGT	0	0	93.66	75.64	18.02	
NODE_4_length_397049_cov_33.3752	1	33538 	33452 	Leu	CAA	0	0	69.99	38.33	31.66	
NODE_5_length_384989_cov_34.7015	1	80319 	80395 	Met	CAT	0	0	92.87	71.40	21.47	
NODE_5_length_384989_cov_34.7015	2	94517 	94584 	Undet	NNN	0	0	23.91	17.16	6.75	
NODE_6_length_349915_cov_32.3507	1	101598	101673	Asn	GTT	0	0	91.73	62.08	29.65	
NODE_6_length_349915_cov_32.3507	2	101683	101759	Pro	TGG	0	0	87.63	64.60	23.03	
NODE_6_length_349915_cov_32.3507	3	101770	101845	Lys	TTT	0	0	95.07	71.82	23.25	
NODE_6_length_349915_cov_32.3507	4	119760	119835	Thr	CGT	0	0	90.98	74.93	16.05	
NODE_6_length_349915_cov_32.3507	5	57702 	57629 	Arg	ACG	0	0	52.72	27.21	25.51	
NODE_7_length_253932_cov_35.2884	1	119263	119337	Arg	CCT	0	0	69.71	45.21	24.50	
NODE_14_length_173807_cov_38.7077	1	155232	155143	Ser	CGA	0	0	68.31	24.88	43.43	
NODE_15_length_167549_cov_36.3137	1	25024 	24951 	Gly	CCC	0	0	60.35	30.06	30.29	
NODE_16_length_167099_cov_35.7241	1	140556	140645	Ser	TGA	0	0	72.70	38.95	33.75	
NODE_16_length_167099_cov_35.7241	2	164936	165011	Gly	GCC	0	0	93.74	68.41	25.33	
NODE_17_length_162634_cov_37.4886	1	55459 	55535 	Met	CAT	0	0	85.06	58.55	26.51	
NODE_17_length_162634_cov_37.4886	2	161563	161635	Leu	GAG	0	0	20.84	19.28	1.56	
NODE_17_length_162634_cov_37.4886	3	71991 	71901 	Ser	GCT	0	0	76.69	47.10	29.59	
NODE_17_length_162634_cov_37.4886	4	71783 	71707 	Arg	ACG	0	0	83.50	58.05	25.45	
NODE_17_length_162634_cov_37.4886	5	71595 	71519 	Arg	ACG	0	0	83.50	58.05	25.45	
NODE_17_length_162634_cov_37.4886	6	2885  	2810  	Lys	TTT	0	0	95.07	71.82	23.25	
NODE_21_length_118867_cov_32.5434	1	1531  	1622  	SeC	TCA	0	0	55.75	-18.51	74.26	
NODE_21_length_118867_cov_32.5434	2	55917 	56002 	Leu	GAG	0	0	68.53	39.16	29.37	
NODE_21_length_118867_cov_32.5434	3	56093 	56169 	Met	CAT	0	0	85.85	60.06	25.79	
NODE_22_length_117040_cov_38.3141	1	112553	112480	Cys	GCA	0	0	62.38	45.73	16.65	
NODE_22_length_117040_cov_38.3141	2	99928 	99842 	Leu	TAA	0	0	76.64	42.32	34.32	
NODE_23_length_114957_cov_35.5845	1	36054 	36129 	Val	TAC	0	0	94.49	73.68	20.81	
NODE_23_length_114957_cov_35.5845	2	36146 	36222 	Asp	GTC	0	0	94.67	75.49	19.18	
NODE_29_length_59892_cov_33.3656	1	10546 	10472 	Gln	TTG	0	0	66.82	40.36	26.46	
NODE_29_length_59892_cov_33.3656	2	6798  	6722  	Met	CAT	0	0	87.19	64.42	22.77	
NODE_36_length_37671_cov_38.0166	1	34651 	34727 	Arg	CCG	0	0	87.81	66.55	21.26	
NODE_38_length_31936_cov_37.2451	1	30717 	30642 	Trp	CCA	0	0	86.73	63.05	23.68	
NODE_45_length_12329_cov_43.2843	1	2893  	2808  	Lys	TTT	0	0	22.00	12.28	9.72	
NODE_51_length_5419_cov_143.177	1	1858  	1934  	Ile	GAT	0	0	98.83	72.69	26.14	
NODE_51_length_5419_cov_143.177	2	1963  	2038  	Ala	TGC	0	0	90.68	71.56	19.12	
NODE_59_length_3346_cov_34.151 	1	521   	437   	Tyr	GTA	0	0	71.07	41.76	29.31	
NODE_59_length_3346_cov_34.151 	2	410   	337   	Gly	TCC	0	0	82.75	60.87	21.88	
NODE_59_length_3346_cov_34.151 	3	317   	242   	Thr	GGT	0	0	93.76	67.73	26.03	
