Sequence                         		tRNA  	Bounds	tRNA	Anti	Intron Bounds	Cove	HMM	2'Str	      
Name                             	tRNA #	Begin 	End   	Type	Codon	Begin	End	Score	Score	Score	Note
--------                         	------	----- 	------	----	-----	-----	----	------	-----	-----	------
NODE_1_length_545764_cov_37.9953 	1	221021	221096	Asn	GTT	0	0	91.73	62.08	29.65	
NODE_1_length_545764_cov_37.9953 	2	221106	221182	Pro	TGG	0	0	87.63	64.60	23.03	
NODE_1_length_545764_cov_37.9953 	3	221193	221268	Lys	TTT	0	0	95.07	71.82	23.25	
NODE_1_length_545764_cov_37.9953 	4	240585	240660	Thr	CGT	0	0	90.98	74.93	16.05	
NODE_1_length_545764_cov_37.9953 	5	177147	177074	Arg	ACG	0	0	52.72	27.21	25.51	
NODE_1_length_545764_cov_37.9953 	6	70415 	70341 	Gln	TTG	0	0	66.82	40.36	26.46	
NODE_1_length_545764_cov_37.9953 	7	29492 	29416 	Met	CAT	0	0	87.19	64.42	22.77	
NODE_2_length_459592_cov_37.9361 	1	44901 	44990 	Ser	GGA	0	0	71.75	34.38	37.37	
NODE_2_length_459592_cov_37.9361 	2	233645	233721	Pro	CGG	0	0	88.20	60.26	27.94	
NODE_2_length_459592_cov_37.9361 	3	362462	362537	Asn	GTT	0	0	91.73	62.08	29.65	
NODE_2_length_459592_cov_37.9361 	4	353664	353589	Ala	GGC	0	0	86.95	68.86	18.09	
NODE_2_length_459592_cov_37.9361 	5	353540	353465	Glu	TTC	0	0	66.40	38.20	28.20	
NODE_2_length_459592_cov_37.9361 	6	353371	353296	Ala	GGC	0	0	86.95	68.86	18.09	
NODE_2_length_459592_cov_37.9361 	7	353249	353174	Glu	TTC	0	0	66.40	38.20	28.20	
NODE_2_length_459592_cov_37.9361 	8	314269	314194	Val	TAC	0	0	94.49	73.68	20.81	
NODE_2_length_459592_cov_37.9361 	9	314177	314101	Asp	GTC	0	0	94.67	75.49	19.18	
NODE_2_length_459592_cov_37.9361 	10	313986	313910	Asp	GTC	0	0	94.67	75.49	19.18	
NODE_2_length_459592_cov_37.9361 	11	12404 	12329 	Glu	TTC	0	0	66.40	38.20	28.20	
NODE_2_length_459592_cov_37.9361 	12	12326 	12251 	Gly	GCC	0	0	93.74	68.41	25.33	
NODE_3_length_455178_cov_38.2437 	1	338186	338277	SeC	TCA	0	0	55.75	-18.51	74.26	
NODE_3_length_455178_cov_38.2437 	2	392325	392410	Leu	GAG	0	0	68.53	39.16	29.37	
NODE_3_length_455178_cov_38.2437 	3	392501	392577	Met	CAT	0	0	85.85	60.06	25.79	
NODE_3_length_455178_cov_38.2437 	4	184677	184591	Leu	CAG	0	0	73.96	38.54	35.42	
NODE_3_length_455178_cov_38.2437 	5	184461	184375	Leu	CAG	0	0	73.96	38.54	35.42	
NODE_4_length_432377_cov_38.2695 	1	309832	309908	Arg	TCT	0	0	96.39	77.88	18.51	
NODE_4_length_432377_cov_38.2695 	2	309960	310035	His	GTG	0	0	83.51	64.18	19.33	
NODE_4_length_432377_cov_38.2695 	3	310090	310174	Leu	TAG	0	0	76.62	44.97	31.65	
NODE_4_length_432377_cov_38.2695 	4	310241	310316	His	GTG	0	0	83.51	64.18	19.33	
NODE_4_length_432377_cov_38.2695 	5	321600	321676	Asp	GTC	0	0	95.34	76.86	18.48	
NODE_6_length_377387_cov_38.6916 	1	294330	294254	Met	CAT	0	0	92.87	71.40	21.47	
NODE_8_length_310799_cov_38.7813 	1	95557 	95643 	Leu	CAA	0	0	69.99	38.33	31.66	
NODE_9_length_223772_cov_38.1889 	1	160278	160202	Arg	CCT	0	0	83.71	58.51	25.20	
NODE_9_length_223772_cov_38.1889 	2	32452 	32377 	Val	TAC	0	0	94.49	73.68	20.81	
NODE_9_length_223772_cov_38.1889 	3	32360 	32284 	Asp	GTC	0	0	94.67	75.49	19.18	
NODE_10_length_222752_cov_38.397 	1	140811	140900	Ser	TGA	0	0	72.70	38.95	33.75	
NODE_10_length_222752_cov_38.397 	2	165188	165263	Gly	GCC	0	0	93.74	68.41	25.33	
NODE_10_length_222752_cov_38.397 	3	169810	169883	Cys	GCA	0	0	62.38	45.73	16.65	
NODE_11_length_215188_cov_38.0749	1	109182	109257	Gly	GCC	0	0	93.74	68.41	25.33	
NODE_11_length_215188_cov_38.0749	2	150717	150793	Val	GAC	0	0	93.19	67.81	25.38	
NODE_11_length_215188_cov_38.0749	3	184860	184936	Pro	GGG	0	0	74.89	48.01	26.88	
NODE_12_length_207705_cov_38.2487	1	135314	135239	Phe	GAA	0	0	92.69	68.52	24.17	
NODE_12_length_207705_cov_38.2487	2	123909	123834	Thr	TGT	0	0	93.66	75.64	18.02	
NODE_14_length_184548_cov_37.8185	1	127442	127515	Gly	CCC	0	0	60.35	30.06	30.29	
NODE_15_length_173805_cov_38.2906	1	27617 	27706 	Ser	CGA	0	0	68.31	24.88	43.43	
NODE_17_length_160305_cov_38.2614	1	53884 	53960 	Met	CAT	0	0	85.06	58.55	26.51	
NODE_17_length_160305_cov_38.2614	2	70428 	70338 	Ser	GCT	0	0	76.69	47.10	29.59	
NODE_17_length_160305_cov_38.2614	3	70220 	70144 	Arg	ACG	0	0	83.50	58.05	25.45	
NODE_17_length_160305_cov_38.2614	4	70032 	69956 	Arg	ACG	0	0	83.50	58.05	25.45	
NODE_17_length_160305_cov_38.2614	5	1339  	1264  	Lys	TTT	0	0	95.07	71.82	23.25	
NODE_18_length_138076_cov_38.2724	1	45691 	45616 	Thr	TGT	0	0	67.30	58.49	8.81	
NODE_21_length_104197_cov_39.2259	1	57854 	57778 	Arg	CCG	0	0	87.89	66.77	21.12	
NODE_30_length_65048_cov_38.3951 	1	824   	899   	Trp	CCA	0	0	86.73	63.05	23.68	
NODE_43_length_7447_cov_38.1966  	1	476   	404   	Leu	GAG	0	0	20.84	19.28	1.56	
NODE_48_length_5542_cov_157.947  	1	1954  	2030  	Ile	GAT	0	0	98.83	72.69	26.14	
NODE_48_length_5542_cov_157.947  	2	2059  	2134  	Ala	TGC	0	0	90.68	71.56	19.12	
NODE_53_length_3319_cov_41.1294  	1	521   	437   	Tyr	GTA	0	0	71.07	41.76	29.31	
NODE_53_length_3319_cov_41.1294  	2	410   	337   	Gly	TCC	0	0	82.75	60.87	21.88	
NODE_53_length_3319_cov_41.1294  	3	317   	242   	Thr	GGT	0	0	93.76	67.73	26.03	
