Sequence                         		tRNA  	Bounds	tRNA	Anti	Intron Bounds	Cove	HMM	2'Str	      
Name                             	tRNA #	Begin 	End   	Type	Codon	Begin	End	Score	Score	Score	Note
--------                         	------	----- 	------	----	-----	-----	----	------	-----	-----	------
NODE_1_length_497157_cov_35.0396 	1	51398 	51473 	Ala	GGC	0	0	86.95	68.86	18.09	
NODE_1_length_497157_cov_35.0396 	2	51522 	51597 	Glu	TTC	0	0	66.40	38.20	28.20	
NODE_1_length_497157_cov_35.0396 	3	51691 	51766 	Ala	GGC	0	0	86.95	68.86	18.09	
NODE_1_length_497157_cov_35.0396 	4	51813 	51888 	Glu	TTC	0	0	66.40	38.20	28.20	
NODE_1_length_497157_cov_35.0396 	5	90790 	90865 	Val	TAC	0	0	94.49	73.68	20.81	
NODE_1_length_497157_cov_35.0396 	6	90882 	90958 	Asp	GTC	0	0	94.67	75.49	19.18	
NODE_1_length_497157_cov_35.0396 	7	91073 	91149 	Asp	GTC	0	0	94.67	75.49	19.18	
NODE_1_length_497157_cov_35.0396 	8	393770	393845	Glu	TTC	0	0	66.40	38.20	28.20	
NODE_1_length_497157_cov_35.0396 	9	393848	393923	Gly	GCC	0	0	93.74	68.41	25.33	
NODE_1_length_497157_cov_35.0396 	10	394008	394083	Gly	GCC	0	0	93.74	68.41	25.33	
NODE_1_length_497157_cov_35.0396 	11	361275	361186	Ser	GGA	0	0	71.75	34.38	37.37	
NODE_1_length_497157_cov_35.0396 	12	172482	172406	Pro	CGG	0	0	88.20	60.26	27.94	
NODE_1_length_497157_cov_35.0396 	13	42599 	42524 	Asn	GTT	0	0	91.73	62.08	29.65	
NODE_2_length_452048_cov_34.9816 	1	327532	327622	Ser	GCT	0	0	76.69	47.10	29.59	
NODE_2_length_452048_cov_34.9816 	2	327740	327816	Arg	ACG	0	0	83.50	58.05	25.45	
NODE_2_length_452048_cov_34.9816 	3	327928	328004	Arg	ACG	0	0	83.50	58.05	25.45	
NODE_2_length_452048_cov_34.9816 	4	396692	396767	Lys	TTT	0	0	95.07	71.82	23.25	
NODE_2_length_452048_cov_34.9816 	5	344114	344038	Met	CAT	0	0	85.06	58.55	26.51	
NODE_2_length_452048_cov_34.9816 	6	237850	237778	Leu	GAG	0	0	20.84	19.28	1.56	
NODE_2_length_452048_cov_34.9816 	7	134424	134351	Gly	CCC	0	0	60.35	30.06	30.29	
NODE_3_length_435936_cov_34.1731 	1	311152	311228	Arg	TCT	0	0	96.39	77.88	18.51	
NODE_3_length_435936_cov_34.1731 	2	311280	311355	His	GTG	0	0	83.51	64.18	19.33	
NODE_3_length_435936_cov_34.1731 	3	311410	311494	Leu	TAG	0	0	76.62	44.97	31.65	
NODE_3_length_435936_cov_34.1731 	4	311561	311636	His	GTG	0	0	83.51	64.18	19.33	
NODE_3_length_435936_cov_34.1731 	5	322914	322990	Asp	GTC	0	0	95.34	76.86	18.48	
NODE_4_length_375299_cov_31.9607 	1	291955	291879	Met	CAT	0	0	92.87	71.40	21.47	
NODE_5_length_315322_cov_32.4463 	1	214743	214657	Leu	CAA	0	0	69.99	38.33	31.66	
NODE_6_length_280919_cov_35.338  	1	153999	154088	Ser	TGA	0	0	72.70	38.95	33.75	
NODE_6_length_280919_cov_35.338  	2	178379	178454	Gly	GCC	0	0	93.74	68.41	25.33	
NODE_8_length_232967_cov_31.8351 	1	116607	116698	SeC	TCA	0	0	55.75	-18.51	74.26	
NODE_8_length_232967_cov_31.8351 	2	170646	170731	Leu	GAG	0	0	68.53	39.16	29.37	
NODE_8_length_232967_cov_31.8351 	3	170822	170898	Met	CAT	0	0	85.85	60.06	25.79	
NODE_11_length_217796_cov_31.9975	1	195697	195772	Asn	GTT	0	0	91.73	62.08	29.65	
NODE_11_length_217796_cov_31.9975	2	195782	195858	Pro	TGG	0	0	87.63	64.60	23.03	
NODE_11_length_217796_cov_31.9975	3	195869	195944	Lys	TTT	0	0	95.07	71.82	23.25	
NODE_11_length_217796_cov_31.9975	4	213928	214003	Thr	CGT	0	0	90.98	74.93	16.05	
NODE_11_length_217796_cov_31.9975	5	151781	151708	Arg	ACG	0	0	52.72	27.21	25.51	
NODE_11_length_217796_cov_31.9975	6	45604 	45530 	Gln	TTG	0	0	66.82	40.36	26.46	
NODE_11_length_217796_cov_31.9975	7	18485 	18409 	Met	CAT	0	0	87.19	64.42	22.77	
NODE_12_length_206686_cov_36.2334	1	154162	154073	Ser	CGA	0	0	68.31	24.88	43.43	
NODE_17_length_148846_cov_41.3385	1	49039 	48964 	Thr	TGT	0	0	74.27	61.42	12.85	
NODE_18_length_146574_cov_39.1083	1	138801	138728	Cys	GCA	0	0	62.38	45.73	16.65	
NODE_18_length_146574_cov_39.1083	2	126176	126090	Leu	TAA	0	0	76.64	42.32	34.32	
NODE_22_length_120081_cov_33.4644	1	871   	795   	Arg	CCT	0	0	83.71	58.51	25.20	
NODE_27_length_85621_cov_32.4582 	1	8843  	8929  	Leu	CAG	0	0	73.96	38.54	35.42	
NODE_27_length_85621_cov_32.4582 	2	9059  	9145  	Leu	CAG	0	0	73.96	38.54	35.42	
NODE_30_length_76775_cov_33.8055 	1	71877 	71952 	Phe	GAA	0	0	92.69	68.52	24.17	
NODE_32_length_68805_cov_34.7524 	1	21641 	21716 	Thr	TGT	0	0	93.66	75.64	18.02	
NODE_34_length_64687_cov_40.7104 	1	34879 	34803 	Val	GAC	0	0	93.19	67.81	25.38	
NODE_35_length_62882_cov_35.7478 	1	35960 	36035 	Val	TAC	0	0	94.49	73.68	20.81	
NODE_35_length_62882_cov_35.7478 	2	36052 	36128 	Asp	GTC	0	0	94.67	75.49	19.18	
NODE_38_length_38922_cov_38.1974 	1	14888 	14812 	Pro	GGG	0	0	74.89	48.01	26.88	
NODE_39_length_35831_cov_39.9172 	1	34644 	34720 	Arg	CCG	0	0	87.81	66.55	21.26	
NODE_42_length_32051_cov_34.0797 	1	30832 	30757 	Trp	CCA	0	0	86.73	63.05	23.68	
NODE_56_length_5405_cov_148.552  	1	3577  	3501  	Ile	GAT	0	0	98.83	72.69	26.14	
NODE_56_length_5405_cov_148.552  	2	3472  	3397  	Ala	TGC	0	0	90.68	71.56	19.12	
NODE_61_length_3329_cov_30.3229  	1	521   	437   	Tyr	GTA	0	0	71.07	41.76	29.31	
NODE_61_length_3329_cov_30.3229  	2	410   	337   	Gly	TCC	0	0	82.75	60.87	21.88	
NODE_61_length_3329_cov_30.3229  	3	317   	242   	Thr	GGT	0	0	93.76	67.73	26.03	
