Sequence                         		tRNA  	Bounds	tRNA	Anti	Intron Bounds	Cove	HMM	2'Str	      
Name                             	tRNA #	Begin 	End   	Type	Codon	Begin	End	Score	Score	Score	Note
--------                         	------	----- 	------	----	-----	-----	----	------	-----	-----	------
NODE_1_length_803010_cov_50.0582 	1	90640 	90730 	Ser	GCT	0	0	76.69	47.10	29.59	
NODE_1_length_803010_cov_50.0582 	2	90847 	90923 	Arg	ACG	0	0	83.50	58.05	25.45	
NODE_1_length_803010_cov_50.0582 	3	159574	159649	Lys	TTT	0	0	95.07	71.82	23.25	
NODE_1_length_803010_cov_50.0582 	4	208378	208467	Ser	CGA	0	0	68.31	24.88	43.43	
NODE_1_length_803010_cov_50.0582 	5	107003	106927	Met	CAT	0	0	85.06	58.55	26.51	
NODE_1_length_803010_cov_50.0582 	6	880   	808   	Leu	GAG	0	0	20.84	19.28	1.56	
NODE_2_length_740721_cov_49.0452 	1	51393 	51468 	Ala	GGC	0	0	86.95	68.86	18.09	
NODE_2_length_740721_cov_49.0452 	2	51517 	51592 	Glu	TTC	0	0	66.40	38.20	28.20	
NODE_2_length_740721_cov_49.0452 	3	51686 	51761 	Ala	GGC	0	0	86.95	68.86	18.09	
NODE_2_length_740721_cov_49.0452 	4	51808 	51883 	Glu	TTC	0	0	66.40	38.20	28.20	
NODE_2_length_740721_cov_49.0452 	5	90800 	90875 	Val	TAC	0	0	94.49	73.68	20.81	
NODE_2_length_740721_cov_49.0452 	6	90892 	90968 	Asp	GTC	0	0	94.67	75.49	19.18	
NODE_2_length_740721_cov_49.0452 	7	91083 	91159 	Asp	GTC	0	0	94.67	75.49	19.18	
NODE_2_length_740721_cov_49.0452 	8	393750	393825	Glu	TTC	0	0	66.40	38.20	28.20	
NODE_2_length_740721_cov_49.0452 	9	393828	393903	Gly	GCC	0	0	93.74	68.41	25.33	
NODE_2_length_740721_cov_49.0452 	10	393988	394063	Gly	GCC	0	0	93.74	68.41	25.33	
NODE_2_length_740721_cov_49.0452 	11	481496	481572	Val	GAC	0	0	93.19	67.81	25.38	
NODE_2_length_740721_cov_49.0452 	12	515637	515713	Pro	GGG	0	0	74.89	48.01	26.88	
NODE_2_length_740721_cov_49.0452 	13	663394	663483	Ser	TGA	0	0	72.70	38.95	33.75	
NODE_2_length_740721_cov_49.0452 	14	687771	687846	Gly	GCC	0	0	93.74	68.41	25.33	
NODE_2_length_740721_cov_49.0452 	15	361253	361164	Ser	GGA	0	0	71.75	34.38	37.37	
NODE_2_length_740721_cov_49.0452 	16	172446	172370	Pro	CGG	0	0	88.20	60.26	27.94	
NODE_2_length_740721_cov_49.0452 	17	42594 	42519 	Asn	GTT	0	0	91.73	62.08	29.65	
NODE_3_length_730164_cov_53.5719 	1	652654	652578	Met	CAT	0	0	92.87	71.40	21.47	
NODE_3_length_730164_cov_53.5719 	2	325185	325109	Arg	CCG	0	0	90.57	71.58	18.99	
NODE_3_length_730164_cov_53.5719 	3	253237	253162	Arg	CCG	0	0	22.41	20.96	1.45	
NODE_4_length_458650_cov_51.0513 	1	273278	273364	Leu	CAG	0	0	73.96	38.54	35.42	
NODE_4_length_458650_cov_51.0513 	2	273494	273580	Leu	CAG	0	0	73.96	38.54	35.42	
NODE_4_length_458650_cov_51.0513 	3	117070	116979	SeC	TCA	0	0	55.75	-18.51	74.26	
NODE_4_length_458650_cov_51.0513 	4	62861 	62776 	Leu	GAG	0	0	68.53	39.16	29.37	
NODE_4_length_458650_cov_51.0513 	5	62685 	62609 	Met	CAT	0	0	85.85	60.06	25.79	
NODE_5_length_435343_cov_50.0319 	1	425485	425559	Asn	GTT	0	0	61.33	49.24	12.09	
NODE_5_length_435343_cov_50.0319 	2	425564	425639	Thr	TGT	0	0	74.27	61.42	12.85	
NODE_5_length_435343_cov_50.0319 	3	224320	224234	Leu	CAA	0	0	69.99	38.33	31.66	
NODE_6_length_307829_cov_50.0168 	1	32319 	32394 	Thr	CGT	0	0	90.98	74.93	16.05	
NODE_7_length_267760_cov_49.0007 	1	144637	144713	Arg	TCT	0	0	96.39	77.88	18.51	
NODE_7_length_267760_cov_49.0007 	2	144765	144840	His	GTG	0	0	83.51	64.18	19.33	
NODE_7_length_267760_cov_49.0007 	3	144895	144979	Leu	TAG	0	0	76.62	44.97	31.65	
NODE_7_length_267760_cov_49.0007 	4	145046	145121	His	GTG	0	0	83.51	64.18	19.33	
NODE_7_length_267760_cov_49.0007 	5	156399	156475	Asp	GTC	0	0	95.34	76.86	18.48	
NODE_9_length_214062_cov_49.6936 	1	119036	119110	Arg	CCT	0	0	69.71	45.21	24.50	
NODE_11_length_206350_cov_52.6319	1	72555 	72630 	Phe	GAA	0	0	92.69	68.52	24.17	
NODE_11_length_206350_cov_52.6319	2	83959 	84034 	Thr	TGT	0	0	93.66	75.64	18.02	
NODE_14_length_157100_cov_49.7384	1	99314 	99387 	Gly	CCC	0	0	54.49	29.93	24.56	
NODE_15_length_142855_cov_49.5014	1	93127 	93201 	Asn	GTT	0	0	77.66	51.70	25.96	
NODE_15_length_142855_cov_49.5014	2	93206 	93281 	Thr	TGT	0	0	74.27	61.42	12.85	
NODE_16_length_139910_cov_51.3598	1	80112 	80185 	Arg	ACG	0	0	52.72	27.21	25.51	
NODE_16_length_139910_cov_51.3598	2	36197 	36122 	Asn	GTT	0	0	91.73	62.08	29.65	
NODE_16_length_139910_cov_51.3598	3	36112 	36036 	Pro	TGG	0	0	87.63	64.60	23.03	
NODE_16_length_139910_cov_51.3598	4	36025 	35950 	Lys	TTT	0	0	95.07	71.82	23.25	
NODE_19_length_114736_cov_49.8076	1	78740 	78665 	Val	TAC	0	0	94.49	73.68	20.81	
NODE_19_length_114736_cov_49.8076	2	78648 	78572 	Asp	GTC	0	0	94.67	75.49	19.18	
NODE_23_length_82441_cov_50.444  	1	31937 	32010 	Cys	GCA	0	0	62.38	45.73	16.65	
NODE_26_length_70927_cov_51.1565 	1	48688 	48762 	Gln	TTG	0	0	66.82	40.36	26.46	
NODE_26_length_70927_cov_51.1565 	2	52436 	52512 	Met	CAT	0	0	87.19	64.42	22.77	
NODE_28_length_65467_cov_49.3938 	1	64248 	64173 	Trp	CCA	0	0	86.73	63.05	23.68	
NODE_42_length_5519_cov_209.643  	1	1954  	2030  	Ile	GAT	0	0	98.83	72.69	26.14	
NODE_42_length_5519_cov_209.643  	2	2059  	2134  	Ala	TGC	0	0	90.68	71.56	19.12	
NODE_52_length_3342_cov_51.251   	1	521   	437   	Tyr	GTA	0	0	71.07	41.76	29.31	
NODE_52_length_3342_cov_51.251   	2	410   	337   	Gly	TCC	0	0	82.75	60.87	21.88	
NODE_52_length_3342_cov_51.251   	3	317   	242   	Thr	GGT	0	0	93.76	67.73	26.03	
