Sequence                         		tRNA  	Bounds	tRNA	Anti	Intron Bounds	Cove	HMM	2'Str	      
Name                             	tRNA #	Begin 	End   	Type	Codon	Begin	End	Score	Score	Score	Note
--------                         	------	----- 	------	----	-----	-----	----	------	-----	-----	------
NODE_1_length_632253_cov_35.3686 	1	215175	215089	Leu	CAA	0	0	69.99	38.33	31.66	
NODE_2_length_489219_cov_36.7443 	1	51399 	51474 	Ala	GGC	0	0	86.95	68.86	18.09	
NODE_2_length_489219_cov_36.7443 	2	51523 	51598 	Glu	TTC	0	0	66.40	38.20	28.20	
NODE_2_length_489219_cov_36.7443 	3	51692 	51767 	Ala	GGC	0	0	86.95	68.86	18.09	
NODE_2_length_489219_cov_36.7443 	4	51814 	51889 	Glu	TTC	0	0	66.40	38.20	28.20	
NODE_2_length_489219_cov_36.7443 	5	90791 	90866 	Val	TAC	0	0	94.49	73.68	20.81	
NODE_2_length_489219_cov_36.7443 	6	90883 	90959 	Asp	GTC	0	0	94.67	75.49	19.18	
NODE_2_length_489219_cov_36.7443 	7	91074 	91150 	Asp	GTC	0	0	94.67	75.49	19.18	
NODE_2_length_489219_cov_36.7443 	8	393771	393846	Glu	TTC	0	0	66.40	38.20	28.20	
NODE_2_length_489219_cov_36.7443 	9	393849	393924	Gly	GCC	0	0	93.74	68.41	25.33	
NODE_2_length_489219_cov_36.7443 	10	394009	394084	Gly	GCC	0	0	93.74	68.41	25.33	
NODE_2_length_489219_cov_36.7443 	11	440441	440517	Val	GAC	0	0	93.19	67.81	25.38	
NODE_2_length_489219_cov_36.7443 	12	361276	361187	Ser	GGA	0	0	71.75	34.38	37.37	
NODE_2_length_489219_cov_36.7443 	13	172483	172407	Pro	CGG	0	0	88.20	60.26	27.94	
NODE_2_length_489219_cov_36.7443 	14	42600 	42525 	Asn	GTT	0	0	91.73	62.08	29.65	
NODE_3_length_458629_cov_36.5253 	1	341612	341703	SeC	TCA	0	0	55.75	-18.51	74.26	
NODE_3_length_458629_cov_36.5253 	2	395651	395736	Leu	GAG	0	0	68.53	39.16	29.37	
NODE_3_length_458629_cov_36.5253 	3	395827	395903	Met	CAT	0	0	85.85	60.06	25.79	
NODE_3_length_458629_cov_36.5253 	4	185331	185245	Leu	CAG	0	0	73.96	38.54	35.42	
NODE_3_length_458629_cov_36.5253 	5	185115	185029	Leu	CAG	0	0	73.96	38.54	35.42	
NODE_4_length_381100_cov_37.0074 	1	290718	290629	Ser	TGA	0	0	72.70	38.95	33.75	
NODE_4_length_381100_cov_37.0074 	2	266338	266263	Gly	GCC	0	0	93.74	68.41	25.33	
NODE_4_length_381100_cov_37.0074 	3	138228	138155	Cys	GCA	0	0	62.38	45.73	16.65	
NODE_4_length_381100_cov_37.0074 	4	125603	125517	Leu	TAA	0	0	76.64	42.32	34.32	
NODE_5_length_378010_cov_35.0711 	1	300345	300269	Met	CAT	0	0	94.25	81.17	13.08	
NODE_9_length_217060_cov_38.7315 	1	90484 	90574 	Ser	GCT	0	0	76.69	47.10	29.59	
NODE_9_length_217060_cov_38.7315 	2	90692 	90768 	Arg	ACG	0	0	83.50	58.05	25.45	
NODE_9_length_217060_cov_38.7315 	3	90880 	90956 	Arg	ACG	0	0	83.50	58.05	25.45	
NODE_9_length_217060_cov_38.7315 	4	159643	159718	Lys	TTT	0	0	95.07	71.82	23.25	
NODE_9_length_217060_cov_38.7315 	5	107066	106990	Met	CAT	0	0	85.06	58.55	26.51	
NODE_9_length_217060_cov_38.7315 	6	802   	730   	Leu	GAG	0	0	20.84	19.28	1.56	
NODE_10_length_206734_cov_39.8751	1	154210	154121	Ser	CGA	0	0	68.31	24.88	43.43	
NODE_12_length_203677_cov_37.7682	1	59140 	59064 	Arg	TCT	0	0	96.39	77.88	18.51	
NODE_12_length_203677_cov_37.7682	2	59012 	58937 	His	GTG	0	0	83.51	64.18	19.33	
NODE_12_length_203677_cov_37.7682	3	56447 	56364 	Leu	TAG	0	0	70.50	40.25	30.25	
NODE_12_length_203677_cov_37.7682	4	24491 	24416 	Thr	TGT	0	0	74.27	61.42	12.85	
NODE_13_length_199873_cov_36.7793	1	140725	140798	Gly	CCC	0	0	60.35	30.06	30.29	
NODE_17_length_160116_cov_35.8742	1	3868  	3941  	Arg	ACG	0	0	52.72	27.21	25.51	
NODE_17_length_160116_cov_35.8742	2	111983	112057	Gln	TTG	0	0	66.82	40.36	26.46	
NODE_17_length_160116_cov_35.8742	3	141632	141708	Met	CAT	0	0	87.19	64.42	22.77	
NODE_18_length_149968_cov_39.5904	1	147579	147504	His	GTG	0	0	83.51	64.18	19.33	
NODE_18_length_149968_cov_39.5904	2	136226	136150	Asp	GTC	0	0	95.34	76.86	18.48	
NODE_19_length_136161_cov_37.3203	1	100202	100127	Val	TAC	0	0	94.49	73.68	20.81	
NODE_19_length_136161_cov_37.3203	2	100110	100034	Asp	GTC	0	0	94.67	75.49	19.18	
NODE_21_length_121730_cov_35.7215	1	119786	119862	Arg	CCT	0	0	83.71	58.51	25.20	
NODE_30_length_76984_cov_36.2133 	1	36686 	36611 	Asn	GTT	0	0	91.73	62.08	29.65	
NODE_30_length_76984_cov_36.2133 	2	36601 	36525 	Pro	TGG	0	0	87.63	64.60	23.03	
NODE_30_length_76984_cov_36.2133 	3	36514 	36439 	Lys	TTT	0	0	95.07	71.82	23.25	
NODE_30_length_76984_cov_36.2133 	4	18455 	18380 	Thr	CGT	0	0	90.98	74.93	16.05	
NODE_31_length_76775_cov_38.6989 	1	4899  	4824  	Phe	GAA	0	0	92.69	68.52	24.17	
NODE_34_length_57542_cov_39.886  	1	21623 	21698 	Thr	TGT	0	0	93.66	75.64	18.02	
NODE_38_length_43202_cov_38.2888 	1	14889 	14813 	Pro	GGG	0	0	74.89	48.01	26.88	
NODE_39_length_35831_cov_41.9223 	1	34644 	34720 	Arg	CCG	0	0	87.81	66.55	21.26	
NODE_42_length_32051_cov_37.3125 	1	1220  	1295  	Trp	CCA	0	0	86.73	63.05	23.68	
NODE_55_length_5405_cov_154.477  	1	1829  	1905  	Ile	GAT	0	0	98.83	72.69	26.14	
NODE_55_length_5405_cov_154.477  	2	1934  	2009  	Ala	TGC	0	0	90.68	71.56	19.12	
NODE_56_length_3329_cov_35.3807  	1	2809  	2893  	Tyr	GTA	0	0	71.07	41.76	29.31	
NODE_56_length_3329_cov_35.3807  	2	2920  	2993  	Gly	TCC	0	0	82.75	60.87	21.88	
NODE_56_length_3329_cov_35.3807  	3	3013  	3088  	Thr	GGT	0	0	93.76	67.73	26.03	
