Sequence                         		tRNA  	Bounds	tRNA	Anti	Intron Bounds	Cove	HMM	2'Str	      
Name                             	tRNA #	Begin 	End   	Type	Codon	Begin	End	Score	Score	Score	Note
--------                         	------	----- 	------	----	-----	-----	----	------	-----	-----	------
NODE_1_length_765122_cov_27.0259 	1	660870	660961	SeC	TCA	0	0	55.75	-18.51	74.26	
NODE_1_length_765122_cov_27.0259 	2	715060	715145	Leu	GAG	0	0	68.53	39.16	29.37	
NODE_1_length_765122_cov_27.0259 	3	715236	715312	Met	CAT	0	0	85.85	60.06	25.79	
NODE_1_length_765122_cov_27.0259 	4	507198	507112	Leu	CAG	0	0	73.96	38.54	35.42	
NODE_1_length_765122_cov_27.0259 	5	506982	506896	Leu	CAG	0	0	73.96	38.54	35.42	
NODE_1_length_765122_cov_27.0259 	6	250259	250184	Phe	GAA	0	0	92.69	68.52	24.17	
NODE_1_length_765122_cov_27.0259 	7	238854	238779	Thr	TGT	0	0	93.66	75.64	18.02	
NODE_2_length_758123_cov_32.1962 	1	634109	634185	Arg	TCT	0	0	96.39	77.88	18.51	
NODE_2_length_758123_cov_32.1962 	2	634237	634312	His	GTG	0	0	83.51	64.18	19.33	
NODE_2_length_758123_cov_32.1962 	3	634367	634451	Leu	TAG	0	0	76.62	44.97	31.65	
NODE_2_length_758123_cov_32.1962 	4	634518	634593	His	GTG	0	0	83.51	64.18	19.33	
NODE_2_length_758123_cov_32.1962 	5	645877	645953	Asp	GTC	0	0	95.34	76.86	18.48	
NODE_3_length_665758_cov_30.5002 	1	55894 	55969 	Ala	GGC	0	0	86.95	68.86	18.09	
NODE_3_length_665758_cov_30.5002 	2	56018 	56093 	Glu	TTC	0	0	66.40	38.20	28.20	
NODE_3_length_665758_cov_30.5002 	3	56187 	56262 	Ala	GGC	0	0	86.95	68.86	18.09	
NODE_3_length_665758_cov_30.5002 	4	56309 	56384 	Glu	TTC	0	0	66.40	38.20	28.20	
NODE_3_length_665758_cov_30.5002 	5	95306 	95381 	Val	TAC	0	0	94.49	73.68	20.81	
NODE_3_length_665758_cov_30.5002 	6	95398 	95474 	Asp	GTC	0	0	94.67	75.49	19.18	
NODE_3_length_665758_cov_30.5002 	7	95589 	95665 	Asp	GTC	0	0	94.67	75.49	19.18	
NODE_3_length_665758_cov_30.5002 	8	397193	397268	Glu	TTC	0	0	66.40	38.20	28.20	
NODE_3_length_665758_cov_30.5002 	9	397271	397346	Gly	GCC	0	0	93.74	68.41	25.33	
NODE_3_length_665758_cov_30.5002 	10	397431	397506	Gly	GCC	0	0	93.74	68.41	25.33	
NODE_3_length_665758_cov_30.5002 	11	443823	443899	Val	GAC	0	0	93.19	67.81	25.38	
NODE_3_length_665758_cov_30.5002 	12	477964	478040	Pro	GGG	0	0	74.89	48.01	26.88	
NODE_3_length_665758_cov_30.5002 	13	664077	664166	Ser	TGA	0	0	68.83	34.50	34.33	
NODE_3_length_665758_cov_30.5002 	14	364697	364608	Ser	GGA	0	0	71.75	34.38	37.37	
NODE_3_length_665758_cov_30.5002 	15	175920	175844	Pro	CGG	0	0	88.20	60.26	27.94	
NODE_3_length_665758_cov_30.5002 	16	47095 	47020 	Asn	GTT	0	0	91.73	62.08	29.65	
NODE_5_length_437636_cov_29.7939 	1	61800 	61876 	Met	CAT	0	0	85.06	58.55	26.51	
NODE_5_length_437636_cov_29.7939 	2	168028	168100	Leu	GAG	0	0	20.84	19.28	1.56	
NODE_5_length_437636_cov_29.7939 	3	279339	279412	Gly	CCC	0	0	60.35	30.06	30.29	
NODE_5_length_437636_cov_29.7939 	4	78346 	78256 	Ser	GCT	0	0	76.69	47.10	29.59	
NODE_5_length_437636_cov_29.7939 	5	78138 	78062 	Arg	ACG	0	0	83.50	58.05	25.45	
NODE_5_length_437636_cov_29.7939 	6	77950 	77874 	Arg	ACG	0	0	83.50	58.05	25.45	
NODE_5_length_437636_cov_29.7939 	7	9248  	9173  	Lys	TTT	0	0	95.07	71.82	23.25	
NODE_6_length_377743_cov_27.0763 	1	298378	298302	Met	CAT	0	0	92.87	71.40	21.47	
NODE_7_length_366309_cov_28.1023 	1	340319	340405	Leu	CAA	0	0	69.99	38.33	31.66	
NODE_8_length_257354_cov_27.9581 	1	27053 	27128 	Thr	CGT	0	0	90.98	74.93	16.05	
NODE_9_length_217358_cov_31.5582 	1	207250	207161	Ser	CGA	0	0	68.31	24.88	43.43	
NODE_11_length_205046_cov_28.6595	1	131173	131248	Val	TAC	0	0	94.49	73.68	20.81	
NODE_11_length_205046_cov_28.6595	2	131265	131341	Asp	GTC	0	0	94.67	75.49	19.18	
NODE_13_length_197508_cov_28.3334	1	194542	194618	Arg	CCT	0	0	83.71	58.51	25.20	
NODE_16_length_147417_cov_34.8161	1	25974 	26049 	Gly	GCC	0	0	93.74	68.41	25.33	
NODE_16_length_147417_cov_34.8161	2	145795	145868	Cys	GCA	0	0	62.38	45.73	16.65	
NODE_18_length_111443_cov_28.2298	1	100820	100895	Asn	GTT	0	0	91.73	62.08	29.65	
NODE_18_length_111443_cov_28.2298	2	100905	100981	Pro	TGG	0	0	87.63	64.60	23.03	
NODE_18_length_111443_cov_28.2298	3	100992	101067	Lys	TTT	0	0	95.07	71.82	23.25	
NODE_18_length_111443_cov_28.2298	4	56904 	56831 	Arg	ACG	0	0	52.72	27.21	25.51	
NODE_20_length_91689_cov_31.627  	1	56952 	56876 	Arg	CCG	0	0	90.57	71.58	18.99	
NODE_22_length_65470_cov_26.6684 	1	64251 	64176 	Trp	CCA	0	0	86.73	63.05	23.68	
NODE_30_length_41692_cov_25.9154 	1	11118 	11044 	Gln	TTG	0	0	66.82	40.36	26.46	
NODE_30_length_41692_cov_25.9154 	2	7369  	7293  	Met	CAT	0	0	87.19	64.42	22.77	
NODE_44_length_5317_cov_113.025  	1	3489  	3413  	Ile	GAT	0	0	98.83	72.69	26.14	
NODE_44_length_5317_cov_113.025  	2	3384  	3309  	Ala	TGC	0	0	90.68	71.56	19.12	
NODE_48_length_3418_cov_27.1954  	1	521   	437   	Tyr	GTA	0	0	71.07	41.76	29.31	
NODE_48_length_3418_cov_27.1954  	2	410   	337   	Gly	TCC	0	0	82.75	60.87	21.88	
NODE_48_length_3418_cov_27.1954  	3	317   	242   	Thr	GGT	0	0	93.76	67.73	26.03	
