Sequence                         		tRNA  	Bounds	tRNA	Anti	Intron Bounds	Cove	HMM	2'Str	      
Name                             	tRNA #	Begin 	End   	Type	Codon	Begin	End	Score	Score	Score	Note
--------                         	------	----- 	------	----	-----	-----	----	------	-----	-----	------
NODE_1_length_856373_cov_47.1543 	1	51402 	51477 	Ala	GGC	0	0	86.95	68.86	18.09	
NODE_1_length_856373_cov_47.1543 	2	51526 	51601 	Glu	TTC	0	0	66.40	38.20	28.20	
NODE_1_length_856373_cov_47.1543 	3	51695 	51770 	Ala	GGC	0	0	86.95	68.86	18.09	
NODE_1_length_856373_cov_47.1543 	4	51817 	51892 	Glu	TTC	0	0	66.40	38.20	28.20	
NODE_1_length_856373_cov_47.1543 	5	90789 	90864 	Val	TAC	0	0	94.49	73.68	20.81	
NODE_1_length_856373_cov_47.1543 	6	90881 	90957 	Asp	GTC	0	0	94.67	75.49	19.18	
NODE_1_length_856373_cov_47.1543 	7	91072 	91148 	Asp	GTC	0	0	94.67	75.49	19.18	
NODE_1_length_856373_cov_47.1543 	8	392666	392741	Glu	TTC	0	0	66.40	38.20	28.20	
NODE_1_length_856373_cov_47.1543 	9	392744	392819	Gly	GCC	0	0	93.74	68.41	25.33	
NODE_1_length_856373_cov_47.1543 	10	392904	392979	Gly	GCC	0	0	93.74	68.41	25.33	
NODE_1_length_856373_cov_47.1543 	11	490554	490630	Val	GAC	0	0	93.19	67.81	25.38	
NODE_1_length_856373_cov_47.1543 	12	524635	524711	Pro	GGG	0	0	74.89	48.01	26.88	
NODE_1_length_856373_cov_47.1543 	13	714744	714833	Ser	TGA	0	0	72.70	38.95	33.75	
NODE_1_length_856373_cov_47.1543 	14	739120	739195	Gly	GCC	0	0	93.74	68.41	25.33	
NODE_1_length_856373_cov_47.1543 	15	743727	743800	Cys	GCA	0	0	62.38	45.73	16.65	
NODE_1_length_856373_cov_47.1543 	16	756351	756437	Leu	TAA	0	0	76.64	42.32	34.32	
NODE_1_length_856373_cov_47.1543 	17	360170	360081	Ser	GGA	0	0	71.75	34.38	37.37	
NODE_1_length_856373_cov_47.1543 	18	171406	171330	Pro	CGG	0	0	88.20	60.26	27.94	
NODE_1_length_856373_cov_47.1543 	19	42603 	42528 	Asn	GTT	0	0	91.73	62.08	29.65	
NODE_2_length_822864_cov_47.6536 	1	324727	324817	Ser	GCT	0	0	76.69	47.10	29.59	
NODE_2_length_822864_cov_47.6536 	2	324935	325011	Arg	ACG	0	0	83.50	58.05	25.45	
NODE_2_length_822864_cov_47.6536 	3	325123	325199	Arg	ACG	0	0	83.50	58.05	25.45	
NODE_2_length_822864_cov_47.6536 	4	393812	393887	Lys	TTT	0	0	95.07	71.82	23.25	
NODE_2_length_822864_cov_47.6536 	5	421354	421443	Ser	CGA	0	0	68.31	24.88	43.43	
NODE_2_length_822864_cov_47.6536 	6	341271	341195	Met	CAT	0	0	85.06	58.55	26.51	
NODE_2_length_822864_cov_47.6536 	7	235060	234988	Leu	GAG	0	0	20.84	19.28	1.56	
NODE_2_length_822864_cov_47.6536 	8	131262	131189	Gly	CCC	0	0	60.35	30.06	30.29	
NODE_3_length_760621_cov_47.8516 	1	88105 	88191 	Leu	CAG	0	0	73.96	38.54	35.42	
NODE_3_length_760621_cov_47.8516 	2	88321 	88407 	Leu	CAG	0	0	73.96	38.54	35.42	
NODE_3_length_760621_cov_47.8516 	3	344896	344971	Phe	GAA	0	0	92.69	68.52	24.17	
NODE_3_length_760621_cov_47.8516 	4	356306	356381	Thr	TGT	0	0	93.66	75.64	18.02	
NODE_3_length_760621_cov_47.8516 	5	638069	638145	Arg	TCT	0	0	96.39	77.88	18.51	
NODE_3_length_760621_cov_47.8516 	6	638197	638272	His	GTG	0	0	83.51	64.18	19.33	
NODE_3_length_760621_cov_47.8516 	7	638327	638411	Leu	TAG	0	0	76.62	44.97	31.65	
NODE_3_length_760621_cov_47.8516 	8	638478	638553	His	GTG	0	0	83.51	64.18	19.33	
NODE_3_length_760621_cov_47.8516 	9	649844	649920	Asp	GTC	0	0	95.34	76.86	18.48	
NODE_4_length_539839_cov_46.5228 	1	334008	334084	Arg	CCT	0	0	83.71	58.51	25.20	
NODE_4_length_539839_cov_46.5228 	2	461849	461924	Val	TAC	0	0	94.49	73.68	20.81	
NODE_4_length_539839_cov_46.5228 	3	461941	462017	Asp	GTC	0	0	94.67	75.49	19.18	
NODE_5_length_408123_cov_46.7451 	1	210301	210215	Leu	CAA	0	0	69.99	38.33	31.66	
NODE_6_length_373017_cov_46.03   	1	295486	295410	Met	CAT	0	0	92.87	71.40	21.47	
NODE_7_length_323186_cov_47.3905 	1	266459	266532	Arg	ACG	0	0	52.72	27.21	25.51	
NODE_7_length_323186_cov_47.3905 	2	222543	222468	Asn	GTT	0	0	91.73	62.08	29.65	
NODE_7_length_323186_cov_47.3905 	3	222458	222382	Pro	TGG	0	0	87.63	64.60	23.03	
NODE_7_length_323186_cov_47.3905 	4	222371	222296	Lys	TTT	0	0	95.07	71.82	23.25	
NODE_7_length_323186_cov_47.3905 	5	204466	204391	Thr	CGT	0	0	90.98	74.93	16.05	
NODE_11_length_197753_cov_48.1355	1	70707 	70798 	SeC	TCA	0	0	55.75	-18.51	74.26	
NODE_11_length_197753_cov_48.1355	2	134871	134956	Leu	GAG	0	0	68.53	39.16	29.37	
NODE_11_length_197753_cov_48.1355	3	135047	135123	Met	CAT	0	0	85.85	60.06	25.79	
NODE_17_length_88284_cov_46.1729 	1	49155 	49229 	Gln	TTG	0	0	66.82	40.36	26.46	
NODE_17_length_88284_cov_46.1729 	2	52904 	52980 	Met	CAT	0	0	87.19	64.42	22.77	
NODE_21_length_65533_cov_43.5775 	1	64314 	64239 	Trp	CCA	0	0	86.73	63.05	23.68	
NODE_28_length_36018_cov_48.9926 	1	1340  	1264  	Arg	CCG	0	0	87.81	66.55	21.26	
NODE_31_length_9497_cov_88.5134  	1	1674  	1747  	Lys	CTT	0	0	23.81	21.27	2.54	
NODE_38_length_5506_cov_178.115  	1	3580  	3504  	Ile	GAT	0	0	98.83	72.69	26.14	
NODE_38_length_5506_cov_178.115  	2	3475  	3400  	Ala	TGC	0	0	90.68	71.56	19.12	
NODE_41_length_3327_cov_39.9725  	1	521   	437   	Tyr	GTA	0	0	71.07	41.76	29.31	
NODE_41_length_3327_cov_39.9725  	2	410   	337   	Gly	TCC	0	0	82.75	60.87	21.88	
NODE_41_length_3327_cov_39.9725  	3	317   	242   	Thr	GGT	0	0	93.76	67.73	26.03	
