Sequence                         		tRNA  	Bounds	tRNA	Anti	Intron Bounds	Cove	HMM	2'Str	      
Name                             	tRNA #	Begin 	End   	Type	Codon	Begin	End	Score	Score	Score	Note
--------                         	------	----- 	------	----	-----	-----	----	------	-----	-----	------
NODE_1_length_207977_cov_33.3379 	1	177336	177264	Leu	GAG	0	0	20.84	19.28	1.56	
NODE_1_length_207977_cov_33.3379 	2	66386 	66313 	Gly	CCC	0	0	60.35	30.06	30.29	
NODE_2_length_203999_cov_32.2802 	1	182885	182799	Leu	CAG	0	0	73.96	38.54	35.42	
NODE_2_length_203999_cov_32.2802 	2	182669	182583	Leu	CAG	0	0	73.96	38.54	35.42	
NODE_3_length_198962_cov_40.1209 	1	55590 	55679 	Ser	TGA	0	0	72.70	38.95	33.75	
NODE_3_length_198962_cov_40.1209 	2	79970 	80045 	Gly	GCC	0	0	93.74	68.41	25.33	
NODE_3_length_198962_cov_40.1209 	3	86349 	86422 	Cys	GCA	0	0	62.38	45.73	16.65	
NODE_3_length_198962_cov_40.1209 	4	98972 	99058 	Leu	TAA	0	0	76.64	42.32	34.32	
NODE_10_length_138096_cov_29.9218	1	117309	117218	SeC	TCA	0	0	55.75	-18.51	74.26	
NODE_10_length_138096_cov_29.9218	2	63002 	62917 	Leu	GAG	0	0	68.53	39.16	29.37	
NODE_10_length_138096_cov_29.9218	3	62826 	62750 	Met	CAT	0	0	85.85	60.06	25.79	
NODE_11_length_133931_cov_28.3438	1	42686 	42610 	Met	CAT	0	0	92.87	71.40	21.47	
NODE_12_length_129902_cov_42.2796	1	3517  	3592  	His	GTG	0	0	83.51	64.18	19.33	
NODE_12_length_129902_cov_42.2796	2	14871 	14947 	Asp	GTC	0	0	95.34	76.86	18.48	
NODE_13_length_128632_cov_37.4706	1	112086	111997	Ser	CGA	0	0	68.31	24.88	43.43	
NODE_15_length_123248_cov_32.1461	1	26595 	26509 	Leu	CAA	0	0	69.99	38.33	31.66	
NODE_17_length_118258_cov_39.3353	1	23978 	23902 	Arg	TCT	0	0	96.39	77.88	18.51	
NODE_17_length_118258_cov_39.3353	2	23850 	23775 	His	GTG	0	0	83.51	64.18	19.33	
NODE_17_length_118258_cov_39.3353	3	23720 	23636 	Leu	TAG	0	0	76.62	44.97	31.65	
NODE_20_length_107414_cov_33.9551	1	48134 	48060 	Arg	CCT	0	0	69.71	45.21	24.50	
NODE_25_length_96813_cov_36.9315 	1	13828 	13903 	Gly	GCC	0	0	93.74	68.41	25.33	
NODE_25_length_96813_cov_36.9315 	2	61074 	61150 	Val	GAC	0	0	93.19	67.81	25.38	
NODE_25_length_96813_cov_36.9315 	3	95212 	95288 	Pro	GGG	0	0	74.89	48.01	26.88	
NODE_28_length_82525_cov_37.0421 	1	67822 	67897 	Lys	TTT	0	0	95.07	71.82	23.25	
NODE_28_length_82525_cov_37.0421 	2	15251 	15175 	Met	CAT	0	0	85.06	58.55	26.51	
NODE_29_length_81649_cov_40.092  	1	3949  	4025  	Arg	CCG	0	0	87.81	66.55	21.26	
NODE_36_length_65507_cov_31.7734 	1	64288 	64213 	Trp	CCA	0	0	86.73	63.05	23.68	
NODE_38_length_63041_cov_33.9489 	1	4052  	3977  	Thr	CGT	0	0	90.98	74.93	16.05	
NODE_42_length_60737_cov_34.6776 	1	1552  	1462  	Ser	GCT	0	0	76.69	47.10	29.59	
NODE_42_length_60737_cov_34.6776 	2	1344  	1268  	Arg	ACG	0	0	83.50	58.05	25.45	
NODE_42_length_60737_cov_34.6776 	3	1156  	1080  	Arg	ACG	0	0	83.50	58.05	25.45	
NODE_55_length_47841_cov_29.801  	1	25615 	25689 	Gln	TTG	0	0	66.82	40.36	26.46	
NODE_55_length_47841_cov_29.801  	2	29363 	29439 	Met	CAT	0	0	87.19	64.42	22.77	
NODE_61_length_43441_cov_34.7932 	1	18745 	18820 	Phe	GAA	0	0	92.69	68.52	24.17	
NODE_61_length_43441_cov_34.7932 	2	30154 	30229 	Thr	TGT	0	0	93.66	75.64	18.02	
NODE_75_length_34755_cov_35.2756 	1	30592 	30667 	Val	TAC	0	0	94.49	73.68	20.81	
NODE_75_length_34755_cov_35.2756 	2	30684 	30760 	Asp	GTC	0	0	94.67	75.49	19.18	
NODE_75_length_34755_cov_35.2756 	3	30875 	30951 	Asp	GTC	0	0	94.67	75.49	19.18	
NODE_78_length_31747_cov_35.2273 	1	26583 	26658 	Val	TAC	0	0	94.49	73.68	20.81	
NODE_78_length_31747_cov_35.2273 	2	26675 	26751 	Asp	GTC	0	0	94.67	75.49	19.18	
NODE_79_length_31547_cov_35.0975 	1	13186 	13110 	Pro	CGG	0	0	88.20	60.26	27.94	
NODE_93_length_18225_cov_36.4548 	1	17872 	17947 	Asn	GTT	0	0	91.73	62.08	29.65	
NODE_93_length_18225_cov_36.4548 	2	9073  	8998  	Ala	GGC	0	0	86.95	68.86	18.09	
NODE_93_length_18225_cov_36.4548 	3	8949  	8874  	Glu	TTC	0	0	66.40	38.20	28.20	
NODE_93_length_18225_cov_36.4548 	4	8780  	8705  	Ala	GGC	0	0	86.95	68.86	18.09	
NODE_93_length_18225_cov_36.4548 	5	8658  	8583  	Glu	TTC	0	0	66.40	38.20	28.20	
NODE_96_length_17348_cov_37.1802 	1	7499  	7410  	Ser	GGA	0	0	71.75	34.38	37.37	
NODE_117_length_8005_cov_32.0555 	1	1908  	1981  	Arg	ACG	0	0	52.72	27.21	25.51	
NODE_119_length_7646_cov_36.6913 	1	3086  	3161  	Asn	GTT	0	0	91.73	62.08	29.65	
NODE_119_length_7646_cov_36.6913 	2	3171  	3247  	Pro	TGG	0	0	87.63	64.60	23.03	
NODE_119_length_7646_cov_36.6913 	3	3258  	3333  	Lys	TTT	0	0	95.07	71.82	23.25	
NODE_126_length_5410_cov_140.491 	1	1805  	1881  	Ile	GAT	0	0	98.83	72.69	26.14	
NODE_126_length_5410_cov_140.491 	2	1910  	1985  	Ala	TGC	0	0	90.68	71.56	19.12	
NODE_135_length_3301_cov_30.5684 	1	521   	437   	Tyr	GTA	0	0	71.07	41.76	29.31	
NODE_135_length_3301_cov_30.5684 	2	410   	337   	Gly	TCC	0	0	82.75	60.87	21.88	
NODE_135_length_3301_cov_30.5684 	3	317   	242   	Thr	GGT	0	0	93.76	67.73	26.03	
