Sequence                          		tRNA   	Bounds 	tRNA	Anti	Intron Bounds	Cove	HMM	2'Str	      
Name                              	tRNA #	Begin  	End    	Type	Codon	Begin	End	Score	Score	Score	Note
--------                          	------	-----  	------ 	----	-----	-----	----	------	-----	-----	------
NODE_1_length_1423022_cov_41.2047 	1	1154743	1154819	Met	CAT	0	0	85.06	58.55	26.51	
NODE_1_length_1423022_cov_41.2047 	2	1260968	1261040	Leu	GAG	0	0	20.84	19.28	1.56	
NODE_1_length_1423022_cov_41.2047 	3	1365336	1365409	Gly	CCC	0	0	60.35	30.06	30.29	
NODE_1_length_1423022_cov_41.2047 	4	1171289	1171199	Ser	GCT	0	0	76.69	47.10	29.59	
NODE_1_length_1423022_cov_41.2047 	5	1171081	1171005	Arg	ACG	0	0	83.50	58.05	25.45	
NODE_1_length_1423022_cov_41.2047 	6	1170893	1170817	Arg	ACG	0	0	83.50	58.05	25.45	
NODE_1_length_1423022_cov_41.2047 	7	1102157	1102082	Lys	TTT	0	0	95.07	71.82	23.25	
NODE_1_length_1423022_cov_41.2047 	8	1071834	1071745	Ser	CGA	0	0	68.31	24.88	43.43	
NODE_1_length_1423022_cov_41.2047 	9	126764 	126688 	Arg	TCT	0	0	96.39	77.88	18.51	
NODE_1_length_1423022_cov_41.2047 	10	126636 	126561 	His	GTG	0	0	83.51	64.18	19.33	
NODE_1_length_1423022_cov_41.2047 	11	126506 	126422 	Leu	TAG	0	0	76.62	44.97	31.65	
NODE_1_length_1423022_cov_41.2047 	12	126355 	126280 	His	GTG	0	0	83.51	64.18	19.33	
NODE_1_length_1423022_cov_41.2047 	13	115002 	114926 	Asp	GTC	0	0	95.34	76.86	18.48	
NODE_2_length_827423_cov_40.5277  	1	17860  	17935  	Ala	GGC	0	0	86.95	68.86	18.09	
NODE_2_length_827423_cov_40.5277  	2	17984  	18059  	Glu	TTC	0	0	66.40	38.20	28.20	
NODE_2_length_827423_cov_40.5277  	3	18153  	18228  	Ala	GGC	0	0	86.95	68.86	18.09	
NODE_2_length_827423_cov_40.5277  	4	18275  	18350  	Glu	TTC	0	0	66.40	38.20	28.20	
NODE_2_length_827423_cov_40.5277  	5	57262  	57337  	Val	TAC	0	0	94.49	73.68	20.81	
NODE_2_length_827423_cov_40.5277  	6	57354  	57430  	Asp	GTC	0	0	94.67	75.49	19.18	
NODE_2_length_827423_cov_40.5277  	7	57545  	57621  	Asp	GTC	0	0	94.67	75.49	19.18	
NODE_2_length_827423_cov_40.5277  	8	362336 	362411 	Glu	TTC	0	0	66.40	38.20	28.20	
NODE_2_length_827423_cov_40.5277  	9	362414 	362489 	Gly	GCC	0	0	93.74	68.41	25.33	
NODE_2_length_827423_cov_40.5277  	10	362574 	362649 	Gly	GCC	0	0	93.74	68.41	25.33	
NODE_2_length_827423_cov_40.5277  	11	521552 	521628 	Val	GAC	0	0	93.19	67.81	25.38	
NODE_2_length_827423_cov_40.5277  	12	554826 	554902 	Pro	GGG	0	0	74.89	48.01	26.88	
NODE_2_length_827423_cov_40.5277  	13	727679 	727768 	Ser	TGA	0	0	72.70	38.95	33.75	
NODE_2_length_827423_cov_40.5277  	14	783806 	783881 	Gly	GCC	0	0	93.74	68.41	25.33	
NODE_2_length_827423_cov_40.5277  	15	329837 	329748 	Ser	GGA	0	0	71.75	34.38	37.37	
NODE_2_length_827423_cov_40.5277  	16	141067 	140991 	Pro	CGG	0	0	88.20	60.26	27.94	
NODE_2_length_827423_cov_40.5277  	17	9061   	8986   	Asn	GTT	0	0	91.73	62.08	29.65	
NODE_3_length_616336_cov_39.0924  	1	538668 	538592 	Met	CAT	0	0	92.87	71.40	21.47	
NODE_3_length_616336_cov_39.0924  	2	205733 	205657 	Arg	CCG	0	0	87.81	66.55	21.26	
NODE_4_length_410571_cov_39.0436  	1	271323 	271409 	Leu	CAG	0	0	73.96	38.54	35.42	
NODE_4_length_410571_cov_39.0436  	2	271539 	271625 	Leu	CAG	0	0	73.96	38.54	35.42	
NODE_4_length_410571_cov_39.0436  	3	116915 	116824 	SeC	TCA	0	0	55.75	-18.51	74.26	
NODE_4_length_410571_cov_39.0436  	4	62900  	62815  	Leu	GAG	0	0	68.53	39.16	29.37	
NODE_4_length_410571_cov_39.0436  	5	62724  	62648  	Met	CAT	0	0	85.85	60.06	25.79	
NODE_5_length_399910_cov_38.7524  	1	365100 	365186 	Leu	CAA	0	0	69.99	38.33	31.66	
NODE_6_length_343602_cov_39.6873  	1	73081  	73156  	Phe	GAA	0	0	92.69	68.52	24.17	
NODE_6_length_343602_cov_39.6873  	2	84490  	84565  	Thr	TGT	0	0	93.66	75.64	18.02	
NODE_7_length_308356_cov_38.6078  	1	76039  	76114  	Thr	CGT	0	0	90.98	74.93	16.05	
NODE_11_length_209589_cov_39.1025 	1	90545  	90469  	Arg	CCT	0	0	83.71	58.51	25.20	
NODE_13_length_193759_cov_37.7171 	1	133586 	133659 	Arg	ACG	0	0	52.72	27.21	25.51	
NODE_13_length_193759_cov_37.7171 	2	89672  	89597  	Asn	GTT	0	0	91.73	62.08	29.65	
NODE_13_length_193759_cov_37.7171 	3	89587  	89511  	Pro	TGG	0	0	87.63	64.60	23.03	
NODE_13_length_193759_cov_37.7171 	4	89500  	89425  	Lys	TTT	0	0	95.07	71.82	23.25	
NODE_14_length_171956_cov_41.7911 	1	11672  	11745  	Cys	GCA	0	0	62.38	45.73	16.65	
NODE_14_length_171956_cov_41.7911 	2	24297  	24383  	Leu	TAA	0	0	76.64	42.32	34.32	
NODE_17_length_115101_cov_39.7366 	1	79003  	78928  	Val	TAC	0	0	94.49	73.68	20.81	
NODE_17_length_115101_cov_39.7366 	2	78911  	78835  	Asp	GTC	0	0	94.67	75.49	19.18	
NODE_19_length_74771_cov_38.7096  	1	48845  	48919  	Gln	TTG	0	0	66.82	40.36	26.46	
NODE_19_length_74771_cov_38.7096  	2	52593  	52669  	Met	CAT	0	0	87.19	64.42	22.77	
NODE_20_length_65443_cov_39.1481  	1	1220   	1295   	Trp	CCA	0	0	86.73	63.05	23.68	
NODE_34_length_5495_cov_153.439   	1	3582   	3506   	Ile	GAT	0	0	98.83	72.69	26.14	
NODE_34_length_5495_cov_153.439   	2	3477   	3402   	Ala	TGC	0	0	90.68	71.56	19.12	
NODE_38_length_3327_cov_40.8881   	1	2807   	2891   	Tyr	GTA	0	0	71.07	41.76	29.31	
NODE_38_length_3327_cov_40.8881   	2	2918   	2991   	Gly	TCC	0	0	82.75	60.87	21.88	
NODE_38_length_3327_cov_40.8881   	3	3011   	3086   	Thr	GGT	0	0	93.76	67.73	26.03	
