Sequence                         		tRNA  	Bounds	tRNA	Anti	Intron Bounds	Cove	HMM	2'Str	      
Name                             	tRNA #	Begin 	End   	Type	Codon	Begin	End	Score	Score	Score	Note
--------                         	------	----- 	------	----	-----	-----	----	------	-----	-----	------
NODE_1_length_631821_cov_40.7834 	1	214743	214657	Leu	CAA	0	0	69.99	38.33	31.66	
NODE_2_length_489219_cov_40.5644 	1	51399 	51474 	Ala	GGC	0	0	86.95	68.86	18.09	
NODE_2_length_489219_cov_40.5644 	2	51523 	51598 	Glu	TTC	0	0	66.40	38.20	28.20	
NODE_2_length_489219_cov_40.5644 	3	51692 	51767 	Ala	GGC	0	0	86.95	68.86	18.09	
NODE_2_length_489219_cov_40.5644 	4	51814 	51889 	Glu	TTC	0	0	66.40	38.20	28.20	
NODE_2_length_489219_cov_40.5644 	5	90791 	90866 	Val	TAC	0	0	94.49	73.68	20.81	
NODE_2_length_489219_cov_40.5644 	6	90883 	90959 	Asp	GTC	0	0	94.67	75.49	19.18	
NODE_2_length_489219_cov_40.5644 	7	91074 	91150 	Asp	GTC	0	0	94.67	75.49	19.18	
NODE_2_length_489219_cov_40.5644 	8	393771	393846	Glu	TTC	0	0	66.40	38.20	28.20	
NODE_2_length_489219_cov_40.5644 	9	393849	393924	Gly	GCC	0	0	93.74	68.41	25.33	
NODE_2_length_489219_cov_40.5644 	10	394009	394084	Gly	GCC	0	0	93.74	68.41	25.33	
NODE_2_length_489219_cov_40.5644 	11	440441	440517	Val	GAC	0	0	93.19	67.81	25.38	
NODE_2_length_489219_cov_40.5644 	12	361276	361187	Ser	GGA	0	0	71.75	34.38	37.37	
NODE_2_length_489219_cov_40.5644 	13	172483	172407	Pro	CGG	0	0	88.20	60.26	27.94	
NODE_2_length_489219_cov_40.5644 	14	42600 	42525 	Asn	GTT	0	0	91.73	62.08	29.65	
NODE_3_length_452901_cov_40.6533 	1	335884	335975	SeC	TCA	0	0	55.75	-18.51	74.26	
NODE_3_length_452901_cov_40.6533 	2	389923	390008	Leu	GAG	0	0	68.53	39.16	29.37	
NODE_3_length_452901_cov_40.6533 	3	390099	390175	Met	CAT	0	0	85.85	60.06	25.79	
NODE_3_length_452901_cov_40.6533 	4	179603	179517	Leu	CAG	0	0	73.96	38.54	35.42	
NODE_3_length_452901_cov_40.6533 	5	179387	179301	Leu	CAG	0	0	73.96	38.54	35.42	
NODE_4_length_381673_cov_42.556  	1	291291	291202	Ser	TGA	0	0	72.70	38.95	33.75	
NODE_4_length_381673_cov_42.556  	2	266911	266836	Gly	GCC	0	0	93.74	68.41	25.33	
NODE_4_length_381673_cov_42.556  	3	138801	138728	Cys	GCA	0	0	62.38	45.73	16.65	
NODE_4_length_381673_cov_42.556  	4	126176	126090	Leu	TAA	0	0	76.64	42.32	34.32	
NODE_5_length_309495_cov_41.1335 	1	275266	275191	Thr	CGT	0	0	90.98	74.93	16.05	
NODE_10_length_202721_cov_42.7878	1	58202 	58126 	Arg	TCT	0	0	96.39	77.88	18.51	
NODE_10_length_202721_cov_42.7878	2	58074 	57999 	His	GTG	0	0	83.51	64.18	19.33	
NODE_10_length_202721_cov_42.7878	3	55509 	55426 	Leu	TAG	0	0	70.50	40.25	30.25	
NODE_10_length_202721_cov_42.7878	4	23553 	23478 	Thr	TGT	0	0	74.27	61.42	12.85	
NODE_11_length_199873_cov_40.8516	1	140725	140798	Gly	CCC	0	0	60.35	30.06	30.29	
NODE_13_length_185218_cov_42.3665	1	154210	154121	Ser	CGA	0	0	68.31	24.88	43.43	
NODE_14_length_162790_cov_41.3463	1	55725 	55801 	Met	CAT	0	0	85.06	58.55	26.51	
NODE_14_length_162790_cov_41.3463	2	161989	162061	Leu	GAG	0	0	20.84	19.28	1.56	
NODE_14_length_162790_cov_41.3463	3	72307 	72217 	Ser	GCT	0	0	76.69	47.10	29.59	
NODE_14_length_162790_cov_41.3463	4	72099 	72023 	Arg	ACG	0	0	83.50	58.05	25.45	
NODE_14_length_162790_cov_41.3463	5	71911 	71835 	Arg	ACG	0	0	83.50	58.05	25.45	
NODE_14_length_162790_cov_41.3463	6	3147  	3072  	Lys	TTT	0	0	95.07	71.82	23.25	
NODE_15_length_158661_cov_40.9145	1	3868  	3941  	Arg	ACG	0	0	52.72	27.21	25.51	
NODE_15_length_158661_cov_40.9145	2	110528	110602	Gln	TTG	0	0	66.82	40.36	26.46	
NODE_15_length_158661_cov_40.9145	3	140177	140253	Met	CAT	0	0	87.19	64.42	22.77	
NODE_17_length_149968_cov_44.3323	1	147579	147504	His	GTG	0	0	83.51	64.18	19.33	
NODE_17_length_149968_cov_44.3323	2	136226	136150	Asp	GTC	0	0	95.34	76.86	18.48	
NODE_19_length_136161_cov_37.9779	1	100202	100127	Val	TAC	0	0	94.49	73.68	20.81	
NODE_19_length_136161_cov_37.9779	2	100110	100034	Asp	GTC	0	0	94.67	75.49	19.18	
NODE_21_length_121917_cov_39.6037	1	2719  	2643  	Arg	CCT	0	0	83.71	58.51	25.20	
NODE_25_length_100483_cov_39.1434	1	22818 	22742 	Met	CAT	0	0	94.25	81.17	13.08	
NODE_30_length_78126_cov_40.0879 	1	4481  	4406  	Phe	GAA	0	0	92.69	68.52	24.17	
NODE_33_length_59030_cov_41.4807 	1	23111 	23186 	Thr	TGT	0	0	93.66	75.64	18.02	
NODE_34_length_51073_cov_44.4903 	1	40299 	40374 	Asn	GTT	0	0	91.73	62.08	29.65	
NODE_34_length_51073_cov_44.4903 	2	40384 	40460 	Pro	TGG	0	0	87.63	64.60	23.03	
NODE_34_length_51073_cov_44.4903 	3	40471 	40546 	Lys	TTT	0	0	95.07	71.82	23.25	
NODE_35_length_50621_cov_42.2119 	1	35733 	35809 	Pro	GGG	0	0	74.89	48.01	26.88	
NODE_40_length_36260_cov_43.2674 	1	34644 	34720 	Arg	CCG	0	0	87.81	66.55	21.26	
NODE_43_length_32051_cov_42.1727 	1	1220  	1295  	Trp	CCA	0	0	86.73	63.05	23.68	
NODE_60_length_5405_cov_169.684  	1	1829  	1905  	Ile	GAT	0	0	98.83	72.69	26.14	
NODE_60_length_5405_cov_169.684  	2	1934  	2009  	Ala	TGC	0	0	90.68	71.56	19.12	
NODE_69_length_3329_cov_38.0447  	1	2809  	2893  	Tyr	GTA	0	0	71.07	41.76	29.31	
NODE_69_length_3329_cov_38.0447  	2	2920  	2993  	Gly	TCC	0	0	82.75	60.87	21.88	
NODE_69_length_3329_cov_38.0447  	3	3013  	3088  	Thr	GGT	0	0	93.76	67.73	26.03	
