Sequence                         		tRNA  	Bounds	tRNA	Anti	Intron Bounds	Cove	HMM	2'Str	      
Name                             	tRNA #	Begin 	End   	Type	Codon	Begin	End	Score	Score	Score	Note
--------                         	------	----- 	------	----	-----	-----	----	------	-----	-----	------
NODE_1_length_896888_cov_42.5133 	1	690591	690665	Arg	CCT	0	0	69.71	45.21	24.50	
NODE_1_length_896888_cov_42.5133 	2	822938	823013	Val	TAC	0	0	94.49	73.68	20.81	
NODE_1_length_896888_cov_42.5133 	3	823030	823106	Asp	GTC	0	0	94.67	75.49	19.18	
NODE_1_length_896888_cov_42.5133 	4	211094	211008	Leu	CAA	0	0	69.99	38.33	31.66	
NODE_2_length_770012_cov_43.1463 	1	270583	270669	Leu	CAG	0	0	73.96	38.54	35.42	
NODE_2_length_770012_cov_43.1463 	2	270799	270885	Leu	CAG	0	0	73.96	38.54	35.42	
NODE_2_length_770012_cov_43.1463 	3	527362	527437	Phe	GAA	0	0	92.69	68.52	24.17	
NODE_2_length_770012_cov_43.1463 	4	538772	538847	Thr	TGT	0	0	93.66	75.64	18.02	
NODE_2_length_770012_cov_43.1463 	5	116894	116803	SeC	TCA	0	0	55.75	-18.51	74.26	
NODE_2_length_770012_cov_43.1463 	6	62856 	62771 	Leu	GAG	0	0	68.53	39.16	29.37	
NODE_2_length_770012_cov_43.1463 	7	62680 	62604 	Met	CAT	0	0	85.85	60.06	25.79	
NODE_3_length_502068_cov_44.8333 	1	233005	233081	Met	CAT	0	0	85.06	58.55	26.51	
NODE_3_length_502068_cov_44.8333 	2	339224	339296	Leu	GAG	0	0	20.84	19.28	1.56	
NODE_3_length_502068_cov_44.8333 	3	443164	443237	Gly	CCC	0	0	60.35	30.06	30.29	
NODE_3_length_502068_cov_44.8333 	4	249548	249458	Ser	GCT	0	0	76.69	47.10	29.59	
NODE_3_length_502068_cov_44.8333 	5	249340	249264	Arg	ACG	0	0	83.50	58.05	25.45	
NODE_3_length_502068_cov_44.8333 	6	249152	249076	Arg	ACG	0	0	83.50	58.05	25.45	
NODE_3_length_502068_cov_44.8333 	7	180453	180378	Lys	TTT	0	0	95.07	71.82	23.25	
NODE_3_length_502068_cov_44.8333 	8	152910	152821	Ser	CGA	0	0	68.31	24.88	43.43	
NODE_4_length_480849_cov_44.3833 	1	57736 	57811 	Ala	GGC	0	0	86.95	68.86	18.09	
NODE_4_length_480849_cov_44.3833 	2	57860 	57935 	Glu	TTC	0	0	66.40	38.20	28.20	
NODE_4_length_480849_cov_44.3833 	3	58029 	58104 	Ala	GGC	0	0	86.95	68.86	18.09	
NODE_4_length_480849_cov_44.3833 	4	58151 	58226 	Glu	TTC	0	0	66.40	38.20	28.20	
NODE_4_length_480849_cov_44.3833 	5	97127 	97202 	Val	TAC	0	0	94.49	73.68	20.81	
NODE_4_length_480849_cov_44.3833 	6	97219 	97295 	Asp	GTC	0	0	94.67	75.49	19.18	
NODE_4_length_480849_cov_44.3833 	7	97410 	97486 	Asp	GTC	0	0	94.67	75.49	19.18	
NODE_4_length_480849_cov_44.3833 	8	398993	399068	Glu	TTC	0	0	66.40	38.20	28.20	
NODE_4_length_480849_cov_44.3833 	9	399071	399146	Gly	GCC	0	0	93.74	68.41	25.33	
NODE_4_length_480849_cov_44.3833 	10	399231	399306	Gly	GCC	0	0	93.74	68.41	25.33	
NODE_4_length_480849_cov_44.3833 	11	445645	445721	Val	GAC	0	0	93.19	67.81	25.38	
NODE_4_length_480849_cov_44.3833 	12	479785	479861	Pro	GGG	0	0	74.89	48.01	26.88	
NODE_4_length_480849_cov_44.3833 	13	366494	366405	Ser	GGA	0	0	71.75	34.38	37.37	
NODE_4_length_480849_cov_44.3833 	14	177746	177670	Pro	CGG	0	0	88.20	60.26	27.94	
NODE_4_length_480849_cov_44.3833 	15	48937 	48862 	Asn	GTT	0	0	91.73	62.08	29.65	
NODE_5_length_478825_cov_42.9147 	1	184363	184438	Asn	GTT	0	0	91.73	62.08	29.65	
NODE_5_length_478825_cov_42.9147 	2	184448	184524	Pro	TGG	0	0	87.63	64.60	23.03	
NODE_5_length_478825_cov_42.9147 	3	184535	184610	Lys	TTT	0	0	95.07	71.82	23.25	
NODE_5_length_478825_cov_42.9147 	4	203279	203354	Thr	CGT	0	0	90.98	74.93	16.05	
NODE_5_length_478825_cov_42.9147 	5	140456	140383	Arg	ACG	0	0	52.72	27.21	25.51	
NODE_5_length_478825_cov_42.9147 	6	34454 	34380 	Gln	TTG	0	0	66.82	40.36	26.46	
NODE_5_length_478825_cov_42.9147 	7	30705 	30629 	Met	CAT	0	0	87.19	64.42	22.77	
NODE_6_length_395510_cov_41.468  	1	302984	303060	Arg	TCT	0	0	96.39	77.88	18.51	
NODE_6_length_395510_cov_41.468  	2	303112	303187	His	GTG	0	0	83.51	64.18	19.33	
NODE_6_length_395510_cov_41.468  	3	303242	303326	Leu	TAG	0	0	76.62	44.97	31.65	
NODE_6_length_395510_cov_41.468  	4	303393	303468	His	GTG	0	0	83.51	64.18	19.33	
NODE_6_length_395510_cov_41.468  	5	314759	314835	Asp	GTC	0	0	95.34	76.86	18.48	
NODE_7_length_377338_cov_45.6587 	1	77659 	77735 	Met	CAT	0	0	92.87	71.40	21.47	
NODE_8_length_358753_cov_48.0251 	1	207892	207803	Ser	TGA	0	0	72.70	38.95	33.75	
NODE_8_length_358753_cov_48.0251 	2	114860	114785	Gly	GCC	0	0	93.74	68.41	25.33	
NODE_8_length_358753_cov_48.0251 	3	110234	110161	Cys	GCA	0	0	62.38	45.73	16.65	
NODE_8_length_358753_cov_48.0251 	4	97612 	97526 	Leu	TAA	0	0	76.64	42.32	34.32	
NODE_19_length_65443_cov_42.4106 	1	64308 	64233 	Trp	CCA	0	0	86.73	63.05	23.68	
NODE_24_length_36273_cov_57.1497 	1	1657  	1581  	Arg	CCG	0	0	87.81	66.55	21.26	
NODE_30_length_5509_cov_176.327  	1	3556  	3480  	Ile	GAT	0	0	98.83	72.69	26.14	
NODE_30_length_5509_cov_176.327  	2	3451  	3376  	Ala	TGC	0	0	90.68	71.56	19.12	
NODE_32_length_3436_cov_46.5941  	1	605   	521   	Tyr	GTA	0	0	71.07	41.76	29.31	
NODE_32_length_3436_cov_46.5941  	2	494   	421   	Gly	TCC	0	0	82.75	60.87	21.88	
NODE_32_length_3436_cov_46.5941  	3	401   	326   	Thr	GGT	0	0	93.76	67.73	26.03	
