Sequence                         		tRNA  	Bounds	tRNA	Anti	Intron Bounds	Cove	HMM	2'Str	      
Name                             	tRNA #	Begin 	End   	Type	Codon	Begin	End	Score	Score	Score	Note
--------                         	------	----- 	------	----	-----	-----	----	------	-----	-----	------
NODE_1_length_890846_cov_39.1457 	1	55968 	56043 	Ala	GGC	0	0	86.95	68.86	18.09	
NODE_1_length_890846_cov_39.1457 	2	56092 	56167 	Glu	TTC	0	0	66.40	38.20	28.20	
NODE_1_length_890846_cov_39.1457 	3	56261 	56336 	Ala	GGC	0	0	86.95	68.86	18.09	
NODE_1_length_890846_cov_39.1457 	4	56383 	56458 	Glu	TTC	0	0	66.40	38.20	28.20	
NODE_1_length_890846_cov_39.1457 	5	95365 	95440 	Val	TAC	0	0	94.49	73.68	20.81	
NODE_1_length_890846_cov_39.1457 	6	95457 	95533 	Asp	GTC	0	0	94.67	75.49	19.18	
NODE_1_length_890846_cov_39.1457 	7	95648 	95724 	Asp	GTC	0	0	94.67	75.49	19.18	
NODE_1_length_890846_cov_39.1457 	8	395111	395186	Glu	TTC	0	0	66.40	38.20	28.20	
NODE_1_length_890846_cov_39.1457 	9	395189	395264	Gly	GCC	0	0	93.74	68.41	25.33	
NODE_1_length_890846_cov_39.1457 	10	395349	395424	Gly	GCC	0	0	93.74	68.41	25.33	
NODE_1_length_890846_cov_39.1457 	11	441754	441830	Val	GAC	0	0	93.19	67.81	25.38	
NODE_1_length_890846_cov_39.1457 	12	475893	475969	Pro	GGG	0	0	74.89	48.01	26.88	
NODE_1_length_890846_cov_39.1457 	13	653314	653403	Ser	TGA	0	0	72.70	38.95	33.75	
NODE_1_length_890846_cov_39.1457 	14	677690	677765	Gly	GCC	0	0	93.74	68.41	25.33	
NODE_1_length_890846_cov_39.1457 	15	778180	778253	Cys	GCA	0	0	62.38	45.73	16.65	
NODE_1_length_890846_cov_39.1457 	16	790804	790890	Leu	TAA	0	0	76.64	42.32	34.32	
NODE_1_length_890846_cov_39.1457 	17	362616	362527	Ser	GGA	0	0	71.75	34.38	37.37	
NODE_1_length_890846_cov_39.1457 	18	173870	173794	Pro	CGG	0	0	88.20	60.26	27.94	
NODE_1_length_890846_cov_39.1457 	19	47169 	47094 	Asn	GTT	0	0	91.73	62.08	29.65	
NODE_2_length_711398_cov_38.3037 	1	510092	510168	Arg	CCT	0	0	83.71	58.51	25.20	
NODE_2_length_711398_cov_38.3037 	2	637569	637644	Val	TAC	0	0	94.49	73.68	20.81	
NODE_2_length_711398_cov_38.3037 	3	637661	637737	Asp	GTC	0	0	94.67	75.49	19.18	
NODE_2_length_711398_cov_38.3037 	4	33100 	33014 	Leu	CAA	0	0	69.99	38.33	31.66	
NODE_3_length_630580_cov_37.4487 	1	513661	513752	SeC	TCA	0	0	55.75	-18.51	74.26	
NODE_3_length_630580_cov_37.4487 	2	567721	567806	Leu	GAG	0	0	68.53	39.16	29.37	
NODE_3_length_630580_cov_37.4487 	3	567897	567973	Met	CAT	0	0	85.85	60.06	25.79	
NODE_3_length_630580_cov_37.4487 	4	358783	358697	Leu	CAG	0	0	73.96	38.54	35.42	
NODE_3_length_630580_cov_37.4487 	5	358567	358481	Leu	CAG	0	0	73.96	38.54	35.42	
NODE_3_length_630580_cov_37.4487 	6	101984	101909	Phe	GAA	0	0	92.69	68.52	24.17	
NODE_3_length_630580_cov_37.4487 	7	90574 	90499 	Thr	TGT	0	0	95.98	77.96	18.02	
NODE_3_length_630580_cov_37.4487 	8	41075 	41002 	Ser	CGA	0	0	24.86	13.77	11.09	
NODE_4_length_577745_cov_40.8518 	1	6251  	6320  	Lys	TTT	0	0	26.12	11.05	15.07	
NODE_4_length_577745_cov_40.8518 	2	33788 	33877 	Ser	CGA	0	0	68.31	24.88	43.43	
NODE_5_length_423593_cov_40.5855 	1	302793	302869	Arg	TCT	0	0	96.39	77.88	18.51	
NODE_5_length_423593_cov_40.5855 	2	302921	302996	His	GTG	0	0	83.51	64.18	19.33	
NODE_5_length_423593_cov_40.5855 	3	303051	303135	Leu	TAG	0	0	76.62	44.97	31.65	
NODE_5_length_423593_cov_40.5855 	4	303202	303277	His	GTG	0	0	83.51	64.18	19.33	
NODE_5_length_423593_cov_40.5855 	5	314555	314631	Asp	GTC	0	0	95.34	76.86	18.48	
NODE_7_length_255397_cov_39.5519 	1	24778 	24853 	Thr	CGT	0	0	90.98	74.93	16.05	
NODE_14_length_190450_cov_39.1156	1	188553	188628	Asn	GTT	0	0	91.73	62.08	29.65	
NODE_14_length_190450_cov_39.1156	2	188638	188714	Pro	TGG	0	0	87.63	64.60	23.03	
NODE_14_length_190450_cov_39.1156	3	188725	188800	Lys	TTT	0	0	95.07	71.82	23.25	
NODE_14_length_190450_cov_39.1156	4	144639	144566	Arg	ACG	0	0	52.72	27.21	25.51	
NODE_14_length_190450_cov_39.1156	5	37200 	37126 	Gln	TTG	0	0	66.82	40.36	26.46	
NODE_14_length_190450_cov_39.1156	6	18490 	18414 	Met	CAT	0	0	87.19	64.42	22.77	
NODE_15_length_167400_cov_41.1035	1	97395 	97485 	Ser	GCT	0	0	76.69	47.10	29.59	
NODE_15_length_167400_cov_41.1035	2	97603 	97679 	Arg	ACG	0	0	83.50	58.05	25.45	
NODE_15_length_167400_cov_41.1035	3	97791 	97867 	Arg	ACG	0	0	83.50	58.05	25.45	
NODE_15_length_167400_cov_41.1035	4	166522	166597	Lys	TTT	0	0	95.07	71.82	23.25	
NODE_15_length_167400_cov_41.1035	5	113972	113896	Met	CAT	0	0	85.06	58.55	26.51	
NODE_15_length_167400_cov_41.1035	6	7716  	7644  	Leu	GAG	0	0	20.84	19.28	1.56	
NODE_17_length_134033_cov_38.3277	1	79048 	79124 	Met	CAT	0	0	92.87	71.40	21.47	
NODE_18_length_120836_cov_40.8103	1	105265	105338	Gly	CCC	0	0	60.35	30.06	30.29	
NODE_25_length_65518_cov_35.874  	1	1220  	1295  	Trp	CCA	0	0	86.73	63.05	23.68	
NODE_31_length_36002_cov_39.4824 	1	1366  	1290  	Arg	CCG	0	0	87.81	66.55	21.26	
NODE_47_length_5541_cov_155.03   	1	1954  	2030  	Ile	GAT	0	0	98.83	72.69	26.14	
NODE_47_length_5541_cov_155.03   	2	2059  	2134  	Ala	TGC	0	0	90.68	71.56	19.12	
NODE_55_length_3319_cov_36.4082  	1	2799  	2883  	Tyr	GTA	0	0	71.07	41.76	29.31	
NODE_55_length_3319_cov_36.4082  	2	2910  	2983  	Gly	TCC	0	0	82.75	60.87	21.88	
NODE_55_length_3319_cov_36.4082  	3	3003  	3078  	Thr	GGT	0	0	93.76	67.73	26.03	
