Sequence                         		tRNA  	Bounds	tRNA	Anti	Intron Bounds	Cove	HMM	2'Str	      
Name                             	tRNA #	Begin 	End   	Type	Codon	Begin	End	Score	Score	Score	Note
--------                         	------	----- 	------	----	-----	-----	----	------	-----	-----	------
NODE_1_length_631821_cov_35.8177 	1	214743	214657	Leu	CAA	0	0	69.99	38.33	31.66	
NODE_2_length_489219_cov_37.2452 	1	51399 	51474 	Ala	GGC	0	0	86.95	68.86	18.09	
NODE_2_length_489219_cov_37.2452 	2	51523 	51598 	Glu	TTC	0	0	66.40	38.20	28.20	
NODE_2_length_489219_cov_37.2452 	3	51692 	51767 	Ala	GGC	0	0	86.95	68.86	18.09	
NODE_2_length_489219_cov_37.2452 	4	51814 	51889 	Glu	TTC	0	0	66.40	38.20	28.20	
NODE_2_length_489219_cov_37.2452 	5	90791 	90866 	Val	TAC	0	0	94.49	73.68	20.81	
NODE_2_length_489219_cov_37.2452 	6	90883 	90959 	Asp	GTC	0	0	94.67	75.49	19.18	
NODE_2_length_489219_cov_37.2452 	7	91074 	91150 	Asp	GTC	0	0	94.67	75.49	19.18	
NODE_2_length_489219_cov_37.2452 	8	393771	393846	Glu	TTC	0	0	66.40	38.20	28.20	
NODE_2_length_489219_cov_37.2452 	9	393849	393924	Gly	GCC	0	0	93.74	68.41	25.33	
NODE_2_length_489219_cov_37.2452 	10	394009	394084	Gly	GCC	0	0	93.74	68.41	25.33	
NODE_2_length_489219_cov_37.2452 	11	440441	440517	Val	GAC	0	0	93.19	67.81	25.38	
NODE_2_length_489219_cov_37.2452 	12	361276	361187	Ser	GGA	0	0	71.75	34.38	37.37	
NODE_2_length_489219_cov_37.2452 	13	172483	172407	Pro	CGG	0	0	88.20	60.26	27.94	
NODE_2_length_489219_cov_37.2452 	14	42600 	42525 	Asn	GTT	0	0	91.73	62.08	29.65	
NODE_3_length_452901_cov_34.005  	1	335884	335975	SeC	TCA	0	0	55.75	-18.51	74.26	
NODE_3_length_452901_cov_34.005  	2	389923	390008	Leu	GAG	0	0	68.53	39.16	29.37	
NODE_3_length_452901_cov_34.005  	3	390099	390175	Met	CAT	0	0	85.85	60.06	25.79	
NODE_3_length_452901_cov_34.005  	4	179603	179517	Leu	CAG	0	0	73.96	38.54	35.42	
NODE_3_length_452901_cov_34.005  	5	179387	179301	Leu	CAG	0	0	73.96	38.54	35.42	
NODE_4_length_381673_cov_38.4882 	1	291291	291202	Ser	TGA	0	0	72.70	38.95	33.75	
NODE_4_length_381673_cov_38.4882 	2	266911	266836	Gly	GCC	0	0	93.74	68.41	25.33	
NODE_4_length_381673_cov_38.4882 	3	138801	138728	Cys	GCA	0	0	62.38	45.73	16.65	
NODE_4_length_381673_cov_38.4882 	4	126176	126090	Leu	TAA	0	0	76.64	42.32	34.32	
NODE_5_length_341058_cov_38.3135 	1	65793 	65868 	Thr	CGT	0	0	90.98	74.93	16.05	
NODE_9_length_203659_cov_42.9697 	1	59140 	59064 	Arg	TCT	0	0	96.39	77.88	18.51	
NODE_9_length_203659_cov_42.9697 	2	59012 	58937 	His	GTG	0	0	83.51	64.18	19.33	
NODE_9_length_203659_cov_42.9697 	3	56447 	56364 	Leu	TAG	0	0	70.50	40.25	30.25	
NODE_9_length_203659_cov_42.9697 	4	24491 	24416 	Thr	TGT	0	0	74.27	61.42	12.85	
NODE_10_length_199873_cov_38.1112	1	140725	140798	Gly	CCC	0	0	60.35	30.06	30.29	
NODE_11_length_187684_cov_40.8009	1	154210	154121	Ser	CGA	0	0	68.31	24.88	43.43	
NODE_14_length_162790_cov_39.9172	1	55725 	55801 	Met	CAT	0	0	85.06	58.55	26.51	
NODE_14_length_162790_cov_39.9172	2	161989	162061	Leu	GAG	0	0	20.84	19.28	1.56	
NODE_14_length_162790_cov_39.9172	3	72307 	72217 	Ser	GCT	0	0	76.69	47.10	29.59	
NODE_14_length_162790_cov_39.9172	4	72099 	72023 	Arg	ACG	0	0	83.50	58.05	25.45	
NODE_14_length_162790_cov_39.9172	5	71911 	71835 	Arg	ACG	0	0	83.50	58.05	25.45	
NODE_14_length_162790_cov_39.9172	6	3147  	3072  	Lys	TTT	0	0	95.07	71.82	23.25	
NODE_15_length_162352_cov_34.9818	1	158485	158412	Arg	ACG	0	0	52.72	27.21	25.51	
NODE_15_length_162352_cov_34.9818	2	51825 	51751 	Gln	TTG	0	0	66.82	40.36	26.46	
NODE_15_length_162352_cov_34.9818	3	22176 	22100 	Met	CAT	0	0	87.19	64.42	22.77	
NODE_18_length_149968_cov_46.1006	1	147579	147504	His	GTG	0	0	83.51	64.18	19.33	
NODE_18_length_149968_cov_46.1006	2	136226	136150	Asp	GTC	0	0	95.34	76.86	18.48	
NODE_19_length_136161_cov_39.361 	1	100202	100127	Val	TAC	0	0	94.49	73.68	20.81	
NODE_19_length_136161_cov_39.361 	2	100110	100034	Asp	GTC	0	0	94.67	75.49	19.18	
NODE_22_length_122398_cov_36.6212	1	2719  	2643  	Arg	CCT	0	0	83.71	58.51	25.20	
NODE_27_length_100483_cov_34.3274	1	22818 	22742 	Met	CAT	0	0	94.25	81.17	13.08	
NODE_31_length_78243_cov_37.6795 	1	4481  	4406  	Phe	GAA	0	0	92.69	68.52	24.17	
NODE_34_length_59032_cov_37.7911 	1	23111 	23186 	Thr	TGT	0	0	93.66	75.64	18.02	
NODE_36_length_51073_cov_41.9884 	1	40299 	40374 	Asn	GTT	0	0	91.73	62.08	29.65	
NODE_36_length_51073_cov_41.9884 	2	40384 	40460 	Pro	TGG	0	0	87.63	64.60	23.03	
NODE_36_length_51073_cov_41.9884 	3	40471 	40546 	Lys	TTT	0	0	95.07	71.82	23.25	
NODE_37_length_50620_cov_38.9162 	1	35733 	35809 	Pro	GGG	0	0	74.89	48.01	26.88	
NODE_41_length_36260_cov_44.2354 	1	34644 	34720 	Arg	CCG	0	0	87.81	66.55	21.26	
NODE_43_length_32051_cov_36.832  	1	1220  	1295  	Trp	CCA	0	0	86.73	63.05	23.68	
NODE_59_length_5405_cov_151.693  	1	1829  	1905  	Ile	GAT	0	0	98.83	72.69	26.14	
NODE_59_length_5405_cov_151.693  	2	1934  	2009  	Ala	TGC	0	0	90.68	71.56	19.12	
NODE_69_length_3329_cov_34.4482  	1	2809  	2893  	Tyr	GTA	0	0	71.07	41.76	29.31	
NODE_69_length_3329_cov_34.4482  	2	2920  	2993  	Gly	TCC	0	0	82.75	60.87	21.88	
NODE_69_length_3329_cov_34.4482  	3	3013  	3088  	Thr	GGT	0	0	93.76	67.73	26.03	
