Sequence                         		tRNA  	Bounds	tRNA	Anti	Intron Bounds	Cove	HMM	2'Str	      
Name                             	tRNA #	Begin 	End   	Type	Codon	Begin	End	Score	Score	Score	Note
--------                         	------	----- 	------	----	-----	-----	----	------	-----	-----	------
NODE_1_length_902263_cov_36.7729 	1	700934	701010	Arg	CCT	0	0	83.71	58.51	25.20	
NODE_1_length_902263_cov_36.7729 	2	828411	828486	Val	TAC	0	0	94.49	73.68	20.81	
NODE_1_length_902263_cov_36.7729 	3	828503	828579	Asp	GTC	0	0	94.67	75.49	19.18	
NODE_1_length_902263_cov_36.7729 	4	223938	223852	Leu	CAA	0	0	69.99	38.33	31.66	
NODE_2_length_734146_cov_42.3403 	1	93550 	93640 	Ser	GCT	0	0	76.69	47.10	29.59	
NODE_2_length_734146_cov_42.3403 	2	93758 	93834 	Arg	ACG	0	0	83.50	58.05	25.45	
NODE_2_length_734146_cov_42.3403 	3	93946 	94022 	Arg	ACG	0	0	83.50	58.05	25.45	
NODE_2_length_734146_cov_42.3403 	4	162677	162752	Lys	TTT	0	0	95.07	71.82	23.25	
NODE_2_length_734146_cov_42.3403 	5	190220	190309	Ser	CGA	0	0	68.31	24.88	43.43	
NODE_2_length_734146_cov_42.3403 	6	110127	110051	Met	CAT	0	0	85.06	58.55	26.51	
NODE_2_length_734146_cov_42.3403 	7	3870  	3798  	Leu	GAG	0	0	20.84	19.28	1.56	
NODE_3_length_585973_cov_37.693  	1	462829	462920	SeC	TCA	0	0	55.75	-18.51	74.26	
NODE_3_length_585973_cov_37.693  	2	523114	523199	Leu	GAG	0	0	68.53	39.16	29.37	
NODE_3_length_585973_cov_37.693  	3	523290	523366	Met	CAT	0	0	85.85	60.06	25.79	
NODE_3_length_585973_cov_37.693  	4	309286	309200	Leu	CAG	0	0	73.96	38.54	35.42	
NODE_3_length_585973_cov_37.693  	5	309070	308984	Leu	CAG	0	0	73.96	38.54	35.42	
NODE_3_length_585973_cov_37.693  	6	52487 	52412 	Phe	GAA	0	0	92.69	68.52	24.17	
NODE_3_length_585973_cov_37.693  	7	41077 	41002 	Thr	TGT	0	0	93.66	75.64	18.02	
NODE_4_length_481964_cov_39.787  	1	55979 	56054 	Ala	GGC	0	0	86.95	68.86	18.09	
NODE_4_length_481964_cov_39.787  	2	56103 	56178 	Glu	TTC	0	0	66.40	38.20	28.20	
NODE_4_length_481964_cov_39.787  	3	56272 	56347 	Ala	GGC	0	0	86.95	68.86	18.09	
NODE_4_length_481964_cov_39.787  	4	56394 	56469 	Glu	TTC	0	0	66.40	38.20	28.20	
NODE_4_length_481964_cov_39.787  	5	95376 	95451 	Val	TAC	0	0	94.49	73.68	20.81	
NODE_4_length_481964_cov_39.787  	6	95468 	95544 	Asp	GTC	0	0	94.67	75.49	19.18	
NODE_4_length_481964_cov_39.787  	7	95659 	95735 	Asp	GTC	0	0	94.67	75.49	19.18	
NODE_4_length_481964_cov_39.787  	8	395134	395209	Glu	TTC	0	0	66.40	38.20	28.20	
NODE_4_length_481964_cov_39.787  	9	395212	395287	Gly	GCC	0	0	93.74	68.41	25.33	
NODE_4_length_481964_cov_39.787  	10	395372	395447	Gly	GCC	0	0	93.74	68.41	25.33	
NODE_4_length_481964_cov_39.787  	11	441777	441853	Val	GAC	0	0	93.19	67.81	25.38	
NODE_4_length_481964_cov_39.787  	12	475917	475993	Pro	GGG	0	0	74.89	48.01	26.88	
NODE_4_length_481964_cov_39.787  	13	362639	362550	Ser	GGA	0	0	71.75	34.38	37.37	
NODE_4_length_481964_cov_39.787  	14	173881	173805	Pro	CGG	0	0	88.20	60.26	27.94	
NODE_4_length_481964_cov_39.787  	15	47180 	47105 	Asn	GTT	0	0	91.73	62.08	29.65	
NODE_5_length_425933_cov_42.4605 	1	302831	302907	Arg	TCT	0	0	96.39	77.88	18.51	
NODE_5_length_425933_cov_42.4605 	2	302959	303034	His	GTG	0	0	83.51	64.18	19.33	
NODE_5_length_425933_cov_42.4605 	3	303089	303173	Leu	TAG	0	0	76.62	44.97	31.65	
NODE_5_length_425933_cov_42.4605 	4	303240	303315	His	GTG	0	0	83.51	64.18	19.33	
NODE_5_length_425933_cov_42.4605 	5	314593	314669	Asp	GTC	0	0	95.34	76.86	18.48	
NODE_6_length_395499_cov_36.1013 	1	100900	100975	Asn	GTT	0	0	91.73	62.08	29.65	
NODE_6_length_395499_cov_36.1013 	2	100985	101061	Pro	TGG	0	0	87.63	64.60	23.03	
NODE_6_length_395499_cov_36.1013 	3	101072	101147	Lys	TTT	0	0	95.07	71.82	23.25	
NODE_6_length_395499_cov_36.1013 	4	120292	120367	Thr	CGT	0	0	90.98	74.93	16.05	
NODE_6_length_395499_cov_36.1013 	5	56986 	56913 	Arg	ACG	0	0	52.72	27.21	25.51	
NODE_8_length_286798_cov_42.1267 	1	145133	145222	Ser	TGA	0	0	72.70	38.95	33.75	
NODE_8_length_286798_cov_42.1267 	2	169509	169584	Gly	GCC	0	0	93.74	68.41	25.33	
NODE_8_length_286798_cov_42.1267 	3	174132	174205	Cys	GCA	0	0	62.38	45.73	16.65	
NODE_8_length_286798_cov_42.1267 	4	186756	186842	Leu	TAA	0	0	76.64	42.32	34.32	
NODE_15_length_107562_cov_39.3659	1	106554	106627	Gly	CCC	0	0	73.34	48.02	25.32	
NODE_17_length_88127_cov_34.0333 	1	9080  	9004  	Met	CAT	0	0	92.87	71.40	21.47	
NODE_21_length_65452_cov_37.22   	1	1220  	1295  	Trp	CCA	0	0	86.73	63.05	23.68	
NODE_23_length_57642_cov_35.5845 	1	6819  	6745  	Gln	TTG	0	0	66.82	40.36	26.46	
NODE_23_length_57642_cov_35.5845 	2	3070  	2994  	Met	CAT	0	0	87.19	64.42	22.77	
NODE_26_length_36002_cov_39.8494 	1	1366  	1290  	Arg	CCG	0	0	87.81	66.55	21.26	
NODE_30_length_26087_cov_35.9279 	1	18492 	18414 	Met	CAT	0	0	29.05	36.16	-7.11	
NODE_33_length_5542_cov_166.076  	1	1954  	2030  	Ile	GAT	0	0	98.83	72.69	26.14	
NODE_33_length_5542_cov_166.076  	2	2059  	2134  	Ala	TGC	0	0	90.68	71.56	19.12	
NODE_38_length_3319_cov_34.005   	1	2799  	2883  	Tyr	GTA	0	0	71.07	41.76	29.31	
NODE_38_length_3319_cov_34.005   	2	2910  	2983  	Gly	TCC	0	0	82.75	60.87	21.88	
NODE_38_length_3319_cov_34.005   	3	3003  	3078  	Thr	GGT	0	0	93.76	67.73	26.03	
