Sequence                         		tRNA  	Bounds	tRNA	Anti	Intron Bounds	Cove	HMM	2'Str	      
Name                             	tRNA #	Begin 	End   	Type	Codon	Begin	End	Score	Score	Score	Note
--------                         	------	----- 	------	----	-----	-----	----	------	-----	-----	------
NODE_1_length_579105_cov_43.8305 	1	214798	214712	Leu	CAA	0	0	69.99	38.33	31.66	
NODE_2_length_577389_cov_44.0309 	1	543862	543773	Ser	CGA	0	0	68.31	24.88	43.43	
NODE_3_length_531350_cov_44.1297 	1	414285	414376	SeC	TCA	0	0	55.75	-18.51	74.26	
NODE_3_length_531350_cov_44.1297 	2	468492	468577	Leu	GAG	0	0	68.53	39.16	29.37	
NODE_3_length_531350_cov_44.1297 	3	468668	468744	Met	CAT	0	0	85.85	60.06	25.79	
NODE_3_length_531350_cov_44.1297 	4	258173	258087	Leu	CAG	0	0	73.96	38.54	35.42	
NODE_3_length_531350_cov_44.1297 	5	257957	257871	Leu	CAG	0	0	73.96	38.54	35.42	
NODE_3_length_531350_cov_44.1297 	6	1240  	1165  	Phe	GAA	0	0	92.69	68.52	24.17	
NODE_4_length_423644_cov_43.4131 	1	411325	411243	Phe	GAA	0	0	21.74	20.22	1.52	
NODE_4_length_423644_cov_43.4131 	2	399914	399839	Thr	TGT	0	0	93.66	75.64	18.02	
NODE_4_length_423644_cov_43.4131 	3	125530	125454	Arg	TCT	0	0	96.39	77.88	18.51	
NODE_4_length_423644_cov_43.4131 	4	125402	125327	His	GTG	0	0	83.51	64.18	19.33	
NODE_4_length_423644_cov_43.4131 	5	125272	125188	Leu	TAG	0	0	76.62	44.97	31.65	
NODE_4_length_423644_cov_43.4131 	6	125121	125046	His	GTG	0	0	83.51	64.18	19.33	
NODE_4_length_423644_cov_43.4131 	7	113768	113692	Asp	GTC	0	0	95.34	76.86	18.48	
NODE_5_length_419445_cov_43.4107 	1	59965 	60054 	Ser	GGA	0	0	71.75	34.38	37.37	
NODE_5_length_419445_cov_43.4107 	2	248781	248857	Pro	CGG	0	0	88.20	60.26	27.94	
NODE_5_length_419445_cov_43.4107 	3	375461	375536	Asn	GTT	0	0	91.73	62.08	29.65	
NODE_5_length_419445_cov_43.4107 	4	366662	366587	Ala	GGC	0	0	86.95	68.86	18.09	
NODE_5_length_419445_cov_43.4107 	5	366538	366463	Glu	TTC	0	0	66.40	38.20	28.20	
NODE_5_length_419445_cov_43.4107 	6	366369	366294	Ala	GGC	0	0	86.95	68.86	18.09	
NODE_5_length_419445_cov_43.4107 	7	366247	366172	Glu	TTC	0	0	66.40	38.20	28.20	
NODE_5_length_419445_cov_43.4107 	8	327265	327190	Val	TAC	0	0	94.49	73.68	20.81	
NODE_5_length_419445_cov_43.4107 	9	327173	327097	Asp	GTC	0	0	94.67	75.49	19.18	
NODE_5_length_419445_cov_43.4107 	10	326982	326906	Asp	GTC	0	0	94.67	75.49	19.18	
NODE_5_length_419445_cov_43.4107 	11	27464 	27389 	Glu	TTC	0	0	66.40	38.20	28.20	
NODE_5_length_419445_cov_43.4107 	12	27386 	27311 	Gly	GCC	0	0	93.74	68.41	25.33	
NODE_5_length_419445_cov_43.4107 	13	27226 	27151 	Gly	GCC	0	0	93.74	68.41	25.33	
NODE_6_length_375280_cov_43.5795 	1	292067	291991	Met	CAT	0	0	92.87	71.40	21.47	
NODE_7_length_360271_cov_43.5453 	1	219277	219188	Ser	TGA	0	0	72.70	38.95	33.75	
NODE_7_length_360271_cov_43.5453 	2	194897	194822	Gly	GCC	0	0	93.74	68.41	25.33	
NODE_7_length_360271_cov_43.5453 	3	138240	138167	Cys	GCA	0	0	62.38	45.73	16.65	
NODE_7_length_360271_cov_43.5453 	4	125616	125530	Leu	TAA	0	0	76.64	42.32	34.32	
NODE_8_length_343407_cov_43.6088 	1	265553	265643	Ser	GCT	0	0	76.69	47.10	29.59	
NODE_8_length_343407_cov_43.6088 	2	265761	265837	Arg	ACG	0	0	83.50	58.05	25.45	
NODE_8_length_343407_cov_43.6088 	3	265949	266025	Arg	ACG	0	0	83.50	58.05	25.45	
NODE_8_length_343407_cov_43.6088 	4	334666	334741	Lys	TTT	0	0	95.07	71.82	23.25	
NODE_8_length_343407_cov_43.6088 	5	282099	282023	Met	CAT	0	0	85.06	58.55	26.51	
NODE_8_length_343407_cov_43.6088 	6	176033	175961	Leu	GAG	0	0	20.84	19.28	1.56	
NODE_8_length_343407_cov_43.6088 	7	70424 	70351 	Gly	CCC	0	0	60.35	30.06	30.29	
NODE_9_length_297620_cov_43.6152 	1	275413	275338	Thr	CGT	0	0	90.98	74.93	16.05	
NODE_11_length_210592_cov_43.655 	1	91067 	90991 	Arg	CCT	0	0	83.71	58.51	25.20	
NODE_17_length_114894_cov_43.8417	1	35959 	36034 	Val	TAC	0	0	94.49	73.68	20.81	
NODE_17_length_114894_cov_43.8417	2	36051 	36127 	Asp	GTC	0	0	94.67	75.49	19.18	
NODE_18_length_105249_cov_45.6543	1	101198	101273	Asn	GTT	0	0	91.73	62.08	29.65	
NODE_18_length_105249_cov_45.6543	2	101283	101359	Pro	TGG	0	0	87.63	64.60	23.03	
NODE_18_length_105249_cov_45.6543	3	101370	101445	Lys	TTT	0	0	95.07	71.82	23.25	
NODE_18_length_105249_cov_45.6543	4	57291 	57218 	Arg	ACG	0	0	52.72	27.21	25.51	
NODE_19_length_104320_cov_42.3864	1	18885 	18961 	Val	GAC	0	0	93.19	67.81	25.38	
NODE_19_length_104320_cov_42.3864	2	53042 	53118 	Pro	GGG	0	0	74.89	48.01	26.88	
NODE_25_length_65518_cov_43.2283 	1	64299 	64224 	Trp	CCA	0	0	86.73	63.05	23.68	
NODE_28_length_55327_cov_44.2677 	1	6301  	6227  	Gln	TTG	0	0	66.82	40.36	26.46	
NODE_28_length_55327_cov_44.2677 	2	2553  	2477  	Met	CAT	0	0	87.19	64.42	22.77	
NODE_33_length_38167_cov_44.2555 	1	34743 	34819 	Arg	CCG	0	0	87.89	66.77	21.12	
NODE_47_length_5535_cov_164.301  	1	1954  	2030  	Ile	GAT	0	0	98.83	72.69	26.14	
NODE_47_length_5535_cov_164.301  	2	2059  	2134  	Ala	TGC	0	0	90.68	71.56	19.12	
NODE_56_length_3327_cov_42.3031  	1	521   	437   	Tyr	GTA	0	0	71.07	41.76	29.31	
NODE_56_length_3327_cov_42.3031  	2	410   	337   	Gly	TCC	0	0	82.75	60.87	21.88	
NODE_56_length_3327_cov_42.3031  	3	317   	242   	Thr	GGT	0	0	93.76	67.73	26.03	
