Sequence                         		tRNA  	Bounds	tRNA	Anti	Intron Bounds	Cove	HMM	2'Str	      
Name                             	tRNA #	Begin 	End   	Type	Codon	Begin	End	Score	Score	Score	Note
--------                         	------	----- 	------	----	-----	-----	----	------	-----	-----	------
NODE_1_length_617853_cov_44.7213 	1	227086	227000	Leu	CAA	0	0	69.99	38.33	31.66	
NODE_2_length_582257_cov_43.3753 	1	279742	279828	Leu	CAG	0	0	73.96	38.54	35.42	
NODE_2_length_582257_cov_43.3753 	2	279958	280044	Leu	CAG	0	0	73.96	38.54	35.42	
NODE_2_length_582257_cov_43.3753 	3	536658	536733	Phe	GAA	0	0	92.69	68.52	24.17	
NODE_2_length_582257_cov_43.3753 	4	548063	548138	Thr	TGT	0	0	93.66	75.64	18.02	
NODE_2_length_582257_cov_43.3753 	5	123484	123393	SeC	TCA	0	0	55.75	-18.51	74.26	
NODE_2_length_582257_cov_43.3753 	6	62876 	62791 	Leu	GAG	0	0	68.53	39.16	29.37	
NODE_2_length_582257_cov_43.3753 	7	62700 	62624 	Met	CAT	0	0	85.85	60.06	25.79	
NODE_3_length_490814_cov_47.604  	1	454390	454301	Ser	CGA	0	0	68.31	24.88	43.43	
NODE_4_length_422880_cov_46.4273 	1	64807 	64896 	Ser	GGA	0	0	71.75	34.38	37.37	
NODE_4_length_422880_cov_46.4273 	2	253593	253669	Pro	CGG	0	0	88.20	60.26	27.94	
NODE_4_length_422880_cov_46.4273 	3	380280	380355	Asn	GTT	0	0	91.73	62.08	29.65	
NODE_4_length_422880_cov_46.4273 	4	371481	371406	Ala	GGC	0	0	86.95	68.86	18.09	
NODE_4_length_422880_cov_46.4273 	5	371357	371282	Glu	TTC	0	0	66.40	38.20	28.20	
NODE_4_length_422880_cov_46.4273 	6	371188	371113	Ala	GGC	0	0	86.95	68.86	18.09	
NODE_4_length_422880_cov_46.4273 	7	371066	370991	Glu	TTC	0	0	66.40	38.20	28.20	
NODE_4_length_422880_cov_46.4273 	8	332075	332000	Val	TAC	0	0	94.49	73.68	20.81	
NODE_4_length_422880_cov_46.4273 	9	331983	331907	Asp	GTC	0	0	94.67	75.49	19.18	
NODE_4_length_422880_cov_46.4273 	10	331792	331716	Asp	GTC	0	0	94.67	75.49	19.18	
NODE_4_length_422880_cov_46.4273 	11	32311 	32236 	Glu	TTC	0	0	66.40	38.20	28.20	
NODE_4_length_422880_cov_46.4273 	12	32233 	32158 	Gly	GCC	0	0	93.74	68.41	25.33	
NODE_4_length_422880_cov_46.4273 	13	32073 	31998 	Gly	GCC	0	0	93.74	68.41	25.33	
NODE_5_length_399083_cov_48.0948 	1	390455	390531	Arg	TCT	0	0	96.39	77.88	18.51	
NODE_5_length_399083_cov_48.0948 	2	390583	390658	His	GTG	0	0	83.51	64.18	19.33	
NODE_5_length_399083_cov_48.0948 	3	390713	390797	Leu	TAG	0	0	76.62	44.97	31.65	
NODE_6_length_384155_cov_47.0285 	1	306755	306679	Met	CAT	0	0	92.87	71.40	21.47	
NODE_7_length_320973_cov_50.847  	1	168977	168888	Ser	TGA	0	0	72.70	38.95	33.75	
NODE_7_length_320973_cov_50.847  	2	144600	144525	Gly	GCC	0	0	93.74	68.41	25.33	
NODE_7_length_320973_cov_50.847  	3	138206	138133	Cys	GCA	0	0	62.38	45.73	16.65	
NODE_7_length_320973_cov_50.847  	4	125581	125495	Leu	TAA	0	0	76.64	42.32	34.32	
NODE_8_length_270780_cov_49.5385 	1	34618 	34694 	Arg	CCG	0	0	87.81	66.55	21.26	
NODE_10_length_218617_cov_46.5217	1	97628 	97718 	Ser	GCT	0	0	76.69	47.10	29.59	
NODE_10_length_218617_cov_46.5217	2	97835 	97911 	Arg	ACG	0	0	83.50	58.05	25.45	
NODE_10_length_218617_cov_46.5217	3	98023 	98099 	Arg	ACG	0	0	83.50	58.05	25.45	
NODE_10_length_218617_cov_46.5217	4	206505	206580	Lys	TTT	0	0	95.07	71.82	23.25	
NODE_10_length_218617_cov_46.5217	5	153930	153854	Met	CAT	0	0	85.06	58.55	26.51	
NODE_10_length_218617_cov_46.5217	6	4869  	4797  	Leu	GAG	0	0	20.84	19.28	1.56	
NODE_11_length_214519_cov_44.7988	1	95399 	95325 	Arg	CCT	0	0	69.71	45.21	24.50	
NODE_16_length_181933_cov_46.4329	1	172348	172423	Asn	GTT	0	0	91.73	62.08	29.65	
NODE_16_length_181933_cov_46.4329	2	172433	172509	Pro	TGG	0	0	87.63	64.60	23.03	
NODE_16_length_181933_cov_46.4329	3	172520	172595	Lys	TTT	0	0	95.07	71.82	23.25	
NODE_16_length_181933_cov_46.4329	4	128432	128359	Arg	ACG	0	0	52.72	27.21	25.51	
NODE_16_length_181933_cov_46.4329	5	22227 	22153 	Gln	TTG	0	0	66.82	40.36	26.46	
NODE_16_length_181933_cov_46.4329	6	18480 	18404 	Met	CAT	0	0	87.19	64.42	22.77	
NODE_17_length_181504_cov_52.1249	1	56563 	56638 	His	GTG	0	0	83.51	64.18	19.33	
NODE_17_length_181504_cov_52.1249	2	67916 	67992 	Asp	GTC	0	0	95.34	76.86	18.48	
NODE_18_length_155898_cov_44.6714	1	98125 	98198 	Gly	CCC	0	0	60.35	30.06	30.29	
NODE_20_length_114720_cov_46.0973	1	78722 	78647 	Val	TAC	0	0	94.49	73.68	20.81	
NODE_20_length_114720_cov_46.0973	2	78630 	78554 	Asp	GTC	0	0	94.67	75.49	19.18	
NODE_23_length_70492_cov_49.4412 	1	22046 	22122 	Val	GAC	0	0	93.19	67.81	25.38	
NODE_23_length_70492_cov_49.4412 	2	55891 	55967 	Pro	GGG	0	0	74.89	48.01	26.88	
NODE_26_length_65542_cov_44.8261 	1	64323 	64248 	Trp	CCA	0	0	86.73	63.05	23.68	
NODE_32_length_22171_cov_45.5112 	1	3557  	3632  	Thr	CGT	0	0	90.98	74.93	16.05	
NODE_38_length_5514_cov_181.406  	1	1935  	2011  	Ile	GAT	0	0	98.83	72.69	26.14	
NODE_38_length_5514_cov_181.406  	2	2040  	2115  	Ala	TGC	0	0	90.68	71.56	19.12	
NODE_47_length_3327_cov_47.3303  	1	521   	437   	Tyr	GTA	0	0	71.07	41.76	29.31	
NODE_47_length_3327_cov_47.3303  	2	410   	337   	Gly	TCC	0	0	82.75	60.87	21.88	
NODE_47_length_3327_cov_47.3303  	3	317   	242   	Thr	GGT	0	0	93.76	67.73	26.03	
