Sequence                         		tRNA  	Bounds	tRNA	Anti	Intron Bounds	Cove	HMM	2'Str	      
Name                             	tRNA #	Begin 	End   	Type	Codon	Begin	End	Score	Score	Score	Note
--------                         	------	----- 	------	----	-----	-----	----	------	-----	-----	------
NODE_1_length_698756_cov_30.5092 	1	698195	698271	Arg	CCT	0	0	83.71	58.51	25.20	
NODE_1_length_698756_cov_30.5092 	2	214083	213997	Leu	CAA	0	0	69.99	38.33	31.66	
NODE_2_length_673615_cov_30.7741 	1	282115	282201	Leu	CAG	0	0	73.96	38.54	35.42	
NODE_2_length_673615_cov_30.7741 	2	282331	282417	Leu	CAG	0	0	73.96	38.54	35.42	
NODE_2_length_673615_cov_30.7741 	3	538186	538261	Phe	GAA	0	0	92.69	68.52	24.17	
NODE_2_length_673615_cov_30.7741 	4	549591	549666	Thr	TGT	0	0	93.66	75.64	18.02	
NODE_2_length_673615_cov_30.7741 	5	126751	126660	SeC	TCA	0	0	55.75	-18.51	74.26	
NODE_2_length_673615_cov_30.7741 	6	62854 	62769 	Leu	GAG	0	0	68.53	39.16	29.37	
NODE_2_length_673615_cov_30.7741 	7	62678 	62602 	Met	CAT	0	0	85.85	60.06	25.79	
NODE_3_length_472011_cov_29.1172 	1	111789	111878	Ser	GGA	0	0	71.75	34.38	37.37	
NODE_3_length_472011_cov_29.1172 	2	300508	300584	Pro	CGG	0	0	88.20	60.26	27.94	
NODE_3_length_472011_cov_29.1172 	3	429334	429409	Asn	GTT	0	0	91.73	62.08	29.65	
NODE_3_length_472011_cov_29.1172 	4	420535	420460	Ala	GGC	0	0	86.95	68.86	18.09	
NODE_3_length_472011_cov_29.1172 	5	420411	420336	Glu	TTC	0	0	66.40	38.20	28.20	
NODE_3_length_472011_cov_29.1172 	6	420242	420167	Ala	GGC	0	0	86.95	68.86	18.09	
NODE_3_length_472011_cov_29.1172 	7	420120	420045	Glu	TTC	0	0	66.40	38.20	28.20	
NODE_3_length_472011_cov_29.1172 	8	381123	381048	Val	TAC	0	0	94.49	73.68	20.81	
NODE_3_length_472011_cov_29.1172 	9	381031	380955	Asp	GTC	0	0	94.67	75.49	19.18	
NODE_3_length_472011_cov_29.1172 	10	380840	380764	Asp	GTC	0	0	94.67	75.49	19.18	
NODE_3_length_472011_cov_29.1172 	11	79292 	79217 	Glu	TTC	0	0	66.40	38.20	28.20	
NODE_3_length_472011_cov_29.1172 	12	79214 	79139 	Gly	GCC	0	0	93.74	68.41	25.33	
NODE_3_length_472011_cov_29.1172 	13	79054 	78979 	Gly	GCC	0	0	93.74	68.41	25.33	
NODE_3_length_472011_cov_29.1172 	14	35271 	35195 	Val	GAC	0	0	93.19	67.81	25.38	
NODE_3_length_472011_cov_29.1172 	15	1130  	1054  	Pro	GGG	0	0	74.89	48.01	26.88	
NODE_4_length_393877_cov_29.295  	1	299606	299682	Arg	TCT	0	0	96.39	77.88	18.51	
NODE_4_length_393877_cov_29.295  	2	299734	299809	His	GTG	0	0	83.51	64.18	19.33	
NODE_4_length_393877_cov_29.295  	3	299864	299948	Leu	TAG	0	0	76.62	44.97	31.65	
NODE_4_length_393877_cov_29.295  	4	300015	300090	His	GTG	0	0	83.51	64.18	19.33	
NODE_4_length_393877_cov_29.295  	5	311369	311445	Asp	GTC	0	0	95.34	76.86	18.48	
NODE_5_length_372590_cov_32.6269 	1	295086	295010	Met	CAT	0	0	92.87	71.40	21.47	
NODE_6_length_318353_cov_30.1972 	1	234100	234190	Ser	GCT	0	0	76.69	47.10	29.59	
NODE_6_length_318353_cov_30.1972 	2	234308	234384	Arg	ACG	0	0	83.50	58.05	25.45	
NODE_6_length_318353_cov_30.1972 	3	234496	234572	Arg	ACG	0	0	83.50	58.05	25.45	
NODE_6_length_318353_cov_30.1972 	4	303215	303290	Lys	TTT	0	0	95.07	71.82	23.25	
NODE_6_length_318353_cov_30.1972 	5	250647	250571	Met	CAT	0	0	85.06	58.55	26.51	
NODE_6_length_318353_cov_30.1972 	6	144345	144273	Leu	GAG	0	0	20.84	19.28	1.56	
NODE_6_length_318353_cov_30.1972 	7	40434 	40361 	Gly	CCC	0	0	60.35	30.06	30.29	
NODE_7_length_282274_cov_30.2061 	1	248064	247989	Thr	CGT	0	0	90.98	74.93	16.05	
NODE_10_length_234970_cov_30.2545	1	208295	208206	Ser	CGA	0	0	68.31	24.88	43.43	
NODE_12_length_203712_cov_30.1567	1	129765	129840	Val	TAC	0	0	94.49	73.68	20.81	
NODE_12_length_203712_cov_30.1567	2	129857	129933	Asp	GTC	0	0	94.67	75.49	19.18	
NODE_13_length_181745_cov_31.1073	1	30718 	30629 	Ser	TGA	0	0	72.70	38.95	33.75	
NODE_13_length_181745_cov_31.1073	2	6342  	6267  	Gly	GCC	0	0	93.74	68.41	25.33	
NODE_13_length_181745_cov_31.1073	3	1718  	1645  	Cys	GCA	0	0	62.38	45.73	16.65	
NODE_15_length_171250_cov_31.1174	1	115129	115202	Arg	ACG	0	0	52.72	27.21	25.51	
NODE_15_length_171250_cov_31.1174	2	71213 	71138 	Asn	GTT	0	0	91.73	62.08	29.65	
NODE_15_length_171250_cov_31.1174	3	71128 	71052 	Pro	TGG	0	0	87.63	64.60	23.03	
NODE_15_length_171250_cov_31.1174	4	71041 	70966 	Lys	TTT	0	0	95.07	71.82	23.25	
NODE_19_length_111134_cov_31.15  	1	99976 	99890 	Leu	TAA	0	0	76.64	42.32	34.32	
NODE_25_length_74947_cov_29.5458 	1	49021 	49095 	Gln	TTG	0	0	66.82	40.36	26.46	
NODE_25_length_74947_cov_29.5458 	2	52769 	52845 	Met	CAT	0	0	87.19	64.42	22.77	
NODE_26_length_65628_cov_31.2758 	1	64409 	64334 	Trp	CCA	0	0	86.73	63.05	23.68	
NODE_32_length_36004_cov_33.7706 	1	1382  	1306  	Arg	CCG	0	0	87.81	66.55	21.26	
NODE_42_length_5542_cov_115.25   	1	1954  	2030  	Ile	GAT	0	0	98.83	72.69	26.14	
NODE_42_length_5542_cov_115.25   	2	2059  	2134  	Ala	TGC	0	0	90.68	71.56	19.12	
NODE_48_length_3319_cov_31.2334  	1	521   	437   	Tyr	GTA	0	0	71.07	41.76	29.31	
NODE_48_length_3319_cov_31.2334  	2	410   	337   	Gly	TCC	0	0	82.75	60.87	21.88	
NODE_48_length_3319_cov_31.2334  	3	317   	242   	Thr	GGT	0	0	93.76	67.73	26.03	
