Sequence                         		tRNA  	Bounds	tRNA	Anti	Intron Bounds	Cove	HMM	2'Str	      
Name                             	tRNA #	Begin 	End   	Type	Codon	Begin	End	Score	Score	Score	Note
--------                         	------	----- 	------	----	-----	-----	----	------	-----	-----	------
NODE_1_length_767789_cov_41.0522 	1	650877	650968	SeC	TCA	0	0	55.75	-18.51	74.26	
NODE_1_length_767789_cov_41.0522 	2	704916	705001	Leu	GAG	0	0	68.53	39.16	29.37	
NODE_1_length_767789_cov_41.0522 	3	705092	705168	Met	CAT	0	0	85.85	60.06	25.79	
NODE_1_length_767789_cov_41.0522 	4	497215	497129	Leu	CAG	0	0	73.96	38.54	35.42	
NODE_1_length_767789_cov_41.0522 	5	496999	496913	Leu	CAG	0	0	73.96	38.54	35.42	
NODE_1_length_767789_cov_41.0522 	6	241283	241208	Phe	GAA	0	0	92.69	68.52	24.17	
NODE_1_length_767789_cov_41.0522 	7	229873	229798	Thr	TGT	0	0	93.66	75.64	18.02	
NODE_2_length_582352_cov_43.1724 	1	27459 	27548 	Ser	CGA	0	0	68.31	24.88	43.43	
NODE_3_length_495460_cov_39.7342 	1	480363	480449	Leu	CAA	0	0	69.99	38.33	31.66	
NODE_3_length_495460_cov_39.7342 	2	3146  	3070  	Arg	CCT	0	0	83.71	58.51	25.20	
NODE_4_length_474616_cov_43.5266 	1	303092	303168	Arg	TCT	0	0	96.39	77.88	18.51	
NODE_4_length_474616_cov_43.5266 	2	303220	303295	His	GTG	0	0	83.51	64.18	19.33	
NODE_4_length_474616_cov_43.5266 	3	303351	303435	Leu	TAG	0	0	76.62	44.97	31.65	
NODE_4_length_474616_cov_43.5266 	4	324861	324935	Asn	GTT	0	0	77.66	51.70	25.96	
NODE_4_length_474616_cov_43.5266 	5	324940	325015	Thr	TGT	0	0	74.27	61.42	12.85	
NODE_4_length_474616_cov_43.5266 	6	351891	351966	His	GTG	0	0	83.51	64.18	19.33	
NODE_4_length_474616_cov_43.5266 	7	363257	363333	Asp	GTC	0	0	95.34	76.86	18.48	
NODE_5_length_463422_cov_41.7972 	1	93694 	93783 	Ser	GGA	0	0	71.75	34.38	37.37	
NODE_5_length_463422_cov_41.7972 	2	282486	282562	Pro	CGG	0	0	88.20	60.26	27.94	
NODE_5_length_463422_cov_41.7972 	3	411316	411391	Asn	GTT	0	0	91.73	62.08	29.65	
NODE_5_length_463422_cov_41.7972 	4	402517	402442	Ala	GGC	0	0	86.95	68.86	18.09	
NODE_5_length_463422_cov_41.7972 	5	402393	402318	Glu	TTC	0	0	66.40	38.20	28.20	
NODE_5_length_463422_cov_41.7972 	6	402224	402149	Ala	GGC	0	0	86.95	68.86	18.09	
NODE_5_length_463422_cov_41.7972 	7	402102	402027	Glu	TTC	0	0	66.40	38.20	28.20	
NODE_5_length_463422_cov_41.7972 	8	363114	363039	Val	TAC	0	0	94.49	73.68	20.81	
NODE_5_length_463422_cov_41.7972 	9	363022	362946	Asp	GTC	0	0	94.67	75.49	19.18	
NODE_5_length_463422_cov_41.7972 	10	362831	362755	Asp	GTC	0	0	94.67	75.49	19.18	
NODE_5_length_463422_cov_41.7972 	11	61197 	61122 	Glu	TTC	0	0	66.40	38.20	28.20	
NODE_5_length_463422_cov_41.7972 	12	61119 	61044 	Gly	GCC	0	0	93.74	68.41	25.33	
NODE_5_length_463422_cov_41.7972 	13	60959 	60884 	Gly	GCC	0	0	93.74	68.41	25.33	
NODE_6_length_393806_cov_40.1755 	1	302427	302351	Met	CAT	0	0	92.87	71.40	21.47	
NODE_7_length_382256_cov_44.2558 	1	13735 	13811 	Pro	GGG	0	0	74.89	48.01	26.88	
NODE_7_length_382256_cov_44.2558 	2	240652	240741	Ser	TGA	0	0	72.70	38.95	33.75	
NODE_7_length_382256_cov_44.2558 	3	265029	265104	Gly	GCC	0	0	93.74	68.41	25.33	
NODE_7_length_382256_cov_44.2558 	4	269651	269724	Cys	GCA	0	0	62.38	45.73	16.65	
NODE_7_length_382256_cov_44.2558 	5	282275	282361	Leu	TAA	0	0	76.64	42.32	34.32	
NODE_8_length_368646_cov_40.9929 	1	89367 	89443 	Met	CAT	0	0	85.06	58.55	26.51	
NODE_8_length_368646_cov_40.9929 	2	195653	195725	Leu	GAG	0	0	20.84	19.28	1.56	
NODE_8_length_368646_cov_40.9929 	3	298066	298139	Gly	CCC	0	0	60.35	30.06	30.29	
NODE_8_length_368646_cov_40.9929 	4	105909	105819	Ser	GCT	0	0	76.69	47.10	29.59	
NODE_8_length_368646_cov_40.9929 	5	105701	105625	Arg	ACG	0	0	83.50	58.05	25.45	
NODE_8_length_368646_cov_40.9929 	6	105513	105437	Arg	ACG	0	0	83.50	58.05	25.45	
NODE_8_length_368646_cov_40.9929 	7	36791 	36716 	Lys	TTT	0	0	95.07	71.82	23.25	
NODE_9_length_356480_cov_39.8207 	1	101713	101788	Asn	GTT	0	0	91.73	62.08	29.65	
NODE_9_length_356480_cov_39.8207 	2	101798	101874	Pro	TGG	0	0	87.63	64.60	23.03	
NODE_9_length_356480_cov_39.8207 	3	101885	101960	Lys	TTT	0	0	95.07	71.82	23.25	
NODE_9_length_356480_cov_39.8207 	4	119664	119739	Thr	CGT	0	0	90.98	74.93	16.05	
NODE_9_length_356480_cov_39.8207 	5	57798 	57725 	Arg	ACG	0	0	52.72	27.21	25.51	
NODE_13_length_208051_cov_41.2911	1	1606  	1680  	Arg	CCT	0	0	69.69	51.80	17.89	
NODE_13_length_208051_cov_41.2911	2	129444	129519	Val	TAC	0	0	94.49	73.68	20.81	
NODE_13_length_208051_cov_41.2911	3	129536	129612	Asp	GTC	0	0	94.67	75.49	19.18	
NODE_23_length_71522_cov_39.8233 	1	22239 	22165 	Gln	TTG	0	0	66.82	40.36	26.46	
NODE_23_length_71522_cov_39.8233 	2	18491 	18415 	Met	CAT	0	0	87.19	64.42	22.77	
NODE_24_length_65620_cov_37.9606 	1	64401 	64326 	Trp	CCA	0	0	86.73	63.05	23.68	
NODE_28_length_48549_cov_44.1025 	1	20767 	20843 	Val	GAC	0	0	93.19	67.81	25.38	
NODE_32_length_36022_cov_42.9786 	1	1534  	1458  	Arg	CCG	0	0	87.81	66.55	21.26	
NODE_46_length_5523_cov_169.649  	1	1935  	2011  	Ile	GAT	0	0	98.83	72.69	26.14	
NODE_46_length_5523_cov_169.649  	2	2040  	2115  	Ala	TGC	0	0	90.68	71.56	19.12	
NODE_52_length_3319_cov_34.7108  	1	521   	437   	Tyr	GTA	0	0	71.07	41.76	29.31	
NODE_52_length_3319_cov_34.7108  	2	410   	337   	Gly	TCC	0	0	82.75	60.87	21.88	
NODE_52_length_3319_cov_34.7108  	3	317   	242   	Thr	GGT	0	0	93.76	67.73	26.03	
