Sequence                         		tRNA  	Bounds	tRNA	Anti	Intron Bounds	Cove	HMM	2'Str	      
Name                             	tRNA #	Begin 	End   	Type	Codon	Begin	End	Score	Score	Score	Note
--------                         	------	----- 	------	----	-----	-----	----	------	-----	-----	------
NODE_1_length_771295_cov_44.7175 	1	271706	271792	Leu	CAG	0	0	73.96	38.54	35.42	
NODE_1_length_771295_cov_44.7175 	2	271922	272008	Leu	CAG	0	0	73.96	38.54	35.42	
NODE_1_length_771295_cov_44.7175 	3	529428	529503	Phe	GAA	0	0	92.69	68.52	24.17	
NODE_1_length_771295_cov_44.7175 	4	540838	540913	Thr	TGT	0	0	93.66	75.64	18.02	
NODE_1_length_771295_cov_44.7175 	5	117205	117114	SeC	TCA	0	0	55.75	-18.51	74.26	
NODE_1_length_771295_cov_44.7175 	6	62976 	62891 	Leu	GAG	0	0	68.53	39.16	29.37	
NODE_1_length_771295_cov_44.7175 	7	62800 	62724 	Met	CAT	0	0	85.85	60.06	25.79	
NODE_2_length_720056_cov_44.6607 	1	55163 	55238 	Ala	GGC	0	0	86.95	68.86	18.09	
NODE_2_length_720056_cov_44.6607 	2	55287 	55362 	Glu	TTC	0	0	66.40	38.20	28.20	
NODE_2_length_720056_cov_44.6607 	3	55456 	55531 	Ala	GGC	0	0	86.95	68.86	18.09	
NODE_2_length_720056_cov_44.6607 	4	55578 	55653 	Glu	TTC	0	0	66.40	38.20	28.20	
NODE_2_length_720056_cov_44.6607 	5	94562 	94637 	Val	TAC	0	0	94.49	73.68	20.81	
NODE_2_length_720056_cov_44.6607 	6	94654 	94730 	Asp	GTC	0	0	94.67	75.49	19.18	
NODE_2_length_720056_cov_44.6607 	7	94845 	94921 	Asp	GTC	0	0	94.67	75.49	19.18	
NODE_2_length_720056_cov_44.6607 	8	397551	397626	Glu	TTC	0	0	66.40	38.20	28.20	
NODE_2_length_720056_cov_44.6607 	9	397629	397704	Gly	GCC	0	0	93.74	68.41	25.33	
NODE_2_length_720056_cov_44.6607 	10	397789	397864	Gly	GCC	0	0	93.74	68.41	25.33	
NODE_2_length_720056_cov_44.6607 	11	442826	442902	Val	GAC	0	0	93.19	67.81	25.38	
NODE_2_length_720056_cov_44.6607 	12	476669	476745	Pro	GGG	0	0	74.89	48.01	26.88	
NODE_2_length_720056_cov_44.6607 	13	636317	636406	Ser	TGA	0	0	72.70	38.95	33.75	
NODE_2_length_720056_cov_44.6607 	14	660717	660792	Gly	GCC	0	0	93.74	68.41	25.33	
NODE_2_length_720056_cov_44.6607 	15	667111	667184	Cys	GCA	0	0	62.38	45.73	16.65	
NODE_2_length_720056_cov_44.6607 	16	365056	364967	Ser	GGA	0	0	71.75	34.38	37.37	
NODE_2_length_720056_cov_44.6607 	17	176252	176176	Pro	CGG	0	0	88.20	60.26	27.94	
NODE_2_length_720056_cov_44.6607 	18	46364 	46289 	Asn	GTT	0	0	91.73	62.08	29.65	
NODE_3_length_442353_cov_43.9455 	1	349693	349617	Met	CAT	0	0	92.88	73.75	19.13	
NODE_3_length_442353_cov_43.9455 	2	13435 	13359 	Arg	CCG	0	0	87.81	66.55	21.26	
NODE_4_length_424390_cov_44.9695 	1	370567	370657	Ser	GCT	0	0	76.69	47.10	29.59	
NODE_4_length_424390_cov_44.9695 	2	370775	370851	Arg	ACG	0	0	83.50	58.05	25.45	
NODE_4_length_424390_cov_44.9695 	3	370963	371039	Arg	ACG	0	0	83.50	58.05	25.45	
NODE_4_length_424390_cov_44.9695 	4	387143	387067	Met	CAT	0	0	85.06	58.55	26.51	
NODE_4_length_424390_cov_44.9695 	5	280888	280816	Leu	GAG	0	0	20.84	19.28	1.56	
NODE_4_length_424390_cov_44.9695 	6	91983 	91910 	Gly	CCC	0	0	60.35	30.06	30.29	
NODE_5_length_424056_cov_44.2904 	1	394812	394898	Leu	CAA	0	0	69.99	38.33	31.66	
NODE_7_length_301639_cov_44.9074 	1	275083	275008	Thr	CGT	0	0	90.98	74.93	16.05	
NODE_8_length_271463_cov_44.7775 	1	126786	126710	Arg	TCT	0	0	96.39	77.88	18.51	
NODE_8_length_271463_cov_44.7775 	2	126658	126583	His	GTG	0	0	83.51	64.18	19.33	
NODE_8_length_271463_cov_44.7775 	3	126528	126444	Leu	TAG	0	0	76.62	44.97	31.65	
NODE_8_length_271463_cov_44.7775 	4	126377	126302	His	GTG	0	0	83.51	64.18	19.33	
NODE_8_length_271463_cov_44.7775 	5	115024	114948	Asp	GTC	0	0	95.34	76.86	18.48	
NODE_13_length_183156_cov_45.4574	1	148264	148175	Ser	CGA	0	0	68.31	24.88	43.43	
NODE_16_length_148754_cov_45.6044	1	101597	101672	Asn	GTT	0	0	91.73	62.08	29.65	
NODE_16_length_148754_cov_45.6044	2	101682	101758	Pro	TGG	0	0	87.63	64.60	23.03	
NODE_16_length_148754_cov_45.6044	3	101769	101844	Lys	TTT	0	0	95.07	71.82	23.25	
NODE_16_length_148754_cov_45.6044	4	57689 	57616 	Arg	ACG	0	0	52.72	27.21	25.51	
NODE_17_length_136812_cov_43.929 	1	100816	100741	Val	TAC	0	0	94.49	73.68	20.81	
NODE_17_length_136812_cov_43.929 	2	100724	100648	Asp	GTC	0	0	94.67	75.49	19.18	
NODE_20_length_122120_cov_44.0366	1	3009  	2933  	Arg	CCT	0	0	83.71	58.51	25.20	
NODE_23_length_83967_cov_44.2772 	1	48572 	48646 	Gln	TTG	0	0	66.82	40.36	26.46	
NODE_23_length_83967_cov_44.2772 	2	52320 	52396 	Met	CAT	0	0	87.19	64.42	22.77	
NODE_27_length_65288_cov_45.0981 	1	64273 	64198 	Trp	CCA	0	0	86.73	63.05	23.68	
NODE_30_length_17891_cov_47.5525 	1	15587 	15662 	Lys	TTT	0	0	95.07	71.82	23.25	
NODE_38_length_5415_cov_180.863  	1	3587  	3511  	Ile	GAT	0	0	98.83	72.69	26.14	
NODE_38_length_5415_cov_180.863  	2	3482  	3407  	Ala	TGC	0	0	90.68	71.56	19.12	
NODE_42_length_3526_cov_45.1171  	1	725   	641   	Tyr	GTA	0	0	71.07	41.76	29.31	
NODE_42_length_3526_cov_45.1171  	2	614   	541   	Gly	TCC	0	0	82.75	60.87	21.88	
NODE_42_length_3526_cov_45.1171  	3	521   	446   	Thr	GGT	0	0	93.76	67.73	26.03	
