Sequence                         		tRNA  	Bounds	tRNA	Anti	Intron Bounds	Cove	HMM	2'Str	      
Name                             	tRNA #	Begin 	End   	Type	Codon	Begin	End	Score	Score	Score	Note
--------                         	------	----- 	------	----	-----	-----	----	------	-----	-----	------
NODE_1_length_579105_cov_49.7606 	1	214798	214712	Leu	CAA	0	0	69.99	38.33	31.66	
NODE_2_length_578915_cov_53.8763 	1	543862	543773	Ser	CGA	0	0	68.31	24.88	43.43	
NODE_3_length_531410_cov_51.4871 	1	414285	414376	SeC	TCA	0	0	55.75	-18.51	74.26	
NODE_3_length_531410_cov_51.4871 	2	468492	468577	Leu	GAG	0	0	68.53	39.16	29.37	
NODE_3_length_531410_cov_51.4871 	3	468668	468744	Met	CAT	0	0	85.85	60.06	25.79	
NODE_3_length_531410_cov_51.4871 	4	258173	258087	Leu	CAG	0	0	73.96	38.54	35.42	
NODE_3_length_531410_cov_51.4871 	5	257957	257871	Leu	CAG	0	0	73.96	38.54	35.42	
NODE_3_length_531410_cov_51.4871 	6	1240  	1165  	Phe	GAA	0	0	92.69	68.52	24.17	
NODE_4_length_484278_cov_52.4458 	1	101198	101273	Asn	GTT	0	0	91.73	62.08	29.65	
NODE_4_length_484278_cov_52.4458 	2	101283	101359	Pro	TGG	0	0	87.63	64.60	23.03	
NODE_4_length_484278_cov_52.4458 	3	101370	101445	Lys	TTT	0	0	95.07	71.82	23.25	
NODE_4_length_484278_cov_52.4458 	4	209049	209124	Thr	CGT	0	0	90.98	74.93	16.05	
NODE_4_length_484278_cov_52.4458 	5	57291 	57218 	Arg	ACG	0	0	52.72	27.21	25.51	
NODE_5_length_375339_cov_48.5845 	1	83273 	83349 	Met	CAT	0	0	92.87	71.40	21.47	
NODE_6_length_311762_cov_54.6974 	1	169014	168925	Ser	TGA	0	0	72.70	38.95	33.75	
NODE_6_length_311762_cov_54.6974 	2	144634	144559	Gly	GCC	0	0	93.74	68.41	25.33	
NODE_6_length_311762_cov_54.6974 	3	138240	138167	Cys	GCA	0	0	62.38	45.73	16.65	
NODE_6_length_311762_cov_54.6974 	4	125616	125530	Leu	TAA	0	0	76.64	42.32	34.32	
NODE_7_length_286560_cov_53.2176 	1	259097	259172	Glu	TTC	0	0	66.40	38.20	28.20	
NODE_7_length_286560_cov_53.2176 	2	259175	259250	Gly	GCC	0	0	93.74	68.41	25.33	
NODE_7_length_286560_cov_53.2176 	3	259335	259410	Gly	GCC	0	0	93.74	68.41	25.33	
NODE_7_length_286560_cov_53.2176 	4	226596	226507	Ser	GGA	0	0	71.75	34.38	37.37	
NODE_7_length_286560_cov_53.2176 	5	37780 	37704 	Pro	CGG	0	0	88.20	60.26	27.94	
NODE_8_length_270068_cov_53.9475 	1	144539	144615	Arg	TCT	0	0	96.39	77.88	18.51	
NODE_8_length_270068_cov_53.9475 	2	144667	144742	His	GTG	0	0	83.51	64.18	19.33	
NODE_8_length_270068_cov_53.9475 	3	144797	144881	Leu	TAG	0	0	76.62	44.97	31.65	
NODE_8_length_270068_cov_53.9475 	4	144948	145023	His	GTG	0	0	83.51	64.18	19.33	
NODE_8_length_270068_cov_53.9475 	5	156301	156377	Asp	GTC	0	0	95.34	76.86	18.48	
NODE_10_length_227107_cov_51.8147	1	51076 	51148 	Leu	GAG	0	0	20.84	19.28	1.56	
NODE_10_length_227107_cov_51.8147	2	156684	156757	Gly	CCC	0	0	60.35	30.06	30.29	
NODE_13_length_209424_cov_50.7021	1	118942	119018	Arg	CCT	0	0	83.71	58.51	25.20	
NODE_18_length_133154_cov_52.477 	1	52784 	52859 	Ala	GGC	0	0	86.95	68.86	18.09	
NODE_18_length_133154_cov_52.477 	2	52908 	52983 	Glu	TTC	0	0	66.40	38.20	28.20	
NODE_18_length_133154_cov_52.477 	3	53077 	53152 	Ala	GGC	0	0	86.95	68.86	18.09	
NODE_18_length_133154_cov_52.477 	4	53199 	53274 	Glu	TTC	0	0	66.40	38.20	28.20	
NODE_18_length_133154_cov_52.477 	5	92190 	92265 	Val	TAC	0	0	94.49	73.68	20.81	
NODE_18_length_133154_cov_52.477 	6	92282 	92358 	Asp	GTC	0	0	94.67	75.49	19.18	
NODE_18_length_133154_cov_52.477 	7	92473 	92549 	Asp	GTC	0	0	94.67	75.49	19.18	
NODE_18_length_133154_cov_52.477 	8	43985 	43910 	Asn	GTT	0	0	91.73	62.08	29.65	
NODE_19_length_126169_cov_54.1529	1	38705 	38795 	Ser	GCT	0	0	76.69	47.10	29.59	
NODE_19_length_126169_cov_54.1529	2	38913 	38989 	Arg	ACG	0	0	83.50	58.05	25.45	
NODE_19_length_126169_cov_54.1529	3	39101 	39177 	Arg	ACG	0	0	83.50	58.05	25.45	
NODE_19_length_126169_cov_54.1529	4	107809	107884	Lys	TTT	0	0	95.07	71.82	23.25	
NODE_19_length_126169_cov_54.1529	5	55251 	55175 	Met	CAT	0	0	85.06	58.55	26.51	
NODE_20_length_114894_cov_52.9034	1	35959 	36034 	Val	TAC	0	0	94.49	73.68	20.81	
NODE_20_length_114894_cov_52.9034	2	36051 	36127 	Asp	GTC	0	0	94.67	75.49	19.18	
NODE_21_length_114209_cov_52.5492	1	101890	101808	Phe	GAA	0	0	21.74	20.22	1.52	
NODE_21_length_114209_cov_52.5492	2	90479 	90404 	Thr	TGT	0	0	93.66	75.64	18.02	
NODE_25_length_71275_cov_51.3485 	1	22249 	22175 	Gln	TTG	0	0	66.82	40.36	26.46	
NODE_25_length_71275_cov_51.3485 	2	18501 	18425 	Met	CAT	0	0	87.19	64.42	22.77	
NODE_27_length_65518_cov_47.0048 	1	64299 	64224 	Trp	CCA	0	0	86.73	63.05	23.68	
NODE_28_length_62949_cov_54.2064 	1	18885 	18961 	Val	GAC	0	0	93.19	67.81	25.38	
NODE_28_length_62949_cov_54.2064 	2	53042 	53118 	Pro	GGG	0	0	74.89	48.01	26.88	
NODE_29_length_60717_cov_53.1348 	1	34723 	34799 	Arg	CCG	0	0	87.89	66.77	21.12	
NODE_45_length_5475_cov_214.146  	1	1894  	1970  	Ile	GAT	0	0	98.83	72.69	26.14	
NODE_45_length_5475_cov_214.146  	2	1999  	2074  	Ala	TGC	0	0	90.68	71.56	19.12	
NODE_49_length_3327_cov_50.145   	1	521   	437   	Tyr	GTA	0	0	71.07	41.76	29.31	
NODE_49_length_3327_cov_50.145   	2	410   	337   	Gly	TCC	0	0	82.75	60.87	21.88	
NODE_49_length_3327_cov_50.145   	3	317   	242   	Thr	GGT	0	0	93.76	67.73	26.03	
