Sequence                         		tRNA  	Bounds	tRNA	Anti	Intron Bounds	Cove	HMM	2'Str	      
Name                             	tRNA #	Begin 	End   	Type	Codon	Begin	End	Score	Score	Score	Note
--------                         	------	----- 	------	----	-----	-----	----	------	-----	-----	------
NODE_1_length_375028_cov_20.3291 	1	258645	258736	SeC	TCA	0	0	55.75	-18.51	74.26	
NODE_1_length_375028_cov_20.3291 	2	312684	312769	Leu	GAG	0	0	68.53	39.16	29.37	
NODE_1_length_375028_cov_20.3291 	3	312860	312936	Met	CAT	0	0	85.85	60.06	25.79	
NODE_1_length_375028_cov_20.3291 	4	102364	102278	Leu	CAG	0	0	73.96	38.54	35.42	
NODE_1_length_375028_cov_20.3291 	5	102148	102062	Leu	CAG	0	0	73.96	38.54	35.42	
NODE_2_length_347575_cov_20.5642 	1	54241 	54326 	Lys	TTT	0	0	22.00	12.28	9.72	
NODE_2_length_347575_cov_20.5642 	2	72310 	72385 	Thr	CGT	0	0	90.98	74.93	16.05	
NODE_3_length_347259_cov_20.6813 	1	234413	234503	Ser	GCT	0	0	76.69	47.10	29.59	
NODE_3_length_347259_cov_20.6813 	2	234621	234697	Arg	ACG	0	0	83.50	58.05	25.45	
NODE_3_length_347259_cov_20.6813 	3	234809	234885	Arg	ACG	0	0	83.50	58.05	25.45	
NODE_3_length_347259_cov_20.6813 	4	303578	303653	Lys	TTT	0	0	95.07	71.82	23.25	
NODE_3_length_347259_cov_20.6813 	5	250995	250919	Met	CAT	0	0	85.06	58.55	26.51	
NODE_3_length_347259_cov_20.6813 	6	144731	144659	Leu	GAG	0	0	20.84	19.28	1.56	
NODE_3_length_347259_cov_20.6813 	7	41306 	41233 	Gly	CCC	0	0	60.35	30.06	30.29	
NODE_4_length_323572_cov_19.4928 	1	169574	169485	Ser	TGA	0	0	72.70	38.95	33.75	
NODE_4_length_323572_cov_19.4928 	2	145194	145119	Gly	GCC	0	0	93.74	68.41	25.33	
NODE_4_length_323572_cov_19.4928 	3	138801	138728	Cys	GCA	0	0	62.38	45.73	16.65	
NODE_4_length_323572_cov_19.4928 	4	126176	126090	Leu	TAA	0	0	76.64	42.32	34.32	
NODE_5_length_322433_cov_19.6686 	1	291949	291873	Met	CAT	0	0	92.87	71.40	21.47	
NODE_6_length_318641_cov_20.5955 	1	95791 	95867 	Pro	CGG	0	0	88.20	60.26	27.94	
NODE_6_length_318641_cov_20.5955 	2	282806	282881	Asn	GTT	0	0	91.73	62.08	29.65	
NODE_6_length_318641_cov_20.5955 	3	274007	273932	Ala	GGC	0	0	86.95	68.86	18.09	
NODE_6_length_318641_cov_20.5955 	4	273885	273810	Glu	TTC	0	0	66.40	38.20	28.20	
NODE_6_length_318641_cov_20.5955 	5	234908	234833	Val	TAC	0	0	94.49	73.68	20.81	
NODE_6_length_318641_cov_20.5955 	6	234816	234740	Asp	GTC	0	0	94.67	75.49	19.18	
NODE_6_length_318641_cov_20.5955 	7	234625	234549	Asp	GTC	0	0	94.67	75.49	19.18	
NODE_7_length_315747_cov_19.4888 	1	100580	100666	Leu	CAA	0	0	69.99	38.33	31.66	
NODE_8_length_268440_cov_19.6226 	1	123953	123877	Arg	TCT	0	0	96.39	77.88	18.51	
NODE_8_length_268440_cov_19.6226 	2	123825	123750	His	GTG	0	0	83.51	64.18	19.33	
NODE_8_length_268440_cov_19.6226 	3	123695	123611	Leu	TAG	0	0	76.62	44.97	31.65	
NODE_8_length_268440_cov_19.6226 	4	123544	123469	His	GTG	0	0	83.51	64.18	19.33	
NODE_8_length_268440_cov_19.6226 	5	112191	112115	Asp	GTC	0	0	95.34	76.86	18.48	
NODE_10_length_261179_cov_21.1245	1	208229	208140	Ser	CGA	0	0	68.31	24.88	43.43	
NODE_10_length_261179_cov_21.1245	2	180758	180683	Met	CAT	0	0	60.05	34.98	25.07	
NODE_10_length_261179_cov_21.1245	3	178933	178859	Asn	GTT	0	0	77.66	51.70	25.96	
NODE_10_length_261179_cov_21.1245	4	178854	178779	Thr	TGT	0	0	74.27	61.42	12.85	
NODE_11_length_239044_cov_20.7505	1	195700	195775	Asn	GTT	0	0	91.73	62.08	29.65	
NODE_11_length_239044_cov_20.7505	2	195785	195861	Pro	TGG	0	0	87.63	64.60	23.03	
NODE_11_length_239044_cov_20.7505	3	195872	195947	Lys	TTT	0	0	95.07	71.82	23.25	
NODE_11_length_239044_cov_20.7505	4	151785	151712	Arg	ACG	0	0	52.72	27.21	25.51	
NODE_11_length_239044_cov_20.7505	5	45608 	45534 	Gln	TTG	0	0	66.82	40.36	26.46	
NODE_11_length_239044_cov_20.7505	6	18489 	18413 	Met	CAT	0	0	87.19	64.42	22.77	
NODE_13_length_215122_cov_20.3507	1	68547 	68636 	Ser	GGA	0	0	71.75	34.38	37.37	
NODE_13_length_215122_cov_20.3507	2	36052 	35977 	Glu	TTC	0	0	66.40	38.20	28.20	
NODE_13_length_215122_cov_20.3507	3	35974 	35899 	Gly	GCC	0	0	93.74	68.41	25.33	
NODE_13_length_215122_cov_20.3507	4	35814 	35739 	Gly	GCC	0	0	93.74	68.41	25.33	
NODE_20_length_136179_cov_20.2144	1	100221	100146	Val	TAC	0	0	94.49	73.68	20.81	
NODE_20_length_136179_cov_20.2144	2	100129	100053	Asp	GTC	0	0	94.67	75.49	19.18	
NODE_24_length_129270_cov_21.0011	1	32099 	32023 	Val	GAC	0	0	93.19	67.81	25.38	
NODE_25_length_120704_cov_19.1934	1	919   	843   	Arg	CCT	0	0	83.71	58.51	25.20	
NODE_31_length_76772_cov_20.2231 	1	4899  	4824  	Phe	GAA	0	0	92.69	68.52	24.17	
NODE_32_length_69380_cov_21.3608 	1	22216 	22291 	Thr	TGT	0	0	93.66	75.64	18.02	
NODE_38_length_45824_cov_21.3036 	1	30937 	31013 	Pro	GGG	0	0	74.89	48.01	26.88	
NODE_39_length_35831_cov_20.1415 	1	34644 	34720 	Arg	CCG	0	0	87.81	66.55	21.26	
NODE_42_length_31934_cov_20.9259 	1	30715 	30640 	Trp	CCA	0	0	86.73	63.05	23.68	
NODE_55_length_5405_cov_92.6281  	1	1829  	1905  	Ile	GAT	0	0	98.83	72.69	26.14	
NODE_55_length_5405_cov_92.6281  	2	1934  	2009  	Ala	TGC	0	0	90.68	71.56	19.12	
NODE_60_length_3329_cov_21.7333  	1	521   	437   	Tyr	GTA	0	0	71.07	41.76	29.31	
NODE_60_length_3329_cov_21.7333  	2	410   	337   	Gly	TCC	0	0	82.75	60.87	21.88	
NODE_60_length_3329_cov_21.7333  	3	317   	242   	Thr	GGT	0	0	93.76	67.73	26.03	
