Sequence                         		tRNA  	Bounds	tRNA	Anti	Intron Bounds	Cove	HMM	2'Str	      
Name                             	tRNA #	Begin 	End   	Type	Codon	Begin	End	Score	Score	Score	Note
--------                         	------	----- 	------	----	-----	-----	----	------	-----	-----	------
NODE_1_length_303041_cov_22.1448 	1	233705	233780	Glu	TTC	0	0	66.40	38.20	28.20	
NODE_1_length_303041_cov_22.1448 	2	233783	233858	Gly	GCC	0	0	93.74	68.41	25.33	
NODE_1_length_303041_cov_22.1448 	3	233943	234018	Gly	GCC	0	0	93.74	68.41	25.33	
NODE_1_length_303041_cov_22.1448 	4	201209	201120	Ser	GGA	0	0	71.75	34.38	37.37	
NODE_1_length_303041_cov_22.1448 	5	12422 	12346 	Pro	CGG	0	0	88.20	60.26	27.94	
NODE_4_length_257107_cov_27.9402 	1	173869	173793	Met	CAT	0	0	92.87	71.40	21.47	
NODE_5_length_239934_cov_26.7315 	1	123494	123403	SeC	TCA	0	0	55.75	-18.51	74.26	
NODE_5_length_239934_cov_26.7315 	2	62876 	62791 	Leu	GAG	0	0	68.53	39.16	29.37	
NODE_5_length_239934_cov_26.7315 	3	62700 	62624 	Met	CAT	0	0	85.85	60.06	25.79	
NODE_7_length_212389_cov_27.5939 	1	172360	172274	Leu	CAG	0	0	73.96	38.54	35.42	
NODE_7_length_212389_cov_27.5939 	2	172144	172058	Leu	CAG	0	0	73.96	38.54	35.42	
NODE_10_length_184807_cov_22.2324	1	151678	151767	Ser	TGA	0	0	72.70	38.95	33.75	
NODE_10_length_184807_cov_22.2324	2	176055	176130	Gly	GCC	0	0	93.74	68.41	25.33	
NODE_11_length_182284_cov_25.3753	1	79955 	80031 	Met	CAT	0	0	85.06	58.55	26.51	
NODE_11_length_182284_cov_25.3753	2	96532 	96442 	Ser	GCT	0	0	76.69	47.10	29.59	
NODE_11_length_182284_cov_25.3753	3	96325 	96249 	Arg	ACG	0	0	83.50	58.05	25.45	
NODE_11_length_182284_cov_25.3753	4	96137 	96061 	Arg	ACG	0	0	83.50	58.05	25.45	
NODE_11_length_182284_cov_25.3753	5	27383 	27308 	Lys	TTT	0	0	95.07	71.82	23.25	
NODE_12_length_179660_cov_28.4972	1	84807 	84882 	Phe	GAA	0	0	92.69	68.52	24.17	
NODE_12_length_179660_cov_28.4972	2	96212 	96287 	Thr	TGT	0	0	93.66	75.64	18.02	
NODE_13_length_173463_cov_22.9022	1	78065 	78139 	Arg	CCT	0	0	69.71	45.21	24.50	
NODE_14_length_155898_cov_25.072 	1	98125 	98198 	Gly	CCC	0	0	60.35	30.06	30.29	
NODE_15_length_143189_cov_21.6497	1	138206	138133	Cys	GCA	0	0	62.38	45.73	16.65	
NODE_15_length_143189_cov_21.6497	2	125581	125495	Leu	TAA	0	0	76.64	42.32	34.32	
NODE_16_length_134786_cov_27.4245	1	100860	100935	Asn	GTT	0	0	91.73	62.08	29.65	
NODE_16_length_134786_cov_27.4245	2	100945	101021	Pro	TGG	0	0	87.63	64.60	23.03	
NODE_16_length_134786_cov_27.4245	3	101032	101107	Lys	TTT	0	0	95.07	71.82	23.25	
NODE_16_length_134786_cov_27.4245	4	56944 	56871 	Arg	ACG	0	0	52.72	27.21	25.51	
NODE_17_length_131295_cov_22.9983	1	11904 	11979 	Ala	GGC	0	0	86.95	68.86	18.09	
NODE_17_length_131295_cov_22.9983	2	12028 	12103 	Glu	TTC	0	0	66.40	38.20	28.20	
NODE_17_length_131295_cov_22.9983	3	12197 	12272 	Ala	GGC	0	0	86.95	68.86	18.09	
NODE_17_length_131295_cov_22.9983	4	12319 	12394 	Glu	TTC	0	0	66.40	38.20	28.20	
NODE_17_length_131295_cov_22.9983	5	51310 	51385 	Val	TAC	0	0	94.49	73.68	20.81	
NODE_17_length_131295_cov_22.9983	6	51402 	51478 	Asp	GTC	0	0	94.67	75.49	19.18	
NODE_17_length_131295_cov_22.9983	7	51593 	51669 	Asp	GTC	0	0	94.67	75.49	19.18	
NODE_17_length_131295_cov_22.9983	8	3105  	3030  	Asn	GTT	0	0	91.73	62.08	29.65	
NODE_22_length_116553_cov_25.2145	1	37886 	37800 	Leu	CAA	0	0	69.99	38.33	31.66	
NODE_23_length_108744_cov_23.0388	1	78716 	78641 	Val	TAC	0	0	94.49	73.68	20.81	
NODE_23_length_108744_cov_23.0388	2	78624 	78548 	Asp	GTC	0	0	94.67	75.49	19.18	
NODE_27_length_92685_cov_21.704  	1	5000  	4924  	Arg	TCT	0	0	96.39	77.88	18.51	
NODE_27_length_92685_cov_21.704  	2	4872  	4797  	His	GTG	0	0	83.51	64.18	19.33	
NODE_27_length_92685_cov_21.704  	3	4742  	4658  	Leu	TAG	0	0	76.62	44.97	31.65	
NODE_27_length_92685_cov_21.704  	4	4591  	4516  	His	GTG	0	0	83.51	64.18	19.33	
NODE_28_length_91585_cov_24.8179 	1	9856  	9945  	Ser	CGA	0	0	68.31	24.88	43.43	
NODE_29_length_85000_cov_29.3656 	1	50280 	50204 	Arg	CCG	0	0	90.57	71.58	18.99	
NODE_35_length_65541_cov_27.5039 	1	64322 	64247 	Trp	CCA	0	0	86.73	63.05	23.68	
NODE_36_length_63527_cov_21.6991 	1	48283 	48207 	Val	GAC	0	0	93.19	67.81	25.38	
NODE_36_length_63527_cov_21.6991 	2	14438 	14362 	Pro	GGG	0	0	74.89	48.01	26.88	
NODE_42_length_48994_cov_27.1453 	1	25915 	25841 	Gln	TTG	0	0	66.82	40.36	26.46	
NODE_42_length_48994_cov_27.1453 	2	22168 	22092 	Met	CAT	0	0	87.19	64.42	22.77	
NODE_56_length_29541_cov_21.2859 	1	8491  	8567  	Asp	GTC	0	0	95.34	76.86	18.48	
NODE_59_length_29078_cov_26.5014 	1	26763 	26838 	Thr	CGT	0	0	90.98	74.93	16.05	
NODE_75_length_11743_cov_23.2737 	1	7265  	7337  	Leu	GAG	0	0	20.84	19.28	1.56	
NODE_89_length_5514_cov_103.068  	1	1935  	2011  	Ile	GAT	0	0	98.83	72.69	26.14	
NODE_89_length_5514_cov_103.068  	2	2040  	2115  	Ala	TGC	0	0	90.68	71.56	19.12	
NODE_96_length_3327_cov_27.0781  	1	521   	437   	Tyr	GTA	0	0	71.07	41.76	29.31	
NODE_96_length_3327_cov_27.0781  	2	410   	337   	Gly	TCC	0	0	78.43	56.67	21.76	
NODE_96_length_3327_cov_27.0781  	3	317   	242   	Thr	GGT	0	0	93.76	67.73	26.03	
