Sequence                         		tRNA  	Bounds	tRNA	Anti	Intron Bounds	Cove	HMM	2'Str	      
Name                             	tRNA #	Begin 	End   	Type	Codon	Begin	End	Score	Score	Score	Note
--------                         	------	----- 	------	----	-----	-----	----	------	-----	-----	------
NODE_1_length_854933_cov_45.0561 	1	307120	307206	Leu	CAG	0	0	73.96	38.54	35.42	
NODE_1_length_854933_cov_45.0561 	2	307336	307422	Leu	CAG	0	0	73.96	38.54	35.42	
NODE_1_length_854933_cov_45.0561 	3	564059	564134	Phe	GAA	0	0	92.69	68.52	24.17	
NODE_1_length_854933_cov_45.0561 	4	575867	575949	Undet	NNN	0	0	25.90	17.87	8.03	
NODE_1_length_854933_cov_45.0561 	5	587279	587354	Thr	TGT	0	0	93.66	75.64	18.02	
NODE_1_length_854933_cov_45.0561 	6	117199	117108	SeC	TCA	0	0	55.75	-18.51	74.26	
NODE_1_length_854933_cov_45.0561 	7	63093 	63008 	Leu	GAG	0	0	68.53	39.16	29.37	
NODE_1_length_854933_cov_45.0561 	8	62917 	62841 	Met	CAT	0	0	85.85	60.06	25.79	
NODE_2_length_693799_cov_43.0184 	1	686753	686839	Leu	CAA	0	0	69.99	38.33	31.66	
NODE_2_length_693799_cov_43.0184 	2	206632	206556	Arg	CCT	0	0	83.71	58.51	25.20	
NODE_2_length_693799_cov_43.0184 	3	78798 	78723 	Val	TAC	0	0	94.49	73.68	20.81	
NODE_2_length_693799_cov_43.0184 	4	78706 	78630 	Asp	GTC	0	0	94.67	75.49	19.18	
NODE_3_length_574206_cov_45.4571 	1	27702 	27791 	Ser	CGA	0	0	68.31	24.88	43.43	
NODE_4_length_554800_cov_45.4841 	1	187249	187338	Ser	GGA	0	0	71.75	34.38	37.37	
NODE_4_length_554800_cov_45.4841 	2	376011	376087	Pro	CGG	0	0	88.20	60.26	27.94	
NODE_4_length_554800_cov_45.4841 	3	502694	502769	Asn	GTT	0	0	91.73	62.08	29.65	
NODE_4_length_554800_cov_45.4841 	4	493894	493819	Ala	GGC	0	0	86.95	68.86	18.09	
NODE_4_length_554800_cov_45.4841 	5	493770	493695	Glu	TTC	0	0	66.40	38.20	28.20	
NODE_4_length_554800_cov_45.4841 	6	493601	493526	Ala	GGC	0	0	86.95	68.86	18.09	
NODE_4_length_554800_cov_45.4841 	7	493479	493404	Glu	TTC	0	0	66.40	38.20	28.20	
NODE_4_length_554800_cov_45.4841 	8	454503	454428	Val	TAC	0	0	94.49	73.68	20.81	
NODE_4_length_554800_cov_45.4841 	9	454411	454335	Asp	GTC	0	0	94.67	75.49	19.18	
NODE_4_length_554800_cov_45.4841 	10	454220	454144	Asp	GTC	0	0	94.67	75.49	19.18	
NODE_4_length_554800_cov_45.4841 	11	154753	154678	Glu	TTC	0	0	66.40	38.20	28.20	
NODE_4_length_554800_cov_45.4841 	12	154675	154600	Gly	GCC	0	0	90.59	65.27	25.32	
NODE_4_length_554800_cov_45.4841 	13	154515	154440	Gly	GCC	0	0	93.74	68.41	25.33	
NODE_5_length_486456_cov_47.0778 	1	463819	463743	Val	GAC	0	0	93.19	67.81	25.38	
NODE_5_length_486456_cov_47.0778 	2	429677	429601	Pro	GGG	0	0	74.89	48.01	26.88	
NODE_5_length_486456_cov_47.0778 	3	270150	270061	Ser	TGA	0	0	72.70	38.95	33.75	
NODE_5_length_486456_cov_47.0778 	4	245773	245698	Gly	GCC	0	0	93.74	68.41	25.33	
NODE_5_length_486456_cov_47.0778 	5	136179	136106	Cys	GCA	0	0	62.38	45.73	16.65	
NODE_5_length_486456_cov_47.0778 	6	123555	123469	Leu	TAA	0	0	76.64	42.32	34.32	
NODE_6_length_441354_cov_43.9674 	1	102224	102299	Asn	GTT	0	0	91.73	62.08	29.65	
NODE_6_length_441354_cov_43.9674 	2	102309	102385	Pro	TGG	0	0	87.63	64.60	23.03	
NODE_6_length_441354_cov_43.9674 	3	102396	102471	Lys	TTT	0	0	95.07	71.82	23.25	
NODE_6_length_441354_cov_43.9674 	4	209040	209115	Thr	CGT	0	0	90.98	74.93	16.05	
NODE_6_length_441354_cov_43.9674 	5	58301 	58228 	Arg	ACG	0	0	52.72	27.21	25.51	
NODE_7_length_413149_cov_43.016  	1	299325	299249	Met	CAT	0	0	92.87	71.40	21.47	
NODE_7_length_413149_cov_43.016  	2	291171	291104	Undet	NNN	0	0	20.79	12.12	8.67	
NODE_8_length_354983_cov_44.9933 	1	302917	302993	Arg	TCT	0	0	96.39	77.88	18.51	
NODE_8_length_354983_cov_44.9933 	2	303045	303120	His	GTG	0	0	83.51	64.18	19.33	
NODE_8_length_354983_cov_44.9933 	3	303175	303259	Leu	TAG	0	0	76.62	44.97	31.65	
NODE_8_length_354983_cov_44.9933 	4	331049	331124	Thr	TGT	0	0	74.27	61.42	12.85	
NODE_13_length_190416_cov_51.5058	1	53513 	53589 	Met	CAT	0	0	85.06	58.55	26.51	
NODE_13_length_190416_cov_51.5058	2	159735	159807	Leu	GAG	0	0	20.84	19.28	1.56	
NODE_13_length_190416_cov_51.5058	3	70058 	69968 	Ser	GCT	0	0	76.69	47.10	29.59	
NODE_13_length_190416_cov_51.5058	4	69850 	69774 	Arg	ACG	0	0	83.50	58.05	25.45	
NODE_13_length_190416_cov_51.5058	5	69662 	69586 	Arg	ACG	0	0	83.50	58.05	25.45	
NODE_13_length_190416_cov_51.5058	6	959   	884   	Lys	TTT	0	0	95.07	71.82	23.25	
NODE_15_length_173588_cov_46.0896	1	55604 	55531 	Gly	CCC	0	0	60.35	30.06	30.29	
NODE_19_length_94648_cov_46.6434 	1	94112 	94037 	His	GTG	0	0	83.51	64.18	19.33	
NODE_19_length_94648_cov_46.6434 	2	82753 	82677 	Asp	GTC	0	0	95.34	76.86	18.48	
NODE_22_length_71516_cov_42.517  	1	22239 	22165 	Gln	TTG	0	0	66.82	40.36	26.46	
NODE_22_length_71516_cov_42.517  	2	18491 	18415 	Met	CAT	0	0	87.19	64.42	22.77	
NODE_23_length_65407_cov_42.1851 	1	1016  	1091  	Trp	CCA	0	0	86.73	63.05	23.68	
NODE_30_length_35995_cov_47.7987 	1	1376  	1300  	Arg	CCG	0	0	87.81	66.55	21.26	
NODE_40_length_5302_cov_175.612  	1	3589  	3513  	Ile	GAT	0	0	98.83	72.69	26.14	
NODE_40_length_5302_cov_175.612  	2	3484  	3409  	Ala	TGC	0	0	90.68	71.56	19.12	
NODE_45_length_3523_cov_42.7462  	1	2799  	2883  	Tyr	GTA	0	0	71.07	41.76	29.31	
NODE_45_length_3523_cov_42.7462  	2	2910  	2983  	Gly	TCC	0	0	82.75	60.87	21.88	
NODE_45_length_3523_cov_42.7462  	3	3003  	3078  	Thr	GGT	0	0	93.76	67.73	26.03	
