Sequence                         		tRNA  	Bounds	tRNA	Anti	Intron Bounds	Cove	HMM	2'Str	      
Name                             	tRNA #	Begin 	End   	Type	Codon	Begin	End	Score	Score	Score	Note
--------                         	------	----- 	------	----	-----	-----	----	------	-----	-----	------
NODE_1_length_750423_cov_20.9549 	1	275098	275184	Leu	CAG	0	0	73.96	38.54	35.42	
NODE_1_length_750423_cov_20.9549 	2	275314	275400	Leu	CAG	0	0	73.96	38.54	35.42	
NODE_1_length_750423_cov_20.9549 	3	532493	532568	Phe	GAA	0	0	92.69	68.52	24.17	
NODE_1_length_750423_cov_20.9549 	4	558731	558805	Undet	NNN	0	0	23.83	22.17	1.66	
NODE_1_length_750423_cov_20.9549 	5	570140	570215	Thr	TGT	0	0	93.66	75.64	18.02	
NODE_1_length_750423_cov_20.9549 	6	116776	116685	SeC	TCA	0	0	55.75	-18.51	74.26	
NODE_1_length_750423_cov_20.9549 	7	62835 	62750 	Leu	GAG	0	0	68.53	39.16	29.37	
NODE_1_length_750423_cov_20.9549 	8	62659 	62583 	Met	CAT	0	0	85.85	60.06	25.79	
NODE_2_length_732891_cov_20.4942 	1	485936	486022	Leu	CAA	0	0	69.99	38.33	31.66	
NODE_2_length_732891_cov_20.4942 	2	2017  	1941  	Arg	CCT	0	0	83.71	58.51	25.20	
NODE_3_length_569866_cov_20.912  	1	390189	390265	Arg	TCT	0	0	96.39	77.88	18.51	
NODE_3_length_569866_cov_20.912  	2	390317	390392	His	GTG	0	0	83.51	64.18	19.33	
NODE_3_length_569866_cov_20.912  	3	390447	390531	Leu	TAG	0	0	76.62	44.97	31.65	
NODE_3_length_569866_cov_20.912  	4	417436	417511	Met	CAT	0	0	60.05	34.98	25.07	
NODE_3_length_569866_cov_20.912  	5	417813	417888	Gly	TCC	0	0	81.23	54.80	26.43	
NODE_3_length_569866_cov_20.912  	6	417901	417975	Asn	GTT	0	0	76.95	53.18	23.77	
NODE_3_length_569866_cov_20.912  	7	417980	418055	Thr	TGT	0	0	74.27	61.42	12.85	
NODE_3_length_569866_cov_20.912  	8	444995	445070	His	GTG	0	0	83.51	64.18	19.33	
NODE_3_length_569866_cov_20.912  	9	456360	456436	Asp	GTC	0	0	95.34	76.86	18.48	
NODE_4_length_534122_cov_21.1751 	1	53266 	53341 	Ala	GGC	0	0	86.95	68.86	18.09	
NODE_4_length_534122_cov_21.1751 	2	53390 	53465 	Glu	TTC	0	0	66.40	38.20	28.20	
NODE_4_length_534122_cov_21.1751 	3	53559 	53634 	Ala	GGC	0	0	86.95	68.86	18.09	
NODE_4_length_534122_cov_21.1751 	4	53681 	53756 	Glu	TTC	0	0	66.40	38.20	28.20	
NODE_4_length_534122_cov_21.1751 	5	92663 	92738 	Val	TAC	0	0	94.49	73.68	20.81	
NODE_4_length_534122_cov_21.1751 	6	92755 	92831 	Asp	GTC	0	0	94.67	75.49	19.18	
NODE_4_length_534122_cov_21.1751 	7	92946 	93022 	Asp	GTC	0	0	94.67	75.49	19.18	
NODE_4_length_534122_cov_21.1751 	8	394528	394603	Glu	TTC	0	0	66.40	38.20	28.20	
NODE_4_length_534122_cov_21.1751 	9	394606	394681	Gly	GCC	0	0	93.74	68.41	25.33	
NODE_4_length_534122_cov_21.1751 	10	493043	493118	Gly	GCC	0	0	93.74	68.41	25.33	
NODE_4_length_534122_cov_21.1751 	11	362031	361942	Ser	GGA	0	0	71.75	34.38	37.37	
NODE_4_length_534122_cov_21.1751 	12	173289	173213	Pro	CGG	0	0	88.20	60.26	27.94	
NODE_4_length_534122_cov_21.1751 	13	44467 	44392 	Asn	GTT	0	0	91.73	62.08	29.65	
NODE_5_length_525384_cov_23.4772 	1	110933	111009	Val	GAC	0	0	93.19	67.81	25.38	
NODE_5_length_525384_cov_23.4772 	2	145076	145152	Pro	GGG	0	0	74.89	48.01	26.88	
NODE_5_length_525384_cov_23.4772 	3	309044	309133	Ser	TGA	0	0	72.99	31.35	41.64	
NODE_5_length_525384_cov_23.4772 	4	382761	382836	Gly	GCC	0	0	93.74	68.41	25.33	
NODE_5_length_525384_cov_23.4772 	5	387383	387456	Cys	GCA	0	0	62.38	45.73	16.65	
NODE_5_length_525384_cov_23.4772 	6	400007	400093	Leu	TAA	0	0	76.64	42.32	34.32	
NODE_6_length_515476_cov_20.6441 	1	43046 	43135 	Ser	CGA	0	0	68.31	24.88	43.43	
NODE_7_length_376940_cov_20.6316 	1	293624	293548	Met	CAT	0	0	92.87	71.40	21.47	
NODE_8_length_344557_cov_21.6135 	1	196465	196555	Ser	GCT	0	0	76.69	47.10	29.59	
NODE_8_length_344557_cov_21.6135 	2	196673	196749	Arg	ACG	0	0	83.50	58.05	25.45	
NODE_8_length_344557_cov_21.6135 	3	196861	196937	Arg	ACG	0	0	83.50	58.05	25.45	
NODE_8_length_344557_cov_21.6135 	4	265559	265634	Lys	TTT	0	0	95.07	71.82	23.25	
NODE_8_length_344557_cov_21.6135 	5	213010	212934	Met	CAT	0	0	85.06	58.55	26.51	
NODE_8_length_344557_cov_21.6135 	6	106791	106719	Leu	GAG	0	0	20.84	19.28	1.56	
NODE_8_length_344557_cov_21.6135 	7	2863  	2790  	Gly	CCC	0	0	60.35	30.06	30.29	
NODE_9_length_337916_cov_21.6109 	1	156745	156820	Asn	GTT	0	0	91.73	62.08	29.65	
NODE_9_length_337916_cov_21.6109 	2	156830	156906	Pro	TGG	0	0	87.63	64.60	23.03	
NODE_9_length_337916_cov_21.6109 	3	156917	156992	Lys	TTT	0	0	95.07	71.82	23.25	
NODE_9_length_337916_cov_21.6109 	4	176257	176332	Thr	CGT	0	0	90.98	74.93	16.05	
NODE_9_length_337916_cov_21.6109 	5	112829	112756	Arg	ACG	0	0	52.72	27.21	25.51	
NODE_9_length_337916_cov_21.6109 	6	6843  	6769  	Gln	TTG	0	0	66.82	40.36	26.46	
NODE_9_length_337916_cov_21.6109 	7	3093  	3017  	Met	CAT	0	0	87.19	64.42	22.77	
NODE_13_length_205119_cov_20.3269	1	131260	131335	Val	TAC	0	0	94.49	73.68	20.81	
NODE_13_length_205119_cov_20.3269	2	131352	131428	Asp	GTC	0	0	94.67	75.49	19.18	
NODE_20_length_81680_cov_22.2086 	1	1220  	1295  	Trp	CCA	0	0	86.73	63.05	23.68	
NODE_26_length_36043_cov_21.0509 	1	1412  	1336  	Arg	CCG	0	0	87.81	66.55	21.26	
NODE_33_length_5550_cov_110.76   	1	1971  	2047  	Ile	GAT	0	0	98.83	72.69	26.14	
NODE_33_length_5550_cov_110.76   	2	2076  	2151  	Ala	TGC	0	0	90.68	71.56	19.12	
NODE_40_length_3327_cov_25.81    	1	2807  	2891  	Tyr	GTA	0	0	71.07	41.76	29.31	
NODE_40_length_3327_cov_25.81    	2	2918  	2991  	Gly	TCC	0	0	82.75	60.87	21.88	
NODE_40_length_3327_cov_25.81    	3	3011  	3086  	Thr	GGT	0	0	93.76	67.73	26.03	
