Sequence                         		tRNA  	Bounds	tRNA	Anti	Intron Bounds	Cove	HMM	2'Str	      
Name                             	tRNA #	Begin 	End   	Type	Codon	Begin	End	Score	Score	Score	Note
--------                         	------	----- 	------	----	-----	-----	----	------	-----	-----	------
NODE_1_length_531632_cov_39.1564 	1	414467	414558	SeC	TCA	0	0	55.75	-18.51	74.26	
NODE_1_length_531632_cov_39.1564 	2	468772	468857	Leu	GAG	0	0	68.53	39.16	29.37	
NODE_1_length_531632_cov_39.1564 	3	468948	469024	Met	CAT	0	0	85.85	60.06	25.79	
NODE_1_length_531632_cov_39.1564 	4	260593	260507	Leu	CAG	0	0	73.96	38.54	35.42	
NODE_1_length_531632_cov_39.1564 	5	260377	260291	Leu	CAG	0	0	73.96	38.54	35.42	
NODE_1_length_531632_cov_39.1564 	6	3641  	3566  	Phe	GAA	0	0	92.69	68.52	24.17	
NODE_2_length_492440_cov_37.8966 	1	142020	142109	Ser	GGA	0	0	71.75	34.38	37.37	
NODE_2_length_492440_cov_37.8966 	2	330821	330897	Pro	CGG	0	0	88.20	60.26	27.94	
NODE_2_length_492440_cov_37.8966 	3	453905	453830	Val	TAC	0	0	94.49	73.68	20.81	
NODE_2_length_492440_cov_37.8966 	4	453813	453737	Asp	GTC	0	0	94.67	75.49	19.18	
NODE_2_length_492440_cov_37.8966 	5	453622	453546	Asp	GTC	0	0	94.67	75.49	19.18	
NODE_2_length_492440_cov_37.8966 	6	109526	109451	Glu	TTC	0	0	66.40	38.20	28.20	
NODE_2_length_492440_cov_37.8966 	7	109448	109373	Gly	GCC	0	0	93.74	68.41	25.33	
NODE_2_length_492440_cov_37.8966 	8	109288	109213	Gly	GCC	0	0	93.74	68.41	25.33	
NODE_3_length_490470_cov_38.3382 	1	302701	302777	Arg	TCT	0	0	96.39	77.88	18.51	
NODE_3_length_490470_cov_38.3382 	2	302829	302904	His	GTG	0	0	83.51	64.18	19.33	
NODE_3_length_490470_cov_38.3382 	3	302959	303043	Leu	TAG	0	0	76.62	44.97	31.65	
NODE_3_length_490470_cov_38.3382 	4	367636	367711	His	GTG	0	0	83.51	64.18	19.33	
NODE_3_length_490470_cov_38.3382 	5	379002	379078	Asp	GTC	0	0	95.34	76.86	18.48	
NODE_5_length_365880_cov_37.9738 	1	293557	293481	Met	CAT	0	0	92.87	71.40	21.47	
NODE_6_length_340968_cov_38.7643 	1	255472	255562	Ser	GCT	0	0	76.69	47.10	29.59	
NODE_6_length_340968_cov_38.7643 	2	255680	255756	Arg	ACG	0	0	83.50	58.05	25.45	
NODE_6_length_340968_cov_38.7643 	3	255868	255944	Arg	ACG	0	0	83.50	58.05	25.45	
NODE_6_length_340968_cov_38.7643 	4	324572	324647	Lys	TTT	0	0	95.07	71.82	23.25	
NODE_6_length_340968_cov_38.7643 	5	272014	271938	Met	CAT	0	0	85.06	58.55	26.51	
NODE_6_length_340968_cov_38.7643 	6	165803	165731	Leu	GAG	0	0	20.84	19.28	1.56	
NODE_6_length_340968_cov_38.7643 	7	22420 	22347 	Gly	CCC	0	0	60.35	30.06	30.29	
NODE_8_length_276586_cov_37.546  	1	3300  	3375  	Thr	CGT	0	0	90.98	74.93	16.05	
NODE_10_length_255470_cov_39.1597	1	231118	231043	Thr	TGT	0	0	93.66	75.64	18.02	
NODE_11_length_245654_cov_38.5368	1	82594 	82667 	Cys	GCA	0	0	62.38	45.73	16.65	
NODE_11_length_245654_cov_38.5368	2	148158	148244	Leu	TAA	0	0	76.64	42.32	34.32	
NODE_12_length_244363_cov_37.491 	1	64509 	64595 	Leu	CAA	0	0	69.99	38.33	31.66	
NODE_13_length_214500_cov_37.5476	1	124160	124236	Arg	CCT	0	0	83.71	58.51	25.20	
NODE_15_length_152034_cov_38.1099	1	13177 	13088 	Ser	TGA	0	0	72.70	38.95	33.75	
NODE_20_length_113674_cov_39.0337	1	100429	100504	Asn	GTT	0	0	91.73	62.08	29.65	
NODE_20_length_113674_cov_39.0337	2	100514	100590	Pro	TGG	0	0	87.63	64.60	23.03	
NODE_20_length_113674_cov_39.0337	3	100601	100676	Lys	TTT	0	0	95.07	71.82	23.25	
NODE_20_length_113674_cov_39.0337	4	56513 	56440 	Arg	ACG	0	0	52.72	27.21	25.51	
NODE_21_length_110031_cov_38.1366	1	36160 	36235 	Val	TAC	0	0	94.49	73.68	20.81	
NODE_21_length_110031_cov_38.1366	2	36252 	36328 	Asp	GTC	0	0	94.67	75.49	19.18	
NODE_27_length_70603_cov_37.4571 	1	35735 	35659 	Val	GAC	0	0	93.19	67.81	25.38	
NODE_27_length_70603_cov_37.4571 	2	1594  	1518  	Pro	GGG	0	0	74.89	48.01	26.88	
NODE_28_length_65527_cov_37.1391 	1	64308 	64233 	Trp	CCA	0	0	86.73	63.05	23.68	
NODE_33_length_49476_cov_37.6831 	1	23546 	23620 	Gln	TTG	0	0	66.82	40.36	26.46	
NODE_33_length_49476_cov_37.6831 	2	27295 	27371 	Met	CAT	0	0	87.19	64.42	22.77	
NODE_35_length_47133_cov_38.6322 	1	12516 	12440 	Arg	CCG	0	0	88.66	67.40	21.26	
NODE_36_length_43637_cov_37.5581 	1	11457 	11532 	Gly	GCC	0	0	93.74	68.41	25.33	
NODE_37_length_42102_cov_39.5354 	1	19655 	19566 	Ser	CGA	0	0	68.31	24.88	43.43	
NODE_42_length_33106_cov_38.1539 	1	18186 	18255 	Lys	TTT	0	0	26.12	11.05	15.07	
NODE_44_length_30011_cov_39.048  	1	22848 	22773 	Gly	TCC	0	0	82.79	56.37	26.42	
NODE_44_length_30011_cov_39.048  	2	22760 	22686 	Asn	GTT	0	0	76.95	53.18	23.77	
NODE_44_length_30011_cov_39.048  	3	22681 	22606 	Thr	TGT	0	0	74.27	61.42	12.85	
NODE_45_length_28292_cov_36.1032 	1	9910  	9985  	Asn	GTT	0	0	91.73	62.08	29.65	
NODE_45_length_28292_cov_36.1032 	2	1103  	1028  	Ala	GGC	0	0	86.95	68.86	18.09	
NODE_45_length_28292_cov_36.1032 	3	979   	904   	Glu	TTC	0	0	66.40	38.20	28.20	
NODE_45_length_28292_cov_36.1032 	4	810   	735   	Ala	GGC	0	0	86.95	68.86	18.09	
NODE_45_length_28292_cov_36.1032 	5	688   	613   	Glu	TTC	0	0	66.40	38.20	28.20	
NODE_61_length_5523_cov_143.654  	1	1946  	2022  	Ile	GAT	0	0	98.83	72.69	26.14	
NODE_61_length_5523_cov_143.654  	2	2051  	2126  	Ala	TGC	0	0	90.68	71.56	19.12	
NODE_67_length_3330_cov_36.4889  	1	521   	437   	Tyr	GTA	0	0	71.07	41.76	29.31	
NODE_67_length_3330_cov_36.4889  	2	410   	337   	Gly	TCC	0	0	82.75	60.87	21.88	
NODE_67_length_3330_cov_36.4889  	3	317   	242   	Thr	GGT	0	0	93.76	67.73	26.03	
