Sequence                         		tRNA  	Bounds	tRNA	Anti	Intron Bounds	Cove	HMM	2'Str	      
Name                             	tRNA #	Begin 	End   	Type	Codon	Begin	End	Score	Score	Score	Note
--------                         	------	----- 	------	----	-----	-----	----	------	-----	-----	------
NODE_1_length_663840_cov_31.0796 	1	547152	547243	SeC	TCA	0	0	55.75	-18.51	74.26	
NODE_1_length_663840_cov_31.0796 	2	600988	601073	Leu	GAG	0	0	68.53	39.16	29.37	
NODE_1_length_663840_cov_31.0796 	3	601164	601240	Met	CAT	0	0	85.85	60.06	25.79	
NODE_1_length_663840_cov_31.0796 	4	391544	391458	Leu	CAG	0	0	73.96	38.54	35.42	
NODE_1_length_663840_cov_31.0796 	5	391328	391242	Leu	CAG	0	0	73.96	38.54	35.42	
NODE_1_length_663840_cov_31.0796 	6	135469	135394	Phe	GAA	0	0	92.69	68.52	24.17	
NODE_1_length_663840_cov_31.0796 	7	124059	123984	Thr	TGT	0	0	93.66	75.64	18.02	
NODE_2_length_520082_cov_31.2731 	1	31009 	30923 	Leu	CAA	0	0	69.99	38.33	31.66	
NODE_3_length_509153_cov_31.3277 	1	386283	386359	Arg	TCT	0	0	96.39	77.88	18.51	
NODE_3_length_509153_cov_31.3277 	2	386411	386486	His	GTG	0	0	83.51	64.18	19.33	
NODE_3_length_509153_cov_31.3277 	3	386541	386625	Leu	TAG	0	0	76.62	44.97	31.65	
NODE_3_length_509153_cov_31.3277 	4	386692	386767	His	GTG	0	0	83.51	64.18	19.33	
NODE_3_length_509153_cov_31.3277 	5	398051	398127	Asp	GTC	0	0	95.34	76.86	18.48	
NODE_4_length_473363_cov_30.4181 	1	112011	112100	Ser	GGA	0	0	71.75	34.38	37.37	
NODE_4_length_473363_cov_30.4181 	2	300790	300866	Pro	CGG	0	0	88.20	60.26	27.94	
NODE_4_length_473363_cov_30.4181 	3	430690	430765	Asn	GTT	0	0	91.73	62.08	29.65	
NODE_4_length_473363_cov_30.4181 	4	421891	421816	Ala	GGC	0	0	86.95	68.86	18.09	
NODE_4_length_473363_cov_30.4181 	5	421767	421692	Glu	TTC	0	0	66.40	38.20	28.20	
NODE_4_length_473363_cov_30.4181 	6	421598	421523	Ala	GGC	0	0	86.95	68.86	18.09	
NODE_4_length_473363_cov_30.4181 	7	421476	421401	Glu	TTC	0	0	66.40	38.20	28.20	
NODE_4_length_473363_cov_30.4181 	8	382478	382403	Val	TAC	0	0	94.49	73.68	20.81	
NODE_4_length_473363_cov_30.4181 	9	382386	382310	Asp	GTC	0	0	94.67	75.49	19.18	
NODE_4_length_473363_cov_30.4181 	10	382195	382119	Asp	GTC	0	0	94.67	75.49	19.18	
NODE_4_length_473363_cov_30.4181 	11	79514 	79439 	Glu	TTC	0	0	66.40	38.20	28.20	
NODE_4_length_473363_cov_30.4181 	12	79436 	79361 	Gly	GCC	0	0	93.74	68.41	25.33	
NODE_4_length_473363_cov_30.4181 	13	79276 	79201 	Gly	GCC	0	0	93.74	68.41	25.33	
NODE_4_length_473363_cov_30.4181 	14	35517 	35441 	Val	GAC	0	0	93.19	67.81	25.38	
NODE_4_length_473363_cov_30.4181 	15	1377  	1301  	Pro	GGG	0	0	74.89	48.01	26.88	
NODE_6_length_293655_cov_31.928  	1	40571 	40661 	Ser	GCT	0	0	76.69	47.10	29.59	
NODE_6_length_293655_cov_31.928  	2	40779 	40855 	Arg	ACG	0	0	83.50	58.05	25.45	
NODE_6_length_293655_cov_31.928  	3	40967 	41043 	Arg	ACG	0	0	83.50	58.05	25.45	
NODE_6_length_293655_cov_31.928  	4	109674	109749	Lys	TTT	0	0	95.07	71.82	23.25	
NODE_6_length_293655_cov_31.928  	5	137228	137317	Ser	CGA	0	0	68.31	24.88	43.43	
NODE_6_length_293655_cov_31.928  	6	57119 	57043 	Met	CAT	0	0	85.06	58.55	26.51	
NODE_7_length_271464_cov_31.771  	1	181338	181249	Ser	TGA	0	0	72.70	38.95	33.75	
NODE_7_length_271464_cov_31.771  	2	156961	156886	Gly	GCC	0	0	93.74	68.41	25.33	
NODE_7_length_271464_cov_31.771  	3	150556	150483	Cys	GCA	0	0	62.38	45.73	16.65	
NODE_7_length_271464_cov_31.771  	4	137790	137706	Leu	TAA	0	0	76.78	45.84	30.94	
NODE_9_length_229034_cov_30.8982 	1	18006 	18081 	Thr	CGT	0	0	90.98	74.93	16.05	
NODE_11_length_209566_cov_32.7998	1	174943	174867	Arg	CCG	0	0	87.81	66.55	21.26	
NODE_13_length_203406_cov_31.1717	1	129383	129458	Val	TAC	0	0	94.49	73.68	20.81	
NODE_13_length_203406_cov_31.1717	2	129475	129551	Asp	GTC	0	0	94.67	75.49	19.18	
NODE_15_length_175058_cov_31.1479	1	67953 	68026 	Gly	CCC	0	0	60.35	30.06	30.29	
NODE_16_length_136154_cov_30.6451	1	77376 	77452 	Met	CAT	0	0	92.87	71.40	21.47	
NODE_19_length_101910_cov_31.7287	1	101581	101656	Asn	GTT	0	0	91.73	62.08	29.65	
NODE_19_length_101910_cov_31.7287	2	101666	101742	Pro	TGG	0	0	87.63	64.60	23.03	
NODE_19_length_101910_cov_31.7287	3	101753	101828	Lys	TTT	0	0	95.07	71.82	23.25	
NODE_19_length_101910_cov_31.7287	4	57671 	57598 	Arg	ACG	0	0	52.72	27.21	25.51	
NODE_20_length_96694_cov_31.508  	1	2781  	2705  	Arg	CCT	0	0	83.71	58.51	25.20	
NODE_24_length_85563_cov_31.3248 	1	49337 	49409 	Leu	GAG	0	0	20.84	19.28	1.56	
NODE_25_length_71594_cov_30.918  	1	22240 	22166 	Gln	TTG	0	0	66.82	40.36	26.46	
NODE_25_length_71594_cov_30.918  	2	18491 	18415 	Met	CAT	0	0	87.19	64.42	22.77	
NODE_27_length_65528_cov_31.2643 	1	1220  	1295  	Trp	CCA	0	0	86.73	63.05	23.68	
NODE_47_length_5540_cov_134.754  	1	1953  	2029  	Ile	GAT	0	0	98.83	72.69	26.14	
NODE_47_length_5540_cov_134.754  	2	2058  	2133  	Ala	TGC	0	0	90.68	71.56	19.12	
NODE_51_length_3319_cov_30.3249  	1	2799  	2883  	Tyr	GTA	0	0	71.07	41.76	29.31	
NODE_51_length_3319_cov_30.3249  	2	2910  	2983  	Gly	TCC	0	0	82.75	60.87	21.88	
NODE_51_length_3319_cov_30.3249  	3	3003  	3078  	Thr	GGT	0	0	93.76	67.73	26.03	
