Sequence                         		tRNA  	Bounds	tRNA	Anti	Intron Bounds	Cove	HMM	2'Str	      
Name                             	tRNA #	Begin 	End   	Type	Codon	Begin	End	Score	Score	Score	Note
--------                         	------	----- 	------	----	-----	-----	----	------	-----	-----	------
NODE_1_length_768885_cov_48.0399 	1	651810	651901	SeC	TCA	0	0	55.75	-18.51	74.26	
NODE_1_length_768885_cov_48.0399 	2	706034	706119	Leu	GAG	0	0	68.53	39.16	29.37	
NODE_1_length_768885_cov_48.0399 	3	706210	706286	Met	CAT	0	0	85.85	60.06	25.79	
NODE_1_length_768885_cov_48.0399 	4	498151	498065	Leu	CAG	0	0	73.96	38.54	35.42	
NODE_1_length_768885_cov_48.0399 	5	497935	497849	Leu	CAG	0	0	73.96	38.54	35.42	
NODE_1_length_768885_cov_48.0399 	6	241208	241133	Phe	GAA	0	0	92.69	68.52	24.17	
NODE_1_length_768885_cov_48.0399 	7	229798	229723	Thr	TGT	0	0	93.66	75.64	18.02	
NODE_2_length_745510_cov_46.5087 	1	742946	743022	Arg	CCT	0	0	83.71	58.51	25.20	
NODE_2_length_745510_cov_46.5087 	2	262313	262227	Leu	CAA	0	0	69.99	38.33	31.66	
NODE_3_length_726025_cov_49.1578 	1	92013 	92103 	Ser	GCT	0	0	76.69	47.10	29.59	
NODE_3_length_726025_cov_49.1578 	2	92221 	92297 	Arg	ACG	0	0	83.50	58.05	25.45	
NODE_3_length_726025_cov_49.1578 	3	92409 	92485 	Arg	ACG	0	0	83.50	58.05	25.45	
NODE_3_length_726025_cov_49.1578 	4	161108	161183	Lys	TTT	0	0	95.07	71.82	23.25	
NODE_3_length_726025_cov_49.1578 	5	188652	188741	Ser	CGA	0	0	68.31	24.88	43.43	
NODE_3_length_726025_cov_49.1578 	6	108556	108480	Met	CAT	0	0	85.06	58.55	26.51	
NODE_3_length_726025_cov_49.1578 	7	2344  	2272  	Leu	GAG	0	0	20.84	19.28	1.56	
NODE_5_length_484919_cov_48.0338 	1	115154	115243	Ser	GGA	0	0	71.75	34.38	37.37	
NODE_5_length_484919_cov_48.0338 	2	303967	304043	Pro	CGG	0	0	88.20	60.26	27.94	
NODE_5_length_484919_cov_48.0338 	3	435975	436050	Asn	GTT	0	0	91.73	62.08	29.65	
NODE_5_length_484919_cov_48.0338 	4	427176	427101	Ala	GGC	0	0	86.95	68.86	18.09	
NODE_5_length_484919_cov_48.0338 	5	427052	426977	Glu	TTC	0	0	66.40	38.20	28.20	
NODE_5_length_484919_cov_48.0338 	6	426883	426808	Ala	GGC	0	0	86.95	68.86	18.09	
NODE_5_length_484919_cov_48.0338 	7	426761	426686	Glu	TTC	0	0	66.40	38.20	28.20	
NODE_5_length_484919_cov_48.0338 	8	387779	387704	Val	TAC	0	0	94.49	73.68	20.81	
NODE_5_length_484919_cov_48.0338 	9	387687	387611	Asp	GTC	0	0	94.67	75.49	19.18	
NODE_5_length_484919_cov_48.0338 	10	387496	387420	Asp	GTC	0	0	94.67	75.49	19.18	
NODE_5_length_484919_cov_48.0338 	11	82658 	82583 	Glu	TTC	0	0	66.40	38.20	28.20	
NODE_5_length_484919_cov_48.0338 	12	82580 	82505 	Gly	GCC	0	0	93.74	68.41	25.33	
NODE_5_length_484919_cov_48.0338 	13	82420 	82345 	Gly	GCC	0	0	93.74	68.41	25.33	
NODE_5_length_484919_cov_48.0338 	14	35149 	35073 	Val	GAC	0	0	93.19	67.81	25.38	
NODE_5_length_484919_cov_48.0338 	15	1010  	934   	Pro	GGG	0	0	74.89	48.01	26.88	
NODE_6_length_426556_cov_49.0881 	1	302538	302614	Arg	TCT	0	0	96.39	77.88	18.51	
NODE_6_length_426556_cov_49.0881 	2	302666	302741	His	GTG	0	0	83.51	64.18	19.33	
NODE_6_length_426556_cov_49.0881 	3	302796	302880	Leu	TAG	0	0	76.62	44.97	31.65	
NODE_6_length_426556_cov_49.0881 	4	302947	303022	His	GTG	0	0	83.51	64.18	19.33	
NODE_6_length_426556_cov_49.0881 	5	314307	314383	Asp	GTC	0	0	95.34	76.86	18.48	
NODE_7_length_373573_cov_45.457  	1	78911 	78987 	Met	CAT	0	0	92.87	71.40	21.47	
NODE_8_length_306249_cov_47.9772 	1	75475 	75550 	Thr	CGT	0	0	90.98	74.93	16.05	
NODE_9_length_281895_cov_48.351  	1	141612	141523	Ser	TGA	0	0	72.70	38.95	33.75	
NODE_9_length_281895_cov_48.351  	2	117236	117161	Gly	GCC	0	0	93.74	68.41	25.33	
NODE_9_length_281895_cov_48.351  	3	112625	112552	Cys	GCA	0	0	62.38	45.73	16.65	
NODE_9_length_281895_cov_48.351  	4	100002	99916 	Leu	TAA	0	0	76.64	42.32	34.32	
NODE_10_length_209542_cov_47.3265	1	130912	130987	Val	TAC	0	0	94.49	73.68	20.81	
NODE_10_length_209542_cov_47.3265	2	131004	131080	Asp	GTC	0	0	94.67	75.49	19.18	
NODE_12_length_193909_cov_47.6528	1	158260	158335	Asn	GTT	0	0	91.73	62.08	29.65	
NODE_12_length_193909_cov_47.6528	2	158345	158421	Pro	TGG	0	0	87.63	64.60	23.03	
NODE_12_length_193909_cov_47.6528	3	158432	158507	Lys	TTT	0	0	95.07	71.82	23.25	
NODE_12_length_193909_cov_47.6528	4	114353	114280	Arg	ACG	0	0	52.72	27.21	25.51	
NODE_12_length_193909_cov_47.6528	5	6898  	6824  	Gln	TTG	0	0	66.82	40.36	26.46	
NODE_12_length_193909_cov_47.6528	6	3150  	3074  	Met	CAT	0	0	87.19	64.42	22.77	
NODE_15_length_102255_cov_47.4105	1	98702 	98775 	Gly	CCC	0	0	60.35	30.06	30.29	
NODE_20_length_65474_cov_44.1855 	1	64255 	64180 	Trp	CCA	0	0	86.73	63.05	23.68	
NODE_24_length_35945_cov_47.6295 	1	1311  	1235  	Arg	CCG	0	0	87.81	66.55	21.26	
NODE_31_length_5542_cov_186.289  	1	1954  	2030  	Ile	GAT	0	0	98.83	72.69	26.14	
NODE_31_length_5542_cov_186.289  	2	2059  	2134  	Ala	TGC	0	0	90.68	71.56	19.12	
NODE_35_length_3319_cov_44.0182  	1	521   	437   	Tyr	GTA	0	0	71.07	41.76	29.31	
NODE_35_length_3319_cov_44.0182  	2	410   	337   	Gly	TCC	0	0	82.75	60.87	21.88	
NODE_35_length_3319_cov_44.0182  	3	317   	242   	Thr	GGT	0	0	93.76	67.73	26.03	
