Sequence                        		tRNA  	Bounds	tRNA	Anti	Intron Bounds	Cove	HMM	2'Str	      
Name                            	tRNA #	Begin 	End   	Type	Codon	Begin	End	Score	Score	Score	Note
--------                        	------	----- 	------	----	-----	-----	----	------	-----	-----	------
NODE_1_length_769285_cov_51.599 	1	652218	652309	SeC	TCA	0	0	55.75	-18.51	74.26	
NODE_1_length_769285_cov_51.599 	2	706510	706595	Leu	GAG	0	0	68.53	39.16	29.37	
NODE_1_length_769285_cov_51.599 	3	706686	706762	Met	CAT	0	0	85.85	60.06	25.79	
NODE_1_length_769285_cov_51.599 	4	498653	498567	Leu	CAG	0	0	73.96	38.54	35.42	
NODE_1_length_769285_cov_51.599 	5	498437	498351	Leu	CAG	0	0	73.96	38.54	35.42	
NODE_1_length_769285_cov_51.599 	6	241200	241125	Phe	GAA	0	0	92.69	68.52	24.17	
NODE_1_length_769285_cov_51.599 	7	229790	229715	Thr	TGT	0	0	93.66	75.64	18.02	
NODE_2_length_557568_cov_49.2293	1	433008	433084	Arg	TCT	0	0	96.39	77.88	18.51	
NODE_2_length_557568_cov_49.2293	2	433136	433211	His	GTG	0	0	83.51	64.18	19.33	
NODE_2_length_557568_cov_49.2293	3	433266	433350	Leu	TAG	0	0	76.62	44.97	31.65	
NODE_2_length_557568_cov_49.2293	4	433417	433492	His	GTG	0	0	83.51	64.18	19.33	
NODE_2_length_557568_cov_49.2293	5	444789	444865	Asp	GTC	0	0	95.34	76.86	18.48	
NODE_3_length_519129_cov_50.0435	1	486758	486844	Leu	CAA	0	0	69.99	38.33	31.66	
NODE_3_length_519129_cov_50.0435	2	2377  	2301  	Arg	CCT	0	0	83.71	58.51	25.20	
NODE_4_length_480143_cov_50.4255	1	114659	114748	Ser	GGA	0	0	71.75	34.38	37.37	
NODE_4_length_480143_cov_50.4255	2	303439	303515	Pro	CGG	0	0	88.20	60.26	27.94	
NODE_4_length_480143_cov_50.4255	3	435471	435546	Asn	GTT	0	0	91.73	62.08	29.65	
NODE_4_length_480143_cov_50.4255	4	426672	426597	Ala	GGC	0	0	86.95	68.86	18.09	
NODE_4_length_480143_cov_50.4255	5	426548	426473	Glu	TTC	0	0	66.40	38.20	28.20	
NODE_4_length_480143_cov_50.4255	6	426379	426304	Ala	GGC	0	0	86.95	68.86	18.09	
NODE_4_length_480143_cov_50.4255	7	426257	426182	Glu	TTC	0	0	66.40	38.20	28.20	
NODE_4_length_480143_cov_50.4255	8	387239	387164	Val	TAC	0	0	94.49	73.68	20.81	
NODE_4_length_480143_cov_50.4255	9	387147	387071	Asp	GTC	0	0	94.67	75.49	19.18	
NODE_4_length_480143_cov_50.4255	10	386956	386880	Asp	GTC	0	0	94.67	75.49	19.18	
NODE_4_length_480143_cov_50.4255	11	82163 	82088 	Glu	TTC	0	0	66.40	38.20	28.20	
NODE_4_length_480143_cov_50.4255	12	82085 	82010 	Gly	GCC	0	0	93.74	68.41	25.33	
NODE_4_length_480143_cov_50.4255	13	81925 	81850 	Gly	GCC	0	0	93.74	68.41	25.33	
NODE_4_length_480143_cov_50.4255	14	34650 	34574 	Val	GAC	0	0	93.19	67.81	25.38	
NODE_4_length_480143_cov_50.4255	15	508   	432   	Pro	GGG	0	0	74.89	48.01	26.88	
NODE_5_length_468313_cov_51.8597	1	28093 	28182 	Ser	CGA	0	0	68.31	24.88	43.43	
NODE_7_length_378759_cov_51.6275	1	301344	301268	Met	CAT	0	0	92.87	71.40	21.47	
NODE_8_length_352936_cov_52.0226	1	184803	184892	Ser	TGA	0	0	72.70	38.95	33.75	
NODE_8_length_352936_cov_52.0226	2	209180	209255	Gly	GCC	0	0	93.74	68.41	25.33	
NODE_8_length_352936_cov_52.0226	3	213803	213876	Cys	GCA	0	0	62.38	45.73	16.65	
NODE_8_length_352936_cov_52.0226	4	226427	226513	Leu	TAA	0	0	76.64	42.32	34.32	
NODE_9_length_331403_cov_51.3034	1	262084	262174	Ser	GCT	0	0	76.69	47.10	29.59	
NODE_9_length_331403_cov_51.3034	2	262292	262368	Arg	ACG	0	0	83.50	58.05	25.45	
NODE_9_length_331403_cov_51.3034	3	262480	262556	Arg	ACG	0	0	83.50	58.05	25.45	
NODE_9_length_331403_cov_51.3034	4	331179	331254	Lys	TTT	0	0	95.07	71.82	23.25	
NODE_9_length_331403_cov_51.3034	5	278626	278550	Met	CAT	0	0	85.06	58.55	26.51	
NODE_9_length_331403_cov_51.3034	6	172405	172333	Leu	GAG	0	0	20.84	19.28	1.56	
NODE_9_length_331403_cov_51.3034	7	69583 	69510 	Gly	CCC	0	0	60.35	30.06	30.29	
NODE_10_length_255565_cov_50.3776	1	17988 	18063 	Thr	CGT	0	0	90.98	74.93	16.05	
NODE_13_length_205156_cov_50.6099	1	131178	131253	Val	TAC	0	0	94.49	73.68	20.81	
NODE_13_length_205156_cov_50.6099	2	131270	131346	Asp	GTC	0	0	94.67	75.49	19.18	
NODE_14_length_200172_cov_50.7459	1	52686 	52759 	Arg	ACG	0	0	52.72	27.21	25.51	
NODE_14_length_200172_cov_50.7459	2	160138	160212	Gln	TTG	0	0	66.82	40.36	26.46	
NODE_14_length_200172_cov_50.7459	3	181692	181768	Met	CAT	0	0	87.19	64.42	22.77	
NODE_14_length_200172_cov_50.7459	4	8770  	8695  	Asn	GTT	0	0	91.73	62.08	29.65	
NODE_14_length_200172_cov_50.7459	5	8685  	8609  	Pro	TGG	0	0	87.63	64.60	23.03	
NODE_14_length_200172_cov_50.7459	6	8598  	8523  	Lys	TTT	0	0	95.07	71.82	23.25	
NODE_19_length_65474_cov_50.1106	1	64255 	64180 	Trp	CCA	0	0	86.73	63.05	23.68	
NODE_26_length_35036_cov_53.066 	1	1532  	1456  	Arg	CCG	0	0	87.81	66.55	21.26	
NODE_38_length_5616_cov_185.267 	1	2029  	2105  	Ile	GAT	0	0	98.83	72.69	26.14	
NODE_38_length_5616_cov_185.267 	2	2134  	2209  	Ala	TGC	0	0	90.68	71.56	19.12	
NODE_57_length_3319_cov_45.1889 	1	521   	437   	Tyr	GTA	0	0	71.07	41.76	29.31	
NODE_57_length_3319_cov_45.1889 	2	410   	337   	Gly	TCC	0	0	82.75	60.87	21.88	
NODE_57_length_3319_cov_45.1889 	3	317   	242   	Thr	GGT	0	0	93.76	67.73	26.03	
