Sequence                         		tRNA  	Bounds	tRNA	Anti	Intron Bounds	Cove	HMM	2'Str	      
Name                             	tRNA #	Begin 	End   	Type	Codon	Begin	End	Score	Score	Score	Note
--------                         	------	----- 	------	----	-----	-----	----	------	-----	-----	------
NODE_2_length_483244_cov_34.4029 	1	395035	394949	Leu	CAG	0	0	73.96	38.54	35.42	
NODE_2_length_483244_cov_34.4029 	2	394819	394733	Leu	CAG	0	0	73.96	38.54	35.42	
NODE_2_length_483244_cov_34.4029 	3	134715	134640	Phe	GAA	0	0	92.69	68.52	24.17	
NODE_2_length_483244_cov_34.4029 	4	123310	123235	Thr	TGT	0	0	93.66	75.64	18.02	
NODE_3_length_383531_cov_29.6253 	1	303434	303509	Glu	TTC	0	0	66.40	38.20	28.20	
NODE_3_length_383531_cov_29.6253 	2	303512	303587	Gly	GCC	0	0	93.74	68.41	25.33	
NODE_3_length_383531_cov_29.6253 	3	303672	303747	Gly	GCC	0	0	93.74	68.41	25.33	
NODE_3_length_383531_cov_29.6253 	4	348707	348783	Val	GAC	0	0	93.19	67.81	25.38	
NODE_3_length_383531_cov_29.6253 	5	382633	382709	Pro	GGG	0	0	74.89	48.01	26.88	
NODE_3_length_383531_cov_29.6253 	6	270928	270839	Ser	GGA	0	0	71.75	34.38	37.37	
NODE_3_length_383531_cov_29.6253 	7	82158 	82082 	Pro	CGG	0	0	88.20	60.26	27.94	
NODE_4_length_373036_cov_31.6253 	1	2829  	2743  	Leu	CAA	0	0	69.99	38.33	31.66	
NODE_5_length_351218_cov_32.106  	1	101797	101872	Asn	GTT	0	0	91.73	62.08	29.65	
NODE_5_length_351218_cov_32.106  	2	101882	101958	Pro	TGG	0	0	87.63	64.60	23.03	
NODE_5_length_351218_cov_32.106  	3	101969	102044	Lys	TTT	0	0	95.07	71.82	23.25	
NODE_5_length_351218_cov_32.106  	4	121298	121373	Thr	CGT	0	0	90.98	74.93	16.05	
NODE_5_length_351218_cov_32.106  	5	57877 	57804 	Arg	ACG	0	0	52.72	27.21	25.51	
NODE_9_length_238748_cov_28.5352 	1	145463	145539	Arg	TCT	0	0	96.39	77.88	18.51	
NODE_9_length_238748_cov_28.5352 	2	145591	145666	His	GTG	0	0	83.51	64.18	19.33	
NODE_9_length_238748_cov_28.5352 	3	145721	145805	Leu	TAG	0	0	76.62	44.97	31.65	
NODE_9_length_238748_cov_28.5352 	4	145872	145947	His	GTG	0	0	83.51	64.18	19.33	
NODE_9_length_238748_cov_28.5352 	5	157225	157301	Asp	GTC	0	0	95.34	76.86	18.48	
NODE_11_length_188812_cov_30.583 	1	156000	155911	Ser	CGA	0	0	68.31	24.88	43.43	
NODE_12_length_183625_cov_33.1869	1	66461 	66552 	SeC	TCA	0	0	55.75	-18.51	74.26	
NODE_12_length_183625_cov_33.1869	2	120747	120832	Leu	GAG	0	0	68.53	39.16	29.37	
NODE_12_length_183625_cov_33.1869	3	120923	120999	Met	CAT	0	0	85.85	60.06	25.79	
NODE_13_length_159142_cov_31.21  	1	63348 	63422 	Arg	CCT	0	0	69.71	45.21	24.50	
NODE_14_length_155411_cov_29.412 	1	17944 	18033 	Ser	TGA	0	0	72.70	38.95	33.75	
NODE_14_length_155411_cov_29.412 	2	31374 	31449 	Gly	GCC	0	0	93.74	68.41	25.33	
NODE_14_length_155411_cov_29.412 	3	37761 	37834 	Cys	GCA	0	0	62.38	45.73	16.65	
NODE_14_length_155411_cov_29.412 	4	57978 	58064 	Leu	TAA	0	0	76.64	42.32	34.32	
NODE_16_length_144811_cov_31.3328	1	91009 	91099 	Ser	GCT	0	0	76.69	47.10	29.59	
NODE_16_length_144811_cov_31.3328	2	91217 	91293 	Arg	ACG	0	0	83.50	58.05	25.45	
NODE_16_length_144811_cov_31.3328	3	91405 	91481 	Arg	ACG	0	0	83.50	58.05	25.45	
NODE_16_length_144811_cov_31.3328	4	107576	107500	Met	CAT	0	0	85.06	58.55	26.51	
NODE_16_length_144811_cov_31.3328	5	1437  	1365  	Leu	GAG	0	0	20.84	19.28	1.56	
NODE_21_length_114827_cov_31.2691	1	36091 	36166 	Val	TAC	0	0	94.49	73.68	20.81	
NODE_21_length_114827_cov_31.2691	2	36183 	36259 	Asp	GTC	0	0	94.67	75.49	19.18	
NODE_23_length_111226_cov_31.8931	1	53249 	53324 	Ala	GGC	0	0	86.95	68.86	18.09	
NODE_23_length_111226_cov_31.8931	2	53373 	53448 	Glu	TTC	0	0	66.40	38.20	28.20	
NODE_23_length_111226_cov_31.8931	3	53542 	53617 	Ala	GGC	0	0	86.95	68.86	18.09	
NODE_23_length_111226_cov_31.8931	4	53664 	53739 	Glu	TTC	0	0	66.40	38.20	28.20	
NODE_23_length_111226_cov_31.8931	5	92624 	92699 	Val	TAC	0	0	94.49	73.68	20.81	
NODE_23_length_111226_cov_31.8931	6	92716 	92792 	Asp	GTC	0	0	94.67	75.49	19.18	
NODE_23_length_111226_cov_31.8931	7	92907 	92983 	Asp	GTC	0	0	94.67	75.49	19.18	
NODE_23_length_111226_cov_31.8931	8	44450 	44375 	Asn	GTT	0	0	91.73	62.08	29.65	
NODE_24_length_107590_cov_31.3115	1	51512 	51585 	Gly	CCC	0	0	60.35	30.06	30.29	
NODE_25_length_95415_cov_34.5909 	1	5842  	5766  	Met	CAT	0	0	92.87	71.40	21.47	
NODE_30_length_65544_cov_34.7823 	1	64325 	64250 	Trp	CCA	0	0	86.73	63.05	23.68	
NODE_34_length_50787_cov_32.4967 	1	22422 	22348 	Gln	TTG	0	0	66.82	40.36	26.46	
NODE_34_length_50787_cov_32.4967 	2	18674 	18598 	Met	CAT	0	0	87.19	64.42	22.77	
NODE_39_length_35851_cov_34.6335 	1	1213  	1137  	Arg	CCG	0	0	87.81	66.55	21.26	
NODE_42_length_31537_cov_32.4417 	1	15930 	15855 	Lys	TTT	0	0	95.07	71.82	23.25	
NODE_51_length_5249_cov_145.647  	1	1933  	2009  	Ile	GAT	0	0	98.83	72.69	26.14	
NODE_51_length_5249_cov_145.647  	2	2038  	2113  	Ala	TGC	0	0	90.68	71.56	19.12	
NODE_54_length_3292_cov_33.3406  	1	521   	437   	Tyr	GTA	0	0	71.07	41.76	29.31	
NODE_54_length_3292_cov_33.3406  	2	410   	337   	Gly	TCC	0	0	82.75	60.87	21.88	
NODE_54_length_3292_cov_33.3406  	3	317   	242   	Thr	GGT	0	0	93.76	67.73	26.03	
