Sequence                         		tRNA  	Bounds	tRNA	Anti	Intron Bounds	Cove	HMM	2'Str	      
Name                             	tRNA #	Begin 	End   	Type	Codon	Begin	End	Score	Score	Score	Note
--------                         	------	----- 	------	----	-----	-----	----	------	-----	-----	------
NODE_1_length_816449_cov_37.3015 	1	270449	270535	Leu	CAG	0	0	73.96	38.54	35.42	
NODE_1_length_816449_cov_37.3015 	2	270665	270751	Leu	CAG	0	0	73.96	38.54	35.42	
NODE_1_length_816449_cov_37.3015 	3	527838	527913	Phe	GAA	0	0	92.69	68.52	24.17	
NODE_1_length_816449_cov_37.3015 	4	540464	540538	Undet	NNN	0	0	23.83	22.17	1.66	
NODE_1_length_816449_cov_37.3015 	5	551873	551948	Thr	TGT	0	0	93.66	75.64	18.02	
NODE_1_length_816449_cov_37.3015 	6	116776	116685	SeC	TCA	0	0	55.75	-18.51	74.26	
NODE_1_length_816449_cov_37.3015 	7	62835 	62750 	Leu	GAG	0	0	68.53	39.16	29.37	
NODE_1_length_816449_cov_37.3015 	8	62659 	62583 	Met	CAT	0	0	85.85	60.06	25.79	
NODE_2_length_803123_cov_35.1887 	1	801107	801183	Arg	CCT	0	0	83.71	58.51	25.20	
NODE_2_length_803123_cov_35.1887 	2	317123	317037	Leu	CAA	0	0	69.99	38.33	31.66	
NODE_4_length_440196_cov_30.6549 	1	437162	437238	Arg	TCT	0	0	96.39	77.88	18.51	
NODE_4_length_440196_cov_30.6549 	2	437290	437365	His	GTG	0	0	83.51	64.18	19.33	
NODE_4_length_440196_cov_30.6549 	3	437420	437504	Leu	TAG	0	0	76.62	44.97	31.65	
NODE_5_length_422496_cov_32.2022 	1	60461 	60550 	Ser	GGA	0	0	71.75	34.38	37.37	
NODE_5_length_422496_cov_32.2022 	2	249203	249279	Pro	CGG	0	0	88.20	60.26	27.94	
NODE_5_length_422496_cov_32.2022 	3	378025	378100	Asn	GTT	0	0	91.73	62.08	29.65	
NODE_5_length_422496_cov_32.2022 	4	369226	369151	Ala	GGC	0	0	86.95	68.86	18.09	
NODE_5_length_422496_cov_32.2022 	5	369102	369027	Glu	TTC	0	0	66.40	38.20	28.20	
NODE_5_length_422496_cov_32.2022 	6	368933	368858	Ala	GGC	0	0	86.95	68.86	18.09	
NODE_5_length_422496_cov_32.2022 	7	368811	368736	Glu	TTC	0	0	66.40	38.20	28.20	
NODE_5_length_422496_cov_32.2022 	8	329829	329754	Val	TAC	0	0	94.49	73.68	20.81	
NODE_5_length_422496_cov_32.2022 	9	329737	329661	Asp	GTC	0	0	94.67	75.49	19.18	
NODE_5_length_422496_cov_32.2022 	10	329546	329470	Asp	GTC	0	0	94.67	75.49	19.18	
NODE_5_length_422496_cov_32.2022 	11	27964 	27889 	Glu	TTC	0	0	66.40	38.20	28.20	
NODE_5_length_422496_cov_32.2022 	12	27886 	27811 	Gly	GCC	0	0	93.74	68.41	25.33	
NODE_5_length_422496_cov_32.2022 	13	27726 	27651 	Gly	GCC	0	0	93.74	68.41	25.33	
NODE_6_length_417027_cov_33.8921 	1	149441	149517	Met	CAT	0	0	85.06	58.55	26.51	
NODE_6_length_417027_cov_33.8921 	2	255638	255710	Leu	GAG	0	0	20.84	19.28	1.56	
NODE_6_length_417027_cov_33.8921 	3	359566	359639	Gly	CCC	0	0	60.35	30.06	30.29	
NODE_6_length_417027_cov_33.8921 	4	165986	165896	Ser	GCT	0	0	76.69	47.10	29.59	
NODE_6_length_417027_cov_33.8921 	5	165778	165702	Arg	ACG	0	0	83.50	58.05	25.45	
NODE_6_length_417027_cov_33.8921 	6	165590	165514	Arg	ACG	0	0	83.50	58.05	25.45	
NODE_6_length_417027_cov_33.8921 	7	96892 	96817 	Lys	TTT	0	0	95.07	71.82	23.25	
NODE_6_length_417027_cov_33.8921 	8	2080  	1991  	Ser	CGA	0	0	68.31	24.88	43.43	
NODE_7_length_413631_cov_32.2437 	1	339127	339051	Val	GAC	0	0	93.19	67.81	25.38	
NODE_7_length_413631_cov_32.2437 	2	304984	304908	Pro	GGG	0	0	74.89	48.01	26.88	
NODE_7_length_413631_cov_32.2437 	3	109281	109192	Ser	TGA	0	0	72.70	38.95	33.75	
NODE_7_length_413631_cov_32.2437 	4	84904 	84829 	Gly	GCC	0	0	93.74	68.41	25.33	
NODE_7_length_413631_cov_32.2437 	5	1623  	1550  	Cys	GCA	0	0	62.38	45.73	16.65	
NODE_8_length_401378_cov_37.7545 	1	293648	293572	Met	CAT	0	0	92.87	71.40	21.47	
NODE_9_length_310395_cov_34.7333 	1	34844 	34919 	Thr	CGT	0	0	90.98	74.93	16.05	
NODE_12_length_251739_cov_35.8837	1	172626	172701	Asn	GTT	0	0	91.73	62.08	29.65	
NODE_12_length_251739_cov_35.8837	2	172711	172787	Pro	TGG	0	0	87.63	64.60	23.03	
NODE_12_length_251739_cov_35.8837	3	172798	172873	Lys	TTT	0	0	95.07	71.82	23.25	
NODE_12_length_251739_cov_35.8837	4	128710	128637	Arg	ACG	0	0	52.72	27.21	25.51	
NODE_12_length_251739_cov_35.8837	5	22241 	22167 	Gln	TTG	0	0	66.82	40.36	26.46	
NODE_12_length_251739_cov_35.8837	6	18491 	18415 	Met	CAT	0	0	87.19	64.42	22.77	
NODE_14_length_205118_cov_33.9132	1	131260	131335	Val	TAC	0	0	94.49	73.68	20.81	
NODE_14_length_205118_cov_33.9132	2	131352	131428	Asp	GTC	0	0	94.67	75.49	19.18	
NODE_15_length_185760_cov_32.1527	1	60383 	60469 	Leu	TAA	0	0	76.64	42.32	34.32	
NODE_17_length_169674_cov_30.4378	1	17243 	17318 	Met	CAT	0	0	60.05	34.98	25.07	
NODE_17_length_169674_cov_30.4378	2	17620 	17695 	Gly	TCC	0	0	81.23	54.80	26.43	
NODE_17_length_169674_cov_30.4378	3	17708 	17782 	Asn	GTT	0	0	76.95	53.18	23.77	
NODE_17_length_169674_cov_30.4378	4	17787 	17862 	Thr	TGT	0	0	74.27	61.42	12.85	
NODE_17_length_169674_cov_30.4378	5	44802 	44877 	His	GTG	0	0	83.51	64.18	19.33	
NODE_17_length_169674_cov_30.4378	6	56168 	56244 	Asp	GTC	0	0	95.34	76.86	18.48	
NODE_21_length_81680_cov_37.0134 	1	1220  	1295  	Trp	CCA	0	0	86.73	63.05	23.68	
NODE_27_length_35914_cov_37.8906 	1	34632 	34708 	Arg	CCG	0	0	87.81	66.55	21.26	
NODE_32_length_5552_cov_161.14   	1	3582  	3506  	Ile	GAT	0	0	98.83	72.69	26.14	
NODE_32_length_5552_cov_161.14   	2	3477  	3402  	Ala	TGC	0	0	90.68	71.56	19.12	
NODE_38_length_3327_cov_35.5144  	1	2807  	2891  	Tyr	GTA	0	0	71.07	41.76	29.31	
NODE_38_length_3327_cov_35.5144  	2	2918  	2991  	Gly	TCC	0	0	82.75	60.87	21.88	
NODE_38_length_3327_cov_35.5144  	3	3011  	3086  	Thr	GGT	0	0	93.76	67.73	26.03	
