Sequence                         		tRNA  	Bounds	tRNA	Anti	Intron Bounds	Cove	HMM	2'Str	      
Name                             	tRNA #	Begin 	End   	Type	Codon	Begin	End	Score	Score	Score	Note
--------                         	------	----- 	------	----	-----	-----	----	------	-----	-----	------
NODE_1_length_725916_cov_33.2515 	1	91906 	91996 	Ser	GCT	0	0	76.69	47.10	29.59	
NODE_1_length_725916_cov_33.2515 	2	92114 	92190 	Arg	ACG	0	0	83.50	58.05	25.45	
NODE_1_length_725916_cov_33.2515 	3	92302 	92378 	Arg	ACG	0	0	83.50	58.05	25.45	
NODE_1_length_725916_cov_33.2515 	4	161001	161076	Lys	TTT	0	0	95.07	71.82	23.25	
NODE_1_length_725916_cov_33.2515 	5	188545	188634	Ser	CGA	0	0	68.31	24.88	43.43	
NODE_1_length_725916_cov_33.2515 	6	108449	108373	Met	CAT	0	0	85.06	58.55	26.51	
NODE_1_length_725916_cov_33.2515 	7	2237  	2165  	Leu	GAG	0	0	20.84	19.28	1.56	
NODE_2_length_702756_cov_32.5641 	1	700192	700268	Arg	CCT	0	0	83.71	58.51	25.20	
NODE_2_length_702756_cov_32.5641 	2	219559	219473	Leu	CAA	0	0	69.99	38.33	31.66	
NODE_3_length_662172_cov_33.559  	1	270735	270821	Leu	CAG	0	0	73.96	38.54	35.42	
NODE_3_length_662172_cov_33.559  	2	270951	271037	Leu	CAG	0	0	73.96	38.54	35.42	
NODE_3_length_662172_cov_33.559  	3	527678	527753	Phe	GAA	0	0	92.69	68.52	24.17	
NODE_3_length_662172_cov_33.559  	4	539088	539163	Thr	TGT	0	0	93.66	75.64	18.02	
NODE_3_length_662172_cov_33.559  	5	117076	116985	SeC	TCA	0	0	55.75	-18.51	74.26	
NODE_3_length_662172_cov_33.559  	6	62852 	62767 	Leu	GAG	0	0	68.53	39.16	29.37	
NODE_3_length_662172_cov_33.559  	7	62676 	62600 	Met	CAT	0	0	85.85	60.06	25.79	
NODE_4_length_484919_cov_32.6801 	1	115154	115243	Ser	GGA	0	0	71.75	34.38	37.37	
NODE_4_length_484919_cov_32.6801 	2	303967	304043	Pro	CGG	0	0	88.20	60.26	27.94	
NODE_4_length_484919_cov_32.6801 	3	435975	436050	Asn	GTT	0	0	91.73	62.08	29.65	
NODE_4_length_484919_cov_32.6801 	4	427176	427101	Ala	GGC	0	0	86.95	68.86	18.09	
NODE_4_length_484919_cov_32.6801 	5	427052	426977	Glu	TTC	0	0	66.40	38.20	28.20	
NODE_4_length_484919_cov_32.6801 	6	426883	426808	Ala	GGC	0	0	86.95	68.86	18.09	
NODE_4_length_484919_cov_32.6801 	7	426761	426686	Glu	TTC	0	0	66.40	38.20	28.20	
NODE_4_length_484919_cov_32.6801 	8	387779	387704	Val	TAC	0	0	94.49	73.68	20.81	
NODE_4_length_484919_cov_32.6801 	9	387687	387611	Asp	GTC	0	0	94.67	75.49	19.18	
NODE_4_length_484919_cov_32.6801 	10	387496	387420	Asp	GTC	0	0	94.67	75.49	19.18	
NODE_4_length_484919_cov_32.6801 	11	82658 	82583 	Glu	TTC	0	0	66.40	38.20	28.20	
NODE_4_length_484919_cov_32.6801 	12	82580 	82505 	Gly	GCC	0	0	93.74	68.41	25.33	
NODE_4_length_484919_cov_32.6801 	13	82420 	82345 	Gly	GCC	0	0	93.74	68.41	25.33	
NODE_4_length_484919_cov_32.6801 	14	35149 	35073 	Val	GAC	0	0	93.19	67.81	25.38	
NODE_4_length_484919_cov_32.6801 	15	1010  	934   	Pro	GGG	0	0	74.89	48.01	26.88	
NODE_6_length_462459_cov_33.234  	1	332522	332595	Arg	ACG	0	0	52.72	27.21	25.51	
NODE_6_length_462459_cov_33.234  	2	439977	440051	Gln	TTG	0	0	66.82	40.36	26.46	
NODE_6_length_462459_cov_33.234  	3	443725	443801	Met	CAT	0	0	87.19	64.42	22.77	
NODE_6_length_462459_cov_33.234  	4	288615	288540	Asn	GTT	0	0	91.73	62.08	29.65	
NODE_6_length_462459_cov_33.234  	5	288530	288454	Pro	TGG	0	0	87.63	64.60	23.03	
NODE_6_length_462459_cov_33.234  	6	288443	288368	Lys	TTT	0	0	95.07	71.82	23.25	
NODE_6_length_462459_cov_33.234  	7	269539	269464	Thr	CGT	0	0	90.98	74.93	16.05	
NODE_7_length_426521_cov_32.9159 	1	302503	302579	Arg	TCT	0	0	96.39	77.88	18.51	
NODE_7_length_426521_cov_32.9159 	2	302631	302706	His	GTG	0	0	83.51	64.18	19.33	
NODE_7_length_426521_cov_32.9159 	3	302761	302845	Leu	TAG	0	0	76.62	44.97	31.65	
NODE_7_length_426521_cov_32.9159 	4	302912	302987	His	GTG	0	0	83.51	64.18	19.33	
NODE_7_length_426521_cov_32.9159 	5	314272	314348	Asp	GTC	0	0	95.34	76.86	18.48	
NODE_8_length_411054_cov_32.8001 	1	78911 	78987 	Met	CAT	0	0	92.87	71.40	21.47	
NODE_8_length_411054_cov_32.8001 	2	408852	408928	Arg	CCG	0	0	87.81	66.55	21.26	
NODE_9_length_281886_cov_32.5578 	1	141612	141523	Ser	TGA	0	0	72.70	38.95	33.75	
NODE_9_length_281886_cov_32.5578 	2	117236	117161	Gly	GCC	0	0	93.74	68.41	25.33	
NODE_9_length_281886_cov_32.5578 	3	112625	112552	Cys	GCA	0	0	62.38	45.73	16.65	
NODE_9_length_281886_cov_32.5578 	4	100002	99916 	Leu	TAA	0	0	76.64	42.32	34.32	
NODE_11_length_209570_cov_32.823 	1	130940	131015	Val	TAC	0	0	94.49	73.68	20.81	
NODE_11_length_209570_cov_32.823 	2	131032	131108	Asp	GTC	0	0	94.67	75.49	19.18	
NODE_13_length_157583_cov_33.2785	1	58882 	58809 	Gly	CCC	0	0	60.35	30.06	30.29	
NODE_20_length_65474_cov_33.0669 	1	64255 	64180 	Trp	CCA	0	0	86.73	63.05	23.68	
NODE_26_length_5543_cov_124.316  	1	1954  	2030  	Ile	GAT	0	0	98.83	72.69	26.14	
NODE_26_length_5543_cov_124.316  	2	2059  	2134  	Ala	TGC	0	0	90.68	71.56	19.12	
NODE_29_length_3319_cov_28.8869  	1	521   	437   	Tyr	GTA	0	0	71.07	41.76	29.31	
NODE_29_length_3319_cov_28.8869  	2	410   	337   	Gly	TCC	0	0	82.75	60.87	21.88	
NODE_29_length_3319_cov_28.8869  	3	317   	242   	Thr	GGT	0	0	93.76	67.73	26.03	
