Sequence                         		tRNA  	Bounds	tRNA	Anti	Intron Bounds	Cove	HMM	2'Str	      
Name                             	tRNA #	Begin 	End   	Type	Codon	Begin	End	Score	Score	Score	Note
--------                         	------	----- 	------	----	-----	-----	----	------	-----	-----	------
NODE_1_length_909998_cov_52.5777 	1	708298	708374	Arg	CCT	0	0	83.71	58.51	25.20	
NODE_1_length_909998_cov_52.5777 	2	836141	836216	Val	TAC	0	0	94.49	73.68	20.81	
NODE_1_length_909998_cov_52.5777 	3	836233	836309	Asp	GTC	0	0	94.67	75.49	19.18	
NODE_1_length_909998_cov_52.5777 	4	228996	228910	Leu	CAA	0	0	69.99	38.33	31.66	
NODE_2_length_768623_cov_52.7047 	1	651609	651700	SeC	TCA	0	0	55.75	-18.51	74.26	
NODE_2_length_768623_cov_52.7047 	2	705647	705732	Leu	GAG	0	0	68.53	39.16	29.37	
NODE_2_length_768623_cov_52.7047 	3	705823	705899	Met	CAT	0	0	85.85	60.06	25.79	
NODE_2_length_768623_cov_52.7047 	4	497923	497837	Leu	CAG	0	0	73.96	38.54	35.42	
NODE_2_length_768623_cov_52.7047 	5	497707	497621	Leu	CAG	0	0	73.96	38.54	35.42	
NODE_2_length_768623_cov_52.7047 	6	241117	241042	Phe	GAA	0	0	92.69	68.52	24.17	
NODE_2_length_768623_cov_52.7047 	7	229707	229632	Thr	TGT	0	0	93.66	75.64	18.02	
NODE_3_length_489807_cov_57.664  	1	410433	410344	Ser	CGA	0	0	68.31	24.88	43.43	
NODE_4_length_481798_cov_55.3174 	1	115184	115273	Ser	GGA	0	0	71.75	34.38	37.37	
NODE_4_length_481798_cov_55.3174 	2	303948	304024	Pro	CGG	0	0	88.20	60.26	27.94	
NODE_4_length_481798_cov_55.3174 	3	432779	432854	Asn	GTT	0	0	91.73	62.08	29.65	
NODE_4_length_481798_cov_55.3174 	4	423980	423905	Ala	GGC	0	0	86.95	68.86	18.09	
NODE_4_length_481798_cov_55.3174 	5	423856	423781	Glu	TTC	0	0	66.40	38.20	28.20	
NODE_4_length_481798_cov_55.3174 	6	423687	423612	Ala	GGC	0	0	86.95	68.86	18.09	
NODE_4_length_481798_cov_55.3174 	7	423565	423490	Glu	TTC	0	0	66.40	38.20	28.20	
NODE_4_length_481798_cov_55.3174 	8	384568	384493	Val	TAC	0	0	94.49	73.68	20.81	
NODE_4_length_481798_cov_55.3174 	9	384476	384400	Asp	GTC	0	0	94.67	75.49	19.18	
NODE_4_length_481798_cov_55.3174 	10	384285	384209	Asp	GTC	0	0	94.67	75.49	19.18	
NODE_4_length_481798_cov_55.3174 	11	82687 	82612 	Glu	TTC	0	0	66.40	38.20	28.20	
NODE_4_length_481798_cov_55.3174 	12	82609 	82534 	Gly	GCC	0	0	93.74	68.41	25.33	
NODE_4_length_481798_cov_55.3174 	13	82449 	82374 	Gly	GCC	0	0	93.74	68.41	25.33	
NODE_4_length_481798_cov_55.3174 	14	35251 	35175 	Val	GAC	0	0	93.19	67.81	25.38	
NODE_4_length_481798_cov_55.3174 	15	1114  	1038  	Pro	GGG	0	0	74.89	48.01	26.88	
NODE_5_length_396089_cov_52.2083 	1	338277	338350	Arg	ACG	0	0	52.72	27.21	25.51	
NODE_5_length_396089_cov_52.2083 	2	294370	294295	Asn	GTT	0	0	91.73	62.08	29.65	
NODE_5_length_396089_cov_52.2083 	3	294285	294209	Pro	TGG	0	0	87.63	64.60	23.03	
NODE_5_length_396089_cov_52.2083 	4	294198	294123	Lys	TTT	0	0	95.07	71.82	23.25	
NODE_5_length_396089_cov_52.2083 	5	275452	275377	Thr	CGT	0	0	90.98	74.93	16.05	
NODE_6_length_395213_cov_56.3989 	1	302681	302757	Arg	TCT	0	0	96.39	77.88	18.51	
NODE_6_length_395213_cov_56.3989 	2	302809	302884	His	GTG	0	0	83.51	64.18	19.33	
NODE_6_length_395213_cov_56.3989 	3	302939	303023	Leu	TAG	0	0	76.62	44.97	31.65	
NODE_6_length_395213_cov_56.3989 	4	303090	303165	His	GTG	0	0	83.51	64.18	19.33	
NODE_6_length_395213_cov_56.3989 	5	314456	314532	Asp	GTC	0	0	95.34	76.86	18.48	
NODE_7_length_370545_cov_49.8327 	1	292528	292452	Met	CAT	0	0	92.87	71.40	21.47	
NODE_8_length_352983_cov_55.0324 	1	86493 	86569 	Met	CAT	0	0	85.06	58.55	26.51	
NODE_8_length_352983_cov_55.0324 	2	192715	192787	Leu	GAG	0	0	20.84	19.28	1.56	
NODE_8_length_352983_cov_55.0324 	3	294100	294173	Gly	CCC	0	0	60.35	30.06	30.29	
NODE_8_length_352983_cov_55.0324 	4	103035	102945	Ser	GCT	0	0	76.69	47.10	29.59	
NODE_8_length_352983_cov_55.0324 	5	102827	102751	Arg	ACG	0	0	83.50	58.05	25.45	
NODE_8_length_352983_cov_55.0324 	6	102639	102563	Arg	ACG	0	0	83.50	58.05	25.45	
NODE_8_length_352983_cov_55.0324 	7	33938 	33863 	Lys	TTT	0	0	95.07	71.82	23.25	
NODE_9_length_348553_cov_57.4517 	1	206412	206323	Ser	TGA	0	0	72.70	38.95	33.75	
NODE_9_length_348553_cov_57.4517 	2	148445	148370	Gly	GCC	0	0	93.74	68.41	25.33	
NODE_9_length_348553_cov_57.4517 	3	112612	112539	Cys	GCA	0	0	62.38	45.73	16.65	
NODE_9_length_348553_cov_57.4517 	4	99989 	99903 	Leu	TAA	0	0	76.64	42.32	34.32	
NODE_18_length_75168_cov_51.8594 	1	49257 	49331 	Gln	TTG	0	0	66.82	40.36	26.46	
NODE_18_length_75168_cov_51.8594 	2	53006 	53082 	Met	CAT	0	0	87.19	64.42	22.77	
NODE_20_length_65475_cov_47.991  	1	64256 	64181 	Trp	CCA	0	0	86.73	63.05	23.68	
NODE_23_length_35833_cov_55.8263 	1	34620 	34696 	Arg	CCG	0	0	87.81	66.55	21.26	
NODE_32_length_5415_cov_183.63   	1	1829  	1905  	Ile	GAT	0	0	98.83	72.69	26.14	
NODE_32_length_5415_cov_183.63   	2	1934  	2009  	Ala	TGC	0	0	90.68	71.56	19.12	
NODE_35_length_3321_cov_39.3284  	1	521   	437   	Tyr	GTA	0	0	71.07	41.76	29.31	
NODE_35_length_3321_cov_39.3284  	2	410   	337   	Gly	TCC	0	0	82.75	60.87	21.88	
NODE_35_length_3321_cov_39.3284  	3	317   	242   	Thr	GGT	0	0	93.76	67.73	26.03	
