Sequence                        		tRNA  	Bounds	tRNA	Anti	Intron Bounds	Cove	HMM	2'Str	      
Name                            	tRNA #	Begin 	End   	Type	Codon	Begin	End	Score	Score	Score	Note
--------                        	------	----- 	------	----	-----	-----	----	------	-----	-----	------
NODE_1_length_784171_cov_39.143 	1	29    	104   	Val	TAC	0	0	94.49	73.68	20.81	
NODE_1_length_784171_cov_39.143 	2	121   	197   	Asp	GTC	0	0	94.67	75.49	19.18	
NODE_1_length_784171_cov_39.143 	3	156771	156846	Ala	GGC	0	0	86.95	68.86	18.09	
NODE_1_length_784171_cov_39.143 	4	156895	156970	Glu	TTC	0	0	66.40	38.20	28.20	
NODE_1_length_784171_cov_39.143 	5	157064	157139	Ala	GGC	0	0	86.95	68.86	18.09	
NODE_1_length_784171_cov_39.143 	6	157186	157261	Glu	TTC	0	0	66.40	38.20	28.20	
NODE_1_length_784171_cov_39.143 	7	196170	196245	Val	TAC	0	0	94.49	73.68	20.81	
NODE_1_length_784171_cov_39.143 	8	196262	196338	Asp	GTC	0	0	94.67	75.49	19.18	
NODE_1_length_784171_cov_39.143 	9	196453	196529	Asp	GTC	0	0	94.67	75.49	19.18	
NODE_1_length_784171_cov_39.143 	10	499159	499234	Glu	TTC	0	0	66.40	38.20	28.20	
NODE_1_length_784171_cov_39.143 	11	499237	499312	Gly	GCC	0	0	93.74	68.41	25.33	
NODE_1_length_784171_cov_39.143 	12	499397	499472	Gly	GCC	0	0	93.74	68.41	25.33	
NODE_1_length_784171_cov_39.143 	13	544434	544510	Val	GAC	0	0	93.19	67.81	25.38	
NODE_1_length_784171_cov_39.143 	14	578276	578352	Pro	GGG	0	0	74.89	48.01	26.88	
NODE_1_length_784171_cov_39.143 	15	737924	738013	Ser	TGA	0	0	72.70	38.95	33.75	
NODE_1_length_784171_cov_39.143 	16	762329	762404	Gly	GCC	0	0	93.74	68.41	25.33	
NODE_1_length_784171_cov_39.143 	17	768723	768796	Cys	GCA	0	0	62.38	45.73	16.65	
NODE_1_length_784171_cov_39.143 	18	466664	466575	Ser	GGA	0	0	71.75	34.38	37.37	
NODE_1_length_784171_cov_39.143 	19	277860	277784	Pro	CGG	0	0	88.20	60.26	27.94	
NODE_1_length_784171_cov_39.143 	20	147972	147897	Asn	GTT	0	0	91.73	62.08	29.65	
NODE_2_length_710354_cov_40.9667	1	319295	319381	Leu	CAG	0	0	73.96	38.54	35.42	
NODE_2_length_710354_cov_40.9667	2	319511	319597	Leu	CAG	0	0	73.96	38.54	35.42	
NODE_2_length_710354_cov_40.9667	3	577017	577092	Phe	GAA	0	0	92.69	68.52	24.17	
NODE_2_length_710354_cov_40.9667	4	588427	588502	Thr	TGT	0	0	93.66	75.64	18.02	
NODE_2_length_710354_cov_40.9667	5	164794	164703	SeC	TCA	0	0	55.75	-18.51	74.26	
NODE_2_length_710354_cov_40.9667	6	110565	110480	Leu	GAG	0	0	68.53	39.16	29.37	
NODE_2_length_710354_cov_40.9667	7	110389	110313	Met	CAT	0	0	85.85	60.06	25.79	
NODE_4_length_442478_cov_39.7002	1	47667 	47581 	Leu	CAA	0	0	69.99	38.33	31.66	
NODE_5_length_436665_cov_40.6668	1	341300	341224	Met	CAT	0	0	92.87	71.40	21.47	
NODE_5_length_436665_cov_40.6668	2	13851 	13775 	Arg	CCG	0	0	87.81	66.55	21.26	
NODE_6_length_402094_cov_40.5542	1	332188	332278	Ser	GCT	0	0	76.69	47.10	29.59	
NODE_6_length_402094_cov_40.5542	2	332396	332472	Arg	ACG	0	0	83.50	58.05	25.45	
NODE_6_length_402094_cov_40.5542	3	332584	332660	Arg	ACG	0	0	83.50	58.05	25.45	
NODE_6_length_402094_cov_40.5542	4	401340	401415	Lys	TTT	0	0	95.07	71.82	23.25	
NODE_6_length_402094_cov_40.5542	5	348764	348688	Met	CAT	0	0	85.06	58.55	26.51	
NODE_6_length_402094_cov_40.5542	6	242509	242437	Leu	GAG	0	0	20.84	19.28	1.56	
NODE_6_length_402094_cov_40.5542	7	91983 	91910 	Gly	CCC	0	0	60.35	30.06	30.29	
NODE_8_length_293935_cov_40.0679	1	18853 	18928 	Thr	CGT	0	0	90.98	74.93	16.05	
NODE_10_length_271469_cov_38.5006	1	126786	126710	Arg	TCT	0	0	96.39	77.88	18.51	
NODE_10_length_271469_cov_38.5006	2	126658	126583	His	GTG	0	0	83.51	64.18	19.33	
NODE_10_length_271469_cov_38.5006	3	126528	126444	Leu	TAG	0	0	76.62	44.97	31.65	
NODE_10_length_271469_cov_38.5006	4	126377	126302	His	GTG	0	0	83.51	64.18	19.33	
NODE_10_length_271469_cov_38.5006	5	115024	114948	Asp	GTC	0	0	95.34	76.86	18.48	
NODE_13_length_191572_cov_39.1605	1	93553 	93629 	Arg	CCT	0	0	83.71	58.51	25.20	
NODE_14_length_181486_cov_39.4667	1	148264	148175	Ser	CGA	0	0	68.31	24.88	43.43	
NODE_16_length_101920_cov_40.9262	1	44238 	44311 	Arg	ACG	0	0	52.72	27.21	25.51	
NODE_16_length_101920_cov_40.9262	2	330   	255   	Asn	GTT	0	0	91.73	62.08	29.65	
NODE_16_length_101920_cov_40.9262	3	245   	169   	Pro	TGG	0	0	87.63	64.60	23.03	
NODE_16_length_101920_cov_40.9262	4	158   	83    	Lys	TTT	0	0	95.07	71.82	23.25	
NODE_19_length_70800_cov_40.7571	1	48572 	48646 	Gln	TTG	0	0	66.82	40.36	26.46	
NODE_19_length_70800_cov_40.7571	2	52320 	52396 	Met	CAT	0	0	87.19	64.42	22.77	
NODE_20_length_65393_cov_40.6391	1	64273 	64198 	Trp	CCA	0	0	86.73	63.05	23.68	
NODE_23_length_36095_cov_40.6251	1	35997 	36072 	Val	TAC	0	0	94.49	73.68	20.81	
NODE_33_length_5415_cov_182.807 	1	1829  	1905  	Ile	GAT	0	0	98.83	72.69	26.14	
NODE_33_length_5415_cov_182.807 	2	1934  	2009  	Ala	TGC	0	0	90.68	71.56	19.12	
NODE_38_length_3421_cov_47.5273 	1	620   	536   	Tyr	GTA	0	0	71.07	41.76	29.31	
NODE_38_length_3421_cov_47.5273 	2	509   	436   	Gly	TCC	0	0	82.75	60.87	21.88	
NODE_38_length_3421_cov_47.5273 	3	416   	341   	Thr	GGT	0	0	93.76	67.73	26.03	
NODE_112_length_208_cov_8.59259 	1	51    	126   	Lys	TTT	0	0	95.07	71.82	23.25	
