Sequence                         		tRNA  	Bounds	tRNA	Anti	Intron Bounds	Cove	HMM	2'Str	      
Name                             	tRNA #	Begin 	End   	Type	Codon	Begin	End	Score	Score	Score	Note
--------                         	------	----- 	------	----	-----	-----	----	------	-----	-----	------
NODE_1_length_507149_cov_45.7949 	1	420172	420247	Gly	TCC	0	0	81.79	60.42	21.37	
NODE_1_length_507149_cov_45.7949 	2	63960 	63874 	Leu	CAA	0	0	69.99	38.33	31.66	
NODE_2_length_433978_cov_46.7731 	1	388626	388537	Ser	CGA	0	0	68.31	24.88	43.43	
NODE_3_length_422217_cov_47.7559 	1	295562	295486	Met	CAT	0	0	92.87	71.40	21.47	
NODE_4_length_373583_cov_45.255  	1	111589	111678	Ser	GGA	0	0	71.75	34.38	37.37	
NODE_4_length_373583_cov_45.255  	2	300392	300468	Pro	CGG	0	0	88.20	60.26	27.94	
NODE_4_length_373583_cov_45.255  	3	79092 	79017 	Glu	TTC	0	0	66.40	38.20	28.20	
NODE_4_length_373583_cov_45.255  	4	79014 	78939 	Gly	GCC	0	0	93.74	68.41	25.33	
NODE_4_length_373583_cov_45.255  	5	78854 	78779 	Gly	GCC	0	0	93.74	68.41	25.33	
NODE_4_length_373583_cov_45.255  	6	33817 	33741 	Val	GAC	0	0	93.19	67.81	25.38	
NODE_4_length_373583_cov_45.255  	7	744   	668   	Pro	GGG	0	0	74.89	48.01	26.88	
NODE_5_length_356385_cov_46.6234 	1	61107 	61183 	Met	CAT	0	0	85.06	58.55	26.51	
NODE_5_length_356385_cov_46.6234 	2	167404	167476	Leu	GAG	0	0	20.84	19.28	1.56	
NODE_5_length_356385_cov_46.6234 	3	271857	271930	Gly	CCC	0	0	60.35	30.06	30.29	
NODE_5_length_356385_cov_46.6234 	4	77680 	77590 	Ser	GCT	0	0	76.69	47.10	29.59	
NODE_5_length_356385_cov_46.6234 	5	77471 	77395 	Arg	ACG	0	0	83.50	58.05	25.45	
NODE_5_length_356385_cov_46.6234 	6	77283 	77207 	Arg	ACG	0	0	83.50	58.05	25.45	
NODE_5_length_356385_cov_46.6234 	7	8530  	8455  	Lys	TTT	0	0	95.07	71.82	23.25	
NODE_8_length_267450_cov_46.4796 	1	19600 	19675 	Thr	CGT	0	0	90.98	74.93	16.05	
NODE_10_length_230475_cov_46.4051	1	112967	113058	SeC	TCA	0	0	55.75	-18.51	74.26	
NODE_10_length_230475_cov_46.4051	2	167725	167810	Leu	GAG	0	0	68.53	39.16	29.37	
NODE_10_length_230475_cov_46.4051	3	167901	167977	Met	CAT	0	0	85.85	60.06	25.79	
NODE_12_length_223883_cov_47.1841	1	185674	185588	Leu	CAG	0	0	73.96	38.54	35.42	
NODE_12_length_223883_cov_47.1841	2	185458	185372	Leu	CAG	0	0	73.96	38.54	35.42	
NODE_13_length_216202_cov_45.907 	1	119793	119867	Arg	CCT	0	0	69.71	45.21	24.50	
NODE_14_length_207918_cov_46.1509	1	144508	144584	Arg	TCT	0	0	96.39	77.88	18.51	
NODE_14_length_207918_cov_46.1509	2	144636	144711	His	GTG	0	0	83.51	64.18	19.33	
NODE_14_length_207918_cov_46.1509	3	144766	144850	Leu	TAG	0	0	76.62	44.97	31.65	
NODE_14_length_207918_cov_46.1509	4	144917	144992	His	GTG	0	0	83.51	64.18	19.33	
NODE_14_length_207918_cov_46.1509	5	156270	156346	Asp	GTC	0	0	95.34	76.86	18.48	
NODE_15_length_207903_cov_46.2874	1	146002	145929	Cys	GCA	0	0	62.38	45.73	16.65	
NODE_15_length_207903_cov_46.2874	2	133411	133325	Leu	TAA	0	0	76.64	42.32	34.32	
NODE_16_length_206843_cov_48.0202	1	134706	134631	Phe	GAA	0	0	92.69	68.52	24.17	
NODE_16_length_206843_cov_48.0202	2	123296	123221	Thr	TGT	0	0	93.66	75.64	18.02	
NODE_17_length_206748_cov_44.4096	1	52331 	52242 	Ser	TGA	0	0	72.70	38.95	33.75	
NODE_17_length_206748_cov_44.4096	2	38901 	38826 	Gly	GCC	0	0	93.74	68.41	25.33	
NODE_18_length_191917_cov_47.2716	1	182463	182538	Asn	GTT	0	0	91.73	62.08	29.65	
NODE_18_length_191917_cov_47.2716	2	182548	182624	Pro	TGG	0	0	87.63	64.60	23.03	
NODE_18_length_191917_cov_47.2716	3	182635	182710	Lys	TTT	0	0	95.07	71.82	23.25	
NODE_18_length_191917_cov_47.2716	4	138553	138480	Arg	ACG	0	0	52.72	27.21	25.51	
NODE_18_length_191917_cov_47.2716	5	29573 	29499 	Gln	TTG	0	0	66.82	40.36	26.46	
NODE_18_length_191917_cov_47.2716	6	22374 	22298 	Met	CAT	0	0	87.19	64.42	22.77	
NODE_20_length_152326_cov_45.3186	1	116338	116263	Val	TAC	0	0	94.49	73.68	20.81	
NODE_20_length_152326_cov_45.3186	2	116246	116170	Asp	GTC	0	0	94.67	75.49	19.18	
NODE_24_length_97223_cov_48.816  	1	34595 	34671 	Arg	CCG	0	0	90.57	71.58	18.99	
NODE_28_length_65546_cov_46.6713 	1	64327 	64252 	Trp	CCA	0	0	86.73	63.05	23.68	
NODE_29_length_63668_cov_45.7333 	1	18709 	18784 	Ala	GGC	0	0	86.95	68.86	18.09	
NODE_29_length_63668_cov_45.7333 	2	18833 	18908 	Glu	TTC	0	0	66.40	38.20	28.20	
NODE_29_length_63668_cov_45.7333 	3	19002 	19077 	Ala	GGC	0	0	86.95	68.86	18.09	
NODE_29_length_63668_cov_45.7333 	4	19124 	19199 	Glu	TTC	0	0	66.40	38.20	28.20	
NODE_29_length_63668_cov_45.7333 	5	58121 	58196 	Val	TAC	0	0	94.49	73.68	20.81	
NODE_29_length_63668_cov_45.7333 	6	58213 	58289 	Asp	GTC	0	0	94.67	75.49	19.18	
NODE_29_length_63668_cov_45.7333 	7	58404 	58480 	Asp	GTC	0	0	94.67	75.49	19.18	
NODE_29_length_63668_cov_45.7333 	8	9910  	9835  	Asn	GTT	0	0	91.73	62.08	29.65	
NODE_38_length_18542_cov_61.0542 	1	8720  	8651  	Lys	TTT	0	0	26.12	11.05	15.07	
NODE_51_length_5274_cov_179.912  	1	1903  	1979  	Ile	GAT	0	0	98.83	72.69	26.14	
NODE_51_length_5274_cov_179.912  	2	2008  	2083  	Ala	TGC	0	0	90.68	71.56	19.12	
NODE_58_length_3299_cov_46.5567  	1	521   	437   	Tyr	GTA	0	0	71.07	41.76	29.31	
NODE_58_length_3299_cov_46.5567  	2	410   	337   	Gly	TCC	0	0	82.75	60.87	21.88	
NODE_58_length_3299_cov_46.5567  	3	317   	242   	Thr	GGT	0	0	93.76	67.73	26.03	
NODE_123_length_611_cov_0.915289 	1	377   	301   	Met	CAT	0	0	85.11	62.66	22.45	
