Sequence                         		tRNA  	Bounds	tRNA	Anti	Intron Bounds	Cove	HMM	2'Str	      
Name                             	tRNA #	Begin 	End   	Type	Codon	Begin	End	Score	Score	Score	Note
--------                         	------	----- 	------	----	-----	-----	----	------	-----	-----	------
NODE_1_length_701763_cov_17.8725 	1	483114	483200	Leu	CAA	0	0	69.99	38.33	31.66	
NODE_1_length_701763_cov_17.8725 	2	2903  	2827  	Arg	CCT	0	0	83.71	58.51	25.20	
NODE_2_length_563347_cov_17.7511 	1	57738 	57813 	Ala	GGC	0	0	86.95	68.86	18.09	
NODE_2_length_563347_cov_17.7511 	2	57862 	57937 	Glu	TTC	0	0	66.40	38.20	28.20	
NODE_2_length_563347_cov_17.7511 	3	58031 	58106 	Ala	GGC	0	0	86.95	68.86	18.09	
NODE_2_length_563347_cov_17.7511 	4	58153 	58228 	Glu	TTC	0	0	66.40	38.20	28.20	
NODE_2_length_563347_cov_17.7511 	5	97137 	97212 	Val	TAC	0	0	94.49	73.68	20.81	
NODE_2_length_563347_cov_17.7511 	6	97229 	97305 	Asp	GTC	0	0	94.67	75.49	19.18	
NODE_2_length_563347_cov_17.7511 	7	97420 	97496 	Asp	GTC	0	0	94.67	75.49	19.18	
NODE_2_length_563347_cov_17.7511 	8	399036	399111	Glu	TTC	0	0	66.40	38.20	28.20	
NODE_2_length_563347_cov_17.7511 	9	399114	399189	Gly	GCC	0	0	93.74	68.41	25.33	
NODE_2_length_563347_cov_17.7511 	10	399274	399349	Gly	GCC	0	0	93.74	68.41	25.33	
NODE_2_length_563347_cov_17.7511 	11	446539	446615	Val	GAC	0	0	93.19	67.81	25.38	
NODE_2_length_563347_cov_17.7511 	12	480682	480758	Pro	GGG	0	0	74.89	48.01	26.88	
NODE_2_length_563347_cov_17.7511 	13	366540	366451	Ser	GGA	0	0	71.75	34.38	37.37	
NODE_2_length_563347_cov_17.7511 	14	177765	177689	Pro	CGG	0	0	88.20	60.26	27.94	
NODE_2_length_563347_cov_17.7511 	15	48939 	48864 	Asn	GTT	0	0	91.73	62.08	29.65	
NODE_3_length_541577_cov_18.0006 	1	278156	278242	Leu	CAG	0	0	73.96	38.54	35.42	
NODE_3_length_541577_cov_18.0006 	2	278372	278458	Leu	CAG	0	0	73.96	38.54	35.42	
NODE_3_length_541577_cov_18.0006 	3	535085	535160	Phe	GAA	0	0	92.69	68.52	24.17	
NODE_3_length_541577_cov_18.0006 	4	124574	124483	SeC	TCA	0	0	55.75	-18.51	74.26	
NODE_3_length_541577_cov_18.0006 	5	62853 	62768 	Leu	GAG	0	0	68.53	39.16	29.37	
NODE_3_length_541577_cov_18.0006 	6	62677 	62601 	Met	CAT	0	0	85.85	60.06	25.79	
NODE_4_length_395623_cov_16.9959 	1	303102	303178	Arg	TCT	0	0	96.39	77.88	18.51	
NODE_4_length_395623_cov_16.9959 	2	303230	303305	His	GTG	0	0	83.51	64.18	19.33	
NODE_4_length_395623_cov_16.9959 	3	303360	303444	Leu	TAG	0	0	76.62	44.97	31.65	
NODE_4_length_395623_cov_16.9959 	4	303511	303586	His	GTG	0	0	83.51	64.18	19.33	
NODE_4_length_395623_cov_16.9959 	5	314871	314947	Asp	GTC	0	0	95.34	76.86	18.48	
NODE_5_length_373385_cov_18.111  	1	77892 	77968 	Met	CAT	0	0	92.87	71.40	21.47	
NODE_6_length_301220_cov_18.3576 	1	34851 	34940 	Ser	TGA	0	0	72.70	38.95	33.75	
NODE_6_length_301220_cov_18.3576 	2	59228 	59303 	Gly	GCC	0	0	93.74	68.41	25.33	
NODE_6_length_301220_cov_18.3576 	3	160846	160919	Cys	GCA	0	0	62.38	45.73	16.65	
NODE_6_length_301220_cov_18.3576 	4	173469	173555	Leu	TAA	0	0	76.64	42.32	34.32	
NODE_7_length_238831_cov_17.811  	1	27768 	27843 	Thr	CGT	0	0	90.98	74.93	16.05	
NODE_8_length_234908_cov_18.1404 	1	5167  	5242  	Thr	TGT	0	0	93.66	75.64	18.02	
NODE_11_length_203953_cov_17.2842	1	20259 	20331 	Leu	GAG	0	0	20.84	19.28	1.56	
NODE_11_length_203953_cov_17.2842	2	131920	131993	Gly	CCC	0	0	60.35	30.06	30.29	
NODE_12_length_191433_cov_17.9871	1	59025 	59098 	Arg	ACG	0	0	52.72	27.21	25.51	
NODE_12_length_191433_cov_17.9871	2	165518	165592	Gln	TTG	0	0	66.82	40.36	26.46	
NODE_12_length_191433_cov_17.9871	3	169266	169342	Met	CAT	0	0	87.19	64.42	22.77	
NODE_12_length_191433_cov_17.9871	4	15118 	15043 	Asn	GTT	0	0	91.73	62.08	29.65	
NODE_12_length_191433_cov_17.9871	5	15033 	14957 	Pro	TGG	0	0	87.63	64.60	23.03	
NODE_12_length_191433_cov_17.9871	6	14946 	14871 	Lys	TTT	0	0	95.07	71.82	23.25	
NODE_13_length_186519_cov_17.5209	1	176637	176568	Lys	TTT	0	0	26.12	11.05	15.07	
NODE_13_length_186519_cov_17.5209	2	149099	149010	Ser	CGA	0	0	68.31	24.88	43.43	
NODE_14_length_161242_cov_17.9598	1	1063  	1137  	Arg	CCT	0	0	69.69	51.80	17.89	
NODE_14_length_161242_cov_17.9598	2	128891	128966	Val	TAC	0	0	94.49	73.68	20.81	
NODE_14_length_161242_cov_17.9598	3	128983	129059	Asp	GTC	0	0	94.67	75.49	19.18	
NODE_16_length_121224_cov_18.1846	1	64111 	64187 	Met	CAT	0	0	85.06	58.55	26.51	
NODE_16_length_121224_cov_18.1846	2	80656 	80566 	Ser	GCT	0	0	76.69	47.10	29.59	
NODE_16_length_121224_cov_18.1846	3	80448 	80372 	Arg	ACG	0	0	83.50	58.05	25.45	
NODE_16_length_121224_cov_18.1846	4	80260 	80184 	Arg	ACG	0	0	83.50	58.05	25.45	
NODE_16_length_121224_cov_18.1846	5	11561 	11486 	Lys	TTT	0	0	95.07	71.82	23.25	
NODE_24_length_65470_cov_18.1749 	1	64251 	64176 	Trp	CCA	0	0	86.73	63.05	23.68	
NODE_35_length_36145_cov_19.1327 	1	1526  	1450  	Arg	CCG	0	0	87.81	66.55	21.26	
NODE_50_length_5535_cov_75.3432  	1	1954  	2030  	Ile	GAT	0	0	98.83	72.69	26.14	
NODE_50_length_5535_cov_75.3432  	2	2059  	2134  	Ala	TGC	0	0	90.68	71.56	19.12	
NODE_58_length_3327_cov_16.5994  	1	521   	437   	Tyr	GTA	0	0	71.07	41.76	29.31	
NODE_58_length_3327_cov_16.5994  	2	410   	337   	Gly	TCC	0	0	82.75	60.87	21.88	
NODE_58_length_3327_cov_16.5994  	3	317   	242   	Thr	GGT	0	0	93.76	67.73	26.03	
