Sequence                         		tRNA  	Bounds	tRNA	Anti	Intron Bounds	Cove	HMM	2'Str	      
Name                             	tRNA #	Begin 	End   	Type	Codon	Begin	End	Score	Score	Score	Note
--------                         	------	----- 	------	----	-----	-----	----	------	-----	-----	------
NODE_1_length_692555_cov_33.8761 	1	689677	689753	Arg	CCT	0	0	83.71	58.51	25.20	
NODE_1_length_692555_cov_33.8761 	2	213141	213055	Leu	CAA	0	0	69.99	38.33	31.66	
NODE_2_length_666147_cov_35.2485 	1	549124	549215	SeC	TCA	0	0	55.75	-18.51	74.26	
NODE_2_length_666147_cov_35.2485 	2	603162	603247	Leu	GAG	0	0	68.53	39.16	29.37	
NODE_2_length_666147_cov_35.2485 	3	603338	603414	Met	CAT	0	0	85.85	60.06	25.79	
NODE_2_length_666147_cov_35.2485 	4	395347	395261	Leu	CAG	0	0	73.96	38.54	35.42	
NODE_2_length_666147_cov_35.2485 	5	395131	395045	Leu	CAG	0	0	73.96	38.54	35.42	
NODE_2_length_666147_cov_35.2485 	6	138389	138314	Phe	GAA	0	0	92.69	68.52	24.17	
NODE_2_length_666147_cov_35.2485 	7	124547	124472	Thr	TGT	0	0	93.66	75.64	18.02	
NODE_3_length_571673_cov_37.7377 	1	201988	202077	Ser	GGA	0	0	71.75	34.38	37.37	
NODE_3_length_571673_cov_37.7377 	2	390772	390848	Pro	CGG	0	0	88.20	60.26	27.94	
NODE_3_length_571673_cov_37.7377 	3	519579	519654	Asn	GTT	0	0	91.73	62.08	29.65	
NODE_3_length_571673_cov_37.7377 	4	510780	510705	Ala	GGC	0	0	86.95	68.86	18.09	
NODE_3_length_571673_cov_37.7377 	5	510656	510581	Glu	TTC	0	0	66.40	38.20	28.20	
NODE_3_length_571673_cov_37.7377 	6	510487	510412	Ala	GGC	0	0	86.95	68.86	18.09	
NODE_3_length_571673_cov_37.7377 	7	510365	510290	Glu	TTC	0	0	66.40	38.20	28.20	
NODE_3_length_571673_cov_37.7377 	8	471383	471308	Val	TAC	0	0	94.49	73.68	20.81	
NODE_3_length_571673_cov_37.7377 	9	471291	471215	Asp	GTC	0	0	94.67	75.49	19.18	
NODE_3_length_571673_cov_37.7377 	10	471100	471024	Asp	GTC	0	0	94.67	75.49	19.18	
NODE_3_length_571673_cov_37.7377 	11	169483	169408	Glu	TTC	0	0	66.40	38.20	28.20	
NODE_3_length_571673_cov_37.7377 	12	169405	169330	Gly	GCC	0	0	93.74	68.41	25.33	
NODE_3_length_571673_cov_37.7377 	13	169245	169170	Gly	GCC	0	0	93.74	68.41	25.33	
NODE_3_length_571673_cov_37.7377 	14	68959 	68883 	Val	GAC	0	0	93.19	67.81	25.38	
NODE_3_length_571673_cov_37.7377 	15	35029 	34953 	Pro	GGG	0	0	74.89	48.01	26.88	
NODE_4_length_396344_cov_34.6947 	1	102094	102169	Asn	GTT	0	0	91.73	62.08	29.65	
NODE_4_length_396344_cov_34.6947 	2	102179	102255	Pro	TGG	0	0	87.63	64.60	23.03	
NODE_4_length_396344_cov_34.6947 	3	102266	102341	Lys	TTT	0	0	95.07	71.82	23.25	
NODE_4_length_396344_cov_34.6947 	4	121065	121140	Thr	CGT	0	0	90.98	74.93	16.05	
NODE_4_length_396344_cov_34.6947 	5	58187 	58114 	Arg	ACG	0	0	52.72	27.21	25.51	
NODE_5_length_385208_cov_33.4787 	1	293693	293617	Met	CAT	0	0	92.87	71.40	21.47	
NODE_6_length_380955_cov_38.1046 	1	255833	255909	Arg	TCT	0	0	96.39	77.88	18.51	
NODE_6_length_380955_cov_38.1046 	2	255961	256036	His	GTG	0	0	83.51	64.18	19.33	
NODE_6_length_380955_cov_38.1046 	3	256091	256175	Leu	TAG	0	0	76.62	44.97	31.65	
NODE_6_length_380955_cov_38.1046 	4	256242	256317	His	GTG	0	0	83.51	64.18	19.33	
NODE_6_length_380955_cov_38.1046 	5	267596	267672	Asp	GTC	0	0	95.34	76.86	18.48	
NODE_7_length_343451_cov_38.3252 	1	198990	198901	Ser	TGA	0	0	72.70	38.95	33.75	
NODE_7_length_343451_cov_38.3252 	2	142867	142792	Gly	GCC	0	0	93.74	68.41	25.33	
NODE_7_length_343451_cov_38.3252 	3	138244	138171	Cys	GCA	0	0	62.38	45.73	16.65	
NODE_7_length_343451_cov_38.3252 	4	125619	125533	Leu	TAA	0	0	76.64	42.32	34.32	
NODE_9_length_302564_cov_37.9839 	1	197448	197538	Ser	GCT	0	0	76.69	47.10	29.59	
NODE_9_length_302564_cov_37.9839 	2	197656	197732	Arg	ACG	0	0	83.50	58.05	25.45	
NODE_9_length_302564_cov_37.9839 	3	197845	197921	Arg	ACG	0	0	83.50	58.05	25.45	
NODE_9_length_302564_cov_37.9839 	4	266535	266610	Lys	TTT	0	0	95.07	71.82	23.25	
NODE_9_length_302564_cov_37.9839 	5	213989	213913	Met	CAT	0	0	85.06	58.55	26.51	
NODE_9_length_302564_cov_37.9839 	6	107873	107801	Leu	GAG	0	0	20.84	19.28	1.56	
NODE_9_length_302564_cov_37.9839 	7	3942  	3869  	Gly	CCC	0	0	60.35	30.06	30.29	
NODE_12_length_227231_cov_39.9693	1	27757 	27846 	Ser	CGA	0	0	68.31	24.88	43.43	
NODE_15_length_202833_cov_36.1443	1	1022  	1096  	Arg	CCT	0	0	69.69	51.80	17.89	
NODE_15_length_202833_cov_36.1443	2	128863	128938	Val	TAC	0	0	94.49	73.68	20.81	
NODE_15_length_202833_cov_36.1443	3	128955	129031	Asp	GTC	0	0	94.67	75.49	19.18	
NODE_19_length_64825_cov_31.9251 	1	64209 	64134 	Trp	CCA	0	0	86.73	63.05	23.68	
NODE_21_length_56084_cov_34.3302 	1	6970  	6896  	Gln	TTG	0	0	66.82	40.36	26.46	
NODE_21_length_56084_cov_34.3302 	2	3221  	3145  	Met	CAT	0	0	87.19	64.42	22.77	
NODE_29_length_35793_cov_39.7859 	1	1177  	1101  	Arg	CCG	0	0	87.81	66.55	21.26	
NODE_39_length_5417_cov_154.518  	1	1829  	1905  	Ile	GAT	0	0	98.83	72.69	26.14	
NODE_39_length_5417_cov_154.518  	2	1934  	2009  	Ala	TGC	0	0	90.68	71.56	19.12	
NODE_41_length_3922_cov_30.7816  	1	1124  	1040  	Tyr	GTA	0	0	71.07	41.76	29.31	
NODE_41_length_3922_cov_30.7816  	2	1013  	940   	Gly	TCC	0	0	82.75	60.87	21.88	
NODE_41_length_3922_cov_30.7816  	3	920   	845   	Thr	GGT	0	0	93.76	67.73	26.03	
