Sequence                         		tRNA  	Bounds	tRNA	Anti	Intron Bounds	Cove	HMM	2'Str	      
Name                             	tRNA #	Begin 	End   	Type	Codon	Begin	End	Score	Score	Score	Note
--------                         	------	----- 	------	----	-----	-----	----	------	-----	-----	------
NODE_1_length_607940_cov_35.7061 	1	246666	246755	Ser	GGA	0	0	71.75	34.38	37.37	
NODE_1_length_607940_cov_35.7061 	2	435459	435535	Pro	CGG	0	0	88.20	60.26	27.94	
NODE_1_length_607940_cov_35.7061 	3	565342	565417	Asn	GTT	0	0	91.73	62.08	29.65	
NODE_1_length_607940_cov_35.7061 	4	556543	556468	Ala	GGC	0	0	86.95	68.86	18.09	
NODE_1_length_607940_cov_35.7061 	5	556419	556344	Glu	TTC	0	0	66.40	38.20	28.20	
NODE_1_length_607940_cov_35.7061 	6	556250	556175	Ala	GGC	0	0	86.95	68.86	18.09	
NODE_1_length_607940_cov_35.7061 	7	556128	556053	Glu	TTC	0	0	66.40	38.20	28.20	
NODE_1_length_607940_cov_35.7061 	8	517151	517076	Val	TAC	0	0	94.49	73.68	20.81	
NODE_1_length_607940_cov_35.7061 	9	517059	516983	Asp	GTC	0	0	94.67	75.49	19.18	
NODE_1_length_607940_cov_35.7061 	10	516868	516792	Asp	GTC	0	0	94.67	75.49	19.18	
NODE_1_length_607940_cov_35.7061 	11	214171	214096	Glu	TTC	0	0	66.40	38.20	28.20	
NODE_1_length_607940_cov_35.7061 	12	214093	214018	Gly	GCC	0	0	93.74	68.41	25.33	
NODE_1_length_607940_cov_35.7061 	13	133266	133191	Gly	GCC	0	0	93.74	68.41	25.33	
NODE_1_length_607940_cov_35.7061 	14	45868 	45792 	Val	GAC	0	0	93.19	67.81	25.38	
NODE_2_length_578673_cov_37.1772 	1	215175	215089	Leu	CAA	0	0	69.99	38.33	31.66	
NODE_3_length_520547_cov_36.3225 	1	196684	196759	Asn	GTT	0	0	91.73	62.08	29.65	
NODE_3_length_520547_cov_36.3225 	2	196769	196845	Pro	TGG	0	0	87.63	64.60	23.03	
NODE_3_length_520547_cov_36.3225 	3	196856	196931	Lys	TTT	0	0	95.07	71.82	23.25	
NODE_3_length_520547_cov_36.3225 	4	214915	214990	Thr	CGT	0	0	90.98	74.93	16.05	
NODE_3_length_520547_cov_36.3225 	5	152769	152696	Arg	ACG	0	0	52.72	27.21	25.51	
NODE_3_length_520547_cov_36.3225 	6	46592 	46518 	Gln	TTG	0	0	66.82	40.36	26.46	
NODE_3_length_520547_cov_36.3225 	7	19473 	19397 	Met	CAT	0	0	87.19	64.42	22.77	
NODE_4_length_458007_cov_37.0771 	1	341612	341703	SeC	TCA	0	0	55.75	-18.51	74.26	
NODE_4_length_458007_cov_37.0771 	2	395663	395748	Leu	GAG	0	0	68.53	39.16	29.37	
NODE_4_length_458007_cov_37.0771 	3	395839	395915	Met	CAT	0	0	85.85	60.06	25.79	
NODE_4_length_458007_cov_37.0771 	4	185331	185245	Leu	CAG	0	0	73.96	38.54	35.42	
NODE_4_length_458007_cov_37.0771 	5	185115	185029	Leu	CAG	0	0	73.96	38.54	35.42	
NODE_5_length_375405_cov_35.5174 	1	250889	250979	Ser	GCT	0	0	76.69	47.10	29.59	
NODE_5_length_375405_cov_35.5174 	2	251097	251173	Arg	ACG	0	0	83.50	58.05	25.45	
NODE_5_length_375405_cov_35.5174 	3	251285	251361	Arg	ACG	0	0	83.50	58.05	25.45	
NODE_5_length_375405_cov_35.5174 	4	320049	320124	Lys	TTT	0	0	95.07	71.82	23.25	
NODE_5_length_375405_cov_35.5174 	5	267471	267395	Met	CAT	0	0	85.06	58.55	26.51	
NODE_5_length_375405_cov_35.5174 	6	161207	161135	Leu	GAG	0	0	20.84	19.28	1.56	
NODE_5_length_375405_cov_35.5174 	7	57781 	57708 	Gly	CCC	0	0	60.35	30.06	30.29	
NODE_6_length_323572_cov_35.5951 	1	169574	169485	Ser	TGA	0	0	72.70	38.95	33.75	
NODE_6_length_323572_cov_35.5951 	2	145194	145119	Gly	GCC	0	0	93.74	68.41	25.33	
NODE_6_length_323572_cov_35.5951 	3	138801	138728	Cys	GCA	0	0	62.38	45.73	16.65	
NODE_6_length_323572_cov_35.5951 	4	126176	126090	Leu	TAA	0	0	76.64	42.32	34.32	
NODE_8_length_269289_cov_34.9981 	1	124776	124700	Arg	TCT	0	0	96.39	77.88	18.51	
NODE_8_length_269289_cov_34.9981 	2	124648	124573	His	GTG	0	0	83.51	64.18	19.33	
NODE_8_length_269289_cov_34.9981 	3	124518	124434	Leu	TAG	0	0	76.62	44.97	31.65	
NODE_8_length_269289_cov_34.9981 	4	124367	124292	His	GTG	0	0	83.51	64.18	19.33	
NODE_8_length_269289_cov_34.9981 	5	113014	112938	Asp	GTC	0	0	95.34	76.86	18.48	
NODE_11_length_217060_cov_36.9282	1	139554	139478	Met	CAT	0	0	92.87	71.40	21.47	
NODE_13_length_206735_cov_35.4027	1	154211	154122	Ser	CGA	0	0	68.31	24.88	43.43	
NODE_18_length_136180_cov_35.8377	1	100221	100146	Val	TAC	0	0	94.49	73.68	20.81	
NODE_18_length_136180_cov_35.8377	2	100129	100053	Asp	GTC	0	0	94.67	75.49	19.18	
NODE_20_length_120640_cov_36.74  	1	919   	843   	Arg	CCT	0	0	83.71	58.51	25.20	
NODE_27_length_76775_cov_37.3415 	1	4899  	4824  	Phe	GAA	0	0	92.69	68.52	24.17	
NODE_29_length_58135_cov_36.5163 	1	22216 	22291 	Thr	TGT	0	0	93.66	75.64	18.02	
NODE_31_length_43292_cov_35.2967 	1	14889 	14813 	Pro	GGG	0	0	74.89	48.01	26.88	
NODE_32_length_35831_cov_39.2193 	1	34644 	34720 	Arg	CCG	0	0	87.81	66.55	21.26	
NODE_35_length_31847_cov_39.5331 	1	1016  	1091  	Trp	CCA	0	0	86.73	63.05	23.68	
NODE_45_length_5405_cov_132.858  	1	1829  	1905  	Ile	GAT	0	0	98.83	72.69	26.14	
NODE_45_length_5405_cov_132.858  	2	1934  	2009  	Ala	TGC	0	0	90.68	71.56	19.12	
NODE_48_length_3533_cov_35.4768  	1	2809  	2893  	Tyr	GTA	0	0	71.07	41.76	29.31	
NODE_48_length_3533_cov_35.4768  	2	2920  	2993  	Gly	TCC	0	0	82.75	60.87	21.88	
NODE_48_length_3533_cov_35.4768  	3	3013  	3088  	Thr	GGT	0	0	93.76	67.73	26.03	
