Sequence                         		tRNA  	Bounds	tRNA	Anti	Intron Bounds	Cove	HMM	2'Str	      
Name                             	tRNA #	Begin 	End   	Type	Codon	Begin	End	Score	Score	Score	Note
--------                         	------	----- 	------	----	-----	-----	----	------	-----	-----	------
NODE_1_length_516590_cov_49.2611 	1	362863	362949	Leu	CAA	0	0	69.99	38.33	31.66	
NODE_2_length_397437_cov_49.7492 	1	280478	280569	SeC	TCA	0	0	55.75	-18.51	74.26	
NODE_2_length_397437_cov_49.7492 	2	334583	334668	Leu	GAG	0	0	68.53	39.16	29.37	
NODE_2_length_397437_cov_49.7492 	3	334759	334835	Met	CAT	0	0	85.85	60.06	25.79	
NODE_2_length_397437_cov_49.7492 	4	126908	126822	Leu	CAG	0	0	73.96	38.54	35.42	
NODE_2_length_397437_cov_49.7492 	5	126692	126606	Leu	CAG	0	0	73.96	38.54	35.42	
NODE_3_length_379930_cov_47.1604 	1	255930	256006	Arg	TCT	0	0	96.39	77.88	18.51	
NODE_3_length_379930_cov_47.1604 	2	256058	256133	His	GTG	0	0	83.51	64.18	19.33	
NODE_3_length_379930_cov_47.1604 	3	256188	256272	Leu	TAG	0	0	76.62	44.97	31.65	
NODE_3_length_379930_cov_47.1604 	4	256339	256414	His	GTG	0	0	83.51	64.18	19.33	
NODE_3_length_379930_cov_47.1604 	5	267698	267774	Asp	GTC	0	0	95.34	76.86	18.48	
NODE_4_length_330752_cov_52.9054 	1	1688  	1612  	Arg	CCG	0	0	87.81	66.55	21.26	
NODE_5_length_299199_cov_48.1301 	1	188948	189037	Ser	GGA	0	0	71.75	34.38	37.37	
NODE_5_length_299199_cov_48.1301 	2	156452	156377	Glu	TTC	0	0	66.40	38.20	28.20	
NODE_5_length_299199_cov_48.1301 	3	156374	156299	Gly	GCC	0	0	93.74	68.41	25.33	
NODE_5_length_299199_cov_48.1301 	4	156214	156139	Gly	GCC	0	0	93.74	68.41	25.33	
NODE_5_length_299199_cov_48.1301 	5	45472 	45396 	Val	GAC	0	0	93.19	67.81	25.38	
NODE_5_length_299199_cov_48.1301 	6	11329 	11253 	Pro	GGG	0	0	74.89	48.01	26.88	
NODE_9_length_230140_cov_47.616  	1	89636 	89547 	Ser	TGA	0	0	72.70	38.95	33.75	
NODE_9_length_230140_cov_47.616  	2	65261 	65186 	Gly	GCC	0	0	93.74	68.41	25.33	
NODE_12_length_210227_cov_48.5086	1	90365 	90289 	Arg	CCT	0	0	83.71	58.51	25.20	
NODE_13_length_209248_cov_49.6691	1	80091 	80164 	Arg	ACG	0	0	52.72	27.21	25.51	
NODE_13_length_209248_cov_49.6691	2	187009	187083	Gln	TTG	0	0	66.82	40.36	26.46	
NODE_13_length_209248_cov_49.6691	3	190759	190835	Met	CAT	0	0	87.19	64.42	22.77	
NODE_13_length_209248_cov_49.6691	4	36176 	36101 	Asn	GTT	0	0	91.73	62.08	29.65	
NODE_13_length_209248_cov_49.6691	5	36091 	36015 	Pro	TGG	0	0	87.63	64.60	23.03	
NODE_13_length_209248_cov_49.6691	6	36004 	35929 	Lys	TTT	0	0	95.07	71.82	23.25	
NODE_14_length_206761_cov_47.3229	1	79315 	79391 	Pro	CGG	0	0	88.20	60.26	27.94	
NODE_14_length_206761_cov_47.3229	2	205998	206073	Asn	GTT	0	0	91.73	62.08	29.65	
NODE_14_length_206761_cov_47.3229	3	197199	197124	Ala	GGC	0	0	86.95	68.86	18.09	
NODE_14_length_206761_cov_47.3229	4	197075	197000	Glu	TTC	0	0	66.40	38.20	28.20	
NODE_14_length_206761_cov_47.3229	5	196906	196831	Ala	GGC	0	0	86.95	68.86	18.09	
NODE_14_length_206761_cov_47.3229	6	196784	196709	Glu	TTC	0	0	66.40	38.20	28.20	
NODE_14_length_206761_cov_47.3229	7	157809	157734	Val	TAC	0	0	94.49	73.68	20.81	
NODE_14_length_206761_cov_47.3229	8	157717	157641	Asp	GTC	0	0	94.67	75.49	19.18	
NODE_14_length_206761_cov_47.3229	9	157526	157450	Asp	GTC	0	0	94.67	75.49	19.18	
NODE_15_length_178235_cov_46.9253	1	31024 	31113 	Ser	CGA	0	0	68.31	24.88	43.43	
NODE_16_length_176256_cov_48.3645	1	58199 	58126 	Gly	CCC	0	0	60.35	30.06	30.29	
NODE_17_length_174752_cov_51.4922	1	172764	172839	Phe	GAA	0	0	92.69	68.52	24.17	
NODE_19_length_161411_cov_48.5523	1	53651 	53727 	Met	CAT	0	0	85.06	58.55	26.51	
NODE_19_length_161411_cov_48.5523	2	159873	159945	Leu	GAG	0	0	20.84	19.28	1.56	
NODE_19_length_161411_cov_48.5523	3	70196 	70106 	Ser	GCT	0	0	76.69	47.10	29.59	
NODE_19_length_161411_cov_48.5523	4	69988 	69912 	Arg	ACG	0	0	83.50	58.05	25.45	
NODE_19_length_161411_cov_48.5523	5	69800 	69724 	Arg	ACG	0	0	83.50	58.05	25.45	
NODE_19_length_161411_cov_48.5523	6	1096  	1021  	Lys	TTT	0	0	95.07	71.82	23.25	
NODE_20_length_149897_cov_48.4902	1	39812 	39885 	Cys	GCA	0	0	62.38	45.73	16.65	
NODE_20_length_149897_cov_48.4902	2	52434 	52520 	Leu	TAA	0	0	76.64	42.32	34.32	
NODE_21_length_144544_cov_51.4061	1	10061 	10143 	Undet	NNN	0	0	25.90	17.87	8.03	
NODE_21_length_144544_cov_51.4061	2	21478 	21553 	Thr	TGT	0	0	93.66	75.64	18.02	
NODE_27_length_79106_cov_51.0305 	1	2477  	2401  	Met	CAT	0	0	92.87	71.40	21.47	
NODE_34_length_55950_cov_53.2247 	1	1220  	1295  	Trp	CCA	0	0	86.73	63.05	23.68	
NODE_38_length_41931_cov_49.3039 	1	36205 	36280 	Val	TAC	0	0	94.49	73.68	20.81	
NODE_38_length_41931_cov_49.3039 	2	36297 	36373 	Asp	GTC	0	0	94.67	75.49	19.18	
NODE_57_length_5568_cov_198.743  	1	1954  	2030  	Ile	GAT	0	0	98.83	72.69	26.14	
NODE_57_length_5568_cov_198.743  	2	2059  	2134  	Ala	TGC	0	0	90.68	71.56	19.12	
NODE_64_length_3292_cov_44.5153  	1	2772  	2856  	Tyr	GTA	0	0	71.07	41.76	29.31	
NODE_64_length_3292_cov_44.5153  	2	2883  	2956  	Gly	TCC	0	0	82.75	60.87	21.88	
NODE_64_length_3292_cov_44.5153  	3	2976  	3051  	Thr	GGT	0	0	93.76	67.73	26.03	
