Sequence                         		tRNA  	Bounds	tRNA	Anti	Intron Bounds	Cove	HMM	2'Str	      
Name                             	tRNA #	Begin 	End   	Type	Codon	Begin	End	Score	Score	Score	Note
--------                         	------	----- 	------	----	-----	-----	----	------	-----	-----	------
NODE_1_length_773289_cov_40.0898 	1	108389	108464	Ala	GGC	0	0	86.95	68.86	18.09	
NODE_1_length_773289_cov_40.0898 	2	108513	108588	Glu	TTC	0	0	66.40	38.20	28.20	
NODE_1_length_773289_cov_40.0898 	3	108682	108757	Ala	GGC	0	0	86.95	68.86	18.09	
NODE_1_length_773289_cov_40.0898 	4	108804	108879	Glu	TTC	0	0	66.40	38.20	28.20	
NODE_1_length_773289_cov_40.0898 	5	147788	147863	Val	TAC	0	0	94.49	73.68	20.81	
NODE_1_length_773289_cov_40.0898 	6	147880	147956	Asp	GTC	0	0	94.67	75.49	19.18	
NODE_1_length_773289_cov_40.0898 	7	148071	148147	Asp	GTC	0	0	94.67	75.49	19.18	
NODE_1_length_773289_cov_40.0898 	8	450777	450852	Glu	TTC	0	0	66.40	38.20	28.20	
NODE_1_length_773289_cov_40.0898 	9	450855	450930	Gly	GCC	0	0	93.74	68.41	25.33	
NODE_1_length_773289_cov_40.0898 	10	451015	451090	Gly	GCC	0	0	93.74	68.41	25.33	
NODE_1_length_773289_cov_40.0898 	11	496052	496128	Val	GAC	0	0	93.19	67.81	25.38	
NODE_1_length_773289_cov_40.0898 	12	529895	529971	Pro	GGG	0	0	74.89	48.01	26.88	
NODE_1_length_773289_cov_40.0898 	13	689543	689632	Ser	TGA	0	0	72.70	38.95	33.75	
NODE_1_length_773289_cov_40.0898 	14	713943	714018	Gly	GCC	0	0	93.74	68.41	25.33	
NODE_1_length_773289_cov_40.0898 	15	720344	720417	Cys	GCA	0	0	62.38	45.73	16.65	
NODE_1_length_773289_cov_40.0898 	16	418282	418193	Ser	GGA	0	0	71.75	34.38	37.37	
NODE_1_length_773289_cov_40.0898 	17	229478	229402	Pro	CGG	0	0	88.20	60.26	27.94	
NODE_1_length_773289_cov_40.0898 	18	99590 	99515 	Asn	GTT	0	0	91.73	62.08	29.65	
NODE_2_length_662765_cov_42.5798 	1	271706	271792	Leu	CAG	0	0	73.96	38.54	35.42	
NODE_2_length_662765_cov_42.5798 	2	271922	272008	Leu	CAG	0	0	73.96	38.54	35.42	
NODE_2_length_662765_cov_42.5798 	3	529428	529503	Phe	GAA	0	0	92.69	68.52	24.17	
NODE_2_length_662765_cov_42.5798 	4	540838	540913	Thr	TGT	0	0	93.66	75.64	18.02	
NODE_2_length_662765_cov_42.5798 	5	117205	117114	SeC	TCA	0	0	55.75	-18.51	74.26	
NODE_2_length_662765_cov_42.5798 	6	62976 	62891 	Leu	GAG	0	0	68.53	39.16	29.37	
NODE_2_length_662765_cov_42.5798 	7	62800 	62724 	Met	CAT	0	0	85.85	60.06	25.79	
NODE_3_length_433387_cov_42.1367 	1	340886	340810	Met	CAT	0	0	92.87	71.40	21.47	
NODE_3_length_433387_cov_42.1367 	2	13436 	13360 	Arg	CCG	0	0	87.81	66.55	21.26	
NODE_4_length_424056_cov_40.9214 	1	394812	394898	Leu	CAA	0	0	69.99	38.33	31.66	
NODE_6_length_363257_cov_40.8637 	1	291800	291890	Ser	GCT	0	0	76.69	47.10	29.59	
NODE_6_length_363257_cov_40.8637 	2	292008	292084	Arg	ACG	0	0	83.50	58.05	25.45	
NODE_6_length_363257_cov_40.8637 	3	292196	292272	Arg	ACG	0	0	83.50	58.05	25.45	
NODE_6_length_363257_cov_40.8637 	4	360952	361027	Lys	TTT	0	0	95.07	71.82	23.25	
NODE_6_length_363257_cov_40.8637 	5	308376	308300	Met	CAT	0	0	85.06	58.55	26.51	
NODE_6_length_363257_cov_40.8637 	6	202121	202049	Leu	GAG	0	0	20.84	19.28	1.56	
NODE_6_length_363257_cov_40.8637 	7	91990 	91917 	Gly	CCC	0	0	60.35	30.06	30.29	
NODE_7_length_301641_cov_41.5786 	1	275085	275010	Thr	CGT	0	0	90.98	74.93	16.05	
NODE_12_length_183156_cov_41.6041	1	148264	148175	Ser	CGA	0	0	68.31	24.88	43.43	
NODE_13_length_174960_cov_40.2294	1	48175 	48251 	Arg	TCT	0	0	96.39	77.88	18.51	
NODE_13_length_174960_cov_40.2294	2	48303 	48378 	His	GTG	0	0	83.51	64.18	19.33	
NODE_13_length_174960_cov_40.2294	3	48433 	48517 	Leu	TAG	0	0	76.62	44.97	31.65	
NODE_13_length_174960_cov_40.2294	4	48584 	48659 	His	GTG	0	0	83.51	64.18	19.33	
NODE_13_length_174960_cov_40.2294	5	59937 	60013 	Asp	GTC	0	0	95.34	76.86	18.48	
NODE_17_length_148748_cov_41.804 	1	101591	101666	Asn	GTT	0	0	91.73	62.08	29.65	
NODE_17_length_148748_cov_41.804 	2	101676	101752	Pro	TGG	0	0	87.63	64.60	23.03	
NODE_17_length_148748_cov_41.804 	3	101763	101838	Lys	TTT	0	0	95.07	71.82	23.25	
NODE_17_length_148748_cov_41.804 	4	57683 	57610 	Arg	ACG	0	0	52.72	27.21	25.51	
NODE_20_length_122197_cov_40.2362	1	3086  	3010  	Arg	CCT	0	0	83.71	58.51	25.20	
NODE_21_length_114710_cov_41.0382	1	78714 	78639 	Val	TAC	0	0	94.49	73.68	20.81	
NODE_21_length_114710_cov_41.0382	2	78622 	78546 	Asp	GTC	0	0	94.67	75.49	19.18	
NODE_27_length_70800_cov_41.1945 	1	48572 	48646 	Gln	TTG	0	0	66.82	40.36	26.46	
NODE_27_length_70800_cov_41.1945 	2	52320 	52396 	Met	CAT	0	0	87.19	64.42	22.77	
NODE_28_length_65288_cov_41.476  	1	64273 	64198 	Trp	CCA	0	0	86.73	63.05	23.68	
NODE_29_length_58512_cov_49.0585 	1	46648 	46573 	Thr	TGT	0	0	74.27	61.42	12.85	
NODE_45_length_5415_cov_161.642  	1	1829  	1905  	Ile	GAT	0	0	98.83	72.69	26.14	
NODE_45_length_5415_cov_161.642  	2	1934  	2009  	Ala	TGC	0	0	90.68	71.56	19.12	
NODE_49_length_3526_cov_42.672   	1	725   	641   	Tyr	GTA	0	0	71.07	41.76	29.31	
NODE_49_length_3526_cov_42.672   	2	614   	541   	Gly	TCC	0	0	82.75	60.87	21.88	
NODE_49_length_3526_cov_42.672   	3	521   	446   	Thr	GGT	0	0	93.76	67.73	26.03	
