Sequence                         		tRNA  	Bounds	tRNA	Anti	Intron Bounds	Cove	HMM	2'Str	      
Name                             	tRNA #	Begin 	End   	Type	Codon	Begin	End	Score	Score	Score	Note
--------                         	------	----- 	------	----	-----	-----	----	------	-----	-----	------
NODE_1_length_818993_cov_49.0505 	1	550606	550682	Met	CAT	0	0	85.06	58.55	26.51	
NODE_1_length_818993_cov_49.0505 	2	656812	656884	Leu	GAG	0	0	20.84	19.28	1.56	
NODE_1_length_818993_cov_49.0505 	3	760757	760830	Gly	CCC	0	0	60.35	30.06	30.29	
NODE_1_length_818993_cov_49.0505 	4	567148	567058	Ser	GCT	0	0	76.69	47.10	29.59	
NODE_1_length_818993_cov_49.0505 	5	566940	566864	Arg	ACG	0	0	83.50	58.05	25.45	
NODE_1_length_818993_cov_49.0505 	6	566752	566676	Arg	ACG	0	0	83.50	58.05	25.45	
NODE_1_length_818993_cov_49.0505 	7	498048	497973	Lys	TTT	0	0	95.07	71.82	23.25	
NODE_1_length_818993_cov_49.0505 	8	461567	461478	Ser	CGA	0	0	68.31	24.88	43.43	
NODE_2_length_810309_cov_51.1213 	1	693493	693584	SeC	TCA	0	0	55.75	-18.51	74.26	
NODE_2_length_810309_cov_51.1213 	2	747439	747524	Leu	GAG	0	0	68.53	39.16	29.37	
NODE_2_length_810309_cov_51.1213 	3	747615	747691	Met	CAT	0	0	85.85	60.06	25.79	
NODE_2_length_810309_cov_51.1213 	4	539613	539527	Leu	CAG	0	0	73.96	38.54	35.42	
NODE_2_length_810309_cov_51.1213 	5	539397	539311	Leu	CAG	0	0	73.96	38.54	35.42	
NODE_2_length_810309_cov_51.1213 	6	282659	282584	Phe	GAA	0	0	92.69	68.52	24.17	
NODE_2_length_810309_cov_51.1213 	7	271254	271179	Thr	TGT	0	0	93.66	75.64	18.02	
NODE_3_length_462501_cov_52.062  	1	60111 	60187 	Val	GAC	0	0	93.19	67.81	25.38	
NODE_3_length_462501_cov_52.062  	2	94254 	94330 	Pro	GGG	0	0	74.89	48.01	26.88	
NODE_3_length_462501_cov_52.062  	3	448557	448646	Ser	TGA	0	0	72.70	38.95	33.75	
NODE_4_length_439254_cov_49.05   	1	69554 	69643 	Ser	GGA	0	0	71.75	34.38	37.37	
NODE_4_length_439254_cov_49.05   	2	258334	258410	Pro	CGG	0	0	88.20	60.26	27.94	
NODE_4_length_439254_cov_49.05   	3	387227	387302	Asn	GTT	0	0	91.73	62.08	29.65	
NODE_4_length_439254_cov_49.05   	4	378348	378273	Ala	GGC	0	0	86.95	68.86	18.09	
NODE_4_length_439254_cov_49.05   	5	378224	378149	Glu	TTC	0	0	66.40	38.20	28.20	
NODE_4_length_439254_cov_49.05   	6	378055	377980	Ala	GGC	0	0	86.95	68.86	18.09	
NODE_4_length_439254_cov_49.05   	7	377933	377858	Glu	TTC	0	0	66.40	38.20	28.20	
NODE_4_length_439254_cov_49.05   	8	338954	338879	Val	TAC	0	0	94.49	73.68	20.81	
NODE_4_length_439254_cov_49.05   	9	338862	338786	Asp	GTC	0	0	94.67	75.49	19.18	
NODE_4_length_439254_cov_49.05   	10	338671	338595	Asp	GTC	0	0	94.67	75.49	19.18	
NODE_4_length_439254_cov_49.05   	11	37060 	36985 	Glu	TTC	0	0	66.40	38.20	28.20	
NODE_4_length_439254_cov_49.05   	12	36982 	36907 	Gly	GCC	0	0	93.74	68.41	25.33	
NODE_4_length_439254_cov_49.05   	13	36822 	36747 	Gly	GCC	0	0	93.74	68.41	25.33	
NODE_5_length_424924_cov_52.9674 	1	335297	335221	Met	CAT	0	0	92.87	71.40	21.47	
NODE_6_length_412269_cov_49.1548 	1	379838	379924	Leu	CAA	0	0	69.99	38.33	31.66	
NODE_7_length_310096_cov_52.1627 	1	57542 	57617 	Gly	GCC	0	0	93.74	68.41	25.33	
NODE_7_length_310096_cov_52.1627 	2	156890	156963	Cys	GCA	0	0	62.38	45.73	16.65	
NODE_7_length_310096_cov_52.1627 	3	207883	207799	Leu	TAA	0	0	73.95	46.87	27.08	
NODE_14_length_158141_cov_48.0968	1	143877	143953	Arg	TCT	0	0	96.39	77.88	18.51	
NODE_14_length_158141_cov_48.0968	2	144005	144080	His	GTG	0	0	83.51	64.18	19.33	
NODE_14_length_158141_cov_48.0968	3	144135	144219	Leu	TAG	0	0	76.62	44.97	31.65	
NODE_17_length_137620_cov_48.5053	1	13109 	13035 	Arg	CCT	0	0	58.40	28.08	30.32	
NODE_19_length_128345_cov_50.2688	1	10204 	10278 	Asn	GTT	0	0	77.66	51.70	25.96	
NODE_19_length_128345_cov_50.2688	2	10283 	10358 	Thr	TGT	0	0	74.27	61.42	12.85	
NODE_19_length_128345_cov_50.2688	3	36019 	36094 	His	GTG	0	0	83.51	64.18	19.33	
NODE_19_length_128345_cov_50.2688	4	47385 	47461 	Asp	GTC	0	0	95.34	76.86	18.48	
NODE_20_length_121735_cov_49.3546	1	64597 	64670 	Arg	ACG	0	0	52.72	27.21	25.51	
NODE_20_length_121735_cov_49.3546	2	20682 	20607 	Asn	GTT	0	0	91.73	62.08	29.65	
NODE_20_length_121735_cov_49.3546	3	20597 	20521 	Pro	TGG	0	0	87.63	64.60	23.03	
NODE_20_length_121735_cov_49.3546	4	20510 	20435 	Lys	TTT	0	0	95.07	71.82	23.25	
NODE_20_length_121735_cov_49.3546	5	2541  	2466  	Thr	CGT	0	0	90.98	74.93	16.05	
NODE_21_length_110031_cov_48.6235	1	36160 	36235 	Val	TAC	0	0	94.49	73.68	20.81	
NODE_21_length_110031_cov_48.6235	2	36252 	36328 	Asp	GTC	0	0	94.67	75.49	19.18	
NODE_24_length_85933_cov_48.4482 	1	48734 	48808 	Gln	TTG	0	0	66.82	40.36	26.46	
NODE_24_length_85933_cov_48.4482 	2	67443 	67519 	Met	CAT	0	0	87.19	64.42	22.77	
NODE_28_length_65171_cov_52.2367 	1	872   	947   	Trp	CCA	0	0	86.73	63.05	23.68	
NODE_33_length_35900_cov_52.3887 	1	1283  	1207  	Arg	CCG	0	0	88.66	67.40	21.26	
NODE_43_length_5513_cov_205.944  	1	3579  	3503  	Ile	GAT	0	0	98.83	72.69	26.14	
NODE_43_length_5513_cov_205.944  	2	3474  	3399  	Ala	TGC	0	0	90.68	71.56	19.12	
NODE_45_length_3678_cov_53.1898  	1	2810  	2894  	Tyr	GTA	0	0	71.07	41.76	29.31	
NODE_45_length_3678_cov_53.1898  	2	2921  	2994  	Gly	TCC	0	0	82.75	60.87	21.88	
NODE_45_length_3678_cov_53.1898  	3	3014  	3089  	Thr	GGT	0	0	93.76	67.73	26.03	
