Sequence                         		tRNA  	Bounds	tRNA	Anti	Intron Bounds	Cove	HMM	2'Str	      
Name                             	tRNA #	Begin 	End   	Type	Codon	Begin	End	Score	Score	Score	Note
--------                         	------	----- 	------	----	-----	-----	----	------	-----	-----	------
NODE_1_length_640399_cov_448.497 	1	438518	438594	Arg	CCT	0	0	83.71	58.51	25.20	
NODE_1_length_640399_cov_448.497 	2	566351	566426	Val	TAC	0	0	94.49	73.68	20.81	
NODE_1_length_640399_cov_448.497 	3	566443	566519	Asp	GTC	0	0	94.67	75.49	19.18	
NODE_2_length_547402_cov_469.465 	1	22232 	22321 	Ser	CGA	0	0	68.31	24.88	43.43	
NODE_3_length_539273_cov_450.979 	1	422109	422200	SeC	TCA	0	0	55.75	-18.51	74.26	
NODE_3_length_539273_cov_450.979 	2	476354	476439	Leu	GAG	0	0	68.53	39.16	29.37	
NODE_3_length_539273_cov_450.979 	3	476530	476606	Met	CAT	0	0	85.85	60.06	25.79	
NODE_3_length_539273_cov_450.979 	4	268543	268457	Leu	CAG	0	0	73.96	38.54	35.42	
NODE_3_length_539273_cov_450.979 	5	268327	268241	Leu	CAG	0	0	73.96	38.54	35.42	
NODE_3_length_539273_cov_450.979 	6	13518 	13443 	Phe	GAA	0	0	92.69	68.52	24.17	
NODE_4_length_448235_cov_445.264 	1	115172	115261	Ser	GGA	0	0	71.75	34.38	37.37	
NODE_4_length_448235_cov_445.264 	2	303961	304037	Pro	CGG	0	0	88.20	60.26	27.94	
NODE_4_length_448235_cov_445.264 	3	432787	432862	Asn	GTT	0	0	91.73	62.08	29.65	
NODE_4_length_448235_cov_445.264 	4	423988	423913	Ala	GGC	0	0	86.95	68.86	18.09	
NODE_4_length_448235_cov_445.264 	5	423864	423789	Glu	TTC	0	0	66.40	38.20	28.20	
NODE_4_length_448235_cov_445.264 	6	423695	423620	Ala	GGC	0	0	86.95	68.86	18.09	
NODE_4_length_448235_cov_445.264 	7	423573	423498	Glu	TTC	0	0	66.40	38.20	28.20	
NODE_4_length_448235_cov_445.264 	8	384591	384516	Val	TAC	0	0	94.49	73.68	20.81	
NODE_4_length_448235_cov_445.264 	9	384499	384423	Asp	GTC	0	0	94.67	75.49	19.18	
NODE_4_length_448235_cov_445.264 	10	384308	384232	Asp	GTC	0	0	94.67	75.49	19.18	
NODE_4_length_448235_cov_445.264 	11	82708 	82633 	Glu	TTC	0	0	66.40	38.20	28.20	
NODE_4_length_448235_cov_445.264 	12	82630 	82555 	Gly	GCC	0	0	93.74	68.41	25.33	
NODE_4_length_448235_cov_445.264 	13	82470 	82395 	Gly	GCC	0	0	93.74	68.41	25.33	
NODE_4_length_448235_cov_445.264 	14	35226 	35150 	Val	GAC	0	0	93.19	67.81	25.38	
NODE_4_length_448235_cov_445.264 	15	1088  	1012  	Pro	GGG	0	0	74.89	48.01	26.88	
NODE_5_length_432131_cov_448.351 	1	308110	308186	Arg	TCT	0	0	96.39	77.88	18.51	
NODE_5_length_432131_cov_448.351 	2	308238	308313	His	GTG	0	0	83.51	64.18	19.33	
NODE_5_length_432131_cov_448.351 	3	308368	308452	Leu	TAG	0	0	76.62	44.97	31.65	
NODE_5_length_432131_cov_448.351 	4	308519	308594	His	GTG	0	0	83.51	64.18	19.33	
NODE_5_length_432131_cov_448.351 	5	319884	319960	Asp	GTC	0	0	95.34	76.86	18.48	
NODE_6_length_431490_cov_451.633 	1	288919	288830	Ser	TGA	0	0	72.70	38.95	33.75	
NODE_6_length_431490_cov_451.633 	2	264543	264468	Gly	GCC	0	0	93.74	68.41	25.33	
NODE_6_length_431490_cov_451.633 	3	138214	138141	Cys	GCA	0	0	62.38	45.73	16.65	
NODE_6_length_431490_cov_451.633 	4	125591	125505	Leu	TAA	0	0	76.64	42.32	34.32	
NODE_7_length_396641_cov_452.242 	1	102140	102215	Asn	GTT	0	0	91.73	62.08	29.65	
NODE_7_length_396641_cov_452.242 	2	102225	102301	Pro	TGG	0	0	87.63	64.60	23.03	
NODE_7_length_396641_cov_452.242 	3	102312	102387	Lys	TTT	0	0	95.07	71.82	23.25	
NODE_7_length_396641_cov_452.242 	4	121532	121607	Thr	CGT	0	0	90.98	74.93	16.05	
NODE_7_length_396641_cov_452.242 	5	58224 	58151 	Arg	ACG	0	0	52.72	27.21	25.51	
NODE_8_length_378717_cov_467.75  	1	85145 	85221 	Met	CAT	0	0	92.87	71.40	21.47	
NODE_9_length_301587_cov_472.436 	1	240636	240550	Leu	CAA	0	0	69.99	38.33	31.66	
NODE_10_length_275802_cov_462.078	1	195649	195739	Ser	GCT	0	0	76.69	47.10	29.59	
NODE_10_length_275802_cov_462.078	2	195857	195933	Arg	ACG	0	0	83.50	58.05	25.45	
NODE_10_length_275802_cov_462.078	3	196045	196121	Arg	ACG	0	0	83.50	58.05	25.45	
NODE_10_length_275802_cov_462.078	4	264742	264817	Lys	TTT	0	0	95.07	71.82	23.25	
NODE_10_length_275802_cov_462.078	5	212193	212117	Met	CAT	0	0	85.06	58.55	26.51	
NODE_10_length_275802_cov_462.078	6	105990	105918	Leu	GAG	0	0	20.84	19.28	1.56	
NODE_10_length_275802_cov_462.078	7	2116  	2043  	Gly	CCC	0	0	60.35	30.06	30.29	
NODE_22_length_71349_cov_440.618 	1	22240 	22166 	Gln	TTG	0	0	66.82	40.36	26.46	
NODE_22_length_71349_cov_440.618 	2	18491 	18415 	Met	CAT	0	0	87.19	64.42	22.77	
NODE_24_length_65469_cov_478.766 	1	64250 	64175 	Trp	CCA	0	0	86.73	63.05	23.68	
NODE_30_length_35917_cov_495.869 	1	1283  	1207  	Arg	CCG	0	0	87.81	66.55	21.26	
NODE_33_length_16923_cov_471.668 	1	3597  	3522  	Thr	TGT	0	0	93.66	75.64	18.02	
NODE_41_length_5481_cov_1720.17  	1	1894  	1970  	Ile	GAT	0	0	98.83	72.69	26.14	
NODE_41_length_5481_cov_1720.17  	2	1999  	2074  	Ala	TGC	0	0	90.68	71.56	19.12	
NODE_47_length_3321_cov_443.322  	1	521   	437   	Tyr	GTA	0	0	71.07	41.76	29.31	
NODE_47_length_3321_cov_443.322  	2	410   	337   	Gly	TCC	0	0	82.75	60.87	21.88	
NODE_47_length_3321_cov_443.322  	3	317   	242   	Thr	GGT	0	0	93.76	67.73	26.03	
