Sequence                         		tRNA  	Bounds	tRNA	Anti	Intron Bounds	Cove	HMM	2'Str	      
Name                             	tRNA #	Begin 	End   	Type	Codon	Begin	End	Score	Score	Score	Note
--------                         	------	----- 	------	----	-----	-----	----	------	-----	-----	------
NODE_1_length_714188_cov_46.3742 	1	707466	707542	Arg	CCT	0	0	83.71	58.51	25.20	
NODE_1_length_714188_cov_46.3742 	2	210675	210589	Leu	CAA	0	0	69.99	38.33	31.66	
NODE_2_length_615905_cov_44.8067 	1	521157	521233	Arg	TCT	0	0	96.39	77.88	18.51	
NODE_2_length_615905_cov_44.8067 	2	521285	521360	His	GTG	0	0	83.51	64.18	19.33	
NODE_2_length_615905_cov_44.8067 	3	521415	521499	Leu	TAG	0	0	76.62	44.97	31.65	
NODE_2_length_615905_cov_44.8067 	4	521566	521641	His	GTG	0	0	83.51	64.18	19.33	
NODE_2_length_615905_cov_44.8067 	5	532932	533008	Asp	GTC	0	0	95.34	76.86	18.48	
NODE_3_length_520862_cov_45.802  	1	91578 	91668 	Ser	GCT	0	0	76.69	47.10	29.59	
NODE_3_length_520862_cov_45.802  	2	91786 	91862 	Arg	ACG	0	0	83.50	58.05	25.45	
NODE_3_length_520862_cov_45.802  	3	91974 	92050 	Arg	ACG	0	0	83.50	58.05	25.45	
NODE_3_length_520862_cov_45.802  	4	160733	160808	Lys	TTT	0	0	95.07	71.82	23.25	
NODE_3_length_520862_cov_45.802  	5	188278	188367	Ser	CGA	0	0	68.31	24.88	43.43	
NODE_3_length_520862_cov_45.802  	6	108155	108079	Met	CAT	0	0	85.06	58.55	26.51	
NODE_3_length_520862_cov_45.802  	7	1890  	1818  	Leu	GAG	0	0	20.84	19.28	1.56	
NODE_4_length_471161_cov_45.0691 	1	52888 	52963 	Ala	GGC	0	0	86.95	68.86	18.09	
NODE_4_length_471161_cov_45.0691 	2	53012 	53087 	Glu	TTC	0	0	66.40	38.20	28.20	
NODE_4_length_471161_cov_45.0691 	3	53181 	53256 	Ala	GGC	0	0	86.95	68.86	18.09	
NODE_4_length_471161_cov_45.0691 	4	53303 	53378 	Glu	TTC	0	0	66.40	38.20	28.20	
NODE_4_length_471161_cov_45.0691 	5	92290 	92365 	Val	TAC	0	0	94.49	73.68	20.81	
NODE_4_length_471161_cov_45.0691 	6	92382 	92458 	Asp	GTC	0	0	94.67	75.49	19.18	
NODE_4_length_471161_cov_45.0691 	7	92573 	92649 	Asp	GTC	0	0	94.67	75.49	19.18	
NODE_4_length_471161_cov_45.0691 	8	392059	392134	Glu	TTC	0	0	66.40	38.20	28.20	
NODE_4_length_471161_cov_45.0691 	9	392137	392212	Gly	GCC	0	0	93.74	68.41	25.33	
NODE_4_length_471161_cov_45.0691 	10	392297	392372	Gly	GCC	0	0	93.74	68.41	25.33	
NODE_4_length_471161_cov_45.0691 	11	436080	436156	Val	GAC	0	0	93.19	67.81	25.38	
NODE_4_length_471161_cov_45.0691 	12	470220	470296	Pro	GGG	0	0	74.89	48.01	26.88	
NODE_4_length_471161_cov_45.0691 	13	359563	359474	Ser	GGA	0	0	71.75	34.38	37.37	
NODE_4_length_471161_cov_45.0691 	14	170793	170717	Pro	CGG	0	0	88.20	60.26	27.94	
NODE_4_length_471161_cov_45.0691 	15	44089 	44014 	Asn	GTT	0	0	91.73	62.08	29.65	
NODE_5_length_378473_cov_47.5214 	1	300982	300906	Met	CAT	0	0	92.87	71.40	21.47	
NODE_6_length_340532_cov_44.3364 	1	196586	196497	Ser	TGA	0	0	72.70	38.95	33.75	
NODE_6_length_340532_cov_44.3364 	2	140462	140387	Gly	GCC	0	0	93.74	68.41	25.33	
NODE_6_length_340532_cov_44.3364 	3	135837	135764	Cys	GCA	0	0	62.38	45.73	16.65	
NODE_6_length_340532_cov_44.3364 	4	123214	123128	Leu	TAA	0	0	76.64	42.32	34.32	
NODE_7_length_320192_cov_49.0962 	1	233522	233436	Leu	CAG	0	0	73.96	38.54	35.42	
NODE_7_length_320192_cov_49.0962 	2	233306	233220	Leu	CAG	0	0	73.96	38.54	35.42	
NODE_8_length_266386_cov_49.3568 	1	23713 	23788 	Phe	GAA	0	0	92.69	68.52	24.17	
NODE_8_length_266386_cov_49.3568 	2	35123 	35198 	Thr	TGT	0	0	93.66	75.64	18.02	
NODE_11_length_237223_cov_46.891 	1	135055	134982	Gly	CCC	0	0	60.35	30.06	30.29	
NODE_13_length_210124_cov_47.1835	1	172169	172244	Asn	GTT	0	0	91.73	62.08	29.65	
NODE_13_length_210124_cov_47.1835	2	172254	172330	Pro	TGG	0	0	87.63	64.60	23.03	
NODE_13_length_210124_cov_47.1835	3	172341	172416	Lys	TTT	0	0	95.07	71.82	23.25	
NODE_13_length_210124_cov_47.1835	4	191713	191788	Thr	CGT	0	0	90.98	74.93	16.05	
NODE_13_length_210124_cov_47.1835	5	128253	128180	Arg	ACG	0	0	52.72	27.21	25.51	
NODE_13_length_210124_cov_47.1835	6	22240 	22166 	Gln	TTG	0	0	66.82	40.36	26.46	
NODE_13_length_210124_cov_47.1835	7	18491 	18415 	Met	CAT	0	0	87.19	64.42	22.77	
NODE_14_length_202151_cov_45.4813	1	128131	128206	Val	TAC	0	0	94.49	73.68	20.81	
NODE_14_length_202151_cov_45.4813	2	128223	128299	Asp	GTC	0	0	94.67	75.49	19.18	
NODE_16_length_184200_cov_47.3743	1	67406 	67497 	SeC	TCA	0	0	55.75	-18.51	74.26	
NODE_16_length_184200_cov_47.3743	2	121536	121621	Leu	GAG	0	0	68.53	39.16	29.37	
NODE_16_length_184200_cov_47.3743	3	121712	121788	Met	CAT	0	0	85.85	60.06	25.79	
NODE_23_length_65453_cov_47.0786 	1	1220  	1295  	Trp	CCA	0	0	86.73	63.05	23.68	
NODE_29_length_36094_cov_50.2138 	1	1477  	1401  	Arg	CCG	0	0	87.81	66.55	21.26	
NODE_39_length_5497_cov_181.915  	1	1935  	2011  	Ile	GAT	0	0	98.83	72.69	26.14	
NODE_39_length_5497_cov_181.915  	2	2040  	2115  	Ala	TGC	0	0	90.68	71.56	19.12	
NODE_43_length_3345_cov_46.9357  	1	2825  	2909  	Tyr	GTA	0	0	71.07	41.76	29.31	
NODE_43_length_3345_cov_46.9357  	2	2936  	3009  	Gly	TCC	0	0	82.75	60.87	21.88	
NODE_43_length_3345_cov_46.9357  	3	3029  	3104  	Thr	GGT	0	0	93.76	67.73	26.03	
