Sequence                         		tRNA  	Bounds	tRNA	Anti	Intron Bounds	Cove	HMM	2'Str	      
Name                             	tRNA #	Begin 	End   	Type	Codon	Begin	End	Score	Score	Score	Note
--------                         	------	----- 	------	----	-----	-----	----	------	-----	-----	------
NODE_1_length_458293_cov_56.3833 	1	17050 	17125 	Gly	TCC	0	0	73.82	52.46	21.36	
NODE_1_length_458293_cov_56.3833 	2	17138 	17212 	Asn	GTT	0	0	77.66	51.70	25.96	
NODE_1_length_458293_cov_56.3833 	3	17217 	17292 	Thr	TGT	0	0	74.27	61.42	12.85	
NODE_2_length_454788_cov_58.4492 	1	193823	193909	Leu	CAG	0	0	73.96	38.54	35.42	
NODE_2_length_454788_cov_58.4492 	2	194039	194125	Leu	CAG	0	0	73.96	38.54	35.42	
NODE_2_length_454788_cov_58.4492 	3	450767	450842	Phe	GAA	0	0	92.69	68.52	24.17	
NODE_2_length_454788_cov_58.4492 	4	3327  	3236  	SeC	TCA	0	0	55.75	-18.51	74.26	
NODE_3_length_420926_cov_56.4025 	1	331301	331225	Met	CAT	0	0	92.87	71.40	21.47	
NODE_3_length_420926_cov_56.4025 	2	1283  	1207  	Arg	CCG	0	0	88.66	67.40	21.26	
NODE_4_length_403545_cov_55.6582 	1	219977	219891	Leu	CAA	0	0	69.99	38.33	31.66	
NODE_5_length_393088_cov_62.9357 	1	337588	337512	Val	GAC	0	0	93.19	67.81	25.38	
NODE_5_length_393088_cov_62.9357 	2	303465	303389	Pro	GGG	0	0	74.89	48.01	26.88	
NODE_5_length_393088_cov_62.9357 	3	113980	113891	Ser	TGA	0	0	72.70	38.95	33.75	
NODE_5_length_393088_cov_62.9357 	4	89605 	89530 	Gly	GCC	0	0	93.74	68.41	25.33	
NODE_5_length_393088_cov_62.9357 	5	84981 	84908 	Cys	GCA	0	0	62.38	45.73	16.65	
NODE_5_length_393088_cov_62.9357 	6	72357 	72271 	Leu	TAA	0	0	76.64	42.32	34.32	
NODE_6_length_383939_cov_57.6183 	1	68318 	68407 	Ser	GGA	0	0	71.75	34.38	37.37	
NODE_6_length_383939_cov_57.6183 	2	257080	257156	Pro	CGG	0	0	88.20	60.26	27.94	
NODE_6_length_383939_cov_57.6183 	3	359155	359080	Val	TAC	0	0	94.49	73.68	20.81	
NODE_6_length_383939_cov_57.6183 	4	359063	358987	Asp	GTC	0	0	94.67	75.49	19.18	
NODE_6_length_383939_cov_57.6183 	5	358872	358796	Asp	GTC	0	0	94.67	75.49	19.18	
NODE_6_length_383939_cov_57.6183 	6	35835 	35760 	Glu	TTC	0	0	66.40	38.20	28.20	
NODE_6_length_383939_cov_57.6183 	7	35757 	35682 	Gly	GCC	0	0	93.74	68.41	25.33	
NODE_6_length_383939_cov_57.6183 	8	35597 	35522 	Gly	GCC	0	0	93.74	68.41	25.33	
NODE_7_length_314685_cov_53.4462 	1	302659	302735	Arg	TCT	0	0	96.39	77.88	18.51	
NODE_7_length_314685_cov_53.4462 	2	302787	302862	His	GTG	0	0	83.51	64.18	19.33	
NODE_7_length_314685_cov_53.4462 	3	302917	303001	Leu	TAG	0	0	76.62	44.97	31.65	
NODE_8_length_306906_cov_58.1547 	1	288170	288095	Thr	TGT	0	0	93.66	75.64	18.02	
NODE_9_length_278461_cov_55.9206 	1	268266	268192	Thr	CGT	0	0	20.09	14.61	5.48	
NODE_10_length_268131_cov_55.193 	1	53817 	53893 	Met	CAT	0	0	85.06	58.55	26.51	
NODE_10_length_268131_cov_55.193 	2	160023	160095	Leu	GAG	0	0	20.84	19.28	1.56	
NODE_10_length_268131_cov_55.193 	3	263967	264040	Gly	CCC	0	0	60.35	30.06	30.29	
NODE_10_length_268131_cov_55.193 	4	70359 	70269 	Ser	GCT	0	0	76.69	47.10	29.59	
NODE_10_length_268131_cov_55.193 	5	70151 	70075 	Arg	ACG	0	0	83.50	58.05	25.45	
NODE_10_length_268131_cov_55.193 	6	69963 	69887 	Arg	ACG	0	0	83.50	58.05	25.45	
NODE_10_length_268131_cov_55.193 	7	1264  	1189  	Lys	TTT	0	0	95.07	71.82	23.25	
NODE_13_length_215574_cov_56.3201	1	46389 	46464 	Asn	GTT	0	0	91.73	62.08	29.65	
NODE_13_length_215574_cov_56.3201	2	179575	179500	Val	TAC	0	0	94.49	73.68	20.81	
NODE_13_length_215574_cov_56.3201	3	179483	179407	Asp	GTC	0	0	94.67	75.49	19.18	
NODE_13_length_215574_cov_56.3201	4	37593 	37518 	Ala	GGC	0	0	86.95	68.86	18.09	
NODE_13_length_215574_cov_56.3201	5	37469 	37394 	Glu	TTC	0	0	66.40	38.20	28.20	
NODE_13_length_215574_cov_56.3201	6	37300 	37225 	Ala	GGC	0	0	86.95	68.86	18.09	
NODE_13_length_215574_cov_56.3201	7	37178 	37103 	Glu	TTC	0	0	66.40	38.20	28.20	
NODE_14_length_214604_cov_55.0561	1	90341 	90265 	Arg	CCT	0	0	83.71	58.51	25.20	
NODE_19_length_120072_cov_56.5385	1	57409 	57494 	Leu	GAG	0	0	68.53	39.16	29.37	
NODE_19_length_120072_cov_56.5385	2	57585 	57661 	Met	CAT	0	0	85.85	60.06	25.79	
NODE_20_length_115966_cov_56.9821	1	57669 	57742 	Arg	ACG	0	0	52.72	27.21	25.51	
NODE_20_length_115966_cov_56.9821	2	13754 	13679 	Asn	GTT	0	0	91.73	62.08	29.65	
NODE_20_length_115966_cov_56.9821	3	13669 	13593 	Pro	TGG	0	0	87.63	64.60	23.03	
NODE_20_length_115966_cov_56.9821	4	13582 	13507 	Lys	TTT	0	0	95.07	71.82	23.25	
NODE_22_length_94700_cov_56.1915 	1	2374  	2449  	His	GTG	0	0	83.51	64.18	19.33	
NODE_22_length_94700_cov_56.1915 	2	13740 	13816 	Asp	GTC	0	0	95.34	76.86	18.48	
NODE_24_length_86234_cov_55.2177 	1	49035 	49109 	Gln	TTG	0	0	66.82	40.36	26.46	
NODE_24_length_86234_cov_55.2177 	2	67744 	67820 	Met	CAT	0	0	87.19	64.42	22.77	
NODE_27_length_65171_cov_55.6331 	1	872   	947   	Trp	CCA	0	0	86.73	63.05	23.68	
NODE_33_length_39923_cov_56.6685 	1	4439  	4350  	Ser	CGA	0	0	68.31	24.88	43.43	
NODE_36_length_36955_cov_59.5482 	1	34150 	34225 	Thr	CGT	0	0	90.98	74.93	16.05	
NODE_57_length_5512_cov_228.485  	1	1935  	2011  	Ile	GAT	0	0	98.83	72.69	26.14	
NODE_57_length_5512_cov_228.485  	2	2040  	2115  	Ala	TGC	0	0	90.68	71.56	19.12	
NODE_68_length_3678_cov_53.7992  	1	2810  	2894  	Tyr	GTA	0	0	71.07	41.76	29.31	
NODE_68_length_3678_cov_53.7992  	2	2921  	2994  	Gly	TCC	0	0	82.75	60.87	21.88	
NODE_68_length_3678_cov_53.7992  	3	3014  	3089  	Thr	GGT	0	0	93.76	67.73	26.03	
