Sequence                         		tRNA  	Bounds	tRNA	Anti	Intron Bounds	Cove	HMM	2'Str	      
Name                             	tRNA #	Begin 	End   	Type	Codon	Begin	End	Score	Score	Score	Note
--------                         	------	----- 	------	----	-----	-----	----	------	-----	-----	------
NODE_1_length_455178_cov_42.8439 	1	338186	338277	SeC	TCA	0	0	55.75	-18.51	74.26	
NODE_1_length_455178_cov_42.8439 	2	392325	392410	Leu	GAG	0	0	68.53	39.16	29.37	
NODE_1_length_455178_cov_42.8439 	3	392501	392577	Met	CAT	0	0	85.85	60.06	25.79	
NODE_1_length_455178_cov_42.8439 	4	184677	184591	Leu	CAG	0	0	73.96	38.54	35.42	
NODE_1_length_455178_cov_42.8439 	5	184461	184375	Leu	CAG	0	0	73.96	38.54	35.42	
NODE_2_length_388765_cov_40.0503 	1	44901 	44990 	Ser	GGA	0	0	71.75	34.38	37.37	
NODE_2_length_388765_cov_40.0503 	2	233645	233721	Pro	CGG	0	0	88.20	60.26	27.94	
NODE_2_length_388765_cov_40.0503 	3	362462	362537	Asn	GTT	0	0	91.73	62.08	29.65	
NODE_2_length_388765_cov_40.0503 	4	353664	353589	Ala	GGC	0	0	86.95	68.86	18.09	
NODE_2_length_388765_cov_40.0503 	5	353540	353465	Glu	TTC	0	0	66.40	38.20	28.20	
NODE_2_length_388765_cov_40.0503 	6	353371	353296	Ala	GGC	0	0	86.95	68.86	18.09	
NODE_2_length_388765_cov_40.0503 	7	353249	353174	Glu	TTC	0	0	66.40	38.20	28.20	
NODE_2_length_388765_cov_40.0503 	8	314269	314194	Val	TAC	0	0	94.49	73.68	20.81	
NODE_2_length_388765_cov_40.0503 	9	314177	314101	Asp	GTC	0	0	94.67	75.49	19.18	
NODE_2_length_388765_cov_40.0503 	10	313986	313910	Asp	GTC	0	0	94.67	75.49	19.18	
NODE_2_length_388765_cov_40.0503 	11	12404 	12329 	Glu	TTC	0	0	66.40	38.20	28.20	
NODE_2_length_388765_cov_40.0503 	12	12326 	12251 	Gly	GCC	0	0	93.74	68.41	25.33	
NODE_4_length_360031_cov_39.8025 	1	356817	356893	Arg	TCT	0	0	96.39	77.88	18.51	
NODE_4_length_360031_cov_39.8025 	2	356945	357020	His	GTG	0	0	83.51	64.18	19.33	
NODE_4_length_360031_cov_39.8025 	3	357075	357159	Leu	TAG	0	0	76.62	44.97	31.65	
NODE_5_length_294481_cov_43.3261 	1	294350	294274	Met	CAT	0	0	92.87	71.40	21.47	
NODE_8_length_223772_cov_41.2672 	1	63495 	63571 	Arg	CCT	0	0	83.71	58.51	25.20	
NODE_8_length_223772_cov_41.2672 	2	191321	191396	Val	TAC	0	0	94.49	73.68	20.81	
NODE_8_length_223772_cov_41.2672 	3	191413	191489	Asp	GTC	0	0	94.67	75.49	19.18	
NODE_9_length_222845_cov_39.6545 	1	140904	140993	Ser	TGA	0	0	72.70	38.95	33.75	
NODE_9_length_222845_cov_39.6545 	2	165281	165356	Gly	GCC	0	0	93.74	68.41	25.33	
NODE_9_length_222845_cov_39.6545 	3	169903	169976	Cys	GCA	0	0	62.38	45.73	16.65	
NODE_10_length_215521_cov_39.7852	1	106340	106265	Gly	GCC	0	0	93.74	68.41	25.33	
NODE_10_length_215521_cov_39.7852	2	64805 	64729 	Val	GAC	0	0	93.19	67.81	25.38	
NODE_10_length_215521_cov_39.7852	3	30329 	30253 	Pro	GGG	0	0	74.89	48.01	26.88	
NODE_12_length_189336_cov_44.1256	1	111235	111310	Asn	GTT	0	0	91.73	62.08	29.65	
NODE_12_length_189336_cov_44.1256	2	111320	111396	Pro	TGG	0	0	87.63	64.60	23.03	
NODE_12_length_189336_cov_44.1256	3	111407	111482	Lys	TTT	0	0	95.07	71.82	23.25	
NODE_12_length_189336_cov_44.1256	4	67361 	67288 	Arg	ACG	0	0	52.72	27.21	25.51	
NODE_13_length_189225_cov_43.7157	1	116834	116759	Phe	GAA	0	0	92.69	68.52	24.17	
NODE_13_length_189225_cov_43.7157	2	105429	105354	Thr	TGT	0	0	93.66	75.64	18.02	
NODE_14_length_177202_cov_41.1235	1	120096	120169	Gly	CCC	0	0	60.35	30.06	30.29	
NODE_15_length_174612_cov_42.0003	1	79056 	78970 	Leu	CAA	0	0	69.99	38.33	31.66	
NODE_16_length_173683_cov_40.6872	1	146067	145978	Ser	CGA	0	0	68.31	24.88	43.43	
NODE_17_length_160160_cov_41.1777	1	53739 	53815 	Met	CAT	0	0	85.06	58.55	26.51	
NODE_17_length_160160_cov_41.1777	2	70283 	70193 	Ser	GCT	0	0	76.69	47.10	29.59	
NODE_17_length_160160_cov_41.1777	3	70075 	69999 	Arg	ACG	0	0	83.50	58.05	25.45	
NODE_17_length_160160_cov_41.1777	4	69887 	69811 	Arg	ACG	0	0	83.50	58.05	25.45	
NODE_17_length_160160_cov_41.1777	5	1195  	1120  	Lys	TTT	0	0	95.07	71.82	23.25	
NODE_18_length_151215_cov_40.1872	1	149234	149160	Asn	GTT	0	0	67.58	41.62	25.96	
NODE_18_length_151215_cov_40.1872	2	149155	149080	Thr	TGT	0	0	74.27	61.42	12.85	
NODE_18_length_151215_cov_40.1872	3	122138	122063	His	GTG	0	0	83.51	64.18	19.33	
NODE_18_length_151215_cov_40.1872	4	110778	110702	Asp	GTC	0	0	95.34	76.86	18.48	
NODE_24_length_110248_cov_41.8478	1	39834 	39908 	Gln	TTG	0	0	66.82	40.36	26.46	
NODE_24_length_110248_cov_41.8478	2	80757 	80833 	Met	CAT	0	0	87.19	64.42	22.77	
NODE_25_length_104025_cov_45.9069	1	57682 	57606 	Arg	CCG	0	0	87.89	66.77	21.12	
NODE_42_length_46779_cov_39.8424 	1	45691 	45616 	Thr	TGT	0	0	67.30	58.49	8.81	
NODE_45_length_37304_cov_43.1058 	1	29281 	29356 	Thr	CGT	0	0	90.98	74.93	16.05	
NODE_50_length_19824_cov_41.9119 	1	17026 	16942 	Tyr	GTA	0	0	71.07	41.76	29.31	
NODE_50_length_19824_cov_41.9119 	2	16915 	16842 	Gly	TCC	0	0	82.75	60.87	21.88	
NODE_50_length_19824_cov_41.9119 	3	16822 	16747 	Thr	GGT	0	0	93.76	67.73	26.03	
NODE_50_length_19824_cov_41.9119 	4	15413 	15338 	Trp	CCA	0	0	86.73	63.05	23.68	
NODE_57_length_7447_cov_42.0268  	1	476   	404   	Leu	GAG	0	0	20.84	19.28	1.56	
NODE_62_length_5543_cov_176.476  	1	1954  	2030  	Ile	GAT	0	0	98.83	72.69	26.14	
NODE_62_length_5543_cov_176.476  	2	2059  	2134  	Ala	TGC	0	0	90.68	71.56	19.12	
NODE_109_length_666_cov_1.71243  	1	193   	118   	Ala	TGC	0	0	90.15	73.81	16.34	
