Sequence                         		tRNA  	Bounds	tRNA	Anti	Intron Bounds	Cove	HMM	2'Str	      
Name                             	tRNA #	Begin 	End   	Type	Codon	Begin	End	Score	Score	Score	Note
--------                         	------	----- 	------	----	-----	-----	----	------	-----	-----	------
NODE_1_length_693922_cov_34.0632 	1	481967	482041	Arg	CCT	0	0	69.71	45.21	24.50	
NODE_1_length_693922_cov_34.0632 	2	615117	615192	Val	TAC	0	0	94.49	73.68	20.81	
NODE_1_length_693922_cov_34.0632 	3	615209	615285	Asp	GTC	0	0	94.67	75.49	19.18	
NODE_1_length_693922_cov_34.0632 	4	1237  	1151  	Leu	CAA	0	0	69.99	38.33	31.66	
NODE_2_length_567545_cov_33.4152 	1	24937 	25026 	Ser	CGA	0	0	68.31	24.88	43.43	
NODE_3_length_541083_cov_33.0096 	1	173365	173454	Ser	GGA	0	0	71.75	34.38	37.37	
NODE_3_length_541083_cov_33.0096 	2	362150	362226	Pro	CGG	0	0	88.20	60.26	27.94	
NODE_3_length_541083_cov_33.0096 	3	498484	498559	Asn	GTT	0	0	91.73	62.08	29.65	
NODE_3_length_541083_cov_33.0096 	4	489685	489610	Ala	GGC	0	0	86.95	68.86	18.09	
NODE_3_length_541083_cov_33.0096 	5	489561	489486	Glu	TTC	0	0	66.40	38.20	28.20	
NODE_3_length_541083_cov_33.0096 	6	489392	489317	Ala	GGC	0	0	86.95	68.86	18.09	
NODE_3_length_541083_cov_33.0096 	7	489270	489195	Glu	TTC	0	0	66.40	38.20	28.20	
NODE_3_length_541083_cov_33.0096 	8	450281	450206	Val	TAC	0	0	94.49	73.68	20.81	
NODE_3_length_541083_cov_33.0096 	9	450189	450113	Asp	GTC	0	0	94.67	75.49	19.18	
NODE_3_length_541083_cov_33.0096 	10	449998	449922	Asp	GTC	0	0	94.67	75.49	19.18	
NODE_3_length_541083_cov_33.0096 	11	140869	140794	Glu	TTC	0	0	66.40	38.20	28.20	
NODE_3_length_541083_cov_33.0096 	12	140791	140716	Gly	GCC	0	0	93.74	68.41	25.33	
NODE_3_length_541083_cov_33.0096 	13	140631	140556	Gly	GCC	0	0	93.74	68.41	25.33	
NODE_3_length_541083_cov_33.0096 	14	38719 	38643 	Val	GAC	0	0	93.19	67.81	25.38	
NODE_3_length_541083_cov_33.0096 	15	4874  	4798  	Pro	GGG	0	0	74.89	48.01	26.88	
NODE_4_length_457892_cov_35.5199 	1	340911	341002	SeC	TCA	0	0	55.75	-18.51	74.26	
NODE_4_length_457892_cov_35.5199 	2	395017	395102	Leu	GAG	0	0	68.53	39.16	29.37	
NODE_4_length_457892_cov_35.5199 	3	395193	395269	Met	CAT	0	0	85.85	60.06	25.79	
NODE_4_length_457892_cov_35.5199 	4	184639	184553	Leu	CAG	0	0	73.96	38.54	35.42	
NODE_4_length_457892_cov_35.5199 	5	184423	184337	Leu	CAG	0	0	73.96	38.54	35.42	
NODE_5_length_406213_cov_36.0237 	1	329017	328941	Met	CAT	0	0	92.87	71.40	21.47	
NODE_6_length_371082_cov_32.235  	1	198956	198867	Ser	TGA	0	0	72.70	38.95	33.75	
NODE_6_length_371082_cov_32.235  	2	174575	174500	Gly	GCC	0	0	93.74	68.41	25.33	
NODE_6_length_371082_cov_32.235  	3	90910 	90837 	Cys	GCA	0	0	62.38	45.73	16.65	
NODE_6_length_371082_cov_32.235  	4	78285 	78199 	Leu	TAA	0	0	76.64	42.32	34.32	
NODE_8_length_305189_cov_33.8679 	1	36816 	36892 	Met	CAT	0	0	85.06	58.55	26.51	
NODE_8_length_305189_cov_33.8679 	2	142957	143029	Leu	GAG	0	0	20.84	19.28	1.56	
NODE_8_length_305189_cov_33.8679 	3	247418	247491	Gly	CCC	0	0	60.35	30.06	30.29	
NODE_8_length_305189_cov_33.8679 	4	53393 	53303 	Ser	GCT	0	0	76.69	47.10	29.59	
NODE_8_length_305189_cov_33.8679 	5	53185 	53109 	Arg	ACG	0	0	83.50	58.05	25.45	
NODE_8_length_305189_cov_33.8679 	6	52997 	52921 	Arg	ACG	0	0	83.50	58.05	25.45	
NODE_9_length_269491_cov_32.4229 	1	144694	144770	Arg	TCT	0	0	96.39	77.88	18.51	
NODE_9_length_269491_cov_32.4229 	2	144822	144897	His	GTG	0	0	83.51	64.18	19.33	
NODE_9_length_269491_cov_32.4229 	3	144952	145036	Leu	TAG	0	0	76.62	44.97	31.65	
NODE_9_length_269491_cov_32.4229 	4	145103	145178	His	GTG	0	0	83.51	64.18	19.33	
NODE_9_length_269491_cov_32.4229 	5	156456	156532	Asp	GTC	0	0	95.34	76.86	18.48	
NODE_11_length_236310_cov_33.972 	1	232768	232693	Thr	CGT	0	0	90.98	74.93	16.05	
NODE_13_length_207945_cov_35.8994	1	135414	135339	Phe	GAA	0	0	92.69	68.52	24.17	
NODE_13_length_207945_cov_35.8994	2	124009	123934	Thr	TGT	0	0	94.51	76.49	18.02	
NODE_21_length_105529_cov_35.2279	1	48235 	48308 	Arg	ACG	0	0	52.72	27.21	25.51	
NODE_21_length_105529_cov_35.2279	2	4327  	4252  	Asn	GTT	0	0	91.73	62.08	29.65	
NODE_21_length_105529_cov_35.2279	3	4242  	4166  	Pro	TGG	0	0	87.63	64.60	23.03	
NODE_21_length_105529_cov_35.2279	4	4155  	4080  	Lys	TTT	0	0	95.07	71.82	23.25	
NODE_23_length_65496_cov_36.7548 	1	64277 	64202 	Trp	CCA	0	0	86.73	63.05	23.68	
NODE_25_length_53702_cov_34.7688 	1	49027 	49101 	Gln	TTG	0	0	66.82	40.36	26.46	
NODE_25_length_53702_cov_34.7688 	2	52775 	52851 	Met	CAT	0	0	87.19	64.42	22.77	
NODE_26_length_48473_cov_36.5027 	1	34633 	34709 	Arg	CCG	0	0	87.81	66.55	21.26	
NODE_28_length_41787_cov_34.0402 	1	16025 	16100 	Lys	TTT	0	0	95.07	71.82	23.25	
NODE_36_length_5515_cov_139.981  	1	1935  	2011  	Ile	GAT	0	0	98.83	72.69	26.14	
NODE_36_length_5515_cov_139.981  	2	2040  	2115  	Ala	TGC	0	0	90.68	71.56	19.12	
NODE_40_length_3326_cov_32.4992  	1	521   	437   	Tyr	GTA	0	0	71.07	41.76	29.31	
NODE_40_length_3326_cov_32.4992  	2	410   	337   	Gly	TCC	0	0	82.75	60.87	21.88	
NODE_40_length_3326_cov_32.4992  	3	317   	242   	Thr	GGT	0	0	93.76	67.73	26.03	
