Sequence                          		tRNA   	Bounds 	tRNA	Anti	Intron Bounds	Cove	HMM	2'Str	      
Name                              	tRNA #	Begin  	End    	Type	Codon	Begin	End	Score	Score	Score	Note
--------                          	------	-----  	------ 	----	-----	-----	----	------	-----	-----	------
NODE_1_length_1009175_cov_42.6013 	1	60832  	60907  	Ala	GGC	0	0	86.95	68.86	18.09	
NODE_1_length_1009175_cov_42.6013 	2	60956  	61031  	Glu	TTC	0	0	66.40	38.20	28.20	
NODE_1_length_1009175_cov_42.6013 	3	61125  	61200  	Ala	GGC	0	0	86.95	68.86	18.09	
NODE_1_length_1009175_cov_42.6013 	4	61247  	61322  	Glu	TTC	0	0	66.40	38.20	28.20	
NODE_1_length_1009175_cov_42.6013 	5	100220 	100295 	Val	TAC	0	0	94.49	73.68	20.81	
NODE_1_length_1009175_cov_42.6013 	6	100312 	100388 	Asp	GTC	0	0	94.67	75.49	19.18	
NODE_1_length_1009175_cov_42.6013 	7	100503 	100579 	Asp	GTC	0	0	94.67	75.49	19.18	
NODE_1_length_1009175_cov_42.6013 	8	454164 	454239 	Glu	TTC	0	0	66.40	38.20	28.20	
NODE_1_length_1009175_cov_42.6013 	9	454242 	454317 	Gly	GCC	0	0	93.74	68.41	25.33	
NODE_1_length_1009175_cov_42.6013 	10	454402 	454477 	Gly	GCC	0	0	93.74	68.41	25.33	
NODE_1_length_1009175_cov_42.6013 	11	499434 	499510 	Val	GAC	0	0	93.19	67.81	25.38	
NODE_1_length_1009175_cov_42.6013 	12	533577 	533653 	Pro	GGG	0	0	74.89	48.01	26.88	
NODE_1_length_1009175_cov_42.6013 	13	818935 	819024 	Ser	TGA	0	0	72.70	38.95	33.75	
NODE_1_length_1009175_cov_42.6013 	14	843310 	843385 	Gly	GCC	0	0	93.74	68.41	25.33	
NODE_1_length_1009175_cov_42.6013 	15	847934 	848007 	Cys	GCA	0	0	62.38	45.73	16.65	
NODE_1_length_1009175_cov_42.6013 	16	911687 	911773 	Leu	TAA	0	0	76.64	42.32	34.32	
NODE_1_length_1009175_cov_42.6013 	17	421670 	421581 	Ser	GGA	0	0	71.75	34.38	37.37	
NODE_1_length_1009175_cov_42.6013 	18	232894 	232818 	Pro	CGG	0	0	88.20	60.26	27.94	
NODE_1_length_1009175_cov_42.6013 	19	52025  	51950  	Asn	GTT	0	0	91.73	62.08	29.65	
NODE_2_length_926068_cov_43.0915  	1	616034 	616110 	Met	CAT	0	0	85.06	58.55	26.51	
NODE_2_length_926068_cov_43.0915  	2	763888 	763960 	Leu	GAG	0	0	20.84	19.28	1.56	
NODE_2_length_926068_cov_43.0915  	3	867832 	867905 	Gly	CCC	0	0	60.35	30.06	30.29	
NODE_2_length_926068_cov_43.0915  	4	674224 	674134 	Ser	GCT	0	0	76.69	47.10	29.59	
NODE_2_length_926068_cov_43.0915  	5	674016 	673940 	Arg	ACG	0	0	83.50	58.05	25.45	
NODE_2_length_926068_cov_43.0915  	6	673828 	673752 	Arg	ACG	0	0	83.50	58.05	25.45	
NODE_2_length_926068_cov_43.0915  	7	563481 	563406 	Lys	TTT	0	0	95.07	71.82	23.25	
NODE_2_length_926068_cov_43.0915  	8	526988 	526899 	Ser	CGA	0	0	68.31	24.88	43.43	
NODE_3_length_663503_cov_44.4555  	1	546686 	546777 	SeC	TCA	0	0	55.75	-18.51	74.26	
NODE_3_length_663503_cov_44.4555  	2	600633 	600718 	Leu	GAG	0	0	68.53	39.16	29.37	
NODE_3_length_663503_cov_44.4555  	3	600809 	600885 	Met	CAT	0	0	85.85	60.06	25.79	
NODE_3_length_663503_cov_44.4555  	4	392806 	392720 	Leu	CAG	0	0	73.96	38.54	35.42	
NODE_3_length_663503_cov_44.4555  	5	392590 	392504 	Leu	CAG	0	0	73.96	38.54	35.42	
NODE_3_length_663503_cov_44.4555  	6	135852 	135777 	Phe	GAA	0	0	92.69	68.52	24.17	
NODE_3_length_663503_cov_44.4555  	7	124447 	124372 	Thr	TGT	0	0	93.66	75.64	18.02	
NODE_4_length_453556_cov_42.1433  	1	302623 	302699 	Arg	TCT	0	0	96.39	77.88	18.51	
NODE_4_length_453556_cov_42.1433  	2	302751 	302826 	His	GTG	0	0	83.51	64.18	19.33	
NODE_4_length_453556_cov_42.1433  	3	302881 	302965 	Leu	TAG	0	0	76.62	44.97	31.65	
NODE_4_length_453556_cov_42.1433  	4	331597 	331672 	Gly	TCC	0	0	78.15	51.73	26.42	
NODE_4_length_453556_cov_42.1433  	5	331685 	331759 	Asn	GTT	0	0	77.66	51.70	25.96	
NODE_4_length_453556_cov_42.1433  	6	331764 	331839 	Thr	TGT	0	0	74.27	61.42	12.85	
NODE_4_length_453556_cov_42.1433  	7	361230 	361305 	His	GTG	0	0	83.51	64.18	19.33	
NODE_4_length_453556_cov_42.1433  	8	372596 	372672 	Asp	GTC	0	0	95.34	76.86	18.48	
NODE_5_length_421049_cov_44.4186  	1	331422 	331346 	Met	CAT	0	0	92.87	71.40	21.47	
NODE_5_length_421049_cov_44.4186  	2	1283   	1207   	Arg	CCG	0	0	88.66	67.40	21.26	
NODE_6_length_408388_cov_43.5167  	1	28667  	28581  	Leu	CAA	0	0	69.99	38.33	31.66	
NODE_7_length_281446_cov_43.7409  	1	253887 	253812 	Thr	CGT	0	0	90.98	74.93	16.05	
NODE_10_length_214700_cov_43.0327 	1	124270 	124346 	Arg	CCT	0	0	83.71	58.51	25.20	
NODE_16_length_128536_cov_45.1062 	1	70074  	70147  	Arg	ACG	0	0	52.72	27.21	25.51	
NODE_16_length_128536_cov_45.1062 	2	26159  	26084  	Asn	GTT	0	0	91.73	62.08	29.65	
NODE_16_length_128536_cov_45.1062 	3	26074  	25998  	Pro	TGG	0	0	87.63	64.60	23.03	
NODE_16_length_128536_cov_45.1062 	4	25987  	25912  	Lys	TTT	0	0	95.07	71.82	23.25	
NODE_18_length_113864_cov_43.3236 	1	77865  	77790  	Val	TAC	0	0	94.49	73.68	20.81	
NODE_18_length_113864_cov_43.3236 	2	77773  	77697  	Asp	GTC	0	0	94.67	75.49	19.18	
NODE_21_length_86068_cov_44.3558  	1	48869  	48943  	Gln	TTG	0	0	66.82	40.36	26.46	
NODE_21_length_86068_cov_44.3558  	2	67578  	67654  	Met	CAT	0	0	87.19	64.42	22.77	
NODE_28_length_31597_cov_48.3107  	1	30726  	30651  	Trp	CCA	0	0	86.73	63.05	23.68	
NODE_39_length_5512_cov_180.209   	1	3578   	3502   	Ile	GAT	0	0	98.83	72.69	26.14	
NODE_39_length_5512_cov_180.209   	2	3473   	3398   	Ala	TGC	0	0	90.68	71.56	19.12	
NODE_41_length_3678_cov_44.1233   	1	869    	785    	Tyr	GTA	0	0	71.07	41.76	29.31	
NODE_41_length_3678_cov_44.1233   	2	758    	685    	Gly	TCC	0	0	82.75	60.87	21.88	
NODE_41_length_3678_cov_44.1233   	3	665    	590    	Thr	GGT	0	0	93.76	67.73	26.03	
