Sequence                         		tRNA  	Bounds	tRNA	Anti	Intron Bounds	Cove	HMM	2'Str	      
Name                             	tRNA #	Begin 	End   	Type	Codon	Begin	End	Score	Score	Score	Note
--------                         	------	----- 	------	----	-----	-----	----	------	-----	-----	------
NODE_1_length_821504_cov_59.8154 	1	619623	619699	Arg	CCT	0	0	83.71	58.51	25.20	
NODE_1_length_821504_cov_59.8154 	2	747456	747531	Val	TAC	0	0	94.49	73.68	20.81	
NODE_1_length_821504_cov_59.8154 	3	747548	747624	Asp	GTC	0	0	94.67	75.49	19.18	
NODE_1_length_821504_cov_59.8154 	4	120592	120506	Leu	CAA	0	0	69.99	38.33	31.66	
NODE_2_length_562364_cov_58.061  	1	236879	236968	Ser	GGA	0	0	71.75	34.38	37.37	
NODE_2_length_562364_cov_58.061  	2	425668	425744	Pro	CGG	0	0	88.20	60.26	27.94	
NODE_2_length_562364_cov_58.061  	3	554495	554570	Asn	GTT	0	0	91.73	62.08	29.65	
NODE_2_length_562364_cov_58.061  	4	545696	545621	Ala	GGC	0	0	86.95	68.86	18.09	
NODE_2_length_562364_cov_58.061  	5	545572	545497	Glu	TTC	0	0	66.40	38.20	28.20	
NODE_2_length_562364_cov_58.061  	6	545403	545328	Ala	GGC	0	0	86.95	68.86	18.09	
NODE_2_length_562364_cov_58.061  	7	545281	545206	Glu	TTC	0	0	66.40	38.20	28.20	
NODE_2_length_562364_cov_58.061  	8	506299	506224	Val	TAC	0	0	94.49	73.68	20.81	
NODE_2_length_562364_cov_58.061  	9	506207	506131	Asp	GTC	0	0	94.67	75.49	19.18	
NODE_2_length_562364_cov_58.061  	10	506016	505940	Asp	GTC	0	0	94.67	75.49	19.18	
NODE_2_length_562364_cov_58.061  	11	204415	204340	Glu	TTC	0	0	66.40	38.20	28.20	
NODE_2_length_562364_cov_58.061  	12	204337	204262	Gly	GCC	0	0	93.74	68.41	25.33	
NODE_2_length_562364_cov_58.061  	13	204177	204102	Gly	GCC	0	0	93.74	68.41	25.33	
NODE_2_length_562364_cov_58.061  	14	35226 	35150 	Val	GAC	0	0	93.19	67.81	25.38	
NODE_2_length_562364_cov_58.061  	15	1088  	1012  	Pro	GGG	0	0	74.89	48.01	26.88	
NODE_3_length_539143_cov_60.0815 	1	270601	270687	Leu	CAG	0	0	73.96	38.54	35.42	
NODE_3_length_539143_cov_60.0815 	2	270817	270903	Leu	CAG	0	0	73.96	38.54	35.42	
NODE_3_length_539143_cov_60.0815 	3	525626	525701	Phe	GAA	0	0	92.69	68.52	24.17	
NODE_3_length_539143_cov_60.0815 	4	117035	116944	SeC	TCA	0	0	55.75	-18.51	74.26	
NODE_3_length_539143_cov_60.0815 	5	62790 	62705 	Leu	GAG	0	0	68.53	39.16	29.37	
NODE_3_length_539143_cov_60.0815 	6	62614 	62538 	Met	CAT	0	0	85.85	60.06	25.79	
NODE_4_length_477848_cov_57.305  	1	124022	123946	Arg	TCT	0	0	96.39	77.88	18.51	
NODE_4_length_477848_cov_57.305  	2	123894	123819	His	GTG	0	0	83.51	64.18	19.33	
NODE_4_length_477848_cov_57.305  	3	123764	123680	Leu	TAG	0	0	76.62	44.97	31.65	
NODE_4_length_477848_cov_57.305  	4	123613	123538	His	GTG	0	0	83.51	64.18	19.33	
NODE_4_length_477848_cov_57.305  	5	112248	112172	Asp	GTC	0	0	95.34	76.86	18.48	
NODE_5_length_465019_cov_58.0654 	1	22232 	22321 	Ser	CGA	0	0	68.31	24.88	43.43	
NODE_6_length_390623_cov_59.0029 	1	102140	102215	Asn	GTT	0	0	91.73	62.08	29.65	
NODE_6_length_390623_cov_59.0029 	2	102225	102301	Pro	TGG	0	0	87.63	64.60	23.03	
NODE_6_length_390623_cov_59.0029 	3	102312	102387	Lys	TTT	0	0	95.07	71.82	23.25	
NODE_6_length_390623_cov_59.0029 	4	121532	121607	Thr	CGT	0	0	90.98	74.93	16.05	
NODE_6_length_390623_cov_59.0029 	5	58224 	58151 	Arg	ACG	0	0	52.72	27.21	25.51	
NODE_7_length_378490_cov_58.8022 	1	293589	293513	Met	CAT	0	0	92.87	71.40	21.47	
NODE_8_length_309781_cov_57.7364 	1	167210	167121	Ser	TGA	0	0	72.70	38.95	33.75	
NODE_8_length_309781_cov_57.7364 	2	142834	142759	Gly	GCC	0	0	93.74	68.41	25.33	
NODE_8_length_309781_cov_57.7364 	3	138212	138139	Cys	GCA	0	0	62.38	45.73	16.65	
NODE_8_length_309781_cov_57.7364 	4	125589	125503	Leu	TAA	0	0	76.64	42.32	34.32	
NODE_9_length_288490_cov_61.4594 	1	13327 	13402 	Thr	TGT	0	0	93.66	75.64	18.02	
NODE_14_length_195596_cov_59.2192	1	137667	137740	Gly	CCC	0	0	60.35	30.06	30.29	
NODE_15_length_171421_cov_59.9658	1	91268 	91358 	Ser	GCT	0	0	76.69	47.10	29.59	
NODE_15_length_171421_cov_59.9658	2	91476 	91552 	Arg	ACG	0	0	83.50	58.05	25.45	
NODE_15_length_171421_cov_59.9658	3	91664 	91740 	Arg	ACG	0	0	83.50	58.05	25.45	
NODE_15_length_171421_cov_59.9658	4	160361	160436	Lys	TTT	0	0	95.07	71.82	23.25	
NODE_15_length_171421_cov_59.9658	5	107812	107736	Met	CAT	0	0	85.06	58.55	26.51	
NODE_15_length_171421_cov_59.9658	6	1609  	1537  	Leu	GAG	0	0	20.84	19.28	1.56	
NODE_21_length_71349_cov_57.6911 	1	22240 	22166 	Gln	TTG	0	0	66.82	40.36	26.46	
NODE_21_length_71349_cov_57.6911 	2	18491 	18415 	Met	CAT	0	0	87.19	64.42	22.77	
NODE_23_length_65469_cov_59.3789 	1	64250 	64175 	Trp	CCA	0	0	86.73	63.05	23.68	
NODE_30_length_35917_cov_59.8945 	1	1283  	1207  	Arg	CCG	0	0	87.81	66.55	21.26	
NODE_36_length_5611_cov_271.091  	1	2024  	2100  	Ile	GAT	0	0	98.83	72.69	26.14	
NODE_36_length_5611_cov_271.091  	2	2129  	2204  	Ala	TGC	0	0	90.68	71.56	19.12	
NODE_40_length_3321_cov_60.3644  	1	521   	437   	Tyr	GTA	0	0	71.07	41.76	29.31	
NODE_40_length_3321_cov_60.3644  	2	410   	337   	Gly	TCC	0	0	82.75	60.87	21.88	
NODE_40_length_3321_cov_60.3644  	3	317   	242   	Thr	GGT	0	0	93.76	67.73	26.03	
