Sequence                         		tRNA  	Bounds	tRNA	Anti	Intron Bounds	Cove	HMM	2'Str	      
Name                             	tRNA #	Begin 	End   	Type	Codon	Begin	End	Score	Score	Score	Note
--------                         	------	----- 	------	----	-----	-----	----	------	-----	-----	------
NODE_1_length_739484_cov_47.3145 	1	322406	322320	Leu	CAA	0	0	69.99	38.33	31.66	
NODE_2_length_458629_cov_49.0547 	1	341612	341703	SeC	TCA	0	0	55.75	-18.51	74.26	
NODE_2_length_458629_cov_49.0547 	2	395651	395736	Leu	GAG	0	0	68.53	39.16	29.37	
NODE_2_length_458629_cov_49.0547 	3	395827	395903	Met	CAT	0	0	85.85	60.06	25.79	
NODE_2_length_458629_cov_49.0547 	4	185331	185245	Leu	CAG	0	0	73.96	38.54	35.42	
NODE_2_length_458629_cov_49.0547 	5	185115	185029	Leu	CAG	0	0	73.96	38.54	35.42	
NODE_3_length_447383_cov_46.9152 	1	9563  	9638  	Ala	GGC	0	0	86.95	68.86	18.09	
NODE_3_length_447383_cov_46.9152 	2	9687  	9762  	Glu	TTC	0	0	66.40	38.20	28.20	
NODE_3_length_447383_cov_46.9152 	3	9856  	9931  	Ala	GGC	0	0	86.95	68.86	18.09	
NODE_3_length_447383_cov_46.9152 	4	9978  	10053 	Glu	TTC	0	0	66.40	38.20	28.20	
NODE_3_length_447383_cov_46.9152 	5	48955 	49030 	Val	TAC	0	0	94.49	73.68	20.81	
NODE_3_length_447383_cov_46.9152 	6	49047 	49123 	Asp	GTC	0	0	94.67	75.49	19.18	
NODE_3_length_447383_cov_46.9152 	7	49238 	49314 	Asp	GTC	0	0	94.67	75.49	19.18	
NODE_3_length_447383_cov_46.9152 	8	351935	352010	Glu	TTC	0	0	66.40	38.20	28.20	
NODE_3_length_447383_cov_46.9152 	9	352013	352088	Gly	GCC	0	0	93.74	68.41	25.33	
NODE_3_length_447383_cov_46.9152 	10	352173	352248	Gly	GCC	0	0	93.74	68.41	25.33	
NODE_3_length_447383_cov_46.9152 	11	398605	398681	Val	GAC	0	0	93.19	67.81	25.38	
NODE_3_length_447383_cov_46.9152 	12	319440	319351	Ser	GGA	0	0	71.75	34.38	37.37	
NODE_3_length_447383_cov_46.9152 	13	130647	130571	Pro	CGG	0	0	88.20	60.26	27.94	
NODE_3_length_447383_cov_46.9152 	14	764   	689   	Asn	GTT	0	0	91.73	62.08	29.65	
NODE_4_length_381673_cov_45.9063 	1	291291	291202	Ser	TGA	0	0	72.70	38.95	33.75	
NODE_4_length_381673_cov_45.9063 	2	266911	266836	Gly	GCC	0	0	93.74	68.41	25.33	
NODE_4_length_381673_cov_45.9063 	3	138801	138728	Cys	GCA	0	0	62.38	45.73	16.65	
NODE_4_length_381673_cov_45.9063 	4	126176	126090	Leu	TAA	0	0	76.64	42.32	34.32	
NODE_5_length_378010_cov_49.0941 	1	300345	300269	Met	CAT	0	0	94.25	81.17	13.08	
NODE_9_length_206734_cov_48.5773 	1	154210	154121	Ser	CGA	0	0	68.31	24.88	43.43	
NODE_10_length_203677_cov_47.1336	1	59140 	59064 	Arg	TCT	0	0	96.39	77.88	18.51	
NODE_10_length_203677_cov_47.1336	2	59012 	58937 	His	GTG	0	0	83.51	64.18	19.33	
NODE_10_length_203677_cov_47.1336	3	56447 	56364 	Leu	TAG	0	0	70.50	40.25	30.25	
NODE_10_length_203677_cov_47.1336	4	24491 	24416 	Thr	TGT	0	0	74.27	61.42	12.85	
NODE_11_length_200814_cov_48.0369	1	141666	141739	Gly	CCC	0	0	60.35	30.06	30.29	
NODE_15_length_162795_cov_47.8749	1	55730 	55806 	Met	CAT	0	0	85.06	58.55	26.51	
NODE_15_length_162795_cov_47.8749	2	161994	162066	Leu	GAG	0	0	20.84	19.28	1.56	
NODE_15_length_162795_cov_47.8749	3	72312 	72222 	Ser	GCT	0	0	76.69	47.10	29.59	
NODE_15_length_162795_cov_47.8749	4	72104 	72028 	Arg	ACG	0	0	83.50	58.05	25.45	
NODE_15_length_162795_cov_47.8749	5	71916 	71840 	Arg	ACG	0	0	83.50	58.05	25.45	
NODE_15_length_162795_cov_47.8749	6	3147  	3072  	Lys	TTT	0	0	95.07	71.82	23.25	
NODE_17_length_149968_cov_47.9097	1	147579	147504	His	GTG	0	0	83.51	64.18	19.33	
NODE_17_length_149968_cov_47.9097	2	136226	136150	Asp	GTC	0	0	95.34	76.86	18.48	
NODE_18_length_136161_cov_48.5134	1	100202	100127	Val	TAC	0	0	94.49	73.68	20.81	
NODE_18_length_136161_cov_48.5134	2	100110	100034	Asp	GTC	0	0	94.67	75.49	19.18	
NODE_20_length_122086_cov_46.3184	1	2301  	2225  	Arg	CCT	0	0	83.71	58.51	25.20	
NODE_25_length_98424_cov_49.0821 	1	50291 	50365 	Gln	TTG	0	0	66.82	40.36	26.46	
NODE_25_length_98424_cov_49.0821 	2	79940 	80016 	Met	CAT	0	0	87.19	64.42	22.77	
NODE_30_length_76984_cov_49.0343 	1	36686 	36611 	Asn	GTT	0	0	91.73	62.08	29.65	
NODE_30_length_76984_cov_49.0343 	2	36601 	36525 	Pro	TGG	0	0	87.63	64.60	23.03	
NODE_30_length_76984_cov_49.0343 	3	36514 	36439 	Lys	TTT	0	0	95.07	71.82	23.25	
NODE_30_length_76984_cov_49.0343 	4	18455 	18380 	Thr	CGT	0	0	90.98	74.93	16.05	
NODE_31_length_76775_cov_49.7219 	1	4899  	4824  	Phe	GAA	0	0	92.69	68.52	24.17	
NODE_33_length_62305_cov_48.6862 	1	3868  	3941  	Arg	ACG	0	0	52.72	27.21	25.51	
NODE_34_length_58506_cov_51.2248 	1	22587 	22662 	Thr	TGT	0	0	93.66	75.64	18.02	
NODE_36_length_50621_cov_50.3858 	1	35733 	35809 	Pro	GGG	0	0	74.89	48.01	26.88	
NODE_41_length_35831_cov_50.4584 	1	34644 	34720 	Arg	CCG	0	0	87.81	66.55	21.26	
NODE_44_length_32051_cov_54.4254 	1	1220  	1295  	Trp	CCA	0	0	86.73	63.05	23.68	
NODE_55_length_5405_cov_222.995  	1	1829  	1905  	Ile	GAT	0	0	98.83	72.69	26.14	
NODE_55_length_5405_cov_222.995  	2	1934  	2009  	Ala	TGC	0	0	90.68	71.56	19.12	
NODE_57_length_3329_cov_48.7986  	1	2809  	2893  	Tyr	GTA	0	0	71.07	41.76	29.31	
NODE_57_length_3329_cov_48.7986  	2	2920  	2993  	Gly	TCC	0	0	82.75	60.87	21.88	
NODE_57_length_3329_cov_48.7986  	3	3013  	3088  	Thr	GGT	0	0	93.76	67.73	26.03	
