Sequence                         		tRNA  	Bounds	tRNA	Anti	Intron Bounds	Cove	HMM	2'Str	      
Name                             	tRNA #	Begin 	End   	Type	Codon	Begin	End	Score	Score	Score	Note
--------                         	------	----- 	------	----	-----	-----	----	------	-----	-----	------
NODE_1_length_917344_cov_47.2251 	1	716027	716103	Arg	CCT	0	0	83.71	58.51	25.20	
NODE_1_length_917344_cov_47.2251 	2	843472	843547	Val	TAC	0	0	94.49	73.68	20.81	
NODE_1_length_917344_cov_47.2251 	3	843564	843640	Asp	GTC	0	0	94.67	75.49	19.18	
NODE_1_length_917344_cov_47.2251 	4	218139	218053	Leu	CAA	0	0	69.99	38.33	31.66	
NODE_2_length_765627_cov_47.4524 	1	55891 	55966 	Ala	GGC	0	0	86.95	68.86	18.09	
NODE_2_length_765627_cov_47.4524 	2	56015 	56090 	Glu	TTC	0	0	66.40	38.20	28.20	
NODE_2_length_765627_cov_47.4524 	3	56184 	56259 	Ala	GGC	0	0	86.95	68.86	18.09	
NODE_2_length_765627_cov_47.4524 	4	56306 	56381 	Glu	TTC	0	0	66.40	38.20	28.20	
NODE_2_length_765627_cov_47.4524 	5	95282 	95357 	Val	TAC	0	0	94.49	73.68	20.81	
NODE_2_length_765627_cov_47.4524 	6	95374 	95450 	Asp	GTC	0	0	94.67	75.49	19.18	
NODE_2_length_765627_cov_47.4524 	7	95565 	95641 	Asp	GTC	0	0	94.67	75.49	19.18	
NODE_2_length_765627_cov_47.4524 	8	395075	395150	Glu	TTC	0	0	66.40	38.20	28.20	
NODE_2_length_765627_cov_47.4524 	9	395153	395228	Gly	GCC	0	0	93.74	68.41	25.33	
NODE_2_length_765627_cov_47.4524 	10	395313	395388	Gly	GCC	0	0	93.74	68.41	25.33	
NODE_2_length_765627_cov_47.4524 	11	442558	442634	Val	GAC	0	0	93.19	67.81	25.38	
NODE_2_length_765627_cov_47.4524 	12	475627	475703	Pro	GGG	0	0	74.89	48.01	26.88	
NODE_2_length_765627_cov_47.4524 	13	623963	624052	Ser	TGA	0	0	72.70	38.95	33.75	
NODE_2_length_765627_cov_47.4524 	14	648339	648414	Gly	GCC	0	0	93.74	68.41	25.33	
NODE_2_length_765627_cov_47.4524 	15	652962	653035	Cys	GCA	0	0	62.38	45.73	16.65	
NODE_2_length_765627_cov_47.4524 	16	665586	665672	Leu	TAA	0	0	76.64	42.32	34.32	
NODE_2_length_765627_cov_47.4524 	17	362578	362489	Ser	GGA	0	0	71.75	34.38	37.37	
NODE_2_length_765627_cov_47.4524 	18	173793	173717	Pro	CGG	0	0	88.20	60.26	27.94	
NODE_2_length_765627_cov_47.4524 	19	47097 	47022 	Asn	GTT	0	0	91.73	62.08	29.65	
NODE_3_length_436063_cov_48.7549 	1	322585	322661	Met	CAT	0	0	85.06	58.55	26.51	
NODE_3_length_436063_cov_48.7549 	2	428807	428879	Leu	GAG	0	0	20.84	19.28	1.56	
NODE_3_length_436063_cov_48.7549 	3	339129	339039	Ser	GCT	0	0	76.69	47.10	29.59	
NODE_3_length_436063_cov_48.7549 	4	338921	338845	Arg	ACG	0	0	83.50	58.05	25.45	
NODE_3_length_436063_cov_48.7549 	5	338733	338657	Arg	ACG	0	0	83.50	58.05	25.45	
NODE_3_length_436063_cov_48.7549 	6	272179	272104	Lys	TTT	0	0	95.07	71.82	23.25	
NODE_3_length_436063_cov_48.7549 	7	155831	155742	Ser	CGA	0	0	68.31	24.88	43.43	
NODE_4_length_432046_cov_48.2059 	1	176314	176389	Asn	GTT	0	0	91.73	62.08	29.65	
NODE_4_length_432046_cov_48.2059 	2	176399	176475	Pro	TGG	0	0	87.63	64.60	23.03	
NODE_4_length_432046_cov_48.2059 	3	176486	176561	Lys	TTT	0	0	95.07	71.82	23.25	
NODE_4_length_432046_cov_48.2059 	4	195814	195889	Thr	CGT	0	0	90.98	74.93	16.05	
NODE_4_length_432046_cov_48.2059 	5	132400	132327	Arg	ACG	0	0	49.20	28.97	20.23	
NODE_4_length_432046_cov_48.2059 	6	25920 	25846 	Gln	TTG	0	0	66.82	40.36	26.46	
NODE_4_length_432046_cov_48.2059 	7	22171 	22095 	Met	CAT	0	0	87.19	64.42	22.77	
NODE_5_length_396124_cov_46.8956 	1	92575 	92499 	Arg	TCT	0	0	96.39	77.88	18.51	
NODE_5_length_396124_cov_46.8956 	2	92447 	92372 	His	GTG	0	0	83.51	64.18	19.33	
NODE_5_length_396124_cov_46.8956 	3	92317 	92233 	Leu	TAG	0	0	76.62	44.97	31.65	
NODE_5_length_396124_cov_46.8956 	4	92166 	92091 	His	GTG	0	0	83.51	64.18	19.33	
NODE_5_length_396124_cov_46.8956 	5	80813 	80737 	Asp	GTC	0	0	88.22	72.90	15.32	
NODE_6_length_331590_cov_49.588  	1	184715	184629	Leu	CAG	0	0	73.96	38.54	35.42	
NODE_6_length_331590_cov_49.588  	2	184499	184413	Leu	CAG	0	0	73.96	38.54	35.42	
NODE_12_length_173672_cov_47.1422	1	105258	105331	Gly	CCC	0	0	60.35	30.06	30.29	
NODE_17_length_124883_cov_49.9332	1	52487 	52412 	Phe	GAA	0	0	92.69	68.52	24.17	
NODE_17_length_124883_cov_49.9332	2	41077 	41002 	Thr	TGT	0	0	93.66	75.64	18.02	
NODE_19_length_124284_cov_49.3401	1	7368  	7459  	SeC	TCA	0	0	55.75	-18.51	74.26	
NODE_19_length_124284_cov_49.3401	2	61429 	61514 	Leu	GAG	0	0	68.53	39.16	29.37	
NODE_19_length_124284_cov_49.3401	3	61605 	61681 	Met	CAT	0	0	85.85	60.06	25.79	
NODE_20_length_88317_cov_48.7104 	1	9080  	9004  	Met	CAT	0	0	92.87	71.40	21.47	
NODE_24_length_65604_cov_49.8048 	1	64385 	64310 	Trp	CCA	0	0	86.73	63.05	23.68	
NODE_29_length_36190_cov_50.1308 	1	34640 	34716 	Arg	CCG	0	0	87.81	66.55	21.26	
NODE_36_length_5541_cov_210.838  	1	1954  	2030  	Ile	GAT	0	0	98.83	72.69	26.14	
NODE_36_length_5541_cov_210.838  	2	2059  	2134  	Ala	TGC	0	0	90.68	71.56	19.12	
NODE_41_length_3319_cov_50.0952  	1	521   	437   	Tyr	GTA	0	0	71.07	41.76	29.31	
NODE_41_length_3319_cov_50.0952  	2	410   	337   	Gly	TCC	0	0	82.75	60.87	21.88	
NODE_41_length_3319_cov_50.0952  	3	317   	242   	Thr	GGT	0	0	93.76	67.73	26.03	
