Sequence                         		tRNA  	Bounds	tRNA	Anti	Intron Bounds	Cove	HMM	2'Str	      
Name                             	tRNA #	Begin 	End   	Type	Codon	Begin	End	Score	Score	Score	Note
--------                         	------	----- 	------	----	-----	-----	----	------	-----	-----	------
NODE_1_length_829304_cov_25.6074 	1	464596	464685	Ser	GGA	0	0	71.75	34.38	37.37	
NODE_1_length_829304_cov_25.6074 	2	653373	653449	Pro	CGG	0	0	88.20	60.26	27.94	
NODE_1_length_829304_cov_25.6074 	3	782209	782284	Asn	GTT	0	0	91.73	62.08	29.65	
NODE_1_length_829304_cov_25.6074 	4	773410	773335	Ala	GGC	0	0	86.95	68.86	18.09	
NODE_1_length_829304_cov_25.6074 	5	773286	773211	Glu	TTC	0	0	66.40	38.20	28.20	
NODE_1_length_829304_cov_25.6074 	6	773117	773042	Ala	GGC	0	0	86.95	68.86	18.09	
NODE_1_length_829304_cov_25.6074 	7	772995	772920	Glu	TTC	0	0	66.40	38.20	28.20	
NODE_1_length_829304_cov_25.6074 	8	733998	733923	Val	TAC	0	0	94.49	73.68	20.81	
NODE_1_length_829304_cov_25.6074 	9	733906	733830	Asp	GTC	0	0	94.67	75.49	19.18	
NODE_1_length_829304_cov_25.6074 	10	733715	733639	Asp	GTC	0	0	94.67	75.49	19.18	
NODE_1_length_829304_cov_25.6074 	11	432082	432007	Glu	TTC	0	0	66.40	38.20	28.20	
NODE_1_length_829304_cov_25.6074 	12	432004	431929	Gly	GCC	0	0	93.74	68.41	25.33	
NODE_1_length_829304_cov_25.6074 	13	431844	431769	Gly	GCC	0	0	93.74	68.41	25.33	
NODE_1_length_829304_cov_25.6074 	14	385452	385376	Val	GAC	0	0	93.19	67.81	25.38	
NODE_1_length_829304_cov_25.6074 	15	351311	351235	Pro	GGG	0	0	74.89	48.01	26.88	
NODE_1_length_829304_cov_25.6074 	16	165198	165109	Ser	TGA	0	0	72.70	38.95	33.75	
NODE_1_length_829304_cov_25.6074 	17	140821	140746	Gly	GCC	0	0	93.74	68.41	25.33	
NODE_1_length_829304_cov_25.6074 	18	20999 	20926 	Cys	GCA	0	0	62.38	45.73	16.65	
NODE_2_length_767825_cov_26.9856 	1	94719 	94643 	Arg	TCT	0	0	96.39	77.88	18.51	
NODE_2_length_767825_cov_26.9856 	2	94591 	94516 	His	GTG	0	0	83.51	64.18	19.33	
NODE_2_length_767825_cov_26.9856 	3	94461 	94377 	Leu	TAG	0	0	76.62	44.97	31.65	
NODE_2_length_767825_cov_26.9856 	4	94310 	94235 	His	GTG	0	0	83.51	64.18	19.33	
NODE_2_length_767825_cov_26.9856 	5	82951 	82875 	Asp	GTC	0	0	95.34	76.86	18.48	
NODE_3_length_692916_cov_23.0032 	1	185783	185869	Leu	CAG	0	0	73.96	38.54	35.42	
NODE_3_length_692916_cov_23.0032 	2	185999	186085	Leu	CAG	0	0	73.96	38.54	35.42	
NODE_3_length_692916_cov_23.0032 	3	442658	442733	Phe	GAA	0	0	92.69	68.52	24.17	
NODE_3_length_692916_cov_23.0032 	4	454063	454138	Thr	TGT	0	0	93.66	75.64	18.02	
NODE_3_length_692916_cov_23.0032 	5	32111 	32020 	SeC	TCA	0	0	55.75	-18.51	74.26	
NODE_4_length_551138_cov_23.7212 	1	340269	340355	Leu	CAA	0	0	69.99	38.33	31.66	
NODE_6_length_430744_cov_24.6818 	1	355097	355187	Ser	GCT	0	0	76.69	47.10	29.59	
NODE_6_length_430744_cov_24.6818 	2	355305	355381	Arg	ACG	0	0	83.50	58.05	25.45	
NODE_6_length_430744_cov_24.6818 	3	355493	355569	Arg	ACG	0	0	83.50	58.05	25.45	
NODE_6_length_430744_cov_24.6818 	4	424194	424269	Lys	TTT	0	0	95.07	71.82	23.25	
NODE_6_length_430744_cov_24.6818 	5	371643	371567	Met	CAT	0	0	85.06	58.55	26.51	
NODE_6_length_430744_cov_24.6818 	6	265416	265344	Leu	GAG	0	0	20.84	19.28	1.56	
NODE_6_length_430744_cov_24.6818 	7	154105	154032	Gly	CCC	0	0	60.35	30.06	30.29	
NODE_7_length_377737_cov_23.7101 	1	298372	298296	Met	CAT	0	0	92.87	71.40	21.47	
NODE_8_length_366506_cov_25.22   	1	79023 	79108 	Lys	TTT	0	0	22.00	12.28	9.72	
NODE_8_length_366506_cov_25.22   	2	96954 	97029 	Thr	CGT	0	0	90.98	74.93	16.05	
NODE_9_length_242235_cov_27.0712 	1	207250	207161	Ser	CGA	0	0	68.31	24.88	43.43	
NODE_10_length_209312_cov_23.3872	1	2890  	2814  	Arg	CCT	0	0	83.71	58.51	25.20	
NODE_11_length_205046_cov_24.0542	1	131173	131248	Val	TAC	0	0	94.49	73.68	20.81	
NODE_11_length_205046_cov_24.0542	2	131265	131341	Asp	GTC	0	0	94.67	75.49	19.18	
NODE_15_length_122542_cov_25.405 	1	100361	100436	Asn	GTT	0	0	91.73	62.08	29.65	
NODE_15_length_122542_cov_25.405 	2	100446	100522	Pro	TGG	0	0	87.63	64.60	23.03	
NODE_15_length_122542_cov_25.405 	3	100533	100608	Lys	TTT	0	0	95.07	71.82	23.25	
NODE_15_length_122542_cov_25.405 	4	56445 	56372 	Arg	ACG	0	0	52.72	27.21	25.51	
NODE_18_length_95039_cov_22.9176 	1	32063 	32148 	Leu	GAG	0	0	68.53	39.16	29.37	
NODE_18_length_95039_cov_22.9176 	2	32239 	32315 	Met	CAT	0	0	85.85	60.06	25.79	
NODE_19_length_91688_cov_29.0463 	1	56951 	56875 	Arg	CCG	0	0	90.57	71.58	18.99	
NODE_22_length_65478_cov_24.4432 	1	64259 	64184 	Trp	CCA	0	0	86.73	63.05	23.68	
NODE_23_length_60934_cov_23.0194 	1	11118 	11044 	Gln	TTG	0	0	66.82	40.36	26.46	
NODE_23_length_60934_cov_23.0194 	2	7369  	7293  	Met	CAT	0	0	87.19	64.42	22.77	
NODE_37_length_5317_cov_107.01   	1	3489  	3413  	Ile	GAT	0	0	98.83	72.69	26.14	
NODE_37_length_5317_cov_107.01   	2	3384  	3309  	Ala	TGC	0	0	90.68	71.56	19.12	
NODE_40_length_3418_cov_26.5564  	1	521   	437   	Tyr	GTA	0	0	71.07	41.76	29.31	
NODE_40_length_3418_cov_26.5564  	2	410   	337   	Gly	TCC	0	0	82.75	60.87	21.88	
NODE_40_length_3418_cov_26.5564  	3	317   	242   	Thr	GGT	0	0	93.76	67.73	26.03	
