Sequence                        		tRNA  	Bounds	tRNA	Anti	Intron Bounds	Cove	HMM	2'Str	      
Name                            	tRNA #	Begin 	End   	Type	Codon	Begin	End	Score	Score	Score	Note
--------                        	------	----- 	------	----	-----	-----	----	------	-----	-----	------
NODE_1_length_578241_cov_21.729 	1	214743	214657	Leu	CAA	0	0	69.99	38.33	31.66	
NODE_2_length_458564_cov_21.3458	1	341612	341703	SeC	TCA	0	0	55.75	-18.51	74.26	
NODE_2_length_458564_cov_21.3458	2	395651	395736	Leu	GAG	0	0	68.53	39.16	29.37	
NODE_2_length_458564_cov_21.3458	3	395827	395903	Met	CAT	0	0	81.94	61.74	20.20	
NODE_2_length_458564_cov_21.3458	4	185331	185245	Leu	CAG	0	0	73.96	38.54	35.42	
NODE_2_length_458564_cov_21.3458	5	185115	185029	Leu	CAG	0	0	73.96	38.54	35.42	
NODE_3_length_451581_cov_21.4874	1	51399 	51474 	Ala	GGC	0	0	86.95	68.86	18.09	
NODE_3_length_451581_cov_21.4874	2	51523 	51598 	Glu	TTC	0	0	66.40	38.20	28.20	
NODE_3_length_451581_cov_21.4874	3	51692 	51767 	Ala	GGC	0	0	86.95	68.86	18.09	
NODE_3_length_451581_cov_21.4874	4	51814 	51889 	Glu	TTC	0	0	66.40	38.20	28.20	
NODE_3_length_451581_cov_21.4874	5	90791 	90866 	Val	TAC	0	0	94.49	73.68	20.81	
NODE_3_length_451581_cov_21.4874	6	90883 	90959 	Asp	GTC	0	0	94.67	75.49	19.18	
NODE_3_length_451581_cov_21.4874	7	91074 	91150 	Asp	GTC	0	0	94.67	75.49	19.18	
NODE_3_length_451581_cov_21.4874	8	393771	393846	Glu	TTC	0	0	66.40	38.20	28.20	
NODE_3_length_451581_cov_21.4874	9	393849	393924	Gly	GCC	0	0	93.74	68.41	25.33	
NODE_3_length_451581_cov_21.4874	10	394009	394084	Gly	GCC	0	0	93.74	68.41	25.33	
NODE_3_length_451581_cov_21.4874	11	361276	361187	Ser	GGA	0	0	71.75	34.38	37.37	
NODE_3_length_451581_cov_21.4874	12	172483	172407	Pro	CGG	0	0	88.20	60.26	27.94	
NODE_3_length_451581_cov_21.4874	13	42600 	42525 	Asn	GTT	0	0	91.73	62.08	29.65	
NODE_4_length_369442_cov_21.9424	1	292001	291925	Met	CAT	0	0	92.87	71.40	21.47	
NODE_5_length_342906_cov_22.3054	1	75436 	75512 	Met	CAT	0	0	85.06	58.55	26.51	
NODE_5_length_342906_cov_22.3054	2	181700	181772	Leu	GAG	0	0	20.84	19.28	1.56	
NODE_5_length_342906_cov_22.3054	3	285126	285199	Gly	CCC	0	0	60.35	30.06	30.29	
NODE_5_length_342906_cov_22.3054	4	92018 	91928 	Ser	GCT	0	0	76.69	47.10	29.59	
NODE_5_length_342906_cov_22.3054	5	91810 	91734 	Arg	ACG	0	0	83.50	58.05	25.45	
NODE_5_length_342906_cov_22.3054	6	91622 	91546 	Arg	ACG	0	0	83.50	58.05	25.45	
NODE_5_length_342906_cov_22.3054	7	22858 	22783 	Lys	TTT	0	0	95.07	71.82	23.25	
NODE_8_length_295467_cov_22.0405	1	47154 	47239 	Lys	TTT	0	0	22.00	12.28	9.72	
NODE_8_length_295467_cov_22.0405	2	65223 	65298 	Thr	CGT	0	0	90.98	74.93	16.05	
NODE_9_length_257249_cov_22.1472	1	66137 	66210 	Arg	ACG	0	0	52.72	27.21	25.51	
NODE_9_length_257249_cov_22.1472	2	207960	208034	Gln	TTG	0	0	66.82	40.36	26.46	
NODE_9_length_257249_cov_22.1472	3	235078	235154	Met	CAT	0	0	87.19	64.42	22.77	
NODE_9_length_257249_cov_22.1472	4	22221 	22146 	Asn	GTT	0	0	91.73	62.08	29.65	
NODE_9_length_257249_cov_22.1472	5	22136 	22060 	Pro	TGG	0	0	87.63	64.60	23.03	
NODE_9_length_257249_cov_22.1472	6	22049 	21974 	Lys	TTT	0	0	95.07	71.82	23.25	
NODE_10_length_231746_cov_22.933	1	138229	138156	Cys	GCA	0	0	62.38	45.73	16.65	
NODE_10_length_231746_cov_22.933	2	125604	125518	Leu	TAA	0	0	76.64	42.32	34.32	
NODE_12_length_212628_cov_22.0571	1	144508	144584	Arg	TCT	0	0	96.39	77.88	18.51	
NODE_12_length_212628_cov_22.0571	2	144636	144711	His	GTG	0	0	83.51	64.18	19.33	
NODE_12_length_212628_cov_22.0571	3	144766	144850	Leu	TAG	0	0	76.62	44.97	31.65	
NODE_12_length_212628_cov_22.0571	4	144917	144992	His	GTG	0	0	83.51	64.18	19.33	
NODE_12_length_212628_cov_22.0571	5	156270	156346	Asp	GTC	0	0	95.34	76.86	18.48	
NODE_13_length_210831_cov_29.6029	1	154210	154121	Ser	CGA	0	0	68.31	24.88	43.43	
NODE_15_length_187341_cov_22.203	1	153998	154087	Ser	TGA	0	0	72.70	38.95	33.75	
NODE_15_length_187341_cov_22.203	2	178378	178453	Gly	GCC	0	0	93.74	68.41	25.33	
NODE_16_length_157424_cov_23.0321	1	108641	108717	Val	GAC	0	0	93.19	67.81	25.38	
NODE_16_length_157424_cov_23.0321	2	142497	142573	Pro	GGG	0	0	74.89	48.01	26.88	
NODE_20_length_121011_cov_21.4035	1	119211	119287	Arg	CCT	0	0	83.71	58.51	25.20	
NODE_22_length_114669_cov_22.0708	1	78711 	78636 	Val	TAC	0	0	94.49	73.68	20.81	
NODE_22_length_114669_cov_22.0708	2	78619 	78543 	Asp	GTC	0	0	94.67	75.49	19.18	
NODE_28_length_76775_cov_22.0592	1	4899  	4824  	Phe	GAA	0	0	92.69	68.52	24.17	
NODE_31_length_58141_cov_22.1387	1	35961 	35886 	Thr	TGT	0	0	93.66	75.64	18.02	
NODE_37_length_35651_cov_23.2381	1	1188  	1112  	Arg	CCG	0	0	87.81	66.55	21.26	
NODE_39_length_31934_cov_24.3905	1	30715 	30640 	Trp	CCA	0	0	86.73	63.05	23.68	
NODE_54_length_5470_cov_91.572  	1	1894  	1970  	Ile	GAT	0	0	98.83	72.69	26.14	
NODE_54_length_5470_cov_91.572  	2	1999  	2074  	Ala	TGC	0	0	90.68	71.56	19.12	
NODE_61_length_3329_cov_21.9232 	1	521   	437   	Tyr	GTA	0	0	71.07	41.76	29.31	
NODE_61_length_3329_cov_21.9232 	2	410   	337   	Gly	TCC	0	0	82.75	60.87	21.88	
NODE_61_length_3329_cov_21.9232 	3	317   	242   	Thr	GGT	0	0	93.76	67.73	26.03	
