Sequence                         		tRNA  	Bounds	tRNA	Anti	Intron Bounds	Cove	HMM	2'Str	      
Name                             	tRNA #	Begin 	End   	Type	Codon	Begin	End	Score	Score	Score	Note
--------                         	------	----- 	------	----	-----	-----	----	------	-----	-----	------
NODE_1_length_838137_cov_35.9834 	1	55165 	55240 	Ala	GGC	0	0	86.95	68.86	18.09	
NODE_1_length_838137_cov_35.9834 	2	55289 	55364 	Glu	TTC	0	0	66.40	38.20	28.20	
NODE_1_length_838137_cov_35.9834 	3	55458 	55533 	Ala	GGC	0	0	86.95	68.86	18.09	
NODE_1_length_838137_cov_35.9834 	4	55580 	55655 	Glu	TTC	0	0	66.40	38.20	28.20	
NODE_1_length_838137_cov_35.9834 	5	94570 	94645 	Val	TAC	0	0	94.49	73.68	20.81	
NODE_1_length_838137_cov_35.9834 	6	94662 	94738 	Asp	GTC	0	0	94.67	75.49	19.18	
NODE_1_length_838137_cov_35.9834 	7	94853 	94929 	Asp	GTC	0	0	94.67	75.49	19.18	
NODE_1_length_838137_cov_35.9834 	8	399700	399775	Glu	TTC	0	0	66.40	38.20	28.20	
NODE_1_length_838137_cov_35.9834 	9	399778	399853	Gly	GCC	0	0	93.74	68.41	25.33	
NODE_1_length_838137_cov_35.9834 	10	399938	400013	Gly	GCC	0	0	93.74	68.41	25.33	
NODE_1_length_838137_cov_35.9834 	11	444966	445042	Val	GAC	0	0	93.19	67.81	25.38	
NODE_1_length_838137_cov_35.9834 	12	478820	478896	Pro	GGG	0	0	74.89	48.01	26.88	
NODE_1_length_838137_cov_35.9834 	13	639077	639166	Ser	TGA	0	0	72.70	38.95	33.75	
NODE_1_length_838137_cov_35.9834 	14	663456	663531	Gly	GCC	0	0	93.74	68.41	25.33	
NODE_1_length_838137_cov_35.9834 	15	669854	669927	Cys	GCA	0	0	62.38	45.73	16.65	
NODE_1_length_838137_cov_35.9834 	16	738150	738236	Leu	TAA	0	0	76.64	42.32	34.32	
NODE_1_length_838137_cov_35.9834 	17	367204	367115	Ser	GGA	0	0	71.75	34.38	37.37	
NODE_1_length_838137_cov_35.9834 	18	178387	178311	Pro	CGG	0	0	88.20	60.26	27.94	
NODE_1_length_838137_cov_35.9834 	19	46366 	46291 	Asn	GTT	0	0	91.73	62.08	29.65	
NODE_2_length_776114_cov_35.7468 	1	658788	658879	SeC	TCA	0	0	54.17	-19.39	73.56	
NODE_2_length_776114_cov_35.7468 	2	713131	713216	Leu	GAG	0	0	68.53	39.16	29.37	
NODE_2_length_776114_cov_35.7468 	3	713307	713383	Met	CAT	0	0	85.85	60.06	25.79	
NODE_2_length_776114_cov_35.7468 	4	504323	504237	Leu	CAG	0	0	73.96	38.54	35.42	
NODE_2_length_776114_cov_35.7468 	5	504107	504021	Leu	CAG	0	0	73.96	38.54	35.42	
NODE_2_length_776114_cov_35.7468 	6	246355	246280	Phe	GAA	0	0	92.69	68.52	24.17	
NODE_2_length_776114_cov_35.7468 	7	231796	231721	Thr	TGT	0	0	93.66	75.64	18.02	
NODE_3_length_519823_cov_36.5348 	1	486414	486325	Ser	CGA	0	0	68.31	24.88	43.43	
NODE_4_length_429649_cov_34.7167 	1	302857	302933	Arg	TCT	0	0	96.39	77.88	18.51	
NODE_4_length_429649_cov_34.7167 	2	302985	303060	His	GTG	0	0	83.51	64.18	19.33	
NODE_4_length_429649_cov_34.7167 	3	303115	303199	Leu	TAG	0	0	76.62	44.97	31.65	
NODE_4_length_429649_cov_34.7167 	4	303266	303341	His	GTG	0	0	83.51	64.18	19.33	
NODE_4_length_429649_cov_34.7167 	5	314617	314693	Asp	GTC	0	0	95.34	76.86	18.48	
NODE_5_length_341426_cov_36.5658 	1	54337 	54413 	Met	CAT	0	0	85.06	58.55	26.51	
NODE_5_length_341426_cov_36.5658 	2	160483	160555	Leu	GAG	0	0	20.84	19.28	1.56	
NODE_5_length_341426_cov_36.5658 	3	315861	315934	Gly	CCC	0	0	60.35	30.06	30.29	
NODE_5_length_341426_cov_36.5658 	4	70913 	70823 	Ser	GCT	0	0	76.69	47.10	29.59	
NODE_5_length_341426_cov_36.5658 	5	70705 	70629 	Arg	ACG	0	0	83.50	58.05	25.45	
NODE_5_length_341426_cov_36.5658 	6	70517 	70441 	Arg	ACG	0	0	83.50	58.05	25.45	
NODE_5_length_341426_cov_36.5658 	7	1760  	1685  	Lys	TTT	0	0	95.07	71.82	23.25	
NODE_6_length_306928_cov_39.6692 	1	217457	217381	Met	CAT	0	0	92.87	71.40	21.47	
NODE_9_length_215110_cov_35.295  	1	119656	119730	Arg	CCT	0	0	69.71	45.21	24.50	
NODE_13_length_186820_cov_38.5702	1	173275	173351	Arg	CCG	0	0	87.81	66.55	21.26	
NODE_14_length_171745_cov_34.5178	1	29245 	29159 	Leu	CAA	0	0	69.99	38.33	31.66	
NODE_19_length_117903_cov_35.3594	1	61148 	61221 	Arg	ACG	0	0	52.72	27.21	25.51	
NODE_19_length_117903_cov_35.3594	2	17240 	17165 	Asn	GTT	0	0	91.73	62.08	29.65	
NODE_19_length_117903_cov_35.3594	3	17155 	17079 	Pro	TGG	0	0	87.63	64.60	23.03	
NODE_19_length_117903_cov_35.3594	4	17068 	16993 	Lys	TTT	0	0	95.07	71.82	23.25	
NODE_20_length_114933_cov_35.0171	1	78938 	78863 	Val	TAC	0	0	94.49	73.68	20.81	
NODE_20_length_114933_cov_35.0171	2	78846 	78770 	Asp	GTC	0	0	94.67	75.49	19.18	
NODE_28_length_54729_cov_33.7985 	1	4538  	4464  	Gln	TTG	0	0	66.82	40.36	26.46	
NODE_28_length_54729_cov_33.7985 	2	790   	714   	Met	CAT	0	0	87.19	64.42	22.77	
NODE_33_length_31935_cov_33.773  	1	1220  	1295  	Trp	CCA	0	0	86.73	63.05	23.68	
NODE_34_length_30006_cov_34.9325 	1	8415  	8500  	Lys	TTT	0	0	22.00	12.28	9.72	
NODE_34_length_30006_cov_34.9325 	2	27172 	27247 	Thr	CGT	0	0	90.98	74.93	16.05	
NODE_46_length_5417_cov_130.126  	1	1829  	1905  	Ile	GAT	0	0	98.83	72.69	26.14	
NODE_46_length_5417_cov_130.126  	2	1934  	2009  	Ala	TGC	0	0	90.68	71.56	19.12	
NODE_51_length_3319_cov_29.922   	1	2799  	2883  	Tyr	GTA	0	0	71.07	41.76	29.31	
NODE_51_length_3319_cov_29.922   	2	2910  	2983  	Gly	TCC	0	0	82.75	60.87	21.88	
NODE_51_length_3319_cov_29.922   	3	3003  	3078  	Thr	GGT	0	0	93.76	67.73	26.03	
