Sequence                         		tRNA  	Bounds	tRNA	Anti	Intron Bounds	Cove	HMM	2'Str	      
Name                             	tRNA #	Begin 	End   	Type	Codon	Begin	End	Score	Score	Score	Note
--------                         	------	----- 	------	----	-----	-----	----	------	-----	-----	------
NODE_1_length_557810_cov_16.7524 	1	513345	513420	Asn	GTT	0	0	91.73	62.08	29.65	
NODE_1_length_557810_cov_16.7524 	2	504546	504471	Ala	GGC	0	0	86.95	68.86	18.09	
NODE_1_length_557810_cov_16.7524 	3	504422	504347	Glu	TTC	0	0	66.40	38.20	28.20	
NODE_1_length_557810_cov_16.7524 	4	504253	504178	Ala	GGC	0	0	86.95	68.86	18.09	
NODE_1_length_557810_cov_16.7524 	5	504131	504056	Glu	TTC	0	0	66.40	38.20	28.20	
NODE_1_length_557810_cov_16.7524 	6	465149	465074	Val	TAC	0	0	94.49	73.68	20.81	
NODE_1_length_557810_cov_16.7524 	7	465057	464981	Asp	GTC	0	0	94.67	75.49	19.18	
NODE_1_length_557810_cov_16.7524 	8	464866	464790	Asp	GTC	0	0	94.67	75.49	19.18	
NODE_1_length_557810_cov_16.7524 	9	182534	182458	Arg	TCT	0	0	96.39	77.88	18.51	
NODE_1_length_557810_cov_16.7524 	10	182406	182331	His	GTG	0	0	83.51	64.18	19.33	
NODE_1_length_557810_cov_16.7524 	11	182276	182192	Leu	TAG	0	0	74.71	45.01	29.70	
NODE_1_length_557810_cov_16.7524 	12	155287	155212	Met	CAT	0	0	60.05	34.98	25.07	
NODE_1_length_557810_cov_16.7524 	13	154910	154835	Gly	TCC	0	0	81.23	54.80	26.43	
NODE_1_length_557810_cov_16.7524 	14	154822	154748	Asn	GTT	0	0	76.95	53.18	23.77	
NODE_1_length_557810_cov_16.7524 	15	154743	154668	Thr	TGT	0	0	74.27	61.42	12.85	
NODE_1_length_557810_cov_16.7524 	16	127728	127653	His	GTG	0	0	83.51	64.18	19.33	
NODE_1_length_557810_cov_16.7524 	17	113508	113432	Asp	GTC	0	0	95.34	76.86	18.48	
NODE_2_length_519454_cov_16.3279 	1	517438	517514	Arg	CCT	0	0	83.71	58.51	25.20	
NODE_2_length_519454_cov_16.3279 	2	33443 	33357 	Leu	CAA	0	0	69.99	38.33	31.66	
NODE_3_length_516575_cov_17.3529 	1	119721	119797	Val	GAC	0	0	93.19	67.81	25.38	
NODE_3_length_516575_cov_17.3529 	2	153864	153940	Pro	GGG	0	0	74.89	48.01	26.88	
NODE_3_length_516575_cov_17.3529 	3	349575	349664	Ser	TGA	0	0	72.70	38.95	33.75	
NODE_3_length_516575_cov_17.3529 	4	373952	374027	Gly	GCC	0	0	93.74	68.41	25.33	
NODE_3_length_516575_cov_17.3529 	5	378574	378647	Cys	GCA	0	0	62.38	45.73	16.65	
NODE_3_length_516575_cov_17.3529 	6	391198	391284	Leu	TAA	0	0	76.64	42.32	34.32	
NODE_4_length_509029_cov_18.3489 	1	36598 	36687 	Ser	CGA	0	0	68.31	24.88	43.43	
NODE_5_length_506091_cov_18.5279 	1	53180 	53266 	Leu	CAG	0	0	73.96	38.54	35.42	
NODE_5_length_506091_cov_18.5279 	2	53396 	53482 	Leu	CAG	0	0	73.96	38.54	35.42	
NODE_5_length_506091_cov_18.5279 	3	310569	310644	Phe	GAA	0	0	92.69	68.52	24.17	
NODE_5_length_506091_cov_18.5279 	4	336807	336881	Undet	NNN	0	0	23.83	22.17	1.66	
NODE_5_length_506091_cov_18.5279 	5	348216	348291	Thr	TGT	0	0	93.66	75.64	18.02	
NODE_6_length_442385_cov_18.5554 	1	288565	288655	Ser	GCT	0	0	76.69	47.10	29.59	
NODE_6_length_442385_cov_18.5554 	2	288773	288849	Arg	ACG	0	0	83.50	58.05	25.45	
NODE_6_length_442385_cov_18.5554 	3	288961	289037	Arg	ACG	0	0	83.50	58.05	25.45	
NODE_6_length_442385_cov_18.5554 	4	357659	357734	Lys	TTT	0	0	95.07	71.82	23.25	
NODE_6_length_442385_cov_18.5554 	5	305110	305034	Met	CAT	0	0	85.06	58.55	26.51	
NODE_6_length_442385_cov_18.5554 	6	198900	198828	Leu	GAG	0	0	20.84	19.28	1.56	
NODE_6_length_442385_cov_18.5554 	7	94971 	94898 	Gly	CCC	0	0	60.35	30.06	30.29	
NODE_7_length_376958_cov_17.2739 	1	293647	293571	Met	CAT	0	0	92.87	71.40	21.47	
NODE_8_length_297838_cov_16.163  	1	276358	276433	Glu	TTC	0	0	66.40	38.20	28.20	
NODE_8_length_297838_cov_16.163  	2	276436	276511	Gly	GCC	0	0	93.74	68.41	25.33	
NODE_8_length_297838_cov_16.163  	3	276596	276671	Gly	GCC	0	0	93.74	68.41	25.33	
NODE_8_length_297838_cov_16.163  	4	243861	243772	Ser	GGA	0	0	71.75	34.38	37.37	
NODE_8_length_297838_cov_16.163  	5	55129 	55053 	Pro	CGG	0	0	88.20	60.26	27.94	
NODE_11_length_237199_cov_18.1333	1	174598	174523	Asn	GTT	0	0	91.73	62.08	29.65	
NODE_11_length_237199_cov_18.1333	2	174513	174437	Pro	TGG	0	0	87.63	64.60	23.03	
NODE_11_length_237199_cov_18.1333	3	174426	174351	Lys	TTT	0	0	95.07	71.82	23.25	
NODE_11_length_237199_cov_18.1333	4	155086	155011	Thr	CGT	0	0	90.98	74.93	16.05	
NODE_15_length_205091_cov_15.7705	1	131260	131335	Val	TAC	0	0	94.49	73.68	20.81	
NODE_15_length_205091_cov_15.7705	2	131352	131428	Asp	GTC	0	0	94.67	75.49	19.18	
NODE_16_length_200565_cov_18.2012	1	116776	116685	SeC	TCA	0	0	55.75	-18.51	74.26	
NODE_16_length_200565_cov_18.2012	2	62835 	62750 	Leu	GAG	0	0	68.53	39.16	29.37	
NODE_16_length_200565_cov_18.2012	3	62659 	62583 	Met	CAT	0	0	85.85	60.06	25.79	
NODE_17_length_141770_cov_17.8241	1	29182 	29255 	Arg	ACG	0	0	52.72	27.21	25.51	
NODE_17_length_141770_cov_17.8241	2	134928	135002	Gln	TTG	0	0	66.82	40.36	26.46	
NODE_17_length_141770_cov_17.8241	3	138678	138754	Met	CAT	0	0	87.19	64.42	22.77	
NODE_23_length_81574_cov_17.7023 	1	1220  	1295  	Trp	CCA	0	0	86.73	63.05	23.68	
NODE_31_length_36130_cov_17.3296 	1	1499  	1423  	Arg	CCG	0	0	87.81	66.55	21.26	
NODE_40_length_5585_cov_80.6312  	1	1971  	2047  	Ile	GAT	0	0	98.83	72.69	26.14	
NODE_40_length_5585_cov_80.6312  	2	2076  	2151  	Ala	TGC	0	0	90.68	71.56	19.12	
NODE_46_length_3292_cov_16.3722  	1	2772  	2856  	Tyr	GTA	0	0	71.07	41.76	29.31	
NODE_46_length_3292_cov_16.3722  	2	2883  	2956  	Gly	TCC	0	0	82.75	60.87	21.88	
NODE_46_length_3292_cov_16.3722  	3	2976  	3051  	Thr	GGT	0	0	93.76	67.73	26.03	
NODE_147_length_1044_cov_0.753544	1	1007  	931   	His	GTG	0	0	90.61	70.63	19.98	
NODE_147_length_1044_cov_0.753544	2	851   	776   	Lys	CTT	0	0	83.47	67.65	15.82	
NODE_147_length_1044_cov_0.753544	3	116   	32    	Leu	TAG	0	0	74.92	45.38	29.54	
NODE_192_length_971_cov_0.520142 	1	429   	503   	Val	GAC	0	0	91.78	68.96	22.82	
NODE_285_length_858_cov_0.387141 	1	295   	211   	Leu	CAG	0	0	73.03	41.80	31.23	
NODE_709_length_636_cov_0.717092 	1	330   	246   	Leu	GAG	0	0	69.12	42.18	26.94	
NODE_861_length_593_cov_1.0794   	1	163   	237   	Val	TAC	0	0	86.83	65.34	21.49	
NODE_861_length_593_cov_1.0794   	2	264   	340   	Asp	GTC	0	0	91.00	76.79	14.21	
NODE_861_length_593_cov_1.0794   	3	447   	523   	Asp	GTC	0	0	55.06	57.30	-2.24	
NODE_1063_length_548_cov_0.847981	1	421   	346   	Met	CAT	0	0	67.84	57.73	10.11	
NODE_1291_length_511_cov_0.825521	1	39    	112   	Thr	CGT	0	0	61.58	33.13	28.45	
NODE_1432_length_491_cov_0.923077	1	209   	284   	Gly	GCC	0	0	94.95	70.79	24.16	
NODE_1804_length_449_cov_1.08696 	1	82    	158   	Met	CAT	0	0	84.64	61.02	23.62	
