Sequence                         		tRNA  	Bounds	tRNA	Anti	Intron Bounds	Cove	HMM	2'Str	      
Name                             	tRNA #	Begin 	End   	Type	Codon	Begin	End	Score	Score	Score	Note
--------                         	------	----- 	------	----	-----	-----	----	------	-----	-----	------
NODE_1_length_819763_cov_23.5241 	1	24845 	24920 	Ala	GGC	0	0	86.95	68.86	18.09	
NODE_1_length_819763_cov_23.5241 	2	24969 	25044 	Glu	TTC	0	0	66.40	38.20	28.20	
NODE_1_length_819763_cov_23.5241 	3	25138 	25213 	Ala	GGC	0	0	86.95	68.86	18.09	
NODE_1_length_819763_cov_23.5241 	4	25260 	25335 	Glu	TTC	0	0	66.40	38.20	28.20	
NODE_1_length_819763_cov_23.5241 	5	64242 	64317 	Val	TAC	0	0	94.49	73.68	20.81	
NODE_1_length_819763_cov_23.5241 	6	64334 	64410 	Asp	GTC	0	0	94.67	75.49	19.18	
NODE_1_length_819763_cov_23.5241 	7	64525 	64601 	Asp	GTC	0	0	94.67	75.49	19.18	
NODE_1_length_819763_cov_23.5241 	8	366139	366214	Glu	TTC	0	0	66.40	38.20	28.20	
NODE_1_length_819763_cov_23.5241 	9	366217	366292	Gly	GCC	0	0	93.74	68.41	25.33	
NODE_1_length_819763_cov_23.5241 	10	366377	366452	Gly	GCC	0	0	93.74	68.41	25.33	
NODE_1_length_819763_cov_23.5241 	11	412790	412866	Val	GAC	0	0	93.19	67.81	25.38	
NODE_1_length_819763_cov_23.5241 	12	446930	447006	Pro	GGG	0	0	74.89	48.01	26.88	
NODE_1_length_819763_cov_23.5241 	13	604388	604477	Ser	TGA	0	0	72.70	38.95	33.75	
NODE_1_length_819763_cov_23.5241 	14	628765	628840	Gly	GCC	0	0	93.74	68.41	25.33	
NODE_1_length_819763_cov_23.5241 	15	633388	633461	Cys	GCA	0	0	62.38	45.73	16.65	
NODE_1_length_819763_cov_23.5241 	16	646012	646098	Leu	TAA	0	0	76.64	42.32	34.32	
NODE_1_length_819763_cov_23.5241 	17	333643	333554	Ser	GGA	0	0	71.75	34.38	37.37	
NODE_1_length_819763_cov_23.5241 	18	144863	144787	Pro	CGG	0	0	83.35	60.01	23.34	
NODE_1_length_819763_cov_23.5241 	19	16046 	15971 	Asn	GTT	0	0	91.73	62.08	29.65	
NODE_2_length_665996_cov_21.9291 	1	549087	549178	SeC	TCA	0	0	55.75	-18.51	74.26	
NODE_2_length_665996_cov_21.9291 	2	603092	603177	Leu	GAG	0	0	68.53	39.16	29.37	
NODE_2_length_665996_cov_21.9291 	3	603268	603344	Met	CAT	0	0	81.88	55.94	25.94	
NODE_2_length_665996_cov_21.9291 	4	395603	395517	Leu	CAG	0	0	73.96	38.54	35.42	
NODE_2_length_665996_cov_21.9291 	5	395387	395301	Leu	CAG	0	0	73.96	38.54	35.42	
NODE_2_length_665996_cov_21.9291 	6	136163	136088	Phe	GAA	0	0	92.69	68.52	24.17	
NODE_2_length_665996_cov_21.9291 	7	124755	124680	Thr	TGT	0	0	93.66	75.64	18.02	
NODE_3_length_620577_cov_22.1395 	1	91088 	91178 	Ser	GCT	0	0	76.69	47.10	29.59	
NODE_3_length_620577_cov_22.1395 	2	91296 	91372 	Arg	ACG	0	0	83.50	58.05	25.45	
NODE_3_length_620577_cov_22.1395 	3	91484 	91560 	Arg	ACG	0	0	83.50	58.05	25.45	
NODE_3_length_620577_cov_22.1395 	4	160220	160295	Lys	TTT	0	0	95.07	71.82	23.25	
NODE_3_length_620577_cov_22.1395 	5	187763	187852	Ser	CGA	0	0	68.31	24.88	43.43	
NODE_3_length_620577_cov_22.1395 	6	107666	107590	Met	CAT	0	0	85.06	58.55	26.51	
NODE_3_length_620577_cov_22.1395 	7	1413  	1341  	Leu	GAG	0	0	20.84	19.28	1.56	
NODE_4_length_561821_cov_21.5868 	1	558617	558693	Arg	CCT	0	0	83.71	58.51	25.20	
NODE_4_length_561821_cov_21.5868 	2	70140 	70054 	Leu	CAA	0	0	69.99	38.33	31.66	
NODE_5_length_481943_cov_21.9754 	1	387165	387241	Arg	TCT	0	0	96.39	77.88	18.51	
NODE_5_length_481943_cov_21.9754 	2	387293	387368	His	GTG	0	0	83.51	64.18	19.33	
NODE_5_length_481943_cov_21.9754 	3	387423	387507	Leu	TAG	0	0	76.62	44.97	31.65	
NODE_5_length_481943_cov_21.9754 	4	387574	387649	His	GTG	0	0	83.51	64.18	19.33	
NODE_5_length_481943_cov_21.9754 	5	398930	399006	Asp	GTC	0	0	95.34	76.86	18.48	
NODE_6_length_426352_cov_21.1805 	1	294466	294539	Leu	AAG	0	0	53.36	27.85	25.51	
NODE_6_length_426352_cov_21.1805 	2	400445	400519	Gln	TTG	0	0	66.82	40.36	26.46	
NODE_6_length_426352_cov_21.1805 	3	404192	404268	Met	CAT	0	0	87.19	64.42	22.77	
NODE_6_length_426352_cov_21.1805 	4	250550	250475	Asn	GTT	0	0	91.73	62.08	29.65	
NODE_6_length_426352_cov_21.1805 	5	250465	250389	Pro	TGG	0	0	87.63	64.60	23.03	
NODE_6_length_426352_cov_21.1805 	6	250378	250303	Lys	TTT	0	0	95.07	71.82	23.25	
NODE_6_length_426352_cov_21.1805 	7	232435	232360	Thr	CGT	0	0	90.98	74.93	16.05	
NODE_7_length_370996_cov_21.8979 	1	293589	293513	Met	CAT	0	0	92.87	71.40	21.47	
NODE_12_length_204787_cov_22.0615	1	1080  	1154  	Arg	CCT	0	0	62.40	49.84	12.56	
NODE_12_length_204787_cov_22.0615	2	130927	131002	Val	TAC	0	0	94.49	73.68	20.81	
NODE_12_length_204787_cov_22.0615	3	131019	131095	Asp	GTC	0	0	94.67	75.49	19.18	
NODE_13_length_180996_cov_21.9715	1	122772	122845	Gly	CCC	0	0	60.35	30.06	30.29	
NODE_19_length_65461_cov_23.2776 	1	1220  	1295  	Trp	CCA	0	0	86.73	63.05	23.68	
NODE_23_length_36184_cov_22.984  	1	1550  	1474  	Arg	CCG	0	0	87.81	66.55	21.26	
NODE_30_length_5488_cov_95.9692  	1	1901  	1977  	Ile	GAT	0	0	98.83	72.69	26.14	
NODE_30_length_5488_cov_95.9692  	2	2006  	2081  	Ala	TGC	0	0	90.68	71.56	19.12	
NODE_35_length_3319_cov_22.3064  	1	2799  	2883  	Tyr	GTA	0	0	71.07	41.76	29.31	
NODE_35_length_3319_cov_22.3064  	2	2910  	2983  	Gly	TCC	0	0	82.75	60.87	21.88	
NODE_35_length_3319_cov_22.3064  	3	3003  	3078  	Thr	GGT	0	0	93.76	67.73	26.03	
