Sequence                        		tRNA  	Bounds	tRNA	Anti	Intron Bounds	Cove	HMM	2'Str	      
Name                            	tRNA #	Begin 	End   	Type	Codon	Begin	End	Score	Score	Score	Note
--------                        	------	----- 	------	----	-----	-----	----	------	-----	-----	------
NODE_1_length_529603_cov_21.231 	1	528586	528662	Arg	CCT	0	0	83.71	58.51	25.20	
NODE_1_length_529603_cov_21.231 	2	46612 	46526 	Leu	CAA	0	0	69.99	38.33	31.66	
NODE_2_length_468575_cov_22.766 	1	51314 	51389 	Ala	GGC	0	0	86.95	68.86	18.09	
NODE_2_length_468575_cov_22.766 	2	51438 	51513 	Glu	TTC	0	0	66.40	38.20	28.20	
NODE_2_length_468575_cov_22.766 	3	51607 	51682 	Ala	GGC	0	0	86.95	68.86	18.09	
NODE_2_length_468575_cov_22.766 	4	51729 	51804 	Glu	TTC	0	0	66.40	38.20	28.20	
NODE_2_length_468575_cov_22.766 	5	91224 	91299 	Val	TAC	0	0	94.49	73.68	20.81	
NODE_2_length_468575_cov_22.766 	6	91316 	91392 	Asp	GTC	0	0	94.67	75.49	19.18	
NODE_2_length_468575_cov_22.766 	7	91507 	91583 	Asp	GTC	0	0	94.67	75.49	19.18	
NODE_2_length_468575_cov_22.766 	8	403625	403700	Glu	TTC	0	0	66.40	38.20	28.20	
NODE_2_length_468575_cov_22.766 	9	403703	403778	Gly	GCC	0	0	93.74	68.41	25.33	
NODE_2_length_468575_cov_22.766 	10	403863	403938	Gly	GCC	0	0	93.74	68.41	25.33	
NODE_2_length_468575_cov_22.766 	11	370930	370841	Ser	GGA	0	0	71.75	34.38	37.37	
NODE_2_length_468575_cov_22.766 	12	193114	193038	Pro	CGG	0	0	88.20	60.26	27.94	
NODE_2_length_468575_cov_22.766 	13	42519 	42444 	Asn	GTT	0	0	91.73	62.08	29.65	
NODE_3_length_462495_cov_24.0666	1	49021 	49110 	Ser	CGA	0	0	68.31	24.88	43.43	
NODE_4_length_381588_cov_21.8103	1	83133 	83209 	Met	CAT	0	0	92.87	71.40	21.47	
NODE_5_length_373485_cov_24.8055	1	221293	221369	Arg	TCT	0	0	96.39	77.88	18.51	
NODE_5_length_373485_cov_24.8055	2	221421	221496	His	GTG	0	0	83.51	64.18	19.33	
NODE_5_length_373485_cov_24.8055	3	221551	221635	Leu	TAG	0	0	76.62	44.97	31.65	
NODE_5_length_373485_cov_24.8055	4	270915	270990	His	GTG	0	0	83.51	64.18	19.33	
NODE_5_length_373485_cov_24.8055	5	282951	283027	Asp	GTC	0	0	95.34	76.86	18.48	
NODE_6_length_340998_cov_22.0894	1	152996	152921	Phe	GAA	0	0	92.69	68.52	24.17	
NODE_6_length_340998_cov_22.0894	2	141595	141520	Thr	TGT	0	0	93.66	75.64	18.02	
NODE_7_length_331872_cov_23.1691	1	54039 	54115 	Met	CAT	0	0	85.06	58.55	26.51	
NODE_7_length_331872_cov_23.1691	2	175470	175542	Leu	GAG	0	0	20.84	19.28	1.56	
NODE_7_length_331872_cov_23.1691	3	274822	274895	Gly	CCC	0	0	60.35	30.06	30.29	
NODE_7_length_331872_cov_23.1691	4	81399 	81309 	Ser	GCT	0	0	76.69	47.10	29.59	
NODE_7_length_331872_cov_23.1691	5	81192 	81116 	Arg	ACG	0	0	83.50	58.05	25.45	
NODE_7_length_331872_cov_23.1691	6	81006 	80930 	Arg	ACG	0	0	83.50	58.05	25.45	
NODE_7_length_331872_cov_23.1691	7	1501  	1426  	Lys	TTT	0	0	95.07	71.82	23.25	
NODE_8_length_309483_cov_21.591 	1	264724	264810	Leu	CAG	0	0	73.96	38.54	35.42	
NODE_8_length_309483_cov_21.591 	2	264940	265026	Leu	CAG	0	0	73.96	38.54	35.42	
NODE_8_length_309483_cov_21.591 	3	117522	117431	SeC	TCA	0	0	55.75	-18.51	74.26	
NODE_8_length_309483_cov_21.591 	4	62711 	62626 	Leu	GAG	0	0	68.53	39.16	29.37	
NODE_8_length_309483_cov_21.591 	5	62534 	62458 	Met	CAT	0	0	85.85	60.06	25.79	
NODE_12_length_185114_cov_23.1803	1	32414 	32490 	Arg	CCG	0	0	87.81	66.55	21.26	
NODE_13_length_182349_cov_21.985	1	108337	108412	Val	TAC	0	0	94.49	73.68	20.81	
NODE_13_length_182349_cov_21.985	2	108429	108505	Asp	GTC	0	0	94.67	75.49	19.18	
NODE_15_length_170040_cov_24.3219	1	135307	135396	Ser	TGA	0	0	72.70	38.95	33.75	
NODE_15_length_170040_cov_24.3219	2	144736	144811	Gly	GCC	0	0	93.74	68.41	25.33	
NODE_15_length_170040_cov_24.3219	3	167852	167925	Cys	GCA	0	0	62.38	45.73	16.65	
NODE_17_length_149572_cov_24.6029	1	75834 	75758 	Val	GAC	0	0	93.19	67.81	25.38	
NODE_17_length_149572_cov_24.6029	2	43972 	43896 	Pro	GGG	0	0	74.89	48.01	26.88	
NODE_18_length_148423_cov_24.643	1	12085 	12171 	Leu	TAA	0	0	75.42	41.10	34.32	
NODE_21_length_98764_cov_22.6988	1	6438  	6363  	Asn	GTT	0	0	91.73	62.08	29.65	
NODE_21_length_98764_cov_22.6988	2	6353  	6277  	Pro	TGG	0	0	87.63	64.60	23.03	
NODE_21_length_98764_cov_22.6988	3	6266  	6191  	Lys	TTT	0	0	95.07	71.82	23.25	
NODE_27_length_75384_cov_21.9163	1	43130 	43204 	Gln	TTG	0	0	66.82	40.36	26.46	
NODE_27_length_75384_cov_21.9163	2	50372 	50448 	Met	CAT	0	0	87.19	64.42	22.77	
NODE_29_length_63922_cov_22.7595	1	1220  	1295  	Trp	CCA	0	0	86.73	63.05	23.68	
NODE_31_length_59267_cov_22.3551	1	42643 	42568 	Thr	CGT	0	0	90.98	74.93	16.05	
NODE_31_length_59267_cov_22.3551	2	31657 	31586 	Thr	CGT	0	0	23.85	21.13	2.72	
NODE_41_length_5618_cov_94.3019 	1	2013  	2089  	Ile	GAT	0	0	98.83	72.69	26.14	
NODE_41_length_5618_cov_94.3019 	2	2118  	2193  	Ala	TGC	0	0	90.68	71.56	19.12	
NODE_47_length_3301_cov_22.8286 	1	2781  	2865  	Tyr	GTA	0	0	71.07	41.76	29.31	
NODE_47_length_3301_cov_22.8286 	2	2892  	2965  	Gly	TCC	0	0	82.75	60.87	21.88	
NODE_47_length_3301_cov_22.8286 	3	2985  	3060  	Thr	GGT	0	0	93.76	67.73	26.03	
