Sequence                         		tRNA  	Bounds	tRNA	Anti	Intron Bounds	Cove	HMM	2'Str	      
Name                             	tRNA #	Begin 	End   	Type	Codon	Begin	End	Score	Score	Score	Note
--------                         	------	----- 	------	----	-----	-----	----	------	-----	-----	------
NODE_1_length_908735_cov_23.1323 	1	694840	694916	Arg	CCT	0	0	83.71	58.51	25.20	
NODE_1_length_908735_cov_23.1323 	2	830853	830928	Val	TAC	0	0	94.49	73.68	20.81	
NODE_1_length_908735_cov_23.1323 	3	830945	831021	Asp	GTC	0	0	94.67	75.49	19.18	
NODE_1_length_908735_cov_23.1323 	4	210816	210730	Leu	CAA	0	0	69.99	38.33	31.66	
NODE_2_length_818904_cov_24.6749 	1	456910	456999	Ser	GGA	0	0	71.75	34.38	37.37	
NODE_2_length_818904_cov_24.6749 	2	645689	645765	Pro	CGG	0	0	88.20	60.26	27.94	
NODE_2_length_818904_cov_24.6749 	3	774522	774597	Asn	GTT	0	0	91.73	62.08	29.65	
NODE_2_length_818904_cov_24.6749 	4	765723	765648	Ala	GGC	0	0	86.95	68.86	18.09	
NODE_2_length_818904_cov_24.6749 	5	765599	765524	Glu	TTC	0	0	66.40	38.20	28.20	
NODE_2_length_818904_cov_24.6749 	6	765430	765355	Ala	GGC	0	0	86.95	68.86	18.09	
NODE_2_length_818904_cov_24.6749 	7	765308	765233	Glu	TTC	0	0	66.40	38.20	28.20	
NODE_2_length_818904_cov_24.6749 	8	726312	726237	Val	TAC	0	0	94.49	73.68	20.81	
NODE_2_length_818904_cov_24.6749 	9	726220	726144	Asp	GTC	0	0	94.67	75.49	19.18	
NODE_2_length_818904_cov_24.6749 	10	726029	725953	Asp	GTC	0	0	94.67	75.49	19.18	
NODE_2_length_818904_cov_24.6749 	11	424414	424339	Glu	TTC	0	0	66.40	38.20	28.20	
NODE_2_length_818904_cov_24.6749 	12	424336	424261	Gly	GCC	0	0	93.74	68.41	25.33	
NODE_2_length_818904_cov_24.6749 	13	424176	424101	Gly	GCC	0	0	93.74	68.41	25.33	
NODE_2_length_818904_cov_24.6749 	14	335264	335188	Val	GAC	0	0	93.19	67.81	25.38	
NODE_2_length_818904_cov_24.6749 	15	301126	301050	Pro	GGG	0	0	74.89	48.01	26.88	
NODE_2_length_818904_cov_24.6749 	16	144440	144351	Ser	TGA	0	0	72.70	38.95	33.75	
NODE_2_length_818904_cov_24.6749 	17	120063	119988	Gly	GCC	0	0	93.74	68.41	25.33	
NODE_2_length_818904_cov_24.6749 	18	115441	115368	Cys	GCA	0	0	62.38	45.73	16.65	
NODE_2_length_818904_cov_24.6749 	19	102817	102731	Leu	TAA	0	0	76.64	42.32	34.32	
NODE_3_length_460440_cov_24.7505 	1	302728	302804	Arg	TCT	0	0	96.39	77.88	18.51	
NODE_3_length_460440_cov_24.7505 	2	302856	302931	His	GTG	0	0	83.51	64.18	19.33	
NODE_3_length_460440_cov_24.7505 	3	302986	303070	Leu	TAG	0	0	76.62	44.97	31.65	
NODE_3_length_460440_cov_24.7505 	4	368303	368378	His	GTG	0	0	83.51	64.18	19.33	
NODE_3_length_460440_cov_24.7505 	5	379675	379751	Asp	GTC	0	0	95.34	76.86	18.48	
NODE_4_length_429598_cov_23.8686 	1	241157	241082	Phe	GAA	0	0	92.69	68.52	24.17	
NODE_4_length_429598_cov_23.8686 	2	229747	229672	Thr	TGT	0	0	93.66	75.64	18.02	
NODE_5_length_400291_cov_23.2716 	1	322752	322676	Met	CAT	0	0	92.87	71.40	21.47	
NODE_6_length_341567_cov_22.7338 	1	270610	270696	Leu	CAG	0	0	73.96	38.54	35.42	
NODE_6_length_341567_cov_22.7338 	2	270826	270912	Leu	CAG	0	0	73.96	38.54	35.42	
NODE_6_length_341567_cov_22.7338 	3	117110	117019	SeC	TCA	0	0	55.75	-18.51	74.26	
NODE_6_length_341567_cov_22.7338 	4	62904 	62819 	Leu	GAG	0	0	68.53	39.16	29.37	
NODE_6_length_341567_cov_22.7338 	5	62728 	62652 	Met	CAT	0	0	85.85	60.06	25.79	
NODE_7_length_282670_cov_24.455  	1	65337 	65413 	Met	CAT	0	0	85.06	58.55	26.51	
NODE_7_length_282670_cov_24.455  	2	171548	171620	Leu	GAG	0	0	20.84	19.28	1.56	
NODE_7_length_282670_cov_24.455  	3	275478	275551	Gly	CCC	0	0	60.35	30.06	30.29	
NODE_7_length_282670_cov_24.455  	4	81881 	81791 	Ser	GCT	0	0	76.69	47.10	29.59	
NODE_7_length_282670_cov_24.455  	5	81673 	81597 	Arg	ACG	0	0	83.50	58.05	25.45	
NODE_7_length_282670_cov_24.455  	6	81484 	81408 	Arg	ACG	0	0	83.50	58.05	25.45	
NODE_7_length_282670_cov_24.455  	7	12786 	12711 	Lys	TTT	0	0	95.07	71.82	23.25	
NODE_11_length_211609_cov_23.58  	1	671   	746   	Thr	CGT	0	0	90.98	74.93	16.05	
NODE_14_length_186902_cov_25.2243	1	27739 	27828 	Ser	CGA	0	0	68.31	24.88	43.43	
NODE_15_length_174209_cov_23.1822	1	173099	173174	Asn	GTT	0	0	91.73	62.08	29.65	
NODE_15_length_174209_cov_23.1822	2	173184	173260	Pro	TGG	0	0	87.63	64.60	23.03	
NODE_15_length_174209_cov_23.1822	3	173271	173346	Lys	TTT	0	0	95.07	71.82	23.25	
NODE_15_length_174209_cov_23.1822	4	129183	129110	Arg	ACG	0	0	52.72	27.21	25.51	
NODE_15_length_174209_cov_23.1822	5	22240 	22166 	Gln	TTG	0	0	66.82	40.36	26.46	
NODE_15_length_174209_cov_23.1822	6	18491 	18415 	Met	CAT	0	0	87.19	64.42	22.77	
NODE_21_length_65613_cov_22.2131 	1	64394 	64319 	Trp	CCA	0	0	86.73	63.05	23.68	
NODE_27_length_47441_cov_25.4428 	1	12803 	12727 	Arg	CCG	0	0	87.81	66.55	21.26	
NODE_32_length_17776_cov_24.4952 	1	180   	265   	Lys	TTT	0	0	22.00	12.28	9.72	
NODE_42_length_5491_cov_102.097  	1	3589  	3513  	Ile	GAT	0	0	98.83	72.69	26.14	
NODE_42_length_5491_cov_102.097  	2	3484  	3409  	Ala	TGC	0	0	90.68	71.56	19.12	
NODE_51_length_3319_cov_22.38    	1	521   	437   	Tyr	GTA	0	0	71.07	41.76	29.31	
NODE_51_length_3319_cov_22.38    	2	410   	337   	Gly	TCC	0	0	82.75	60.87	21.88	
NODE_51_length_3319_cov_22.38    	3	317   	242   	Thr	GGT	0	0	93.76	67.73	26.03	
