Sequence                         		tRNA  	Bounds	tRNA	Anti	Intron Bounds	Cove	HMM	2'Str	      
Name                             	tRNA #	Begin 	End   	Type	Codon	Begin	End	Score	Score	Score	Note
--------                         	------	----- 	------	----	-----	-----	----	------	-----	-----	------
NODE_1_length_917345_cov_33.6796 	1	716028	716104	Arg	CCT	0	0	83.71	58.51	25.20	
NODE_1_length_917345_cov_33.6796 	2	843473	843548	Val	TAC	0	0	94.49	73.68	20.81	
NODE_1_length_917345_cov_33.6796 	3	843565	843641	Asp	GTC	0	0	94.67	75.49	19.18	
NODE_1_length_917345_cov_33.6796 	4	218140	218054	Leu	CAA	0	0	69.99	38.33	31.66	
NODE_2_length_765631_cov_34.7489 	1	403052	403141	Ser	GGA	0	0	71.75	34.38	37.37	
NODE_2_length_765631_cov_34.7489 	2	591838	591914	Pro	CGG	0	0	88.20	60.26	27.94	
NODE_2_length_765631_cov_34.7489 	3	718534	718609	Asn	GTT	0	0	91.73	62.08	29.65	
NODE_2_length_765631_cov_34.7489 	4	709740	709665	Ala	GGC	0	0	86.95	68.86	18.09	
NODE_2_length_765631_cov_34.7489 	5	709616	709541	Glu	TTC	0	0	66.40	38.20	28.20	
NODE_2_length_765631_cov_34.7489 	6	709447	709372	Ala	GGC	0	0	86.95	68.86	18.09	
NODE_2_length_765631_cov_34.7489 	7	709325	709250	Glu	TTC	0	0	66.40	38.20	28.20	
NODE_2_length_765631_cov_34.7489 	8	670349	670274	Val	TAC	0	0	94.49	73.68	20.81	
NODE_2_length_765631_cov_34.7489 	9	670257	670181	Asp	GTC	0	0	94.67	75.49	19.18	
NODE_2_length_765631_cov_34.7489 	10	670066	669990	Asp	GTC	0	0	94.67	75.49	19.18	
NODE_2_length_765631_cov_34.7489 	11	370555	370480	Glu	TTC	0	0	66.40	38.20	28.20	
NODE_2_length_765631_cov_34.7489 	12	370477	370402	Gly	GCC	0	0	93.74	68.41	25.33	
NODE_2_length_765631_cov_34.7489 	13	370317	370242	Gly	GCC	0	0	93.74	68.41	25.33	
NODE_2_length_765631_cov_34.7489 	14	323072	322996	Val	GAC	0	0	93.19	67.81	25.38	
NODE_2_length_765631_cov_34.7489 	15	290003	289927	Pro	GGG	0	0	74.89	48.01	26.88	
NODE_2_length_765631_cov_34.7489 	16	141665	141576	Ser	TGA	0	0	72.70	38.95	33.75	
NODE_2_length_765631_cov_34.7489 	17	117289	117214	Gly	GCC	0	0	93.74	68.41	25.33	
NODE_2_length_765631_cov_34.7489 	18	112666	112593	Cys	GCA	0	0	62.38	45.73	16.65	
NODE_2_length_765631_cov_34.7489 	19	100042	99956 	Leu	TAA	0	0	76.64	42.32	34.32	
NODE_3_length_396126_cov_36.1463 	1	92575 	92499 	Arg	TCT	0	0	96.39	77.88	18.51	
NODE_3_length_396126_cov_36.1463 	2	92447 	92372 	His	GTG	0	0	83.51	64.18	19.33	
NODE_3_length_396126_cov_36.1463 	3	92317 	92233 	Leu	TAG	0	0	76.62	44.97	31.65	
NODE_3_length_396126_cov_36.1463 	4	92166 	92091 	His	GTG	0	0	83.51	64.18	19.33	
NODE_3_length_396126_cov_36.1463 	5	80813 	80737 	Asp	GTC	0	0	88.22	72.90	15.32	
NODE_5_length_352758_cov_35.5766 	1	100912	100987	Asn	GTT	0	0	91.73	62.08	29.65	
NODE_5_length_352758_cov_35.5766 	2	100997	101073	Pro	TGG	0	0	87.63	64.60	23.03	
NODE_5_length_352758_cov_35.5766 	3	101084	101159	Lys	TTT	0	0	95.07	71.82	23.25	
NODE_5_length_352758_cov_35.5766 	4	120412	120487	Thr	CGT	0	0	90.98	74.93	16.05	
NODE_5_length_352758_cov_35.5766 	5	56998 	56925 	Arg	ACG	0	0	49.20	28.97	20.23	
NODE_6_length_336309_cov_47.0922 	1	96935 	97025 	Ser	GCT	0	0	76.69	47.10	29.59	
NODE_6_length_336309_cov_47.0922 	2	97143 	97219 	Arg	ACG	0	0	83.50	58.05	25.45	
NODE_6_length_336309_cov_47.0922 	3	97331 	97407 	Arg	ACG	0	0	83.50	58.05	25.45	
NODE_6_length_336309_cov_47.0922 	4	166029	166104	Lys	TTT	0	0	95.07	71.82	23.25	
NODE_6_length_336309_cov_47.0922 	5	282377	282466	Ser	CGA	0	0	68.31	24.88	43.43	
NODE_6_length_336309_cov_47.0922 	6	113479	113403	Met	CAT	0	0	85.06	58.55	26.51	
NODE_6_length_336309_cov_47.0922 	7	7257  	7185  	Leu	GAG	0	0	20.84	19.28	1.56	
NODE_8_length_284667_cov_37.286  	1	167751	167842	SeC	TCA	0	0	55.75	-18.51	74.26	
NODE_8_length_284667_cov_37.286  	2	221812	221897	Leu	GAG	0	0	68.53	39.16	29.37	
NODE_8_length_284667_cov_37.286  	3	221988	222064	Met	CAT	0	0	85.85	60.06	25.79	
NODE_8_length_284667_cov_37.286  	4	13767 	13681 	Leu	CAG	0	0	73.96	38.54	35.42	
NODE_8_length_284667_cov_37.286  	5	13551 	13465 	Leu	CAG	0	0	73.96	38.54	35.42	
NODE_14_length_173673_cov_35.8272	1	105258	105331	Gly	CCC	0	0	60.35	30.06	30.29	
NODE_17_length_124882_cov_37.2051	1	52487 	52412 	Phe	GAA	0	0	92.69	68.52	24.17	
NODE_17_length_124882_cov_37.2051	2	41077 	41002 	Thr	TGT	0	0	93.66	75.64	18.02	
NODE_19_length_88319_cov_32.6165 	1	9080  	9004  	Met	CAT	0	0	92.87	71.40	21.47	
NODE_22_length_75772_cov_35.2581 	1	25920 	25846 	Gln	TTG	0	0	66.82	40.36	26.46	
NODE_22_length_75772_cov_35.2581 	2	22171 	22095 	Met	CAT	0	0	87.19	64.42	22.77	
NODE_24_length_65604_cov_32.8066 	1	1220  	1295  	Trp	CCA	0	0	86.73	63.05	23.68	
NODE_28_length_36190_cov_37.0993 	1	34640 	34716 	Arg	CCG	0	0	87.81	66.55	21.26	
NODE_36_length_5541_cov_134.316  	1	3588  	3512  	Ile	GAT	0	0	98.83	72.69	26.14	
NODE_36_length_5541_cov_134.316  	2	3483  	3408  	Ala	TGC	0	0	90.68	71.56	19.12	
NODE_43_length_3319_cov_34.792   	1	2799  	2883  	Tyr	GTA	0	0	71.07	41.76	29.31	
NODE_43_length_3319_cov_34.792   	2	2910  	2983  	Gly	TCC	0	0	82.75	60.87	21.88	
NODE_43_length_3319_cov_34.792   	3	3003  	3078  	Thr	GGT	0	0	93.76	67.73	26.03	
