Sequence                         		tRNA  	Bounds	tRNA	Anti	Intron Bounds	Cove	HMM	2'Str	      
Name                             	tRNA #	Begin 	End   	Type	Codon	Begin	End	Score	Score	Score	Note
--------                         	------	----- 	------	----	-----	-----	----	------	-----	-----	------
NODE_1_length_579234_cov_20.9109 	1	217959	218048	Ser	GGA	0	0	71.75	34.38	37.37	
NODE_1_length_579234_cov_20.9109 	2	406752	406828	Pro	CGG	0	0	88.20	60.26	27.94	
NODE_1_length_579234_cov_20.9109 	3	536635	536710	Asn	GTT	0	0	91.73	62.08	29.65	
NODE_1_length_579234_cov_20.9109 	4	527836	527761	Ala	GGC	0	0	86.95	68.86	18.09	
NODE_1_length_579234_cov_20.9109 	5	527712	527637	Glu	TTC	0	0	66.40	38.20	28.20	
NODE_1_length_579234_cov_20.9109 	6	527543	527468	Ala	GGC	0	0	86.95	68.86	18.09	
NODE_1_length_579234_cov_20.9109 	7	527421	527346	Glu	TTC	0	0	66.40	38.20	28.20	
NODE_1_length_579234_cov_20.9109 	8	488444	488369	Val	TAC	0	0	94.49	73.68	20.81	
NODE_1_length_579234_cov_20.9109 	9	488352	488276	Asp	GTC	0	0	94.67	75.49	19.18	
NODE_1_length_579234_cov_20.9109 	10	488161	488085	Asp	GTC	0	0	94.67	75.49	19.18	
NODE_1_length_579234_cov_20.9109 	11	185464	185389	Glu	TTC	0	0	66.40	38.20	28.20	
NODE_1_length_579234_cov_20.9109 	12	185386	185311	Gly	GCC	0	0	93.74	68.41	25.33	
NODE_1_length_579234_cov_20.9109 	13	185226	185151	Gly	GCC	0	0	93.74	68.41	25.33	
NODE_1_length_579234_cov_20.9109 	14	44945 	44869 	Val	GAC	0	0	93.19	67.81	25.38	
NODE_2_length_578661_cov_20.1043 	1	363487	363573	Leu	CAA	0	0	69.99	38.33	31.66	
NODE_3_length_468282_cov_21.0482 	1	341612	341703	SeC	TCA	0	0	55.75	-18.51	74.26	
NODE_3_length_468282_cov_21.0482 	2	405304	405389	Leu	GAG	0	0	68.53	39.16	29.37	
NODE_3_length_468282_cov_21.0482 	3	405480	405556	Met	CAT	0	0	85.85	60.06	25.79	
NODE_3_length_468282_cov_21.0482 	4	185331	185245	Leu	CAG	0	0	73.96	38.54	35.42	
NODE_3_length_468282_cov_21.0482 	5	185115	185029	Leu	CAG	0	0	73.96	38.54	35.42	
NODE_4_length_383670_cov_20.0028 	1	300168	300092	Met	CAT	0	0	94.25	81.17	13.08	
NODE_5_length_341114_cov_21.042  	1	275266	275191	Thr	CGT	0	0	90.98	74.93	16.05	
NODE_6_length_323573_cov_21.4945 	1	153999	154088	Ser	TGA	0	0	72.70	38.95	33.75	
NODE_6_length_323573_cov_21.4945 	2	178379	178454	Gly	GCC	0	0	93.74	68.41	25.33	
NODE_6_length_323573_cov_21.4945 	3	184772	184845	Cys	GCA	0	0	62.38	45.73	16.65	
NODE_6_length_323573_cov_21.4945 	4	197397	197483	Leu	TAA	0	0	76.64	42.32	34.32	
NODE_8_length_214787_cov_21.7043 	1	107909	107985	Met	CAT	0	0	85.06	58.55	26.51	
NODE_8_length_214787_cov_21.7043 	2	214173	214245	Leu	GAG	0	0	20.84	19.28	1.56	
NODE_8_length_214787_cov_21.7043 	3	124491	124401	Ser	GCT	0	0	76.69	47.10	29.59	
NODE_8_length_214787_cov_21.7043 	4	124283	124207	Arg	ACG	0	0	83.50	58.05	25.45	
NODE_8_length_214787_cov_21.7043 	5	124095	124019	Arg	ACG	0	0	83.50	58.05	25.45	
NODE_8_length_214787_cov_21.7043 	6	55344 	55269 	Lys	TTT	0	0	95.07	71.82	23.25	
NODE_13_length_195340_cov_21.4938	1	50839 	50763 	Arg	TCT	0	0	96.39	77.88	18.51	
NODE_13_length_195340_cov_21.4938	2	50711 	50636 	His	GTG	0	0	83.51	64.18	19.33	
NODE_13_length_195340_cov_21.4938	3	50581 	50497 	Leu	TAG	0	0	76.62	44.97	31.65	
NODE_13_length_195340_cov_21.4938	4	23992 	23917 	Thr	TGT	0	0	74.27	61.42	12.85	
NODE_14_length_187684_cov_20.9681	1	154210	154121	Ser	CGA	0	0	68.31	24.88	43.43	
NODE_15_length_185443_cov_20.8448	1	54854 	54927 	Arg	ACG	0	0	52.72	27.21	25.51	
NODE_15_length_185443_cov_20.8448	2	163211	163285	Gln	TTG	0	0	66.82	40.36	26.46	
NODE_15_length_185443_cov_20.8448	3	166959	167035	Met	CAT	0	0	87.19	64.42	22.77	
NODE_15_length_185443_cov_20.8448	4	10938 	10863 	Asn	GTT	0	0	91.73	62.08	29.65	
NODE_15_length_185443_cov_20.8448	5	10853 	10777 	Pro	TGG	0	0	87.63	64.60	23.03	
NODE_15_length_185443_cov_20.8448	6	10766 	10691 	Lys	TTT	0	0	95.07	71.82	23.25	
NODE_18_length_146430_cov_21.828 	1	140731	140804	Gly	CCC	0	0	60.35	30.06	30.29	
NODE_20_length_125743_cov_22.0038	1	123544	123469	His	GTG	0	0	83.51	64.18	19.33	
NODE_20_length_125743_cov_22.0038	2	112191	112115	Asp	GTC	0	0	95.34	76.86	18.48	
NODE_21_length_121511_cov_20.5779	1	2301  	2225  	Arg	CCT	0	0	83.71	58.51	25.20	
NODE_22_length_114670_cov_20.9309	1	78711 	78636 	Val	TAC	0	0	94.49	73.68	20.81	
NODE_22_length_114670_cov_20.9309	2	78619 	78543 	Asp	GTC	0	0	94.67	75.49	19.18	
NODE_28_length_76775_cov_21.6613 	1	4899  	4824  	Phe	GAA	0	0	92.69	68.52	24.17	
NODE_29_length_71108_cov_22.9455 	1	34747 	34823 	Arg	CCG	0	0	87.89	66.77	21.12	
NODE_40_length_34270_cov_20.3505 	1	14889 	14813 	Pro	GGG	0	0	74.89	48.01	26.88	
NODE_42_length_32051_cov_19.7785 	1	30832 	30757 	Trp	CCA	0	0	86.73	63.05	23.68	
NODE_43_length_25277_cov_22.8721 	1	21641 	21716 	Thr	TGT	0	0	93.66	75.64	18.02	
NODE_56_length_5405_cov_86.5881  	1	1829  	1905  	Ile	GAT	0	0	98.83	72.69	26.14	
NODE_56_length_5405_cov_86.5881  	2	1934  	2009  	Ala	TGC	0	0	90.68	71.56	19.12	
NODE_62_length_3329_cov_16.6365  	1	521   	437   	Tyr	GTA	0	0	71.07	41.76	29.31	
NODE_62_length_3329_cov_16.6365  	2	410   	337   	Gly	TCC	0	0	82.75	60.87	21.88	
NODE_62_length_3329_cov_16.6365  	3	317   	242   	Thr	GGT	0	0	93.76	67.73	26.03	
