Sequence                         		tRNA  	Bounds	tRNA	Anti	Intron Bounds	Cove	HMM	2'Str	      
Name                             	tRNA #	Begin 	End   	Type	Codon	Begin	End	Score	Score	Score	Note
--------                         	------	----- 	------	----	-----	-----	----	------	-----	-----	------
NODE_1_length_660002_cov_22.0049 	1	161810	161896	Leu	CAG	0	0	73.96	38.54	35.42	
NODE_1_length_660002_cov_22.0049 	2	162026	162112	Leu	CAG	0	0	73.96	38.54	35.42	
NODE_1_length_660002_cov_22.0049 	3	417881	417956	Phe	GAA	0	0	92.69	68.52	24.17	
NODE_1_length_660002_cov_22.0049 	4	429286	429361	Thr	TGT	0	0	93.66	75.64	18.02	
NODE_1_length_660002_cov_22.0049 	5	6447  	6356  	SeC	TCA	0	0	55.75	-18.51	74.26	
NODE_2_length_480938_cov_20.4114 	1	27910 	27999 	Ser	CGA	0	0	68.31	24.88	43.43	
NODE_3_length_471625_cov_20.0405 	1	111476	111565	Ser	GGA	0	0	71.75	34.38	37.37	
NODE_3_length_471625_cov_20.0405 	2	300195	300271	Pro	CGG	0	0	88.20	60.26	27.94	
NODE_3_length_471625_cov_20.0405 	3	429024	429099	Asn	GTT	0	0	91.73	62.08	29.65	
NODE_3_length_471625_cov_20.0405 	4	420225	420150	Ala	GGC	0	0	86.95	68.86	18.09	
NODE_3_length_471625_cov_20.0405 	5	420101	420026	Glu	TTC	0	0	66.40	38.20	28.20	
NODE_3_length_471625_cov_20.0405 	6	419932	419857	Ala	GGC	0	0	86.95	68.86	18.09	
NODE_3_length_471625_cov_20.0405 	7	419810	419735	Glu	TTC	0	0	66.40	38.20	28.20	
NODE_3_length_471625_cov_20.0405 	8	380813	380738	Val	TAC	0	0	94.49	73.68	20.81	
NODE_3_length_471625_cov_20.0405 	9	380721	380645	Asp	GTC	0	0	94.67	75.49	19.18	
NODE_3_length_471625_cov_20.0405 	10	380530	380454	Asp	GTC	0	0	94.67	75.49	19.18	
NODE_3_length_471625_cov_20.0405 	11	78979 	78904 	Glu	TTC	0	0	66.40	38.20	28.20	
NODE_3_length_471625_cov_20.0405 	12	78901 	78826 	Gly	GCC	0	0	93.74	68.41	25.33	
NODE_3_length_471625_cov_20.0405 	13	78741 	78666 	Gly	GCC	0	0	93.74	68.41	25.33	
NODE_3_length_471625_cov_20.0405 	14	34958 	34882 	Val	GAC	0	0	93.19	67.81	25.38	
NODE_3_length_471625_cov_20.0405 	15	817   	741   	Pro	GGG	0	0	74.89	48.01	26.88	
NODE_4_length_394101_cov_19.647  	1	299687	299763	Arg	TCT	0	0	96.39	77.88	18.51	
NODE_4_length_394101_cov_19.647  	2	299815	299890	His	GTG	0	0	83.51	64.18	19.33	
NODE_4_length_394101_cov_19.647  	3	299945	300029	Leu	TAG	0	0	76.62	44.97	31.65	
NODE_4_length_394101_cov_19.647  	4	300096	300171	His	GTG	0	0	83.51	64.18	19.33	
NODE_4_length_394101_cov_19.647  	5	311450	311526	Asp	GTC	0	0	95.34	76.86	18.48	
NODE_5_length_372419_cov_22.4329 	1	295086	295010	Met	CAT	0	0	92.87	71.40	21.47	
NODE_6_length_355669_cov_21.589  	1	278770	278860	Ser	GCT	0	0	76.69	47.10	29.59	
NODE_6_length_355669_cov_21.589  	2	278978	279054	Arg	ACG	0	0	83.50	58.05	25.45	
NODE_6_length_355669_cov_21.589  	3	279166	279242	Arg	ACG	0	0	83.50	58.05	25.45	
NODE_6_length_355669_cov_21.589  	4	347885	347960	Lys	TTT	0	0	95.07	71.82	23.25	
NODE_6_length_355669_cov_21.589  	5	295317	295241	Met	CAT	0	0	85.06	58.55	26.51	
NODE_6_length_355669_cov_21.589  	6	189015	188943	Leu	GAG	0	0	20.84	19.28	1.56	
NODE_6_length_355669_cov_21.589  	7	85104 	85031 	Gly	CCC	0	0	60.35	30.06	30.29	
NODE_7_length_304553_cov_22.2568 	1	270702	270627	Thr	CGT	0	0	90.98	74.93	16.05	
NODE_8_length_274223_cov_20.2744 	1	273662	273738	Arg	CCT	0	0	83.71	58.51	25.20	
NODE_10_length_240359_cov_21.3182	1	210633	210719	Leu	CAA	0	0	69.99	38.33	31.66	
NODE_13_length_203711_cov_20.4202	1	129765	129840	Val	TAC	0	0	94.49	73.68	20.81	
NODE_13_length_203711_cov_20.4202	2	129857	129933	Asp	GTC	0	0	94.67	75.49	19.18	
NODE_15_length_181699_cov_20.2161	1	30718 	30629 	Ser	TGA	0	0	72.70	38.95	33.75	
NODE_15_length_181699_cov_20.2161	2	6342  	6267  	Gly	GCC	0	0	93.74	68.41	25.33	
NODE_15_length_181699_cov_20.2161	3	1718  	1645  	Cys	GCA	0	0	62.38	45.73	16.65	
NODE_17_length_161389_cov_21.9099	1	48343 	48416 	Arg	ACG	0	0	52.72	27.21	25.51	
NODE_17_length_161389_cov_21.9099	2	154105	154179	Gln	TTG	0	0	66.82	40.36	26.46	
NODE_17_length_161389_cov_21.9099	3	157853	157929	Met	CAT	0	0	87.19	64.42	22.77	
NODE_17_length_161389_cov_21.9099	4	4427  	4352  	Asn	GTT	0	0	91.73	62.08	29.65	
NODE_17_length_161389_cov_21.9099	5	4342  	4266  	Pro	TGG	0	0	87.63	64.60	23.03	
NODE_17_length_161389_cov_21.9099	6	4255  	4180  	Lys	TTT	0	0	95.07	71.82	23.25	
NODE_19_length_119961_cov_21.8669	1	62683 	62598 	Leu	GAG	0	0	68.53	39.16	29.37	
NODE_19_length_119961_cov_21.8669	2	62507 	62431 	Met	CAT	0	0	85.85	60.06	25.79	
NODE_20_length_111135_cov_20.4212	1	99977 	99891 	Leu	TAA	0	0	76.64	42.32	34.32	
NODE_25_length_65628_cov_23.5578 	1	64409 	64334 	Trp	CCA	0	0	86.73	63.05	23.68	
NODE_32_length_35750_cov_22.9569 	1	1296  	1220  	Arg	CCG	0	0	87.81	66.55	21.26	
NODE_42_length_5713_cov_86.9869  	1	3589  	3513  	Ile	GAT	0	0	98.83	72.69	26.14	
NODE_42_length_5713_cov_86.9869  	2	3484  	3409  	Ala	TGC	0	0	90.68	71.56	19.12	
NODE_51_length_3319_cov_21.89    	1	521   	437   	Tyr	GTA	0	0	71.07	41.76	29.31	
NODE_51_length_3319_cov_21.89    	2	410   	337   	Gly	TCC	0	0	82.75	60.87	21.88	
NODE_51_length_3319_cov_21.89    	3	317   	242   	Thr	GGT	0	0	93.76	67.73	26.03	
