Sequence                         		tRNA  	Bounds	tRNA	Anti	Intron Bounds	Cove	HMM	2'Str	      
Name                             	tRNA #	Begin 	End   	Type	Codon	Begin	End	Score	Score	Score	Note
--------                         	------	----- 	------	----	-----	-----	----	------	-----	-----	------
NODE_1_length_765175_cov_19.5336 	1	257978	258064	Leu	CAG	0	0	73.96	38.54	35.42	
NODE_1_length_765175_cov_19.5336 	2	258194	258280	Leu	CAG	0	0	73.96	38.54	35.42	
NODE_1_length_765175_cov_19.5336 	3	514917	514992	Phe	GAA	0	0	92.69	68.52	24.17	
NODE_1_length_765175_cov_19.5336 	4	526322	526397	Thr	TGT	0	0	93.66	75.64	18.02	
NODE_1_length_765175_cov_19.5336 	5	104306	104215	SeC	TCA	0	0	55.75	-18.51	74.26	
NODE_1_length_765175_cov_19.5336 	6	50120 	50035 	Leu	GAG	0	0	68.53	39.16	29.37	
NODE_1_length_765175_cov_19.5336 	7	49944 	49868 	Met	CAT	0	0	85.85	60.06	25.79	
NODE_2_length_758096_cov_20.2489 	1	124015	123939	Arg	TCT	0	0	96.39	77.88	18.51	
NODE_2_length_758096_cov_20.2489 	2	123887	123812	His	GTG	0	0	83.51	64.18	19.33	
NODE_2_length_758096_cov_20.2489 	3	123757	123673	Leu	TAG	0	0	76.62	44.97	31.65	
NODE_2_length_758096_cov_20.2489 	4	123606	123531	His	GTG	0	0	83.51	64.18	19.33	
NODE_2_length_758096_cov_20.2489 	5	112247	112171	Asp	GTC	0	0	95.34	76.86	18.48	
NODE_3_length_573813_cov_20.2134 	1	209111	209200	Ser	GGA	0	0	71.75	34.38	37.37	
NODE_3_length_573813_cov_20.2134 	2	397888	397964	Pro	CGG	0	0	88.20	60.26	27.94	
NODE_3_length_573813_cov_20.2134 	3	526718	526793	Asn	GTT	0	0	91.73	62.08	29.65	
NODE_3_length_573813_cov_20.2134 	4	517919	517844	Ala	GGC	0	0	86.95	68.86	18.09	
NODE_3_length_573813_cov_20.2134 	5	517795	517720	Glu	TTC	0	0	66.40	38.20	28.20	
NODE_3_length_573813_cov_20.2134 	6	517626	517551	Ala	GGC	0	0	86.95	68.86	18.09	
NODE_3_length_573813_cov_20.2134 	7	517504	517429	Glu	TTC	0	0	66.40	38.20	28.20	
NODE_3_length_573813_cov_20.2134 	8	478507	478432	Val	TAC	0	0	94.49	73.68	20.81	
NODE_3_length_573813_cov_20.2134 	9	478415	478339	Asp	GTC	0	0	94.67	75.49	19.18	
NODE_3_length_573813_cov_20.2134 	10	478224	478148	Asp	GTC	0	0	94.67	75.49	19.18	
NODE_3_length_573813_cov_20.2134 	11	176615	176540	Glu	TTC	0	0	66.40	38.20	28.20	
NODE_3_length_573813_cov_20.2134 	12	176537	176462	Gly	GCC	0	0	77.83	52.49	25.34	
NODE_3_length_573813_cov_20.2134 	13	176377	176302	Gly	GCC	0	0	89.74	69.88	19.86	
NODE_3_length_573813_cov_20.2134 	14	129985	129909	Val	GAC	0	0	93.19	67.81	25.38	
NODE_3_length_573813_cov_20.2134 	15	95844 	95768 	Pro	GGG	0	0	74.89	48.01	26.88	
NODE_4_length_462370_cov_19.9546 	1	210873	210787	Leu	CAA	0	0	69.99	38.33	31.66	
NODE_5_length_434321_cov_20.4548 	1	58498 	58574 	Met	CAT	0	0	85.06	58.55	26.51	
NODE_5_length_434321_cov_20.4548 	2	164725	164797	Leu	GAG	0	0	20.84	19.28	1.56	
NODE_5_length_434321_cov_20.4548 	3	276036	276109	Gly	CCC	0	0	60.35	30.06	30.29	
NODE_5_length_434321_cov_20.4548 	4	75044 	74954 	Ser	GCT	0	0	76.69	47.10	29.59	
NODE_5_length_434321_cov_20.4548 	5	74836 	74760 	Arg	ACG	0	0	83.50	58.05	25.45	
NODE_5_length_434321_cov_20.4548 	6	74648 	74572 	Arg	ACG	0	0	83.50	58.05	25.45	
NODE_5_length_434321_cov_20.4548 	7	5948  	5873  	Lys	TTT	0	0	95.07	71.82	23.25	
NODE_6_length_377743_cov_19.2152 	1	298378	298302	Met	CAT	0	0	92.87	71.40	21.47	
NODE_7_length_327793_cov_20.8064 	1	248206	248121	Lys	TTT	0	0	22.00	12.28	9.72	
NODE_7_length_327793_cov_20.8064 	2	230275	230200	Thr	CGT	0	0	90.98	74.93	16.05	
NODE_9_length_263627_cov_21.0714 	1	228918	228842	Arg	CCG	0	0	90.57	71.58	18.99	
NODE_10_length_241882_cov_20.8556	1	207191	207102	Ser	CGA	0	0	68.31	24.88	43.43	
NODE_11_length_209513_cov_21.587 	1	69410 	69485 	Gly	GCC	0	0	93.74	68.41	25.33	
NODE_11_length_209513_cov_21.587 	2	189232	189305	Cys	GCA	0	0	62.38	45.73	16.65	
NODE_12_length_209474_cov_19.2839	1	2890  	2814  	Arg	CCT	0	0	83.71	58.51	25.20	
NODE_13_length_204895_cov_20.0657	1	131050	131125	Val	TAC	0	0	94.49	73.68	20.81	
NODE_13_length_204895_cov_20.0657	2	131142	131218	Asp	GTC	0	0	94.67	75.49	19.18	
NODE_20_length_122917_cov_20.5957	1	66075 	66148 	Arg	ACG	0	0	52.72	27.21	25.51	
NODE_20_length_122917_cov_20.5957	2	22182 	22107 	Asn	GTT	0	0	91.73	62.08	29.65	
NODE_20_length_122917_cov_20.5957	3	22097 	22021 	Pro	TGG	0	0	87.63	64.60	23.03	
NODE_20_length_122917_cov_20.5957	4	22010 	21935 	Lys	TTT	0	0	95.07	71.82	23.25	
NODE_22_length_94089_cov_20.2099 	1	90045 	90134 	Ser	TGA	0	0	68.83	34.50	34.33	
NODE_24_length_65470_cov_19.0345 	1	64251 	64176 	Trp	CCA	0	0	86.73	63.05	23.68	
NODE_25_length_61615_cov_19.5597 	1	11118 	11044 	Gln	TTG	0	0	66.82	40.36	26.46	
NODE_25_length_61615_cov_19.5597 	2	7369  	7293  	Met	CAT	0	0	87.19	64.42	22.77	
NODE_37_length_5317_cov_82.4667  	1	3489  	3413  	Ile	GAT	0	0	98.83	72.69	26.14	
NODE_37_length_5317_cov_82.4667  	2	3384  	3309  	Ala	TGC	0	0	90.68	71.56	19.12	
NODE_40_length_3418_cov_19.1401  	1	521   	437   	Tyr	GTA	0	0	71.07	41.76	29.31	
NODE_40_length_3418_cov_19.1401  	2	410   	337   	Gly	TCC	0	0	82.75	60.87	21.88	
NODE_40_length_3418_cov_19.1401  	3	317   	242   	Thr	GGT	0	0	93.76	67.73	26.03	
