Sequence                         		tRNA  	Bounds	tRNA	Anti	Intron Bounds	Cove	HMM	2'Str	      
Name                             	tRNA #	Begin 	End   	Type	Codon	Begin	End	Score	Score	Score	Note
--------                         	------	----- 	------	----	-----	-----	----	------	-----	-----	------
NODE_1_length_598849_cov_37.7324 	1	210702	210616	Leu	CAA	0	0	69.99	38.33	31.66	
NODE_2_length_582114_cov_38.4795 	1	465242	465333	SeC	TCA	0	0	55.75	-18.51	74.26	
NODE_2_length_582114_cov_38.4795 	2	519301	519386	Leu	GAG	0	0	68.53	39.16	29.37	
NODE_2_length_582114_cov_38.4795 	3	519477	519553	Met	CAT	0	0	85.85	60.06	25.79	
NODE_2_length_582114_cov_38.4795 	4	311678	311592	Leu	CAG	0	0	73.96	38.54	35.42	
NODE_2_length_582114_cov_38.4795 	5	311462	311376	Leu	CAG	0	0	73.96	38.54	35.42	
NODE_2_length_582114_cov_38.4795 	6	57292 	57217 	Phe	GAA	0	0	92.69	68.52	24.17	
NODE_2_length_582114_cov_38.4795 	7	44666 	44592 	Undet	NNN	0	0	23.83	22.17	1.66	
NODE_2_length_582114_cov_38.4795 	8	33257 	33182 	Thr	TGT	0	0	95.98	77.96	18.02	
NODE_3_length_500182_cov_39.117  	1	109966	110055	Ser	GGA	0	0	71.75	34.38	37.37	
NODE_3_length_500182_cov_39.117  	2	327305	327381	Pro	CGG	0	0	88.20	60.26	27.94	
NODE_3_length_500182_cov_39.117  	3	456092	456167	Asn	GTT	0	0	91.73	62.08	29.65	
NODE_3_length_500182_cov_39.117  	4	447293	447218	Ala	GGC	0	0	86.95	68.86	18.09	
NODE_3_length_500182_cov_39.117  	5	447169	447094	Glu	TTC	0	0	66.40	38.20	28.20	
NODE_3_length_500182_cov_39.117  	6	447000	446925	Ala	GGC	0	0	86.95	68.86	18.09	
NODE_3_length_500182_cov_39.117  	7	446878	446803	Glu	TTC	0	0	66.40	38.20	28.20	
NODE_3_length_500182_cov_39.117  	8	407903	407828	Val	TAC	0	0	94.49	73.68	20.81	
NODE_3_length_500182_cov_39.117  	9	407811	407735	Asp	GTC	0	0	94.67	75.49	19.18	
NODE_3_length_500182_cov_39.117  	10	407620	407544	Asp	GTC	0	0	94.67	75.49	19.18	
NODE_3_length_500182_cov_39.117  	11	77468 	77393 	Glu	TTC	0	0	66.40	38.20	28.20	
NODE_3_length_500182_cov_39.117  	12	77390 	77315 	Gly	GCC	0	0	93.74	68.41	25.33	
NODE_3_length_500182_cov_39.117  	13	77230 	77155 	Gly	GCC	0	0	93.74	68.41	25.33	
NODE_3_length_500182_cov_39.117  	14	35698 	35622 	Val	GAC	0	0	93.19	67.81	25.38	
NODE_3_length_500182_cov_39.117  	15	1555  	1479  	Pro	GGG	0	0	74.89	48.01	26.88	
NODE_4_length_452208_cov_41.3354 	1	342025	342101	Met	CAT	0	0	85.06	58.55	26.51	
NODE_4_length_452208_cov_41.3354 	2	448246	448318	Leu	GAG	0	0	20.84	19.28	1.56	
NODE_4_length_452208_cov_41.3354 	3	358567	358477	Ser	GCT	0	0	76.69	47.10	29.59	
NODE_4_length_452208_cov_41.3354 	4	358359	358283	Arg	ACG	0	0	83.50	58.05	25.45	
NODE_4_length_452208_cov_41.3354 	5	358171	358095	Arg	ACG	0	0	83.50	58.05	25.45	
NODE_4_length_452208_cov_41.3354 	6	289431	289356	Lys	TTT	0	0	95.07	71.82	23.25	
NODE_4_length_452208_cov_41.3354 	7	178141	178056	Lys	TTT	0	0	22.00	12.28	9.72	
NODE_4_length_452208_cov_41.3354 	8	150592	150503	Ser	CGA	0	0	68.31	24.88	43.43	
NODE_5_length_415532_cov_37.27   	1	293783	293856	Arg	ACG	0	0	52.72	27.21	25.51	
NODE_5_length_415532_cov_37.27   	2	401221	401295	Gln	TTG	0	0	66.82	40.36	26.46	
NODE_5_length_415532_cov_37.27   	3	404970	405046	Met	CAT	0	0	87.19	64.42	22.77	
NODE_5_length_415532_cov_37.27   	4	249867	249792	Asn	GTT	0	0	91.73	62.08	29.65	
NODE_5_length_415532_cov_37.27   	5	249782	249706	Pro	TGG	0	0	87.63	64.60	23.03	
NODE_5_length_415532_cov_37.27   	6	249695	249620	Lys	TTT	0	0	95.07	71.82	23.25	
NODE_5_length_415532_cov_37.27   	7	230377	230302	Thr	CGT	0	0	90.98	74.93	16.05	
NODE_6_length_405308_cov_39.8466 	1	388413	388489	Arg	TCT	0	0	96.39	77.88	18.51	
NODE_6_length_405308_cov_39.8466 	2	388541	388616	His	GTG	0	0	83.51	64.18	19.33	
NODE_6_length_405308_cov_39.8466 	3	388671	388755	Leu	TAG	0	0	76.62	44.97	31.65	
NODE_7_length_377992_cov_37.0912 	1	300689	300613	Met	CAT	0	0	92.87	71.40	21.47	
NODE_8_length_301706_cov_37.8206 	1	93814 	93890 	Arg	CCT	0	0	83.71	58.51	25.20	
NODE_8_length_301706_cov_37.8206 	2	227836	227911	Val	TAC	0	0	94.49	73.68	20.81	
NODE_8_length_301706_cov_37.8206 	3	227928	228004	Asp	GTC	0	0	94.67	75.49	19.18	
NODE_13_length_230476_cov_42.4103	1	140459	140384	Gly	GCC	0	0	93.74	68.41	25.33	
NODE_13_length_230476_cov_42.4103	2	135837	135764	Cys	GCA	0	0	62.38	45.73	16.65	
NODE_13_length_230476_cov_42.4103	3	123212	123126	Leu	TAA	0	0	76.64	42.32	34.32	
NODE_16_length_163525_cov_41.7746	1	12027 	12102 	Gly	TCC	0	0	82.79	56.37	26.42	
NODE_16_length_163525_cov_41.7746	2	40162 	40237 	His	GTG	0	0	83.51	64.18	19.33	
NODE_16_length_163525_cov_41.7746	3	51528 	51604 	Asp	GTC	0	0	95.34	76.86	18.48	
NODE_17_length_156899_cov_40.2331	1	149463	149552	Ser	TGA	0	0	72.99	31.35	41.64	
NODE_18_length_156635_cov_39.1694	1	98873 	98946 	Gly	CCC	0	0	60.35	30.06	30.29	
NODE_22_length_65512_cov_35.9326 	1	64293 	64218 	Trp	CCA	0	0	86.73	63.05	23.68	
NODE_28_length_35822_cov_40.0117 	1	1188  	1112  	Arg	CCG	0	0	87.81	66.55	21.26	
NODE_36_length_5589_cov_145.059  	1	2000  	2076  	Ile	GAT	0	0	98.83	72.69	26.14	
NODE_36_length_5589_cov_145.059  	2	2105  	2180  	Ala	TGC	0	0	90.68	71.56	19.12	
NODE_42_length_3319_cov_32.9596  	1	521   	437   	Tyr	GTA	0	0	71.07	41.76	29.31	
NODE_42_length_3319_cov_32.9596  	2	410   	337   	Gly	TCC	0	0	82.75	60.87	21.88	
NODE_42_length_3319_cov_32.9596  	3	317   	242   	Thr	GGT	0	0	93.76	67.73	26.03	
