Sequence                         		tRNA  	Bounds	tRNA	Anti	Intron Bounds	Cove	HMM	2'Str	      
Name                             	tRNA #	Begin 	End   	Type	Codon	Begin	End	Score	Score	Score	Note
--------                         	------	----- 	------	----	-----	-----	----	------	-----	-----	------
NODE_1_length_908738_cov_25.7307 	1	694840	694916	Arg	CCT	0	0	83.71	58.51	25.20	
NODE_1_length_908738_cov_25.7307 	2	830856	830931	Val	TAC	0	0	94.49	73.68	20.81	
NODE_1_length_908738_cov_25.7307 	3	830948	831024	Asp	GTC	0	0	94.67	75.49	19.18	
NODE_1_length_908738_cov_25.7307 	4	210816	210730	Leu	CAA	0	0	69.99	38.33	31.66	
NODE_2_length_680869_cov_25.8322 	1	318875	318964	Ser	GGA	0	0	71.75	34.38	37.37	
NODE_2_length_680869_cov_25.8322 	2	507654	507730	Pro	CGG	0	0	88.20	60.26	27.94	
NODE_2_length_680869_cov_25.8322 	3	636487	636562	Asn	GTT	0	0	91.73	62.08	29.65	
NODE_2_length_680869_cov_25.8322 	4	627688	627613	Ala	GGC	0	0	86.95	68.86	18.09	
NODE_2_length_680869_cov_25.8322 	5	627564	627489	Glu	TTC	0	0	66.40	38.20	28.20	
NODE_2_length_680869_cov_25.8322 	6	627395	627320	Ala	GGC	0	0	86.95	68.86	18.09	
NODE_2_length_680869_cov_25.8322 	7	627273	627198	Glu	TTC	0	0	66.40	38.20	28.20	
NODE_2_length_680869_cov_25.8322 	8	588277	588202	Val	TAC	0	0	94.49	73.68	20.81	
NODE_2_length_680869_cov_25.8322 	9	588185	588109	Asp	GTC	0	0	94.67	75.49	19.18	
NODE_2_length_680869_cov_25.8322 	10	587994	587918	Asp	GTC	0	0	94.67	75.49	19.18	
NODE_2_length_680869_cov_25.8322 	11	286379	286304	Glu	TTC	0	0	66.40	38.20	28.20	
NODE_2_length_680869_cov_25.8322 	12	286301	286226	Gly	GCC	0	0	93.74	68.41	25.33	
NODE_2_length_680869_cov_25.8322 	13	286141	286066	Gly	GCC	0	0	93.74	68.41	25.33	
NODE_2_length_680869_cov_25.8322 	14	197229	197153	Val	GAC	0	0	93.19	67.81	25.38	
NODE_2_length_680869_cov_25.8322 	15	163091	163015	Pro	GGG	0	0	74.89	48.01	26.88	
NODE_2_length_680869_cov_25.8322 	16	6405  	6316  	Ser	TGA	0	0	72.99	31.35	41.64	
NODE_3_length_429598_cov_26.845  	1	241157	241082	Phe	GAA	0	0	92.69	68.52	24.17	
NODE_3_length_429598_cov_26.845  	2	229747	229672	Thr	TGT	0	0	93.66	75.64	18.02	
NODE_4_length_400291_cov_26.1702 	1	322752	322676	Met	CAT	0	0	92.87	71.40	21.47	
NODE_5_length_341569_cov_26.5729 	1	224458	224549	SeC	TCA	0	0	55.75	-18.51	74.26	
NODE_5_length_341569_cov_26.5729 	2	278666	278751	Leu	GAG	0	0	68.53	39.16	29.37	
NODE_5_length_341569_cov_26.5729 	3	278842	278918	Met	CAT	0	0	85.85	60.06	25.79	
NODE_5_length_341569_cov_26.5729 	4	70958 	70872 	Leu	CAG	0	0	73.96	38.54	35.42	
NODE_5_length_341569_cov_26.5729 	5	70742 	70656 	Leu	CAG	0	0	73.96	38.54	35.42	
NODE_7_length_310191_cov_25.4791 	1	7410  	7334  	Arg	TCT	0	0	96.39	77.88	18.51	
NODE_7_length_310191_cov_25.4791 	2	7282  	7207  	His	GTG	0	0	83.51	64.18	19.33	
NODE_7_length_310191_cov_25.4791 	3	7152  	7068  	Leu	TAG	0	0	76.62	44.97	31.65	
NODE_8_length_282670_cov_26.0359 	1	200790	200880	Ser	GCT	0	0	76.69	47.10	29.59	
NODE_8_length_282670_cov_26.0359 	2	200998	201074	Arg	ACG	0	0	83.50	58.05	25.45	
NODE_8_length_282670_cov_26.0359 	3	201187	201263	Arg	ACG	0	0	83.50	58.05	25.45	
NODE_8_length_282670_cov_26.0359 	4	269885	269960	Lys	TTT	0	0	95.07	71.82	23.25	
NODE_8_length_282670_cov_26.0359 	5	217334	217258	Met	CAT	0	0	85.06	58.55	26.51	
NODE_8_length_282670_cov_26.0359 	6	111123	111051	Leu	GAG	0	0	20.84	19.28	1.56	
NODE_8_length_282670_cov_26.0359 	7	7193  	7120  	Gly	CCC	0	0	60.35	30.06	30.29	
NODE_10_length_229370_cov_25.9419	1	422   	507   	Lys	TTT	0	0	22.00	12.28	9.72	
NODE_10_length_229370_cov_25.9419	2	18432 	18507 	Thr	CGT	0	0	90.98	74.93	16.05	
NODE_13_length_205755_cov_25.8579	1	139705	139630	Gly	GCC	0	0	93.74	68.41	25.33	
NODE_13_length_205755_cov_25.8579	2	135083	135010	Cys	GCA	0	0	62.38	45.73	16.65	
NODE_13_length_205755_cov_25.8579	3	122459	122373	Leu	TAA	0	0	76.64	42.32	34.32	
NODE_15_length_196213_cov_26.5007	1	173342	173417	Asn	GTT	0	0	91.73	62.08	29.65	
NODE_15_length_196213_cov_26.5007	2	173427	173503	Pro	TGG	0	0	87.63	64.60	23.03	
NODE_15_length_196213_cov_26.5007	3	173514	173589	Lys	TTT	0	0	95.07	71.82	23.25	
NODE_15_length_196213_cov_26.5007	4	129426	129353	Arg	ACG	0	0	52.72	27.21	25.51	
NODE_15_length_196213_cov_26.5007	5	22240 	22166 	Gln	TTG	0	0	66.82	40.36	26.46	
NODE_15_length_196213_cov_26.5007	6	18491 	18415 	Met	CAT	0	0	87.19	64.42	22.77	
NODE_16_length_187144_cov_26.0557	1	159164	159075	Ser	CGA	0	0	68.31	24.88	43.43	
NODE_17_length_149027_cov_25.3706	1	92138 	92063 	His	GTG	0	0	83.51	64.18	19.33	
NODE_17_length_149027_cov_25.3706	2	80766 	80690 	Asp	GTC	0	0	95.34	76.86	18.48	
NODE_22_length_65613_cov_25.4345 	1	64394 	64319 	Trp	CCA	0	0	86.73	63.05	23.68	
NODE_28_length_47489_cov_27.0551 	1	12851 	12775 	Arg	CCG	0	0	87.81	66.55	21.26	
NODE_43_length_5491_cov_95.1314  	1	3589  	3513  	Ile	GAT	0	0	98.83	72.69	26.14	
NODE_43_length_5491_cov_95.1314  	2	3484  	3409  	Ala	TGC	0	0	90.68	71.56	19.12	
NODE_50_length_3319_cov_26.1234  	1	521   	437   	Tyr	GTA	0	0	71.07	41.76	29.31	
NODE_50_length_3319_cov_26.1234  	2	410   	337   	Gly	TCC	0	0	82.75	60.87	21.88	
NODE_50_length_3319_cov_26.1234  	3	317   	242   	Thr	GGT	0	0	93.76	67.73	26.03	
