Sequence                         		tRNA  	Bounds	tRNA	Anti	Intron Bounds	Cove	HMM	2'Str	      
Name                             	tRNA #	Begin 	End   	Type	Codon	Begin	End	Score	Score	Score	Note
--------                         	------	----- 	------	----	-----	-----	----	------	-----	-----	------
NODE_1_length_791661_cov_24.2663 	1	422044	422133	Ser	GGA	0	0	71.75	34.38	37.37	
NODE_1_length_791661_cov_24.2663 	2	610820	610896	Pro	CGG	0	0	88.20	60.26	27.94	
NODE_1_length_791661_cov_24.2663 	3	739634	739709	Asn	GTT	0	0	91.73	62.08	29.65	
NODE_1_length_791661_cov_24.2663 	4	730827	730752	Ala	GGC	0	0	86.95	68.86	18.09	
NODE_1_length_791661_cov_24.2663 	5	730703	730628	Glu	TTC	0	0	66.40	38.20	28.20	
NODE_1_length_791661_cov_24.2663 	6	730534	730459	Ala	GGC	0	0	86.95	68.86	18.09	
NODE_1_length_791661_cov_24.2663 	7	730412	730337	Glu	TTC	0	0	66.40	38.20	28.20	
NODE_1_length_791661_cov_24.2663 	8	691439	691364	Val	TAC	0	0	94.49	73.68	20.81	
NODE_1_length_791661_cov_24.2663 	9	691347	691271	Asp	GTC	0	0	94.67	75.49	19.18	
NODE_1_length_791661_cov_24.2663 	10	691156	691080	Asp	GTC	0	0	94.67	75.49	19.18	
NODE_1_length_791661_cov_24.2663 	11	389550	389475	Glu	TTC	0	0	66.40	38.20	28.20	
NODE_1_length_791661_cov_24.2663 	12	389472	389397	Gly	GCC	0	0	93.74	68.41	25.33	
NODE_1_length_791661_cov_24.2663 	13	389312	389237	Gly	GCC	0	0	93.74	68.41	25.33	
NODE_1_length_791661_cov_24.2663 	14	288857	288781	Val	GAC	0	0	93.19	67.81	25.38	
NODE_1_length_791661_cov_24.2663 	15	254715	254639	Pro	GGG	0	0	74.89	48.01	26.88	
NODE_1_length_791661_cov_24.2663 	16	88648 	88559 	Ser	TGA	0	0	72.70	38.95	33.75	
NODE_1_length_791661_cov_24.2663 	17	64273 	64198 	Gly	GCC	0	0	93.74	68.41	25.33	
NODE_2_length_656699_cov_23.4261 	1	653374	653465	SeC	TCA	0	0	55.75	-18.51	74.26	
NODE_2_length_656699_cov_23.4261 	2	499503	499417	Leu	CAG	0	0	73.96	38.54	35.42	
NODE_2_length_656699_cov_23.4261 	3	499287	499201	Leu	CAG	0	0	73.96	38.54	35.42	
NODE_2_length_656699_cov_23.4261 	4	242549	242474	Phe	GAA	0	0	92.69	68.52	24.17	
NODE_2_length_656699_cov_23.4261 	5	231144	231069	Thr	TGT	0	0	93.66	75.64	18.02	
NODE_3_length_622128_cov_22.967  	1	379673	379759	Leu	CAA	0	0	69.99	38.33	31.66	
NODE_4_length_554785_cov_24.2162 	1	526992	526903	Ser	CGA	0	0	68.31	24.88	43.43	
NODE_5_length_424045_cov_23.4395 	1	331427	331351	Met	CAT	0	0	92.87	71.40	21.47	
NODE_5_length_424045_cov_23.4395 	2	1283  	1207  	Arg	CCG	0	0	88.66	67.40	21.26	
NODE_6_length_395322_cov_24.0394 	1	302587	302663	Arg	TCT	0	0	96.39	77.88	18.51	
NODE_6_length_395322_cov_24.0394 	2	302715	302790	His	GTG	0	0	83.51	64.18	19.33	
NODE_6_length_395322_cov_24.0394 	3	302845	302929	Leu	TAG	0	0	76.62	44.97	31.65	
NODE_6_length_395322_cov_24.0394 	4	302996	303071	His	GTG	0	0	83.51	64.18	19.33	
NODE_6_length_395322_cov_24.0394 	5	314362	314438	Asp	GTC	0	0	95.34	76.86	18.48	
NODE_8_length_321972_cov_23.3478 	1	251840	251930	Ser	GCT	0	0	76.69	47.10	29.59	
NODE_8_length_321972_cov_23.3478 	2	252048	252124	Arg	ACG	0	0	83.50	58.05	25.45	
NODE_8_length_321972_cov_23.3478 	3	252236	252312	Arg	ACG	0	0	83.50	58.05	25.45	
NODE_8_length_321972_cov_23.3478 	4	320935	321010	Lys	TTT	0	0	95.07	71.82	23.25	
NODE_8_length_321972_cov_23.3478 	5	268382	268306	Met	CAT	0	0	85.06	58.55	26.51	
NODE_8_length_321972_cov_23.3478 	6	162176	162104	Leu	GAG	0	0	20.84	19.28	1.56	
NODE_8_length_321972_cov_23.3478 	7	58238 	58165 	Gly	CCC	0	0	60.35	30.06	30.29	
NODE_9_length_269383_cov_23.2272 	1	237097	237022	Thr	CGT	0	0	90.98	74.93	16.05	
NODE_12_length_213752_cov_22.7944	1	123843	123919	Arg	CCT	0	0	83.71	58.51	25.20	
NODE_13_length_150645_cov_26.4619	1	40533 	40606 	Cys	GCA	0	0	62.38	45.73	16.65	
NODE_13_length_150645_cov_26.4619	2	53157 	53243 	Leu	TAA	0	0	76.64	42.32	34.32	
NODE_14_length_137156_cov_23.9025	1	78868 	78941 	Arg	ACG	0	0	52.72	27.21	25.51	
NODE_14_length_137156_cov_23.9025	2	34953 	34878 	Asn	GTT	0	0	91.73	62.08	29.65	
NODE_14_length_137156_cov_23.9025	3	34868 	34792 	Pro	TGG	0	0	87.63	64.60	23.03	
NODE_14_length_137156_cov_23.9025	4	34781 	34706 	Lys	TTT	0	0	95.07	71.82	23.25	
NODE_17_length_120045_cov_23.6959	1	57382 	57467 	Leu	GAG	0	0	68.53	39.16	29.37	
NODE_17_length_120045_cov_23.6959	2	57558 	57634 	Met	CAT	0	0	85.85	60.06	25.79	
NODE_18_length_113897_cov_23.5828	1	36000 	36075 	Val	TAC	0	0	94.49	73.68	20.81	
NODE_18_length_113897_cov_23.5828	2	36092 	36168 	Asp	GTC	0	0	94.67	75.49	19.18	
NODE_22_length_71497_cov_23.597  	1	49020 	49094 	Gln	TTG	0	0	66.82	40.36	26.46	
NODE_22_length_71497_cov_23.597  	2	67729 	67805 	Met	CAT	0	0	87.19	64.42	22.77	
NODE_24_length_65171_cov_23.8973 	1	872   	947   	Trp	CCA	0	0	86.73	63.05	23.68	
NODE_37_length_5513_cov_99.8141  	1	3579  	3503  	Ile	GAT	0	0	98.83	72.69	26.14	
NODE_37_length_5513_cov_99.8141  	2	3474  	3399  	Ala	TGC	0	0	90.68	71.56	19.12	
NODE_41_length_3678_cov_25.1701  	1	2810  	2894  	Tyr	GTA	0	0	71.07	41.76	29.31	
NODE_41_length_3678_cov_25.1701  	2	2921  	2994  	Gly	TCC	0	0	82.75	60.87	21.88	
NODE_41_length_3678_cov_25.1701  	3	3014  	3089  	Thr	GGT	0	0	93.76	67.73	26.03	
