Sequence                         		tRNA  	Bounds	tRNA	Anti	Intron Bounds	Cove	HMM	2'Str	      
Name                             	tRNA #	Begin 	End   	Type	Codon	Begin	End	Score	Score	Score	Note
--------                         	------	----- 	------	----	-----	-----	----	------	-----	-----	------
NODE_1_length_652019_cov_26.0887 	1	234941	234855	Leu	CAA	0	0	69.99	38.33	31.66	
NODE_2_length_489218_cov_27.0852 	1	51399 	51474 	Ala	GGC	0	0	86.95	68.86	18.09	
NODE_2_length_489218_cov_27.0852 	2	51523 	51598 	Glu	TTC	0	0	66.40	38.20	28.20	
NODE_2_length_489218_cov_27.0852 	3	51692 	51767 	Ala	GGC	0	0	86.95	68.86	18.09	
NODE_2_length_489218_cov_27.0852 	4	51814 	51889 	Glu	TTC	0	0	66.40	38.20	28.20	
NODE_2_length_489218_cov_27.0852 	5	90791 	90866 	Val	TAC	0	0	94.49	73.68	20.81	
NODE_2_length_489218_cov_27.0852 	6	90883 	90959 	Asp	GTC	0	0	94.67	75.49	19.18	
NODE_2_length_489218_cov_27.0852 	7	91074 	91150 	Asp	GTC	0	0	94.67	75.49	19.18	
NODE_2_length_489218_cov_27.0852 	8	393770	393845	Glu	TTC	0	0	66.40	38.20	28.20	
NODE_2_length_489218_cov_27.0852 	9	393848	393923	Gly	GCC	0	0	93.74	68.41	25.33	
NODE_2_length_489218_cov_27.0852 	10	394008	394083	Gly	GCC	0	0	93.74	68.41	25.33	
NODE_2_length_489218_cov_27.0852 	11	440440	440516	Val	GAC	0	0	93.19	67.81	25.38	
NODE_2_length_489218_cov_27.0852 	12	361275	361186	Ser	GGA	0	0	71.75	34.38	37.37	
NODE_2_length_489218_cov_27.0852 	13	172482	172406	Pro	CGG	0	0	88.20	60.26	27.94	
NODE_2_length_489218_cov_27.0852 	14	42600 	42525 	Asn	GTT	0	0	91.73	62.08	29.65	
NODE_3_length_458616_cov_26.2786 	1	341599	341690	SeC	TCA	0	0	55.75	-18.51	74.26	
NODE_3_length_458616_cov_26.2786 	2	395638	395723	Leu	GAG	0	0	68.53	39.16	29.37	
NODE_3_length_458616_cov_26.2786 	3	395814	395890	Met	CAT	0	0	85.85	60.06	25.79	
NODE_3_length_458616_cov_26.2786 	4	185318	185232	Leu	CAG	0	0	73.96	38.54	35.42	
NODE_3_length_458616_cov_26.2786 	5	185102	185016	Leu	CAG	0	0	73.96	38.54	35.42	
NODE_4_length_381673_cov_28.3907 	1	291291	291202	Ser	TGA	0	0	72.70	38.95	33.75	
NODE_4_length_381673_cov_28.3907 	2	266911	266836	Gly	GCC	0	0	93.74	68.41	25.33	
NODE_4_length_381673_cov_28.3907 	3	138801	138728	Cys	GCA	0	0	62.38	45.73	16.65	
NODE_4_length_381673_cov_28.3907 	4	126176	126090	Leu	TAA	0	0	76.64	42.32	34.32	
NODE_5_length_378010_cov_25.1694 	1	300345	300269	Met	CAT	0	0	94.25	81.17	13.08	
NODE_9_length_217061_cov_26.8612 	1	90484 	90574 	Ser	GCT	0	0	76.69	47.10	29.59	
NODE_9_length_217061_cov_26.8612 	2	90692 	90768 	Arg	ACG	0	0	83.50	58.05	25.45	
NODE_9_length_217061_cov_26.8612 	3	90880 	90956 	Arg	ACG	0	0	83.50	58.05	25.45	
NODE_9_length_217061_cov_26.8612 	4	159644	159719	Lys	TTT	0	0	95.07	71.82	23.25	
NODE_9_length_217061_cov_26.8612 	5	107066	106990	Met	CAT	0	0	85.06	58.55	26.51	
NODE_9_length_217061_cov_26.8612 	6	802   	730   	Leu	GAG	0	0	20.84	19.28	1.56	
NODE_10_length_206734_cov_26.6846	1	154210	154121	Ser	CGA	0	0	68.31	24.88	43.43	
NODE_12_length_203677_cov_28.4618	1	59140 	59064 	Arg	TCT	0	0	96.39	77.88	18.51	
NODE_12_length_203677_cov_28.4618	2	59012 	58937 	His	GTG	0	0	83.51	64.18	19.33	
NODE_12_length_203677_cov_28.4618	3	56447 	56364 	Leu	TAG	0	0	70.50	40.25	30.25	
NODE_12_length_203677_cov_28.4618	4	24491 	24416 	Thr	TGT	0	0	74.27	61.42	12.85	
NODE_13_length_199873_cov_25.7264	1	140725	140798	Gly	CCC	0	0	60.35	30.06	30.29	
NODE_17_length_160116_cov_25.2862	1	156249	156176	Arg	ACG	0	0	52.72	27.21	25.51	
NODE_17_length_160116_cov_25.2862	2	48134 	48060 	Gln	TTG	0	0	66.82	40.36	26.46	
NODE_17_length_160116_cov_25.2862	3	18485 	18409 	Met	CAT	0	0	87.19	64.42	22.77	
NODE_18_length_149968_cov_29.419 	1	147579	147504	His	GTG	0	0	83.51	64.18	19.33	
NODE_18_length_149968_cov_29.419 	2	136226	136150	Asp	GTC	0	0	95.34	76.86	18.48	
NODE_19_length_136161_cov_26.3862	1	100202	100127	Val	TAC	0	0	94.49	73.68	20.81	
NODE_19_length_136161_cov_26.3862	2	100110	100034	Asp	GTC	0	0	94.67	75.49	19.18	
NODE_21_length_121511_cov_27.0857	1	2301  	2225  	Arg	CCT	0	0	83.71	58.51	25.20	
NODE_30_length_76984_cov_25.4402 	1	36686 	36611 	Asn	GTT	0	0	91.73	62.08	29.65	
NODE_30_length_76984_cov_25.4402 	2	36601 	36525 	Pro	TGG	0	0	87.63	64.60	23.03	
NODE_30_length_76984_cov_25.4402 	3	36514 	36439 	Lys	TTT	0	0	95.07	71.82	23.25	
NODE_30_length_76984_cov_25.4402 	4	18455 	18380 	Thr	CGT	0	0	90.98	74.93	16.05	
NODE_31_length_76775_cov_27.6547 	1	4899  	4824  	Phe	GAA	0	0	92.69	68.52	24.17	
NODE_33_length_59071_cov_28.2279 	1	23111 	23186 	Thr	TGT	0	0	93.66	75.64	18.02	
NODE_35_length_50660_cov_26.9728 	1	35733 	35809 	Pro	GGG	0	0	74.89	48.01	26.88	
NODE_39_length_36260_cov_28.731  	1	34644 	34720 	Arg	CCG	0	0	87.81	66.55	21.26	
NODE_42_length_32051_cov_22.6189 	1	1220  	1295  	Trp	CCA	0	0	86.73	63.05	23.68	
NODE_54_length_5405_cov_92.2382  	1	1829  	1905  	Ile	GAT	0	0	98.83	72.69	26.14	
NODE_54_length_5405_cov_92.2382  	2	1934  	2009  	Ala	TGC	0	0	90.68	71.56	19.12	
NODE_58_length_3329_cov_22.8838  	1	2809  	2893  	Tyr	GTA	0	0	71.07	41.76	29.31	
NODE_58_length_3329_cov_22.8838  	2	2920  	2993  	Gly	TCC	0	0	82.75	60.87	21.88	
NODE_58_length_3329_cov_22.8838  	3	3013  	3088  	Thr	GGT	0	0	93.76	67.73	26.03	
NODE_111_length_670_cov_0.646409 	1	588   	507   	Undet	NNN	0	0	22.85	17.37	5.48	
