Sequence                         		tRNA  	Bounds	tRNA	Anti	Intron Bounds	Cove	HMM	2'Str	      
Name                             	tRNA #	Begin 	End   	Type	Codon	Begin	End	Score	Score	Score	Note
--------                         	------	----- 	------	----	-----	-----	----	------	-----	-----	------
NODE_1_length_711139_cov_29.2619 	1	583681	583772	SeC	TCA	0	0	55.75	-18.51	74.26	
NODE_1_length_711139_cov_29.2619 	2	648269	648354	Leu	GAG	0	0	68.53	39.16	29.37	
NODE_1_length_711139_cov_29.2619 	3	648445	648521	Met	CAT	0	0	85.85	60.06	25.79	
NODE_1_length_711139_cov_29.2619 	4	429801	429715	Leu	CAG	0	0	73.96	38.54	35.42	
NODE_1_length_711139_cov_29.2619 	5	429585	429499	Leu	CAG	0	0	73.96	38.54	35.42	
NODE_1_length_711139_cov_29.2619 	6	172856	172781	Phe	GAA	0	0	92.69	68.52	24.17	
NODE_1_length_711139_cov_29.2619 	7	161451	161376	Thr	TGT	0	0	93.66	75.64	18.02	
NODE_2_length_599222_cov_29.0308 	1	219386	219300	Leu	CAA	0	0	69.99	38.33	31.66	
NODE_3_length_563443_cov_29.4428 	1	60841 	60916 	Ala	GGC	0	0	86.95	68.86	18.09	
NODE_3_length_563443_cov_29.4428 	2	60965 	61040 	Glu	TTC	0	0	66.40	38.20	28.20	
NODE_3_length_563443_cov_29.4428 	3	61134 	61209 	Ala	GGC	0	0	86.95	68.86	18.09	
NODE_3_length_563443_cov_29.4428 	4	61256 	61331 	Glu	TTC	0	0	66.40	38.20	28.20	
NODE_3_length_563443_cov_29.4428 	5	100235	100310	Val	TAC	0	0	94.49	73.68	20.81	
NODE_3_length_563443_cov_29.4428 	6	100327	100403	Asp	GTC	0	0	94.67	75.49	19.18	
NODE_3_length_563443_cov_29.4428 	7	100518	100594	Asp	GTC	0	0	94.67	75.49	19.18	
NODE_3_length_563443_cov_29.4428 	8	402129	402204	Glu	TTC	0	0	66.40	38.20	28.20	
NODE_3_length_563443_cov_29.4428 	9	402207	402282	Gly	GCC	0	0	93.74	68.41	25.33	
NODE_3_length_563443_cov_29.4428 	10	402367	402442	Gly	GCC	0	0	93.74	68.41	25.33	
NODE_3_length_563443_cov_29.4428 	11	502823	502899	Val	GAC	0	0	93.19	67.81	25.38	
NODE_3_length_563443_cov_29.4428 	12	536966	537042	Pro	GGG	0	0	74.89	48.01	26.88	
NODE_3_length_563443_cov_29.4428 	13	369635	369546	Ser	GGA	0	0	71.75	34.38	37.37	
NODE_3_length_563443_cov_29.4428 	14	180855	180779	Pro	CGG	0	0	88.20	60.26	27.94	
NODE_3_length_563443_cov_29.4428 	15	52026 	51951 	Asn	GTT	0	0	91.73	62.08	29.65	
NODE_5_length_450857_cov_29.5374 	1	302651	302727	Arg	TCT	0	0	96.39	77.88	18.51	
NODE_5_length_450857_cov_29.5374 	2	302779	302854	His	GTG	0	0	83.51	64.18	19.33	
NODE_5_length_450857_cov_29.5374 	3	302909	302993	Leu	TAG	0	0	76.62	44.97	31.65	
NODE_5_length_450857_cov_29.5374 	4	330597	330672	Gly	TCC	0	0	81.23	54.80	26.43	
NODE_5_length_450857_cov_29.5374 	5	330685	330759	Asn	GTT	0	0	77.66	51.70	25.96	
NODE_5_length_450857_cov_29.5374 	6	330764	330839	Thr	TGT	0	0	68.91	60.69	8.22	
NODE_5_length_450857_cov_29.5374 	7	358531	358606	His	GTG	0	0	83.51	64.18	19.33	
NODE_5_length_450857_cov_29.5374 	8	369897	369973	Asp	GTC	0	0	95.34	76.86	18.48	
NODE_6_length_419686_cov_29.2663 	1	89628 	89704 	Met	CAT	0	0	92.87	71.40	21.47	
NODE_6_length_419686_cov_29.2663 	2	418475	418551	Arg	CCG	0	0	88.66	67.40	21.26	
NODE_7_length_365116_cov_29.3497 	1	139115	139026	Ser	TGA	0	0	72.70	38.95	33.75	
NODE_7_length_365116_cov_29.3497 	2	114740	114665	Gly	GCC	0	0	93.74	68.41	25.33	
NODE_7_length_365116_cov_29.3497 	3	110116	110043	Cys	GCA	0	0	62.38	45.73	16.65	
NODE_7_length_365116_cov_29.3497 	4	97492 	97406 	Leu	TAA	0	0	76.64	42.32	34.32	
NODE_8_length_358198_cov_29.0451 	1	251847	251937	Ser	GCT	0	0	76.69	47.10	29.59	
NODE_8_length_358198_cov_29.0451 	2	252055	252131	Arg	ACG	0	0	83.50	58.05	25.45	
NODE_8_length_358198_cov_29.0451 	3	252243	252319	Arg	ACG	0	0	83.50	58.05	25.45	
NODE_8_length_358198_cov_29.0451 	4	320942	321017	Lys	TTT	0	0	95.07	71.82	23.25	
NODE_8_length_358198_cov_29.0451 	5	357435	357524	Ser	CGA	0	0	68.31	24.88	43.43	
NODE_8_length_358198_cov_29.0451 	6	268389	268313	Met	CAT	0	0	85.06	58.55	26.51	
NODE_8_length_358198_cov_29.0451 	7	162183	162111	Leu	GAG	0	0	20.84	19.28	1.56	
NODE_8_length_358198_cov_29.0451 	8	58238 	58165 	Gly	CCC	0	0	60.35	30.06	30.29	
NODE_9_length_357400_cov_28.9269 	1	299116	299189	Arg	ACG	0	0	52.72	27.21	25.51	
NODE_9_length_357400_cov_28.9269 	2	255201	255126	Asn	GTT	0	0	91.73	62.08	29.65	
NODE_9_length_357400_cov_28.9269 	3	255116	255040	Pro	TGG	0	0	87.63	64.60	23.03	
NODE_9_length_357400_cov_28.9269 	4	255029	254954	Lys	TTT	0	0	95.07	71.82	23.25	
NODE_9_length_357400_cov_28.9269 	5	237077	237002	Thr	CGT	0	0	90.98	74.93	16.05	
NODE_12_length_214664_cov_29.383 	1	124236	124312	Arg	CCT	0	0	83.71	58.51	25.20	
NODE_17_length_110031_cov_29.3546	1	36160 	36235 	Val	TAC	0	0	94.49	73.68	20.81	
NODE_17_length_110031_cov_29.3546	2	36252 	36328 	Asp	GTC	0	0	94.67	75.49	19.18	
NODE_21_length_86236_cov_28.2202 	1	49037 	49111 	Gln	TTG	0	0	66.82	40.36	26.46	
NODE_21_length_86236_cov_28.2202 	2	67746 	67822 	Met	CAT	0	0	87.19	64.42	22.77	
NODE_23_length_65238_cov_30.2127 	1	940   	1015  	Trp	CCA	0	0	86.73	63.05	23.68	
NODE_31_length_5513_cov_117.786  	1	1935  	2011  	Ile	GAT	0	0	98.83	72.69	26.14	
NODE_31_length_5513_cov_117.786  	2	2040  	2115  	Ala	TGC	0	0	90.68	71.56	19.12	
NODE_36_length_3610_cov_27.4404  	1	2810  	2894  	Tyr	GTA	0	0	71.07	41.76	29.31	
NODE_36_length_3610_cov_27.4404  	2	2921  	2994  	Gly	TCC	0	0	82.75	60.87	21.88	
NODE_36_length_3610_cov_27.4404  	3	3014  	3089  	Thr	GGT	0	0	93.76	67.73	26.03	
