Sequence                         		tRNA  	Bounds	tRNA	Anti	Intron Bounds	Cove	HMM	2'Str	      
Name                             	tRNA #	Begin 	End   	Type	Codon	Begin	End	Score	Score	Score	Note
--------                         	------	----- 	------	----	-----	-----	----	------	-----	-----	------
NODE_1_length_863674_cov_32.4889 	1	629410	629496	Leu	CAA	0	0	69.99	38.33	31.66	
NODE_1_length_863674_cov_32.4889 	2	124327	124251	Arg	CCT	0	0	83.71	58.51	25.20	
NODE_2_length_744291_cov_31.9521 	1	268242	268328	Leu	CAG	0	0	73.96	38.54	35.42	
NODE_2_length_744291_cov_31.9521 	2	268458	268544	Leu	CAG	0	0	73.96	38.54	35.42	
NODE_2_length_744291_cov_31.9521 	3	522228	522303	Phe	GAA	0	0	92.69	68.52	24.17	
NODE_2_length_744291_cov_31.9521 	4	533636	533711	Thr	TGT	0	0	95.98	77.96	18.02	
NODE_2_length_744291_cov_31.9521 	5	117892	117801	SeC	TCA	0	0	55.75	-18.51	74.26	
NODE_2_length_744291_cov_31.9521 	6	62833 	62748 	Leu	GAG	0	0	68.53	39.16	29.37	
NODE_2_length_744291_cov_31.9521 	7	62657 	62581 	Met	CAT	0	0	85.85	60.06	25.79	
NODE_3_length_440074_cov_33.3286 	1	29    	104   	Val	TAC	0	0	94.49	73.68	20.81	
NODE_3_length_440074_cov_33.3286 	2	121   	197   	Asp	GTC	0	0	94.67	75.49	19.18	
NODE_3_length_440074_cov_33.3286 	3	133262	133337	Ala	GGC	0	0	86.95	68.86	18.09	
NODE_3_length_440074_cov_33.3286 	4	133386	133461	Glu	TTC	0	0	66.40	38.20	28.20	
NODE_3_length_440074_cov_33.3286 	5	133555	133630	Ala	GGC	0	0	86.95	68.86	18.09	
NODE_3_length_440074_cov_33.3286 	6	133677	133752	Glu	TTC	0	0	66.40	38.20	28.20	
NODE_3_length_440074_cov_33.3286 	7	172657	172732	Val	TAC	0	0	94.49	73.68	20.81	
NODE_3_length_440074_cov_33.3286 	8	172749	172825	Asp	GTC	0	0	94.67	75.49	19.18	
NODE_3_length_440074_cov_33.3286 	9	172940	173016	Asp	GTC	0	0	94.67	75.49	19.18	
NODE_3_length_440074_cov_33.3286 	10	438012	437923	Ser	GGA	0	0	71.75	34.38	37.37	
NODE_3_length_440074_cov_33.3286 	11	254326	254250	Pro	CGG	0	0	88.20	60.26	27.94	
NODE_3_length_440074_cov_33.3286 	12	124463	124388	Asn	GTT	0	0	91.73	62.08	29.65	
NODE_5_length_303725_cov_34.1047 	1	83485 	83561 	Met	CAT	0	0	85.06	58.55	26.51	
NODE_5_length_303725_cov_34.1047 	2	200481	200553	Leu	GAG	0	0	20.84	19.28	1.56	
NODE_5_length_303725_cov_34.1047 	3	302182	302255	Gly	CCC	0	0	60.35	30.06	30.29	
NODE_5_length_303725_cov_34.1047 	4	110832	110742	Ser	GCT	0	0	76.69	47.10	29.59	
NODE_5_length_303725_cov_34.1047 	5	110624	110548	Arg	ACG	0	0	83.50	58.05	25.45	
NODE_5_length_303725_cov_34.1047 	6	110436	110360	Arg	ACG	0	0	83.50	58.05	25.45	
NODE_5_length_303725_cov_34.1047 	7	30984 	30909 	Lys	TTT	0	0	95.07	71.82	23.25	
NODE_5_length_303725_cov_34.1047 	8	261   	172   	Ser	CGA	0	0	68.31	24.88	43.43	
NODE_12_length_190140_cov_35.9252	1	58532 	58608 	Arg	TCT	0	0	96.39	77.88	18.51	
NODE_12_length_190140_cov_35.9252	2	58660 	58735 	His	GTG	0	0	83.51	64.18	19.33	
NODE_12_length_190140_cov_35.9252	3	58790 	58874 	Leu	TAG	0	0	76.62	44.97	31.65	
NODE_12_length_190140_cov_35.9252	4	58941 	59016 	His	GTG	0	0	83.51	64.18	19.33	
NODE_12_length_190140_cov_35.9252	5	70297 	70373 	Asp	GTC	0	0	95.34	76.86	18.48	
NODE_13_length_182850_cov_33.4186	1	44404 	44477 	Arg	ACG	0	0	52.72	27.21	25.51	
NODE_13_length_182850_cov_33.4186	2	156330	156404	Gln	TTG	0	0	66.82	40.36	26.46	
NODE_13_length_182850_cov_33.4186	3	160078	160154	Met	CAT	0	0	87.19	64.42	22.77	
NODE_13_length_182850_cov_33.4186	4	508   	433   	Asn	GTT	0	0	91.73	62.08	29.65	
NODE_13_length_182850_cov_33.4186	5	423   	347   	Pro	TGG	0	0	87.63	64.60	23.03	
NODE_13_length_182850_cov_33.4186	6	336   	261   	Lys	TTT	0	0	95.07	71.82	23.25	
NODE_15_length_174159_cov_38.9966	1	163181	163095	Leu	TAA	0	0	76.64	42.32	34.32	
NODE_16_length_146541_cov_38.0246	1	59806 	59717 	Ser	TGA	0	0	72.70	38.95	33.75	
NODE_16_length_146541_cov_38.0246	2	3686  	3611  	Gly	GCC	0	0	93.74	68.41	25.33	
NODE_16_length_146541_cov_38.0246	3	1897  	1824  	Cys	GCA	0	0	62.38	45.73	16.65	
NODE_18_length_119812_cov_37.5664	1	17705 	17781 	Val	GAC	0	0	93.19	67.81	25.38	
NODE_18_length_119812_cov_37.5664	2	51024 	51100 	Pro	GGG	0	0	74.89	48.01	26.88	
NODE_20_length_89493_cov_33.7247 	1	72858 	72783 	Thr	CGT	0	0	90.98	74.93	16.05	
NODE_21_length_84588_cov_34.8722 	1	54663 	54588 	Glu	TTC	0	0	66.40	38.20	28.20	
NODE_21_length_84588_cov_34.8722 	2	54585 	54510 	Gly	GCC	0	0	93.74	68.41	25.33	
NODE_21_length_84588_cov_34.8722 	3	54425 	54350 	Gly	GCC	0	0	93.74	68.41	25.33	
NODE_23_length_78980_cov_31.4257 	1	1775  	1699  	Met	CAT	0	0	92.87	71.40	21.47	
NODE_25_length_65672_cov_33.7515 	1	1220  	1295  	Trp	CCA	0	0	86.73	63.05	23.68	
NODE_33_length_35618_cov_36.6222 	1	983   	907   	Arg	CCG	0	0	87.81	66.55	21.26	
NODE_45_length_5591_cov_140.83   	1	1978  	2054  	Ile	GAT	0	0	98.83	72.69	26.14	
NODE_45_length_5591_cov_140.83   	2	2083  	2158  	Ala	TGC	0	0	90.68	71.56	19.12	
NODE_49_length_3292_cov_31.8964  	1	2772  	2856  	Tyr	GTA	0	0	71.07	41.76	29.31	
NODE_49_length_3292_cov_31.8964  	2	2883  	2956  	Gly	TCC	0	0	82.75	60.87	21.88	
NODE_49_length_3292_cov_31.8964  	3	2976  	3051  	Thr	GGT	0	0	93.76	67.73	26.03	
NODE_50_length_3250_cov_33.7899  	1	3152  	3227  	Val	TAC	0	0	94.49	73.68	20.81	
