Sequence                         		tRNA  	Bounds	tRNA	Anti	Intron Bounds	Cove	HMM	2'Str	      
Name                             	tRNA #	Begin 	End   	Type	Codon	Begin	End	Score	Score	Score	Note
--------                         	------	----- 	------	----	-----	-----	----	------	-----	-----	------
NODE_1_length_656636_cov_31.5108 	1	327126	327215	Ser	GGA	0	0	71.75	34.38	37.37	
NODE_1_length_656636_cov_31.5108 	2	515926	516002	Pro	CGG	0	0	88.20	60.26	27.94	
NODE_1_length_656636_cov_31.5108 	3	642596	642671	Asn	GTT	0	0	91.73	62.08	29.65	
NODE_1_length_656636_cov_31.5108 	4	633797	633722	Ala	GGC	0	0	86.95	68.86	18.09	
NODE_1_length_656636_cov_31.5108 	5	633673	633598	Glu	TTC	0	0	66.40	38.20	28.20	
NODE_1_length_656636_cov_31.5108 	6	633504	633429	Ala	GGC	0	0	86.95	68.86	18.09	
NODE_1_length_656636_cov_31.5108 	7	633382	633307	Glu	TTC	0	0	66.40	38.20	28.20	
NODE_1_length_656636_cov_31.5108 	8	594394	594319	Val	TAC	0	0	94.49	73.68	20.81	
NODE_1_length_656636_cov_31.5108 	9	594302	594226	Asp	GTC	0	0	94.67	75.49	19.18	
NODE_1_length_656636_cov_31.5108 	10	594111	594035	Asp	GTC	0	0	94.67	75.49	19.18	
NODE_1_length_656636_cov_31.5108 	11	294627	294552	Glu	TTC	0	0	66.40	38.20	28.20	
NODE_1_length_656636_cov_31.5108 	12	294549	294474	Gly	GCC	0	0	93.74	68.41	25.33	
NODE_1_length_656636_cov_31.5108 	13	172691	172616	Gly	GCC	0	0	93.74	68.41	25.33	
NODE_1_length_656636_cov_31.5108 	14	35441 	35365 	Val	GAC	0	0	93.19	67.81	25.38	
NODE_1_length_656636_cov_31.5108 	15	1596  	1520  	Pro	GGG	0	0	74.89	48.01	26.88	
NODE_2_length_578916_cov_31.091  	1	454147	454223	Arg	TCT	0	0	96.39	77.88	18.51	
NODE_2_length_578916_cov_31.091  	2	454275	454350	His	GTG	0	0	83.51	64.18	19.33	
NODE_2_length_578916_cov_31.091  	3	454405	454489	Leu	TAG	0	0	76.62	44.97	31.65	
NODE_2_length_578916_cov_31.091  	4	454556	454631	His	GTG	0	0	83.51	64.18	19.33	
NODE_2_length_578916_cov_31.091  	5	465909	465985	Asp	GTC	0	0	95.34	76.86	18.48	
NODE_3_length_435711_cov_37.3206 	1	80319 	80395 	Met	CAT	0	0	92.87	71.40	21.47	
NODE_3_length_435711_cov_37.3206 	2	94517 	94584 	Undet	NNN	0	0	23.91	17.16	6.75	
NODE_4_length_404687_cov_34.9972 	1	222104	222018	Leu	CAA	0	0	69.99	38.33	31.66	
NODE_5_length_371730_cov_33.7988 	1	80437 	80522 	Lys	TTT	0	0	22.00	12.28	9.72	
NODE_5_length_371730_cov_33.7988 	2	98437 	98512 	Thr	CGT	0	0	90.98	74.93	16.05	
NODE_6_length_278605_cov_36.1683 	1	268540	268454	Leu	CAG	0	0	73.96	38.54	35.42	
NODE_6_length_278605_cov_36.1683 	2	268324	268238	Leu	CAG	0	0	73.96	38.54	35.42	
NODE_6_length_278605_cov_36.1683 	3	11600 	11525 	Phe	GAA	0	0	92.69	68.52	24.17	
NODE_11_length_173807_cov_33.1025	1	155232	155143	Ser	CGA	0	0	68.31	24.88	43.43	
NODE_12_length_167549_cov_33.528 	1	25024 	24951 	Gly	CCC	0	0	60.35	30.06	30.29	
NODE_13_length_165594_cov_32.2734	1	119390	119464	Arg	CCT	0	0	69.71	45.21	24.50	
NODE_14_length_163707_cov_33.3693	1	90644 	90734 	Ser	GCT	0	0	76.69	47.10	29.59	
NODE_14_length_163707_cov_33.3693	2	90852 	90928 	Arg	ACG	0	0	83.50	58.05	25.45	
NODE_14_length_163707_cov_33.3693	3	91040 	91116 	Arg	ACG	0	0	83.50	58.05	25.45	
NODE_14_length_163707_cov_33.3693	4	159755	159830	Lys	TTT	0	0	95.07	71.82	23.25	
NODE_14_length_163707_cov_33.3693	5	107176	107100	Met	CAT	0	0	85.06	58.55	26.51	
NODE_14_length_163707_cov_33.3693	6	1072  	1000  	Leu	GAG	0	0	20.84	19.28	1.56	
NODE_19_length_118867_cov_34.4411	1	1531  	1622  	SeC	TCA	0	0	55.75	-18.51	74.26	
NODE_19_length_118867_cov_34.4411	2	55917 	56002 	Leu	GAG	0	0	68.53	39.16	29.37	
NODE_19_length_118867_cov_34.4411	3	56093 	56169 	Met	CAT	0	0	85.85	60.06	25.79	
NODE_20_length_117040_cov_32.3526	1	112553	112480	Cys	GCA	0	0	62.38	45.73	16.65	
NODE_20_length_117040_cov_32.3526	2	99928 	99842 	Leu	TAA	0	0	76.64	42.32	34.32	
NODE_22_length_106042_cov_34.1697	1	101610	101685	Asn	GTT	0	0	91.73	62.08	29.65	
NODE_22_length_106042_cov_34.1697	2	101695	101771	Pro	TGG	0	0	87.63	64.60	23.03	
NODE_22_length_106042_cov_34.1697	3	101782	101857	Lys	TTT	0	0	95.07	71.82	23.25	
NODE_22_length_106042_cov_34.1697	4	57702 	57629 	Arg	ACG	0	0	52.72	27.21	25.51	
NODE_23_length_102160_cov_32.2406	1	23257 	23332 	Val	TAC	0	0	94.49	73.68	20.81	
NODE_23_length_102160_cov_32.2406	2	23349 	23425 	Asp	GTC	0	0	94.67	75.49	19.18	
NODE_24_length_94590_cov_30.4981 	1	68047 	68136 	Ser	TGA	0	0	72.70	38.95	33.75	
NODE_24_length_94590_cov_30.4981 	2	92427 	92502 	Gly	GCC	0	0	93.74	68.41	25.33	
NODE_29_length_65453_cov_35.606  	1	1220  	1295  	Trp	CCA	0	0	86.73	63.05	23.68	
NODE_31_length_59892_cov_34.3409 	1	10546 	10472 	Gln	TTG	0	0	66.82	40.36	26.46	
NODE_31_length_59892_cov_34.3409 	2	6798  	6722  	Met	CAT	0	0	87.19	64.42	22.77	
NODE_44_length_24898_cov_38.2906 	1	3021  	2945  	Arg	CCG	0	0	87.81	66.55	21.26	
NODE_49_length_15446_cov_38.1834 	1	15002 	14920 	Undet	NNN	0	0	25.90	17.87	8.03	
NODE_49_length_15446_cov_38.1834 	2	3590  	3515  	Thr	TGT	0	0	93.66	75.64	18.02	
NODE_59_length_5419_cov_133.274  	1	1858  	1934  	Ile	GAT	0	0	98.83	72.69	26.14	
NODE_59_length_5419_cov_133.274  	2	1963  	2038  	Ala	TGC	0	0	90.68	71.56	19.12	
NODE_68_length_3346_cov_34.3933  	1	2826  	2910  	Tyr	GTA	0	0	71.07	41.76	29.31	
NODE_68_length_3346_cov_34.3933  	2	2937  	3010  	Gly	TCC	0	0	82.75	60.87	21.88	
NODE_68_length_3346_cov_34.3933  	3	3030  	3105  	Thr	GGT	0	0	93.76	67.73	26.03	
