Sequence                         		tRNA  	Bounds	tRNA	Anti	Intron Bounds	Cove	HMM	2'Str	      
Name                             	tRNA #	Begin 	End   	Type	Codon	Begin	End	Score	Score	Score	Note
--------                         	------	----- 	------	----	-----	-----	----	------	-----	-----	------
NODE_1_length_631821_cov_25.1928 	1	214743	214657	Leu	CAA	0	0	69.99	38.33	31.66	
NODE_2_length_486922_cov_21.0188 	1	125649	125738	Ser	GGA	0	0	71.75	34.38	37.37	
NODE_2_length_486922_cov_21.0188 	2	314442	314518	Pro	CGG	0	0	88.20	60.26	27.94	
NODE_2_length_486922_cov_21.0188 	3	444324	444399	Asn	GTT	0	0	91.73	62.08	29.65	
NODE_2_length_486922_cov_21.0188 	4	435525	435450	Ala	GGC	0	0	86.95	68.86	18.09	
NODE_2_length_486922_cov_21.0188 	5	435401	435326	Glu	TTC	0	0	66.40	38.20	28.20	
NODE_2_length_486922_cov_21.0188 	6	435232	435157	Ala	GGC	0	0	86.95	68.86	18.09	
NODE_2_length_486922_cov_21.0188 	7	435110	435035	Glu	TTC	0	0	66.40	38.20	28.20	
NODE_2_length_486922_cov_21.0188 	8	396133	396058	Val	TAC	0	0	94.49	73.68	20.81	
NODE_2_length_486922_cov_21.0188 	9	396041	395965	Asp	GTC	0	0	94.67	75.49	19.18	
NODE_2_length_486922_cov_21.0188 	10	395850	395774	Asp	GTC	0	0	94.67	75.49	19.18	
NODE_2_length_486922_cov_21.0188 	11	93154 	93079 	Glu	TTC	0	0	66.40	38.20	28.20	
NODE_2_length_486922_cov_21.0188 	12	93076 	93001 	Gly	GCC	0	0	93.74	68.41	25.33	
NODE_2_length_486922_cov_21.0188 	13	92916 	92841 	Gly	GCC	0	0	93.74	68.41	25.33	
NODE_2_length_486922_cov_21.0188 	14	46484 	46408 	Val	GAC	0	0	93.19	67.81	25.38	
NODE_3_length_458647_cov_25.5388 	1	273299	273385	Leu	CAG	0	0	73.96	38.54	35.42	
NODE_3_length_458647_cov_25.5388 	2	273515	273601	Leu	CAG	0	0	73.96	38.54	35.42	
NODE_3_length_458647_cov_25.5388 	3	117018	116927	SeC	TCA	0	0	55.75	-18.51	74.26	
NODE_3_length_458647_cov_25.5388 	4	62979 	62894 	Leu	GAG	0	0	68.53	39.16	29.37	
NODE_3_length_458647_cov_25.5388 	5	62803 	62727 	Met	CAT	0	0	85.85	60.06	25.79	
NODE_4_length_381086_cov_20.5484 	1	290704	290615	Ser	TGA	0	0	72.70	38.95	33.75	
NODE_4_length_381086_cov_20.5484 	2	266324	266249	Gly	GCC	0	0	93.74	68.41	25.33	
NODE_4_length_381086_cov_20.5484 	3	138214	138141	Cys	GCA	0	0	62.38	45.73	16.65	
NODE_4_length_381086_cov_20.5484 	4	125589	125503	Leu	TAA	0	0	76.64	42.32	34.32	
NODE_9_length_217060_cov_21.0656 	1	109996	110072	Met	CAT	0	0	85.06	58.55	26.51	
NODE_9_length_217060_cov_21.0656 	2	216259	216331	Leu	GAG	0	0	20.84	19.28	1.56	
NODE_9_length_217060_cov_21.0656 	3	126578	126488	Ser	GCT	0	0	76.69	47.10	29.59	
NODE_9_length_217060_cov_21.0656 	4	126370	126294	Arg	ACG	0	0	83.50	58.05	25.45	
NODE_9_length_217060_cov_21.0656 	5	126182	126106	Arg	ACG	0	0	83.50	58.05	25.45	
NODE_9_length_217060_cov_21.0656 	6	57418 	57343 	Lys	TTT	0	0	95.07	71.82	23.25	
NODE_10_length_206275_cov_21.9905	1	154162	154073	Ser	CGA	0	0	68.31	24.88	43.43	
NODE_11_length_204047_cov_20.1197	1	57503 	57427 	Arg	TCT	0	0	96.39	77.88	18.51	
NODE_11_length_204047_cov_20.1197	2	57375 	57300 	His	GTG	0	0	83.51	64.18	19.33	
NODE_11_length_204047_cov_20.1197	3	54810 	54727 	Leu	TAG	0	0	70.50	40.25	30.25	
NODE_11_length_204047_cov_20.1197	4	23190 	23115 	Thr	TGT	0	0	74.27	61.42	12.85	
NODE_13_length_199512_cov_20.6108	1	59149 	59076 	Gly	CCC	0	0	60.35	30.06	30.29	
NODE_15_length_158660_cov_24.6643	1	154794	154721	Arg	ACG	0	0	52.72	27.21	25.51	
NODE_15_length_158660_cov_24.6643	2	48134 	48060 	Gln	TTG	0	0	66.82	40.36	26.46	
NODE_15_length_158660_cov_24.6643	3	18485 	18409 	Met	CAT	0	0	87.19	64.42	22.77	
NODE_17_length_149968_cov_21.9548	1	2390  	2465  	His	GTG	0	0	83.51	64.18	19.33	
NODE_17_length_149968_cov_21.9548	2	13743 	13819 	Asp	GTC	0	0	95.34	76.86	18.48	
NODE_18_length_136161_cov_23.0727	1	100202	100127	Val	TAC	0	0	94.49	73.68	20.81	
NODE_18_length_136161_cov_23.0727	2	100110	100034	Asp	GTC	0	0	94.67	75.49	19.18	
NODE_19_length_135848_cov_27.4794	1	58183 	58107 	Met	CAT	0	0	94.25	81.17	13.08	
NODE_22_length_121511_cov_23.6521	1	2301  	2225  	Arg	CCT	0	0	83.71	58.51	25.20	
NODE_30_length_76984_cov_24.2314 	1	40299 	40374 	Asn	GTT	0	0	91.73	62.08	29.65	
NODE_30_length_76984_cov_24.2314 	2	40384 	40460 	Pro	TGG	0	0	87.63	64.60	23.03	
NODE_30_length_76984_cov_24.2314 	3	40471 	40546 	Lys	TTT	0	0	95.07	71.82	23.25	
NODE_30_length_76984_cov_24.2314 	4	58530 	58605 	Thr	CGT	0	0	90.98	74.93	16.05	
NODE_31_length_76654_cov_27.3716 	1	71859 	71934 	Phe	GAA	0	0	92.69	68.52	24.17	
NODE_34_length_57560_cov_28.0595 	1	21641 	21716 	Thr	TGT	0	0	93.66	75.64	18.02	
NODE_35_length_50621_cov_21.2436 	1	35733 	35809 	Pro	GGG	0	0	74.89	48.01	26.88	
NODE_40_length_35557_cov_33.9763 	1	1188  	1112  	Arg	CCG	0	0	87.81	66.55	21.26	
NODE_45_length_20648_cov_32.1958 	1	17840 	17756 	Tyr	GTA	0	0	71.07	41.76	29.31	
NODE_45_length_20648_cov_32.1958 	2	17729 	17656 	Gly	TCC	0	0	82.75	60.87	21.88	
NODE_45_length_20648_cov_32.1958 	3	17636 	17561 	Thr	GGT	0	0	93.76	67.73	26.03	
NODE_45_length_20648_cov_32.1958 	4	16227 	16152 	Trp	CCA	0	0	86.73	63.05	23.68	
NODE_60_length_5405_cov_118.575  	1	1829  	1905  	Ile	GAT	0	0	98.83	72.69	26.14	
NODE_60_length_5405_cov_118.575  	2	1934  	2009  	Ala	TGC	0	0	90.68	71.56	19.12	
