Sequence                          		tRNA   	Bounds 	tRNA	Anti	Intron Bounds	Cove	HMM	2'Str	      
Name                              	tRNA #	Begin  	End    	Type	Codon	Begin	End	Score	Score	Score	Note
--------                          	------	-----  	------ 	----	-----	-----	----	------	-----	-----	------
NODE_1_length_1317324_cov_42.2904 	1	963526 	963601 	Lys	TTT	0	0	95.07	71.82	23.25	
NODE_1_length_1317324_cov_42.2904 	2	1015041	1015117	Met	CAT	0	0	85.06	58.55	26.51	
NODE_1_length_1317324_cov_42.2904 	3	1121292	1121364	Leu	GAG	0	0	20.84	19.28	1.56	
NODE_1_length_1317324_cov_42.2904 	4	1248237	1248310	Gly	CCC	0	0	60.35	30.06	30.29	
NODE_1_length_1317324_cov_42.2904 	5	1031618	1031528	Ser	GCT	0	0	76.69	47.10	29.59	
NODE_1_length_1317324_cov_42.2904 	6	1031410	1031334	Arg	ACG	0	0	83.50	58.05	25.45	
NODE_1_length_1317324_cov_42.2904 	7	1031222	1031146	Arg	ACG	0	0	83.50	58.05	25.45	
NODE_1_length_1317324_cov_42.2904 	8	934976 	934887 	Ser	CGA	0	0	68.31	24.88	43.43	
NODE_1_length_1317324_cov_42.2904 	9	92798  	92722  	Arg	TCT	0	0	96.39	77.88	18.51	
NODE_1_length_1317324_cov_42.2904 	10	92670  	92595  	His	GTG	0	0	83.51	64.18	19.33	
NODE_1_length_1317324_cov_42.2904 	11	92540  	92456  	Leu	TAG	0	0	76.62	44.97	31.65	
NODE_1_length_1317324_cov_42.2904 	12	92389  	92314  	His	GTG	0	0	83.51	64.18	19.33	
NODE_1_length_1317324_cov_42.2904 	13	81030  	80954  	Asp	GTC	0	0	95.34	76.86	18.48	
NODE_2_length_786234_cov_42.7319  	1	420989 	421078 	Ser	GGA	0	0	71.75	34.38	37.37	
NODE_2_length_786234_cov_42.7319  	2	609767 	609843 	Pro	CGG	0	0	88.20	60.26	27.94	
NODE_2_length_786234_cov_42.7319  	3	741778 	741853 	Asn	GTT	0	0	91.73	62.08	29.65	
NODE_2_length_786234_cov_42.7319  	4	732979 	732904 	Ala	GGC	0	0	86.95	68.86	18.09	
NODE_2_length_786234_cov_42.7319  	5	732855 	732780 	Glu	TTC	0	0	66.40	38.20	28.20	
NODE_2_length_786234_cov_42.7319  	6	732686 	732611 	Ala	GGC	0	0	86.95	68.86	18.09	
NODE_2_length_786234_cov_42.7319  	7	732564 	732489 	Glu	TTC	0	0	66.40	38.20	28.20	
NODE_2_length_786234_cov_42.7319  	8	693576 	693501 	Val	TAC	0	0	94.49	73.68	20.81	
NODE_2_length_786234_cov_42.7319  	9	693484 	693408 	Asp	GTC	0	0	94.67	75.49	19.18	
NODE_2_length_786234_cov_42.7319  	10	693293 	693217 	Asp	GTC	0	0	94.67	75.49	19.18	
NODE_2_length_786234_cov_42.7319  	11	388492 	388417 	Glu	TTC	0	0	66.40	38.20	28.20	
NODE_2_length_786234_cov_42.7319  	12	388414 	388339 	Gly	GCC	0	0	93.74	68.41	25.33	
NODE_2_length_786234_cov_42.7319  	13	388254 	388179 	Gly	GCC	0	0	93.74	68.41	25.33	
NODE_2_length_786234_cov_42.7319  	14	339593 	339517 	Val	GAC	0	0	93.19	67.81	25.38	
NODE_2_length_786234_cov_42.7319  	15	305453 	305377 	Pro	GGG	0	0	74.89	48.01	26.88	
NODE_2_length_786234_cov_42.7319  	16	141668 	141579 	Ser	TGA	0	0	72.70	38.95	33.75	
NODE_2_length_786234_cov_42.7319  	17	117291 	117216 	Gly	GCC	0	0	93.74	68.41	25.33	
NODE_2_length_786234_cov_42.7319  	18	112667 	112594 	Cys	GCA	0	0	62.38	45.73	16.65	
NODE_2_length_786234_cov_42.7319  	19	100042 	99956  	Leu	TAA	0	0	76.64	42.32	34.32	
NODE_3_length_771882_cov_45.0987  	1	654842 	654933 	SeC	TCA	0	0	55.75	-18.51	74.26	
NODE_3_length_771882_cov_45.0987  	2	708994 	709079 	Leu	GAG	0	0	68.53	39.16	29.37	
NODE_3_length_771882_cov_45.0987  	3	709170 	709246 	Met	CAT	0	0	85.85	60.06	25.79	
NODE_3_length_771882_cov_45.0987  	4	501276 	501190 	Leu	CAG	0	0	73.96	38.54	35.42	
NODE_3_length_771882_cov_45.0987  	5	501060 	500974 	Leu	CAG	0	0	73.96	38.54	35.42	
NODE_3_length_771882_cov_45.0987  	6	241165 	241090 	Phe	GAA	0	0	92.69	68.52	24.17	
NODE_3_length_771882_cov_45.0987  	7	229755 	229680 	Thr	TGT	0	0	93.66	75.64	18.02	
NODE_4_length_642814_cov_48.3628  	1	565616 	565540 	Met	CAT	0	0	92.87	71.40	21.47	
NODE_4_length_642814_cov_48.3628  	2	235896 	235820 	Arg	CCG	0	0	87.81	66.55	21.26	
NODE_5_length_500899_cov_44.2436  	1	221688 	221602 	Leu	CAA	0	0	69.99	38.33	31.66	
NODE_6_length_480150_cov_42.1306  	1	185122 	185197 	Asn	GTT	0	0	91.73	62.08	29.65	
NODE_6_length_480150_cov_42.1306  	2	185207 	185283 	Pro	TGG	0	0	87.63	64.60	23.03	
NODE_6_length_480150_cov_42.1306  	3	185294 	185369 	Lys	TTT	0	0	95.07	71.82	23.25	
NODE_6_length_480150_cov_42.1306  	4	204730 	204805 	Thr	CGT	0	0	90.98	74.93	16.05	
NODE_6_length_480150_cov_42.1306  	5	141206 	141133 	Arg	ACG	0	0	52.72	27.21	25.51	
NODE_6_length_480150_cov_42.1306  	6	34718  	34644  	Gln	TTG	0	0	66.82	40.36	26.46	
NODE_6_length_480150_cov_42.1306  	7	30969  	30893  	Met	CAT	0	0	87.19	64.42	22.77	
NODE_9_length_211483_cov_42.817   	1	4665   	4589   	Arg	CCT	0	0	83.71	58.51	25.20	
NODE_10_length_204651_cov_42.6754 	1	1004   	1078   	Arg	CCT	0	0	69.69	51.80	17.89	
NODE_10_length_204651_cov_42.6754 	2	130780 	130855 	Val	TAC	0	0	94.49	73.68	20.81	
NODE_10_length_204651_cov_42.6754 	3	130872 	130948 	Asp	GTC	0	0	94.67	75.49	19.18	
NODE_16_length_65528_cov_46.8388  	1	64309  	64234  	Trp	CCA	0	0	86.73	63.05	23.68	
NODE_28_length_5498_cov_180.849   	1	3582   	3506   	Ile	GAT	0	0	98.83	72.69	26.14	
NODE_28_length_5498_cov_180.849   	2	3477   	3402   	Ala	TGC	0	0	90.68	71.56	19.12	
NODE_30_length_3326_cov_46.5786   	1	521    	437    	Tyr	GTA	0	0	71.07	41.76	29.31	
NODE_30_length_3326_cov_46.5786   	2	410    	337    	Gly	TCC	0	0	82.75	60.87	21.88	
NODE_30_length_3326_cov_46.5786   	3	317    	242    	Thr	GGT	0	0	93.76	67.73	26.03	
