Sequence                         		tRNA  	Bounds	tRNA	Anti	Intron Bounds	Cove	HMM	2'Str	      
Name                             	tRNA #	Begin 	End   	Type	Codon	Begin	End	Score	Score	Score	Note
--------                         	------	----- 	------	----	-----	-----	----	------	-----	-----	------
NODE_1_length_708964_cov_25.8816 	1	592092	592183	SeC	TCA	0	0	55.75	-18.51	74.26	
NODE_1_length_708964_cov_25.8816 	2	646151	646236	Leu	GAG	0	0	68.53	39.16	29.37	
NODE_1_length_708964_cov_25.8816 	3	646327	646403	Met	CAT	0	0	85.85	60.06	25.79	
NODE_1_length_708964_cov_25.8816 	4	438528	438442	Leu	CAG	0	0	73.96	38.54	35.42	
NODE_1_length_708964_cov_25.8816 	5	438312	438226	Leu	CAG	0	0	73.96	38.54	35.42	
NODE_1_length_708964_cov_25.8816 	6	184142	184067	Phe	GAA	0	0	92.69	68.52	24.17	
NODE_1_length_708964_cov_25.8816 	7	171516	171442	Undet	NNN	0	0	23.83	22.17	1.66	
NODE_1_length_708964_cov_25.8816 	8	160107	160032	Thr	TGT	0	0	95.98	77.96	18.02	
NODE_2_length_569811_cov_26.3326 	1	388679	388755	Arg	TCT	0	0	96.39	77.88	18.51	
NODE_2_length_569811_cov_26.3326 	2	388807	388882	His	GTG	0	0	83.51	64.18	19.33	
NODE_2_length_569811_cov_26.3326 	3	388937	389021	Leu	TAG	0	0	76.62	44.97	31.65	
NODE_2_length_569811_cov_26.3326 	4	418313	418388	Gly	TCC	0	0	82.79	56.37	26.42	
NODE_2_length_569811_cov_26.3326 	5	446448	446523	His	GTG	0	0	83.51	64.18	19.33	
NODE_2_length_569811_cov_26.3326 	6	457814	457890	Asp	GTC	0	0	95.34	76.86	18.48	
NODE_3_length_499979_cov_26.329  	1	109822	109911	Ser	GGA	0	0	71.75	34.38	37.37	
NODE_3_length_499979_cov_26.329  	2	327161	327237	Pro	CGG	0	0	88.20	60.26	27.94	
NODE_3_length_499979_cov_26.329  	3	455966	456041	Asn	GTT	0	0	91.73	62.08	29.65	
NODE_3_length_499979_cov_26.329  	4	447167	447092	Ala	GGC	0	0	86.95	68.86	18.09	
NODE_3_length_499979_cov_26.329  	5	447043	446968	Glu	TTC	0	0	66.40	38.20	28.20	
NODE_3_length_499979_cov_26.329  	6	446874	446799	Ala	GGC	0	0	86.95	68.86	18.09	
NODE_3_length_499979_cov_26.329  	7	446752	446677	Glu	TTC	0	0	66.40	38.20	28.20	
NODE_3_length_499979_cov_26.329  	8	407777	407702	Val	TAC	0	0	94.49	73.68	20.81	
NODE_3_length_499979_cov_26.329  	9	407685	407609	Asp	GTC	0	0	94.67	75.49	19.18	
NODE_3_length_499979_cov_26.329  	10	407494	407418	Asp	GTC	0	0	94.67	75.49	19.18	
NODE_3_length_499979_cov_26.329  	11	77324 	77249 	Glu	TTC	0	0	66.40	38.20	28.20	
NODE_3_length_499979_cov_26.329  	12	77246 	77171 	Gly	GCC	0	0	93.74	68.41	25.33	
NODE_3_length_499979_cov_26.329  	13	77086 	77011 	Gly	GCC	0	0	93.74	68.41	25.33	
NODE_3_length_499979_cov_26.329  	14	35554 	35478 	Val	GAC	0	0	93.19	67.81	25.38	
NODE_3_length_499979_cov_26.329  	15	1411  	1335  	Pro	GGG	0	0	74.89	48.01	26.88	
NODE_4_length_483015_cov_25.5961 	1	272314	272400	Leu	CAA	0	0	69.99	38.33	31.66	
NODE_5_length_451950_cov_28.1263 	1	341911	341987	Met	CAT	0	0	85.06	58.55	26.51	
NODE_5_length_451950_cov_28.1263 	2	448132	448204	Leu	GAG	0	0	20.84	19.28	1.56	
NODE_5_length_451950_cov_28.1263 	3	358453	358363	Ser	GCT	0	0	76.69	47.10	29.59	
NODE_5_length_451950_cov_28.1263 	4	358245	358169	Arg	ACG	0	0	83.50	58.05	25.45	
NODE_5_length_451950_cov_28.1263 	5	358057	357981	Arg	ACG	0	0	83.50	58.05	25.45	
NODE_5_length_451950_cov_28.1263 	6	289317	289242	Lys	TTT	0	0	95.07	71.82	23.25	
NODE_5_length_451950_cov_28.1263 	7	178141	178056	Lys	TTT	0	0	22.00	12.28	9.72	
NODE_5_length_451950_cov_28.1263 	8	150592	150503	Ser	CGA	0	0	68.31	24.88	43.43	
NODE_6_length_417212_cov_25.3035 	1	209320	209396	Arg	CCT	0	0	83.71	58.51	25.20	
NODE_6_length_417212_cov_25.3035 	2	343342	343417	Val	TAC	0	0	94.49	73.68	20.81	
NODE_6_length_417212_cov_25.3035 	3	343434	343510	Asp	GTC	0	0	94.67	75.49	19.18	
NODE_7_length_415565_cov_26.148  	1	293816	293889	Arg	ACG	0	0	52.72	27.21	25.51	
NODE_7_length_415565_cov_26.148  	2	401254	401328	Gln	TTG	0	0	66.82	40.36	26.46	
NODE_7_length_415565_cov_26.148  	3	405003	405079	Met	CAT	0	0	87.19	64.42	22.77	
NODE_7_length_415565_cov_26.148  	4	249900	249825	Asn	GTT	0	0	91.73	62.08	29.65	
NODE_7_length_415565_cov_26.148  	5	249815	249739	Pro	TGG	0	0	87.63	64.60	23.03	
NODE_7_length_415565_cov_26.148  	6	249728	249653	Lys	TTT	0	0	95.07	71.82	23.25	
NODE_7_length_415565_cov_26.148  	7	230410	230335	Thr	CGT	0	0	90.98	74.93	16.05	
NODE_8_length_377992_cov_25.572  	1	300689	300613	Met	CAT	0	0	92.87	71.40	21.47	
NODE_9_length_285211_cov_26.7189 	1	196583	196494	Ser	TGA	0	0	72.70	38.95	33.75	
NODE_9_length_285211_cov_26.7189 	2	140459	140384	Gly	GCC	0	0	93.74	68.41	25.33	
NODE_9_length_285211_cov_26.7189 	3	135837	135764	Cys	GCA	0	0	62.38	45.73	16.65	
NODE_9_length_285211_cov_26.7189 	4	123212	123126	Leu	TAA	0	0	76.64	42.32	34.32	
NODE_15_length_156491_cov_26.6391	1	98729 	98802 	Gly	CCC	0	0	60.35	30.06	30.29	
NODE_20_length_65512_cov_25.9133 	1	64293 	64218 	Trp	CCA	0	0	86.73	63.05	23.68	
NODE_27_length_35657_cov_26.0098 	1	1188  	1112  	Arg	CCG	0	0	87.81	66.55	21.26	
NODE_36_length_5589_cov_114.358  	1	2000  	2076  	Ile	GAT	0	0	98.83	72.69	26.14	
NODE_36_length_5589_cov_114.358  	2	2105  	2180  	Ala	TGC	0	0	90.68	71.56	19.12	
NODE_43_length_3319_cov_28.0038  	1	521   	437   	Tyr	GTA	0	0	71.07	41.76	29.31	
NODE_43_length_3319_cov_28.0038  	2	410   	337   	Gly	TCC	0	0	82.75	60.87	21.88	
NODE_43_length_3319_cov_28.0038  	3	317   	242   	Thr	GGT	0	0	93.76	67.73	26.03	
