Sequence                         		tRNA  	Bounds	tRNA	Anti	Intron Bounds	Cove	HMM	2'Str	      
Name                             	tRNA #	Begin 	End   	Type	Codon	Begin	End	Score	Score	Score	Note
--------                         	------	----- 	------	----	-----	-----	----	------	-----	-----	------
NODE_1_length_640721_cov_14.3314 	1	22232 	22321 	Ser	CGA	0	0	68.31	24.88	43.43	
NODE_2_length_539167_cov_14.3027 	1	270730	270816	Leu	CAG	0	0	73.96	38.54	35.42	
NODE_2_length_539167_cov_14.3027 	2	270946	271032	Leu	CAG	0	0	73.96	38.54	35.42	
NODE_2_length_539167_cov_14.3027 	3	525755	525830	Phe	GAA	0	0	92.69	68.52	24.17	
NODE_2_length_539167_cov_14.3027 	4	117164	117073	SeC	TCA	0	0	55.75	-18.51	74.26	
NODE_2_length_539167_cov_14.3027 	5	62920 	62835 	Leu	GAG	0	0	68.53	39.16	29.37	
NODE_2_length_539167_cov_14.3027 	6	62744 	62668 	Met	CAT	0	0	85.85	60.06	25.79	
NODE_3_length_528984_cov_13.5366 	1	344648	344724	Arg	TCT	0	0	96.39	77.88	18.51	
NODE_3_length_528984_cov_13.5366 	2	344776	344851	His	GTG	0	0	83.51	64.18	19.33	
NODE_3_length_528984_cov_13.5366 	3	344906	344990	Leu	TAG	0	0	76.62	44.97	31.65	
NODE_3_length_528984_cov_13.5366 	4	374614	374689	Gly	TCC	0	0	77.03	54.61	22.42	
NODE_3_length_528984_cov_13.5366 	5	405373	405448	His	GTG	0	0	83.51	64.18	19.33	
NODE_3_length_528984_cov_13.5366 	6	416738	416814	Asp	GTC	0	0	95.34	76.86	18.48	
NODE_4_length_506346_cov_14.5031 	1	270837	270923	Leu	CAA	0	0	69.99	38.33	31.66	
NODE_5_length_479786_cov_13.2545 	1	115067	115156	Ser	GGA	0	0	71.75	34.38	37.37	
NODE_5_length_479786_cov_13.2545 	2	303858	303934	Pro	CGG	0	0	88.20	60.26	27.94	
NODE_5_length_479786_cov_13.2545 	3	432685	432760	Asn	GTT	0	0	91.73	62.08	29.65	
NODE_5_length_479786_cov_13.2545 	4	423886	423811	Ala	GGC	0	0	86.95	68.86	18.09	
NODE_5_length_479786_cov_13.2545 	5	423762	423687	Glu	TTC	0	0	66.40	38.20	28.20	
NODE_5_length_479786_cov_13.2545 	6	423593	423518	Ala	GGC	0	0	86.95	68.86	18.09	
NODE_5_length_479786_cov_13.2545 	7	423471	423396	Glu	TTC	0	0	66.40	38.20	28.20	
NODE_5_length_479786_cov_13.2545 	8	384489	384414	Val	TAC	0	0	94.49	73.68	20.81	
NODE_5_length_479786_cov_13.2545 	9	384397	384321	Asp	GTC	0	0	94.67	75.49	19.18	
NODE_5_length_479786_cov_13.2545 	10	384206	384130	Asp	GTC	0	0	94.67	75.49	19.18	
NODE_5_length_479786_cov_13.2545 	11	82603 	82528 	Glu	TTC	0	0	66.40	38.20	28.20	
NODE_5_length_479786_cov_13.2545 	12	82525 	82450 	Gly	GCC	0	0	93.74	68.41	25.33	
NODE_5_length_479786_cov_13.2545 	13	82365 	82290 	Gly	GCC	0	0	93.74	68.41	25.33	
NODE_5_length_479786_cov_13.2545 	14	35121 	35045 	Val	GAC	0	0	93.19	67.81	25.38	
NODE_5_length_479786_cov_13.2545 	15	983   	907   	Pro	GGG	0	0	74.89	48.01	26.88	
NODE_6_length_446265_cov_13.4526 	1	244384	244460	Arg	CCT	0	0	83.71	58.51	25.20	
NODE_6_length_446265_cov_13.4526 	2	372217	372292	Val	TAC	0	0	94.49	73.68	20.81	
NODE_6_length_446265_cov_13.4526 	3	372309	372385	Asp	GTC	0	0	94.67	75.49	19.18	
NODE_7_length_431804_cov_13.7    	1	288919	288830	Ser	TGA	0	0	72.70	38.95	33.75	
NODE_7_length_431804_cov_13.7    	2	264543	264468	Gly	GCC	0	0	93.74	68.41	25.33	
NODE_7_length_431804_cov_13.7    	3	138214	138141	Cys	GCA	0	0	62.38	45.73	16.65	
NODE_7_length_431804_cov_13.7    	4	125591	125505	Leu	TAA	0	0	76.64	42.32	34.32	
NODE_8_length_396632_cov_13.58   	1	102140	102215	Asn	GTT	0	0	91.73	62.08	29.65	
NODE_8_length_396632_cov_13.58   	2	102225	102301	Pro	TGG	0	0	87.63	64.60	23.03	
NODE_8_length_396632_cov_13.58   	3	102312	102387	Lys	TTT	0	0	95.07	71.82	23.25	
NODE_8_length_396632_cov_13.58   	4	121532	121607	Thr	CGT	0	0	90.98	74.93	16.05	
NODE_8_length_396632_cov_13.58   	5	58224 	58151 	Arg	ACG	0	0	52.72	27.21	25.51	
NODE_9_length_378737_cov_14.6711 	1	85145 	85221 	Met	CAT	0	0	92.87	71.40	21.47	
NODE_10_length_288490_cov_14.7478	1	275164	275089	Thr	TGT	0	0	93.66	75.64	18.02	
NODE_11_length_267465_cov_14.5287	1	103943	104016	Gly	CCC	0	0	60.35	30.06	30.29	
NODE_15_length_202254_cov_14.104 	1	89848 	89938 	Ser	GCT	0	0	76.69	47.10	29.59	
NODE_15_length_202254_cov_14.104 	2	90056 	90132 	Arg	ACG	0	0	83.50	58.05	25.45	
NODE_15_length_202254_cov_14.104 	3	90244 	90320 	Arg	ACG	0	0	83.50	58.05	25.45	
NODE_15_length_202254_cov_14.104 	4	158940	159015	Lys	TTT	0	0	95.07	71.82	23.25	
NODE_15_length_202254_cov_14.104 	5	106392	106316	Met	CAT	0	0	85.06	58.55	26.51	
NODE_15_length_202254_cov_14.104 	6	182   	110   	Leu	GAG	0	0	20.84	19.28	1.56	
NODE_20_length_71348_cov_13.5847 	1	22240 	22166 	Gln	TTG	0	0	66.82	40.36	26.46	
NODE_20_length_71348_cov_13.5847 	2	18491 	18415 	Met	CAT	0	0	87.19	64.42	22.77	
NODE_22_length_65469_cov_14.6603 	1	64250 	64175 	Trp	CCA	0	0	86.73	63.05	23.68	
NODE_27_length_35917_cov_15.0893 	1	1283  	1207  	Arg	CCG	0	0	87.81	66.55	21.26	
NODE_38_length_5480_cov_58.0523  	1	1894  	1970  	Ile	GAT	0	0	98.83	72.69	26.14	
NODE_38_length_5480_cov_58.0523  	2	1999  	2074  	Ala	TGC	0	0	90.68	71.56	19.12	
NODE_42_length_3321_cov_13.1544  	1	521   	437   	Tyr	GTA	0	0	71.07	41.76	29.31	
NODE_42_length_3321_cov_13.1544  	2	410   	337   	Gly	TCC	0	0	82.75	60.87	21.88	
NODE_42_length_3321_cov_13.1544  	3	317   	242   	Thr	GGT	0	0	93.76	67.73	26.03	
