Sequence                         		tRNA  	Bounds	tRNA	Anti	Intron Bounds	Cove	HMM	2'Str	      
Name                             	tRNA #	Begin 	End   	Type	Codon	Begin	End	Score	Score	Score	Note
--------                         	------	----- 	------	----	-----	-----	----	------	-----	-----	------
NODE_1_length_473844_cov_36.8024 	1	54864 	54939 	Ala	GGC	0	0	86.95	68.86	18.09	
NODE_1_length_473844_cov_36.8024 	2	54988 	55063 	Glu	TTC	0	0	66.40	38.20	28.20	
NODE_1_length_473844_cov_36.8024 	3	55157 	55232 	Ala	GGC	0	0	86.95	68.86	18.09	
NODE_1_length_473844_cov_36.8024 	4	55279 	55354 	Glu	TTC	0	0	66.40	38.20	28.20	
NODE_1_length_473844_cov_36.8024 	5	94279 	94354 	Val	TAC	0	0	94.49	73.68	20.81	
NODE_1_length_473844_cov_36.8024 	6	94371 	94447 	Asp	GTC	0	0	94.67	75.49	19.18	
NODE_1_length_473844_cov_36.8024 	7	94562 	94638 	Asp	GTC	0	0	94.67	75.49	19.18	
NODE_1_length_473844_cov_36.8024 	8	394068	394143	Glu	TTC	0	0	66.40	38.20	28.20	
NODE_1_length_473844_cov_36.8024 	9	394146	394221	Gly	GCC	0	0	93.74	68.41	25.33	
NODE_1_length_473844_cov_36.8024 	10	440018	440094	Val	GAC	0	0	93.19	67.81	25.38	
NODE_1_length_473844_cov_36.8024 	11	473079	473155	Pro	GGG	0	0	74.89	48.01	26.88	
NODE_1_length_473844_cov_36.8024 	12	361574	361485	Ser	GGA	0	0	71.75	34.38	37.37	
NODE_1_length_473844_cov_36.8024 	13	172774	172698	Pro	CGG	0	0	88.20	60.26	27.94	
NODE_1_length_473844_cov_36.8024 	14	46065 	45990 	Asn	GTT	0	0	91.73	62.08	29.65	
NODE_2_length_426062_cov_37.2568 	1	176679	176754	Asn	GTT	0	0	91.73	62.08	29.65	
NODE_2_length_426062_cov_37.2568 	2	176764	176840	Pro	TGG	0	0	87.63	64.60	23.03	
NODE_2_length_426062_cov_37.2568 	3	176851	176926	Lys	TTT	0	0	95.07	71.82	23.25	
NODE_2_length_426062_cov_37.2568 	4	196286	196361	Thr	CGT	0	0	90.98	74.93	16.05	
NODE_2_length_426062_cov_37.2568 	5	132769	132696	Arg	ACG	0	0	52.72	27.21	25.51	
NODE_2_length_426062_cov_37.2568 	6	26155 	26081 	Gln	TTG	0	0	66.82	40.36	26.46	
NODE_2_length_426062_cov_37.2568 	7	22407 	22331 	Met	CAT	0	0	87.19	64.42	22.77	
NODE_3_length_419042_cov_38.566  	1	89717 	89793 	Met	CAT	0	0	92.87	71.40	21.47	
NODE_3_length_419042_cov_38.566  	2	417856	417932	Arg	CCG	0	0	87.81	66.55	21.26	
NODE_4_length_394189_cov_35.977  	1	160825	160911	Leu	CAG	0	0	73.96	38.54	35.42	
NODE_4_length_394189_cov_35.977  	2	161041	161127	Leu	CAG	0	0	73.96	38.54	35.42	
NODE_4_length_394189_cov_35.977  	3	7148  	7057  	SeC	TCA	0	0	55.75	-18.51	74.26	
NODE_5_length_385393_cov_41.3746 	1	27749 	27838 	Ser	CGA	0	0	68.31	24.88	43.43	
NODE_6_length_384181_cov_37.0314 	1	383391	383477	Leu	CAA	0	0	69.99	38.33	31.66	
NODE_7_length_304572_cov_40.2961 	1	169683	169759	Met	CAT	0	0	85.06	58.55	26.51	
NODE_7_length_304572_cov_40.2961 	2	186225	186135	Ser	GCT	0	0	76.69	47.10	29.59	
NODE_7_length_304572_cov_40.2961 	3	186017	185941	Arg	ACG	0	0	83.50	58.05	25.45	
NODE_7_length_304572_cov_40.2961 	4	185829	185753	Arg	ACG	0	0	83.50	58.05	25.45	
NODE_7_length_304572_cov_40.2961 	5	117130	117055	Lys	TTT	0	0	95.07	71.82	23.25	
NODE_8_length_278107_cov_36.3723 	1	23594 	23669 	Phe	GAA	0	0	92.69	68.52	24.17	
NODE_8_length_278107_cov_36.3723 	2	35003 	35078 	Thr	TGT	0	0	93.66	75.64	18.02	
NODE_11_length_213907_cov_38.0308	1	119321	119395	Arg	CCT	0	0	69.71	45.21	24.50	
NODE_12_length_213648_cov_38.0899	1	64912 	64988 	Arg	TCT	0	0	96.39	77.88	18.51	
NODE_12_length_213648_cov_38.0899	2	65040 	65115 	His	GTG	0	0	83.51	64.18	19.33	
NODE_12_length_213648_cov_38.0899	3	65170 	65254 	Leu	TAG	0	0	76.62	44.97	31.65	
NODE_12_length_213648_cov_38.0899	4	65321 	65396 	His	GTG	0	0	83.51	64.18	19.33	
NODE_12_length_213648_cov_38.0899	5	76662 	76738 	Asp	GTC	0	0	95.34	76.86	18.48	
NODE_15_length_171346_cov_42.004 	1	56158 	56233 	Gly	GCC	0	0	93.74	68.41	25.33	
NODE_15_length_171346_cov_42.004 	2	60781 	60854 	Cys	GCA	0	0	62.38	45.73	16.65	
NODE_15_length_171346_cov_42.004 	3	73864 	73950 	Leu	TAA	0	0	76.64	42.32	34.32	
NODE_20_length_119844_cov_35.1914	1	56843 	56928 	Leu	GAG	0	0	68.53	39.16	29.37	
NODE_20_length_119844_cov_35.1914	2	57019 	57095 	Met	CAT	0	0	85.85	60.06	25.79	
NODE_21_length_109851_cov_36.2724	1	35979 	36054 	Val	TAC	0	0	94.49	73.68	20.81	
NODE_21_length_109851_cov_36.2724	2	36071 	36147 	Asp	GTC	0	0	94.67	75.49	19.18	
NODE_22_length_96306_cov_40.2498 	1	378   	289   	Ser	TGA	0	0	72.70	38.95	33.75	
NODE_23_length_89675_cov_37.9383 	1	2615  	2542  	Gly	CCC	0	0	60.35	30.06	30.29	
NODE_28_length_65469_cov_37.5523 	1	64250 	64175 	Trp	CCA	0	0	86.73	63.05	23.68	
NODE_48_length_5169_cov_142.971  	1	3360  	3284  	Ile	GAT	0	0	98.83	72.69	26.14	
NODE_48_length_5169_cov_142.971  	2	3255  	3180  	Ala	TGC	0	0	90.68	71.56	19.12	
NODE_52_length_3290_cov_33.3607  	1	521   	437   	Tyr	GTA	0	0	71.07	41.76	29.31	
NODE_52_length_3290_cov_33.3607  	2	410   	337   	Gly	TCC	0	0	82.75	60.87	21.88	
NODE_52_length_3290_cov_33.3607  	3	317   	242   	Thr	GGT	0	0	93.76	67.73	26.03	
NODE_142_length_441_cov_1.08599  	1	319   	243   	Arg	CCT	0	0	83.71	58.51	25.20	
