Sequence                         		tRNA  	Bounds	tRNA	Anti	Intron Bounds	Cove	HMM	2'Str	      
Name                             	tRNA #	Begin 	End   	Type	Codon	Begin	End	Score	Score	Score	Note
--------                         	------	----- 	------	----	-----	-----	----	------	-----	-----	------
NODE_1_length_771684_cov_31.6275 	1	654723	654814	SeC	TCA	0	0	55.75	-18.51	74.26	
NODE_1_length_771684_cov_31.6275 	2	708801	708886	Leu	GAG	0	0	68.53	39.16	29.37	
NODE_1_length_771684_cov_31.6275 	3	708977	709053	Met	CAT	0	0	85.85	60.06	25.79	
NODE_1_length_771684_cov_31.6275 	4	500444	500358	Leu	CAG	0	0	73.96	38.54	35.42	
NODE_1_length_771684_cov_31.6275 	5	500228	500142	Leu	CAG	0	0	73.96	38.54	35.42	
NODE_1_length_771684_cov_31.6275 	6	243515	243440	Phe	GAA	0	0	92.69	68.52	24.17	
NODE_1_length_771684_cov_31.6275 	7	232105	232030	Thr	TGT	0	0	93.66	75.64	18.02	
NODE_2_length_691821_cov_32.2455 	1	489924	490000	Arg	CCT	0	0	83.71	58.51	25.20	
NODE_2_length_691821_cov_32.2455 	2	617763	617838	Val	TAC	0	0	94.49	73.68	20.81	
NODE_2_length_691821_cov_32.2455 	3	617855	617931	Asp	GTC	0	0	94.67	75.49	19.18	
NODE_2_length_691821_cov_32.2455 	4	12585 	12499 	Leu	CAA	0	0	69.99	38.33	31.66	
NODE_3_length_603896_cov_34.1185 	1	42111 	42196 	Lys	TTT	0	0	22.00	12.28	9.72	
NODE_3_length_603896_cov_34.1185 	2	69670 	69759 	Ser	CGA	0	0	68.31	24.88	43.43	
NODE_4_length_482646_cov_33.2707 	1	120172	120261	Ser	GGA	0	0	71.75	34.38	37.37	
NODE_4_length_482646_cov_33.2707 	2	308915	308991	Pro	CGG	0	0	88.20	60.26	27.94	
NODE_4_length_482646_cov_33.2707 	3	437215	437290	Asn	GTT	0	0	91.73	62.08	29.65	
NODE_4_length_482646_cov_33.2707 	4	428416	428341	Ala	GGC	0	0	86.95	68.86	18.09	
NODE_4_length_482646_cov_33.2707 	5	428292	428217	Glu	TTC	0	0	66.40	38.20	28.20	
NODE_4_length_482646_cov_33.2707 	6	428123	428048	Ala	GGC	0	0	86.95	68.86	18.09	
NODE_4_length_482646_cov_33.2707 	7	428001	427926	Glu	TTC	0	0	66.40	38.20	28.20	
NODE_4_length_482646_cov_33.2707 	8	389012	388937	Val	TAC	0	0	94.49	73.68	20.81	
NODE_4_length_482646_cov_33.2707 	9	388920	388844	Asp	GTC	0	0	94.67	75.49	19.18	
NODE_4_length_482646_cov_33.2707 	10	388729	388653	Asp	GTC	0	0	94.67	75.49	19.18	
NODE_4_length_482646_cov_33.2707 	11	87676 	87601 	Glu	TTC	0	0	66.40	38.20	28.20	
NODE_4_length_482646_cov_33.2707 	12	87598 	87523 	Gly	GCC	0	0	93.74	68.41	25.33	
NODE_4_length_482646_cov_33.2707 	13	87438 	87363 	Gly	GCC	0	0	93.74	68.41	25.33	
NODE_4_length_482646_cov_33.2707 	14	40163 	40087 	Val	GAC	0	0	93.19	67.81	25.38	
NODE_4_length_482646_cov_33.2707 	15	6021  	5945  	Pro	GGG	0	0	74.89	48.01	26.88	
NODE_5_length_472691_cov_30.8061 	1	177978	178053	Asn	GTT	0	0	91.73	62.08	29.65	
NODE_5_length_472691_cov_30.8061 	2	178063	178139	Pro	TGG	0	0	87.63	64.60	23.03	
NODE_5_length_472691_cov_30.8061 	3	178150	178225	Lys	TTT	0	0	95.07	71.82	23.25	
NODE_5_length_472691_cov_30.8061 	4	197543	197618	Thr	CGT	0	0	90.98	74.93	16.05	
NODE_5_length_472691_cov_30.8061 	5	134063	133990	Arg	ACG	0	0	52.72	27.21	25.51	
NODE_5_length_472691_cov_30.8061 	6	25889 	25815 	Gln	TTG	0	0	66.82	40.36	26.46	
NODE_5_length_472691_cov_30.8061 	7	22141 	22065 	Met	CAT	0	0	87.19	64.42	22.77	
NODE_6_length_427101_cov_33.6517 	1	303075	303151	Arg	TCT	0	0	96.39	77.88	18.51	
NODE_6_length_427101_cov_33.6517 	2	303203	303278	His	GTG	0	0	83.51	64.18	19.33	
NODE_6_length_427101_cov_33.6517 	3	303333	303417	Leu	TAG	0	0	76.62	44.97	31.65	
NODE_6_length_427101_cov_33.6517 	4	303484	303559	His	GTG	0	0	83.51	64.18	19.33	
NODE_6_length_427101_cov_33.6517 	5	314850	314926	Asp	GTC	0	0	95.34	76.86	18.48	
NODE_7_length_384774_cov_30.2495 	1	306896	306820	Met	CAT	0	0	95.39	79.51	15.88	
NODE_7_length_384774_cov_30.2495 	2	292763	292697	Met	CAT	0	0	23.54	16.20	7.34	
NODE_9_length_245038_cov_35.3199 	1	175983	176072	Ser	TGA	0	0	72.70	38.95	33.75	
NODE_9_length_245038_cov_35.3199 	2	200351	200426	Gly	GCC	0	0	93.74	68.41	25.33	
NODE_9_length_245038_cov_35.3199 	3	204973	205046	Cys	GCA	0	0	62.38	45.73	16.65	
NODE_9_length_245038_cov_35.3199 	4	217597	217683	Leu	TAA	0	0	76.64	42.32	34.32	
NODE_11_length_219718_cov_34.0478	1	91723 	91813 	Ser	GCT	0	0	76.69	47.10	29.59	
NODE_11_length_219718_cov_34.0478	2	91931 	92007 	Arg	ACG	0	0	83.50	58.05	25.45	
NODE_11_length_219718_cov_34.0478	3	92119 	92195 	Arg	ACG	0	0	83.50	58.05	25.45	
NODE_11_length_219718_cov_34.0478	4	160142	160217	Lys	TTT	0	0	95.07	71.82	23.25	
NODE_11_length_219718_cov_34.0478	5	108268	108192	Met	CAT	0	0	85.06	58.55	26.51	
NODE_11_length_219718_cov_34.0478	6	2055  	1983  	Leu	GAG	0	0	20.84	19.28	1.56	
NODE_15_length_158375_cov_32.8456	1	58855 	58782 	Gly	CCC	0	0	60.35	30.06	30.29	
NODE_19_length_65381_cov_26.1673 	1	64249 	64174 	Trp	CCA	0	0	86.73	63.05	23.68	
NODE_26_length_36168_cov_36.9697 	1	1532  	1456  	Arg	CCG	0	0	87.81	66.55	21.26	
NODE_30_length_5543_cov_128.378  	1	1928  	2004  	Ile	GAT	0	0	98.83	72.69	26.14	
NODE_30_length_5543_cov_128.378  	2	2033  	2108  	Ala	TGC	0	0	90.68	71.56	19.12	
NODE_35_length_3379_cov_23.6178  	1	608   	524   	Tyr	GTA	0	0	71.07	41.76	29.31	
NODE_35_length_3379_cov_23.6178  	2	497   	424   	Gly	TCC	0	0	82.75	60.87	21.88	
NODE_35_length_3379_cov_23.6178  	3	404   	329   	Thr	GGT	0	0	93.76	67.73	26.03	
