Sequence                          		tRNA   	Bounds 	tRNA	Anti	Intron Bounds	Cove	HMM	2'Str	      
Name                              	tRNA #	Begin  	End    	Type	Codon	Begin	End	Score	Score	Score	Note
--------                          	------	-----  	------ 	----	-----	-----	----	------	-----	-----	------
NODE_1_length_1068215_cov_24.5319 	1	628606 	628695 	Ser	GGA	0	0	71.75	34.38	37.37	
NODE_1_length_1068215_cov_24.5319 	2	817385 	817461 	Pro	CGG	0	0	88.20	60.26	27.94	
NODE_1_length_1068215_cov_24.5319 	3	946222 	946297 	Asn	GTT	0	0	91.73	62.08	29.65	
NODE_1_length_1068215_cov_24.5319 	4	1068187	1068112	Val	TAC	0	0	94.49	73.68	20.81	
NODE_1_length_1068215_cov_24.5319 	5	1068095	1068019	Asp	GTC	0	0	94.67	75.49	19.18	
NODE_1_length_1068215_cov_24.5319 	6	937423 	937348 	Ala	GGC	0	0	86.95	68.86	18.09	
NODE_1_length_1068215_cov_24.5319 	7	937299 	937224 	Glu	TTC	0	0	66.40	38.20	28.20	
NODE_1_length_1068215_cov_24.5319 	8	937130 	937055 	Ala	GGC	0	0	86.95	68.86	18.09	
NODE_1_length_1068215_cov_24.5319 	9	937008 	936933 	Glu	TTC	0	0	66.40	38.20	28.20	
NODE_1_length_1068215_cov_24.5319 	10	898011 	897936 	Val	TAC	0	0	94.49	73.68	20.81	
NODE_1_length_1068215_cov_24.5319 	11	897919 	897843 	Asp	GTC	0	0	94.67	75.49	19.18	
NODE_1_length_1068215_cov_24.5319 	12	897728 	897652 	Asp	GTC	0	0	87.61	74.15	13.46	
NODE_1_length_1068215_cov_24.5319 	13	596107 	596032 	Glu	TTC	0	0	66.40	38.20	28.20	
NODE_1_length_1068215_cov_24.5319 	14	596029 	595954 	Gly	GCC	0	0	93.74	68.41	25.33	
NODE_1_length_1068215_cov_24.5319 	15	595869 	595794 	Gly	GCC	0	0	93.74	68.41	25.33	
NODE_1_length_1068215_cov_24.5319 	16	549477 	549401 	Val	GAC	0	0	93.19	67.81	25.38	
NODE_1_length_1068215_cov_24.5319 	17	515335 	515259 	Pro	GGG	0	0	74.89	48.01	26.88	
NODE_1_length_1068215_cov_24.5319 	18	329226 	329137 	Ser	TGA	0	0	72.70	38.95	33.75	
NODE_1_length_1068215_cov_24.5319 	19	304851 	304776 	Gly	GCC	0	0	93.74	68.41	25.33	
NODE_1_length_1068215_cov_24.5319 	20	185038 	184965 	Cys	GCA	0	0	62.38	45.73	16.65	
NODE_2_length_991034_cov_25.1241  	1	955584 	955495 	Ser	CGA	0	0	68.31	24.88	43.43	
NODE_2_length_991034_cov_25.1241  	2	124004 	123928 	Arg	TCT	0	0	96.39	77.88	18.51	
NODE_2_length_991034_cov_25.1241  	3	123876 	123801 	His	GTG	0	0	83.51	64.18	19.33	
NODE_2_length_991034_cov_25.1241  	4	123746 	123662 	Leu	TAG	0	0	76.62	44.97	31.65	
NODE_2_length_991034_cov_25.1241  	5	123595 	123520 	His	GTG	0	0	83.51	64.18	19.33	
NODE_2_length_991034_cov_25.1241  	6	112236 	112160 	Asp	GTC	0	0	95.34	76.86	18.48	
NODE_3_length_823045_cov_22.2728  	1	660733 	660824 	SeC	TCA	0	0	55.75	-18.51	74.26	
NODE_3_length_823045_cov_22.2728  	2	714921 	715006 	Leu	GAG	0	0	68.53	39.16	29.37	
NODE_3_length_823045_cov_22.2728  	3	715097 	715173 	Met	CAT	0	0	85.85	60.06	25.79	
NODE_3_length_823045_cov_22.2728  	4	507060 	506974 	Leu	CAG	0	0	73.96	38.54	35.42	
NODE_3_length_823045_cov_22.2728  	5	506844 	506758 	Leu	CAG	0	0	73.96	38.54	35.42	
NODE_3_length_823045_cov_22.2728  	6	250126 	250051 	Phe	GAA	0	0	92.69	68.52	24.17	
NODE_3_length_823045_cov_22.2728  	7	238720 	238645 	Thr	TGT	0	0	93.66	75.64	18.02	
NODE_4_length_551175_cov_21.8749  	1	210863 	210777 	Leu	CAA	0	0	69.99	38.33	31.66	
NODE_5_length_547899_cov_28.2729  	1	34738  	34814  	Arg	CCG	0	0	90.57	71.58	18.99	
NODE_6_length_377600_cov_23.7605  	1	298305 	298229 	Met	CAT	0	0	92.87	71.40	21.47	
NODE_7_length_337320_cov_23.0109  	1	53580  	53656  	Met	CAT	0	0	85.06	58.55	26.51	
NODE_7_length_337320_cov_23.0109  	2	159794 	159866 	Leu	GAG	0	0	20.84	19.28	1.56	
NODE_7_length_337320_cov_23.0109  	3	271101 	271174 	Gly	CCC	0	0	60.35	30.06	30.29	
NODE_7_length_337320_cov_23.0109  	4	70126  	70036  	Ser	GCT	0	0	76.69	47.10	29.59	
NODE_7_length_337320_cov_23.0109  	5	69918  	69842  	Arg	ACG	0	0	83.50	58.05	25.45	
NODE_7_length_337320_cov_23.0109  	6	69730  	69654  	Arg	ACG	0	0	83.50	58.05	25.45	
NODE_7_length_337320_cov_23.0109  	7	1030   	955    	Lys	TTT	0	0	95.07	71.82	23.25	
NODE_8_length_329910_cov_23.1306  	1	79585  	79670  	Lys	TTT	0	0	22.00	12.28	9.72	
NODE_8_length_329910_cov_23.1306  	2	97517  	97592  	Thr	CGT	0	0	90.98	74.93	16.05	
NODE_10_length_209325_cov_20.1183 	1	2748   	2672   	Arg	CCT	0	0	83.71	58.51	25.20	
NODE_13_length_131150_cov_21.7225 	1	99     	24     	Val	TAC	0	0	94.49	73.68	20.81	
NODE_14_length_101567_cov_24.0654 	1	100364 	100439 	Asn	GTT	0	0	91.73	62.08	29.65	
NODE_14_length_101567_cov_24.0654 	2	100449 	100525 	Pro	TGG	0	0	87.63	64.60	23.03	
NODE_14_length_101567_cov_24.0654 	3	100536 	100611 	Lys	TTT	0	0	95.07	71.82	23.25	
NODE_14_length_101567_cov_24.0654 	4	56447  	56374  	Arg	ACG	0	0	52.72	27.21	25.51	
NODE_16_length_86091_cov_23.632   	1	36274  	36200  	Gln	TTG	0	0	66.82	40.36	26.46	
NODE_16_length_86091_cov_23.632   	2	32525  	32449  	Met	CAT	0	0	87.19	64.42	22.77	
NODE_17_length_65472_cov_21.282   	1	64253  	64178  	Trp	CCA	0	0	86.73	63.05	23.68	
NODE_26_length_5485_cov_95.4765   	1	1898   	1974   	Ile	GAT	0	0	98.83	72.69	26.14	
NODE_26_length_5485_cov_95.4765   	2	2003   	2078   	Ala	TGC	0	0	90.68	71.56	19.12	
NODE_30_length_3319_cov_22.0185   	1	521    	437    	Tyr	GTA	0	0	71.07	41.76	29.31	
NODE_30_length_3319_cov_22.0185   	2	410    	337    	Gly	TCC	0	0	82.75	60.87	21.88	
NODE_30_length_3319_cov_22.0185   	3	317    	242    	Thr	GGT	0	0	93.76	67.73	26.03	
