Sequence                         		tRNA  	Bounds	tRNA	Anti	Intron Bounds	Cove	HMM	2'Str	      
Name                             	tRNA #	Begin 	End   	Type	Codon	Begin	End	Score	Score	Score	Note
--------                         	------	----- 	------	----	-----	-----	----	------	-----	-----	------
NODE_1_length_988193_cov_29.4654 	1	265287	265377	Ser	GCT	0	0	76.69	47.10	29.59	
NODE_1_length_988193_cov_29.4654 	2	265495	265571	Arg	ACG	0	0	83.50	58.05	25.45	
NODE_1_length_988193_cov_29.4654 	3	265683	265759	Arg	ACG	0	0	83.50	58.05	25.45	
NODE_1_length_988193_cov_29.4654 	4	334380	334455	Lys	TTT	0	0	95.07	71.82	23.25	
NODE_1_length_988193_cov_29.4654 	5	455641	455726	Lys	TTT	0	0	22.00	12.28	9.72	
NODE_1_length_988193_cov_29.4654 	6	483192	483281	Ser	CGA	0	0	68.31	24.88	43.43	
NODE_1_length_988193_cov_29.4654 	7	953559	953483	Arg	CCG	0	0	87.81	66.55	21.26	
NODE_1_length_988193_cov_29.4654 	8	281832	281756	Met	CAT	0	0	85.06	58.55	26.51	
NODE_1_length_988193_cov_29.4654 	9	175619	175547	Leu	GAG	0	0	20.84	19.28	1.56	
NODE_1_length_988193_cov_29.4654 	10	58884 	58811 	Gly	CCC	0	0	60.35	30.06	30.29	
NODE_2_length_920010_cov_30.5283 	1	558058	558147	Ser	GGA	0	0	71.75	34.38	37.37	
NODE_2_length_920010_cov_30.5283 	2	746829	746905	Pro	CGG	0	0	88.20	60.26	27.94	
NODE_2_length_920010_cov_30.5283 	3	875629	875704	Asn	GTT	0	0	91.73	62.08	29.65	
NODE_2_length_920010_cov_30.5283 	4	866832	866757	Ala	GGC	0	0	86.95	68.86	18.09	
NODE_2_length_920010_cov_30.5283 	5	866708	866633	Glu	TTC	0	0	66.40	38.20	28.20	
NODE_2_length_920010_cov_30.5283 	6	866539	866464	Ala	GGC	0	0	86.95	68.86	18.09	
NODE_2_length_920010_cov_30.5283 	7	866417	866342	Glu	TTC	0	0	66.40	38.20	28.20	
NODE_2_length_920010_cov_30.5283 	8	827435	827360	Val	TAC	0	0	94.49	73.68	20.81	
NODE_2_length_920010_cov_30.5283 	9	827343	827267	Asp	GTC	0	0	94.67	75.49	19.18	
NODE_2_length_920010_cov_30.5283 	10	827152	827076	Asp	GTC	0	0	94.67	75.49	19.18	
NODE_2_length_920010_cov_30.5283 	11	525562	525487	Glu	TTC	0	0	66.40	38.20	28.20	
NODE_2_length_920010_cov_30.5283 	12	525484	525409	Gly	GCC	0	0	93.74	68.41	25.33	
NODE_2_length_920010_cov_30.5283 	13	525324	525249	Gly	GCC	0	0	93.74	68.41	25.33	
NODE_2_length_920010_cov_30.5283 	14	442702	442626	Val	GAC	0	0	93.19	67.81	25.38	
NODE_2_length_920010_cov_30.5283 	15	408563	408487	Pro	GGG	0	0	74.89	48.01	26.88	
NODE_2_length_920010_cov_30.5283 	16	253359	253270	Ser	TGA	0	0	72.70	38.95	33.75	
NODE_2_length_920010_cov_30.5283 	17	197230	197155	Gly	GCC	0	0	93.74	68.41	25.33	
NODE_2_length_920010_cov_30.5283 	18	159232	159159	Cys	GCA	0	0	62.38	45.73	16.65	
NODE_2_length_920010_cov_30.5283 	19	146609	146523	Leu	TAA	0	0	76.64	42.32	34.32	
NODE_3_length_903620_cov_30.02   	1	700322	700398	Arg	CCT	0	0	83.71	58.51	25.20	
NODE_3_length_903620_cov_30.02   	2	829511	829586	Val	TAC	0	0	94.49	73.68	20.81	
NODE_3_length_903620_cov_30.02   	3	829603	829679	Asp	GTC	0	0	94.67	75.49	19.18	
NODE_3_length_903620_cov_30.02   	4	216477	216391	Leu	CAA	0	0	69.99	38.33	31.66	
NODE_4_length_665480_cov_27.161  	1	548618	548709	SeC	TCA	0	0	55.75	-18.51	74.26	
NODE_4_length_665480_cov_27.161  	2	602616	602701	Leu	GAG	0	0	68.53	39.16	29.37	
NODE_4_length_665480_cov_27.161  	3	602792	602868	Met	CAT	0	0	85.85	60.06	25.79	
NODE_4_length_665480_cov_27.161  	4	395040	394954	Leu	CAG	0	0	73.96	38.54	35.42	
NODE_4_length_665480_cov_27.161  	5	394824	394738	Leu	CAG	0	0	73.96	38.54	35.42	
NODE_4_length_665480_cov_27.161  	6	135768	135693	Phe	GAA	0	0	92.69	68.52	24.17	
NODE_4_length_665480_cov_27.161  	7	124356	124281	Thr	TGT	0	0	93.66	75.64	18.02	
NODE_5_length_530713_cov_28.1527 	1	140722	140646	Arg	TCT	0	0	96.39	77.88	18.51	
NODE_5_length_530713_cov_28.1527 	2	140594	140519	His	GTG	0	0	83.51	64.18	19.33	
NODE_5_length_530713_cov_28.1527 	3	140464	140380	Leu	TAG	0	0	73.51	45.73	27.78	
NODE_5_length_530713_cov_28.1527 	4	118110	118035	Met	CAT	0	0	60.05	34.98	25.07	
NODE_5_length_530713_cov_28.1527 	5	117322	117247	Gly	TCC	0	0	75.48	55.72	19.76	
NODE_5_length_530713_cov_28.1527 	6	117234	117160	Asn	GTT	0	0	77.66	51.70	25.96	
NODE_5_length_530713_cov_28.1527 	7	117155	117080	Thr	TGT	0	0	74.27	61.42	12.85	
NODE_5_length_530713_cov_28.1527 	8	91377 	91302 	His	GTG	0	0	83.51	64.18	19.33	
NODE_5_length_530713_cov_28.1527 	9	80011 	79935 	Asp	GTC	0	0	95.34	76.86	18.48	
NODE_6_length_409534_cov_29.5159 	1	331954	331878	Met	CAT	0	0	92.87	71.40	21.47	
NODE_7_length_235934_cov_26.4896 	1	95299 	95372 	Arg	ACG	0	0	52.72	27.21	25.51	
NODE_7_length_235934_cov_26.4896 	2	201548	201622	Gln	TTG	0	0	66.82	40.36	26.46	
NODE_7_length_235934_cov_26.4896 	3	205296	205372	Met	CAT	0	0	87.19	64.42	22.77	
NODE_7_length_235934_cov_26.4896 	4	51383 	51308 	Asn	GTT	0	0	91.73	62.08	29.65	
NODE_7_length_235934_cov_26.4896 	5	51298 	51222 	Pro	TGG	0	0	87.63	64.60	23.03	
NODE_7_length_235934_cov_26.4896 	6	51211 	51136 	Lys	TTT	0	0	95.07	71.82	23.25	
NODE_7_length_235934_cov_26.4896 	7	31762 	31687 	Thr	CGT	0	0	90.98	74.93	16.05	
NODE_17_length_65509_cov_30.0586 	1	64290 	64215 	Trp	CCA	0	0	86.73	63.05	23.68	
NODE_25_length_5542_cov_107.969  	1	3589  	3513  	Ile	GAT	0	0	98.83	72.69	26.14	
NODE_25_length_5542_cov_107.969  	2	3484  	3409  	Ala	TGC	0	0	90.68	71.56	19.12	
NODE_28_length_3319_cov_30.6269  	1	521   	437   	Tyr	GTA	0	0	71.07	41.76	29.31	
NODE_28_length_3319_cov_30.6269  	2	410   	337   	Gly	TCC	0	0	82.75	60.87	21.88	
NODE_28_length_3319_cov_30.6269  	3	317   	242   	Thr	GGT	0	0	89.47	66.73	22.74	
