Sequence                         		tRNA  	Bounds	tRNA	Anti	Intron Bounds	Cove	HMM	2'Str	      
Name                             	tRNA #	Begin 	End   	Type	Codon	Begin	End	Score	Score	Score	Note
--------                         	------	----- 	------	----	-----	-----	----	------	-----	-----	------
NODE_1_length_662765_cov_17.3127 	1	271706	271792	Leu	CAG	0	0	73.96	38.54	35.42	
NODE_1_length_662765_cov_17.3127 	2	271922	272008	Leu	CAG	0	0	73.96	38.54	35.42	
NODE_1_length_662765_cov_17.3127 	3	529428	529503	Phe	GAA	0	0	92.69	68.52	24.17	
NODE_1_length_662765_cov_17.3127 	4	540838	540913	Thr	TGT	0	0	93.66	75.64	18.02	
NODE_1_length_662765_cov_17.3127 	5	117205	117114	SeC	TCA	0	0	55.75	-18.51	74.26	
NODE_1_length_662765_cov_17.3127 	6	62976 	62891 	Leu	GAG	0	0	68.53	39.16	29.37	
NODE_1_length_662765_cov_17.3127 	7	62800 	62727 	Met	CAT	0	0	77.55	51.79	25.76	
NODE_2_length_387694_cov_17.8531 	1	292202	292126	Met	CAT	0	0	92.87	71.40	21.47	
NODE_3_length_382962_cov_19.4966 	1	13249 	13324 	Ala	GGC	0	0	86.95	68.86	18.09	
NODE_3_length_382962_cov_19.4966 	2	13373 	13448 	Glu	TTC	0	0	66.40	38.20	28.20	
NODE_3_length_382962_cov_19.4966 	3	13542 	13617 	Ala	GGC	0	0	86.95	68.86	18.09	
NODE_3_length_382962_cov_19.4966 	4	13664 	13739 	Glu	TTC	0	0	65.16	36.95	28.21	
NODE_3_length_382962_cov_19.4966 	5	52648 	52723 	Val	TAC	0	0	94.49	73.68	20.81	
NODE_3_length_382962_cov_19.4966 	6	52740 	52816 	Asp	GTC	0	0	94.67	75.49	19.18	
NODE_3_length_382962_cov_19.4966 	7	52931 	53007 	Asp	GTC	0	0	94.67	75.49	19.18	
NODE_3_length_382962_cov_19.4966 	8	355637	355712	Glu	TTC	0	0	66.40	38.20	28.20	
NODE_3_length_382962_cov_19.4966 	9	355715	355790	Gly	GCC	0	0	93.74	68.41	25.33	
NODE_3_length_382962_cov_19.4966 	10	355875	355950	Gly	GCC	0	0	93.74	68.41	25.33	
NODE_3_length_382962_cov_19.4966 	11	323142	323053	Ser	GGA	0	0	71.75	34.38	37.37	
NODE_3_length_382962_cov_19.4966 	12	134338	134262	Pro	CGG	0	0	88.20	60.26	27.94	
NODE_3_length_382962_cov_19.4966 	13	4450  	4375  	Asn	GTT	0	0	91.73	62.08	29.65	
NODE_4_length_344965_cov_21.9353 	1	287204	287277	Arg	ACG	0	0	52.72	27.21	25.51	
NODE_4_length_344965_cov_21.9353 	2	243296	243221	Asn	GTT	0	0	91.73	62.08	29.65	
NODE_4_length_344965_cov_21.9353 	3	243211	243135	Pro	TGG	0	0	87.63	64.60	23.03	
NODE_4_length_344965_cov_21.9353 	4	243124	243049	Lys	TTT	0	0	95.07	71.82	23.25	
NODE_6_length_328014_cov_18.549  	1	29245 	29159 	Leu	CAA	0	0	69.99	38.33	31.66	
NODE_7_length_257019_cov_19.5408 	1	230462	230387	Thr	CGT	0	0	90.98	74.93	16.05	
NODE_8_length_238791_cov_22.5359 	1	144714	144790	Arg	TCT	0	0	96.39	77.88	18.51	
NODE_8_length_238791_cov_22.5359 	2	144842	144917	His	GTG	0	0	83.51	64.18	19.33	
NODE_8_length_238791_cov_22.5359 	3	144972	145056	Leu	TAG	0	0	76.62	44.97	31.65	
NODE_8_length_238791_cov_22.5359 	4	145123	145198	His	GTG	0	0	83.51	64.18	19.33	
NODE_8_length_238791_cov_22.5359 	5	156476	156552	Asp	GTC	0	0	95.34	76.86	18.48	
NODE_10_length_207561_cov_20.376 	1	91983 	91910 	Gly	CCC	0	0	60.35	30.06	30.29	
NODE_12_length_177678_cov_21.7928	1	148264	148175	Ser	CGA	0	0	68.31	24.88	43.43	
NODE_14_length_163831_cov_20.2375	1	48579 	48653 	Gln	TTG	0	0	66.82	40.36	26.46	
NODE_14_length_163831_cov_20.2375	2	52327 	52403 	Met	CAT	0	0	78.28	55.51	22.77	
NODE_15_length_144558_cov_25.9226	1	91613 	91686 	Cys	GCA	0	0	62.38	45.73	16.65	
NODE_16_length_144316_cov_21.5613	1	37720 	37796 	Met	CAT	0	0	85.06	58.55	26.51	
NODE_16_length_144316_cov_21.5613	2	143975	144047	Leu	GAG	0	0	20.84	19.28	1.56	
NODE_16_length_144316_cov_21.5613	3	54296 	54206 	Ser	GCT	0	0	76.69	47.10	29.59	
NODE_16_length_144316_cov_21.5613	4	54088 	54012 	Arg	ACG	0	0	83.50	58.05	25.45	
NODE_16_length_144316_cov_21.5613	5	53900 	53824 	Arg	ACG	0	0	83.50	58.05	25.45	
NODE_17_length_143573_cov_22.0698	1	33403 	33314 	Ser	TGA	0	0	72.70	38.95	33.75	
NODE_17_length_143573_cov_22.0698	2	9003  	8928  	Gly	GCC	0	0	93.74	68.41	25.33	
NODE_19_length_136575_cov_19.7772	1	100579	100504	Val	TAC	0	0	94.49	73.68	20.81	
NODE_19_length_136575_cov_19.7772	2	100487	100411	Asp	GTC	0	0	94.67	75.49	19.18	
NODE_22_length_122054_cov_18.1277	1	2943  	2867  	Arg	CCT	0	0	83.71	58.51	25.20	
NODE_26_length_101796_cov_21.1062	1	83583 	83507 	Val	GAC	0	0	93.19	67.81	25.38	
NODE_26_length_101796_cov_21.1062	2	49740 	49664 	Pro	GGG	0	0	74.89	48.01	26.88	
NODE_33_length_65288_cov_17.3525 	1	64273 	64198 	Trp	CCA	0	0	86.73	63.05	23.68	
NODE_40_length_48152_cov_23.2842 	1	13546 	13470 	Arg	CCG	0	0	87.81	66.55	21.26	
NODE_48_length_21781_cov_18.3412 	1	18561 	18637 	Met	CAT	0	0	88.43	65.66	22.77	
NODE_50_length_16705_cov_22.0344 	1	15112 	15187 	Lys	TTT	0	0	95.07	71.82	23.25	
NODE_64_length_5415_cov_81.8996  	1	1829  	1905  	Ile	GAT	0	0	98.83	72.69	26.14	
NODE_64_length_5415_cov_81.8996  	2	1934  	2009  	Ala	TGC	0	0	90.68	71.56	19.12	
NODE_72_length_3526_cov_20.4213  	1	725   	641   	Tyr	GTA	0	0	71.07	41.76	29.31	
NODE_72_length_3526_cov_20.4213  	2	614   	541   	Gly	TCC	0	0	82.75	60.87	21.88	
NODE_72_length_3526_cov_20.4213  	3	521   	446   	Thr	GGT	0	0	93.76	67.73	26.03	
