Sequence                       		tRNA  	Bounds	tRNA	Anti	Intron Bounds	Cove	HMM	2'Str	      
Name                           	tRNA #	Begin 	End   	Type	Codon	Begin	End	Score	Score	Score	Note
--------                       	------	----- 	------	----	-----	-----	----	------	-----	-----	------
NODE_1_length_975714_cov_21.85 	1	773832	773908	Arg	CCT	0	0	83.71	58.51	25.20	
NODE_1_length_975714_cov_21.85 	2	901665	901740	Val	TAC	0	0	94.49	73.68	20.81	
NODE_1_length_975714_cov_21.85 	3	901757	901833	Asp	GTC	0	0	94.67	75.49	19.18	
NODE_1_length_975714_cov_21.85 	4	240654	240568	Leu	CAA	0	0	69.99	38.33	31.66	
NODE_2_length_539303_cov_22.4932	1	270730	270816	Leu	CAG	0	0	73.96	38.54	35.42	
NODE_2_length_539303_cov_22.4932	2	270946	271032	Leu	CAG	0	0	73.96	38.54	35.42	
NODE_2_length_539303_cov_22.4932	3	525755	525830	Phe	GAA	0	0	92.69	68.52	24.17	
NODE_2_length_539303_cov_22.4932	4	117164	117073	SeC	TCA	0	0	55.75	-18.51	74.26	
NODE_2_length_539303_cov_22.4932	5	62920 	62835 	Leu	GAG	0	0	68.53	39.16	29.37	
NODE_2_length_539303_cov_22.4932	6	62744 	62668 	Met	CAT	0	0	85.85	60.06	25.79	
NODE_3_length_527330_cov_21.3091	1	182683	182607	Arg	TCT	0	0	96.39	77.88	18.51	
NODE_3_length_527330_cov_21.3091	2	182555	182480	His	GTG	0	0	83.51	64.18	19.33	
NODE_3_length_527330_cov_21.3091	3	182425	182341	Leu	TAG	0	0	76.62	44.97	31.65	
NODE_3_length_527330_cov_21.3091	4	154077	154002	Met	CAT	0	0	60.64	35.57	25.07	
NODE_3_length_527330_cov_21.3091	5	153682	153607	Gly	TCC	0	0	82.79	56.37	26.42	
NODE_3_length_527330_cov_21.3091	6	123612	123537	His	GTG	0	0	83.51	64.18	19.33	
NODE_3_length_527330_cov_21.3091	7	112247	112171	Asp	GTC	0	0	95.34	76.86	18.48	
NODE_4_length_464547_cov_22.0984	1	442316	442227	Ser	CGA	0	0	68.31	24.88	43.43	
NODE_5_length_439154_cov_21.4875	1	15133 	15208 	Ala	GGC	0	0	86.95	68.86	18.09	
NODE_5_length_439154_cov_21.4875	2	15257 	15332 	Glu	TTC	0	0	66.40	38.20	28.20	
NODE_5_length_439154_cov_21.4875	3	15426 	15501 	Ala	GGC	0	0	86.95	68.86	18.09	
NODE_5_length_439154_cov_21.4875	4	15548 	15623 	Glu	TTC	0	0	66.40	38.20	28.20	
NODE_5_length_439154_cov_21.4875	5	54530 	54605 	Val	TAC	0	0	94.49	73.68	20.81	
NODE_5_length_439154_cov_21.4875	6	54622 	54698 	Asp	GTC	0	0	94.67	75.49	19.18	
NODE_5_length_439154_cov_21.4875	7	54813 	54889 	Asp	GTC	0	0	94.67	75.49	19.18	
NODE_5_length_439154_cov_21.4875	8	356416	356491	Glu	TTC	0	0	66.40	38.20	28.20	
NODE_5_length_439154_cov_21.4875	9	356494	356569	Gly	GCC	0	0	93.74	68.41	25.33	
NODE_5_length_439154_cov_21.4875	10	356654	356729	Gly	GCC	0	0	93.74	68.41	25.33	
NODE_5_length_439154_cov_21.4875	11	403898	403974	Val	GAC	0	0	93.19	67.81	25.38	
NODE_5_length_439154_cov_21.4875	12	438036	438112	Pro	GGG	0	0	74.89	48.01	26.88	
NODE_5_length_439154_cov_21.4875	13	323952	323863	Ser	GGA	0	0	71.75	34.38	37.37	
NODE_5_length_439154_cov_21.4875	14	135161	135085	Pro	CGG	0	0	88.20	60.26	27.94	
NODE_5_length_439154_cov_21.4875	15	6334  	6259  	Asn	GTT	0	0	91.73	62.08	29.65	
NODE_6_length_431507_cov_21.5886	1	288919	288830	Ser	TGA	0	0	72.70	38.95	33.75	
NODE_6_length_431507_cov_21.5886	2	264543	264468	Gly	GCC	0	0	93.74	68.41	25.33	
NODE_6_length_431507_cov_21.5886	3	138214	138141	Cys	GCA	0	0	62.38	45.73	16.65	
NODE_6_length_431507_cov_21.5886	4	125591	125505	Leu	TAA	0	0	76.64	42.32	34.32	
NODE_7_length_396632_cov_21.4052	1	102140	102215	Asn	GTT	0	0	91.73	62.08	29.65	
NODE_7_length_396632_cov_21.4052	2	102225	102301	Pro	TGG	0	0	87.63	64.60	23.03	
NODE_7_length_396632_cov_21.4052	3	102312	102387	Lys	TTT	0	0	95.07	71.82	23.25	
NODE_7_length_396632_cov_21.4052	4	121532	121607	Thr	CGT	0	0	90.98	74.93	16.05	
NODE_7_length_396632_cov_21.4052	5	58224 	58151 	Arg	ACG	0	0	52.72	27.21	25.51	
NODE_8_length_391791_cov_22.0839	1	279249	279339	Ser	GCT	0	0	76.69	47.10	29.59	
NODE_8_length_391791_cov_22.0839	2	279457	279533	Arg	ACG	0	0	83.50	58.05	25.45	
NODE_8_length_391791_cov_22.0839	3	279645	279721	Arg	ACG	0	0	83.50	58.05	25.45	
NODE_8_length_391791_cov_22.0839	4	348341	348416	Lys	TTT	0	0	95.07	71.82	23.25	
NODE_8_length_391791_cov_22.0839	5	295793	295717	Met	CAT	0	0	85.06	58.55	26.51	
NODE_8_length_391791_cov_22.0839	6	189583	189511	Leu	GAG	0	0	20.84	19.28	1.56	
NODE_8_length_391791_cov_22.0839	7	85708 	85635 	Gly	CCC	0	0	60.35	30.06	30.29	
NODE_9_length_378737_cov_22.6801	1	85145 	85221 	Met	CAT	0	0	92.87	71.40	21.47	
NODE_20_length_71348_cov_21.205	1	22240 	22166 	Gln	TTG	0	0	66.82	40.36	26.46	
NODE_20_length_71348_cov_21.205	2	18491 	18415 	Met	CAT	0	0	87.19	64.42	22.77	
NODE_22_length_65469_cov_22.7553	1	64250 	64175 	Trp	CCA	0	0	86.73	63.05	23.68	
NODE_29_length_35917_cov_23.8912	1	1283  	1207  	Arg	CCG	0	0	87.81	66.55	21.26	
NODE_33_length_16923_cov_25.1704	1	3597  	3522  	Thr	TGT	0	0	93.66	75.64	18.02	
NODE_38_length_5481_cov_98.5428	1	1894  	1970  	Ile	GAT	0	0	98.83	72.69	26.14	
NODE_38_length_5481_cov_98.5428	2	1999  	2074  	Ala	TGC	0	0	90.68	71.56	19.12	
NODE_46_length_3321_cov_21.0792	1	521   	437   	Tyr	GTA	0	0	71.07	41.76	29.31	
NODE_46_length_3321_cov_21.0792	2	410   	337   	Gly	TCC	0	0	82.75	60.87	21.88	
NODE_46_length_3321_cov_21.0792	3	317   	242   	Thr	GGT	0	0	93.76	67.73	26.03	
