Sequence                         		tRNA  	Bounds	tRNA	Anti	Intron Bounds	Cove	HMM	2'Str	      
Name                             	tRNA #	Begin 	End   	Type	Codon	Begin	End	Score	Score	Score	Note
--------                         	------	----- 	------	----	-----	-----	----	------	-----	-----	------
NODE_1_length_617199_cov_32.4981 	1	215626	215540	Leu	CAA	0	0	69.99	38.33	31.66	
NODE_2_length_531350_cov_30.8957 	1	414285	414376	SeC	TCA	0	0	55.75	-18.51	74.26	
NODE_2_length_531350_cov_30.8957 	2	468492	468577	Leu	GAG	0	0	68.53	39.16	29.37	
NODE_2_length_531350_cov_30.8957 	3	468668	468744	Met	CAT	0	0	85.85	60.06	25.79	
NODE_2_length_531350_cov_30.8957 	4	258173	258087	Leu	CAG	0	0	73.96	38.54	35.42	
NODE_2_length_531350_cov_30.8957 	5	257957	257871	Leu	CAG	0	0	73.96	38.54	35.42	
NODE_2_length_531350_cov_30.8957 	6	1240  	1165  	Phe	GAA	0	0	92.69	68.52	24.17	
NODE_3_length_466507_cov_29.4345 	1	59965 	60054 	Ser	GGA	0	0	71.75	34.38	37.37	
NODE_3_length_466507_cov_29.4345 	2	248781	248857	Pro	CGG	0	0	88.20	60.26	27.94	
NODE_3_length_466507_cov_29.4345 	3	422523	422598	Asn	GTT	0	0	91.73	62.08	29.65	
NODE_3_length_466507_cov_29.4345 	4	413724	413649	Ala	GGC	0	0	86.95	68.86	18.09	
NODE_3_length_466507_cov_29.4345 	5	413600	413525	Glu	TTC	0	0	66.40	38.20	28.20	
NODE_3_length_466507_cov_29.4345 	6	413431	413356	Ala	GGC	0	0	86.95	68.86	18.09	
NODE_3_length_466507_cov_29.4345 	7	413309	413234	Glu	TTC	0	0	66.40	38.20	28.20	
NODE_3_length_466507_cov_29.4345 	8	374327	374252	Val	TAC	0	0	94.49	73.68	20.81	
NODE_3_length_466507_cov_29.4345 	9	374235	374159	Asp	GTC	0	0	94.67	75.49	19.18	
NODE_3_length_466507_cov_29.4345 	10	374044	373968	Asp	GTC	0	0	94.67	75.49	19.18	
NODE_3_length_466507_cov_29.4345 	11	27464 	27389 	Glu	TTC	0	0	66.40	38.20	28.20	
NODE_3_length_466507_cov_29.4345 	12	27386 	27311 	Gly	GCC	0	0	93.74	68.41	25.33	
NODE_3_length_466507_cov_29.4345 	13	27226 	27151 	Gly	GCC	0	0	93.74	68.41	25.33	
NODE_4_length_435291_cov_31.2617 	1	401764	401675	Ser	CGA	0	0	68.31	24.88	43.43	
NODE_5_length_429842_cov_29.0612 	1	288848	288759	Ser	TGA	0	0	72.70	38.95	33.75	
NODE_5_length_429842_cov_29.0612 	2	264468	264393	Gly	GCC	0	0	93.74	68.41	25.33	
NODE_5_length_429842_cov_29.0612 	3	138240	138167	Cys	GCA	0	0	62.38	45.73	16.65	
NODE_5_length_429842_cov_29.0612 	4	125616	125530	Leu	TAA	0	0	76.64	42.32	34.32	
NODE_6_length_369568_cov_29.9727 	1	94156 	94231 	Thr	CGT	0	0	90.98	74.93	16.05	
NODE_7_length_364061_cov_30.9821 	1	280850	280774	Met	CAT	0	0	92.87	71.40	21.47	
NODE_8_length_353026_cov_30.1977 	1	70928 	71004 	Met	CAT	0	0	85.06	58.55	26.51	
NODE_8_length_353026_cov_30.1977 	2	176994	177066	Leu	GAG	0	0	20.84	19.28	1.56	
NODE_8_length_353026_cov_30.1977 	3	282603	282676	Gly	CCC	0	0	60.35	30.06	30.29	
NODE_8_length_353026_cov_30.1977 	4	87474 	87384 	Ser	GCT	0	0	76.69	47.10	29.59	
NODE_8_length_353026_cov_30.1977 	5	87266 	87190 	Arg	ACG	0	0	83.50	58.05	25.45	
NODE_8_length_353026_cov_30.1977 	6	87078 	87002 	Arg	ACG	0	0	83.50	58.05	25.45	
NODE_8_length_353026_cov_30.1977 	7	18361 	18286 	Lys	TTT	0	0	95.07	71.82	23.25	
NODE_9_length_270074_cov_29.0513 	1	144545	144621	Arg	TCT	0	0	96.39	77.88	18.51	
NODE_9_length_270074_cov_29.0513 	2	144673	144748	His	GTG	0	0	83.51	64.18	19.33	
NODE_9_length_270074_cov_29.0513 	3	144803	144887	Leu	TAG	0	0	76.62	44.97	31.65	
NODE_9_length_270074_cov_29.0513 	4	144954	145029	His	GTG	0	0	83.51	64.18	19.33	
NODE_9_length_270074_cov_29.0513 	5	156307	156383	Asp	GTC	0	0	95.34	76.86	18.48	
NODE_12_length_210592_cov_30.7115	1	91067 	90991 	Arg	CCT	0	0	83.71	58.51	25.20	
NODE_13_length_210075_cov_32.4511	1	197778	197696	Phe	GAA	0	0	21.74	20.22	1.52	
NODE_13_length_210075_cov_32.4511	2	186367	186292	Thr	TGT	0	0	93.66	75.64	18.02	
NODE_19_length_114894_cov_30.1695	1	35959 	36034 	Val	TAC	0	0	94.49	73.68	20.81	
NODE_19_length_114894_cov_30.1695	2	36051 	36127 	Asp	GTC	0	0	94.67	75.49	19.18	
NODE_21_length_105249_cov_30.595 	1	47959 	48032 	Arg	ACG	0	0	52.72	27.21	25.51	
NODE_21_length_105249_cov_30.595 	2	4052  	3977  	Asn	GTT	0	0	91.73	62.08	29.65	
NODE_21_length_105249_cov_30.595 	3	3967  	3891  	Pro	TGG	0	0	87.63	64.60	23.03	
NODE_21_length_105249_cov_30.595 	4	3880  	3805  	Lys	TTT	0	0	95.07	71.82	23.25	
NODE_26_length_71275_cov_29.4864 	1	49027 	49101 	Gln	TTG	0	0	66.82	40.36	26.46	
NODE_26_length_71275_cov_29.4864 	2	52775 	52851 	Met	CAT	0	0	87.19	64.42	22.77	
NODE_27_length_65518_cov_29.5461 	1	64299 	64224 	Trp	CCA	0	0	86.73	63.05	23.68	
NODE_28_length_62949_cov_27.7584 	1	18885 	18961 	Val	GAC	0	0	93.19	67.81	25.38	
NODE_28_length_62949_cov_27.7584 	2	53042 	53118 	Pro	GGG	0	0	74.89	48.01	26.88	
NODE_31_length_38167_cov_35.0521 	1	34743 	34819 	Arg	CCG	0	0	87.89	66.77	21.12	
NODE_47_length_5535_cov_119.788  	1	1954  	2030  	Ile	GAT	0	0	98.83	72.69	26.14	
NODE_47_length_5535_cov_119.788  	2	2059  	2134  	Ala	TGC	0	0	90.68	71.56	19.12	
NODE_54_length_3327_cov_24.0031  	1	521   	437   	Tyr	GTA	0	0	71.07	41.76	29.31	
NODE_54_length_3327_cov_24.0031  	2	410   	337   	Gly	TCC	0	0	82.75	60.87	21.88	
NODE_54_length_3327_cov_24.0031  	3	317   	242   	Thr	GGT	0	0	93.76	67.73	26.03	
