Sequence                         		tRNA  	Bounds	tRNA	Anti	Intron Bounds	Cove	HMM	2'Str	      
Name                             	tRNA #	Begin 	End   	Type	Codon	Begin	End	Score	Score	Score	Note
--------                         	------	----- 	------	----	-----	-----	----	------	-----	-----	------
NODE_1_length_725236_cov_30.1717 	1	483198	483284	Leu	CAA	0	0	69.99	38.33	31.66	
NODE_1_length_725236_cov_30.1717 	2	2565  	2489  	Arg	CCT	0	0	83.71	58.51	25.20	
NODE_2_length_662164_cov_31.0441 	1	545098	545189	SeC	TCA	0	0	55.75	-18.51	74.26	
NODE_2_length_662164_cov_31.0441 	2	599322	599407	Leu	GAG	0	0	68.53	39.16	29.37	
NODE_2_length_662164_cov_31.0441 	3	599498	599574	Met	CAT	0	0	85.85	60.06	25.79	
NODE_2_length_662164_cov_31.0441 	4	391438	391352	Leu	CAG	0	0	73.96	38.54	35.42	
NODE_2_length_662164_cov_31.0441 	5	391222	391136	Leu	CAG	0	0	73.96	38.54	35.42	
NODE_2_length_662164_cov_31.0441 	6	134495	134420	Phe	GAA	0	0	92.69	68.52	24.17	
NODE_2_length_662164_cov_31.0441 	7	123085	123010	Thr	TGT	0	0	93.66	75.64	18.02	
NODE_3_length_572725_cov_32.548  	1	463775	463851	Met	CAT	0	0	85.06	58.55	26.51	
NODE_3_length_572725_cov_32.548  	2	569987	570059	Leu	GAG	0	0	20.84	19.28	1.56	
NODE_3_length_572725_cov_32.548  	3	480318	480228	Ser	GCT	0	0	76.69	47.10	29.59	
NODE_3_length_572725_cov_32.548  	4	480110	480034	Arg	ACG	0	0	83.50	58.05	25.45	
NODE_3_length_572725_cov_32.548  	5	479922	479846	Arg	ACG	0	0	83.50	58.05	25.45	
NODE_3_length_572725_cov_32.548  	6	411224	411149	Lys	TTT	0	0	95.07	71.82	23.25	
NODE_3_length_572725_cov_32.548  	7	383680	383591	Ser	CGA	0	0	68.31	24.88	43.43	
NODE_4_length_477838_cov_31.6404 	1	57744 	57819 	Ala	GGC	0	0	86.95	68.86	18.09	
NODE_4_length_477838_cov_31.6404 	2	57868 	57943 	Glu	TTC	0	0	66.40	38.20	28.20	
NODE_4_length_477838_cov_31.6404 	3	58037 	58112 	Ala	GGC	0	0	86.95	68.86	18.09	
NODE_4_length_477838_cov_31.6404 	4	58159 	58234 	Glu	TTC	0	0	66.40	38.20	28.20	
NODE_4_length_477838_cov_31.6404 	5	97141 	97216 	Val	TAC	0	0	94.49	73.68	20.81	
NODE_4_length_477838_cov_31.6404 	6	97233 	97309 	Asp	GTC	0	0	94.67	75.49	19.18	
NODE_4_length_477838_cov_31.6404 	7	97424 	97500 	Asp	GTC	0	0	94.67	75.49	19.18	
NODE_4_length_477838_cov_31.6404 	8	402263	402338	Glu	TTC	0	0	66.40	38.20	28.20	
NODE_4_length_477838_cov_31.6404 	9	402341	402416	Gly	GCC	0	0	93.74	68.41	25.33	
NODE_4_length_477838_cov_31.6404 	10	402501	402576	Gly	GCC	0	0	93.74	68.41	25.33	
NODE_4_length_477838_cov_31.6404 	11	449772	449848	Val	GAC	0	0	93.19	67.81	25.38	
NODE_4_length_477838_cov_31.6404 	12	369767	369678	Ser	GGA	0	0	71.75	34.38	37.37	
NODE_4_length_477838_cov_31.6404 	13	180953	180877	Pro	CGG	0	0	88.20	60.26	27.94	
NODE_4_length_477838_cov_31.6404 	14	48945 	48870 	Asn	GTT	0	0	91.73	62.08	29.65	
NODE_5_length_466888_cov_31.9736 	1	342870	342946	Arg	TCT	0	0	96.39	77.88	18.51	
NODE_5_length_466888_cov_31.9736 	2	342998	343073	His	GTG	0	0	83.51	64.18	19.33	
NODE_5_length_466888_cov_31.9736 	3	343128	343212	Leu	TAG	0	0	76.62	44.97	31.65	
NODE_5_length_466888_cov_31.9736 	4	343279	343354	His	GTG	0	0	83.51	64.18	19.33	
NODE_5_length_466888_cov_31.9736 	5	354639	354715	Asp	GTC	0	0	95.34	76.86	18.48	
NODE_6_length_409484_cov_29.702  	1	78911 	78987 	Met	CAT	0	0	92.87	71.40	21.47	
NODE_6_length_409484_cov_29.702  	2	408975	409051	Arg	CCG	0	0	87.89	66.77	21.12	
NODE_7_length_335418_cov_30.88   	1	269537	269462	Thr	CGT	0	0	90.98	74.93	16.05	
NODE_8_length_277886_cov_31.1498 	1	137573	137484	Ser	TGA	0	0	72.70	38.95	33.75	
NODE_8_length_277886_cov_31.1498 	2	113197	113122	Gly	GCC	0	0	93.74	68.41	25.33	
NODE_10_length_210807_cov_31.4175	1	173845	173920	Asn	GTT	0	0	91.73	62.08	29.65	
NODE_10_length_210807_cov_31.4175	2	173930	174006	Pro	TGG	0	0	87.63	64.60	23.03	
NODE_10_length_210807_cov_31.4175	3	174017	174092	Lys	TTT	0	0	95.07	71.82	23.25	
NODE_10_length_210807_cov_31.4175	4	129938	129865	Arg	ACG	0	0	52.72	27.21	25.51	
NODE_10_length_210807_cov_31.4175	5	22483 	22409 	Gln	TTG	0	0	66.82	40.36	26.46	
NODE_10_length_210807_cov_31.4175	6	18735 	18659 	Met	CAT	0	0	87.19	64.42	22.77	
NODE_11_length_209570_cov_31.44  	1	130940	131015	Val	TAC	0	0	94.49	73.68	20.81	
NODE_11_length_209570_cov_31.44  	2	131032	131108	Asp	GTC	0	0	94.67	75.49	19.18	
NODE_14_length_157622_cov_31.5895	1	58882 	58809 	Gly	CCC	0	0	60.35	30.06	30.29	
NODE_17_length_127476_cov_33.0707	1	112625	112552	Cys	GCA	0	0	62.38	45.73	16.65	
NODE_17_length_127476_cov_33.0707	2	100002	99916 	Leu	TAA	0	0	76.64	42.32	34.32	
NODE_21_length_88104_cov_33.2354 	1	1049  	973   	Pro	GGG	0	0	74.89	48.01	26.88	
NODE_26_length_65474_cov_28.571  	1	64255 	64180 	Trp	CCA	0	0	86.73	63.05	23.68	
NODE_38_length_5542_cov_124.089  	1	1954  	2030  	Ile	GAT	0	0	98.83	72.69	26.14	
NODE_38_length_5542_cov_124.089  	2	2059  	2134  	Ala	TGC	0	0	90.68	71.56	19.12	
NODE_41_length_3319_cov_26.8872  	1	521   	437   	Tyr	GTA	0	0	71.07	41.76	29.31	
NODE_41_length_3319_cov_26.8872  	2	410   	337   	Gly	TCC	0	0	82.75	60.87	21.88	
NODE_41_length_3319_cov_26.8872  	3	317   	242   	Thr	GGT	0	0	93.76	67.73	26.03	
