Sequence                         		tRNA  	Bounds	tRNA	Anti	Intron Bounds	Cove	HMM	2'Str	      
Name                             	tRNA #	Begin 	End   	Type	Codon	Begin	End	Score	Score	Score	Note
--------                         	------	----- 	------	----	-----	-----	----	------	-----	-----	------
NODE_1_length_867463_cov_18.3762 	1	505434	505523	Ser	GGA	0	0	71.75	34.38	37.37	
NODE_1_length_867463_cov_18.3762 	2	694204	694280	Pro	CGG	0	0	88.20	60.26	27.94	
NODE_1_length_867463_cov_18.3762 	3	823014	823089	Asn	GTT	0	0	91.73	62.08	29.65	
NODE_1_length_867463_cov_18.3762 	4	814215	814140	Ala	GGC	0	0	86.95	68.86	18.09	
NODE_1_length_867463_cov_18.3762 	5	814091	814016	Glu	TTC	0	0	66.40	38.20	28.20	
NODE_1_length_867463_cov_18.3762 	6	813922	813847	Ala	GGC	0	0	86.95	68.86	18.09	
NODE_1_length_867463_cov_18.3762 	7	813800	813725	Glu	TTC	0	0	66.40	38.20	28.20	
NODE_1_length_867463_cov_18.3762 	8	774825	774750	Val	TAC	0	0	94.49	73.68	20.81	
NODE_1_length_867463_cov_18.3762 	9	774733	774657	Asp	GTC	0	0	94.67	75.49	19.18	
NODE_1_length_867463_cov_18.3762 	10	774542	774466	Asp	GTC	0	0	94.67	75.49	19.18	
NODE_1_length_867463_cov_18.3762 	11	472937	472862	Glu	TTC	0	0	66.40	38.20	28.20	
NODE_1_length_867463_cov_18.3762 	12	472859	472784	Gly	GCC	0	0	93.74	68.41	25.33	
NODE_1_length_867463_cov_18.3762 	13	472699	472624	Gly	GCC	0	0	93.74	68.41	25.33	
NODE_1_length_867463_cov_18.3762 	14	416415	416339	Val	GAC	0	0	93.19	67.81	25.38	
NODE_1_length_867463_cov_18.3762 	15	382274	382198	Pro	GGG	0	0	74.89	48.01	26.88	
NODE_1_length_867463_cov_18.3762 	16	222252	222163	Ser	TGA	0	0	68.83	34.50	34.33	
NODE_1_length_867463_cov_18.3762 	17	143673	143598	Gly	GCC	0	0	93.74	68.41	25.33	
NODE_1_length_867463_cov_18.3762 	18	139050	138977	Cys	GCA	0	0	62.38	45.73	16.65	
NODE_1_length_867463_cov_18.3762 	19	126426	126340	Leu	TAA	0	0	76.64	42.32	34.32	
NODE_2_length_822727_cov_18.6274 	1	293126	293216	Ser	GCT	0	0	76.69	47.10	29.59	
NODE_2_length_822727_cov_18.6274 	2	293334	293410	Arg	ACG	0	0	83.50	58.05	25.45	
NODE_2_length_822727_cov_18.6274 	3	293522	293598	Arg	ACG	0	0	83.50	58.05	25.45	
NODE_2_length_822727_cov_18.6274 	4	362220	362295	Lys	TTT	0	0	95.07	71.82	23.25	
NODE_2_length_822727_cov_18.6274 	5	389763	389852	Ser	CGA	0	0	68.31	24.88	43.43	
NODE_2_length_822727_cov_18.6274 	6	309668	309592	Met	CAT	0	0	85.06	58.55	26.51	
NODE_2_length_822727_cov_18.6274 	7	203373	203301	Leu	GAG	0	0	20.84	19.28	1.56	
NODE_2_length_822727_cov_18.6274 	8	58226 	58153 	Gly	CCC	0	0	60.35	30.06	30.29	
NODE_3_length_703676_cov_18.0166 	1	701112	701188	Arg	CCT	0	0	83.71	58.51	25.20	
NODE_3_length_703676_cov_18.0166 	2	217180	217094	Leu	CAA	0	0	69.99	38.33	31.66	
NODE_4_length_510549_cov_17.8452 	1	387455	387531	Arg	TCT	0	0	96.39	77.88	18.51	
NODE_4_length_510549_cov_17.8452 	2	387583	387658	His	GTG	0	0	83.51	64.18	19.33	
NODE_4_length_510549_cov_17.8452 	3	387713	387797	Leu	TAG	0	0	76.62	44.97	31.65	
NODE_4_length_510549_cov_17.8452 	4	387864	387939	His	GTG	0	0	83.51	64.18	19.33	
NODE_4_length_510549_cov_17.8452 	5	399230	399306	Asp	GTC	0	0	95.34	76.86	18.48	
NODE_5_length_457710_cov_18.7928 	1	270752	270838	Leu	CAG	0	0	73.96	38.54	35.42	
NODE_5_length_457710_cov_18.7928 	2	270968	271054	Leu	CAG	0	0	73.96	38.54	35.42	
NODE_5_length_457710_cov_18.7928 	3	116971	116880	SeC	TCA	0	0	55.75	-18.51	74.26	
NODE_5_length_457710_cov_18.7928 	4	62966 	62881 	Leu	GAG	0	0	68.53	39.16	29.37	
NODE_5_length_457710_cov_18.7928 	5	62790 	62714 	Met	CAT	0	0	85.85	60.06	25.79	
NODE_6_length_408541_cov_18.9669 	1	331237	331161	Met	CAT	0	0	92.87	71.40	21.47	
NODE_6_length_408541_cov_18.9669 	2	1382  	1306  	Arg	CCG	0	0	87.81	66.55	21.26	
NODE_7_length_350642_cov_18.4986 	1	293891	293964	Arg	ACG	0	0	52.72	27.21	25.51	
NODE_7_length_350642_cov_18.4986 	2	249976	249901	Asn	GTT	0	0	91.73	62.08	29.65	
NODE_7_length_350642_cov_18.4986 	3	249891	249815	Pro	TGG	0	0	87.63	64.60	23.03	
NODE_7_length_350642_cov_18.4986 	4	249804	249729	Lys	TTT	0	0	95.07	71.82	23.25	
NODE_7_length_350642_cov_18.4986 	5	231861	231786	Thr	CGT	0	0	90.98	74.93	16.05	
NODE_8_length_314086_cov_20.1104 	1	71580 	71655 	Phe	GAA	0	0	92.69	68.52	24.17	
NODE_8_length_314086_cov_20.1104 	2	82985 	83060 	Thr	TGT	0	0	93.66	75.64	18.02	
NODE_13_length_204960_cov_18.1473	1	1131  	1205  	Arg	CCT	0	0	69.69	51.80	17.89	
NODE_13_length_204960_cov_18.1473	2	130978	131053	Val	TAC	0	0	94.49	73.68	20.81	
NODE_13_length_204960_cov_18.1473	3	131070	131146	Asp	GTC	0	0	94.67	75.49	19.18	
NODE_18_length_71344_cov_18.5369 	1	49118 	49192 	Gln	TTG	0	0	66.82	40.36	26.46	
NODE_18_length_71344_cov_18.5369 	2	52865 	52941 	Met	CAT	0	0	87.19	64.42	22.77	
NODE_19_length_65453_cov_19.1623 	1	64234 	64159 	Trp	CCA	0	0	86.73	63.05	23.68	
NODE_26_length_5417_cov_90.9002  	1	3589  	3513  	Ile	GAT	0	0	98.83	72.69	26.14	
NODE_26_length_5417_cov_90.9002  	2	3484  	3409  	Ala	TGC	0	0	90.68	71.56	19.12	
NODE_30_length_3319_cov_20.5758  	1	521   	437   	Tyr	GTA	0	0	71.07	41.76	29.31	
NODE_30_length_3319_cov_20.5758  	2	410   	337   	Gly	TCC	0	0	82.75	60.87	21.88	
NODE_30_length_3319_cov_20.5758  	3	317   	242   	Thr	GGT	0	0	93.76	67.73	26.03	
