Sequence                         		tRNA  	Bounds	tRNA	Anti	Intron Bounds	Cove	HMM	2'Str	      
Name                             	tRNA #	Begin 	End   	Type	Codon	Begin	End	Score	Score	Score	Note
--------                         	------	----- 	------	----	-----	-----	----	------	-----	-----	------
NODE_1_length_941384_cov_28.9651 	1	739680	739756	Arg	CCT	0	0	83.71	58.51	25.20	
NODE_1_length_941384_cov_28.9651 	2	867513	867588	Val	TAC	0	0	94.49	73.68	20.81	
NODE_1_length_941384_cov_28.9651 	3	867605	867681	Asp	GTC	0	0	94.67	75.49	19.18	
NODE_1_length_941384_cov_28.9651 	4	240649	240563	Leu	CAA	0	0	69.99	38.33	31.66	
NODE_2_length_601522_cov_30.0965 	1	236805	236894	Ser	GGA	0	0	71.75	34.38	37.37	
NODE_2_length_601522_cov_30.0965 	2	425594	425670	Pro	CGG	0	0	88.20	60.26	27.94	
NODE_2_length_601522_cov_30.0965 	3	554421	554496	Asn	GTT	0	0	91.73	62.08	29.65	
NODE_2_length_601522_cov_30.0965 	4	545622	545547	Ala	GGC	0	0	86.95	68.86	18.09	
NODE_2_length_601522_cov_30.0965 	5	545498	545423	Glu	TTC	0	0	66.40	38.20	28.20	
NODE_2_length_601522_cov_30.0965 	6	545329	545254	Ala	GGC	0	0	86.95	68.86	18.09	
NODE_2_length_601522_cov_30.0965 	7	545207	545132	Glu	TTC	0	0	66.40	38.20	28.20	
NODE_2_length_601522_cov_30.0965 	8	506225	506150	Val	TAC	0	0	94.49	73.68	20.81	
NODE_2_length_601522_cov_30.0965 	9	506133	506057	Asp	GTC	0	0	94.67	75.49	19.18	
NODE_2_length_601522_cov_30.0965 	10	505942	505866	Asp	GTC	0	0	94.67	75.49	19.18	
NODE_2_length_601522_cov_30.0965 	11	204341	204266	Glu	TTC	0	0	66.40	38.20	28.20	
NODE_2_length_601522_cov_30.0965 	12	204263	204188	Gly	GCC	0	0	93.74	68.41	25.33	
NODE_2_length_601522_cov_30.0965 	13	204103	204028	Gly	GCC	0	0	93.74	68.41	25.33	
NODE_2_length_601522_cov_30.0965 	14	35152 	35076 	Val	GAC	0	0	93.19	67.81	25.38	
NODE_2_length_601522_cov_30.0965 	15	1014  	938   	Pro	GGG	0	0	74.89	48.01	26.88	
NODE_3_length_549860_cov_31.6825 	1	22232 	22321 	Ser	CGA	0	0	68.31	24.88	43.43	
NODE_4_length_539199_cov_29.9159 	1	270731	270817	Leu	CAG	0	0	73.96	38.54	35.42	
NODE_4_length_539199_cov_29.9159 	2	270947	271033	Leu	CAG	0	0	73.96	38.54	35.42	
NODE_4_length_539199_cov_29.9159 	3	525756	525831	Phe	GAA	0	0	92.69	68.52	24.17	
NODE_4_length_539199_cov_29.9159 	4	117165	117074	SeC	TCA	0	0	55.75	-18.51	74.26	
NODE_4_length_539199_cov_29.9159 	5	62920 	62835 	Leu	GAG	0	0	68.53	39.16	29.37	
NODE_4_length_539199_cov_29.9159 	6	62744 	62668 	Met	CAT	0	0	85.85	60.06	25.79	
NODE_5_length_432125_cov_31.3098 	1	124022	123946	Arg	TCT	0	0	96.39	77.88	18.51	
NODE_5_length_432125_cov_31.3098 	2	123894	123819	His	GTG	0	0	83.51	64.18	19.33	
NODE_5_length_432125_cov_31.3098 	3	123764	123680	Leu	TAG	0	0	76.62	44.97	31.65	
NODE_5_length_432125_cov_31.3098 	4	123613	123538	His	GTG	0	0	83.51	64.18	19.33	
NODE_5_length_432125_cov_31.3098 	5	112248	112172	Asp	GTC	0	0	95.34	76.86	18.48	
NODE_6_length_378732_cov_28.6759 	1	85145 	85221 	Met	CAT	0	0	92.87	71.40	21.47	
NODE_7_length_351679_cov_29.0488 	1	102137	102212	Asn	GTT	0	0	91.73	62.08	29.65	
NODE_7_length_351679_cov_29.0488 	2	102222	102298	Pro	TGG	0	0	87.63	64.60	23.03	
NODE_7_length_351679_cov_29.0488 	3	102309	102384	Lys	TTT	0	0	95.07	71.82	23.25	
NODE_7_length_351679_cov_29.0488 	4	121529	121604	Thr	CGT	0	0	90.98	74.93	16.05	
NODE_7_length_351679_cov_29.0488 	5	58221 	58148 	Arg	ACG	0	0	52.72	27.21	25.51	
NODE_8_length_307438_cov_30.6264 	1	167212	167123	Ser	TGA	0	0	72.70	38.95	33.75	
NODE_8_length_307438_cov_30.6264 	2	142836	142761	Gly	GCC	0	0	93.74	68.41	25.33	
NODE_8_length_307438_cov_30.6264 	3	138214	138141	Cys	GCA	0	0	62.38	45.73	16.65	
NODE_8_length_307438_cov_30.6264 	4	125591	125505	Leu	TAA	0	0	76.64	42.32	34.32	
NODE_9_length_275729_cov_32.0297 	1	195650	195740	Ser	GCT	0	0	76.69	47.10	29.59	
NODE_9_length_275729_cov_32.0297 	2	195858	195934	Arg	ACG	0	0	83.50	58.05	25.45	
NODE_9_length_275729_cov_32.0297 	3	196046	196122	Arg	ACG	0	0	83.50	58.05	25.45	
NODE_9_length_275729_cov_32.0297 	4	264743	264818	Lys	TTT	0	0	95.07	71.82	23.25	
NODE_9_length_275729_cov_32.0297 	5	212194	212118	Met	CAT	0	0	85.06	58.55	26.51	
NODE_9_length_275729_cov_32.0297 	6	105991	105919	Leu	GAG	0	0	20.84	19.28	1.56	
NODE_9_length_275729_cov_32.0297 	7	2116  	2043  	Gly	CCC	0	0	60.35	30.06	30.29	
NODE_21_length_71349_cov_28.5431 	1	22240 	22166 	Gln	TTG	0	0	66.82	40.36	26.46	
NODE_21_length_71349_cov_28.5431 	2	18491 	18415 	Met	CAT	0	0	87.19	64.42	22.77	
NODE_23_length_65469_cov_30.0431 	1	64250 	64175 	Trp	CCA	0	0	86.73	63.05	23.68	
NODE_29_length_35917_cov_31.1082 	1	1283  	1207  	Arg	CCG	0	0	87.81	66.55	21.26	
NODE_32_length_17493_cov_35.9776 	1	3597  	3522  	Thr	TGT	0	0	93.66	75.64	18.02	
NODE_38_length_5481_cov_120.267  	1	1894  	1970  	Ile	GAT	0	0	98.83	72.69	26.14	
NODE_38_length_5481_cov_120.267  	2	1999  	2074  	Ala	TGC	0	0	90.68	71.56	19.12	
NODE_44_length_3321_cov_30.5823  	1	521   	437   	Tyr	GTA	0	0	71.07	41.76	29.31	
NODE_44_length_3321_cov_30.5823  	2	410   	337   	Gly	TCC	0	0	82.75	60.87	21.88	
NODE_44_length_3321_cov_30.5823  	3	317   	242   	Thr	GGT	0	0	93.76	67.73	26.03	
