Sequence                         		tRNA  	Bounds	tRNA	Anti	Intron Bounds	Cove	HMM	2'Str	      
Name                             	tRNA #	Begin 	End   	Type	Codon	Begin	End	Score	Score	Score	Note
--------                         	------	----- 	------	----	-----	-----	----	------	-----	-----	------
NODE_1_length_820501_cov_17.0639 	1	453459	453548	Ser	GGA	0	0	71.75	34.38	37.37	
NODE_1_length_820501_cov_17.0639 	2	642264	642340	Pro	CGG	0	0	88.20	60.26	27.94	
NODE_1_length_820501_cov_17.0639 	3	772145	772220	Asn	GTT	0	0	91.73	62.08	29.65	
NODE_1_length_820501_cov_17.0639 	4	763346	763271	Ala	GGC	0	0	86.95	68.86	18.09	
NODE_1_length_820501_cov_17.0639 	5	763222	763147	Glu	TTC	0	0	66.40	38.20	28.20	
NODE_1_length_820501_cov_17.0639 	6	763053	762978	Ala	GGC	0	0	86.95	68.86	18.09	
NODE_1_length_820501_cov_17.0639 	7	762931	762856	Glu	TTC	0	0	66.40	38.20	28.20	
NODE_1_length_820501_cov_17.0639 	8	723951	723876	Val	TAC	0	0	94.49	73.68	20.81	
NODE_1_length_820501_cov_17.0639 	9	723859	723783	Asp	GTC	0	0	94.67	75.49	19.18	
NODE_1_length_820501_cov_17.0639 	10	723668	723592	Asp	GTC	0	0	94.67	75.49	19.18	
NODE_1_length_820501_cov_17.0639 	11	420962	420887	Glu	TTC	0	0	66.40	38.20	28.20	
NODE_1_length_820501_cov_17.0639 	12	420884	420809	Gly	GCC	0	0	93.74	68.41	25.33	
NODE_1_length_820501_cov_17.0639 	13	420724	420649	Gly	GCC	0	0	93.74	68.41	25.33	
NODE_1_length_820501_cov_17.0639 	14	375704	375628	Val	GAC	0	0	93.19	67.81	25.38	
NODE_1_length_820501_cov_17.0639 	15	341852	341776	Pro	GGG	0	0	74.89	48.01	26.88	
NODE_1_length_820501_cov_17.0639 	16	169000	168911	Ser	TGA	0	0	72.70	38.95	33.75	
NODE_1_length_820501_cov_17.0639 	17	144620	144545	Gly	GCC	0	0	85.78	60.45	25.33	
NODE_1_length_820501_cov_17.0639 	18	138241	138168	Cys	GCA	0	0	62.38	45.73	16.65	
NODE_1_length_820501_cov_17.0639 	19	125616	125530	Leu	TAA	0	0	76.64	42.32	34.32	
NODE_2_length_556038_cov_20.0851 	1	166567	166653	Leu	CAG	0	0	73.96	38.54	35.42	
NODE_2_length_556038_cov_20.0851 	2	166783	166869	Leu	CAG	0	0	73.96	38.54	35.42	
NODE_2_length_556038_cov_20.0851 	3	423472	423547	Phe	GAA	0	0	92.69	68.52	24.17	
NODE_2_length_556038_cov_20.0851 	4	434878	434953	Thr	TGT	0	0	93.66	75.64	18.02	
NODE_2_length_556038_cov_20.0851 	5	2968  	2877  	SeC	TCA	0	0	55.75	-18.51	74.26	
NODE_3_length_417364_cov_21.165  	1	327795	327719	Met	CAT	0	0	92.87	71.40	21.47	
NODE_3_length_417364_cov_21.165  	2	1424  	1348  	Arg	CCG	0	0	87.81	66.55	21.26	
NODE_4_length_397915_cov_19.4399 	1	382032	382118	Leu	CAA	0	0	62.03	30.37	31.66	
NODE_5_length_356778_cov_17.8796 	1	252244	252334	Ser	GCT	0	0	76.69	47.10	29.59	
NODE_5_length_356778_cov_17.8796 	2	252452	252528	Arg	ACG	0	0	83.50	58.05	25.45	
NODE_5_length_356778_cov_17.8796 	3	252640	252716	Arg	ACG	0	0	83.50	58.05	25.45	
NODE_5_length_356778_cov_17.8796 	4	321360	321435	Lys	TTT	0	0	95.07	71.82	23.25	
NODE_5_length_356778_cov_17.8796 	5	268790	268714	Met	CAT	0	0	85.06	58.55	26.51	
NODE_5_length_356778_cov_17.8796 	6	162561	162489	Leu	GAG	0	0	20.84	19.28	1.56	
NODE_5_length_356778_cov_17.8796 	7	58189 	58116 	Gly	CCC	0	0	60.35	30.06	30.29	
NODE_7_length_350635_cov_17.8325 	1	100915	100990	Asn	GTT	0	0	91.73	62.08	29.65	
NODE_7_length_350635_cov_17.8325 	2	101000	101076	Pro	TGG	0	0	87.63	64.60	23.03	
NODE_7_length_350635_cov_17.8325 	3	101087	101162	Lys	TTT	0	0	95.07	71.82	23.25	
NODE_7_length_350635_cov_17.8325 	4	120517	120592	Thr	CGT	0	0	90.98	74.93	16.05	
NODE_7_length_350635_cov_17.8325 	5	57004 	56931 	Arg	ACG	0	0	52.72	27.21	25.51	
NODE_8_length_326081_cov_14.1988 	1	144494	144570	Arg	TCT	0	0	96.39	77.88	18.51	
NODE_8_length_326081_cov_14.1988 	2	144622	144697	His	GTG	0	0	83.51	64.18	19.33	
NODE_8_length_326081_cov_14.1988 	3	144752	144836	Leu	TAG	0	0	74.25	42.60	31.65	
NODE_8_length_326081_cov_14.1988 	4	172664	172739	Gly	TCC	0	0	82.79	56.37	26.42	
NODE_8_length_326081_cov_14.1988 	5	172752	172826	Asn	GTT	0	0	77.66	51.70	25.96	
NODE_8_length_326081_cov_14.1988 	6	172831	172906	Thr	TGT	0	0	74.27	61.42	12.85	
NODE_8_length_326081_cov_14.1988 	7	199981	200056	His	GTG	0	0	83.51	64.18	19.33	
NODE_8_length_326081_cov_14.1988 	8	211334	211410	Asp	GTC	0	0	95.34	76.86	18.48	
NODE_9_length_294857_cov_18.7191 	1	94708 	94797 	Ser	CGA	0	0	68.31	24.88	43.43	
NODE_17_length_122095_cov_20.0513	1	59418 	59503 	Leu	GAG	0	0	68.53	39.16	29.37	
NODE_17_length_122095_cov_20.0513	2	59594 	59670 	Met	CAT	0	0	85.85	60.06	25.79	
NODE_18_length_121945_cov_18.1029	1	2708  	2632  	Arg	CCT	0	0	83.71	58.51	25.20	
NODE_19_length_114817_cov_17.9403	1	35959 	36034 	Val	TAC	0	0	94.49	73.68	20.81	
NODE_19_length_114817_cov_17.9403	2	36051 	36127 	Asp	GTC	0	0	94.67	75.49	19.18	
NODE_24_length_65627_cov_21.1376 	1	64408 	64333 	Trp	CCA	0	0	86.73	63.05	23.68	
NODE_26_length_56318_cov_18.7517 	1	6818  	6744  	Gln	TTG	0	0	66.82	40.36	26.46	
NODE_26_length_56318_cov_18.7517 	2	3070  	2994  	Met	CAT	0	0	87.19	64.42	22.77	
NODE_34_length_5577_cov_87.6591  	1	1997  	2073  	Ile	GAT	0	0	98.83	72.69	26.14	
NODE_34_length_5577_cov_87.6591  	2	2102  	2177  	Ala	TGC	0	0	90.68	71.56	19.12	
NODE_41_length_3327_cov_18.3962  	1	521   	437   	Tyr	GTA	0	0	71.07	41.76	29.31	
NODE_41_length_3327_cov_18.3962  	2	410   	337   	Gly	TCC	0	0	82.75	60.87	21.88	
NODE_41_length_3327_cov_18.3962  	3	317   	242   	Thr	GGT	0	0	93.76	67.73	26.03	
