Sequence                         		tRNA  	Bounds	tRNA	Anti	Intron Bounds	Cove	HMM	2'Str	      
Name                             	tRNA #	Begin 	End   	Type	Codon	Begin	End	Score	Score	Score	Note
--------                         	------	----- 	------	----	-----	-----	----	------	-----	-----	------
NODE_1_length_631821_cov_22.5101 	1	214743	214657	Leu	CAA	0	0	69.99	38.33	31.66	
NODE_2_length_458629_cov_22.0459 	1	341612	341703	SeC	TCA	0	0	55.75	-18.51	74.26	
NODE_2_length_458629_cov_22.0459 	2	395651	395736	Leu	GAG	0	0	68.53	39.16	29.37	
NODE_2_length_458629_cov_22.0459 	3	395827	395903	Met	CAT	0	0	85.85	60.06	25.79	
NODE_2_length_458629_cov_22.0459 	4	185331	185245	Leu	CAG	0	0	73.96	38.54	35.42	
NODE_2_length_458629_cov_22.0459 	5	185115	185029	Leu	CAG	0	0	73.96	38.54	35.42	
NODE_3_length_456792_cov_23.7062 	1	18972 	19047 	Ala	GGC	0	0	86.95	68.86	18.09	
NODE_3_length_456792_cov_23.7062 	2	19096 	19171 	Glu	TTC	0	0	66.40	38.20	28.20	
NODE_3_length_456792_cov_23.7062 	3	19265 	19340 	Ala	GGC	0	0	86.95	68.86	18.09	
NODE_3_length_456792_cov_23.7062 	4	19387 	19462 	Glu	TTC	0	0	66.40	38.20	28.20	
NODE_3_length_456792_cov_23.7062 	5	58364 	58439 	Val	TAC	0	0	94.49	73.68	20.81	
NODE_3_length_456792_cov_23.7062 	6	58456 	58532 	Asp	GTC	0	0	94.67	75.49	19.18	
NODE_3_length_456792_cov_23.7062 	7	58647 	58723 	Asp	GTC	0	0	94.67	75.49	19.18	
NODE_3_length_456792_cov_23.7062 	8	361344	361419	Glu	TTC	0	0	66.40	38.20	28.20	
NODE_3_length_456792_cov_23.7062 	9	361422	361497	Gly	GCC	0	0	93.74	68.41	25.33	
NODE_3_length_456792_cov_23.7062 	10	361582	361657	Gly	GCC	0	0	93.74	68.41	25.33	
NODE_3_length_456792_cov_23.7062 	11	408014	408090	Val	GAC	0	0	93.19	67.81	25.38	
NODE_3_length_456792_cov_23.7062 	12	328849	328760	Ser	GGA	0	0	71.75	34.38	37.37	
NODE_3_length_456792_cov_23.7062 	13	140056	139980	Pro	CGG	0	0	88.20	60.26	27.94	
NODE_3_length_456792_cov_23.7062 	14	10173 	10098 	Asn	GTT	0	0	91.73	62.08	29.65	
NODE_4_length_381099_cov_23.8567 	1	290717	290628	Ser	TGA	0	0	72.70	38.95	33.75	
NODE_4_length_381099_cov_23.8567 	2	266337	266262	Gly	GCC	0	0	93.74	68.41	25.33	
NODE_4_length_381099_cov_23.8567 	3	138228	138155	Cys	GCA	0	0	62.38	45.73	16.65	
NODE_4_length_381099_cov_23.8567 	4	125603	125517	Leu	TAA	0	0	76.64	42.32	34.32	
NODE_5_length_377827_cov_21.7627 	1	300162	300086	Met	CAT	0	0	94.25	81.17	13.08	
NODE_8_length_206734_cov_25.2397 	1	154210	154121	Ser	CGA	0	0	68.31	24.88	43.43	
NODE_9_length_203510_cov_23.4649 	1	63150 	63077 	Gly	CCC	0	0	60.35	30.06	30.29	
NODE_13_length_163312_cov_23.3932	1	18788 	18712 	Arg	TCT	0	0	96.39	77.88	18.51	
NODE_13_length_163312_cov_23.3932	2	18660 	18585 	His	GTG	0	0	83.51	64.18	19.33	
NODE_13_length_163312_cov_23.3932	3	16095 	16012 	Leu	TAG	0	0	70.50	40.25	30.25	
NODE_14_length_162795_cov_24.1128	1	55730 	55806 	Met	CAT	0	0	85.06	58.55	26.51	
NODE_14_length_162795_cov_24.1128	2	161994	162066	Leu	GAG	0	0	20.84	19.28	1.56	
NODE_14_length_162795_cov_24.1128	3	72312 	72222 	Ser	GCT	0	0	76.69	47.10	29.59	
NODE_14_length_162795_cov_24.1128	4	72104 	72028 	Arg	ACG	0	0	83.50	58.05	25.45	
NODE_14_length_162795_cov_24.1128	5	71916 	71840 	Arg	ACG	0	0	83.50	58.05	25.45	
NODE_14_length_162795_cov_24.1128	6	3147  	3072  	Lys	TTT	0	0	95.07	71.82	23.25	
NODE_15_length_158661_cov_22.0895	1	3868  	3941  	Arg	ACG	0	0	52.72	27.21	25.51	
NODE_15_length_158661_cov_22.0895	2	110528	110602	Gln	TTG	0	0	66.82	40.36	26.46	
NODE_15_length_158661_cov_22.0895	3	140177	140253	Met	CAT	0	0	87.19	64.42	22.77	
NODE_18_length_136161_cov_23.6201	1	100202	100127	Val	TAC	0	0	94.49	73.68	20.81	
NODE_18_length_136161_cov_23.6201	2	100110	100034	Asp	GTC	0	0	94.67	75.49	19.18	
NODE_20_length_121511_cov_22.4728	1	2301  	2225  	Arg	CCT	0	0	83.71	58.51	25.20	
NODE_30_length_76984_cov_22.5516 	1	36686 	36611 	Asn	GTT	0	0	91.73	62.08	29.65	
NODE_30_length_76984_cov_22.5516 	2	36601 	36525 	Pro	TGG	0	0	87.63	64.60	23.03	
NODE_30_length_76984_cov_22.5516 	3	36514 	36439 	Lys	TTT	0	0	95.07	71.82	23.25	
NODE_30_length_76984_cov_22.5516 	4	18455 	18380 	Thr	CGT	0	0	90.98	74.93	16.05	
NODE_31_length_76775_cov_22.9004 	1	4899  	4824  	Phe	GAA	0	0	92.69	68.52	24.17	
NODE_33_length_59929_cov_26.7187 	1	2390  	2465  	His	GTG	0	0	83.51	64.18	19.33	
NODE_33_length_59929_cov_26.7187 	2	13743 	13819 	Asp	GTC	0	0	95.34	76.86	18.48	
NODE_35_length_57560_cov_22.8106 	1	21641 	21716 	Thr	TGT	0	0	93.66	75.64	18.02	
NODE_37_length_50621_cov_25.3536 	1	35733 	35809 	Pro	GGG	0	0	74.89	48.01	26.88	
NODE_43_length_38975_cov_26.4338 	1	23190 	23115 	Thr	TGT	0	0	74.27	61.42	12.85	
NODE_44_length_35831_cov_25.0175 	1	34644 	34720 	Arg	CCG	0	0	87.81	66.55	21.26	
NODE_48_length_31934_cov_24.8937 	1	30715 	30640 	Trp	CCA	0	0	86.73	63.05	23.68	
NODE_63_length_5405_cov_95.6527  	1	1829  	1905  	Ile	GAT	0	0	98.83	72.69	26.14	
NODE_63_length_5405_cov_95.6527  	2	1934  	2009  	Ala	TGC	0	0	90.68	71.56	19.12	
NODE_67_length_3329_cov_22.2995  	1	521   	437   	Tyr	GTA	0	0	71.07	41.76	29.31	
NODE_67_length_3329_cov_22.2995  	2	410   	337   	Gly	TCC	0	0	82.75	60.87	21.88	
NODE_67_length_3329_cov_22.2995  	3	317   	242   	Thr	GGT	0	0	93.76	67.73	26.03	
