Sequence                         		tRNA  	Bounds	tRNA	Anti	Intron Bounds	Cove	HMM	2'Str	      
Name                             	tRNA #	Begin 	End   	Type	Codon	Begin	End	Score	Score	Score	Note
--------                         	------	----- 	------	----	-----	-----	----	------	-----	-----	------
NODE_1_length_455178_cov_24.5523 	1	338186	338277	SeC	TCA	0	0	55.75	-18.51	74.26	
NODE_1_length_455178_cov_24.5523 	2	392325	392410	Leu	GAG	0	0	68.53	39.16	29.37	
NODE_1_length_455178_cov_24.5523 	3	392501	392577	Met	CAT	0	0	85.85	60.06	25.79	
NODE_1_length_455178_cov_24.5523 	4	184677	184591	Leu	CAG	0	0	73.96	38.54	35.42	
NODE_1_length_455178_cov_24.5523 	5	184461	184375	Leu	CAG	0	0	73.96	38.54	35.42	
NODE_2_length_432366_cov_25.2127 	1	309820	309896	Arg	TCT	0	0	96.39	77.88	18.51	
NODE_2_length_432366_cov_25.2127 	2	309948	310023	His	GTG	0	0	83.51	64.18	19.33	
NODE_2_length_432366_cov_25.2127 	3	310078	310162	Leu	TAG	0	0	76.62	44.97	31.65	
NODE_2_length_432366_cov_25.2127 	4	310229	310304	His	GTG	0	0	83.51	64.18	19.33	
NODE_2_length_432366_cov_25.2127 	5	321589	321665	Asp	GTC	0	0	95.34	76.86	18.48	
NODE_3_length_385054_cov_24.7123 	1	42050 	42139 	Ser	GGA	0	0	71.75	34.38	37.37	
NODE_3_length_385054_cov_24.7123 	2	230794	230870	Pro	CGG	0	0	88.20	60.26	27.94	
NODE_3_length_385054_cov_24.7123 	3	359616	359691	Asn	GTT	0	0	91.73	62.08	29.65	
NODE_3_length_385054_cov_24.7123 	4	350818	350743	Ala	GGC	0	0	86.95	68.86	18.09	
NODE_3_length_385054_cov_24.7123 	5	350694	350619	Glu	TTC	0	0	66.40	38.20	28.20	
NODE_3_length_385054_cov_24.7123 	6	350525	350450	Ala	GGC	0	0	86.95	68.86	18.09	
NODE_3_length_385054_cov_24.7123 	7	350403	350328	Glu	TTC	0	0	66.40	38.20	28.20	
NODE_3_length_385054_cov_24.7123 	8	311423	311348	Val	TAC	0	0	94.49	73.68	20.81	
NODE_3_length_385054_cov_24.7123 	9	311331	311255	Asp	GTC	0	0	94.67	75.49	19.18	
NODE_3_length_385054_cov_24.7123 	10	311140	311064	Asp	GTC	0	0	94.67	75.49	19.18	
NODE_3_length_385054_cov_24.7123 	11	9553  	9478  	Glu	TTC	0	0	66.40	38.20	28.20	
NODE_3_length_385054_cov_24.7123 	12	9475  	9400  	Gly	GCC	0	0	93.74	68.41	25.33	
NODE_4_length_377527_cov_23.5511 	1	294346	294270	Met	CAT	0	0	92.87	71.40	21.47	
NODE_7_length_265960_cov_24.498  	1	95557 	95643 	Leu	CAA	0	0	69.99	38.33	31.66	
NODE_8_length_238520_cov_25.4111 	1	166129	166054	Phe	GAA	0	0	92.69	68.52	24.17	
NODE_8_length_238520_cov_25.4111 	2	154724	154649	Thr	TGT	0	0	93.66	75.64	18.02	
NODE_12_length_204214_cov_24.7831	1	174616	174541	Thr	CGT	0	0	90.98	74.93	16.05	
NODE_13_length_177835_cov_24.2085	1	36703 	36614 	Ser	TGA	0	0	72.70	38.95	33.75	
NODE_13_length_177835_cov_24.2085	2	12326 	12251 	Gly	GCC	0	0	93.74	68.41	25.33	
NODE_14_length_174245_cov_25.7956	1	27736 	27825 	Ser	CGA	0	0	68.31	24.88	43.43	
NODE_15_length_158634_cov_24.9053	1	127504	127577	Gly	CCC	0	0	54.49	29.93	24.56	
NODE_16_length_147525_cov_25.2651	1	94639 	94566 	Cys	GCA	0	0	62.38	45.73	16.65	
NODE_16_length_147525_cov_25.2651	2	82016 	81930 	Leu	TAA	0	0	76.64	42.32	34.32	
NODE_17_length_142743_cov_24.9298	1	141549	141624	Asn	GTT	0	0	91.73	62.08	29.65	
NODE_17_length_142743_cov_24.9298	2	141634	141710	Pro	TGG	0	0	87.63	64.60	23.03	
NODE_17_length_142743_cov_24.9298	3	141721	141796	Lys	TTT	0	0	95.07	71.82	23.25	
NODE_17_length_142743_cov_24.9298	4	97633 	97560 	Arg	ACG	0	0	52.72	27.21	25.51	
NODE_18_length_141732_cov_25.935 	1	105996	105921	Gly	GCC	0	0	93.74	68.41	25.33	
NODE_18_length_141732_cov_25.935 	2	64461 	64385 	Val	GAC	0	0	93.19	67.81	25.38	
NODE_18_length_141732_cov_25.935 	3	30329 	30253 	Pro	GGG	0	0	74.89	48.01	26.88	
NODE_20_length_125868_cov_23.8094	1	32452 	32377 	Val	TAC	0	0	94.49	73.68	20.81	
NODE_20_length_125868_cov_23.8094	2	32360 	32284 	Asp	GTC	0	0	94.67	75.49	19.18	
NODE_21_length_114562_cov_24.6362	1	12946 	13022 	Met	CAT	0	0	85.06	58.55	26.51	
NODE_21_length_114562_cov_24.6362	2	29490 	29400 	Ser	GCT	0	0	76.69	47.10	29.59	
NODE_21_length_114562_cov_24.6362	3	29282 	29206 	Arg	ACG	0	0	83.50	58.05	25.45	
NODE_21_length_114562_cov_24.6362	4	29094 	29018 	Arg	ACG	0	0	83.50	58.05	25.45	
NODE_22_length_113363_cov_26.5029	1	73501 	73426 	Lys	TTT	0	0	95.07	71.82	23.25	
NODE_23_length_97970_cov_23.3288 	1	34672 	34596 	Arg	CCT	0	0	83.71	58.51	25.20	
NODE_32_length_62699_cov_24.1058 	1	33208 	33284 	Met	CAT	0	0	87.19	64.42	22.77	
NODE_37_length_53264_cov_24.9375 	1	18520 	18444 	Arg	CCG	0	0	87.89	66.77	21.12	
NODE_43_length_31763_cov_26.8956 	1	30544 	30469 	Trp	CCA	0	0	86.73	63.05	23.68	
NODE_45_length_21556_cov_28.3653 	1	8402  	8476  	Gln	TTG	0	0	66.82	40.36	26.46	
NODE_54_length_7566_cov_27.1328  	1	7091  	7163  	Leu	GAG	0	0	20.84	19.28	1.56	
NODE_59_length_5543_cov_104.009  	1	1954  	2030  	Ile	GAT	0	0	98.83	72.69	26.14	
NODE_59_length_5543_cov_104.009  	2	2059  	2134  	Ala	TGC	0	0	90.68	71.56	19.12	
NODE_67_length_3319_cov_25.5182  	1	521   	437   	Tyr	GTA	0	0	71.07	41.76	29.31	
NODE_67_length_3319_cov_25.5182  	2	410   	337   	Gly	TCC	0	0	82.75	60.87	21.88	
NODE_67_length_3319_cov_25.5182  	3	317   	242   	Thr	GGT	0	0	88.44	66.18	22.26	
