Sequence                         		tRNA  	Bounds	tRNA	Anti	Intron Bounds	Cove	HMM	2'Str	      
Name                             	tRNA #	Begin 	End   	Type	Codon	Begin	End	Score	Score	Score	Note
--------                         	------	----- 	------	----	-----	-----	----	------	-----	-----	------
NODE_3_length_377666_cov_17.9263 	1	288919	288830	Ser	TGA	0	0	72.70	38.95	33.75	
NODE_3_length_377666_cov_17.9263 	2	264543	264468	Gly	GCC	0	0	93.74	68.41	25.33	
NODE_3_length_377666_cov_17.9263 	3	138214	138141	Cys	GCA	0	0	62.38	45.73	16.65	
NODE_3_length_377666_cov_17.9263 	4	125591	125505	Leu	TAA	0	0	76.64	42.32	34.32	
NODE_6_length_54624_cov_17.1377  	1	15129 	15204 	Ala	GGC	0	0	86.95	68.86	18.09	
NODE_6_length_54624_cov_17.1377  	2	15253 	15328 	Glu	TTC	0	0	66.40	38.20	28.20	
NODE_6_length_54624_cov_17.1377  	3	15422 	15497 	Ala	GGC	0	0	86.95	68.86	18.09	
NODE_6_length_54624_cov_17.1377  	4	15544 	15619 	Glu	TTC	0	0	66.40	38.20	28.20	
NODE_6_length_54624_cov_17.1377  	5	54526 	54601 	Val	TAC	0	0	94.49	73.68	20.81	
NODE_6_length_54624_cov_17.1377  	6	6330  	6255  	Asn	GTT	0	0	91.73	62.08	29.65	
NODE_7_length_391651_cov_18.4593 	1	279245	279335	Ser	GCT	0	0	76.69	47.10	29.59	
NODE_7_length_391651_cov_18.4593 	2	279453	279529	Arg	ACG	0	0	83.50	58.05	25.45	
NODE_7_length_391651_cov_18.4593 	3	279641	279717	Arg	ACG	0	0	83.50	58.05	25.45	
NODE_7_length_391651_cov_18.4593 	4	348337	348412	Lys	TTT	0	0	95.07	71.82	23.25	
NODE_7_length_391651_cov_18.4593 	5	295789	295713	Met	CAT	0	0	85.06	58.55	26.51	
NODE_7_length_391651_cov_18.4593 	6	189579	189507	Leu	GAG	0	0	20.84	19.28	1.56	
NODE_7_length_391651_cov_18.4593 	7	85704 	85631 	Gly	CCC	0	0	60.35	30.06	30.29	
NODE_40_length_313849_cov_19.6537	1	20257 	20333 	Met	CAT	0	0	92.87	71.40	21.47	
NODE_53_length_369076_cov_18.5195	1	335636	335722	Leu	CAA	0	0	69.99	38.33	31.66	
NODE_70_length_29440_cov_18.3648 	1	7201  	7275  	Gln	TTG	0	0	66.82	40.36	26.46	
NODE_70_length_29440_cov_18.3648 	2	10950 	11026 	Met	CAT	0	0	87.19	64.42	22.77	
NODE_71_length_248881_cov_17.7687	1	18739 	18814 	Thr	CGT	0	0	90.98	74.93	16.05	
NODE_77_length_101285_cov_18.2639	1	100511	100586	Asn	GTT	0	0	91.73	62.08	29.65	
NODE_77_length_101285_cov_18.2639	2	100596	100672	Pro	TGG	0	0	87.63	64.60	23.03	
NODE_77_length_101285_cov_18.2639	3	100683	100758	Lys	TTT	0	0	95.07	71.82	23.25	
NODE_77_length_101285_cov_18.2639	4	56595 	56522 	Arg	ACG	0	0	52.72	27.21	25.51	
NODE_80_length_5480_cov_79.2294  	1	3587  	3511  	Ile	GAT	0	0	98.83	72.69	26.14	
NODE_80_length_5480_cov_79.2294  	2	3482  	3407  	Ala	TGC	0	0	90.68	71.56	19.12	
NODE_105_length_325251_cov_18.7413	1	208218	208309	SeC	TCA	0	0	55.75	-18.51	74.26	
NODE_105_length_325251_cov_18.7413	2	262462	262547	Leu	GAG	0	0	68.53	39.16	29.37	
NODE_105_length_325251_cov_18.7413	3	262638	262714	Met	CAT	0	0	85.85	60.06	25.79	
NODE_105_length_325251_cov_18.7413	4	54652 	54566 	Leu	CAG	0	0	73.96	38.54	35.42	
NODE_105_length_325251_cov_18.7413	5	54436 	54350 	Leu	CAG	0	0	73.96	38.54	35.42	
NODE_111_length_376122_cov_17.3357	1	148769	148693	Arg	TCT	0	0	96.39	77.88	18.51	
NODE_111_length_376122_cov_17.3357	2	148641	148566	His	GTG	0	0	83.51	64.18	19.33	
NODE_111_length_376122_cov_17.3357	3	148511	148427	Leu	TAG	0	0	76.62	44.97	31.65	
NODE_111_length_376122_cov_17.3357	4	120163	120088	Met	CAT	0	0	60.64	35.57	25.07	
NODE_111_length_376122_cov_17.3357	5	119768	119693	Gly	TCC	0	0	82.79	56.37	26.42	
NODE_111_length_376122_cov_17.3357	6	89698 	89623 	His	GTG	0	0	83.51	64.18	19.33	
NODE_111_length_376122_cov_17.3357	7	78333 	78257 	Asp	GTC	0	0	95.34	76.86	18.48	
NODE_119_length_333137_cov_18.212	1	22157 	22246 	Ser	CGA	0	0	68.31	24.88	43.43	
NODE_131_length_15599_cov_20.1732	1	187   	262   	Trp	CCA	0	0	86.73	63.05	23.68	
NODE_148_length_13969_cov_21.1139	1	13250 	13325 	Thr	TGT	0	0	93.66	75.64	18.02	
NODE_154_length_3292_cov_19.3788 	1	2772  	2856  	Tyr	GTA	0	0	71.07	41.76	29.31	
NODE_154_length_3292_cov_19.3788 	2	2883  	2956  	Gly	TCC	0	0	82.75	60.87	21.88	
NODE_154_length_3292_cov_19.3788 	3	2976  	3051  	Thr	GGT	0	0	93.76	67.73	26.03	
NODE_171_length_74006_cov_17.1877	1	49    	125   	Asp	GTC	0	0	94.67	75.49	19.18	
NODE_172_length_384445_cov_17.333	1	49    	125   	Asp	GTC	0	0	94.67	75.49	19.18	
NODE_172_length_384445_cov_17.333	2	240   	316   	Asp	GTC	0	0	94.67	75.49	19.18	
NODE_172_length_384445_cov_17.333	3	301843	301918	Glu	TTC	0	0	66.40	38.20	28.20	
NODE_172_length_384445_cov_17.333	4	301921	301996	Gly	GCC	0	0	93.74	68.41	25.33	
NODE_172_length_384445_cov_17.333	5	302081	302156	Gly	GCC	0	0	93.74	68.41	25.33	
NODE_172_length_384445_cov_17.333	6	349325	349401	Val	GAC	0	0	93.19	67.81	25.38	
NODE_172_length_384445_cov_17.333	7	383463	383539	Pro	GGG	0	0	74.89	48.01	26.88	
NODE_172_length_384445_cov_17.333	8	269379	269290	Ser	GGA	0	0	71.75	34.38	37.37	
NODE_172_length_384445_cov_17.333	9	80588 	80512 	Pro	CGG	0	0	82.59	59.08	23.51	
NODE_175_length_121507_cov_19.4248	1	13413 	13338 	Phe	GAA	0	0	92.69	68.52	24.17	
NODE_177_length_35917_cov_20.8687	1	34635 	34711 	Arg	CCG	0	0	87.81	66.55	21.26	
NODE_225_length_190974_cov_16.6219	1	127932	127856	Arg	CCT	0	0	83.71	58.51	25.20	
NODE_225_length_190974_cov_16.6219	2	99    	24    	Val	TAC	0	0	94.49	73.68	20.81	
NODE_226_length_199_cov_36.0556  	1	29    	104   	Val	TAC	0	0	94.49	73.68	20.81	
NODE_226_length_199_cov_36.0556  	2	121   	197   	Asp	GTC	0	0	94.67	75.49	19.18	
