Sequence                         		tRNA  	Bounds	tRNA	Anti	Intron Bounds	Cove	HMM	2'Str	      
Name                             	tRNA #	Begin 	End   	Type	Codon	Begin	End	Score	Score	Score	Note
--------                         	------	----- 	------	----	-----	-----	----	------	-----	-----	------
NODE_1_length_989167_cov_27.0801 	1	53267 	53342 	Ala	GGC	0	0	86.95	68.86	18.09	
NODE_1_length_989167_cov_27.0801 	2	53391 	53466 	Glu	TTC	0	0	66.40	38.20	28.20	
NODE_1_length_989167_cov_27.0801 	3	53560 	53635 	Ala	GGC	0	0	86.95	68.86	18.09	
NODE_1_length_989167_cov_27.0801 	4	53682 	53757 	Glu	TTC	0	0	66.40	38.20	28.20	
NODE_1_length_989167_cov_27.0801 	5	92664 	92739 	Val	TAC	0	0	94.49	73.68	20.81	
NODE_1_length_989167_cov_27.0801 	6	92756 	92832 	Asp	GTC	0	0	94.67	75.49	19.18	
NODE_1_length_989167_cov_27.0801 	7	92947 	93023 	Asp	GTC	0	0	94.67	75.49	19.18	
NODE_1_length_989167_cov_27.0801 	8	446559	446634	Glu	TTC	0	0	66.40	38.20	28.20	
NODE_1_length_989167_cov_27.0801 	9	446637	446712	Gly	GCC	0	0	93.74	68.41	25.33	
NODE_1_length_989167_cov_27.0801 	10	446797	446872	Gly	GCC	0	0	93.74	68.41	25.33	
NODE_1_length_989167_cov_27.0801 	11	494051	494127	Val	GAC	0	0	93.19	67.81	25.38	
NODE_1_length_989167_cov_27.0801 	12	528194	528270	Pro	GGG	0	0	74.89	48.01	26.88	
NODE_1_length_989167_cov_27.0801 	13	723890	723979	Ser	TGA	0	0	72.70	38.95	33.75	
NODE_1_length_989167_cov_27.0801 	14	748267	748342	Gly	GCC	0	0	93.74	68.41	25.33	
NODE_1_length_989167_cov_27.0801 	15	851166	851239	Cys	GCA	0	0	62.38	45.73	16.65	
NODE_1_length_989167_cov_27.0801 	16	863790	863876	Leu	TAA	0	0	76.64	42.32	34.32	
NODE_1_length_989167_cov_27.0801 	17	414062	413973	Ser	GGA	0	0	71.75	34.38	37.37	
NODE_1_length_989167_cov_27.0801 	18	225320	225244	Pro	CGG	0	0	88.20	60.26	27.94	
NODE_1_length_989167_cov_27.0801 	19	44468 	44393 	Asn	GTT	0	0	91.73	62.08	29.65	
NODE_2_length_816457_cov_25.9889 	1	270456	270542	Leu	CAG	0	0	73.96	38.54	35.42	
NODE_2_length_816457_cov_25.9889 	2	270672	270758	Leu	CAG	0	0	73.96	38.54	35.42	
NODE_2_length_816457_cov_25.9889 	3	527845	527920	Phe	GAA	0	0	92.69	68.52	24.17	
NODE_2_length_816457_cov_25.9889 	4	540471	540545	Undet	NNN	0	0	23.83	22.17	1.66	
NODE_2_length_816457_cov_25.9889 	5	551880	551955	Thr	TGT	0	0	93.66	75.64	18.02	
NODE_2_length_816457_cov_25.9889 	6	116783	116692	SeC	TCA	0	0	55.75	-18.51	74.26	
NODE_2_length_816457_cov_25.9889 	7	62842 	62757 	Leu	GAG	0	0	68.53	39.16	29.37	
NODE_2_length_816457_cov_25.9889 	8	62666 	62590 	Met	CAT	0	0	85.85	60.06	25.79	
NODE_3_length_512143_cov_26.6583 	1	317130	317044	Leu	CAA	0	0	69.99	38.33	31.66	
NODE_5_length_401370_cov_25.3738 	1	293641	293565	Met	CAT	0	0	92.87	71.40	21.47	
NODE_6_length_393222_cov_27.2237 	1	390188	390264	Arg	TCT	0	0	96.39	77.88	18.51	
NODE_6_length_393222_cov_27.2237 	2	390316	390391	His	GTG	0	0	83.51	64.18	19.33	
NODE_6_length_393222_cov_27.2237 	3	390446	390530	Leu	TAG	0	0	76.62	44.97	31.65	
NODE_7_length_310368_cov_25.2929 	1	34844 	34919 	Thr	CGT	0	0	90.98	74.93	16.05	
NODE_8_length_306950_cov_25.1459 	1	1978  	1902  	Arg	CCT	0	0	83.71	58.51	25.20	
NODE_9_length_305328_cov_25.8871 	1	36965 	37041 	Met	CAT	0	0	85.06	58.55	26.51	
NODE_9_length_305328_cov_25.8871 	2	143175	143247	Leu	GAG	0	0	20.84	19.28	1.56	
NODE_9_length_305328_cov_25.8871 	3	247103	247176	Gly	CCC	0	0	60.35	30.06	30.29	
NODE_9_length_305328_cov_25.8871 	4	53510 	53420 	Ser	GCT	0	0	76.69	47.10	29.59	
NODE_9_length_305328_cov_25.8871 	5	53302 	53226 	Arg	ACG	0	0	83.50	58.05	25.45	
NODE_9_length_305328_cov_25.8871 	6	53114 	53038 	Arg	ACG	0	0	83.50	58.05	25.45	
NODE_11_length_251256_cov_25.9454	1	172143	172218	Asn	GTT	0	0	91.73	62.08	29.65	
NODE_11_length_251256_cov_25.9454	2	172228	172304	Pro	TGG	0	0	87.63	64.60	23.03	
NODE_11_length_251256_cov_25.9454	3	172315	172390	Lys	TTT	0	0	95.07	71.82	23.25	
NODE_11_length_251256_cov_25.9454	4	128227	128154	Arg	ACG	0	0	52.72	27.21	25.51	
NODE_11_length_251256_cov_25.9454	5	22241 	22167 	Gln	TTG	0	0	66.82	40.36	26.46	
NODE_11_length_251256_cov_25.9454	6	18491 	18415 	Met	CAT	0	0	87.19	64.42	22.77	
NODE_12_length_236944_cov_29.5674	1	17243 	17318 	Met	CAT	0	0	60.05	34.98	25.07	
NODE_12_length_236944_cov_29.5674	2	17620 	17695 	Gly	TCC	0	0	81.23	54.80	26.43	
NODE_12_length_236944_cov_29.5674	3	17708 	17782 	Asn	GTT	0	0	76.95	53.18	23.77	
NODE_12_length_236944_cov_29.5674	4	17787 	17862 	Thr	TGT	0	0	74.27	61.42	12.85	
NODE_12_length_236944_cov_29.5674	5	44802 	44877 	His	GTG	0	0	83.51	64.18	19.33	
NODE_12_length_236944_cov_29.5674	6	56168 	56244 	Asp	GTC	0	0	95.34	76.86	18.48	
NODE_14_length_205119_cov_26.0618	1	131260	131335	Val	TAC	0	0	94.49	73.68	20.81	
NODE_14_length_205119_cov_26.0618	2	131352	131428	Asp	GTC	0	0	94.67	75.49	19.18	
NODE_21_length_81680_cov_27.0586 	1	1220  	1295  	Trp	CCA	0	0	86.73	63.05	23.68	
NODE_25_length_45460_cov_27.2942 	1	29622 	29547 	Lys	TTT	0	0	95.07	71.82	23.25	
NODE_25_length_45460_cov_27.2942 	2	2080  	1991  	Ser	CGA	0	0	68.31	24.88	43.43	
NODE_26_length_36130_cov_27.5482 	1	1499  	1423  	Arg	CCG	0	0	87.81	66.55	21.26	
NODE_33_length_5550_cov_107.065  	1	3580  	3504  	Ile	GAT	0	0	98.83	72.69	26.14	
NODE_33_length_5550_cov_107.065  	2	3475  	3400  	Ala	TGC	0	0	90.68	71.56	19.12	
NODE_38_length_3327_cov_28.7347  	1	2807  	2891  	Tyr	GTA	0	0	71.07	41.76	29.31	
NODE_38_length_3327_cov_28.7347  	2	2918  	2991  	Gly	TCC	0	0	82.75	60.87	21.88	
NODE_38_length_3327_cov_28.7347  	3	3011  	3086  	Thr	GGT	0	0	93.76	67.73	26.03	
