Sequence                         		tRNA  	Bounds	tRNA	Anti	Intron Bounds	Cove	HMM	2'Str	      
Name                             	tRNA #	Begin 	End   	Type	Codon	Begin	End	Score	Score	Score	Note
--------                         	------	----- 	------	----	-----	-----	----	------	-----	-----	------
NODE_1_length_486378_cov_17.7675 	1	163684	163773	Ser	GGA	0	0	71.75	34.38	37.37	
NODE_1_length_486378_cov_17.7675 	2	352477	352553	Pro	CGG	0	0	88.20	60.26	27.94	
NODE_1_length_486378_cov_17.7675 	3	482360	482435	Asn	GTT	0	0	91.73	62.08	29.65	
NODE_1_length_486378_cov_17.7675 	4	473561	473486	Ala	GGC	0	0	86.95	68.86	18.09	
NODE_1_length_486378_cov_17.7675 	5	473437	473362	Glu	TTC	0	0	66.40	38.20	28.20	
NODE_1_length_486378_cov_17.7675 	6	473268	473193	Ala	GGC	0	0	86.95	68.86	18.09	
NODE_1_length_486378_cov_17.7675 	7	473146	473071	Glu	TTC	0	0	66.40	38.20	28.20	
NODE_1_length_486378_cov_17.7675 	8	434169	434094	Val	TAC	0	0	94.49	73.68	20.81	
NODE_1_length_486378_cov_17.7675 	9	434077	434001	Asp	GTC	0	0	94.67	75.49	19.18	
NODE_1_length_486378_cov_17.7675 	10	433886	433810	Asp	GTC	0	0	94.67	75.49	19.18	
NODE_1_length_486378_cov_17.7675 	11	131189	131114	Glu	TTC	0	0	66.40	38.20	28.20	
NODE_1_length_486378_cov_17.7675 	12	131111	131036	Gly	GCC	0	0	93.74	68.41	25.33	
NODE_2_length_457996_cov_18.9405 	1	341612	341703	SeC	TCA	0	0	55.75	-18.51	74.26	
NODE_2_length_457996_cov_18.9405 	2	395652	395737	Leu	GAG	0	0	68.53	39.16	29.37	
NODE_2_length_457996_cov_18.9405 	3	395828	395904	Met	CAT	0	0	85.85	60.06	25.79	
NODE_2_length_457996_cov_18.9405 	4	185331	185245	Leu	CAG	0	0	73.96	38.54	35.42	
NODE_2_length_457996_cov_18.9405 	5	185115	185029	Leu	CAG	0	0	73.96	38.54	35.42	
NODE_3_length_399033_cov_18.9395 	1	321527	321451	Met	CAT	0	0	92.87	71.40	21.47	
NODE_3_length_399033_cov_18.9395 	2	291764	291696	Met	CAT	0	0	20.35	17.20	3.15	
NODE_4_length_351740_cov_18.2895 	1	215175	215089	Leu	CAA	0	0	69.99	38.33	31.66	
NODE_5_length_344969_cov_18.2066 	1	250889	250979	Ser	GCT	0	0	76.69	47.10	29.59	
NODE_5_length_344969_cov_18.2066 	2	251097	251173	Arg	ACG	0	0	83.50	58.05	25.45	
NODE_5_length_344969_cov_18.2066 	3	251285	251361	Arg	ACG	0	0	83.50	58.05	25.45	
NODE_5_length_344969_cov_18.2066 	4	320049	320124	Lys	TTT	0	0	95.07	71.82	23.25	
NODE_5_length_344969_cov_18.2066 	5	267471	267395	Met	CAT	0	0	85.06	58.55	26.51	
NODE_5_length_344969_cov_18.2066 	6	161207	161135	Leu	GAG	0	0	20.84	19.28	1.56	
NODE_5_length_344969_cov_18.2066 	7	57781 	57708 	Gly	CCC	0	0	60.35	30.06	30.29	
NODE_6_length_326519_cov_16.7099 	1	144508	144584	Arg	TCT	0	0	96.39	77.88	18.51	
NODE_6_length_326519_cov_16.7099 	2	144636	144711	His	GTG	0	0	83.51	64.18	19.33	
NODE_6_length_326519_cov_16.7099 	3	144766	144850	Leu	TAG	0	0	76.62	44.97	31.65	
NODE_6_length_326519_cov_16.7099 	4	174342	174417	Thr	TGT	0	0	74.27	61.42	12.85	
NODE_6_length_326519_cov_16.7099 	5	202976	203051	His	GTG	0	0	83.51	64.18	19.33	
NODE_6_length_326519_cov_16.7099 	6	214329	214405	Asp	GTC	0	0	95.34	76.86	18.48	
NODE_7_length_295601_cov_18.6296 	1	47268 	47353 	Lys	TTT	0	0	22.00	12.28	9.72	
NODE_7_length_295601_cov_18.6296 	2	65337 	65412 	Thr	CGT	0	0	90.98	74.93	16.05	
NODE_10_length_229633_cov_19.1251	1	195684	195759	Asn	GTT	0	0	91.73	62.08	29.65	
NODE_10_length_229633_cov_19.1251	2	195769	195845	Pro	TGG	0	0	87.63	64.60	23.03	
NODE_10_length_229633_cov_19.1251	3	195856	195931	Lys	TTT	0	0	95.07	71.82	23.25	
NODE_10_length_229633_cov_19.1251	4	151766	151693	Arg	ACG	0	0	52.72	27.21	25.51	
NODE_10_length_229633_cov_19.1251	5	45604 	45530 	Gln	TTG	0	0	66.82	40.36	26.46	
NODE_10_length_229633_cov_19.1251	6	18485 	18409 	Met	CAT	0	0	87.19	64.42	22.77	
NODE_12_length_213988_cov_18.6349	1	138228	138155	Cys	GCA	0	0	62.38	45.73	16.65	
NODE_12_length_213988_cov_18.6349	2	125603	125517	Leu	TAA	0	0	76.64	42.32	34.32	
NODE_15_length_196092_cov_15.6767	1	153999	154088	Ser	TGA	0	0	72.70	38.95	33.75	
NODE_15_length_196092_cov_15.6767	2	178379	178454	Gly	GCC	0	0	93.74	68.41	25.33	
NODE_16_length_185283_cov_17.9612	1	154209	154120	Ser	CGA	0	0	68.31	24.88	43.43	
NODE_20_length_138501_cov_18.6798	1	136177	136102	Gly	GCC	0	0	93.74	68.41	25.33	
NODE_20_length_138501_cov_18.6798	2	48779 	48703 	Val	GAC	0	0	93.19	67.81	25.38	
NODE_22_length_120610_cov_18.126 	1	919   	843   	Arg	CCT	0	0	83.71	58.51	25.20	
NODE_28_length_76775_cov_19.4138 	1	4899  	4824  	Phe	GAA	0	0	92.69	68.52	24.17	
NODE_29_length_74720_cov_19.8711 	1	38761 	38686 	Val	TAC	0	0	94.49	73.68	20.81	
NODE_29_length_74720_cov_19.8711 	2	38669 	38593 	Asp	GTC	0	0	94.67	75.49	19.18	
NODE_33_length_58093_cov_20.2666 	1	22181 	22256 	Thr	TGT	0	0	93.66	75.64	18.02	
NODE_37_length_36260_cov_21.6001 	1	34644 	34720 	Arg	CCG	0	0	87.81	66.55	21.26	
NODE_39_length_33028_cov_17.4871 	1	18101 	18177 	Pro	GGG	0	0	74.89	48.01	26.88	
NODE_42_length_32051_cov_21.0521 	1	1220  	1295  	Trp	CCA	0	0	86.73	63.05	23.68	
NODE_61_length_5405_cov_89.6313  	1	1829  	1905  	Ile	GAT	0	0	98.83	72.69	26.14	
NODE_61_length_5405_cov_89.6313  	2	1934  	2009  	Ala	TGC	0	0	90.68	71.56	19.12	
NODE_62_length_3329_cov_18.797   	1	2809  	2893  	Tyr	GTA	0	0	71.07	41.76	29.31	
NODE_62_length_3329_cov_18.797   	2	2920  	2993  	Gly	TCC	0	0	82.75	60.87	21.88	
NODE_62_length_3329_cov_18.797   	3	3013  	3088  	Thr	GGT	0	0	93.76	67.73	26.03	
