Sequence                         		tRNA  	Bounds	tRNA	Anti	Intron Bounds	Cove	HMM	2'Str	      
Name                             	tRNA #	Begin 	End   	Type	Codon	Begin	End	Score	Score	Score	Note
--------                         	------	----- 	------	----	-----	-----	----	------	-----	-----	------
NODE_1_length_746262_cov_22.7714 	1	106278	106368	Ser	GCT	0	0	76.69	47.10	29.59	
NODE_1_length_746262_cov_22.7714 	2	106486	106562	Arg	ACG	0	0	83.50	58.05	25.45	
NODE_1_length_746262_cov_22.7714 	3	106674	106750	Arg	ACG	0	0	83.50	58.05	25.45	
NODE_1_length_746262_cov_22.7714 	4	175354	175429	Lys	TTT	0	0	95.07	71.82	23.25	
NODE_1_length_746262_cov_22.7714 	5	295765	295854	Ser	CGA	0	0	68.31	24.88	43.43	
NODE_1_length_746262_cov_22.7714 	6	122821	122745	Met	CAT	0	0	85.06	58.55	26.51	
NODE_1_length_746262_cov_22.7714 	7	16599 	16527 	Leu	GAG	0	0	20.84	19.28	1.56	
NODE_2_length_667656_cov_21.2689 	1	270615	270701	Leu	CAG	0	0	73.96	38.54	35.42	
NODE_2_length_667656_cov_21.2689 	2	270831	270917	Leu	CAG	0	0	73.96	38.54	35.42	
NODE_2_length_667656_cov_21.2689 	3	529779	529854	Phe	GAA	0	0	92.69	68.52	24.17	
NODE_2_length_667656_cov_21.2689 	4	541189	541264	Thr	TGT	0	0	93.66	75.64	18.02	
NODE_2_length_667656_cov_21.2689 	5	117125	117034	SeC	TCA	0	0	54.17	-20.47	74.64	
NODE_2_length_667656_cov_21.2689 	6	62915 	62830 	Leu	GAG	0	0	68.53	39.16	29.37	
NODE_2_length_667656_cov_21.2689 	7	62739 	62663 	Met	CAT	0	0	85.85	60.06	25.79	
NODE_3_length_512593_cov_21.9552 	1	388583	388659	Arg	TCT	0	0	96.39	77.88	18.51	
NODE_3_length_512593_cov_21.9552 	2	388711	388786	His	GTG	0	0	83.51	64.18	19.33	
NODE_3_length_512593_cov_21.9552 	3	388841	388925	Leu	TAG	0	0	76.62	44.97	31.65	
NODE_3_length_512593_cov_21.9552 	4	388992	389067	His	GTG	0	0	83.51	64.18	19.33	
NODE_3_length_512593_cov_21.9552 	5	400358	400434	Asp	GTC	0	0	95.34	76.86	18.48	
NODE_4_length_498543_cov_20.0916 	1	279131	279217	Leu	CAA	0	0	69.99	38.33	31.66	
NODE_5_length_498522_cov_20.6763 	1	53258 	53333 	Ala	GGC	0	0	86.95	68.86	18.09	
NODE_5_length_498522_cov_20.6763 	2	53382 	53457 	Glu	TTC	0	0	66.40	38.20	28.20	
NODE_5_length_498522_cov_20.6763 	3	53551 	53626 	Ala	GGC	0	0	86.95	68.86	18.09	
NODE_5_length_498522_cov_20.6763 	4	53673 	53748 	Glu	TTC	0	0	66.40	38.20	28.20	
NODE_5_length_498522_cov_20.6763 	5	92661 	92736 	Val	TAC	0	0	94.49	73.68	20.81	
NODE_5_length_498522_cov_20.6763 	6	92753 	92829 	Asp	GTC	0	0	94.67	75.49	19.18	
NODE_5_length_498522_cov_20.6763 	7	92944 	93020 	Asp	GTC	0	0	94.67	75.49	19.18	
NODE_5_length_498522_cov_20.6763 	8	394542	394617	Glu	TTC	0	0	66.40	38.20	28.20	
NODE_5_length_498522_cov_20.6763 	9	394620	394695	Gly	GCC	0	0	93.74	68.41	25.33	
NODE_5_length_498522_cov_20.6763 	10	394780	394855	Gly	GCC	0	0	93.74	68.41	25.33	
NODE_5_length_498522_cov_20.6763 	11	437174	437250	Val	GAC	0	0	93.19	67.81	25.38	
NODE_5_length_498522_cov_20.6763 	12	471315	471391	Pro	GGG	0	0	74.89	48.01	26.88	
NODE_5_length_498522_cov_20.6763 	13	362046	361957	Ser	GGA	0	0	71.75	34.38	37.37	
NODE_5_length_498522_cov_20.6763 	14	173288	173212	Pro	CGG	0	0	88.20	60.26	27.94	
NODE_5_length_498522_cov_20.6763 	15	44459 	44384 	Asn	GTT	0	0	91.73	62.08	29.65	
NODE_7_length_405711_cov_20.1691 	1	292534	292607	Arg	ACG	0	0	52.72	27.21	25.51	
NODE_7_length_405711_cov_20.1691 	2	399991	400065	Gln	TTG	0	0	66.82	40.36	26.46	
NODE_7_length_405711_cov_20.1691 	3	403739	403815	Met	CAT	0	0	87.19	64.42	22.77	
NODE_7_length_405711_cov_20.1691 	4	248619	248544	Asn	GTT	0	0	91.73	62.08	29.65	
NODE_7_length_405711_cov_20.1691 	5	248534	248458	Pro	TGG	0	0	87.63	64.60	23.03	
NODE_7_length_405711_cov_20.1691 	6	248447	248372	Lys	TTT	0	0	95.07	71.82	23.25	
NODE_7_length_405711_cov_20.1691 	7	230503	230428	Thr	CGT	0	0	90.98	74.93	16.05	
NODE_8_length_370793_cov_19.721  	1	77418 	77494 	Met	CAT	0	0	92.87	71.40	21.47	
NODE_9_length_308009_cov_20.9426 	1	165996	165907	Ser	TGA	0	0	72.70	38.95	33.75	
NODE_9_length_308009_cov_20.9426 	2	141619	141544	Gly	GCC	0	0	93.74	68.41	25.33	
NODE_9_length_308009_cov_20.9426 	3	136997	136924	Cys	GCA	0	0	62.38	45.73	16.65	
NODE_9_length_308009_cov_20.9426 	4	124375	124289	Leu	TAA	0	0	76.64	42.32	34.32	
NODE_10_length_225745_cov_19.2641	1	222717	222793	Arg	CCT	0	0	83.71	58.51	25.20	
NODE_12_length_205215_cov_19.7823	1	1444  	1518  	Arg	CCT	0	0	69.69	51.80	17.89	
NODE_12_length_205215_cov_19.7823	2	131245	131320	Val	TAC	0	0	94.49	73.68	20.81	
NODE_12_length_205215_cov_19.7823	3	131337	131413	Asp	GTC	0	0	94.67	75.49	19.18	
NODE_17_length_102685_cov_20.3772	1	3227  	3154  	Gly	CCC	0	0	60.35	30.06	30.29	
NODE_20_length_65517_cov_20.8641 	1	64298 	64223 	Trp	CCA	0	0	86.73	63.05	23.68	
NODE_26_length_36012_cov_21.105  	1	1392  	1316  	Arg	CCG	0	0	87.81	66.55	21.26	
NODE_30_length_5383_cov_97.5761  	1	1894  	1970  	Ile	GAT	0	0	98.83	72.69	26.14	
NODE_30_length_5383_cov_97.5761  	2	1999  	2074  	Ala	TGC	0	0	90.68	71.56	19.12	
NODE_33_length_3418_cov_22.161   	1	521   	437   	Tyr	GTA	0	0	71.07	41.76	29.31	
NODE_33_length_3418_cov_22.161   	2	410   	337   	Gly	TCC	0	0	82.75	60.87	21.88	
NODE_33_length_3418_cov_22.161   	3	317   	242   	Thr	GGT	0	0	93.76	67.73	26.03	
