Sequence                          		tRNA   	Bounds 	tRNA	Anti	Intron Bounds	Cove	HMM	2'Str	      
Name                              	tRNA #	Begin  	End    	Type	Codon	Begin	End	Score	Score	Score	Note
--------                          	------	-----  	------ 	----	-----	-----	----	------	-----	-----	------
NODE_1_length_1230009_cov_21.4297 	1	194285 	194375 	Ser	GCT	0	0	76.69	47.10	29.59	
NODE_1_length_1230009_cov_21.4297 	2	194493 	194569 	Arg	ACG	0	0	83.50	58.05	25.45	
NODE_1_length_1230009_cov_21.4297 	3	194681 	194757 	Arg	ACG	0	0	83.50	58.05	25.45	
NODE_1_length_1230009_cov_21.4297 	4	263380 	263455 	Lys	TTT	0	0	95.07	71.82	23.25	
NODE_1_length_1230009_cov_21.4297 	5	290938 	291027 	Ser	CGA	0	0	68.31	24.88	43.43	
NODE_1_length_1230009_cov_21.4297 	6	1136045	1136121	Arg	TCT	0	0	96.39	77.88	18.51	
NODE_1_length_1230009_cov_21.4297 	7	1136173	1136248	His	GTG	0	0	83.51	64.18	19.33	
NODE_1_length_1230009_cov_21.4297 	8	1136303	1136387	Leu	TAG	0	0	76.62	44.97	31.65	
NODE_1_length_1230009_cov_21.4297 	9	1136454	1136529	His	GTG	0	0	83.51	64.18	19.33	
NODE_1_length_1230009_cov_21.4297 	10	1147808	1147884	Asp	GTC	0	0	95.34	76.86	18.48	
NODE_1_length_1230009_cov_21.4297 	11	210829 	210753 	Met	CAT	0	0	85.06	58.55	26.51	
NODE_1_length_1230009_cov_21.4297 	12	104618 	104546 	Leu	GAG	0	0	20.84	19.28	1.56	
NODE_1_length_1230009_cov_21.4297 	13	2889   	2816   	Gly	CCC	0	0	60.35	30.06	30.29	
NODE_2_length_829368_cov_21.399   	1	462608 	462697 	Ser	GGA	0	0	71.75	34.38	37.37	
NODE_2_length_829368_cov_21.399   	2	651366 	651442 	Pro	CGG	0	0	88.20	60.26	27.94	
NODE_2_length_829368_cov_21.399   	3	783371 	783446 	Asn	GTT	0	0	91.73	62.08	29.65	
NODE_2_length_829368_cov_21.399   	4	774572 	774497 	Ala	GGC	0	0	86.95	68.86	18.09	
NODE_2_length_829368_cov_21.399   	5	774448 	774373 	Glu	TTC	0	0	66.40	38.20	28.20	
NODE_2_length_829368_cov_21.399   	6	774279 	774204 	Ala	GGC	0	0	86.95	68.86	18.09	
NODE_2_length_829368_cov_21.399   	7	774157 	774082 	Glu	TTC	0	0	66.40	38.20	28.20	
NODE_2_length_829368_cov_21.399   	8	735181 	735106 	Val	TAC	0	0	94.49	73.68	20.81	
NODE_2_length_829368_cov_21.399   	9	735089 	735013 	Asp	GTC	0	0	94.67	75.49	19.18	
NODE_2_length_829368_cov_21.399   	10	734898 	734822 	Asp	GTC	0	0	94.67	75.49	19.18	
NODE_2_length_829368_cov_21.399   	11	430111 	430036 	Glu	TTC	0	0	66.40	38.20	28.20	
NODE_2_length_829368_cov_21.399   	12	430033 	429958 	Gly	GCC	0	0	93.74	68.41	25.33	
NODE_2_length_829368_cov_21.399   	13	429873 	429798 	Gly	GCC	0	0	93.74	68.41	25.33	
NODE_2_length_829368_cov_21.399   	14	383466 	383390 	Val	GAC	0	0	93.19	67.81	25.38	
NODE_2_length_829368_cov_21.399   	15	349325 	349249 	Pro	GGG	0	0	74.89	48.01	26.88	
NODE_2_length_829368_cov_21.399   	16	197867 	197778 	Ser	TGA	0	0	72.70	38.95	33.75	
NODE_2_length_829368_cov_21.399   	17	173490 	173415 	Gly	GCC	0	0	93.74	68.41	25.33	
NODE_2_length_829368_cov_21.399   	18	168867 	168794 	Cys	GCA	0	0	62.38	45.73	16.65	
NODE_2_length_829368_cov_21.399   	19	99964  	99878  	Leu	TAA	0	0	76.64	42.32	34.32	
NODE_3_length_768782_cov_20.8565  	1	651683 	651774 	SeC	TCA	0	0	55.75	-18.51	74.26	
NODE_3_length_768782_cov_20.8565  	2	705974 	706059 	Leu	GAG	0	0	68.53	39.16	29.37	
NODE_3_length_768782_cov_20.8565  	3	706150 	706226 	Met	CAT	0	0	85.85	60.06	25.79	
NODE_3_length_768782_cov_20.8565  	4	498184 	498098 	Leu	CAG	0	0	73.96	38.54	35.42	
NODE_3_length_768782_cov_20.8565  	5	497968 	497882 	Leu	CAG	0	0	73.96	38.54	35.42	
NODE_3_length_768782_cov_20.8565  	6	241244 	241169 	Phe	GAA	0	0	92.69	68.52	24.17	
NODE_3_length_768782_cov_20.8565  	7	229834 	229759 	Thr	TGT	0	0	93.66	75.64	18.02	
NODE_4_length_582424_cov_20.7592  	1	216843 	216757 	Leu	CAA	0	0	69.99	38.33	31.66	
NODE_5_length_491656_cov_21.0379  	1	457019 	456943 	Arg	CCG	0	0	87.81	66.55	21.26	
NODE_6_length_412841_cov_21.0989  	1	156755 	156830 	Asn	GTT	0	0	91.73	62.08	29.65	
NODE_6_length_412841_cov_21.0989  	2	156840 	156916 	Pro	TGG	0	0	87.63	64.60	23.03	
NODE_6_length_412841_cov_21.0989  	3	156927 	157002 	Lys	TTT	0	0	95.07	71.82	23.25	
NODE_6_length_412841_cov_21.0989  	4	176325 	176400 	Thr	CGT	0	0	90.98	74.93	16.05	
NODE_6_length_412841_cov_21.0989  	5	112845 	112772 	Arg	ACG	0	0	52.72	27.21	25.51	
NODE_6_length_412841_cov_21.0989  	6	6845   	6771   	Gln	TTG	0	0	66.82	40.36	26.46	
NODE_6_length_412841_cov_21.0989  	7	3096   	3020   	Met	CAT	0	0	87.19	64.42	22.77	
NODE_7_length_385666_cov_20.899   	1	294450 	294374 	Met	CAT	0	0	92.87	71.40	21.47	
NODE_11_length_122489_cov_20.4045 	1	2786   	2710   	Arg	CCT	0	0	83.71	58.51	25.20	
NODE_12_length_110071_cov_21.0788 	1	35997  	36072  	Val	TAC	0	0	94.49	73.68	20.81	
NODE_12_length_110071_cov_21.0788 	2	36089  	36165  	Asp	GTC	0	0	94.67	75.49	19.18	
NODE_17_length_68783_cov_21.5043  	1	65922  	65838  	Tyr	GTA	0	0	71.07	41.76	29.31	
NODE_17_length_68783_cov_21.5043  	2	65811  	65738  	Gly	TCC	0	0	82.75	60.87	21.88	
NODE_17_length_68783_cov_21.5043  	3	65718  	65643  	Thr	GGT	0	0	93.76	67.73	26.03	
NODE_17_length_68783_cov_21.5043  	4	64309  	64234  	Trp	CCA	0	0	86.73	63.05	23.68	
NODE_30_length_5526_cov_92.5514   	1	2000   	2076   	Ile	GAT	0	0	98.83	72.69	26.14	
NODE_30_length_5526_cov_92.5514   	2	2105   	2180   	Ala	TGC	0	0	90.68	71.56	19.12	
