Sequence                         		tRNA  	Bounds	tRNA	Anti	Intron Bounds	Cove	HMM	2'Str	      
Name                             	tRNA #	Begin 	End   	Type	Codon	Begin	End	Score	Score	Score	Note
--------                         	------	----- 	------	----	-----	-----	----	------	-----	-----	------
NODE_1_length_579683_cov_16.4024 	1	217959	218048	Ser	GGA	0	0	71.75	34.38	37.37	
NODE_1_length_579683_cov_16.4024 	2	406752	406828	Pro	CGG	0	0	88.20	60.26	27.94	
NODE_1_length_579683_cov_16.4024 	3	536635	536710	Asn	GTT	0	0	91.73	62.08	29.65	
NODE_1_length_579683_cov_16.4024 	4	527836	527761	Ala	GGC	0	0	86.95	68.86	18.09	
NODE_1_length_579683_cov_16.4024 	5	527712	527637	Glu	TTC	0	0	66.40	38.20	28.20	
NODE_1_length_579683_cov_16.4024 	6	527543	527468	Ala	GGC	0	0	86.95	68.86	18.09	
NODE_1_length_579683_cov_16.4024 	7	527421	527346	Glu	TTC	0	0	66.40	38.20	28.20	
NODE_1_length_579683_cov_16.4024 	8	488444	488369	Val	TAC	0	0	94.49	73.68	20.81	
NODE_1_length_579683_cov_16.4024 	9	488352	488276	Asp	GTC	0	0	94.67	75.49	19.18	
NODE_1_length_579683_cov_16.4024 	10	488161	488085	Asp	GTC	0	0	94.67	75.49	19.18	
NODE_1_length_579683_cov_16.4024 	11	185464	185389	Glu	TTC	0	0	66.40	38.20	28.20	
NODE_1_length_579683_cov_16.4024 	12	185386	185311	Gly	GCC	0	0	93.74	68.41	25.33	
NODE_1_length_579683_cov_16.4024 	13	185226	185151	Gly	GCC	0	0	93.74	68.41	25.33	
NODE_1_length_579683_cov_16.4024 	14	44945 	44869 	Val	GAC	0	0	93.19	67.81	25.38	
NODE_2_length_468282_cov_16.8721 	1	282952	283038	Leu	CAG	0	0	73.96	38.54	35.42	
NODE_2_length_468282_cov_16.8721 	2	283168	283254	Leu	CAG	0	0	73.96	38.54	35.42	
NODE_2_length_468282_cov_16.8721 	3	126671	126580	SeC	TCA	0	0	55.75	-18.51	74.26	
NODE_2_length_468282_cov_16.8721 	4	62979 	62894 	Leu	GAG	0	0	68.53	39.16	29.37	
NODE_2_length_468282_cov_16.8721 	5	62803 	62727 	Met	CAT	0	0	85.85	60.06	25.79	
NODE_3_length_466304_cov_16.32   	1	337413	337486	Arg	ACG	0	0	52.72	27.21	25.51	
NODE_3_length_466304_cov_16.32   	2	444072	444146	Gln	TTG	0	0	66.82	40.36	26.46	
NODE_3_length_466304_cov_16.32   	3	447820	447896	Met	CAT	0	0	87.19	64.42	22.77	
NODE_3_length_466304_cov_16.32   	4	293497	293422	Asn	GTT	0	0	91.73	62.08	29.65	
NODE_3_length_466304_cov_16.32   	5	293412	293336	Pro	TGG	0	0	87.63	64.60	23.03	
NODE_3_length_466304_cov_16.32   	6	293325	293250	Lys	TTT	0	0	95.07	71.82	23.25	
NODE_3_length_466304_cov_16.32   	7	275266	275191	Thr	CGT	0	0	90.98	74.93	16.05	
NODE_4_length_416273_cov_16.3214 	1	214743	214657	Leu	CAA	0	0	69.99	38.33	31.66	
NODE_5_length_358670_cov_17.1068 	1	234180	234270	Ser	GCT	0	0	76.69	47.10	29.59	
NODE_5_length_358670_cov_17.1068 	2	234388	234464	Arg	ACG	0	0	83.50	58.05	25.45	
NODE_5_length_358670_cov_17.1068 	3	234576	234652	Arg	ACG	0	0	83.50	58.05	25.45	
NODE_5_length_358670_cov_17.1068 	4	303327	303402	Lys	TTT	0	0	95.07	71.82	23.25	
NODE_5_length_358670_cov_17.1068 	5	250762	250686	Met	CAT	0	0	85.06	58.55	26.51	
NODE_5_length_358670_cov_17.1068 	6	144498	144426	Leu	GAG	0	0	20.84	19.28	1.56	
NODE_5_length_358670_cov_17.1068 	7	632   	559   	Gly	CCC	0	0	60.35	30.06	30.29	
NODE_6_length_323573_cov_16.3501 	1	153999	154088	Ser	TGA	0	0	71.92	37.80	34.12	
NODE_6_length_323573_cov_16.3501 	2	178379	178454	Gly	GCC	0	0	93.74	68.41	25.33	
NODE_6_length_323573_cov_16.3501 	3	184772	184845	Cys	GCA	0	0	62.38	45.73	16.65	
NODE_6_length_323573_cov_16.3501 	4	197397	197483	Leu	TAA	0	0	76.64	42.32	34.32	
NODE_8_length_269277_cov_15.6189 	1	124776	124700	Arg	TCT	0	0	96.39	77.88	18.51	
NODE_8_length_269277_cov_15.6189 	2	124648	124573	His	GTG	0	0	83.51	64.18	19.33	
NODE_8_length_269277_cov_15.6189 	3	124518	124434	Leu	TAG	0	0	76.62	44.97	31.65	
NODE_8_length_269277_cov_15.6189 	4	124367	124292	His	GTG	0	0	83.51	64.18	19.33	
NODE_8_length_269277_cov_15.6189 	5	113014	112938	Asp	GTC	0	0	95.34	76.86	18.48	
NODE_10_length_206734_cov_16.9382	1	154210	154121	Ser	CGA	0	0	68.31	24.88	43.43	
NODE_17_length_141687_cov_16.4351	1	58185 	58109 	Met	CAT	0	0	94.25	81.17	13.08	
NODE_20_length_121992_cov_16.1842	1	2301  	2225  	Arg	CCT	0	0	83.71	58.51	25.20	
NODE_21_length_114848_cov_16.5341	1	78889 	78814 	Val	TAC	0	0	94.49	73.68	20.81	
NODE_21_length_114848_cov_16.5341	2	78797 	78721 	Asp	GTC	0	0	94.67	75.49	19.18	
NODE_25_length_76775_cov_17.756  	1	71877 	71952 	Phe	GAA	0	0	92.69	68.52	24.17	
NODE_27_length_71108_cov_19.9432 	1	34747 	34823 	Arg	CCG	0	0	87.89	66.77	21.12	
NODE_40_length_34309_cov_17.5568 	1	14928 	14852 	Pro	GGG	0	0	74.89	48.01	26.88	
NODE_42_length_32051_cov_17.0698 	1	1220  	1295  	Trp	CCA	0	0	86.73	63.05	23.68	
NODE_44_length_22289_cov_19.237  	1	667   	592   	Thr	TGT	0	0	93.66	75.64	18.02	
NODE_61_length_5405_cov_78.3128  	1	1829  	1905  	Ile	GAT	0	0	98.83	72.69	26.14	
NODE_61_length_5405_cov_78.3128  	2	1934  	2009  	Ala	TGC	0	0	90.68	71.56	19.12	
NODE_70_length_3329_cov_15.7339  	1	2809  	2893  	Tyr	GTA	0	0	71.07	41.76	29.31	
NODE_70_length_3329_cov_15.7339  	2	2920  	2993  	Gly	TCC	0	0	82.75	60.87	21.88	
NODE_70_length_3329_cov_15.7339  	3	3013  	3088  	Thr	GGT	0	0	93.76	67.73	26.03	
