Sequence                         		tRNA  	Bounds	tRNA	Anti	Intron Bounds	Cove	HMM	2'Str	      
Name                             	tRNA #	Begin 	End   	Type	Codon	Begin	End	Score	Score	Score	Note
--------                         	------	----- 	------	----	-----	-----	----	------	-----	-----	------
NODE_1_length_863805_cov_25.8076 	1	629411	629497	Leu	CAA	0	0	69.99	38.33	31.66	
NODE_1_length_863805_cov_25.8076 	2	124327	124251	Arg	CCT	0	0	83.71	58.51	25.20	
NODE_2_length_755440_cov_25.8747 	1	268241	268327	Leu	CAG	0	0	73.96	38.54	35.42	
NODE_2_length_755440_cov_25.8747 	2	268457	268543	Leu	CAG	0	0	73.96	38.54	35.42	
NODE_2_length_755440_cov_25.8747 	3	522226	522301	Phe	GAA	0	0	92.69	68.52	24.17	
NODE_2_length_755440_cov_25.8747 	4	533634	533709	Thr	TGT	0	0	95.98	77.96	18.02	
NODE_2_length_755440_cov_25.8747 	5	117893	117802	SeC	TCA	0	0	55.75	-18.51	74.26	
NODE_2_length_755440_cov_25.8747 	6	62835 	62750 	Leu	GAG	0	0	68.53	39.16	29.37	
NODE_2_length_755440_cov_25.8747 	7	62659 	62583 	Met	CAT	0	0	85.85	60.06	25.79	
NODE_3_length_448949_cov_28.0591 	1	86415 	86504 	Ser	GGA	0	0	71.75	34.38	37.37	
NODE_3_length_448949_cov_28.0591 	2	270242	270318	Pro	CGG	0	0	88.20	60.26	27.94	
NODE_3_length_448949_cov_28.0591 	3	400110	400185	Asn	GTT	0	0	91.73	62.08	29.65	
NODE_3_length_448949_cov_28.0591 	4	391311	391236	Ala	GGC	0	0	86.95	68.86	18.09	
NODE_3_length_448949_cov_28.0591 	5	391187	391112	Glu	TTC	0	0	66.40	38.20	28.20	
NODE_3_length_448949_cov_28.0591 	6	391018	390943	Ala	GGC	0	0	86.95	68.86	18.09	
NODE_3_length_448949_cov_28.0591 	7	390896	390821	Glu	TTC	0	0	66.40	38.20	28.20	
NODE_3_length_448949_cov_28.0591 	8	351915	351840	Val	TAC	0	0	94.49	73.68	20.81	
NODE_3_length_448949_cov_28.0591 	9	351823	351747	Asp	GTC	0	0	94.67	75.49	19.18	
NODE_3_length_448949_cov_28.0591 	10	351632	351556	Asp	GTC	0	0	94.67	75.49	19.18	
NODE_3_length_448949_cov_28.0591 	11	54677 	54602 	Glu	TTC	0	0	66.40	38.20	28.20	
NODE_3_length_448949_cov_28.0591 	12	54599 	54524 	Gly	GCC	0	0	93.74	68.41	25.33	
NODE_3_length_448949_cov_28.0591 	13	54439 	54364 	Gly	GCC	0	0	93.74	68.41	25.33	
NODE_5_length_387243_cov_30.1038 	1	131605	131529	Arg	TCT	0	0	96.39	77.88	18.51	
NODE_5_length_387243_cov_30.1038 	2	131477	131402	His	GTG	0	0	83.51	64.18	19.33	
NODE_5_length_387243_cov_30.1038 	3	131347	131263	Leu	TAG	0	0	76.62	44.97	31.65	
NODE_5_length_387243_cov_30.1038 	4	131196	131121	His	GTG	0	0	83.51	64.18	19.33	
NODE_5_length_387243_cov_30.1038 	5	119840	119764	Asp	GTC	0	0	95.34	76.86	18.48	
NODE_6_length_303707_cov_30.8179 	1	83486 	83562 	Met	CAT	0	0	85.06	58.55	26.51	
NODE_6_length_303707_cov_30.8179 	2	200481	200553	Leu	GAG	0	0	20.84	19.28	1.56	
NODE_6_length_303707_cov_30.8179 	3	302164	302237	Gly	CCC	0	0	60.35	30.06	30.29	
NODE_6_length_303707_cov_30.8179 	4	110832	110742	Ser	GCT	0	0	76.69	47.10	29.59	
NODE_6_length_303707_cov_30.8179 	5	110624	110548	Arg	ACG	0	0	83.50	58.05	25.45	
NODE_6_length_303707_cov_30.8179 	6	110436	110360	Arg	ACG	0	0	83.50	58.05	25.45	
NODE_6_length_303707_cov_30.8179 	7	30985 	30910 	Lys	TTT	0	0	95.07	71.82	23.25	
NODE_6_length_303707_cov_30.8179 	8	262   	173   	Ser	CGA	0	0	68.31	24.88	43.43	
NODE_8_length_268184_cov_34.588  	1	17704 	17780 	Val	GAC	0	0	93.19	67.81	25.38	
NODE_8_length_268184_cov_34.588  	2	51023 	51099 	Pro	GGG	0	0	74.89	48.01	26.88	
NODE_8_length_268184_cov_34.588  	3	206824	206913	Ser	TGA	0	0	72.70	38.95	33.75	
NODE_8_length_268184_cov_34.588  	4	262944	263019	Gly	GCC	0	0	93.74	68.41	25.33	
NODE_12_length_182587_cov_25.9579	1	182079	182154	Asn	GTT	0	0	91.73	62.08	29.65	
NODE_12_length_182587_cov_25.9579	2	182164	182240	Pro	TGG	0	0	87.63	64.60	23.03	
NODE_12_length_182587_cov_25.9579	3	182251	182326	Lys	TTT	0	0	95.07	71.82	23.25	
NODE_12_length_182587_cov_25.9579	4	138183	138110	Arg	ACG	0	0	52.72	27.21	25.51	
NODE_12_length_182587_cov_25.9579	5	26498 	26424 	Gln	TTG	0	0	66.82	40.36	26.46	
NODE_12_length_182587_cov_25.9579	6	22750 	22674 	Met	CAT	0	0	87.19	64.42	22.77	
NODE_16_length_124535_cov_37.4828	1	113557	113471	Leu	TAA	0	0	76.64	42.32	34.32	
NODE_18_length_106174_cov_36.1564	1	1897  	1824  	Cys	GCA	0	0	62.38	45.73	16.65	
NODE_21_length_89493_cov_27.2662 	1	72858 	72783 	Thr	CGT	0	0	90.98	74.93	16.05	
NODE_23_length_78969_cov_23.003  	1	1774  	1698  	Met	CAT	0	0	92.87	71.40	21.47	
NODE_24_length_77722_cov_27.924  	1	74570 	74495 	Val	TAC	0	0	94.49	73.68	20.81	
NODE_24_length_77722_cov_27.924  	2	74478 	74402 	Asp	GTC	0	0	94.67	75.49	19.18	
NODE_25_length_65672_cov_24.3982 	1	1220  	1295  	Trp	CCA	0	0	86.73	63.05	23.68	
NODE_33_length_35618_cov_31.2352 	1	983   	907   	Arg	CCG	0	0	87.81	66.55	21.26	
NODE_45_length_5591_cov_100.562  	1	1978  	2054  	Ile	GAT	0	0	98.83	72.69	26.14	
NODE_45_length_5591_cov_100.562  	2	2083  	2158  	Ala	TGC	0	0	90.68	71.56	19.12	
NODE_49_length_3292_cov_25.2019  	1	2772  	2856  	Tyr	GTA	0	0	71.07	41.76	29.31	
NODE_49_length_3292_cov_25.2019  	2	2883  	2956  	Gly	TCC	0	0	82.75	60.87	21.88	
NODE_49_length_3292_cov_25.2019  	3	2976  	3051  	Thr	GGT	0	0	93.76	67.73	26.03	
NODE_83_length_564_cov_0.76659   	1	409   	334   	Met	CAT	0	0	79.64	58.52	21.12	
NODE_83_length_564_cov_0.76659   	2	253   	180   	Arg	TCT	0	0	64.89	45.01	19.88	
NODE_97_length_542_cov_0.773494  	1	392   	308   	Leu	CAA	0	0	79.12	47.24	31.88	
