Sequence                         		tRNA  	Bounds	tRNA	Anti	Intron Bounds	Cove	HMM	2'Str	      
Name                             	tRNA #	Begin 	End   	Type	Codon	Begin	End	Score	Score	Score	Note
--------                         	------	----- 	------	----	-----	-----	----	------	-----	-----	------
NODE_1_length_871362_cov_34.0104 	1	504738	504827	Ser	GGA	0	0	71.75	34.38	37.37	
NODE_1_length_871362_cov_34.0104 	2	693525	693601	Pro	CGG	0	0	88.20	60.26	27.94	
NODE_1_length_871362_cov_34.0104 	3	822342	822417	Asn	GTT	0	0	91.73	62.08	29.65	
NODE_1_length_871362_cov_34.0104 	4	813544	813469	Ala	GGC	0	0	86.95	68.86	18.09	
NODE_1_length_871362_cov_34.0104 	5	813420	813345	Glu	TTC	0	0	66.40	38.20	28.20	
NODE_1_length_871362_cov_34.0104 	6	813251	813176	Ala	GGC	0	0	86.95	68.86	18.09	
NODE_1_length_871362_cov_34.0104 	7	813129	813054	Glu	TTC	0	0	66.40	38.20	28.20	
NODE_1_length_871362_cov_34.0104 	8	774145	774070	Val	TAC	0	0	94.49	73.68	20.81	
NODE_1_length_871362_cov_34.0104 	9	774053	773977	Asp	GTC	0	0	94.67	75.49	19.18	
NODE_1_length_871362_cov_34.0104 	10	773862	773786	Asp	GTC	0	0	94.67	75.49	19.18	
NODE_1_length_871362_cov_34.0104 	11	472243	472168	Glu	TTC	0	0	66.40	38.20	28.20	
NODE_1_length_871362_cov_34.0104 	12	472165	472090	Gly	GCC	0	0	93.74	68.41	25.33	
NODE_1_length_871362_cov_34.0104 	13	472005	471930	Gly	GCC	0	0	93.74	68.41	25.33	
NODE_1_length_871362_cov_34.0104 	14	423344	423268	Val	GAC	0	0	93.19	67.81	25.38	
NODE_1_length_871362_cov_34.0104 	15	389202	389126	Pro	GGG	0	0	74.89	48.01	26.88	
NODE_1_length_871362_cov_34.0104 	16	235354	235265	Ser	TGA	0	0	72.70	38.95	33.75	
NODE_1_length_871362_cov_34.0104 	17	210974	210899	Gly	GCC	0	0	93.74	68.41	25.33	
NODE_1_length_871362_cov_34.0104 	18	206352	206279	Cys	GCA	0	0	62.38	45.73	16.65	
NODE_1_length_871362_cov_34.0104 	19	193728	193642	Leu	TAA	0	0	76.64	42.32	34.32	
NODE_2_length_768868_cov_31.1334 	1	651919	652010	SeC	TCA	0	0	55.75	-18.51	74.26	
NODE_2_length_768868_cov_31.1334 	2	706008	706093	Leu	GAG	0	0	68.53	39.16	29.37	
NODE_2_length_768868_cov_31.1334 	3	706184	706260	Met	CAT	0	0	85.85	60.06	25.79	
NODE_2_length_768868_cov_31.1334 	4	498114	498028	Leu	CAG	0	0	73.96	38.54	35.42	
NODE_2_length_768868_cov_31.1334 	5	497898	497812	Leu	CAG	0	0	73.96	38.54	35.42	
NODE_2_length_768868_cov_31.1334 	6	241177	241102	Phe	GAA	0	0	92.69	68.52	24.17	
NODE_2_length_768868_cov_31.1334 	7	229767	229692	Thr	TGT	0	0	93.66	75.64	18.02	
NODE_3_length_659126_cov_34.3449 	1	382518	382594	Met	CAT	0	0	85.06	58.55	26.51	
NODE_3_length_659126_cov_34.3449 	2	488730	488802	Leu	GAG	0	0	20.84	19.28	1.56	
NODE_3_length_659126_cov_34.3449 	3	591171	591244	Gly	CCC	0	0	60.35	30.06	30.29	
NODE_3_length_659126_cov_34.3449 	4	399062	398972	Ser	GCT	0	0	76.69	47.10	29.59	
NODE_3_length_659126_cov_34.3449 	5	398854	398778	Arg	ACG	0	0	83.50	58.05	25.45	
NODE_3_length_659126_cov_34.3449 	6	398666	398590	Arg	ACG	0	0	83.50	58.05	25.45	
NODE_3_length_659126_cov_34.3449 	7	329965	329890	Lys	TTT	0	0	95.07	71.82	23.25	
NODE_3_length_659126_cov_34.3449 	8	209550	209461	Ser	CGA	0	0	68.31	24.88	43.43	
NODE_4_length_493333_cov_30.2508 	1	274468	274554	Leu	CAA	0	0	69.99	38.33	31.66	
NODE_6_length_432378_cov_31.6079 	1	226649	226725	Arg	CCT	0	0	83.71	58.51	25.20	
NODE_6_length_432378_cov_31.6079 	2	354488	354563	Val	TAC	0	0	94.49	73.68	20.81	
NODE_6_length_432378_cov_31.6079 	3	354580	354656	Asp	GTC	0	0	94.67	75.49	19.18	
NODE_7_length_426628_cov_34.9451 	1	302636	302712	Arg	TCT	0	0	96.39	77.88	18.51	
NODE_7_length_426628_cov_34.9451 	2	302764	302839	His	GTG	0	0	83.51	64.18	19.33	
NODE_7_length_426628_cov_34.9451 	3	302894	302978	Leu	TAG	0	0	76.62	44.97	31.65	
NODE_7_length_426628_cov_34.9451 	4	303045	303120	His	GTG	0	0	83.51	64.18	19.33	
NODE_7_length_426628_cov_34.9451 	5	314399	314475	Asp	GTC	0	0	95.34	76.86	18.48	
NODE_8_length_408085_cov_30.3805 	1	157126	157201	Asn	GTT	0	0	91.73	62.08	29.65	
NODE_8_length_408085_cov_30.3805 	2	157211	157287	Pro	TGG	0	0	87.63	64.60	23.03	
NODE_8_length_408085_cov_30.3805 	3	157298	157373	Lys	TTT	0	0	95.07	71.82	23.25	
NODE_8_length_408085_cov_30.3805 	4	175918	175993	Thr	CGT	0	0	90.98	74.93	16.05	
NODE_8_length_408085_cov_30.3805 	5	113219	113146	Arg	ACG	0	0	52.72	27.21	25.51	
NODE_8_length_408085_cov_30.3805 	6	6974  	6900  	Gln	TTG	0	0	66.82	40.36	26.46	
NODE_8_length_408085_cov_30.3805 	7	3226  	3150  	Met	CAT	0	0	87.19	64.42	22.77	
NODE_9_length_372140_cov_29.2675 	1	77888 	77964 	Met	CAT	0	0	92.87	71.40	21.47	
NODE_16_length_65469_cov_29.9683 	1	64250 	64175 	Trp	CCA	0	0	86.73	63.05	23.68	
NODE_20_length_35963_cov_32.4422 	1	1332  	1256  	Arg	CCG	0	0	87.81	66.55	21.26	
NODE_22_length_5543_cov_133.728  	1	1954  	2030  	Ile	GAT	0	0	98.83	72.69	26.14	
NODE_22_length_5543_cov_133.728  	2	2059  	2134  	Ala	TGC	0	0	90.68	71.56	19.12	
NODE_27_length_3319_cov_27.5078  	1	521   	437   	Tyr	GTA	0	0	71.07	41.76	29.31	
NODE_27_length_3319_cov_27.5078  	2	410   	337   	Gly	TCC	0	0	82.75	60.87	21.88	
NODE_27_length_3319_cov_27.5078  	3	317   	242   	Thr	GGT	0	0	93.76	67.73	26.03	
