Sequence                        		tRNA  	Bounds	tRNA	Anti	Intron Bounds	Cove	HMM	2'Str	      
Name                            	tRNA #	Begin 	End   	Type	Codon	Begin	End	Score	Score	Score	Note
--------                        	------	----- 	------	----	-----	-----	----	------	-----	-----	------
NODE_1_length_803718_cov_23.222 	1	746600	746676	Met	CAT	0	0	85.06	58.55	26.51	
NODE_1_length_803718_cov_23.222 	2	763148	763058	Ser	GCT	0	0	76.69	47.10	29.59	
NODE_1_length_803718_cov_23.222 	3	762940	762864	Arg	ACG	0	0	83.50	58.05	25.45	
NODE_1_length_803718_cov_23.222 	4	762752	762676	Arg	ACG	0	0	83.50	58.05	25.45	
NODE_1_length_803718_cov_23.222 	5	694046	693971	Lys	TTT	0	0	95.07	71.82	23.25	
NODE_1_length_803718_cov_23.222 	6	585125	585036	Ser	CGA	0	0	68.31	24.88	43.43	
NODE_2_length_770691_cov_22.6678	1	653807	653898	SeC	TCA	0	0	55.75	-18.51	74.26	
NODE_2_length_770691_cov_22.6678	2	707643	707728	Leu	GAG	0	0	68.53	39.16	29.37	
NODE_2_length_770691_cov_22.6678	3	707819	707895	Met	CAT	0	0	85.85	60.06	25.79	
NODE_2_length_770691_cov_22.6678	4	498199	498113	Leu	CAG	0	0	73.96	38.54	35.42	
NODE_2_length_770691_cov_22.6678	5	497983	497897	Leu	CAG	0	0	73.96	38.54	35.42	
NODE_2_length_770691_cov_22.6678	6	242124	242049	Phe	GAA	0	0	92.69	68.52	24.17	
NODE_2_length_770691_cov_22.6678	7	230714	230639	Thr	TGT	0	0	93.66	75.64	18.02	
NODE_3_length_473285_cov_22.6058	1	112011	112100	Ser	GGA	0	0	71.75	34.38	37.37	
NODE_3_length_473285_cov_22.6058	2	300789	300865	Pro	CGG	0	0	88.20	60.26	27.94	
NODE_3_length_473285_cov_22.6058	3	430689	430764	Asn	GTT	0	0	91.73	62.08	29.65	
NODE_3_length_473285_cov_22.6058	4	421890	421815	Ala	GGC	0	0	86.95	68.86	18.09	
NODE_3_length_473285_cov_22.6058	5	421766	421691	Glu	TTC	0	0	66.40	38.20	28.20	
NODE_3_length_473285_cov_22.6058	6	421597	421522	Ala	GGC	0	0	86.95	68.86	18.09	
NODE_3_length_473285_cov_22.6058	7	421475	421400	Glu	TTC	0	0	66.40	38.20	28.20	
NODE_3_length_473285_cov_22.6058	8	382477	382402	Val	TAC	0	0	94.49	73.68	20.81	
NODE_3_length_473285_cov_22.6058	9	382385	382309	Asp	GTC	0	0	94.67	75.49	19.18	
NODE_3_length_473285_cov_22.6058	10	382194	382118	Asp	GTC	0	0	94.67	75.49	19.18	
NODE_3_length_473285_cov_22.6058	11	79514 	79439 	Glu	TTC	0	0	66.40	38.20	28.20	
NODE_3_length_473285_cov_22.6058	12	79436 	79361 	Gly	GCC	0	0	93.74	68.41	25.33	
NODE_3_length_473285_cov_22.6058	13	79276 	79201 	Gly	GCC	0	0	93.74	68.41	25.33	
NODE_3_length_473285_cov_22.6058	14	35517 	35441 	Val	GAC	0	0	93.19	67.81	25.38	
NODE_3_length_473285_cov_22.6058	15	1377  	1301  	Pro	GGG	0	0	74.89	48.01	26.88	
NODE_4_length_429812_cov_22.0622	1	215209	215295	Leu	CAA	0	0	69.99	38.33	31.66	
NODE_5_length_374792_cov_22.1528	1	251922	251998	Arg	TCT	0	0	96.39	77.88	18.51	
NODE_5_length_374792_cov_22.1528	2	252050	252125	His	GTG	0	0	83.51	64.18	19.33	
NODE_5_length_374792_cov_22.1528	3	252180	252264	Leu	TAG	0	0	76.62	44.97	31.65	
NODE_5_length_374792_cov_22.1528	4	252331	252406	His	GTG	0	0	83.51	64.18	19.33	
NODE_5_length_374792_cov_22.1528	5	263690	263766	Asp	GTC	0	0	95.34	76.86	18.48	
NODE_6_length_330764_cov_22.5756	1	273066	273139	Arg	ACG	0	0	52.72	27.21	25.51	
NODE_6_length_330764_cov_22.5756	2	229156	229081	Asn	GTT	0	0	91.73	62.08	29.65	
NODE_6_length_330764_cov_22.5756	3	229071	228995	Pro	TGG	0	0	87.63	64.60	23.03	
NODE_6_length_330764_cov_22.5756	4	228984	228909	Lys	TTT	0	0	95.07	71.82	23.25	
NODE_6_length_330764_cov_22.5756	5	211029	210954	Thr	CGT	0	0	90.98	74.93	16.05	
NODE_7_length_321301_cov_22.3277	1	169024	168935	Ser	TGA	0	0	72.70	38.95	33.75	
NODE_7_length_321301_cov_22.3277	2	144647	144572	Gly	GCC	0	0	93.74	68.41	25.33	
NODE_7_length_321301_cov_22.3277	3	138242	138169	Cys	GCA	0	0	62.38	45.73	16.65	
NODE_7_length_321301_cov_22.3277	4	125619	125533	Leu	TAA	0	0	76.64	42.32	34.32	
NODE_8_length_256947_cov_23.1966	1	34365 	34441 	Arg	CCG	0	0	87.81	66.55	21.26	
NODE_12_length_203329_cov_22.2354	1	129383	129458	Val	TAC	0	0	94.49	73.68	20.81	
NODE_12_length_203329_cov_22.2354	2	129475	129551	Asp	GTC	0	0	94.67	75.49	19.18	
NODE_13_length_187517_cov_23.3379	1	67953 	68026 	Gly	CCC	0	0	60.35	30.06	30.29	
NODE_15_length_136350_cov_21.63 	1	77572 	77648 	Met	CAT	0	0	92.87	71.40	21.47	
NODE_18_length_96667_cov_21.3541	1	2754  	2678  	Arg	CCT	0	0	83.71	58.51	25.20	
NODE_20_length_92482_cov_23.2116	1	49084 	49158 	Gln	TTG	0	0	66.82	40.36	26.46	
NODE_20_length_92482_cov_23.2116	2	73992 	74068 	Met	CAT	0	0	87.19	64.42	22.77	
NODE_23_length_85580_cov_22.4182	1	49354 	49426 	Leu	GAG	0	0	20.84	19.28	1.56	
NODE_24_length_65528_cov_21.4196	1	64309 	64234 	Trp	CCA	0	0	86.73	63.05	23.68	
NODE_42_length_5344_cov_103.413 	1	1757  	1833  	Ile	GAT	0	0	98.83	72.69	26.14	
NODE_42_length_5344_cov_103.413 	2	1862  	1937  	Ala	TGC	0	0	90.68	71.56	19.12	
NODE_44_length_3319_cov_23.1958 	1	521   	437   	Tyr	GTA	0	0	71.07	41.76	29.31	
NODE_44_length_3319_cov_23.1958 	2	410   	337   	Gly	TCC	0	0	82.75	60.87	21.88	
NODE_44_length_3319_cov_23.1958 	3	317   	242   	Thr	GGT	0	0	93.76	67.73	26.03	
