Sequence                       		tRNA  	Bounds	tRNA	Anti	Intron Bounds	Cove	HMM	2'Str	      
Name                           	tRNA #	Begin 	End   	Type	Codon	Begin	End	Score	Score	Score	Note
--------                       	------	----- 	------	----	-----	-----	----	------	-----	-----	------
NODE_1_length_595186_cov_21.23 	1	237131	237220	Ser	GGA	0	0	71.75	34.38	37.37	
NODE_1_length_595186_cov_21.23 	2	425931	426007	Pro	CGG	0	0	88.20	60.26	27.94	
NODE_1_length_595186_cov_21.23 	3	552596	552671	Asn	GTT	0	0	91.73	62.08	29.65	
NODE_1_length_595186_cov_21.23 	4	543797	543722	Ala	GGC	0	0	86.95	68.86	18.09	
NODE_1_length_595186_cov_21.23 	5	543673	543598	Glu	TTC	0	0	66.40	38.20	28.20	
NODE_1_length_595186_cov_21.23 	6	543504	543429	Ala	GGC	0	0	86.95	68.86	18.09	
NODE_1_length_595186_cov_21.23 	7	543382	543307	Glu	TTC	0	0	66.40	38.20	28.20	
NODE_1_length_595186_cov_21.23 	8	504394	504319	Val	TAC	0	0	94.49	73.68	20.81	
NODE_1_length_595186_cov_21.23 	9	504302	504226	Asp	GTC	0	0	94.67	75.49	19.18	
NODE_1_length_595186_cov_21.23 	10	504111	504035	Asp	GTC	0	0	94.67	75.49	19.18	
NODE_1_length_595186_cov_21.23 	11	204632	204557	Glu	TTC	0	0	66.40	38.20	28.20	
NODE_1_length_595186_cov_21.23 	12	204554	204479	Gly	GCC	0	0	93.74	68.41	25.33	
NODE_1_length_595186_cov_21.23 	13	82687 	82612 	Gly	GCC	0	0	93.74	68.41	25.33	
NODE_1_length_595186_cov_21.23 	14	35441 	35365 	Val	GAC	0	0	93.19	67.81	25.38	
NODE_1_length_595186_cov_21.23 	15	1596  	1520  	Pro	GGG	0	0	74.89	48.01	26.88	
NODE_2_length_433032_cov_19.6197	1	308270	308346	Arg	TCT	0	0	96.39	77.88	18.51	
NODE_2_length_433032_cov_19.6197	2	308398	308473	His	GTG	0	0	83.51	64.18	19.33	
NODE_2_length_433032_cov_19.6197	3	308528	308612	Leu	TAG	0	0	76.62	44.97	31.65	
NODE_2_length_433032_cov_19.6197	4	308679	308754	His	GTG	0	0	83.51	64.18	19.33	
NODE_2_length_433032_cov_19.6197	5	320032	320108	Asp	GTC	0	0	95.34	76.86	18.48	
NODE_3_length_412221_cov_32.5653	1	102803	102889	Leu	CAG	0	0	73.96	38.54	35.42	
NODE_3_length_412221_cov_32.5653	2	103019	103105	Leu	CAG	0	0	73.96	38.54	35.42	
NODE_3_length_412221_cov_32.5653	3	359743	359818	Phe	GAA	0	0	92.69	68.52	24.17	
NODE_3_length_412221_cov_32.5653	4	371148	371223	Thr	TGT	0	0	93.66	75.64	18.02	
NODE_4_length_400517_cov_32.9966	1	80283 	80359 	Met	CAT	0	0	92.87	71.40	21.47	
NODE_4_length_400517_cov_32.9966	2	110046	110114	Met	CAT	0	0	20.35	17.20	3.15	
NODE_5_length_397044_cov_26.1516	1	33538 	33452 	Leu	CAA	0	0	69.99	38.33	31.66	
NODE_7_length_257592_cov_25.4094	1	9437  	9522  	Lys	TTT	0	0	22.00	12.28	9.72	
NODE_7_length_257592_cov_25.4094	2	27437 	27512 	Thr	CGT	0	0	90.98	74.93	16.05	
NODE_8_length_214204_cov_23.3899	1	119263	119337	Arg	CCT	0	0	69.71	45.21	24.50	
NODE_10_length_203968_cov_19.8795	1	55459 	55535 	Met	CAT	0	0	85.06	58.55	26.51	
NODE_10_length_203968_cov_19.8795	2	202897	202969	Leu	GAG	0	0	20.84	19.28	1.56	
NODE_10_length_203968_cov_19.8795	3	113325	113235	Ser	GCT	0	0	76.69	47.10	29.59	
NODE_10_length_203968_cov_19.8795	4	113117	113041	Arg	ACG	0	0	83.50	58.05	25.45	
NODE_10_length_203968_cov_19.8795	5	112929	112853	Arg	ACG	0	0	83.50	58.05	25.45	
NODE_10_length_203968_cov_19.8795	6	2883  	2808  	Lys	TTT	0	0	95.07	71.82	23.25	
NODE_13_length_186241_cov_21.8301	1	155232	155143	Ser	CGA	0	0	68.31	24.88	43.43	
NODE_15_length_161287_cov_31.3437	1	159757	159666	SeC	TCA	0	0	55.75	-18.51	74.26	
NODE_15_length_161287_cov_31.3437	2	105371	105286	Leu	GAG	0	0	68.53	39.16	29.37	
NODE_15_length_161287_cov_31.3437	3	105195	105119	Met	CAT	0	0	85.85	60.06	25.79	
NODE_18_length_125093_cov_22.5677	1	25024 	24951 	Gly	CCC	0	0	60.35	30.06	30.29	
NODE_21_length_117043_cov_21.5738	1	112556	112483	Cys	GCA	0	0	62.38	45.73	16.65	
NODE_21_length_117043_cov_21.5738	2	99931 	99845 	Leu	TAA	0	0	76.64	42.32	34.32	
NODE_22_length_115160_cov_20.7738	1	88617 	88706 	Ser	TGA	0	0	72.70	38.95	33.75	
NODE_22_length_115160_cov_20.7738	2	112997	113072	Gly	GCC	0	0	93.74	68.41	25.33	
NODE_23_length_114912_cov_21.3395	1	78859 	78784 	Val	TAC	0	0	94.49	73.68	20.81	
NODE_23_length_114912_cov_21.3395	2	78767 	78691 	Asp	GTC	0	0	94.67	75.49	19.18	
NODE_25_length_104755_cov_29.0919	1	101699	101774	Asn	GTT	0	0	91.73	62.08	29.65	
NODE_25_length_104755_cov_29.0919	2	101784	101860	Pro	TGG	0	0	87.63	64.60	23.03	
NODE_25_length_104755_cov_29.0919	3	101871	101946	Lys	TTT	0	0	95.07	71.82	23.25	
NODE_25_length_104755_cov_29.0919	4	57791 	57718 	Arg	ACG	0	0	52.72	27.21	25.51	
NODE_31_length_71738_cov_28.9949	1	22238 	22164 	Gln	TTG	0	0	66.82	40.36	26.46	
NODE_31_length_71738_cov_28.9949	2	18490 	18414 	Met	CAT	0	0	87.19	64.42	22.77	
NODE_39_length_37671_cov_37.2092	1	34651 	34727 	Arg	CCG	0	0	87.81	66.55	21.26	
NODE_42_length_31936_cov_35.1296	1	30717 	30642 	Trp	CCA	0	0	86.73	63.05	23.68	
NODE_58_length_5383_cov_133.707	1	1894  	1970  	Ile	GAT	0	0	98.83	72.69	26.14	
NODE_58_length_5383_cov_133.707	2	1999  	2074  	Ala	TGC	0	0	90.68	71.56	19.12	
NODE_65_length_3418_cov_34.9538	1	521   	437   	Tyr	GTA	0	0	71.07	41.76	29.31	
NODE_65_length_3418_cov_34.9538	2	410   	337   	Gly	TCC	0	0	82.75	60.87	21.88	
NODE_65_length_3418_cov_34.9538	3	317   	242   	Thr	GGT	0	0	93.76	67.73	26.03	
