Sequence                         		tRNA  	Bounds	tRNA	Anti	Intron Bounds	Cove	HMM	2'Str	      
Name                             	tRNA #	Begin 	End   	Type	Codon	Begin	End	Score	Score	Score	Note
--------                         	------	----- 	------	----	-----	-----	----	------	-----	-----	------
NODE_1_length_966288_cov_123.448 	1	596535	596624	Ser	GGA	0	0	71.75	34.38	37.37	
NODE_1_length_966288_cov_123.448 	2	785342	785418	Pro	CGG	0	0	88.20	60.26	27.94	
NODE_1_length_966288_cov_123.448 	3	914165	914240	Asn	GTT	0	0	91.73	62.08	29.65	
NODE_1_length_966288_cov_123.448 	4	905366	905291	Ala	GGC	0	0	86.95	68.86	18.09	
NODE_1_length_966288_cov_123.448 	5	905242	905167	Glu	TTC	0	0	66.40	38.20	28.20	
NODE_1_length_966288_cov_123.448 	6	905073	904998	Ala	GGC	0	0	86.95	68.86	18.09	
NODE_1_length_966288_cov_123.448 	7	904951	904876	Glu	TTC	0	0	66.40	38.20	28.20	
NODE_1_length_966288_cov_123.448 	8	865963	865888	Val	TAC	0	0	94.49	73.68	20.81	
NODE_1_length_966288_cov_123.448 	9	865871	865795	Asp	GTC	0	0	94.67	75.49	19.18	
NODE_1_length_966288_cov_123.448 	10	865680	865604	Asp	GTC	0	0	94.67	75.49	19.18	
NODE_1_length_966288_cov_123.448 	11	564037	563962	Glu	TTC	0	0	66.40	38.20	28.20	
NODE_1_length_966288_cov_123.448 	12	563959	563884	Gly	GCC	0	0	93.74	68.41	25.33	
NODE_1_length_966288_cov_123.448 	13	563799	563724	Gly	GCC	0	0	93.74	68.41	25.33	
NODE_1_length_966288_cov_123.448 	14	518786	518710	Val	GAC	0	0	93.19	67.81	25.38	
NODE_1_length_966288_cov_123.448 	15	484642	484566	Pro	GGG	0	0	74.89	48.01	26.88	
NODE_1_length_966288_cov_123.448 	16	289105	289016	Ser	TGA	0	0	72.70	38.95	33.75	
NODE_1_length_966288_cov_123.448 	17	264728	264653	Gly	GCC	0	0	93.74	68.41	25.33	
NODE_1_length_966288_cov_123.448 	18	147536	147463	Cys	GCA	0	0	62.38	45.73	16.65	
NODE_1_length_966288_cov_123.448 	19	134912	134826	Leu	TAA	0	0	76.64	42.32	34.32	
NODE_2_length_830116_cov_117.215 	1	713240	713331	SeC	TCA	0	0	55.75	-18.51	74.26	
NODE_2_length_830116_cov_117.215 	2	767279	767364	Leu	GAG	0	0	68.53	39.16	29.37	
NODE_2_length_830116_cov_117.215 	3	767455	767531	Met	CAT	0	0	85.85	60.06	25.79	
NODE_2_length_830116_cov_117.215 	4	560593	560507	Leu	CAG	0	0	73.96	38.54	35.42	
NODE_2_length_830116_cov_117.215 	5	560377	560291	Leu	CAG	0	0	73.96	38.54	35.42	
NODE_2_length_830116_cov_117.215 	6	304628	304553	Phe	GAA	0	0	92.69	68.52	24.17	
NODE_2_length_830116_cov_117.215 	7	293218	293143	Thr	TGT	0	0	93.66	75.64	18.02	
NODE_3_length_520782_cov_124.316 	1	487589	487500	Ser	CGA	0	0	68.31	24.88	43.43	
NODE_4_length_495227_cov_112.989 	1	480130	480216	Leu	CAA	0	0	69.99	38.33	31.66	
NODE_4_length_495227_cov_112.989 	2	3410  	3334  	Arg	CCT	0	0	83.71	58.51	25.20	
NODE_5_length_476656_cov_123.705 	1	303096	303172	Arg	TCT	0	0	96.39	77.88	18.51	
NODE_5_length_476656_cov_123.705 	2	303224	303299	His	GTG	0	0	83.51	64.18	19.33	
NODE_5_length_476656_cov_123.705 	3	303354	303438	Leu	TAG	0	0	76.62	44.97	31.65	
NODE_5_length_476656_cov_123.705 	4	352531	352606	His	GTG	0	0	83.51	64.18	19.33	
NODE_5_length_476656_cov_123.705 	5	363891	363967	Asp	GTC	0	0	95.34	76.86	18.48	
NODE_6_length_447713_cov_113.372 	1	97016 	97092 	Met	CAT	0	0	92.87	71.40	21.47	
NODE_6_length_447713_cov_113.372 	2	434939	435015	Arg	CCG	0	0	87.81	66.55	21.26	
NODE_7_length_413125_cov_117.908 	1	146187	146263	Met	CAT	0	0	85.06	58.55	26.51	
NODE_7_length_413125_cov_117.908 	2	252469	252541	Leu	GAG	0	0	20.84	19.28	1.56	
NODE_7_length_413125_cov_117.908 	3	354902	354975	Gly	CCC	0	0	60.35	30.06	30.29	
NODE_7_length_413125_cov_117.908 	4	162729	162639	Ser	GCT	0	0	76.69	47.10	29.59	
NODE_7_length_413125_cov_117.908 	5	162521	162445	Arg	ACG	0	0	83.50	58.05	25.45	
NODE_7_length_413125_cov_117.908 	6	162333	162257	Arg	ACG	0	0	83.50	58.05	25.45	
NODE_7_length_413125_cov_117.908 	7	93624 	93549 	Lys	TTT	0	0	95.07	71.82	23.25	
NODE_12_length_202718_cov_116.206	1	1022  	1096  	Arg	CCT	0	0	69.69	51.80	17.89	
NODE_12_length_202718_cov_116.206	2	128859	128934	Val	TAC	0	0	94.49	73.68	20.81	
NODE_12_length_202718_cov_116.206	3	128951	129027	Asp	GTC	0	0	94.67	75.49	19.18	
NODE_14_length_192736_cov_112.858	1	63545 	63618 	Arg	ACG	0	0	52.72	27.21	25.51	
NODE_14_length_192736_cov_112.858	2	170498	170572	Gln	TTG	0	0	66.82	40.36	26.46	
NODE_14_length_192736_cov_112.858	3	174246	174322	Met	CAT	0	0	87.19	64.42	22.77	
NODE_14_length_192736_cov_112.858	4	19629 	19554 	Asn	GTT	0	0	91.73	62.08	29.65	
NODE_14_length_192736_cov_112.858	5	19544 	19468 	Pro	TGG	0	0	87.63	64.60	23.03	
NODE_14_length_192736_cov_112.858	6	19457 	19382 	Lys	TTT	0	0	95.07	71.82	23.25	
NODE_14_length_192736_cov_112.858	7	1678  	1603  	Thr	CGT	0	0	90.98	74.93	16.05	
NODE_20_length_65062_cov_102.001 	1	64309 	64234 	Trp	CCA	0	0	86.73	63.05	23.68	
NODE_29_length_5560_cov_467.678  	1	1971  	2047  	Ile	GAT	0	0	98.83	72.69	26.14	
NODE_29_length_5560_cov_467.678  	2	2076  	2151  	Ala	TGC	0	0	90.68	71.56	19.12	
NODE_34_length_3319_cov_106.542  	1	521   	437   	Tyr	GTA	0	0	71.07	41.76	29.31	
NODE_34_length_3319_cov_106.542  	2	410   	337   	Gly	TCC	0	0	82.75	60.87	21.88	
NODE_34_length_3319_cov_106.542  	3	317   	242   	Thr	GGT	0	0	93.76	67.73	26.03	
