Sequence                          		tRNA   	Bounds 	tRNA	Anti	Intron Bounds	Cove	HMM	2'Str	      
Name                              	tRNA #	Begin  	End    	Type	Codon	Begin	End	Score	Score	Score	Note
--------                          	------	-----  	------ 	----	-----	-----	----	------	-----	-----	------
NODE_1_length_1095870_cov_18.6287 	1	733812 	733901 	Ser	GGA	0	0	71.75	34.38	37.37	
NODE_1_length_1095870_cov_18.6287 	2	922592 	922668 	Pro	CGG	0	0	88.20	60.26	27.94	
NODE_1_length_1095870_cov_18.6287 	3	1051412	1051487	Asn	GTT	0	0	91.73	62.08	29.65	
NODE_1_length_1095870_cov_18.6287 	4	1042613	1042538	Ala	GGC	0	0	86.95	68.86	18.09	
NODE_1_length_1095870_cov_18.6287 	5	1042489	1042414	Glu	TTC	0	0	66.40	38.20	28.20	
NODE_1_length_1095870_cov_18.6287 	6	1042320	1042245	Ala	GGC	0	0	86.95	68.86	18.09	
NODE_1_length_1095870_cov_18.6287 	7	1042198	1042123	Glu	TTC	0	0	66.40	38.20	28.20	
NODE_1_length_1095870_cov_18.6287 	8	1003223	1003148	Val	TAC	0	0	94.49	73.68	20.81	
NODE_1_length_1095870_cov_18.6287 	9	1003131	1003055	Asp	GTC	0	0	94.67	75.49	19.18	
NODE_1_length_1095870_cov_18.6287 	10	1002940	1002864	Asp	GTC	0	0	94.67	75.49	19.18	
NODE_1_length_1095870_cov_18.6287 	11	701316 	701241 	Glu	TTC	0	0	66.40	38.20	28.20	
NODE_1_length_1095870_cov_18.6287 	12	701238 	701163 	Gly	GCC	0	0	93.74	68.41	25.33	
NODE_1_length_1095870_cov_18.6287 	13	701078 	701003 	Gly	GCC	0	0	93.74	68.41	25.33	
NODE_1_length_1095870_cov_18.6287 	14	476598 	476522 	Val	GAC	0	0	93.19	67.81	25.38	
NODE_1_length_1095870_cov_18.6287 	15	442460 	442384 	Pro	GGG	0	0	74.89	48.01	26.88	
NODE_1_length_1095870_cov_18.6287 	16	240986 	240897 	Ser	TGA	0	0	72.70	38.95	33.75	
NODE_1_length_1095870_cov_18.6287 	17	184862 	184787 	Gly	GCC	0	0	93.74	68.41	25.33	
NODE_1_length_1095870_cov_18.6287 	18	180239 	180166 	Cys	GCA	0	0	62.38	45.73	16.65	
NODE_1_length_1095870_cov_18.6287 	19	115808 	115722 	Leu	TAA	0	0	76.64	42.32	34.32	
NODE_2_length_466462_cov_20.1417  	1	28094  	28183  	Ser	CGA	0	0	68.31	24.88	43.43	
NODE_3_length_419166_cov_18.7905  	1	209489 	209565 	Arg	CCT	0	0	83.71	58.51	25.20	
NODE_3_length_419166_cov_18.7905  	2	215475 	215549 	Arg	CCT	0	0	69.69	51.80	17.89	
NODE_3_length_419166_cov_18.7905  	3	345296 	345371 	Val	TAC	0	0	94.49	73.68	20.81	
NODE_3_length_419166_cov_18.7905  	4	345388 	345464 	Asp	GTC	0	0	94.67	75.49	19.18	
NODE_4_length_406258_cov_21.4873  	1	71578  	71653  	Phe	GAA	0	0	92.69	68.52	24.17	
NODE_4_length_406258_cov_21.4873  	2	82983  	83058  	Thr	TGT	0	0	93.66	75.64	18.02	
NODE_5_length_348080_cov_15.9009  	1	92524  	92448  	Arg	TCT	0	0	96.39	77.88	18.51	
NODE_5_length_348080_cov_15.9009  	2	92396  	92321  	His	GTG	0	0	83.51	64.18	19.33	
NODE_5_length_348080_cov_15.9009  	3	92266  	92182  	Leu	TAG	0	0	76.62	44.97	31.65	
NODE_5_length_348080_cov_15.9009  	4	92115  	92040  	His	GTG	0	0	83.51	64.18	19.33	
NODE_5_length_348080_cov_15.9009  	5	80749  	80673  	Asp	GTC	0	0	95.34	76.86	18.48	
NODE_6_length_326854_cov_20.8275  	1	32384  	32298  	Leu	CAA	0	0	69.99	38.33	31.66	
NODE_7_length_302346_cov_21.2256  	1	115376 	115462 	Leu	CAG	0	0	73.96	38.54	35.42	
NODE_7_length_302346_cov_21.2256  	2	115592 	115678 	Leu	CAG	0	0	73.96	38.54	35.42	
NODE_9_length_262828_cov_19.1004  	1	52673  	52749  	Met	CAT	0	0	85.06	58.55	26.51	
NODE_9_length_262828_cov_19.1004  	2	158810 	158882 	Leu	GAG	0	0	20.84	19.28	1.56	
NODE_9_length_262828_cov_19.1004  	3	262619 	262692 	Gly	CCC	0	0	60.35	30.06	30.29	
NODE_9_length_262828_cov_19.1004  	4	69218  	69128  	Ser	GCT	0	0	76.69	47.10	29.59	
NODE_9_length_262828_cov_19.1004  	5	69010  	68934  	Arg	ACG	0	0	83.50	58.05	25.45	
NODE_9_length_262828_cov_19.1004  	6	68822  	68746  	Arg	ACG	0	0	83.50	58.05	25.45	
NODE_9_length_262828_cov_19.1004  	7	125    	50     	Lys	TTT	0	0	95.07	71.82	23.25	
NODE_10_length_249989_cov_18.4748 	1	19538  	19613  	Thr	CGT	0	0	90.98	74.93	16.05	
NODE_14_length_184680_cov_20.1093 	1	67603  	67694  	SeC	TCA	0	0	55.75	-18.51	74.26	
NODE_14_length_184680_cov_20.1093 	2	121844 	121929 	Leu	GAG	0	0	68.53	39.16	29.37	
NODE_14_length_184680_cov_20.1093 	3	122020 	122096 	Met	CAT	0	0	85.85	60.06	25.79	
NODE_16_length_146515_cov_20.1983 	1	68746  	68670  	Met	CAT	0	0	92.87	71.40	21.47	
NODE_21_length_100728_cov_20.086  	1	44213  	44286  	Arg	ACG	0	0	52.72	27.21	25.51	
NODE_21_length_100728_cov_20.086  	2	297    	222    	Asn	GTT	0	0	91.73	62.08	29.65	
NODE_21_length_100728_cov_20.086  	3	212    	136    	Pro	TGG	0	0	87.63	64.60	23.03	
NODE_21_length_100728_cov_20.086  	4	125    	50     	Lys	TTT	0	0	95.07	71.82	23.25	
NODE_26_length_71690_cov_19.8469  	1	49449  	49523  	Gln	TTG	0	0	66.82	40.36	26.46	
NODE_26_length_71690_cov_19.8469  	2	53198  	53274  	Met	CAT	0	0	87.19	64.42	22.77	
NODE_27_length_65374_cov_21.4639  	1	1220   	1295   	Trp	CCA	0	0	86.73	63.05	23.68	
NODE_30_length_36233_cov_22.9226  	1	35026  	35102  	Arg	CCG	0	0	87.81	66.55	21.26	
NODE_48_length_5559_cov_94.8975   	1	3589   	3513   	Ile	GAT	0	0	98.83	72.69	26.14	
NODE_48_length_5559_cov_94.8975   	2	3484   	3409   	Ala	TGC	0	0	90.68	71.56	19.12	
NODE_57_length_3792_cov_46.7883   	1	3      	78     	Lys	TTT	0	0	95.07	71.82	23.25	
NODE_62_length_3318_cov_23.3143   	1	2798   	2882   	Tyr	GTA	0	0	71.07	41.76	29.31	
NODE_62_length_3318_cov_23.3143   	2	2909   	2982   	Gly	TCC	0	0	82.75	60.87	21.88	
NODE_62_length_3318_cov_23.3143   	3	3002   	3077   	Thr	GGT	0	0	93.76	67.73	26.03	
