Sequence                         		tRNA  	Bounds	tRNA	Anti	Intron Bounds	Cove	HMM	2'Str	      
Name                             	tRNA #	Begin 	End   	Type	Codon	Begin	End	Score	Score	Score	Note
--------                         	------	----- 	------	----	-----	-----	----	------	-----	-----	------
NODE_1_length_600797_cov_28.1474 	1	237243	237157	Leu	CAA	0	0	69.99	38.33	31.66	
NODE_2_length_575076_cov_30.498  	1	213763	213852	Ser	GGA	0	0	71.75	34.38	37.37	
NODE_2_length_575076_cov_30.498  	2	402583	402659	Pro	CGG	0	0	88.20	60.26	27.94	
NODE_2_length_575076_cov_30.498  	3	532477	532552	Asn	GTT	0	0	91.73	62.08	29.65	
NODE_2_length_575076_cov_30.498  	4	523678	523603	Ala	GGC	0	0	86.95	68.86	18.09	
NODE_2_length_575076_cov_30.498  	5	523554	523479	Glu	TTC	0	0	66.40	38.20	28.20	
NODE_2_length_575076_cov_30.498  	6	523385	523310	Ala	GGC	0	0	86.95	68.86	18.09	
NODE_2_length_575076_cov_30.498  	7	523263	523188	Glu	TTC	0	0	66.40	38.20	28.20	
NODE_2_length_575076_cov_30.498  	8	484261	484186	Val	TAC	0	0	94.49	73.68	20.81	
NODE_2_length_575076_cov_30.498  	9	484169	484093	Asp	GTC	0	0	94.67	75.49	19.18	
NODE_2_length_575076_cov_30.498  	10	483978	483902	Asp	GTC	0	0	94.67	75.49	19.18	
NODE_2_length_575076_cov_30.498  	11	181269	181194	Glu	TTC	0	0	66.40	38.20	28.20	
NODE_2_length_575076_cov_30.498  	12	181191	181116	Gly	GCC	0	0	93.74	68.41	25.33	
NODE_3_length_425220_cov_28.0275 	1	173551	173626	Asn	GTT	0	0	91.73	62.08	29.65	
NODE_3_length_425220_cov_28.0275 	2	173636	173712	Pro	TGG	0	0	87.63	64.60	23.03	
NODE_3_length_425220_cov_28.0275 	3	173723	173798	Lys	TTT	0	0	95.07	71.82	23.25	
NODE_3_length_425220_cov_28.0275 	4	192524	192599	Thr	CGT	0	0	90.98	74.93	16.05	
NODE_3_length_425220_cov_28.0275 	5	129645	129572	Arg	ACG	0	0	52.72	27.21	25.51	
NODE_3_length_425220_cov_28.0275 	6	22253 	22179 	Gln	TTG	0	0	66.82	40.36	26.46	
NODE_3_length_425220_cov_28.0275 	7	18505 	18429 	Met	CAT	0	0	87.19	64.42	22.77	
NODE_5_length_338837_cov_30.2014 	1	328847	328761	Leu	CAG	0	0	73.96	38.54	35.42	
NODE_5_length_338837_cov_30.2014 	2	328631	328545	Leu	CAG	0	0	73.96	38.54	35.42	
NODE_5_length_338837_cov_30.2014 	3	32106 	32031 	Phe	GAA	0	0	92.69	68.52	24.17	
NODE_5_length_338837_cov_30.2014 	4	20701 	20626 	Thr	TGT	0	0	93.66	75.64	18.02	
NODE_7_length_274843_cov_31.2996 	1	16007 	16082 	Lys	TTT	0	0	95.07	71.82	23.25	
NODE_7_length_274843_cov_31.2996 	2	74945 	75034 	Ser	CGA	0	0	68.31	24.88	43.43	
NODE_8_length_266356_cov_31.9514 	1	138196	138123	Cys	GCA	0	0	62.38	45.73	16.65	
NODE_8_length_266356_cov_31.9514 	2	125603	125517	Leu	TAA	0	0	76.64	42.32	34.32	
NODE_9_length_263989_cov_27.5394 	1	146900	146991	SeC	TCA	0	0	55.75	-18.51	74.26	
NODE_9_length_263989_cov_27.5394 	2	201210	201295	Leu	GAG	0	0	68.53	39.16	29.37	
NODE_9_length_263989_cov_27.5394 	3	201386	201462	Met	CAT	0	0	85.85	60.06	25.79	
NODE_10_length_233580_cov_29.6631	1	99212 	99285 	Gly	CCC	0	0	60.35	30.06	30.29	
NODE_13_length_197950_cov_32.8772	1	144549	144625	Arg	TCT	0	0	96.39	77.88	18.51	
NODE_13_length_197950_cov_32.8772	2	144677	144752	His	GTG	0	0	83.51	64.18	19.33	
NODE_13_length_197950_cov_32.8772	3	144807	144891	Leu	TAG	0	0	76.62	44.97	31.65	
NODE_13_length_197950_cov_32.8772	4	174421	174496	Thr	TGT	0	0	74.27	61.42	12.85	
NODE_16_length_167378_cov_30.7184	1	142810	142899	Ser	TGA	0	0	72.70	38.95	33.75	
NODE_16_length_167378_cov_30.7184	2	167190	167265	Gly	GCC	0	0	93.74	68.41	25.33	
NODE_19_length_149321_cov_30.6914	1	36827 	36903 	Met	CAT	0	0	85.06	58.55	26.51	
NODE_19_length_149321_cov_30.6914	2	142977	143049	Leu	GAG	0	0	20.84	19.28	1.56	
NODE_19_length_149321_cov_30.6914	3	53404 	53314 	Ser	GCT	0	0	76.69	47.10	29.59	
NODE_19_length_149321_cov_30.6914	4	53196 	53120 	Arg	ACG	0	0	83.50	58.05	25.45	
NODE_19_length_149321_cov_30.6914	5	53008 	52932 	Arg	ACG	0	0	83.50	58.05	25.45	
NODE_20_length_124922_cov_28.9055	1	30287 	30361 	Arg	CCT	0	0	69.71	45.21	24.50	
NODE_21_length_124555_cov_31.2435	1	189   	264   	His	GTG	0	0	83.51	64.18	19.33	
NODE_21_length_124555_cov_31.2435	2	11542 	11618 	Asp	GTC	0	0	95.34	76.86	18.48	
NODE_23_length_115021_cov_29.4327	1	36099 	36174 	Val	TAC	0	0	94.49	73.68	20.81	
NODE_23_length_115021_cov_29.4327	2	36191 	36267 	Asp	GTC	0	0	94.67	75.49	19.18	
NODE_28_length_90222_cov_26.7877 	1	89590 	89666 	Met	CAT	0	0	92.87	71.40	21.47	
NODE_29_length_73935_cov_30.9518 	1	48728 	48652 	Val	GAC	0	0	93.19	67.81	25.38	
NODE_29_length_73935_cov_30.9518 	2	14889 	14813 	Pro	GGG	0	0	74.89	48.01	26.88	
NODE_31_length_65525_cov_28.779  	1	1220  	1295  	Trp	CCA	0	0	86.73	63.05	23.68	
NODE_38_length_35822_cov_30.1818 	1	34635 	34711 	Arg	CCG	0	0	87.81	66.55	21.26	
NODE_49_length_5609_cov_118.457  	1	2030  	2106  	Ile	GAT	0	0	98.83	72.69	26.14	
NODE_49_length_5609_cov_118.457  	2	2135  	2210  	Ala	TGC	0	0	90.68	71.56	19.12	
NODE_55_length_3326_cov_28.492   	1	2806  	2890  	Tyr	GTA	0	0	71.07	41.76	29.31	
NODE_55_length_3326_cov_28.492   	2	2917  	2990  	Gly	TCC	0	0	82.75	60.87	21.88	
NODE_55_length_3326_cov_28.492   	3	3010  	3085  	Thr	GGT	0	0	93.76	67.73	26.03	
NODE_127_length_239_cov_14.0357  	1	189   	114   	Gly	GCC	0	0	93.74	68.41	25.33	
NODE_133_length_174_cov_8.82979  	1	49    	124   	Gly	GCC	0	0	93.74	68.41	25.33	
