Sequence                         		tRNA  	Bounds	tRNA	Anti	Intron Bounds	Cove	HMM	2'Str	      
Name                             	tRNA #	Begin 	End   	Type	Codon	Begin	End	Score	Score	Score	Note
--------                         	------	----- 	------	----	-----	-----	----	------	-----	-----	------
NODE_1_length_705401_cov_39.5557 	1	487248	487334	Leu	CAA	0	0	69.99	38.33	31.66	
NODE_1_length_705401_cov_39.5557 	2	3168  	3092  	Arg	CCT	0	0	83.71	58.51	25.20	
NODE_2_length_567009_cov_40.4558 	1	422338	422411	Arg	ACG	0	0	52.72	27.21	25.51	
NODE_2_length_567009_cov_40.4558 	2	529311	529385	Gln	TTG	0	0	66.82	40.36	26.46	
NODE_2_length_567009_cov_40.4558 	3	533059	533135	Met	CAT	0	0	87.19	64.42	22.77	
NODE_2_length_567009_cov_40.4558 	4	544837	544915	Met	CAT	0	0	31.93	32.13	-0.20	
NODE_2_length_567009_cov_40.4558 	5	378422	378347	Asn	GTT	0	0	91.73	62.08	29.65	
NODE_2_length_567009_cov_40.4558 	6	378337	378261	Pro	TGG	0	0	87.63	64.60	23.03	
NODE_2_length_567009_cov_40.4558 	7	378250	378175	Lys	TTT	0	0	95.07	71.82	23.25	
NODE_2_length_567009_cov_40.4558 	8	274997	274922	Thr	CGT	0	0	90.98	74.93	16.05	
NODE_3_length_561604_cov_40.6747 	1	444518	444609	SeC	TCA	0	0	55.75	-18.51	74.26	
NODE_3_length_561604_cov_40.6747 	2	498623	498708	Leu	GAG	0	0	68.53	39.16	29.37	
NODE_3_length_561604_cov_40.6747 	3	498799	498875	Met	CAT	0	0	85.85	60.06	25.79	
NODE_3_length_561604_cov_40.6747 	4	290938	290852	Leu	CAG	0	0	73.96	38.54	35.42	
NODE_3_length_561604_cov_40.6747 	5	290722	290636	Leu	CAG	0	0	73.96	38.54	35.42	
NODE_3_length_561604_cov_40.6747 	6	34877 	34802 	Phe	GAA	0	0	92.69	68.52	24.17	
NODE_3_length_561604_cov_40.6747 	7	5963  	5888  	Thr	TGT	0	0	95.98	77.96	18.02	
NODE_4_length_506812_cov_42.6033 	1	238616	238692	Met	CAT	0	0	85.06	58.55	26.51	
NODE_4_length_506812_cov_42.6033 	2	344842	344914	Leu	GAG	0	0	20.84	19.28	1.56	
NODE_4_length_506812_cov_42.6033 	3	448637	448710	Gly	CCC	0	0	60.35	30.06	30.29	
NODE_4_length_506812_cov_42.6033 	4	255159	255069	Ser	GCT	0	0	76.69	47.10	29.59	
NODE_4_length_506812_cov_42.6033 	5	254951	254875	Arg	ACG	0	0	83.50	58.05	25.45	
NODE_4_length_506812_cov_42.6033 	6	254763	254687	Arg	ACG	0	0	83.50	58.05	25.45	
NODE_4_length_506812_cov_42.6033 	7	186062	185987	Lys	TTT	0	0	95.07	71.82	23.25	
NODE_4_length_506812_cov_42.6033 	8	158521	158432	Ser	CGA	0	0	68.31	24.88	43.43	
NODE_5_length_477692_cov_41.2808 	1	115757	115846	Ser	GGA	0	0	71.75	34.38	37.37	
NODE_5_length_477692_cov_41.2808 	2	304517	304593	Pro	CGG	0	0	88.20	60.26	27.94	
NODE_5_length_477692_cov_41.2808 	3	433311	433386	Asn	GTT	0	0	91.73	62.08	29.65	
NODE_5_length_477692_cov_41.2808 	4	424512	424437	Ala	GGC	0	0	86.95	68.86	18.09	
NODE_5_length_477692_cov_41.2808 	5	424388	424313	Glu	TTC	0	0	66.40	38.20	28.20	
NODE_5_length_477692_cov_41.2808 	6	424219	424144	Ala	GGC	0	0	86.95	68.86	18.09	
NODE_5_length_477692_cov_41.2808 	7	424097	424022	Glu	TTC	0	0	66.40	38.20	28.20	
NODE_5_length_477692_cov_41.2808 	8	385130	385055	Val	TAC	0	0	94.49	73.68	20.81	
NODE_5_length_477692_cov_41.2808 	9	385038	384962	Asp	GTC	0	0	94.67	75.49	19.18	
NODE_5_length_477692_cov_41.2808 	10	384847	384771	Asp	GTC	0	0	94.67	75.49	19.18	
NODE_5_length_477692_cov_41.2808 	11	83262 	83187 	Glu	TTC	0	0	66.40	38.20	28.20	
NODE_5_length_477692_cov_41.2808 	12	83184 	83109 	Gly	GCC	0	0	93.74	68.41	25.33	
NODE_5_length_477692_cov_41.2808 	13	83024 	82949 	Gly	GCC	0	0	93.74	68.41	25.33	
NODE_5_length_477692_cov_41.2808 	14	36614 	36538 	Val	GAC	0	0	93.19	67.81	25.38	
NODE_5_length_477692_cov_41.2808 	15	2456  	2380  	Pro	GGG	0	0	74.89	48.01	26.88	
NODE_8_length_395535_cov_43.6637 	1	303017	303093	Arg	TCT	0	0	96.39	77.88	18.51	
NODE_8_length_395535_cov_43.6637 	2	303137	303212	His	GTG	0	0	83.51	64.18	19.33	
NODE_8_length_395535_cov_43.6637 	3	303267	303351	Leu	TAG	0	0	76.62	44.97	31.65	
NODE_8_length_395535_cov_43.6637 	4	303418	303493	His	GTG	0	0	83.51	64.18	19.33	
NODE_8_length_395535_cov_43.6637 	5	314777	314853	Asp	GTC	0	0	95.34	76.86	18.48	
NODE_9_length_371883_cov_38.5845 	1	294594	294518	Met	CAT	0	0	92.87	71.40	21.47	
NODE_10_length_352929_cov_43.7796	1	204225	204136	Ser	TGA	0	0	72.70	38.95	33.75	
NODE_10_length_352929_cov_43.7796	2	143616	143541	Gly	GCC	0	0	93.74	68.41	25.33	
NODE_10_length_352929_cov_43.7796	3	138993	138920	Cys	GCA	0	0	62.38	45.73	16.65	
NODE_10_length_352929_cov_43.7796	4	126368	126282	Leu	TAA	0	0	76.64	42.32	34.32	
NODE_13_length_204813_cov_41.3961	1	130795	130870	Val	TAC	0	0	94.49	73.68	20.81	
NODE_13_length_204813_cov_41.3961	2	130887	130963	Asp	GTC	0	0	94.67	75.49	19.18	
NODE_19_length_65527_cov_35.6868 	1	64308 	64233 	Trp	CCA	0	0	86.73	63.05	23.68	
NODE_23_length_36095_cov_43.678  	1	1475  	1399  	Arg	CCG	0	0	87.81	66.55	21.26	
NODE_29_length_3319_cov_37.5583  	1	521   	437   	Tyr	GTA	0	0	71.07	41.76	29.31	
NODE_29_length_3319_cov_37.5583  	2	410   	337   	Gly	TCC	0	0	82.75	60.87	21.88	
NODE_29_length_3319_cov_37.5583  	3	317   	242   	Thr	GGT	0	0	93.76	67.73	26.03	
NODE_32_length_2048_cov_185.627  	1	220   	144   	Ile	GAT	0	0	98.83	72.69	26.14	
NODE_32_length_2048_cov_185.627  	2	115   	40    	Ala	TGC	0	0	90.68	71.56	19.12	
NODE_53_length_256_cov_31.969    	1	13    	88    	Ala	TGC	0	0	90.68	71.56	19.12	
NODE_54_length_255_cov_89.0234   	1	12    	87    	Ala	TGC	0	0	90.68	71.56	19.12	
NODE_55_length_255_cov_54.0938   	1	243   	168   	Ala	TGC	0	0	90.68	71.56	19.12	
