Sequence                         		tRNA  	Bounds	tRNA	Anti	Intron Bounds	Cove	HMM	2'Str	      
Name                             	tRNA #	Begin 	End   	Type	Codon	Begin	End	Score	Score	Score	Note
--------                         	------	----- 	------	----	-----	-----	----	------	-----	-----	------
NODE_1_length_597565_cov_38.3811 	1	218142	218056	Leu	CAA	0	0	69.99	38.33	31.66	
NODE_2_length_577772_cov_41.1945 	1	542099	542010	Ser	CGA	0	0	68.31	24.88	43.43	
NODE_3_length_553294_cov_40.3878 	1	180400	180489	Ser	GGA	0	0	71.75	34.38	37.37	
NODE_3_length_553294_cov_40.3878 	2	369171	369247	Pro	CGG	0	0	88.20	60.26	27.94	
NODE_3_length_553294_cov_40.3878 	3	501198	501273	Asn	GTT	0	0	91.73	62.08	29.65	
NODE_3_length_553294_cov_40.3878 	4	492399	492324	Ala	GGC	0	0	86.95	68.86	18.09	
NODE_3_length_553294_cov_40.3878 	5	492275	492200	Glu	TTC	0	0	66.40	38.20	28.20	
NODE_3_length_553294_cov_40.3878 	6	492106	492031	Ala	GGC	0	0	86.95	68.86	18.09	
NODE_3_length_553294_cov_40.3878 	7	491984	491909	Glu	TTC	0	0	66.40	38.20	28.20	
NODE_3_length_553294_cov_40.3878 	8	452980	452905	Val	TAC	0	0	94.49	73.68	20.81	
NODE_3_length_553294_cov_40.3878 	9	452888	452812	Asp	GTC	0	0	94.67	75.49	19.18	
NODE_3_length_553294_cov_40.3878 	10	452697	452621	Asp	GTC	0	0	94.67	75.49	19.18	
NODE_3_length_553294_cov_40.3878 	11	147904	147829	Glu	TTC	0	0	66.40	38.20	28.20	
NODE_3_length_553294_cov_40.3878 	12	147826	147751	Gly	GCC	0	0	93.74	68.41	25.33	
NODE_3_length_553294_cov_40.3878 	13	147666	147591	Gly	GCC	0	0	93.74	68.41	25.33	
NODE_3_length_553294_cov_40.3878 	14	46303 	46227 	Val	GAC	0	0	93.19	67.81	25.38	
NODE_3_length_553294_cov_40.3878 	15	12163 	12087 	Pro	GGG	0	0	74.89	48.01	26.88	
NODE_4_length_456085_cov_39.4128 	1	270590	270676	Leu	CAG	0	0	73.96	38.54	35.42	
NODE_4_length_456085_cov_39.4128 	2	270806	270892	Leu	CAG	0	0	73.96	38.54	35.42	
NODE_4_length_456085_cov_39.4128 	3	117098	117007	SeC	TCA	0	0	55.75	-18.51	74.26	
NODE_4_length_456085_cov_39.4128 	4	62857 	62772 	Leu	GAG	0	0	68.53	39.16	29.37	
NODE_4_length_456085_cov_39.4128 	5	62681 	62605 	Met	CAT	0	0	85.85	60.06	25.79	
NODE_5_length_395321_cov_41.5966 	1	302569	302645	Arg	TCT	0	0	96.39	77.88	18.51	
NODE_5_length_395321_cov_41.5966 	2	302697	302772	His	GTG	0	0	83.51	64.18	19.33	
NODE_5_length_395321_cov_41.5966 	3	302827	302911	Leu	TAG	0	0	76.62	44.97	31.65	
NODE_5_length_395321_cov_41.5966 	4	302978	303053	His	GTG	0	0	83.51	64.18	19.33	
NODE_5_length_395321_cov_41.5966 	5	314341	314417	Asp	GTC	0	0	95.34	76.86	18.48	
NODE_6_length_395042_cov_38.5435 	1	101494	101569	Asn	GTT	0	0	91.73	62.08	29.65	
NODE_6_length_395042_cov_38.5435 	2	101579	101655	Pro	TGG	0	0	87.63	64.60	23.03	
NODE_6_length_395042_cov_38.5435 	3	101666	101741	Lys	TTT	0	0	95.07	71.82	23.25	
NODE_6_length_395042_cov_38.5435 	4	119635	119710	Thr	CGT	0	0	90.98	74.93	16.05	
NODE_6_length_395042_cov_38.5435 	5	57578 	57505 	Arg	ACG	0	0	52.72	27.21	25.51	
NODE_7_length_383624_cov_36.3895 	1	91364 	91440 	Met	CAT	0	0	92.87	71.40	21.47	
NODE_8_length_350162_cov_40.0811 	1	71579 	71654 	Phe	GAA	0	0	92.69	68.52	24.17	
NODE_8_length_350162_cov_40.0811 	2	82989 	83064 	Thr	TGT	0	0	93.66	75.64	18.02	
NODE_9_length_321566_cov_40.6613 	1	167247	167158	Ser	TGA	0	0	72.70	38.95	33.75	
NODE_9_length_321566_cov_40.6613 	2	142871	142796	Gly	GCC	0	0	93.74	68.41	25.33	
NODE_9_length_321566_cov_40.6613 	3	138249	138176	Cys	GCA	0	0	62.38	45.73	16.65	
NODE_9_length_321566_cov_40.6613 	4	125618	125532	Leu	TAA	0	0	76.64	42.32	34.32	
NODE_14_length_198046_cov_39.474 	1	90065 	89989 	Arg	CCT	0	0	83.71	58.51	25.20	
NODE_15_length_180962_cov_39.6866	1	122739	122812	Gly	CCC	0	0	60.35	30.06	30.29	
NODE_16_length_161188_cov_40.2383	1	53524 	53600 	Met	CAT	0	0	85.06	58.55	26.51	
NODE_16_length_161188_cov_40.2383	2	159766	159838	Leu	GAG	0	0	20.84	19.28	1.56	
NODE_16_length_161188_cov_40.2383	3	70101 	70011 	Ser	GCT	0	0	76.69	47.10	29.59	
NODE_16_length_161188_cov_40.2383	4	69893 	69817 	Arg	ACG	0	0	83.50	58.05	25.45	
NODE_16_length_161188_cov_40.2383	5	69705 	69629 	Arg	ACG	0	0	83.50	58.05	25.45	
NODE_16_length_161188_cov_40.2383	6	948   	873   	Lys	TTT	0	0	95.07	71.82	23.25	
NODE_19_length_109845_cov_39.8921	1	35974 	36049 	Val	TAC	0	0	94.49	73.68	20.81	
NODE_19_length_109845_cov_39.8921	2	36066 	36142 	Asp	GTC	0	0	94.67	75.49	19.18	
NODE_21_length_65507_cov_35.8017 	1	1220  	1295  	Trp	CCA	0	0	86.73	63.05	23.68	
NODE_22_length_60125_cov_37.8984 	1	11088 	11014 	Gln	TTG	0	0	66.82	40.36	26.46	
NODE_22_length_60125_cov_37.8984 	2	7339  	7263  	Met	CAT	0	0	87.19	64.42	22.77	
NODE_26_length_35728_cov_39.1187 	1	1187  	1111  	Arg	CCG	0	0	87.81	66.55	21.26	
NODE_34_length_5543_cov_154.489  	1	3590  	3514  	Ile	GAT	0	0	98.83	72.69	26.14	
NODE_34_length_5543_cov_154.489  	2	3485  	3410  	Ala	TGC	0	0	90.68	71.56	19.12	
NODE_38_length_3319_cov_32.9305  	1	2799  	2883  	Tyr	GTA	0	0	71.07	41.76	29.31	
NODE_38_length_3319_cov_32.9305  	2	2910  	2983  	Gly	TCC	0	0	82.75	60.87	21.88	
NODE_38_length_3319_cov_32.9305  	3	3003  	3078  	Thr	GGT	0	0	93.76	67.73	26.03	
