Sequence                         		tRNA  	Bounds	tRNA	Anti	Intron Bounds	Cove	HMM	2'Str	      
Name                             	tRNA #	Begin 	End   	Type	Codon	Begin	End	Score	Score	Score	Note
--------                         	------	----- 	------	----	-----	-----	----	------	-----	-----	------
NODE_1_length_595118_cov_17.6777 	1	569852	569763	Ser	CGA	0	0	68.31	24.88	43.43	
NODE_2_length_579002_cov_20.9669 	1	537486	537577	SeC	TCA	0	0	55.75	-18.51	74.26	
NODE_2_length_579002_cov_20.9669 	2	388347	388261	Leu	CAG	0	0	73.96	38.54	35.42	
NODE_2_length_579002_cov_20.9669 	3	388131	388045	Leu	CAG	0	0	73.96	38.54	35.42	
NODE_2_length_579002_cov_20.9669 	4	133001	132926	Phe	GAA	0	0	92.69	68.52	24.17	
NODE_2_length_579002_cov_20.9669 	5	121592	121517	Thr	TGT	0	0	93.66	75.64	18.02	
NODE_3_length_345648_cov_20.6716 	1	44821 	44735 	Leu	CAA	0	0	69.99	38.33	31.66	
NODE_4_length_280651_cov_18.6266 	1	194831	194921	Ser	GCT	0	0	76.69	47.10	29.59	
NODE_4_length_280651_cov_18.6266 	2	195039	195115	Arg	ACG	0	0	83.50	58.05	25.45	
NODE_4_length_280651_cov_18.6266 	3	195227	195303	Arg	ACG	0	0	83.50	58.05	25.45	
NODE_4_length_280651_cov_18.6266 	4	274772	274847	Lys	TTT	0	0	95.07	71.82	23.25	
NODE_4_length_280651_cov_18.6266 	5	222185	222109	Met	CAT	0	0	85.06	58.55	26.51	
NODE_4_length_280651_cov_18.6266 	6	105178	105106	Leu	GAG	0	0	20.84	19.28	1.56	
NODE_4_length_280651_cov_18.6266 	7	3465  	3392  	Gly	CCC	0	0	60.35	30.06	30.29	
NODE_5_length_276576_cov_17.577  	1	161017	161092	Glu	TTC	0	0	66.40	38.20	28.20	
NODE_5_length_276576_cov_17.577  	2	161095	161170	Gly	GCC	0	0	93.74	68.41	25.33	
NODE_5_length_276576_cov_17.577  	3	161255	161330	Gly	GCC	0	0	93.74	68.41	25.33	
NODE_5_length_276576_cov_17.577  	4	203588	203664	Val	GAC	0	0	93.19	67.81	25.38	
NODE_5_length_276576_cov_17.577  	5	236906	236982	Pro	GGG	0	0	74.89	48.01	26.88	
NODE_5_length_276576_cov_17.577  	6	129294	129205	Ser	GGA	0	0	71.75	34.38	37.37	
NODE_6_length_233383_cov_18.1064 	1	51527 	51603 	Pro	CGG	0	0	88.20	60.26	27.94	
NODE_6_length_233383_cov_18.1064 	2	181404	181479	Asn	GTT	0	0	91.73	62.08	29.65	
NODE_6_length_233383_cov_18.1064 	3	172605	172530	Ala	GGC	0	0	86.95	68.86	18.09	
NODE_6_length_233383_cov_18.1064 	4	172481	172406	Glu	TTC	0	0	66.40	38.20	28.20	
NODE_6_length_233383_cov_18.1064 	5	172312	172237	Ala	GGC	0	0	86.95	68.86	18.09	
NODE_6_length_233383_cov_18.1064 	6	172190	172115	Glu	TTC	0	0	66.40	38.20	28.20	
NODE_6_length_233383_cov_18.1064 	7	133192	133117	Val	TAC	0	0	94.49	73.68	20.81	
NODE_6_length_233383_cov_18.1064 	8	133100	133024	Asp	GTC	0	0	94.67	75.49	19.18	
NODE_6_length_233383_cov_18.1064 	9	132909	132833	Asp	GTC	0	0	94.67	75.49	19.18	
NODE_11_length_185931_cov_17.0745	1	154352	154277	Gly	GCC	0	0	93.74	68.41	25.33	
NODE_11_length_185931_cov_17.0745	2	152563	152490	Cys	GCA	0	0	62.38	45.73	16.65	
NODE_11_length_185931_cov_17.0745	3	139952	139866	Leu	TAA	0	0	76.64	42.32	34.32	
NODE_12_length_182559_cov_14.7738	1	52201 	52277 	Arg	TCT	0	0	96.39	77.88	18.51	
NODE_12_length_182559_cov_14.7738	2	52329 	52404 	His	GTG	0	0	83.51	64.18	19.33	
NODE_12_length_182559_cov_14.7738	3	52459 	52543 	Leu	TAG	0	0	76.62	44.97	31.65	
NODE_12_length_182559_cov_14.7738	4	52610 	52685 	His	GTG	0	0	83.51	64.18	19.33	
NODE_12_length_182559_cov_14.7738	5	63966 	64042 	Asp	GTC	0	0	95.34	76.86	18.48	
NODE_15_length_145533_cov_16.7971	1	2710  	2621  	Ser	TGA	0	0	68.83	34.50	34.33	
NODE_17_length_138881_cov_19.7807	1	101241	101316	Asn	GTT	0	0	91.73	62.08	29.65	
NODE_17_length_138881_cov_19.7807	2	101326	101402	Pro	TGG	0	0	87.63	64.60	23.03	
NODE_17_length_138881_cov_19.7807	3	101413	101488	Lys	TTT	0	0	95.07	71.82	23.25	
NODE_17_length_138881_cov_19.7807	4	119963	120038	Thr	CGT	0	0	90.98	74.93	16.05	
NODE_17_length_138881_cov_19.7807	5	57345 	57272 	Arg	ACG	0	0	52.72	27.21	25.51	
NODE_21_length_109839_cov_18.3384	1	35482 	35557 	Val	TAC	0	0	94.49	73.68	20.81	
NODE_21_length_109839_cov_18.3384	2	35574 	35650 	Asp	GTC	0	0	94.67	75.49	19.18	
NODE_22_length_104844_cov_18.7372	1	89987 	89911 	Arg	CCT	0	0	83.71	58.51	25.20	
NODE_23_length_101810_cov_20.7554	1	50765 	50691 	Gln	TTG	0	0	66.82	40.36	26.46	
NODE_23_length_101810_cov_20.7554	2	2739  	2663  	Met	CAT	0	0	87.19	64.42	22.77	
NODE_24_length_99153_cov_23.6557 	1	64546 	64470 	Arg	CCG	0	0	87.81	66.55	21.26	
NODE_26_length_87075_cov_22.5805 	1	9756  	9680  	Met	CAT	0	0	92.87	71.40	21.47	
NODE_30_length_65673_cov_22.656  	1	64454 	64379 	Trp	CCA	0	0	86.73	63.05	23.68	
NODE_40_length_37632_cov_21.0478 	1	20526 	20611 	Leu	GAG	0	0	68.53	39.16	29.37	
NODE_40_length_37632_cov_21.0478 	2	20702 	20778 	Met	CAT	0	0	85.85	60.06	25.79	
NODE_58_length_5586_cov_96.9835  	1	1972  	2048  	Ile	GAT	0	0	98.83	72.69	26.14	
NODE_58_length_5586_cov_96.9835  	2	2077  	2152  	Ala	TGC	0	0	90.68	71.56	19.12	
NODE_67_length_3292_cov_24.3258  	1	521   	437   	Tyr	GTA	0	0	71.07	41.76	29.31	
NODE_67_length_3292_cov_24.3258  	2	410   	337   	Gly	TCC	0	0	82.75	60.87	21.88	
NODE_67_length_3292_cov_24.3258  	3	317   	242   	Thr	GGT	0	0	93.76	67.73	26.03	
