Sequence                       		tRNA  	Bounds	tRNA	Anti	Intron Bounds	Cove	HMM	2'Str	      
Name                           	tRNA #	Begin 	End   	Type	Codon	Begin	End	Score	Score	Score	Note
--------                       	------	----- 	------	----	-----	-----	----	------	-----	-----	------
NODE_1_length_910964_cov_22.55 	1	699449	699523	Arg	CCT	0	0	69.71	45.21	24.50	
NODE_1_length_910964_cov_22.55 	2	832243	832318	Val	TAC	0	0	94.49	73.68	20.81	
NODE_1_length_910964_cov_22.55 	3	832335	832411	Asp	GTC	0	0	94.67	75.49	19.18	
NODE_1_length_910964_cov_22.55 	4	217877	217791	Leu	CAA	0	0	69.99	38.33	31.66	
NODE_2_length_670539_cov_22.2308	1	279556	279642	Leu	CAG	0	0	73.96	38.54	35.42	
NODE_2_length_670539_cov_22.2308	2	279772	279858	Leu	CAG	0	0	73.96	38.54	35.42	
NODE_2_length_670539_cov_22.2308	3	536664	536739	Phe	GAA	0	0	92.69	68.52	24.17	
NODE_2_length_670539_cov_22.2308	4	548067	548142	Thr	TGT	0	0	93.66	75.64	18.02	
NODE_2_length_670539_cov_22.2308	5	126832	126741	SeC	TCA	0	0	55.75	-18.51	74.26	
NODE_2_length_670539_cov_22.2308	6	62746 	62661 	Leu	GAG	0	0	68.53	39.16	29.37	
NODE_2_length_670539_cov_22.2308	7	62570 	62494 	Met	CAT	0	0	85.85	60.06	25.79	
NODE_5_length_395885_cov_22.1867	1	91250 	91326 	Met	CAT	0	0	92.87	71.40	21.47	
NODE_6_length_354234_cov_22.4932	1	102481	102556	Asn	GTT	0	0	91.73	62.08	29.65	
NODE_6_length_354234_cov_22.4932	2	102566	102642	Pro	TGG	0	0	87.63	64.60	23.03	
NODE_6_length_354234_cov_22.4932	3	102653	102728	Lys	TTT	0	0	95.07	71.82	23.25	
NODE_6_length_354234_cov_22.4932	4	121992	122067	Thr	CGT	0	0	90.98	74.93	16.05	
NODE_6_length_354234_cov_22.4932	5	58565 	58492 	Arg	ACG	0	0	52.72	27.21	25.51	
NODE_7_length_339457_cov_22.6958	1	54425 	54501 	Met	CAT	0	0	85.06	58.55	26.51	
NODE_7_length_339457_cov_22.6958	2	160682	160754	Leu	GAG	0	0	20.84	19.28	1.56	
NODE_7_length_339457_cov_22.6958	3	282077	282150	Gly	CCC	0	0	60.35	30.06	30.29	
NODE_7_length_339457_cov_22.6958	4	71004 	70914 	Ser	GCT	0	0	76.69	47.10	29.59	
NODE_7_length_339457_cov_22.6958	5	70796 	70720 	Arg	ACG	0	0	83.50	58.05	25.45	
NODE_7_length_339457_cov_22.6958	6	70608 	70532 	Arg	ACG	0	0	83.50	58.05	25.45	
NODE_7_length_339457_cov_22.6958	7	1875  	1800  	Lys	TTT	0	0	95.07	71.82	23.25	
NODE_8_length_288098_cov_24.6883	1	155683	155772	Ser	TGA	0	0	72.70	38.95	33.75	
NODE_8_length_288098_cov_24.6883	2	169113	169188	Gly	GCC	0	0	93.74	68.41	25.33	
NODE_8_length_288098_cov_24.6883	3	175510	175583	Cys	GCA	0	0	62.38	45.73	16.65	
NODE_8_length_288098_cov_24.6883	4	188135	188221	Leu	TAA	0	0	76.64	42.32	34.32	
NODE_9_length_275730_cov_23.0169	1	99030 	99106 	Pro	CGG	0	0	88.20	60.26	27.94	
NODE_9_length_275730_cov_23.0169	2	228911	228986	Asn	GTT	0	0	91.73	62.08	29.65	
NODE_9_length_275730_cov_23.0169	3	220112	220037	Ala	GGC	0	0	86.95	68.86	18.09	
NODE_9_length_275730_cov_23.0169	4	219988	219913	Glu	TTC	0	0	66.40	38.20	28.20	
NODE_9_length_275730_cov_23.0169	5	219819	219744	Ala	GGC	0	0	86.95	68.86	18.09	
NODE_9_length_275730_cov_23.0169	6	219697	219622	Glu	TTC	0	0	66.40	38.20	28.20	
NODE_9_length_275730_cov_23.0169	7	180709	180634	Val	TAC	0	0	94.49	73.68	20.81	
NODE_9_length_275730_cov_23.0169	8	180617	180541	Asp	GTC	0	0	94.67	75.49	19.18	
NODE_9_length_275730_cov_23.0169	9	180426	180350	Asp	GTC	0	0	94.67	75.49	19.18	
NODE_10_length_271770_cov_24.0024	1	126534	126458	Arg	TCT	0	0	96.39	77.88	18.51	
NODE_10_length_271770_cov_24.0024	2	126406	126331	His	GTG	0	0	83.51	64.18	19.33	
NODE_10_length_271770_cov_24.0024	3	126276	126192	Leu	TAG	0	0	76.62	44.97	31.65	
NODE_10_length_271770_cov_24.0024	4	126125	126050	His	GTG	0	0	83.51	64.18	19.33	
NODE_10_length_271770_cov_24.0024	5	114772	114696	Asp	GTC	0	0	95.34	76.86	18.48	
NODE_12_length_207235_cov_24.0763	1	113000	113089	Ser	GGA	0	0	71.75	34.38	37.37	
NODE_12_length_207235_cov_24.0763	2	80503 	80428 	Glu	TTC	0	0	66.40	38.20	28.20	
NODE_12_length_207235_cov_24.0763	3	80425 	80350 	Gly	GCC	0	0	93.74	68.41	25.33	
NODE_12_length_207235_cov_24.0763	4	80265 	80190 	Gly	GCC	0	0	93.74	68.41	25.33	
NODE_12_length_207235_cov_24.0763	5	34378 	34302 	Val	GAC	0	0	93.19	67.81	25.38	
NODE_12_length_207235_cov_24.0763	6	517   	441   	Pro	GGG	0	0	74.89	48.01	26.88	
NODE_13_length_202182_cov_24.1508	1	54361 	54450 	Ser	CGA	0	0	68.31	24.88	43.43	
NODE_19_length_102593_cov_23.4161	1	1220  	1295  	Trp	CCA	0	0	86.73	63.05	23.68	
NODE_21_length_85037_cov_21.8809	1	35880 	35806 	Gln	TTG	0	0	66.82	40.36	26.46	
NODE_21_length_85037_cov_21.8809	2	32132 	32056 	Met	CAT	0	0	87.19	64.42	22.77	
NODE_30_length_36129_cov_23.7114	1	1467  	1391  	Arg	CCG	0	0	87.81	66.55	21.26	
NODE_38_length_4574_cov_90.1133	1	1971  	2047  	Ile	GAT	0	0	98.83	72.69	26.14	
NODE_38_length_4574_cov_90.1133	2	2076  	2151  	Ala	TGC	0	0	90.68	71.56	19.12	
NODE_40_length_3591_cov_22.8917	1	3071  	3155  	Tyr	GTA	0	0	71.07	41.76	29.31	
NODE_40_length_3591_cov_22.8917	2	3182  	3255  	Gly	TCC	0	0	82.75	60.87	21.88	
NODE_40_length_3591_cov_22.8917	3	3275  	3350  	Thr	GGT	0	0	93.76	67.73	26.03	
