Sequence                         		tRNA  	Bounds	tRNA	Anti	Intron Bounds	Cove	HMM	2'Str	      
Name                             	tRNA #	Begin 	End   	Type	Codon	Begin	End	Score	Score	Score	Note
--------                         	------	----- 	------	----	-----	-----	----	------	-----	-----	------
NODE_1_length_631246_cov_112.983 	1	429907	429983	Arg	CCT	0	0	83.71	58.51	25.20	
NODE_1_length_631246_cov_112.983 	2	557384	557459	Val	TAC	0	0	94.49	73.68	20.81	
NODE_1_length_631246_cov_112.983 	3	557476	557552	Asp	GTC	0	0	94.67	75.49	19.18	
NODE_2_length_608734_cov_121.626 	1	477093	477184	SeC	TCA	0	0	55.75	-18.51	74.26	
NODE_2_length_608734_cov_121.626 	2	531154	531239	Leu	GAG	0	0	68.53	39.16	29.37	
NODE_2_length_608734_cov_121.626 	3	531330	531406	Met	CAT	0	0	85.85	60.06	25.79	
NODE_2_length_608734_cov_121.626 	4	323550	323464	Leu	CAG	0	0	73.96	38.54	35.42	
NODE_2_length_608734_cov_121.626 	5	323334	323248	Leu	CAG	0	0	73.96	38.54	35.42	
NODE_2_length_608734_cov_121.626 	6	66781 	66706 	Phe	GAA	0	0	92.69	68.52	24.17	
NODE_2_length_608734_cov_121.626 	7	52759 	52685 	Undet	NNN	0	0	25.67	25.82	-0.15	
NODE_2_length_608734_cov_121.626 	8	41350 	41275 	Thr	TGT	0	0	93.66	75.64	18.02	
NODE_3_length_435364_cov_109.121 	1	234758	234833	Glu	TTC	0	0	66.40	38.20	28.20	
NODE_3_length_435364_cov_109.121 	2	234836	234911	Gly	GCC	0	0	93.74	68.41	25.33	
NODE_3_length_435364_cov_109.121 	3	234996	235071	Gly	GCC	0	0	93.74	68.41	25.33	
NODE_3_length_435364_cov_109.121 	4	400212	400288	Val	GAC	0	0	93.19	67.81	25.38	
NODE_3_length_435364_cov_109.121 	5	434351	434427	Pro	GGG	0	0	74.89	48.01	26.88	
NODE_3_length_435364_cov_109.121 	6	202263	202174	Ser	GGA	0	0	71.75	34.38	37.37	
NODE_3_length_435364_cov_109.121 	7	13500 	13424 	Pro	CGG	0	0	88.20	60.26	27.94	
NODE_4_length_343325_cov_116.242 	1	67889 	67964 	Thr	CGT	0	0	90.98	74.93	16.05	
NODE_5_length_317128_cov_123.36  	1	175463	175552	Ser	TGA	0	0	72.70	38.95	33.75	
NODE_5_length_317128_cov_123.36  	2	199839	199914	Gly	GCC	0	0	93.74	68.41	25.33	
NODE_5_length_317128_cov_123.36  	3	204462	204535	Cys	GCA	0	0	62.38	45.73	16.65	
NODE_5_length_317128_cov_123.36  	4	217086	217172	Leu	TAA	0	0	76.64	42.32	34.32	
NODE_7_length_284518_cov_124.074 	1	223938	223852	Leu	CAA	0	0	69.99	38.33	31.66	
NODE_11_length_203402_cov_121.755	1	16284 	16359 	Lys	TTT	0	0	95.07	71.82	23.25	
NODE_11_length_203402_cov_121.755	2	43827 	43916 	Ser	CGA	0	0	68.31	24.88	43.43	
NODE_13_length_189241_cov_117.541	1	173836	173911	Asn	GTT	0	0	91.73	62.08	29.65	
NODE_13_length_189241_cov_117.541	2	173921	173997	Pro	TGG	0	0	87.63	64.60	23.03	
NODE_13_length_189241_cov_117.541	3	174008	174083	Lys	TTT	0	0	95.07	71.82	23.25	
NODE_13_length_189241_cov_117.541	4	129922	129849	Arg	ACG	0	0	52.72	27.21	25.51	
NODE_13_length_189241_cov_117.541	5	22239 	22165 	Gln	TTG	0	0	66.82	40.36	26.46	
NODE_13_length_189241_cov_117.541	6	18490 	18414 	Met	CAT	0	0	87.19	64.42	22.77	
NODE_15_length_171981_cov_117.982	1	123259	123183	Arg	TCT	0	0	96.39	77.88	18.51	
NODE_15_length_171981_cov_117.982	2	123131	123056	His	GTG	0	0	83.51	64.18	19.33	
NODE_15_length_171981_cov_117.982	3	123001	122917	Leu	TAG	0	0	76.62	44.97	31.65	
NODE_15_length_171981_cov_117.982	4	122850	122775	His	GTG	0	0	83.51	64.18	19.33	
NODE_15_length_171981_cov_117.982	5	111497	111421	Asp	GTC	0	0	95.34	76.86	18.48	
NODE_17_length_153953_cov_114.125	1	57918 	57845 	Gly	CCC	0	0	60.35	30.06	30.29	
NODE_18_length_145459_cov_117.169	1	36525 	36601 	Met	CAT	0	0	85.06	58.55	26.51	
NODE_18_length_145459_cov_117.169	2	142781	142853	Leu	GAG	0	0	20.84	19.28	1.56	
NODE_18_length_145459_cov_117.169	3	53102 	53012 	Ser	GCT	0	0	76.69	47.10	29.59	
NODE_18_length_145459_cov_117.169	4	52894 	52818 	Arg	ACG	0	0	83.50	58.05	25.45	
NODE_18_length_145459_cov_117.169	5	52706 	52630 	Arg	ACG	0	0	83.50	58.05	25.45	
NODE_23_length_88127_cov_129.131 	1	9080  	9004  	Met	CAT	0	0	92.87	71.40	21.47	
NODE_25_length_85490_cov_108.68  	1	65264 	65189 	Val	TAC	0	0	94.49	73.68	20.81	
NODE_25_length_85490_cov_108.68  	2	65172 	65096 	Asp	GTC	0	0	94.67	75.49	19.18	
NODE_25_length_85490_cov_108.68  	3	64981 	64905 	Asp	GTC	0	0	94.67	75.49	19.18	
NODE_31_length_65228_cov_136.558 	1	1220  	1295  	Trp	CCA	0	0	86.73	63.05	23.68	
NODE_36_length_45581_cov_107.975 	1	26153 	26228 	Ala	GGC	0	0	86.95	68.86	18.09	
NODE_36_length_45581_cov_107.975 	2	26277 	26352 	Glu	TTC	0	0	66.40	38.20	28.20	
NODE_36_length_45581_cov_107.975 	3	26446 	26521 	Ala	GGC	0	0	86.95	68.86	18.09	
NODE_36_length_45581_cov_107.975 	4	26568 	26643 	Glu	TTC	0	0	66.40	38.20	28.20	
NODE_36_length_45581_cov_107.975 	5	17354 	17279 	Asn	GTT	0	0	91.73	62.08	29.65	
NODE_38_length_36002_cov_152.303 	1	1366  	1290  	Arg	CCG	0	0	87.81	66.55	21.26	
NODE_47_length_5500_cov_503.354  	1	1913  	1989  	Ile	GAT	0	0	98.83	72.69	26.14	
NODE_47_length_5500_cov_503.354  	2	2018  	2093  	Ala	TGC	0	0	90.68	71.56	19.12	
NODE_54_length_3319_cov_128.118  	1	2799  	2883  	Tyr	GTA	0	0	71.07	41.76	29.31	
NODE_54_length_3319_cov_128.118  	2	2910  	2983  	Gly	TCC	0	0	82.75	60.87	21.88	
NODE_54_length_3319_cov_128.118  	3	3003  	3078  	Thr	GGT	0	0	93.76	67.73	26.03	
NODE_221_length_477_cov_0.745714 	1	439   	356   	Leu	CAA	0	0	59.46	32.11	27.35	
