Sequence                         		tRNA  	Bounds	tRNA	Anti	Intron Bounds	Cove	HMM	2'Str	      
Name                             	tRNA #	Begin 	End   	Type	Codon	Begin	End	Score	Score	Score	Note
--------                         	------	----- 	------	----	-----	-----	----	------	-----	-----	------
NODE_1_length_424351_cov_106.493 	1	64813 	64902 	Ser	GGA	0	0	71.75	34.38	37.37	
NODE_1_length_424351_cov_106.493 	2	253587	253663	Pro	CGG	0	0	88.20	60.26	27.94	
NODE_1_length_424351_cov_106.493 	3	380279	380354	Asn	GTT	0	0	91.73	62.08	29.65	
NODE_1_length_424351_cov_106.493 	4	371480	371405	Ala	GGC	0	0	86.95	68.86	18.09	
NODE_1_length_424351_cov_106.493 	5	371356	371281	Glu	TTC	0	0	66.40	38.20	28.20	
NODE_1_length_424351_cov_106.493 	6	371187	371112	Ala	GGC	0	0	86.95	68.86	18.09	
NODE_1_length_424351_cov_106.493 	7	371065	370990	Glu	TTC	0	0	66.40	38.20	28.20	
NODE_1_length_424351_cov_106.493 	8	332084	332009	Val	TAC	0	0	94.49	73.68	20.81	
NODE_1_length_424351_cov_106.493 	9	331992	331916	Asp	GTC	0	0	94.67	75.49	19.18	
NODE_1_length_424351_cov_106.493 	10	331801	331725	Asp	GTC	0	0	94.67	75.49	19.18	
NODE_1_length_424351_cov_106.493 	11	32318 	32243 	Glu	TTC	0	0	66.40	38.20	28.20	
NODE_1_length_424351_cov_106.493 	12	32240 	32165 	Gly	GCC	0	0	93.74	68.41	25.33	
NODE_1_length_424351_cov_106.493 	13	32080 	32005 	Gly	GCC	0	0	93.74	68.41	25.33	
NODE_2_length_410588_cov_93.0825 	1	293390	293481	SeC	TCA	0	0	55.75	-18.51	74.26	
NODE_2_length_410588_cov_93.0825 	2	347604	347689	Leu	GAG	0	0	68.53	39.16	29.37	
NODE_2_length_410588_cov_93.0825 	3	347780	347856	Met	CAT	0	0	85.85	60.06	25.79	
NODE_2_length_410588_cov_93.0825 	4	139222	139136	Leu	CAG	0	0	73.96	38.54	35.42	
NODE_2_length_410588_cov_93.0825 	5	139006	138920	Leu	CAG	0	0	73.96	38.54	35.42	
NODE_3_length_328383_cov_97.4695 	1	255931	255856	Phe	GAA	0	0	92.69	68.52	24.17	
NODE_3_length_328383_cov_97.4695 	2	244521	244446	Thr	TGT	0	0	93.66	75.64	18.02	
NODE_4_length_316379_cov_97.3572 	1	80176 	80252 	Met	CAT	0	0	92.87	71.40	21.47	
NODE_5_length_286770_cov_96.983  	1	211642	211556	Leu	CAA	0	0	69.99	38.33	31.66	
NODE_7_length_247785_cov_107.183 	1	91042 	90966 	Arg	CCT	0	0	83.71	58.51	25.20	
NODE_10_length_235486_cov_101.441	1	107018	107091	Arg	ACG	0	0	52.72	27.21	25.51	
NODE_10_length_235486_cov_101.441	2	213254	213328	Gln	TTG	0	0	66.82	40.36	26.46	
NODE_10_length_235486_cov_101.441	3	217003	217079	Met	CAT	0	0	87.19	64.42	22.77	
NODE_10_length_235486_cov_101.441	4	63109 	63034 	Asn	GTT	0	0	91.73	62.08	29.65	
NODE_10_length_235486_cov_101.441	5	63024 	62948 	Pro	TGG	0	0	87.63	64.60	23.03	
NODE_10_length_235486_cov_101.441	6	62937 	62862 	Lys	TTT	0	0	95.07	71.82	23.25	
NODE_12_length_214954_cov_114.302	1	111237	111310	Gly	CCC	0	0	60.35	30.06	30.29	
NODE_13_length_206957_cov_116.536	1	53526 	53602 	Met	CAT	0	0	85.06	58.55	26.51	
NODE_13_length_206957_cov_116.536	2	201458	201530	Leu	GAG	0	0	20.84	19.28	1.56	
NODE_13_length_206957_cov_116.536	3	111775	111685	Ser	GCT	0	0	76.69	47.10	29.59	
NODE_13_length_206957_cov_116.536	4	111567	111491	Arg	ACG	0	0	83.50	58.05	25.45	
NODE_13_length_206957_cov_116.536	5	111379	111303	Arg	ACG	0	0	83.50	58.05	25.45	
NODE_13_length_206957_cov_116.536	6	958   	883   	Lys	TTT	0	0	95.07	71.82	23.25	
NODE_15_length_201877_cov_119.151	1	45562 	45651 	Ser	CGA	0	0	68.31	24.88	43.43	
NODE_18_length_165389_cov_117.797	1	164402	164491	Ser	TGA	0	0	68.83	34.50	34.33	
NODE_22_length_141074_cov_126.509	1	17736 	17811 	His	GTG	0	0	83.51	64.18	19.33	
NODE_22_length_141074_cov_126.509	2	29089 	29165 	Asp	GTC	0	0	95.34	76.86	18.48	
NODE_23_length_140601_cov_134.477	1	136408	136335	Cys	GCA	0	0	62.38	45.73	16.65	
NODE_23_length_140601_cov_134.477	2	123782	123696	Leu	TAA	0	0	76.64	42.32	34.32	
NODE_27_length_101268_cov_116.416	1	52558 	52482 	Val	GAC	0	0	93.19	67.81	25.38	
NODE_27_length_101268_cov_116.416	2	18419 	18343 	Pro	GGG	0	0	74.89	48.01	26.88	
NODE_28_length_97894_cov_136.013 	1	49365 	49439 	Asn	GTT	0	0	77.66	51.70	25.96	
NODE_28_length_97894_cov_136.013 	2	49444 	49519 	Thr	TGT	0	0	74.27	61.42	12.85	
NODE_29_length_94278_cov_125.387 	1	24298 	24373 	Gly	GCC	0	0	93.74	68.41	25.33	
NODE_35_length_75818_cov_104.639 	1	39841 	39766 	Val	TAC	0	0	94.49	73.68	20.81	
NODE_35_length_75818_cov_104.639 	2	39749 	39673 	Asp	GTC	0	0	94.67	75.49	19.18	
NODE_36_length_69253_cov_113.821 	1	10284 	10209 	Thr	CGT	0	0	90.98	74.93	16.05	
NODE_37_length_68661_cov_95.4689 	1	65855 	65771 	Tyr	GTA	0	0	71.07	41.76	29.31	
NODE_37_length_68661_cov_95.4689 	2	65744 	65671 	Gly	TCC	0	0	82.75	60.87	21.88	
NODE_37_length_68661_cov_95.4689 	3	65651 	65576 	Thr	GGT	0	0	93.76	67.73	26.03	
NODE_37_length_68661_cov_95.4689 	4	64242 	64167 	Trp	CCA	0	0	86.73	63.05	23.68	
NODE_41_length_55320_cov_119.368 	1	7209  	7285  	Arg	TCT	0	0	96.39	77.88	18.51	
NODE_41_length_55320_cov_119.368 	2	7337  	7412  	His	GTG	0	0	83.51	64.18	19.33	
NODE_41_length_55320_cov_119.368 	3	7467  	7551  	Leu	TAG	0	0	76.62	44.97	31.65	
NODE_42_length_48987_cov_121.368 	1	14354 	14278 	Arg	CCG	0	0	87.81	66.55	21.26	
NODE_63_length_5409_cov_392.122  	1	1829  	1905  	Ile	GAT	0	0	98.83	72.69	26.14	
NODE_63_length_5409_cov_392.122  	2	1934  	2009  	Ala	TGC	0	0	90.68	71.56	19.12	
