Sequence                          		tRNA   	Bounds 	tRNA	Anti	Intron Bounds	Cove	HMM	2'Str	      
Name                              	tRNA #	Begin  	End    	Type	Codon	Begin	End	Score	Score	Score	Note
--------                          	------	-----  	------ 	----	-----	-----	----	------	-----	-----	------
NODE_1_length_1293681_cov_28.5885 	1	259515 	259605 	Ser	GCT	0	0	76.69	47.10	29.59	
NODE_1_length_1293681_cov_28.5885 	2	259723 	259799 	Arg	ACG	0	0	83.50	58.05	25.45	
NODE_1_length_1293681_cov_28.5885 	3	259911 	259987 	Arg	ACG	0	0	83.50	58.05	25.45	
NODE_1_length_1293681_cov_28.5885 	4	328610 	328685 	Lys	TTT	0	0	95.07	71.82	23.25	
NODE_1_length_1293681_cov_28.5885 	5	356168 	356257 	Ser	CGA	0	0	68.31	24.88	43.43	
NODE_1_length_1293681_cov_28.5885 	6	1201179	1201255	Arg	TCT	0	0	96.39	77.88	18.51	
NODE_1_length_1293681_cov_28.5885 	7	1201307	1201382	His	GTG	0	0	83.51	64.18	19.33	
NODE_1_length_1293681_cov_28.5885 	8	1201437	1201521	Leu	TAG	0	0	76.62	44.97	31.65	
NODE_1_length_1293681_cov_28.5885 	9	1201588	1201663	His	GTG	0	0	83.51	64.18	19.33	
NODE_1_length_1293681_cov_28.5885 	10	1212942	1213018	Asp	GTC	0	0	95.34	76.86	18.48	
NODE_1_length_1293681_cov_28.5885 	11	276059 	275983 	Met	CAT	0	0	85.06	58.55	26.51	
NODE_1_length_1293681_cov_28.5885 	12	169848 	169776 	Leu	GAG	0	0	20.84	19.28	1.56	
NODE_1_length_1293681_cov_28.5885 	13	58942  	58869  	Gly	CCC	0	0	60.35	30.06	30.29	
NODE_2_length_857429_cov_28.6608  	1	54780  	54855  	Ala	GGC	0	0	86.95	68.86	18.09	
NODE_2_length_857429_cov_28.6608  	2	54904  	54979  	Glu	TTC	0	0	66.40	38.20	28.20	
NODE_2_length_857429_cov_28.6608  	3	55073  	55148  	Ala	GGC	0	0	86.95	68.86	18.09	
NODE_2_length_857429_cov_28.6608  	4	55195  	55270  	Glu	TTC	0	0	66.40	38.20	28.20	
NODE_2_length_857429_cov_28.6608  	5	94171  	94246  	Val	TAC	0	0	94.49	73.68	20.81	
NODE_2_length_857429_cov_28.6608  	6	94263  	94339  	Asp	GTC	0	0	94.67	75.49	19.18	
NODE_2_length_857429_cov_28.6608  	7	94454  	94530  	Asp	GTC	0	0	94.67	75.49	19.18	
NODE_2_length_857429_cov_28.6608  	8	399241 	399316 	Glu	TTC	0	0	66.40	38.20	28.20	
NODE_2_length_857429_cov_28.6608  	9	399319 	399394 	Gly	GCC	0	0	93.74	68.41	25.33	
NODE_2_length_857429_cov_28.6608  	10	399479 	399554 	Gly	GCC	0	0	93.74	68.41	25.33	
NODE_2_length_857429_cov_28.6608  	11	448630 	448705 	Thr	TGT	0	0	74.22	61.37	12.85	
NODE_2_length_857429_cov_28.6608  	12	494920 	494996 	Val	GAC	0	0	93.19	67.81	25.38	
NODE_2_length_857429_cov_28.6608  	13	529061 	529137 	Pro	GGG	0	0	74.89	48.01	26.88	
NODE_2_length_857429_cov_28.6608  	14	680519 	680608 	Ser	TGA	0	0	72.70	38.95	33.75	
NODE_2_length_857429_cov_28.6608  	15	740192 	740267 	Gly	GCC	0	0	93.74	68.41	25.33	
NODE_2_length_857429_cov_28.6608  	16	744815 	744888 	Cys	GCA	0	0	62.38	45.73	16.65	
NODE_2_length_857429_cov_28.6608  	17	757438 	757524 	Leu	TAA	0	0	76.64	42.32	34.32	
NODE_2_length_857429_cov_28.6608  	18	366744 	366655 	Ser	GGA	0	0	71.75	34.38	37.37	
NODE_2_length_857429_cov_28.6608  	19	177986 	177910 	Pro	CGG	0	0	88.20	60.26	27.94	
NODE_2_length_857429_cov_28.6608  	20	45981  	45906  	Asn	GTT	0	0	91.73	62.08	29.65	
NODE_3_length_769078_cov_31.4341  	1	270919 	271005 	Leu	CAG	0	0	73.96	38.54	35.42	
NODE_3_length_769078_cov_31.4341  	2	271135 	271221 	Leu	CAG	0	0	73.96	38.54	35.42	
NODE_3_length_769078_cov_31.4341  	3	527859 	527934 	Phe	GAA	0	0	92.69	68.52	24.17	
NODE_3_length_769078_cov_31.4341  	4	539269 	539344 	Thr	TGT	0	0	93.66	75.64	18.02	
NODE_3_length_769078_cov_31.4341  	5	117101 	117010 	SeC	TCA	0	0	55.75	-18.51	74.26	
NODE_3_length_769078_cov_31.4341  	6	62810  	62725  	Leu	GAG	0	0	68.53	39.16	29.37	
NODE_3_length_769078_cov_31.4341  	7	62634  	62558  	Met	CAT	0	0	85.85	60.06	25.79	
NODE_4_length_598246_cov_29.7449  	1	216820 	216734 	Leu	CAA	0	0	69.99	38.33	31.66	
NODE_5_length_580532_cov_29.9708  	1	227455 	227530 	Asn	GTT	0	0	91.73	62.08	29.65	
NODE_5_length_580532_cov_29.9708  	2	227540 	227616 	Pro	TGG	0	0	87.63	64.60	23.03	
NODE_5_length_580532_cov_29.9708  	3	227627 	227702 	Lys	TTT	0	0	95.07	71.82	23.25	
NODE_5_length_580532_cov_29.9708  	4	328540 	328625 	Lys	TTT	0	0	22.00	12.28	9.72	
NODE_5_length_580532_cov_29.9708  	5	347948 	348023 	Thr	CGT	0	0	90.98	74.93	16.05	
NODE_5_length_580532_cov_29.9708  	6	183545 	183472 	Arg	ACG	0	0	52.72	27.21	25.51	
NODE_5_length_580532_cov_29.9708  	7	38535  	38461  	Gln	TTG	0	0	66.82	40.36	26.46	
NODE_5_length_580532_cov_29.9708  	8	34786  	34710  	Met	CAT	0	0	87.19	64.42	22.77	
NODE_6_length_541719_cov_32.9017  	1	507082 	507006 	Arg	CCG	0	0	87.81	66.55	21.26	
NODE_7_length_385666_cov_30.4858  	1	294435 	294359 	Met	CAT	0	0	92.87	71.40	21.47	
NODE_11_length_122490_cov_29.2042 	1	2787   	2711   	Arg	CCT	0	0	83.71	58.51	25.20	
NODE_12_length_110081_cov_28.8513 	1	35997  	36072  	Val	TAC	0	0	94.49	73.68	20.81	
NODE_12_length_110081_cov_28.8513 	2	36089  	36165  	Asp	GTC	0	0	94.67	75.49	19.18	
NODE_17_length_65528_cov_27.7873  	1	64309  	64234  	Trp	CCA	0	0	86.73	63.05	23.68	
NODE_25_length_5525_cov_117.617   	1	3526   	3450   	Ile	GAT	0	0	98.83	72.69	26.14	
NODE_25_length_5525_cov_117.617   	2	3421   	3346   	Ala	TGC	0	0	90.68	71.56	19.12	
NODE_28_length_3382_cov_24.7991   	1	521    	437    	Tyr	GTA	0	0	71.07	41.76	29.31	
NODE_28_length_3382_cov_24.7991   	2	410    	337    	Gly	TCC	0	0	82.75	60.87	21.88	
NODE_28_length_3382_cov_24.7991   	3	317    	242    	Thr	GGT	0	0	93.76	67.73	26.03	
