Sequence                         		tRNA  	Bounds	tRNA	Anti	Intron Bounds	Cove	HMM	2'Str	      
Name                             	tRNA #	Begin 	End   	Type	Codon	Begin	End	Score	Score	Score	Note
--------                         	------	----- 	------	----	-----	-----	----	------	-----	-----	------
NODE_1_length_978871_cov_21.8198 	1	815252	815338	Leu	CAA	0	0	69.99	38.33	31.66	
NODE_1_length_978871_cov_21.8198 	2	202955	202879	Arg	CCT	0	0	83.71	58.51	25.20	
NODE_1_length_978871_cov_21.8198 	3	73855 	73780 	Val	TAC	0	0	94.49	73.68	20.81	
NODE_1_length_978871_cov_21.8198 	4	73763 	73687 	Asp	GTC	0	0	94.67	75.49	19.18	
NODE_2_length_699260_cov_22.3949 	1	209829	209919	Ser	GCT	0	0	76.69	47.10	29.59	
NODE_2_length_699260_cov_22.3949 	2	210037	210113	Arg	ACG	0	0	83.50	58.05	25.45	
NODE_2_length_699260_cov_22.3949 	3	210225	210301	Arg	ACG	0	0	83.50	58.05	25.45	
NODE_2_length_699260_cov_22.3949 	4	278924	278999	Lys	TTT	0	0	95.07	71.82	23.25	
NODE_2_length_699260_cov_22.3949 	5	306439	306528	Ser	CGA	0	0	68.31	24.88	43.43	
NODE_2_length_699260_cov_22.3949 	6	226373	226297	Met	CAT	0	0	85.06	58.55	26.51	
NODE_2_length_699260_cov_22.3949 	7	120144	120072	Leu	GAG	0	0	20.84	19.28	1.56	
NODE_2_length_699260_cov_22.3949 	8	6912  	6839  	Gly	CCC	0	0	60.35	30.06	30.29	
NODE_3_length_585193_cov_22.1408 	1	459930	460006	Arg	TCT	0	0	96.39	77.88	18.51	
NODE_3_length_585193_cov_22.1408 	2	460058	460133	His	GTG	0	0	83.51	64.18	19.33	
NODE_3_length_585193_cov_22.1408 	3	460188	460272	Leu	TAG	0	0	76.62	44.97	31.65	
NODE_3_length_585193_cov_22.1408 	4	460339	460414	His	GTG	0	0	83.51	64.18	19.33	
NODE_3_length_585193_cov_22.1408 	5	471692	471768	Asp	GTC	0	0	95.34	76.86	18.48	
NODE_4_length_531773_cov_22.3143 	1	402567	402640	Arg	ACG	0	0	52.72	27.21	25.51	
NODE_4_length_531773_cov_22.3143 	2	509535	509609	Gln	TTG	0	0	66.82	40.36	26.46	
NODE_4_length_531773_cov_22.3143 	3	513283	513359	Met	CAT	0	0	87.19	64.42	22.77	
NODE_4_length_531773_cov_22.3143 	4	358651	358576	Asn	GTT	0	0	91.73	62.08	29.65	
NODE_4_length_531773_cov_22.3143 	5	358566	358490	Pro	TGG	0	0	87.63	64.60	23.03	
NODE_4_length_531773_cov_22.3143 	6	358479	358404	Lys	TTT	0	0	95.07	71.82	23.25	
NODE_6_length_484363_cov_21.9957 	1	124368	124457	Ser	GGA	0	0	71.75	34.38	37.37	
NODE_6_length_484363_cov_21.9957 	2	313104	313180	Pro	CGG	0	0	88.20	60.26	27.94	
NODE_6_length_484363_cov_21.9957 	3	439808	439883	Asn	GTT	0	0	91.73	62.08	29.65	
NODE_6_length_484363_cov_21.9957 	4	431009	430934	Ala	GGC	0	0	86.95	68.86	18.09	
NODE_6_length_484363_cov_21.9957 	5	430885	430810	Glu	TTC	0	0	66.40	38.20	28.20	
NODE_6_length_484363_cov_21.9957 	6	430716	430641	Ala	GGC	0	0	86.95	68.86	18.09	
NODE_6_length_484363_cov_21.9957 	7	430594	430519	Glu	TTC	0	0	66.40	38.20	28.20	
NODE_6_length_484363_cov_21.9957 	8	391607	391532	Val	TAC	0	0	94.49	73.68	20.81	
NODE_6_length_484363_cov_21.9957 	9	391515	391439	Asp	GTC	0	0	94.67	75.49	19.18	
NODE_6_length_484363_cov_21.9957 	10	391324	391248	Asp	GTC	0	0	94.67	75.49	19.18	
NODE_6_length_484363_cov_21.9957 	11	91872 	91797 	Glu	TTC	0	0	66.40	38.20	28.20	
NODE_6_length_484363_cov_21.9957 	12	91794 	91719 	Gly	GCC	0	0	93.74	68.41	25.33	
NODE_6_length_484363_cov_21.9957 	13	91634 	91559 	Gly	GCC	0	0	93.74	68.41	25.33	
NODE_6_length_484363_cov_21.9957 	14	45236 	45160 	Val	GAC	0	0	93.19	67.81	25.38	
NODE_6_length_484363_cov_21.9957 	15	11095 	11019 	Pro	GGG	0	0	74.89	48.01	26.88	
NODE_7_length_459250_cov_22.3826 	1	270556	270642	Leu	CAG	0	0	73.96	38.54	35.42	
NODE_7_length_459250_cov_22.3826 	2	270772	270858	Leu	CAG	0	0	73.96	38.54	35.42	
NODE_7_length_459250_cov_22.3826 	3	116912	116821	SeC	TCA	0	0	55.75	-18.51	74.26	
NODE_7_length_459250_cov_22.3826 	4	62873 	62788 	Leu	GAG	0	0	68.53	39.16	29.37	
NODE_7_length_459250_cov_22.3826 	5	62697 	62621 	Met	CAT	0	0	85.85	60.06	25.79	
NODE_8_length_419002_cov_21.9933 	1	329339	329263	Met	CAT	0	0	92.87	71.40	21.47	
NODE_8_length_419002_cov_21.9933 	2	538   	462   	Arg	CCG	0	0	87.81	66.55	21.26	
NODE_9_length_350703_cov_22.3684 	1	71466 	71541 	Phe	GAA	0	0	92.69	68.52	24.17	
NODE_9_length_350703_cov_22.3684 	2	82876 	82951 	Thr	TGT	0	0	93.66	75.64	18.02	
NODE_10_length_341891_cov_22.0094	1	201950	201861	Ser	TGA	0	0	72.70	38.95	33.75	
NODE_10_length_341891_cov_22.0094	2	145827	145752	Gly	GCC	0	0	93.74	68.41	25.33	
NODE_10_length_341891_cov_22.0094	3	139421	139348	Cys	GCA	0	0	62.38	45.73	16.65	
NODE_10_length_341891_cov_22.0094	4	126797	126711	Leu	TAA	0	0	76.64	42.32	34.32	
NODE_17_length_65462_cov_22.0086 	1	1220  	1295  	Trp	CCA	0	0	86.73	63.05	23.68	
NODE_20_length_5523_cov_94.5552  	1	3589  	3513  	Ile	GAT	0	0	98.83	72.69	26.14	
NODE_20_length_5523_cov_94.5552  	2	3484  	3409  	Ala	TGC	0	0	90.68	71.56	19.12	
NODE_22_length_3319_cov_21.3587  	1	2799  	2883  	Tyr	GTA	0	0	71.07	41.76	29.31	
NODE_22_length_3319_cov_21.3587  	2	2910  	2983  	Gly	TCC	0	0	82.75	60.87	21.88	
NODE_22_length_3319_cov_21.3587  	3	3003  	3078  	Thr	GGT	0	0	93.76	67.73	26.03	
