Sequence                         		tRNA  	Bounds	tRNA	Anti	Intron Bounds	Cove	HMM	2'Str	      
Name                             	tRNA #	Begin 	End   	Type	Codon	Begin	End	Score	Score	Score	Note
--------                         	------	----- 	------	----	-----	-----	----	------	-----	-----	------
NODE_1_length_531410_cov_74.6654 	1	414285	414376	SeC	TCA	0	0	55.75	-18.51	74.26	
NODE_1_length_531410_cov_74.6654 	2	468492	468577	Leu	GAG	0	0	68.53	39.16	29.37	
NODE_1_length_531410_cov_74.6654 	3	468668	468744	Met	CAT	0	0	85.85	60.06	25.79	
NODE_1_length_531410_cov_74.6654 	4	258173	258087	Leu	CAG	0	0	73.96	38.54	35.42	
NODE_1_length_531410_cov_74.6654 	5	257957	257871	Leu	CAG	0	0	73.96	38.54	35.42	
NODE_1_length_531410_cov_74.6654 	6	1240  	1165  	Phe	GAA	0	0	92.69	68.52	24.17	
NODE_2_length_429030_cov_70.1612 	1	401906	401817	Ser	CGA	0	0	68.31	24.88	43.43	
NODE_3_length_419454_cov_67.2648 	1	59965 	60054 	Ser	GGA	0	0	71.75	34.38	37.37	
NODE_3_length_419454_cov_67.2648 	2	248781	248857	Pro	CGG	0	0	88.20	60.26	27.94	
NODE_3_length_419454_cov_67.2648 	3	375470	375545	Asn	GTT	0	0	91.73	62.08	29.65	
NODE_3_length_419454_cov_67.2648 	4	366671	366596	Ala	GGC	0	0	86.95	68.86	18.09	
NODE_3_length_419454_cov_67.2648 	5	366547	366472	Glu	TTC	0	0	66.40	38.20	28.20	
NODE_3_length_419454_cov_67.2648 	6	366378	366303	Ala	GGC	0	0	86.95	68.86	18.09	
NODE_3_length_419454_cov_67.2648 	7	366256	366181	Glu	TTC	0	0	66.40	38.20	28.20	
NODE_3_length_419454_cov_67.2648 	8	327265	327190	Val	TAC	0	0	94.49	73.68	20.81	
NODE_3_length_419454_cov_67.2648 	9	327173	327097	Asp	GTC	0	0	94.67	75.49	19.18	
NODE_3_length_419454_cov_67.2648 	10	326982	326906	Asp	GTC	0	0	94.67	75.49	19.18	
NODE_3_length_419454_cov_67.2648 	11	27464 	27389 	Glu	TTC	0	0	66.40	38.20	28.20	
NODE_3_length_419454_cov_67.2648 	12	27386 	27311 	Gly	GCC	0	0	93.74	68.41	25.33	
NODE_3_length_419454_cov_67.2648 	13	27226 	27151 	Gly	GCC	0	0	93.74	68.41	25.33	
NODE_4_length_390727_cov_69.5883 	1	26420 	26334 	Leu	CAA	0	0	69.99	38.33	31.66	
NODE_5_length_375339_cov_71.2861 	1	292067	291991	Met	CAT	0	0	92.87	71.40	21.47	
NODE_6_length_321803_cov_72.042  	1	36812 	36888 	Met	CAT	0	0	85.06	58.55	26.51	
NODE_6_length_321803_cov_72.042  	2	142878	142950	Leu	GAG	0	0	20.84	19.28	1.56	
NODE_6_length_321803_cov_72.042  	3	248487	248560	Gly	CCC	0	0	60.35	30.06	30.29	
NODE_6_length_321803_cov_72.042  	4	53358 	53268 	Ser	GCT	0	0	76.69	47.10	29.59	
NODE_6_length_321803_cov_72.042  	5	53150 	53074 	Arg	ACG	0	0	83.50	58.05	25.45	
NODE_6_length_321803_cov_72.042  	6	52962 	52886 	Arg	ACG	0	0	83.50	58.05	25.45	
NODE_7_length_270074_cov_63.5313 	1	144545	144621	Arg	TCT	0	0	96.39	77.88	18.51	
NODE_7_length_270074_cov_63.5313 	2	144673	144748	His	GTG	0	0	83.51	64.18	19.33	
NODE_7_length_270074_cov_63.5313 	3	144803	144887	Leu	TAG	0	0	76.62	44.97	31.65	
NODE_7_length_270074_cov_63.5313 	4	144954	145029	His	GTG	0	0	83.51	64.18	19.33	
NODE_7_length_270074_cov_63.5313 	5	156307	156383	Asp	GTC	0	0	95.34	76.86	18.48	
NODE_9_length_242186_cov_67.8099 	1	169014	168925	Ser	TGA	0	0	72.70	38.95	33.75	
NODE_9_length_242186_cov_67.8099 	2	144634	144559	Gly	GCC	0	0	93.74	68.41	25.33	
NODE_9_length_242186_cov_67.8099 	3	138240	138167	Cys	GCA	0	0	62.38	45.73	16.65	
NODE_9_length_242186_cov_67.8099 	4	125616	125530	Leu	TAA	0	0	76.64	42.32	34.32	
NODE_12_length_209424_cov_68.6415	1	90483 	90407 	Arg	CCT	0	0	83.71	58.51	25.20	
NODE_19_length_151239_cov_74.7809	1	12320 	12402 	Phe	GAA	0	0	21.74	20.22	1.52	
NODE_19_length_151239_cov_74.7809	2	23731 	23806 	Thr	TGT	0	0	93.66	75.64	18.02	
NODE_21_length_114894_cov_66.8262	1	35959 	36034 	Val	TAC	0	0	94.49	73.68	20.81	
NODE_21_length_114894_cov_66.8262	2	36051 	36127 	Asp	GTC	0	0	94.67	75.49	19.18	
NODE_22_length_109516_cov_73.6811	1	101197	101272	Asn	GTT	0	0	91.73	62.08	29.65	
NODE_22_length_109516_cov_73.6811	2	101282	101358	Pro	TGG	0	0	87.63	64.60	23.03	
NODE_22_length_109516_cov_73.6811	3	101369	101444	Lys	TTT	0	0	95.07	71.82	23.25	
NODE_22_length_109516_cov_73.6811	4	57290 	57217 	Arg	ACG	0	0	52.72	27.21	25.51	
NODE_26_length_71275_cov_72.3506 	1	22249 	22175 	Gln	TTG	0	0	66.82	40.36	26.46	
NODE_26_length_71275_cov_72.3506 	2	18501 	18425 	Met	CAT	0	0	87.19	64.42	22.77	
NODE_28_length_65518_cov_65.9097 	1	64299 	64224 	Trp	CCA	0	0	86.73	63.05	23.68	
NODE_29_length_61676_cov_68.8941 	1	26934 	26858 	Arg	CCG	0	0	87.89	66.77	21.12	
NODE_31_length_55939_cov_74.2217 	1	32975 	32900 	Thr	CGT	0	0	90.98	74.93	16.05	
NODE_32_length_54658_cov_62.6558 	1	18885 	18961 	Val	GAC	0	0	93.19	67.81	25.38	
NODE_32_length_54658_cov_62.6558 	2	53042 	53118 	Pro	GGG	0	0	74.89	48.01	26.88	
NODE_36_length_36129_cov_62.6426 	1	18361 	18286 	Lys	TTT	0	0	95.07	71.82	23.25	
NODE_41_length_14197_cov_74.9153 	1	10729 	10660 	Lys	TTT	0	0	26.12	11.05	15.07	
NODE_54_length_5475_cov_217.291  	1	1894  	1970  	Ile	GAT	0	0	98.83	72.69	26.14	
NODE_54_length_5475_cov_217.291  	2	1999  	2074  	Ala	TGC	0	0	90.68	71.56	19.12	
NODE_66_length_3327_cov_53.6366  	1	521   	437   	Tyr	GTA	0	0	71.07	41.76	29.31	
NODE_66_length_3327_cov_53.6366  	2	410   	337   	Gly	TCC	0	0	82.75	60.87	21.88	
NODE_66_length_3327_cov_53.6366  	3	317   	242   	Thr	GGT	0	0	93.76	67.73	26.03	
