Sequence                         		tRNA  	Bounds	tRNA	Anti	Intron Bounds	Cove	HMM	2'Str	      
Name                             	tRNA #	Begin 	End   	Type	Codon	Begin	End	Score	Score	Score	Note
--------                         	------	----- 	------	----	-----	-----	----	------	-----	-----	------
NODE_1_length_883586_cov_106.584 	1	121886	121975	Ser	GGA	0	0	71.75	34.38	37.37	
NODE_1_length_883586_cov_106.584 	2	310691	310767	Pro	CGG	0	0	88.20	60.26	27.94	
NODE_1_length_883586_cov_106.584 	3	437380	437455	Asn	GTT	0	0	91.73	62.08	29.65	
NODE_1_length_883586_cov_106.584 	4	688075	687999	Arg	CCT	0	0	83.71	58.51	25.20	
NODE_1_length_883586_cov_106.584 	5	559701	559626	Val	TAC	0	0	94.49	73.68	20.81	
NODE_1_length_883586_cov_106.584 	6	559609	559533	Asp	GTC	0	0	94.67	75.49	19.18	
NODE_1_length_883586_cov_106.584 	7	428581	428506	Ala	GGC	0	0	86.95	68.86	18.09	
NODE_1_length_883586_cov_106.584 	8	428457	428382	Glu	TTC	0	0	66.40	38.20	28.20	
NODE_1_length_883586_cov_106.584 	9	428288	428213	Ala	GGC	0	0	86.95	68.86	18.09	
NODE_1_length_883586_cov_106.584 	10	428166	428091	Glu	TTC	0	0	66.40	38.20	28.20	
NODE_1_length_883586_cov_106.584 	11	389190	389115	Val	TAC	0	0	94.49	73.68	20.81	
NODE_1_length_883586_cov_106.584 	12	389098	389022	Asp	GTC	0	0	94.67	75.49	19.18	
NODE_1_length_883586_cov_106.584 	13	388907	388831	Asp	GTC	0	0	94.67	75.49	19.18	
NODE_1_length_883586_cov_106.584 	14	89389 	89314 	Glu	TTC	0	0	66.40	38.20	28.20	
NODE_1_length_883586_cov_106.584 	15	89311 	89236 	Gly	GCC	0	0	93.74	68.41	25.33	
NODE_1_length_883586_cov_106.584 	16	44278 	44202 	Val	GAC	0	0	93.19	67.81	25.38	
NODE_1_length_883586_cov_106.584 	17	10138 	10062 	Pro	GGG	0	0	74.89	48.01	26.88	
NODE_2_length_578391_cov_107.878 	1	221899	221813	Leu	CAA	0	0	69.99	38.33	31.66	
NODE_3_length_370212_cov_106.732 	1	354080	354005	Lys	TTT	0	0	95.07	71.82	23.25	
NODE_3_length_370212_cov_106.732 	2	305627	305538	Ser	CGA	0	0	68.31	24.88	43.43	
NODE_4_length_333502_cov_104.744 	1	40166 	40241 	Asn	GTT	0	0	91.73	62.08	29.65	
NODE_4_length_333502_cov_104.744 	2	40251 	40327 	Pro	TGG	0	0	87.63	64.60	23.03	
NODE_4_length_333502_cov_104.744 	3	40338 	40413 	Lys	TTT	0	0	95.07	71.82	23.25	
NODE_4_length_333502_cov_104.744 	4	58298 	58373 	Thr	CGT	0	0	90.98	74.93	16.05	
NODE_5_length_297033_cov_108.623 	1	160130	160216	Leu	CAG	0	0	73.96	38.54	35.42	
NODE_5_length_297033_cov_108.623 	2	160346	160432	Leu	CAG	0	0	73.96	38.54	35.42	
NODE_6_length_291410_cov_104.904 	1	7350  	7426  	Met	CAT	0	0	85.06	58.55	26.51	
NODE_6_length_291410_cov_104.904 	2	113407	113479	Leu	GAG	0	0	20.84	19.28	1.56	
NODE_6_length_291410_cov_104.904 	3	233639	233712	Gly	CCC	0	0	60.35	30.06	30.29	
NODE_6_length_291410_cov_104.904 	4	23884 	23794 	Ser	GCT	0	0	76.69	47.10	29.59	
NODE_6_length_291410_cov_104.904 	5	23676 	23600 	Arg	ACG	0	0	83.50	58.05	25.45	
NODE_6_length_291410_cov_104.904 	6	23488 	23412 	Arg	ACG	0	0	83.50	58.05	25.45	
NODE_7_length_281063_cov_110.576 	1	34637 	34713 	Arg	CCG	0	0	87.81	66.55	21.26	
NODE_8_length_269110_cov_103.887 	1	144555	144631	Arg	TCT	0	0	96.39	77.88	18.51	
NODE_8_length_269110_cov_103.887 	2	144683	144758	His	GTG	0	0	83.51	64.18	19.33	
NODE_8_length_269110_cov_103.887 	3	144813	144897	Leu	TAG	0	0	76.62	44.97	31.65	
NODE_8_length_269110_cov_103.887 	4	144964	145039	His	GTG	0	0	83.51	64.18	19.33	
NODE_8_length_269110_cov_103.887 	5	156323	156399	Asp	GTC	0	0	95.34	76.86	18.48	
NODE_9_length_255263_cov_107.894 	1	134776	134701	Phe	GAA	0	0	92.69	68.52	24.17	
NODE_9_length_255263_cov_107.894 	2	123372	123297	Thr	TGT	0	0	93.66	75.64	18.02	
NODE_11_length_239983_cov_105.952	1	77280 	77356 	Met	CAT	0	0	91.41	70.89	20.52	
NODE_14_length_168230_cov_105.58 	1	26957 	26868 	Ser	TGA	0	0	72.70	38.95	33.75	
NODE_14_length_168230_cov_105.58 	2	2577  	2502  	Gly	GCC	0	0	93.74	68.41	25.33	
NODE_18_length_142720_cov_107.245	1	138157	138084	Cys	GCA	0	0	62.38	45.73	16.65	
NODE_18_length_142720_cov_107.245	2	125532	125446	Leu	TAA	0	0	76.64	42.32	34.32	
NODE_20_length_117734_cov_103.855	1	116686	116595	SeC	TCA	0	0	55.75	-18.51	74.26	
NODE_20_length_117734_cov_103.855	2	62683 	62598 	Leu	GAG	0	0	68.53	39.16	29.37	
NODE_20_length_117734_cov_103.855	3	62507 	62431 	Met	CAT	0	0	85.85	60.06	25.79	
NODE_22_length_96667_cov_105.059 	1	46373 	46299 	Gln	TTG	0	0	66.82	40.36	26.46	
NODE_22_length_96667_cov_105.059 	2	19254 	19178 	Met	CAT	0	0	87.19	64.42	22.77	
NODE_24_length_75676_cov_107.547 	1	1220  	1295  	Trp	CCA	0	0	86.73	63.05	23.68	
NODE_27_length_61035_cov_105.238 	1	57023 	56950 	Arg	ACG	0	0	52.72	27.21	25.51	
NODE_36_length_5705_cov_400.752  	1	2125  	2201  	Ile	GAT	0	0	98.83	72.69	26.14	
NODE_36_length_5705_cov_400.752  	2	2230  	2305  	Ala	TGC	0	0	90.68	71.56	19.12	
NODE_41_length_3327_cov_101.911  	1	2807  	2891  	Tyr	GTA	0	0	71.07	41.76	29.31	
NODE_41_length_3327_cov_101.911  	2	2918  	2991  	Gly	TCC	0	0	82.75	60.87	21.88	
NODE_41_length_3327_cov_101.911  	3	3011  	3086  	Thr	GGT	0	0	93.76	67.73	26.03	
