Sequence                         		tRNA  	Bounds	tRNA	Anti	Intron Bounds	Cove	HMM	2'Str	      
Name                             	tRNA #	Begin 	End   	Type	Codon	Begin	End	Score	Score	Score	Note
--------                         	------	----- 	------	----	-----	-----	----	------	-----	-----	------
NODE_1_length_657487_cov_25.1575 	1	156151	156237	Leu	CAG	0	0	73.96	38.54	35.42	
NODE_1_length_657487_cov_25.1575 	2	156367	156453	Leu	CAG	0	0	73.96	38.54	35.42	
NODE_1_length_657487_cov_25.1575 	3	416317	416392	Phe	GAA	0	0	92.69	68.52	24.17	
NODE_1_length_657487_cov_25.1575 	4	427727	427802	Thr	TGT	0	0	93.66	75.64	18.02	
NODE_1_length_657487_cov_25.1575 	5	2653  	2562  	SeC	TCA	0	0	55.75	-18.51	74.26	
NODE_2_length_511273_cov_25.0984 	1	386048	386124	Arg	TCT	0	0	96.39	77.88	18.51	
NODE_2_length_511273_cov_25.0984 	2	386176	386251	His	GTG	0	0	83.51	64.18	19.33	
NODE_2_length_511273_cov_25.0984 	3	386306	386390	Leu	TAG	0	0	76.62	44.97	31.65	
NODE_2_length_511273_cov_25.0984 	4	386457	386532	His	GTG	0	0	83.51	64.18	19.33	
NODE_2_length_511273_cov_25.0984 	5	397810	397886	Asp	GTC	0	0	95.34	76.86	18.48	
NODE_3_length_501082_cov_24.452  	1	279549	279635	Leu	CAA	0	0	69.99	38.33	31.66	
NODE_4_length_473334_cov_25.2799 	1	53251 	53326 	Ala	GGC	0	0	86.95	68.86	18.09	
NODE_4_length_473334_cov_25.2799 	2	53375 	53450 	Glu	TTC	0	0	66.40	38.20	28.20	
NODE_4_length_473334_cov_25.2799 	3	53544 	53619 	Ala	GGC	0	0	86.95	68.86	18.09	
NODE_4_length_473334_cov_25.2799 	4	53666 	53741 	Glu	TTC	0	0	66.40	38.20	28.20	
NODE_4_length_473334_cov_25.2799 	5	92654 	92729 	Val	TAC	0	0	94.49	73.68	20.81	
NODE_4_length_473334_cov_25.2799 	6	92746 	92822 	Asp	GTC	0	0	94.67	75.49	19.18	
NODE_4_length_473334_cov_25.2799 	7	92937 	93013 	Asp	GTC	0	0	94.67	75.49	19.18	
NODE_4_length_473334_cov_25.2799 	8	394527	394602	Glu	TTC	0	0	66.40	38.20	28.20	
NODE_4_length_473334_cov_25.2799 	9	394605	394680	Gly	GCC	0	0	93.74	68.41	25.33	
NODE_4_length_473334_cov_25.2799 	10	394765	394840	Gly	GCC	0	0	93.74	68.41	25.33	
NODE_4_length_473334_cov_25.2799 	11	438525	438601	Val	GAC	0	0	93.19	67.81	25.38	
NODE_4_length_473334_cov_25.2799 	12	472679	472755	Pro	GGG	0	0	74.89	48.01	26.88	
NODE_4_length_473334_cov_25.2799 	13	362033	361944	Ser	GGA	0	0	71.75	34.38	37.37	
NODE_4_length_473334_cov_25.2799 	14	173276	173200	Pro	CGG	0	0	88.20	60.26	27.94	
NODE_4_length_473334_cov_25.2799 	15	44452 	44377 	Asn	GTT	0	0	91.73	62.08	29.65	
NODE_5_length_465459_cov_25.6162 	1	437917	437828	Ser	CGA	0	0	68.31	24.88	43.43	
NODE_6_length_416109_cov_24.4302 	1	206410	206486	Arg	CCT	0	0	83.71	58.51	25.20	
NODE_6_length_416109_cov_24.4302 	2	212394	212468	Arg	CCT	0	0	69.69	51.80	17.89	
NODE_6_length_416109_cov_24.4302 	3	342040	342115	Val	TAC	0	0	94.49	73.68	20.81	
NODE_6_length_416109_cov_24.4302 	4	342132	342208	Asp	GTC	0	0	94.67	75.49	19.18	
NODE_7_length_395120_cov_24.4033 	1	100183	100258	Asn	GTT	0	0	91.73	62.08	29.65	
NODE_7_length_395120_cov_24.4033 	2	100268	100344	Pro	TGG	0	0	87.63	64.60	23.03	
NODE_7_length_395120_cov_24.4033 	3	100355	100430	Lys	TTT	0	0	95.07	71.82	23.25	
NODE_7_length_395120_cov_24.4033 	4	119792	119867	Thr	CGT	0	0	90.98	74.93	16.05	
NODE_7_length_395120_cov_24.4033 	5	56267 	56194 	Arg	ACG	0	0	52.72	27.21	25.51	
NODE_8_length_373700_cov_24.8304 	1	42248 	42324 	Met	CAT	0	0	92.87	71.40	21.47	
NODE_8_length_373700_cov_24.8304 	2	372226	372302	Arg	CCG	0	0	87.81	66.55	21.26	
NODE_9_length_316924_cov_25.8208 	1	167808	167719	Ser	TGA	0	0	72.70	38.95	33.75	
NODE_9_length_316924_cov_25.8208 	2	143407	143332	Gly	GCC	0	0	93.74	68.41	25.33	
NODE_9_length_316924_cov_25.8208 	3	138784	138711	Cys	GCA	0	0	62.38	45.73	16.65	
NODE_9_length_316924_cov_25.8208 	4	126160	126074	Leu	TAA	0	0	76.64	42.32	34.32	
NODE_10_length_305242_cov_24.5319	1	234216	234306	Ser	GCT	0	0	76.69	47.10	29.59	
NODE_10_length_305242_cov_24.5319	2	234424	234500	Arg	ACG	0	0	83.50	58.05	25.45	
NODE_10_length_305242_cov_24.5319	3	234612	234688	Arg	ACG	0	0	83.50	58.05	25.45	
NODE_10_length_305242_cov_24.5319	4	303290	303365	Lys	TTT	0	0	95.07	71.82	23.25	
NODE_10_length_305242_cov_24.5319	5	250758	250682	Met	CAT	0	0	85.06	58.55	26.51	
NODE_10_length_305242_cov_24.5319	6	144539	144467	Leu	GAG	0	0	20.84	19.28	1.56	
NODE_10_length_305242_cov_24.5319	7	40649 	40576 	Gly	CCC	0	0	60.35	30.06	30.29	
NODE_17_length_120316_cov_24.8875	1	62792 	62707 	Leu	GAG	0	0	68.53	39.16	29.37	
NODE_17_length_120316_cov_24.8875	2	62616 	62540 	Met	CAT	0	0	85.85	60.06	25.79	
NODE_19_length_76180_cov_24.452  	1	25348 	25274 	Gln	TTG	0	0	66.82	40.36	26.46	
NODE_19_length_76180_cov_24.452  	2	3096  	3020  	Met	CAT	0	0	87.19	64.42	22.77	
NODE_20_length_65470_cov_25.906  	1	64251 	64176 	Trp	CCA	0	0	86.73	63.05	23.68	
NODE_26_length_23335_cov_26.4874 	1	4856  	4934  	Met	CAT	0	0	31.93	32.13	-0.20	
NODE_32_length_5597_cov_113.259  	1	3582  	3506  	Ile	GAT	0	0	98.83	72.69	26.14	
NODE_32_length_5597_cov_113.259  	2	3477  	3402  	Ala	TGC	0	0	90.68	71.56	19.12	
NODE_35_length_3326_cov_25.1982  	1	521   	437   	Tyr	GTA	0	0	71.07	41.76	29.31	
NODE_35_length_3326_cov_25.1982  	2	410   	337   	Gly	TCC	0	0	82.75	60.87	21.88	
NODE_35_length_3326_cov_25.1982  	3	317   	242   	Thr	GGT	0	0	93.76	67.73	26.03	
