Sequence                         		tRNA  	Bounds	tRNA	Anti	Intron Bounds	Cove	HMM	2'Str	      
Name                             	tRNA #	Begin 	End   	Type	Codon	Begin	End	Score	Score	Score	Note
--------                         	------	----- 	------	----	-----	-----	----	------	-----	-----	------
NODE_1_length_463250_cov_21.1938 	1	129150	129226	Met	CAT	0	0	92.87	71.40	21.47	
NODE_1_length_463250_cov_21.1938 	2	461972	462048	Arg	CCG	0	0	87.81	66.55	21.26	
NODE_2_length_383316_cov_19.9855 	1	15188 	15102 	Leu	CAA	0	0	69.99	38.33	31.66	
NODE_3_length_368803_cov_19.1419 	1	35521 	35610 	Ser	GGA	0	0	71.75	34.38	37.37	
NODE_3_length_368803_cov_19.1419 	2	224308	224384	Pro	CGG	0	0	88.20	60.26	27.94	
NODE_3_length_368803_cov_19.1419 	3	350987	351062	Asn	GTT	0	0	91.73	62.08	29.65	
NODE_3_length_368803_cov_19.1419 	4	342188	342113	Ala	GGC	0	0	86.95	68.86	18.09	
NODE_3_length_368803_cov_19.1419 	5	342064	341989	Glu	TTC	0	0	66.40	38.20	28.20	
NODE_3_length_368803_cov_19.1419 	6	341895	341820	Ala	GGC	0	0	86.95	68.86	18.09	
NODE_3_length_368803_cov_19.1419 	7	341773	341698	Glu	TTC	0	0	66.40	38.20	28.20	
NODE_3_length_368803_cov_19.1419 	8	302790	302715	Val	TAC	0	0	94.49	73.68	20.81	
NODE_3_length_368803_cov_19.1419 	9	302698	302622	Asp	GTC	0	0	94.67	75.49	19.18	
NODE_3_length_368803_cov_19.1419 	10	302507	302431	Asp	GTC	0	0	94.67	75.49	19.18	
NODE_3_length_368803_cov_19.1419 	11	3025  	2950  	Glu	TTC	0	0	66.40	38.20	28.20	
NODE_3_length_368803_cov_19.1419 	12	2947  	2872  	Gly	GCC	0	0	93.74	68.41	25.33	
NODE_3_length_368803_cov_19.1419 	13	2787  	2712  	Gly	GCC	0	0	93.74	68.41	25.33	
NODE_4_length_323921_cov_20.2578 	1	184671	184585	Leu	CAG	0	0	73.96	38.54	35.42	
NODE_4_length_323921_cov_20.2578 	2	184455	184369	Leu	CAG	0	0	73.96	38.54	35.42	
NODE_5_length_303214_cov_18.6196 	1	152693	152782	Ser	TGA	0	0	72.70	38.95	33.75	
NODE_5_length_303214_cov_18.6196 	2	166126	166201	Gly	GCC	0	0	93.74	68.41	25.33	
NODE_5_length_303214_cov_18.6196 	3	172519	172592	Cys	GCA	0	0	62.38	45.73	16.65	
NODE_5_length_303214_cov_18.6196 	4	185145	185231	Leu	TAA	0	0	76.64	42.32	34.32	
NODE_6_length_287323_cov_19.3607 	1	34978 	35067 	Ser	CGA	0	0	68.31	24.88	43.43	
NODE_9_length_232869_cov_19.9671 	1	20938 	21023 	Lys	TTT	0	0	22.00	12.28	9.72	
NODE_9_length_232869_cov_19.9671 	2	40376 	40451 	Thr	CGT	0	0	90.98	74.93	16.05	
NODE_11_length_206322_cov_20.9574	1	133786	133711	Phe	GAA	0	0	92.69	68.52	24.17	
NODE_11_length_206322_cov_20.9574	2	122376	122301	Thr	TGT	0	0	93.66	75.64	18.02	
NODE_12_length_184442_cov_19.081 	1	93767 	93843 	Arg	CCT	0	0	83.71	58.51	25.20	
NODE_13_length_177688_cov_20.9258	1	101941	102016	Asn	GTT	0	0	91.73	62.08	29.65	
NODE_13_length_177688_cov_20.9258	2	102026	102102	Pro	TGG	0	0	87.63	64.60	23.03	
NODE_13_length_177688_cov_20.9258	3	102113	102188	Lys	TTT	0	0	95.07	71.82	23.25	
NODE_13_length_177688_cov_20.9258	4	58030 	57957 	Arg	ACG	0	0	52.72	27.21	25.51	
NODE_14_length_162922_cov_19.0714	1	144555	144631	Arg	TCT	0	0	96.39	77.88	18.51	
NODE_14_length_162922_cov_19.0714	2	144683	144758	His	GTG	0	0	83.51	64.18	19.33	
NODE_14_length_162922_cov_19.0714	3	144813	144897	Leu	TAG	0	0	76.62	44.97	31.65	
NODE_15_length_162705_cov_19.4471	1	58188 	58115 	Gly	CCC	0	0	60.35	30.06	30.29	
NODE_16_length_162514_cov_19.8093	1	90774 	90864 	Ser	GCT	0	0	76.69	47.10	29.59	
NODE_16_length_162514_cov_19.8093	2	90982 	91058 	Arg	ACG	0	0	83.50	58.05	25.45	
NODE_16_length_162514_cov_19.8093	3	91170 	91246 	Arg	ACG	0	0	83.50	58.05	25.45	
NODE_16_length_162514_cov_19.8093	4	159926	160001	Lys	TTT	0	0	95.07	71.82	23.25	
NODE_16_length_162514_cov_19.8093	5	107354	107278	Met	CAT	0	0	85.06	58.55	26.51	
NODE_16_length_162514_cov_19.8093	6	1208  	1136  	Leu	GAG	0	0	20.84	19.28	1.56	
NODE_18_length_149286_cov_20.0787	1	107121	107197	Val	GAC	0	0	93.19	67.81	25.38	
NODE_21_length_132897_cov_20.8798	1	15566 	15657 	SeC	TCA	0	0	55.75	-18.51	74.26	
NODE_21_length_132897_cov_20.8798	2	69774 	69859 	Leu	GAG	0	0	68.53	39.16	29.37	
NODE_21_length_132897_cov_20.8798	3	69950 	70026 	Met	CAT	0	0	85.85	60.06	25.79	
NODE_22_length_124713_cov_19.2228	1	30805 	30880 	His	GTG	0	0	83.51	64.18	19.33	
NODE_22_length_124713_cov_19.2228	2	42158 	42234 	Asp	GTC	0	0	95.34	76.86	18.48	
NODE_25_length_101644_cov_19.2812	1	79045 	78970 	Val	TAC	0	0	94.49	73.68	20.81	
NODE_25_length_101644_cov_19.2812	2	78953 	78877 	Asp	GTC	0	0	94.67	75.49	19.18	
NODE_26_length_99794_cov_21.1066 	1	50039 	49965 	Gln	TTG	0	0	66.82	40.36	26.46	
NODE_26_length_99794_cov_21.1066 	2	26868 	26792 	Met	CAT	0	0	87.19	64.42	22.77	
NODE_33_length_65610_cov_21.7057 	1	1220  	1295  	Trp	CCA	0	0	86.73	63.05	23.68	
NODE_44_length_17946_cov_20.7648 	1	4098  	4022  	Pro	GGG	0	0	74.89	48.01	26.88	
NODE_55_length_5269_cov_98.0696  	1	1687  	1763  	Ile	GAT	0	0	98.83	72.69	26.14	
NODE_55_length_5269_cov_98.0696  	2	1792  	1867  	Ala	TGC	0	0	90.68	71.56	19.12	
NODE_61_length_3326_cov_21.1116  	1	2806  	2890  	Tyr	GTA	0	0	71.07	41.76	29.31	
NODE_61_length_3326_cov_21.1116  	2	2917  	2990  	Gly	TCC	0	0	82.75	60.87	21.88	
NODE_61_length_3326_cov_21.1116  	3	3010  	3085  	Thr	GGT	0	0	93.76	67.73	26.03	
