Sequence                         		tRNA  	Bounds	tRNA	Anti	Intron Bounds	Cove	HMM	2'Str	      
Name                             	tRNA #	Begin 	End   	Type	Codon	Begin	End	Score	Score	Score	Note
--------                         	------	----- 	------	----	-----	-----	----	------	-----	-----	------
NODE_1_length_876423_cov_28.7505 	1	608154	608230	Met	CAT	0	0	85.06	58.55	26.51	
NODE_1_length_876423_cov_28.7505 	2	714377	714449	Leu	GAG	0	0	20.84	19.28	1.56	
NODE_1_length_876423_cov_28.7505 	3	818171	818244	Gly	CCC	0	0	60.35	30.06	30.29	
NODE_1_length_876423_cov_28.7505 	4	624698	624608	Ser	GCT	0	0	76.69	47.10	29.59	
NODE_1_length_876423_cov_28.7505 	5	624490	624414	Arg	ACG	0	0	83.50	58.05	25.45	
NODE_1_length_876423_cov_28.7505 	6	624302	624226	Arg	ACG	0	0	83.50	58.05	25.45	
NODE_1_length_876423_cov_28.7505 	7	555606	555531	Lys	TTT	0	0	95.07	71.82	23.25	
NODE_1_length_876423_cov_28.7505 	8	440798	440709	Ser	CGA	0	0	68.31	24.88	43.43	
NODE_2_length_541658_cov_28.4385 	1	487272	487358	Leu	CAA	0	0	69.99	38.33	31.66	
NODE_2_length_541658_cov_28.4385 	2	3177  	3101  	Arg	CCT	0	0	83.71	58.51	25.20	
NODE_3_length_493229_cov_28.2122 	1	53175 	53250 	Ala	GGC	0	0	86.95	68.86	18.09	
NODE_3_length_493229_cov_28.2122 	2	53299 	53374 	Glu	TTC	0	0	66.40	38.20	28.20	
NODE_3_length_493229_cov_28.2122 	3	53468 	53543 	Ala	GGC	0	0	86.95	68.86	18.09	
NODE_3_length_493229_cov_28.2122 	4	53590 	53665 	Glu	TTC	0	0	66.40	38.20	28.20	
NODE_3_length_493229_cov_28.2122 	5	92578 	92653 	Val	TAC	0	0	94.49	73.68	20.81	
NODE_3_length_493229_cov_28.2122 	6	92670 	92746 	Asp	GTC	0	0	94.67	75.49	19.18	
NODE_3_length_493229_cov_28.2122 	7	92861 	92937 	Asp	GTC	0	0	94.67	75.49	19.18	
NODE_3_length_493229_cov_28.2122 	8	392330	392405	Glu	TTC	0	0	66.40	38.20	28.20	
NODE_3_length_493229_cov_28.2122 	9	392408	392483	Gly	GCC	0	0	93.74	68.41	25.33	
NODE_3_length_493229_cov_28.2122 	10	392568	392643	Gly	GCC	0	0	93.74	68.41	25.33	
NODE_3_length_493229_cov_28.2122 	11	439725	439801	Val	GAC	0	0	93.19	67.81	25.38	
NODE_3_length_493229_cov_28.2122 	12	473866	473942	Pro	GGG	0	0	74.89	48.01	26.88	
NODE_3_length_493229_cov_28.2122 	13	359835	359746	Ser	GGA	0	0	71.75	34.38	37.37	
NODE_3_length_493229_cov_28.2122 	14	171087	171011	Pro	CGG	0	0	88.20	60.26	27.94	
NODE_3_length_493229_cov_28.2122 	15	44376 	44301 	Asn	GTT	0	0	91.73	62.08	29.65	
NODE_4_length_457958_cov_28.2776 	1	271008	271094	Leu	CAG	0	0	73.96	38.54	35.42	
NODE_4_length_457958_cov_28.2776 	2	271224	271310	Leu	CAG	0	0	73.96	38.54	35.42	
NODE_4_length_457958_cov_28.2776 	3	117223	117132	SeC	TCA	0	0	55.75	-18.51	74.26	
NODE_4_length_457958_cov_28.2776 	4	63083 	62998 	Leu	GAG	0	0	68.53	39.16	29.37	
NODE_4_length_457958_cov_28.2776 	5	62907 	62831 	Met	CAT	0	0	85.85	60.06	25.79	
NODE_5_length_382818_cov_29.8814 	1	89610 	89686 	Met	CAT	0	0	92.87	71.40	21.47	
NODE_6_length_352428_cov_27.9985 	1	296110	296183	Arg	ACG	0	0	52.72	27.21	25.51	
NODE_6_length_352428_cov_27.9985 	2	252194	252119	Asn	GTT	0	0	91.73	62.08	29.65	
NODE_6_length_352428_cov_27.9985 	3	252109	252033	Pro	TGG	0	0	87.63	64.60	23.03	
NODE_6_length_352428_cov_27.9985 	4	252022	251947	Lys	TTT	0	0	95.07	71.82	23.25	
NODE_6_length_352428_cov_27.9985 	5	232684	232609	Thr	CGT	0	0	90.98	74.93	16.05	
NODE_7_length_340949_cov_29.3983 	1	201061	200972	Ser	TGA	0	0	72.70	38.95	33.75	
NODE_7_length_340949_cov_29.3983 	2	140456	140381	Gly	GCC	0	0	93.74	68.41	25.33	
NODE_7_length_340949_cov_29.3983 	3	135838	135765	Cys	GCA	0	0	62.38	45.73	16.65	
NODE_7_length_340949_cov_29.3983 	4	123215	123129	Leu	TAA	0	0	76.64	42.32	34.32	
NODE_8_length_270179_cov_27.9032 	1	144635	144711	Arg	TCT	0	0	96.39	77.88	18.51	
NODE_8_length_270179_cov_27.9032 	2	144763	144838	His	GTG	0	0	83.51	64.18	19.33	
NODE_8_length_270179_cov_27.9032 	3	144893	144977	Leu	TAG	0	0	76.62	44.97	31.65	
NODE_8_length_270179_cov_27.9032 	4	145044	145119	His	GTG	0	0	83.51	64.18	19.33	
NODE_8_length_270179_cov_27.9032 	5	156410	156486	Asp	GTC	0	0	95.34	76.86	18.48	
NODE_11_length_214806_cov_28.9812	1	71581 	71656 	Phe	GAA	0	0	92.69	68.52	24.17	
NODE_11_length_214806_cov_28.9812	2	82991 	83066 	Thr	TGT	0	0	93.66	75.64	18.02	
NODE_14_length_205407_cov_27.8172	1	131541	131616	Val	TAC	0	0	94.49	73.68	20.81	
NODE_14_length_205407_cov_27.8172	2	131633	131709	Asp	GTC	0	0	94.67	75.49	19.18	
NODE_21_length_72284_cov_27.9537 	1	50056 	50130 	Gln	TTG	0	0	66.82	40.36	26.46	
NODE_21_length_72284_cov_27.9537 	2	53805 	53881 	Met	CAT	0	0	87.19	64.42	22.77	
NODE_22_length_65452_cov_29.5432 	1	1220  	1295  	Trp	CCA	0	0	86.73	63.05	23.68	
NODE_28_length_36183_cov_31.8267 	1	34651 	34727 	Arg	CCG	0	0	87.81	66.55	21.26	
NODE_36_length_5284_cov_116.461  	1	3562  	3486  	Ile	GAT	0	0	98.83	72.69	26.14	
NODE_36_length_5284_cov_116.461  	2	3457  	3382  	Ala	TGC	0	0	90.68	71.56	19.12	
NODE_40_length_3346_cov_28.0842  	1	2826  	2910  	Tyr	GTA	0	0	71.07	41.76	29.31	
NODE_40_length_3346_cov_28.0842  	2	2937  	3010  	Gly	TCC	0	0	82.75	60.87	21.88	
NODE_40_length_3346_cov_28.0842  	3	3030  	3105  	Thr	GGT	0	0	93.76	67.73	26.03	
