Sequence                         		tRNA  	Bounds	tRNA	Anti	Intron Bounds	Cove	HMM	2'Str	      
Name                             	tRNA #	Begin 	End   	Type	Codon	Begin	End	Score	Score	Score	Note
--------                         	------	----- 	------	----	-----	-----	----	------	-----	-----	------
NODE_1_length_574750_cov_63.3765 	1	363288	363374	Leu	CAA	0	0	69.99	38.33	31.66	
NODE_2_length_487023_cov_63.9225 	1	126867	126956	Ser	GGA	0	0	71.75	34.38	37.37	
NODE_2_length_487023_cov_63.9225 	2	315609	315685	Pro	CGG	0	0	88.20	60.26	27.94	
NODE_2_length_487023_cov_63.9225 	3	444424	444499	Asn	GTT	0	0	91.73	62.08	29.65	
NODE_2_length_487023_cov_63.9225 	4	435625	435550	Ala	GGC	0	0	86.95	68.86	18.09	
NODE_2_length_487023_cov_63.9225 	5	435501	435426	Glu	TTC	0	0	66.40	38.20	28.20	
NODE_2_length_487023_cov_63.9225 	6	435332	435257	Ala	GGC	0	0	86.95	68.86	18.09	
NODE_2_length_487023_cov_63.9225 	7	435210	435135	Glu	TTC	0	0	66.40	38.20	28.20	
NODE_2_length_487023_cov_63.9225 	8	396229	396154	Val	TAC	0	0	94.49	73.68	20.81	
NODE_2_length_487023_cov_63.9225 	9	396137	396061	Asp	GTC	0	0	94.67	75.49	19.18	
NODE_2_length_487023_cov_63.9225 	10	395946	395870	Asp	GTC	0	0	94.67	75.49	19.18	
NODE_2_length_487023_cov_63.9225 	11	94371 	94296 	Glu	TTC	0	0	66.40	38.20	28.20	
NODE_2_length_487023_cov_63.9225 	12	94293 	94218 	Gly	GCC	0	0	93.74	68.41	25.33	
NODE_2_length_487023_cov_63.9225 	13	94133 	94058 	Gly	GCC	0	0	93.74	68.41	25.33	
NODE_2_length_487023_cov_63.9225 	14	47729 	47653 	Val	GAC	0	0	93.19	67.81	25.38	
NODE_2_length_487023_cov_63.9225 	15	13586 	13510 	Pro	GGG	0	0	74.89	48.01	26.88	
NODE_3_length_477924_cov_65.098  	1	27614 	27703 	Ser	CGA	0	0	68.31	24.88	43.43	
NODE_4_length_457023_cov_65.4889 	1	272379	272465	Leu	CAG	0	0	73.96	38.54	35.42	
NODE_4_length_457023_cov_65.4889 	2	272595	272681	Leu	CAG	0	0	73.96	38.54	35.42	
NODE_4_length_457023_cov_65.4889 	3	117055	116964	SeC	TCA	0	0	55.75	-18.51	74.26	
NODE_4_length_457023_cov_65.4889 	4	62815 	62730 	Leu	GAG	0	0	68.53	39.16	29.37	
NODE_4_length_457023_cov_65.4889 	5	62639 	62563 	Met	CAT	0	0	85.85	60.06	25.79	
NODE_5_length_412244_cov_65.1172 	1	334913	334837	Met	CAT	0	0	92.87	71.40	21.47	
NODE_6_length_302537_cov_63.5532 	1	71971 	72046 	Thr	CGT	0	0	90.98	74.93	16.05	
NODE_7_length_291959_cov_63.8868 	1	127640	127713	Gly	CCC	0	0	60.35	30.06	30.29	
NODE_8_length_280584_cov_64.9876 	1	138977	139066	Ser	TGA	0	0	72.70	38.95	33.75	
NODE_8_length_280584_cov_64.9876 	2	163357	163432	Gly	GCC	0	0	93.74	68.41	25.33	
NODE_8_length_280584_cov_64.9876 	3	167980	168053	Cys	GCA	0	0	62.38	45.73	16.65	
NODE_8_length_280584_cov_64.9876 	4	180605	180691	Leu	TAA	0	0	76.64	42.32	34.32	
NODE_9_length_268569_cov_64.1287 	1	144668	144744	Arg	TCT	0	0	96.39	77.88	18.51	
NODE_9_length_268569_cov_64.1287 	2	144796	144871	His	GTG	0	0	83.51	64.18	19.33	
NODE_9_length_268569_cov_64.1287 	3	144926	145010	Leu	TAG	0	0	76.62	44.97	31.65	
NODE_9_length_268569_cov_64.1287 	4	145077	145152	His	GTG	0	0	83.51	64.18	19.33	
NODE_9_length_268569_cov_64.1287 	5	156443	156519	Asp	GTC	0	0	95.34	76.86	18.48	
NODE_13_length_210640_cov_63.2613	1	120009	120085	Arg	CCT	0	0	83.71	58.51	25.20	
NODE_14_length_205318_cov_65.5506	1	71436 	71511 	Phe	GAA	0	0	92.69	68.52	24.17	
NODE_14_length_205318_cov_65.5506	2	82846 	82921 	Thr	TGT	0	0	93.66	75.64	18.02	
NODE_16_length_195403_cov_62.965 	1	125202	125292	Ser	GCT	0	0	76.69	47.10	29.59	
NODE_16_length_195403_cov_62.965 	2	125410	125486	Arg	ACG	0	0	83.50	58.05	25.45	
NODE_16_length_195403_cov_62.965 	3	125599	125675	Arg	ACG	0	0	83.50	58.05	25.45	
NODE_16_length_195403_cov_62.965 	4	194333	194408	Lys	TTT	0	0	95.07	71.82	23.25	
NODE_16_length_195403_cov_62.965 	5	141780	141704	Met	CAT	0	0	85.06	58.55	26.51	
NODE_16_length_195403_cov_62.965 	6	35530 	35458 	Leu	GAG	0	0	20.84	19.28	1.56	
NODE_18_length_134657_cov_63.4974	1	78076 	78149 	Arg	ACG	0	0	52.72	27.21	25.51	
NODE_18_length_134657_cov_63.4974	2	34160 	34085 	Asn	GTT	0	0	91.73	62.08	29.65	
NODE_18_length_134657_cov_63.4974	3	34075 	33999 	Pro	TGG	0	0	87.63	64.60	23.03	
NODE_18_length_134657_cov_63.4974	4	33988 	33913 	Lys	TTT	0	0	95.07	71.82	23.25	
NODE_20_length_110121_cov_63.242 	1	36151 	36226 	Val	TAC	0	0	94.49	73.68	20.81	
NODE_20_length_110121_cov_63.242 	2	36243 	36319 	Asp	GTC	0	0	94.67	75.49	19.18	
NODE_25_length_72014_cov_64.0782 	1	49787 	49861 	Gln	TTG	0	0	66.82	40.36	26.46	
NODE_25_length_72014_cov_64.0782 	2	53534 	53610 	Met	CAT	0	0	87.19	64.42	22.77	
NODE_26_length_65383_cov_64.677  	1	64251 	64176 	Trp	CCA	0	0	86.73	63.05	23.68	
NODE_32_length_36170_cov_65.2728 	1	1550  	1474  	Arg	CCG	0	0	87.81	66.55	21.26	
NODE_37_length_5588_cov_241.618  	1	2000  	2076  	Ile	GAT	0	0	98.83	72.69	26.14	
NODE_37_length_5588_cov_241.618  	2	2105  	2180  	Ala	TGC	0	0	90.68	71.56	19.12	
NODE_42_length_3406_cov_64.67    	1	608   	524   	Tyr	GTA	0	0	71.07	41.76	29.31	
NODE_42_length_3406_cov_64.67    	2	497   	424   	Gly	TCC	0	0	82.75	60.87	21.88	
NODE_42_length_3406_cov_64.67    	3	404   	329   	Thr	GGT	0	0	93.76	67.73	26.03	
