Sequence                         		tRNA  	Bounds	tRNA	Anti	Intron Bounds	Cove	HMM	2'Str	      
Name                             	tRNA #	Begin 	End   	Type	Codon	Begin	End	Score	Score	Score	Note
--------                         	------	----- 	------	----	-----	-----	----	------	-----	-----	------
NODE_1_length_548953_cov_52.5632 	1	44635 	44710 	Ala	GGC	0	0	86.95	68.86	18.09	
NODE_1_length_548953_cov_52.5632 	2	44759 	44834 	Glu	TTC	0	0	66.40	38.20	28.20	
NODE_1_length_548953_cov_52.5632 	3	44928 	45003 	Ala	GGC	0	0	86.95	68.86	18.09	
NODE_1_length_548953_cov_52.5632 	4	45050 	45125 	Glu	TTC	0	0	66.40	38.20	28.20	
NODE_1_length_548953_cov_52.5632 	5	84027 	84102 	Val	TAC	0	0	94.49	73.68	20.81	
NODE_1_length_548953_cov_52.5632 	6	84119 	84195 	Asp	GTC	0	0	94.67	75.49	19.18	
NODE_1_length_548953_cov_52.5632 	7	84310 	84386 	Asp	GTC	0	0	94.67	75.49	19.18	
NODE_1_length_548953_cov_52.5632 	8	387006	387081	Glu	TTC	0	0	66.40	38.20	28.20	
NODE_1_length_548953_cov_52.5632 	9	387084	387159	Gly	GCC	0	0	93.74	68.41	25.33	
NODE_1_length_548953_cov_52.5632 	10	387244	387319	Gly	GCC	0	0	93.74	68.41	25.33	
NODE_1_length_548953_cov_52.5632 	11	519955	520031	Val	GAC	0	0	93.19	67.81	25.38	
NODE_1_length_548953_cov_52.5632 	12	354511	354422	Ser	GGA	0	0	71.75	34.38	37.37	
NODE_1_length_548953_cov_52.5632 	13	165719	165643	Pro	CGG	0	0	88.20	60.26	27.94	
NODE_1_length_548953_cov_52.5632 	14	35836 	35761 	Asn	GTT	0	0	91.73	62.08	29.65	
NODE_2_length_504980_cov_52.6175 	1	388597	388688	SeC	TCA	0	0	55.75	-18.51	74.26	
NODE_2_length_504980_cov_52.6175 	2	442636	442721	Leu	GAG	0	0	68.53	39.16	29.37	
NODE_2_length_504980_cov_52.6175 	3	442812	442888	Met	CAT	0	0	85.85	60.06	25.79	
NODE_2_length_504980_cov_52.6175 	4	232316	232230	Leu	CAG	0	0	73.96	38.54	35.42	
NODE_2_length_504980_cov_52.6175 	5	232100	232014	Leu	CAG	0	0	73.96	38.54	35.42	
NODE_3_length_369455_cov_51.3776 	1	291949	291873	Met	CAT	0	0	92.87	71.40	21.47	
NODE_4_length_355164_cov_51.2372 	1	100580	100666	Leu	CAA	0	0	69.99	38.33	31.66	
NODE_5_length_322999_cov_52.0605 	1	169001	168912	Ser	TGA	0	0	72.70	38.95	33.75	
NODE_5_length_322999_cov_52.0605 	2	144621	144546	Gly	GCC	0	0	93.74	68.41	25.33	
NODE_5_length_322999_cov_52.0605 	3	138228	138155	Cys	GCA	0	0	62.38	45.73	16.65	
NODE_5_length_322999_cov_52.0605 	4	125603	125517	Leu	TAA	0	0	76.64	42.32	34.32	
NODE_6_length_320095_cov_52.4734 	1	234414	234504	Ser	GCT	0	0	76.69	47.10	29.59	
NODE_6_length_320095_cov_52.4734 	2	234622	234698	Arg	ACG	0	0	83.50	58.05	25.45	
NODE_6_length_320095_cov_52.4734 	3	234810	234886	Arg	ACG	0	0	83.50	58.05	25.45	
NODE_6_length_320095_cov_52.4734 	4	303574	303649	Lys	TTT	0	0	95.07	71.82	23.25	
NODE_6_length_320095_cov_52.4734 	5	250996	250920	Met	CAT	0	0	85.06	58.55	26.51	
NODE_6_length_320095_cov_52.4734 	6	144732	144660	Leu	GAG	0	0	20.84	19.28	1.56	
NODE_6_length_320095_cov_52.4734 	7	41306 	41233 	Gly	CCC	0	0	60.35	30.06	30.29	
NODE_8_length_269276_cov_52.4147 	1	144502	144578	Arg	TCT	0	0	96.39	77.88	18.51	
NODE_8_length_269276_cov_52.4147 	2	144630	144705	His	GTG	0	0	83.51	64.18	19.33	
NODE_8_length_269276_cov_52.4147 	3	144760	144844	Leu	TAG	0	0	76.62	44.97	31.65	
NODE_8_length_269276_cov_52.4147 	4	144911	144986	His	GTG	0	0	83.51	64.18	19.33	
NODE_8_length_269276_cov_52.4147 	5	156264	156340	Asp	GTC	0	0	95.34	76.86	18.48	
NODE_10_length_223842_cov_51.3572	1	183543	183468	Asn	GTT	0	0	91.73	62.08	29.65	
NODE_10_length_223842_cov_51.3572	2	183458	183382	Pro	TGG	0	0	87.63	64.60	23.03	
NODE_10_length_223842_cov_51.3572	3	183371	183296	Lys	TTT	0	0	95.07	71.82	23.25	
NODE_10_length_223842_cov_51.3572	4	165312	165237	Thr	CGT	0	0	90.98	74.93	16.05	
NODE_14_length_193483_cov_53.8283	1	182719	182644	Gly	TCC	0	0	80.67	54.25	26.42	
NODE_14_length_193483_cov_53.8283	2	182631	182557	Asn	GTT	0	0	77.66	51.70	25.96	
NODE_14_length_193483_cov_53.8283	3	182552	182477	Thr	TGT	0	0	74.27	61.42	12.85	
NODE_14_length_193483_cov_53.8283	4	154208	154121	Ser	CGA	0	0	21.60	-7.19	28.79	
NODE_16_length_155656_cov_51.548 	1	151785	151712	Arg	ACG	0	0	52.72	27.21	25.51	
NODE_16_length_155656_cov_51.548 	2	45608 	45534 	Gln	TTG	0	0	66.82	40.36	26.46	
NODE_16_length_155656_cov_51.548 	3	18489 	18413 	Met	CAT	0	0	87.19	64.42	22.77	
NODE_19_length_136180_cov_51.2938	1	100221	100146	Val	TAC	0	0	94.49	73.68	20.81	
NODE_19_length_136180_cov_51.2938	2	100129	100053	Asp	GTC	0	0	94.67	75.49	19.18	
NODE_22_length_120704_cov_51.1858	1	919   	843   	Arg	CCT	0	0	83.71	58.51	25.20	
NODE_30_length_76775_cov_54.0797 	1	4899  	4824  	Phe	GAA	0	0	92.69	68.52	24.17	
NODE_31_length_70419_cov_52.4196 	1	23255 	23330 	Thr	TGT	0	0	93.66	75.64	18.02	
NODE_33_length_67542_cov_54.8914 	1	52525 	52614 	Ser	CGA	0	0	68.31	24.88	43.43	
NODE_37_length_47520_cov_51.7521 	1	32633 	32709 	Pro	GGG	0	0	74.89	48.01	26.88	
NODE_39_length_36260_cov_51.5902 	1	34644 	34720 	Arg	CCG	0	0	87.81	66.55	21.26	
NODE_42_length_32051_cov_52.5017 	1	1220  	1295  	Trp	CCA	0	0	86.73	63.05	23.68	
NODE_58_length_5405_cov_208.723  	1	1829  	1905  	Ile	GAT	0	0	98.83	72.69	26.14	
NODE_58_length_5405_cov_208.723  	2	1934  	2009  	Ala	TGC	0	0	90.68	71.56	19.12	
NODE_63_length_3329_cov_45.0472  	1	2809  	2893  	Tyr	GTA	0	0	71.07	41.76	29.31	
NODE_63_length_3329_cov_45.0472  	2	2920  	2993  	Gly	TCC	0	0	82.75	60.87	21.88	
NODE_63_length_3329_cov_45.0472  	3	3013  	3088  	Thr	GGT	0	0	93.76	67.73	26.03	
