Sequence                         		tRNA  	Bounds	tRNA	Anti	Intron Bounds	Cove	HMM	2'Str	      
Name                             	tRNA #	Begin 	End   	Type	Codon	Begin	End	Score	Score	Score	Note
--------                         	------	----- 	------	----	-----	-----	----	------	-----	-----	------
NODE_1_length_777647_cov_71.4962 	1	285584	285670	Leu	CAG	0	0	73.96	38.54	35.42	
NODE_1_length_777647_cov_71.4962 	2	285800	285886	Leu	CAG	0	0	73.96	38.54	35.42	
NODE_1_length_777647_cov_71.4962 	3	585474	585549	Phe	GAA	0	0	92.69	68.52	24.17	
NODE_1_length_777647_cov_71.4962 	4	599311	599383	Phe	GAA	0	0	20.41	12.05	8.36	
NODE_1_length_777647_cov_71.4962 	5	610718	610793	Thr	TGT	0	0	93.66	75.64	18.02	
NODE_1_length_777647_cov_71.4962 	6	132012	131921	SeC	TCA	0	0	55.75	-18.51	74.26	
NODE_1_length_777647_cov_71.4962 	7	62856 	62771 	Leu	GAG	0	0	68.53	39.16	29.37	
NODE_1_length_777647_cov_71.4962 	8	62680 	62604 	Met	CAT	0	0	85.85	60.06	25.79	
NODE_2_length_599092_cov_60.6806 	1	237098	237187	Ser	GGA	0	0	71.75	34.38	37.37	
NODE_2_length_599092_cov_60.6806 	2	425895	425971	Pro	CGG	0	0	88.20	60.26	27.94	
NODE_2_length_599092_cov_60.6806 	3	554717	554792	Asn	GTT	0	0	91.73	62.08	29.65	
NODE_2_length_599092_cov_60.6806 	4	545918	545843	Ala	GGC	0	0	86.95	68.86	18.09	
NODE_2_length_599092_cov_60.6806 	5	545794	545719	Glu	TTC	0	0	66.40	38.20	28.20	
NODE_2_length_599092_cov_60.6806 	6	545625	545550	Ala	GGC	0	0	86.95	68.86	18.09	
NODE_2_length_599092_cov_60.6806 	7	545503	545428	Glu	TTC	0	0	66.40	38.20	28.20	
NODE_2_length_599092_cov_60.6806 	8	506522	506447	Val	TAC	0	0	94.49	73.68	20.81	
NODE_2_length_599092_cov_60.6806 	9	506430	506354	Asp	GTC	0	0	94.67	75.49	19.18	
NODE_2_length_599092_cov_60.6806 	10	506239	506163	Asp	GTC	0	0	94.67	75.49	19.18	
NODE_2_length_599092_cov_60.6806 	11	204604	204529	Glu	TTC	0	0	66.40	38.20	28.20	
NODE_2_length_599092_cov_60.6806 	12	204526	204451	Gly	GCC	0	0	93.74	68.41	25.33	
NODE_2_length_599092_cov_60.6806 	13	204366	204291	Gly	GCC	0	0	93.74	68.41	25.33	
NODE_2_length_599092_cov_60.6806 	14	34864 	34788 	Val	GAC	0	0	93.19	67.81	25.38	
NODE_2_length_599092_cov_60.6806 	15	708   	632   	Pro	GGG	0	0	74.89	48.01	26.88	
NODE_3_length_546837_cov_61.0439 	1	15890 	15965 	Lys	TTT	0	0	95.07	71.82	23.25	
NODE_3_length_546837_cov_61.0439 	2	43432 	43521 	Ser	CGA	0	0	68.31	24.88	43.43	
NODE_4_length_495883_cov_66.2619 	1	421051	421137	Leu	CAA	0	0	69.99	38.33	31.66	
NODE_5_length_430686_cov_56.5164 	1	302549	302625	Arg	TCT	0	0	96.39	77.88	18.51	
NODE_5_length_430686_cov_56.5164 	2	302677	302752	His	GTG	0	0	83.51	64.18	19.33	
NODE_5_length_430686_cov_56.5164 	3	302807	302891	Leu	TAG	0	0	76.62	44.97	31.65	
NODE_5_length_430686_cov_56.5164 	4	302958	303033	His	GTG	0	0	83.51	64.18	19.33	
NODE_5_length_430686_cov_56.5164 	5	317179	317255	Asp	GTC	0	0	95.34	76.86	18.48	
NODE_6_length_399309_cov_72.4295 	1	318830	318754	Met	CAT	0	0	92.87	71.40	21.47	
NODE_7_length_388444_cov_58.3799 	1	248656	248567	Ser	TGA	0	0	72.99	31.35	41.64	
NODE_7_length_388444_cov_58.3799 	2	142849	142774	Gly	GCC	0	0	93.74	68.41	25.33	
NODE_7_length_388444_cov_58.3799 	3	138226	138153	Cys	GCA	0	0	62.38	45.73	16.65	
NODE_7_length_388444_cov_58.3799 	4	125603	125517	Leu	TAA	0	0	76.64	42.32	34.32	
NODE_11_length_219150_cov_64.4952	1	49348 	49420 	Leu	GAG	0	0	20.84	19.28	1.56	
NODE_11_length_219150_cov_64.4952	2	151980	152053	Gly	CCC	0	0	60.35	30.06	30.29	
NODE_13_length_204718_cov_63.1563	1	1131  	1205  	Arg	CCT	0	0	69.69	51.80	17.89	
NODE_13_length_204718_cov_63.1563	2	130749	130824	Val	TAC	0	0	94.49	73.68	20.81	
NODE_13_length_204718_cov_63.1563	3	130841	130917	Asp	GTC	0	0	94.67	75.49	19.18	
NODE_16_length_178130_cov_68.5563	1	48192 	48265 	Arg	ACG	0	0	52.72	27.21	25.51	
NODE_16_length_178130_cov_68.5563	2	155892	155966	Gln	TTG	0	0	66.82	40.36	26.46	
NODE_16_length_178130_cov_68.5563	3	159641	159717	Met	CAT	0	0	87.19	64.42	22.77	
NODE_16_length_178130_cov_68.5563	4	4276  	4201  	Asn	GTT	0	0	91.73	62.08	29.65	
NODE_16_length_178130_cov_68.5563	5	4191  	4115  	Pro	TGG	0	0	87.63	64.60	23.03	
NODE_16_length_178130_cov_68.5563	6	4104  	4029  	Lys	TTT	0	0	95.07	71.82	23.25	
NODE_19_length_94080_cov_64.2349 	1	40557 	40647 	Ser	GCT	0	0	76.69	47.10	29.59	
NODE_19_length_94080_cov_64.2349 	2	40765 	40841 	Arg	ACG	0	0	83.50	58.05	25.45	
NODE_19_length_94080_cov_64.2349 	3	40953 	41029 	Arg	ACG	0	0	83.50	58.05	25.45	
NODE_19_length_94080_cov_64.2349 	4	57134 	57058 	Met	CAT	0	0	85.06	58.55	26.51	
NODE_24_length_66054_cov_63.8244 	1	63141 	63217 	Arg	CCT	0	0	83.71	58.51	25.20	
NODE_25_length_65606_cov_74.5495 	1	1220  	1295  	Trp	CCA	0	0	86.73	63.05	23.68	
NODE_27_length_41778_cov_65.5427 	1	18401 	18326 	Thr	CGT	0	0	90.98	74.93	16.05	
NODE_29_length_35810_cov_73.7231 	1	1187  	1111  	Arg	CCG	0	0	87.81	66.55	21.26	
NODE_41_length_6684_cov_65.3107  	1	3228  	3159  	Lys	TTT	0	0	26.12	11.05	15.07	
NODE_44_length_5522_cov_255.67   	1	1954  	2030  	Ile	GAT	0	0	98.83	72.69	26.14	
NODE_44_length_5522_cov_255.67   	2	2059  	2134  	Ala	TGC	0	0	90.68	71.56	19.12	
NODE_55_length_3339_cov_67.3362  	1	2819  	2903  	Tyr	GTA	0	0	71.07	41.76	29.31	
NODE_55_length_3339_cov_67.3362  	2	2930  	3003  	Gly	TCC	0	0	82.75	60.87	21.88	
NODE_55_length_3339_cov_67.3362  	3	3023  	3098  	Thr	GGT	0	0	93.76	67.73	26.03	
