Sequence                         		tRNA  	Bounds	tRNA	Anti	Intron Bounds	Cove	HMM	2'Str	      
Name                             	tRNA #	Begin 	End   	Type	Codon	Begin	End	Score	Score	Score	Note
--------                         	------	----- 	------	----	-----	-----	----	------	-----	-----	------
NODE_2_length_618769_cov_62.8871 	1	65117 	65193 	Met	CAT	0	0	92.87	71.40	21.47	
NODE_2_length_618769_cov_62.8871 	2	390861	390937	Arg	CCG	0	0	87.81	66.55	21.26	
NODE_3_length_529202_cov_55.3892 	1	115424	115513	Ser	GGA	0	0	71.75	34.38	37.37	
NODE_3_length_529202_cov_55.3892 	2	304224	304300	Pro	CGG	0	0	88.20	60.26	27.94	
NODE_3_length_529202_cov_55.3892 	3	486324	486399	Asn	GTT	0	0	91.73	62.08	29.65	
NODE_3_length_529202_cov_55.3892 	4	477525	477450	Ala	GGC	0	0	86.95	68.86	18.09	
NODE_3_length_529202_cov_55.3892 	5	477401	477326	Glu	TTC	0	0	66.40	38.20	28.20	
NODE_3_length_529202_cov_55.3892 	6	477232	477157	Ala	GGC	0	0	86.95	68.86	18.09	
NODE_3_length_529202_cov_55.3892 	7	477110	477035	Glu	TTC	0	0	66.40	38.20	28.20	
NODE_3_length_529202_cov_55.3892 	8	438122	438047	Val	TAC	0	0	94.49	73.68	20.81	
NODE_3_length_529202_cov_55.3892 	9	438030	437954	Asp	GTC	0	0	94.67	75.49	19.18	
NODE_3_length_529202_cov_55.3892 	10	437839	437763	Asp	GTC	0	0	94.67	75.49	19.18	
NODE_3_length_529202_cov_55.3892 	11	82925 	82850 	Glu	TTC	0	0	66.40	38.20	28.20	
NODE_3_length_529202_cov_55.3892 	12	82847 	82772 	Gly	GCC	0	0	93.74	68.41	25.33	
NODE_3_length_529202_cov_55.3892 	13	82687 	82612 	Gly	GCC	0	0	93.74	68.41	25.33	
NODE_3_length_529202_cov_55.3892 	14	35441 	35365 	Val	GAC	0	0	93.19	67.81	25.38	
NODE_3_length_529202_cov_55.3892 	15	1596  	1520  	Pro	GGG	0	0	74.89	48.01	26.88	
NODE_4_length_472964_cov_61.3291 	1	163546	163632	Leu	CAG	0	0	73.96	38.54	35.42	
NODE_4_length_472964_cov_61.3291 	2	163762	163848	Leu	CAG	0	0	73.96	38.54	35.42	
NODE_4_length_472964_cov_61.3291 	3	420486	420561	Phe	GAA	0	0	92.69	68.52	24.17	
NODE_4_length_472964_cov_61.3291 	4	431891	431966	Thr	TGT	0	0	93.66	75.64	18.02	
NODE_5_length_397038_cov_61.4743 	1	363501	363587	Leu	CAA	0	0	69.99	38.33	31.66	
NODE_6_length_300730_cov_61.118  	1	9437  	9522  	Lys	TTT	0	0	22.00	12.28	9.72	
NODE_6_length_300730_cov_61.118  	2	27437 	27512 	Thr	CGT	0	0	90.98	74.93	16.05	
NODE_8_length_214205_cov_60.6744 	1	119263	119337	Arg	CCT	0	0	69.71	45.21	24.50	
NODE_10_length_181504_cov_60.2329	1	155232	155143	Ser	CGA	0	0	68.31	24.88	43.43	
NODE_11_length_179536_cov_59.4577	1	144298	144209	Ser	TGA	0	0	72.70	38.95	33.75	
NODE_11_length_179536_cov_59.4577	2	119918	119843	Gly	GCC	0	0	93.74	68.41	25.33	
NODE_12_length_167549_cov_59.8816	1	25024 	24951 	Gly	CCC	0	0	60.35	30.06	30.29	
NODE_13_length_143775_cov_59.715 	1	90452 	90542 	Ser	GCT	0	0	76.69	47.10	29.59	
NODE_13_length_143775_cov_59.715 	2	90660 	90736 	Arg	ACG	0	0	83.50	58.05	25.45	
NODE_13_length_143775_cov_59.715 	3	90848 	90924 	Arg	ACG	0	0	83.50	58.05	25.45	
NODE_13_length_143775_cov_59.715 	4	106984	106908	Met	CAT	0	0	85.06	58.55	26.51	
NODE_13_length_143775_cov_59.715 	5	880   	808   	Leu	GAG	0	0	20.84	19.28	1.56	
NODE_14_length_141127_cov_61.6044	1	46965 	47038 	Arg	ACG	0	0	52.72	27.21	25.51	
NODE_14_length_141127_cov_61.6044	2	3057  	2982  	Asn	GTT	0	0	91.73	62.08	29.65	
NODE_14_length_141127_cov_61.6044	3	2972  	2896  	Pro	TGG	0	0	87.63	64.60	23.03	
NODE_14_length_141127_cov_61.6044	4	2885  	2810  	Lys	TTT	0	0	95.07	71.82	23.25	
NODE_18_length_120267_cov_58.1701	1	7267  	7343  	Asp	GTC	0	0	95.34	76.86	18.48	
NODE_19_length_118867_cov_60.5146	1	1531  	1622  	SeC	TCA	0	0	55.75	-18.51	74.26	
NODE_19_length_118867_cov_60.5146	2	55917 	56002 	Leu	GAG	0	0	68.53	39.16	29.37	
NODE_19_length_118867_cov_60.5146	3	56093 	56169 	Met	CAT	0	0	85.85	60.06	25.79	
NODE_20_length_117040_cov_59.0164	1	112553	112480	Cys	GCA	0	0	62.38	45.73	16.65	
NODE_20_length_117040_cov_59.0164	2	99928 	99842 	Leu	TAA	0	0	76.64	42.32	34.32	
NODE_22_length_114957_cov_61.1315	1	36054 	36129 	Val	TAC	0	0	94.49	73.68	20.81	
NODE_22_length_114957_cov_61.1315	2	36146 	36222 	Asp	GTC	0	0	94.67	75.49	19.18	
NODE_29_length_72246_cov_62.3341 	1	22238 	22164 	Gln	TTG	0	0	66.82	40.36	26.46	
NODE_29_length_72246_cov_62.3341 	2	18490 	18414 	Met	CAT	0	0	87.19	64.42	22.77	
NODE_36_length_42320_cov_55.0671 	1	34708 	34784 	Arg	TCT	0	0	96.39	77.88	18.51	
NODE_36_length_42320_cov_55.0671 	2	34836 	34911 	His	GTG	0	0	83.51	64.18	19.33	
NODE_36_length_42320_cov_55.0671 	3	34966 	35050 	Leu	TAG	0	0	76.62	44.97	31.65	
NODE_36_length_42320_cov_55.0671 	4	35117 	35192 	His	GTG	0	0	83.51	64.18	19.33	
NODE_38_length_31936_cov_63.5674 	1	30717 	30642 	Trp	CCA	0	0	86.73	63.05	23.68	
NODE_41_length_18927_cov_52.6585 	1	2883  	2808  	Lys	TTT	0	0	95.07	71.82	23.25	
NODE_57_length_5347_cov_170.517  	1	1858  	1934  	Ile	GAT	0	0	98.83	72.69	26.14	
NODE_57_length_5347_cov_170.517  	2	1963  	2038  	Ala	TGC	0	0	90.68	71.56	19.12	
NODE_67_length_3418_cov_48.2701  	1	521   	437   	Tyr	GTA	0	0	71.07	41.76	29.31	
NODE_67_length_3418_cov_48.2701  	2	410   	337   	Gly	TCC	0	0	82.75	60.87	21.88	
NODE_67_length_3418_cov_48.2701  	3	317   	242   	Thr	GGT	0	0	93.76	67.73	26.03	
