Sequence                        		tRNA  	Bounds	tRNA	Anti	Intron Bounds	Cove	HMM	2'Str	      
Name                            	tRNA #	Begin 	End   	Type	Codon	Begin	End	Score	Score	Score	Note
--------                        	------	----- 	------	----	-----	-----	----	------	-----	-----	------
NODE_1_length_823337_cov_51.733 	1	33187 	33276 	Ser	CGA	0	0	68.31	24.88	43.43	
NODE_2_length_540019_cov_49.9975	1	176119	176208	Ser	GGA	0	0	71.75	34.38	37.37	
NODE_2_length_540019_cov_49.9975	2	364877	364953	Pro	CGG	0	0	88.20	60.26	27.94	
NODE_2_length_540019_cov_49.9975	3	491589	491664	Asn	GTT	0	0	91.73	62.08	29.65	
NODE_2_length_540019_cov_49.9975	4	482790	482715	Ala	GGC	0	0	86.95	68.86	18.09	
NODE_2_length_540019_cov_49.9975	5	482666	482591	Glu	TTC	0	0	66.40	38.20	28.20	
NODE_2_length_540019_cov_49.9975	6	482497	482422	Ala	GGC	0	0	86.95	68.86	18.09	
NODE_2_length_540019_cov_49.9975	7	482375	482300	Glu	TTC	0	0	66.40	38.20	28.20	
NODE_2_length_540019_cov_49.9975	8	443386	443311	Val	TAC	0	0	94.49	73.68	20.81	
NODE_2_length_540019_cov_49.9975	9	443294	443218	Asp	GTC	0	0	94.67	75.49	19.18	
NODE_2_length_540019_cov_49.9975	10	443103	443027	Asp	GTC	0	0	94.67	75.49	19.18	
NODE_2_length_540019_cov_49.9975	11	143623	143548	Glu	TTC	0	0	66.40	38.20	28.20	
NODE_2_length_540019_cov_49.9975	12	143545	143470	Gly	GCC	0	0	93.74	68.41	25.33	
NODE_2_length_540019_cov_49.9975	13	143385	143310	Gly	GCC	0	0	93.74	68.41	25.33	
NODE_2_length_540019_cov_49.9975	14	96144 	96068 	Val	GAC	0	0	93.19	67.81	25.38	
NODE_2_length_540019_cov_49.9975	15	62300 	62224 	Pro	GGG	0	0	74.89	48.01	26.88	
NODE_3_length_467770_cov_50.7065	1	55585 	55661 	Met	CAT	0	0	85.06	58.55	26.51	
NODE_3_length_467770_cov_50.7065	2	161810	161882	Leu	GAG	0	0	20.84	19.28	1.56	
NODE_3_length_467770_cov_50.7065	3	265640	265713	Gly	CCC	0	0	60.35	30.06	30.29	
NODE_3_length_467770_cov_50.7065	4	72131 	72041 	Ser	GCT	0	0	76.69	47.10	29.59	
NODE_3_length_467770_cov_50.7065	5	71923 	71847 	Arg	ACG	0	0	83.50	58.05	25.45	
NODE_3_length_467770_cov_50.7065	6	71735 	71659 	Arg	ACG	0	0	83.50	58.05	25.45	
NODE_3_length_467770_cov_50.7065	7	3051  	2976  	Lys	TTT	0	0	95.07	71.82	23.25	
NODE_4_length_402765_cov_51.1226	1	201021	201097	Arg	CCT	0	0	83.71	58.51	25.20	
NODE_4_length_402765_cov_51.1226	2	328860	328935	Val	TAC	0	0	94.49	73.68	20.81	
NODE_4_length_402765_cov_51.1226	3	328952	329028	Asp	GTC	0	0	94.67	75.49	19.18	
NODE_5_length_389703_cov_52.0194	1	89023 	88937 	Leu	CAA	0	0	69.99	38.33	31.66	
NODE_6_length_372131_cov_52.5935	1	294625	294549	Met	CAT	0	0	92.87	71.40	21.47	
NODE_7_length_335295_cov_50.394 	1	59872 	59947 	Thr	CGT	0	0	90.98	74.93	16.05	
NODE_8_length_313553_cov_51.884 	1	241161	241086	Phe	GAA	0	0	92.69	68.52	24.17	
NODE_8_length_313553_cov_51.884 	2	229752	229677	Thr	TGT	0	0	93.66	75.64	18.02	
NODE_9_length_273175_cov_51.2873	1	177148	177061	Ser	TGA	0	0	68.12	26.21	41.91	
NODE_9_length_273175_cov_51.2873	2	143665	143590	Gly	GCC	0	0	93.74	68.41	25.33	
NODE_9_length_273175_cov_51.2873	3	139041	138968	Cys	GCA	0	0	62.38	45.73	16.65	
NODE_9_length_273175_cov_51.2873	4	126413	126327	Leu	TAA	0	0	76.64	42.32	34.32	
NODE_10_length_271071_cov_52.9048	1	184688	184602	Leu	CAG	0	0	73.96	38.54	35.42	
NODE_10_length_271071_cov_52.9048	2	184472	184386	Leu	CAG	0	0	73.96	38.54	35.42	
NODE_14_length_194613_cov_50.8071	1	67600 	67691 	SeC	TCA	0	0	55.75	-18.51	74.26	
NODE_14_length_194613_cov_50.8071	2	131741	131826	Leu	GAG	0	0	68.53	39.16	29.37	
NODE_14_length_194613_cov_50.8071	3	131917	131993	Met	CAT	0	0	85.85	60.06	25.79	
NODE_15_length_190319_cov_49.9147	1	65046 	65122 	Arg	TCT	0	0	96.39	77.88	18.51	
NODE_15_length_190319_cov_49.9147	2	65174 	65249 	His	GTG	0	0	83.51	64.18	19.33	
NODE_15_length_190319_cov_49.9147	3	65304 	65388 	Leu	TAG	0	0	76.62	44.97	31.65	
NODE_15_length_190319_cov_49.9147	4	65455 	65530 	His	GTG	0	0	83.51	64.18	19.33	
NODE_15_length_190319_cov_49.9147	5	76814 	76890 	Asp	GTC	0	0	95.34	76.86	18.48	
NODE_19_length_103338_cov_49.9548	1	100117	100192	Asn	GTT	0	0	91.73	62.08	29.65	
NODE_19_length_103338_cov_49.9548	2	100202	100278	Pro	TGG	0	0	87.63	64.60	23.03	
NODE_19_length_103338_cov_49.9548	3	100289	100364	Lys	TTT	0	0	95.07	71.82	23.25	
NODE_19_length_103338_cov_49.9548	4	56201 	56128 	Arg	ACG	0	0	52.72	27.21	25.51	
NODE_22_length_75613_cov_50.3034	1	25927 	25853 	Gln	TTG	0	0	66.82	40.36	26.46	
NODE_22_length_75613_cov_50.3034	2	22179 	22103 	Met	CAT	0	0	87.19	64.42	22.77	
NODE_23_length_65322_cov_53.0451	1	1124  	1199  	Trp	CCA	0	0	86.73	63.05	23.68	
NODE_24_length_58984_cov_54.9008	1	24368 	24292 	Arg	CCG	0	0	87.81	66.55	21.26	
NODE_40_length_5515_cov_130.054 	1	3581  	3505  	Ile	GAT	0	0	98.83	72.69	26.14	
NODE_40_length_5515_cov_130.054 	2	3476  	3401  	Ala	TGC	0	0	90.68	71.56	19.12	
NODE_48_length_3423_cov_40.7949 	1	2807  	2891  	Tyr	GTA	0	0	71.07	41.76	29.31	
NODE_48_length_3423_cov_40.7949 	2	2918  	2991  	Gly	TCC	0	0	82.75	60.87	21.88	
NODE_48_length_3423_cov_40.7949 	3	3011  	3086  	Thr	GGT	0	0	93.76	67.73	26.03	
