Sequence                         		tRNA  	Bounds	tRNA	Anti	Intron Bounds	Cove	HMM	2'Str	      
Name                             	tRNA #	Begin 	End   	Type	Codon	Begin	End	Score	Score	Score	Note
--------                         	------	----- 	------	----	-----	-----	----	------	-----	-----	------
NODE_1_length_550856_cov_48.9445 	1	270889	270975	Leu	CAG	0	0	73.96	38.54	35.42	
NODE_1_length_550856_cov_48.9445 	2	271105	271191	Leu	CAG	0	0	73.96	38.54	35.42	
NODE_1_length_550856_cov_48.9445 	3	528884	528959	Phe	GAA	0	0	92.69	68.52	24.17	
NODE_1_length_550856_cov_48.9445 	4	540291	540366	Thr	TGT	0	0	93.66	75.64	18.02	
NODE_1_length_550856_cov_48.9445 	5	117330	117239	SeC	TCA	0	0	55.75	-18.51	74.26	
NODE_1_length_550856_cov_48.9445 	6	62875 	62790 	Leu	GAG	0	0	68.53	39.16	29.37	
NODE_1_length_550856_cov_48.9445 	7	62699 	62623 	Met	CAT	0	0	85.85	60.06	25.79	
NODE_2_length_488762_cov_47.9578 	1	123383	123297	Leu	CAA	0	0	69.99	38.33	31.66	
NODE_3_length_390155_cov_47.6979 	1	59072 	59161 	Ser	GGA	0	0	71.75	34.38	37.37	
NODE_3_length_390155_cov_47.6979 	2	247883	247959	Pro	CGG	0	0	88.20	60.26	27.94	
NODE_3_length_390155_cov_47.6979 	3	374579	374654	Asn	GTT	0	0	91.73	62.08	29.65	
NODE_3_length_390155_cov_47.6979 	4	365780	365705	Ala	GGC	0	0	86.95	68.86	18.09	
NODE_3_length_390155_cov_47.6979 	5	365656	365581	Glu	TTC	0	0	66.40	38.20	28.20	
NODE_3_length_390155_cov_47.6979 	6	365487	365412	Ala	GGC	0	0	86.95	68.86	18.09	
NODE_3_length_390155_cov_47.6979 	7	365365	365290	Glu	TTC	0	0	66.40	38.20	28.20	
NODE_3_length_390155_cov_47.6979 	8	326367	326292	Val	TAC	0	0	94.49	73.68	20.81	
NODE_3_length_390155_cov_47.6979 	9	326275	326199	Asp	GTC	0	0	94.67	75.49	19.18	
NODE_3_length_390155_cov_47.6979 	10	326084	326008	Asp	GTC	0	0	94.67	75.49	19.18	
NODE_3_length_390155_cov_47.6979 	11	26555 	26480 	Glu	TTC	0	0	66.40	38.20	28.20	
NODE_3_length_390155_cov_47.6979 	12	26477 	26402 	Gly	GCC	0	0	93.74	68.41	25.33	
NODE_3_length_390155_cov_47.6979 	13	26317 	26242 	Gly	GCC	0	0	93.74	68.41	25.33	
NODE_5_length_270215_cov_45.8206 	1	197445	197535	Ser	GCT	0	0	76.69	47.10	29.59	
NODE_5_length_270215_cov_45.8206 	2	197653	197729	Arg	ACG	0	0	83.50	58.05	25.45	
NODE_5_length_270215_cov_45.8206 	3	197841	197917	Arg	ACG	0	0	83.50	58.05	25.45	
NODE_5_length_270215_cov_45.8206 	4	266599	266674	Lys	TTT	0	0	95.07	71.82	23.25	
NODE_5_length_270215_cov_45.8206 	5	214021	213945	Met	CAT	0	0	85.06	58.55	26.51	
NODE_5_length_270215_cov_45.8206 	6	1942  	1869  	Gly	CCC	0	0	60.35	30.06	30.29	
NODE_7_length_259337_cov_48.1242 	1	258131	258207	Arg	CCG	0	0	87.81	66.55	21.26	
NODE_8_length_251434_cov_46.0476 	1	19337 	19412 	Thr	CGT	0	0	90.98	74.93	16.05	
NODE_10_length_236014_cov_47.1769	1	145582	145658	Arg	TCT	0	0	96.39	77.88	18.51	
NODE_10_length_236014_cov_47.1769	2	145710	145785	His	GTG	0	0	83.51	64.18	19.33	
NODE_10_length_236014_cov_47.1769	3	145840	145924	Leu	TAG	0	0	76.62	44.97	31.65	
NODE_10_length_236014_cov_47.1769	4	145991	146066	His	GTG	0	0	83.51	64.18	19.33	
NODE_10_length_236014_cov_47.1769	5	157345	157421	Asp	GTC	0	0	95.34	76.86	18.48	
NODE_14_length_196198_cov_49.3558	1	95766 	95692 	Arg	CCT	0	0	69.71	45.21	24.50	
NODE_15_length_193321_cov_47.6711	1	43435 	43524 	Ser	CGA	0	0	68.31	24.88	43.43	
NODE_23_length_105269_cov_46.8545	1	47710 	47783 	Arg	ACG	0	0	52.72	27.21	25.51	
NODE_23_length_105269_cov_46.8545	2	3796  	3721  	Asn	GTT	0	0	91.73	62.08	29.65	
NODE_23_length_105269_cov_46.8545	3	3711  	3635  	Pro	TGG	0	0	87.63	64.60	23.03	
NODE_23_length_105269_cov_46.8545	4	3624  	3549  	Lys	TTT	0	0	95.07	71.82	23.25	
NODE_26_length_81723_cov_39.9016 	1	4224  	4148  	Met	CAT	0	0	92.87	71.40	21.47	
NODE_28_length_75834_cov_48.294  	1	25928 	25854 	Gln	TTG	0	0	66.82	40.36	26.46	
NODE_28_length_75834_cov_48.294  	2	22180 	22104 	Met	CAT	0	0	87.19	64.42	22.77	
NODE_30_length_67382_cov_42.3112 	1	18254 	18343 	Ser	TGA	0	0	72.70	38.95	33.75	
NODE_30_length_67382_cov_42.3112 	2	31689 	31764 	Gly	GCC	0	0	93.74	68.41	25.33	
NODE_30_length_67382_cov_42.3112 	3	38081 	38154 	Cys	GCA	0	0	62.38	45.73	16.65	
NODE_30_length_67382_cov_42.3112 	4	50676 	50762 	Leu	TAA	0	0	76.64	42.32	34.32	
NODE_31_length_65635_cov_44.2923 	1	64416 	64341 	Trp	CCA	0	0	86.73	63.05	23.68	
NODE_34_length_55616_cov_43.7921 	1	16235 	16311 	Val	GAC	0	0	93.19	67.81	25.38	
NODE_34_length_55616_cov_43.7921 	2	49323 	49399 	Pro	GGG	0	0	74.89	48.01	26.88	
NODE_36_length_41381_cov_45.5422 	1	5329  	5254  	Val	TAC	0	0	94.49	73.68	20.81	
NODE_36_length_41381_cov_45.5422 	2	5237  	5161  	Asp	GTC	0	0	94.67	75.49	19.18	
NODE_49_length_5510_cov_77.1787  	1	1931  	2007  	Ile	GAT	0	0	98.83	72.69	26.14	
NODE_49_length_5510_cov_77.1787  	2	2036  	2111  	Ala	TGC	0	0	90.68	71.56	19.12	
NODE_58_length_3327_cov_24.5162  	1	521   	437   	Tyr	GTA	0	0	71.07	41.76	29.31	
NODE_58_length_3327_cov_24.5162  	2	410   	337   	Gly	TCC	0	0	82.75	60.87	21.88	
NODE_58_length_3327_cov_24.5162  	3	317   	242   	Thr	GGT	0	0	93.76	67.73	26.03	
