Sequence                         		tRNA  	Bounds	tRNA	Anti	Intron Bounds	Cove	HMM	2'Str	      
Name                             	tRNA #	Begin 	End   	Type	Codon	Begin	End	Score	Score	Score	Note
--------                         	------	----- 	------	----	-----	-----	----	------	-----	-----	------
NODE_1_length_578664_cov_62.3283 	1	215175	215089	Leu	CAA	0	0	69.99	38.33	31.66	
NODE_2_length_506291_cov_64.1588 	1	389908	389999	SeC	TCA	0	0	55.75	-18.51	74.26	
NODE_2_length_506291_cov_64.1588 	2	443947	444032	Leu	GAG	0	0	68.53	39.16	29.37	
NODE_2_length_506291_cov_64.1588 	3	444123	444199	Met	CAT	0	0	85.85	60.06	25.79	
NODE_2_length_506291_cov_64.1588 	4	233627	233541	Leu	CAG	0	0	73.96	38.54	35.42	
NODE_2_length_506291_cov_64.1588 	5	233411	233325	Leu	CAG	0	0	73.96	38.54	35.42	
NODE_3_length_440864_cov_51.2357 	1	153999	154088	Ser	TGA	0	0	72.70	38.95	33.75	
NODE_3_length_440864_cov_51.2357 	2	178379	178454	Gly	GCC	0	0	93.74	68.41	25.33	
NODE_3_length_440864_cov_51.2357 	3	302064	302137	Cys	GCA	0	0	62.38	45.73	16.65	
NODE_3_length_440864_cov_51.2357 	4	314689	314775	Leu	TAA	0	0	76.64	42.32	34.32	
NODE_4_length_409880_cov_56.4061 	1	81634 	81723 	Ser	GGA	0	0	71.75	34.38	37.37	
NODE_4_length_409880_cov_56.4061 	2	270427	270503	Pro	CGG	0	0	88.20	60.26	27.94	
NODE_4_length_409880_cov_56.4061 	3	400310	400385	Asn	GTT	0	0	91.73	62.08	29.65	
NODE_4_length_409880_cov_56.4061 	4	391511	391436	Ala	GGC	0	0	86.95	68.86	18.09	
NODE_4_length_409880_cov_56.4061 	5	391387	391312	Glu	TTC	0	0	66.40	38.20	28.20	
NODE_4_length_409880_cov_56.4061 	6	391218	391143	Ala	GGC	0	0	86.95	68.86	18.09	
NODE_4_length_409880_cov_56.4061 	7	391096	391021	Glu	TTC	0	0	66.40	38.20	28.20	
NODE_4_length_409880_cov_56.4061 	8	352119	352044	Val	TAC	0	0	94.49	73.68	20.81	
NODE_4_length_409880_cov_56.4061 	9	352027	351951	Asp	GTC	0	0	94.67	75.49	19.18	
NODE_4_length_409880_cov_56.4061 	10	351836	351760	Asp	GTC	0	0	94.67	75.49	19.18	
NODE_4_length_409880_cov_56.4061 	11	49139 	49064 	Glu	TTC	0	0	66.40	38.20	28.20	
NODE_4_length_409880_cov_56.4061 	12	49061 	48986 	Gly	GCC	0	0	93.74	68.41	25.33	
NODE_5_length_375405_cov_58.3239 	1	250889	250979	Ser	GCT	0	0	76.69	47.10	29.59	
NODE_5_length_375405_cov_58.3239 	2	251097	251173	Arg	ACG	0	0	83.50	58.05	25.45	
NODE_5_length_375405_cov_58.3239 	3	251285	251361	Arg	ACG	0	0	83.50	58.05	25.45	
NODE_5_length_375405_cov_58.3239 	4	320049	320124	Lys	TTT	0	0	95.07	71.82	23.25	
NODE_5_length_375405_cov_58.3239 	5	267471	267395	Met	CAT	0	0	85.06	58.55	26.51	
NODE_5_length_375405_cov_58.3239 	6	161207	161135	Leu	GAG	0	0	20.84	19.28	1.56	
NODE_5_length_375405_cov_58.3239 	7	57781 	57708 	Gly	CCC	0	0	60.35	30.06	30.29	
NODE_6_length_307324_cov_60.2645 	1	2428  	2503  	Thr	CGT	0	0	90.98	74.93	16.05	
NODE_7_length_269283_cov_52.085  	1	144514	144590	Arg	TCT	0	0	96.39	77.88	18.51	
NODE_7_length_269283_cov_52.085  	2	144642	144717	His	GTG	0	0	83.51	64.18	19.33	
NODE_7_length_269283_cov_52.085  	3	144772	144856	Leu	TAG	0	0	76.62	44.97	31.65	
NODE_7_length_269283_cov_52.085  	4	144923	144998	His	GTG	0	0	83.51	64.18	19.33	
NODE_7_length_269283_cov_52.085  	5	156276	156352	Asp	GTC	0	0	95.34	76.86	18.48	
NODE_9_length_230403_cov_65.6012 	1	152897	152821	Met	CAT	0	0	92.87	71.40	21.47	
NODE_13_length_215448_cov_62.3326	1	199388	199463	Asn	GTT	0	0	91.73	62.08	29.65	
NODE_13_length_215448_cov_62.3326	2	199473	199549	Pro	TGG	0	0	87.63	64.60	23.03	
NODE_13_length_215448_cov_62.3326	3	199560	199635	Lys	TTT	0	0	95.07	71.82	23.25	
NODE_13_length_215448_cov_62.3326	4	155472	155399	Arg	ACG	0	0	52.72	27.21	25.51	
NODE_13_length_215448_cov_62.3326	5	49295 	49221 	Gln	TTG	0	0	66.82	40.36	26.46	
NODE_13_length_215448_cov_62.3326	6	22176 	22100 	Met	CAT	0	0	87.19	64.42	22.77	
NODE_19_length_136179_cov_57.547 	1	100221	100146	Val	TAC	0	0	94.49	73.68	20.81	
NODE_19_length_136179_cov_57.547 	2	100129	100053	Asp	GTC	0	0	94.67	75.49	19.18	
NODE_20_length_135239_cov_52.4936	1	694   	769   	Gly	GCC	0	0	93.74	68.41	25.33	
NODE_20_length_135239_cov_52.4936	2	88092 	88168 	Val	GAC	0	0	93.19	67.81	25.38	
NODE_22_length_120700_cov_60.1955	1	919   	843   	Arg	CCT	0	0	83.71	58.51	25.20	
NODE_25_length_87479_cov_54.3233 	1	52525 	52614 	Ser	CGA	0	0	68.31	24.88	43.43	
NODE_28_length_76775_cov_66.1265 	1	4899  	4824  	Phe	GAA	0	0	92.69	68.52	24.17	
NODE_32_length_56814_cov_66.1292 	1	20854 	20929 	Thr	TGT	0	0	93.66	75.64	18.02	
NODE_33_length_49380_cov_53.1597 	1	34453 	34529 	Pro	GGG	0	0	74.89	48.01	26.88	
NODE_36_length_36260_cov_67.5286 	1	34644 	34720 	Arg	CCG	0	0	87.81	66.55	21.26	
NODE_38_length_32051_cov_69.0916 	1	1220  	1295  	Trp	CCA	0	0	86.73	63.05	23.68	
NODE_42_length_10735_cov_52.1835 	1	5304  	5370  	Undet	NNN	0	0	27.49	14.74	12.75	
NODE_49_length_5405_cov_223.375  	1	1829  	1905  	Ile	GAT	0	0	98.83	72.69	26.14	
NODE_49_length_5405_cov_223.375  	2	1934  	2009  	Ala	TGC	0	0	90.68	71.56	19.12	
NODE_53_length_3329_cov_54.4678  	1	2809  	2893  	Tyr	GTA	0	0	71.07	41.76	29.31	
NODE_53_length_3329_cov_54.4678  	2	2920  	2993  	Gly	TCC	0	0	82.75	60.87	21.88	
NODE_53_length_3329_cov_54.4678  	3	3013  	3088  	Thr	GGT	0	0	93.76	67.73	26.03	
