Sequence                         		tRNA  	Bounds	tRNA	Anti	Intron Bounds	Cove	HMM	2'Str	      
Name                             	tRNA #	Begin 	End   	Type	Codon	Begin	End	Score	Score	Score	Note
--------                         	------	----- 	------	----	-----	-----	----	------	-----	-----	------
NODE_1_length_664259_cov_46.8544 	1	270889	270975	Leu	CAG	0	0	73.96	38.54	35.42	
NODE_1_length_664259_cov_46.8544 	2	271105	271191	Leu	CAG	0	0	73.96	38.54	35.42	
NODE_1_length_664259_cov_46.8544 	3	528884	528959	Phe	GAA	0	0	92.69	68.52	24.17	
NODE_1_length_664259_cov_46.8544 	4	540290	540365	Thr	TGT	0	0	93.66	75.64	18.02	
NODE_1_length_664259_cov_46.8544 	5	117330	117239	SeC	TCA	0	0	55.75	-18.51	74.26	
NODE_1_length_664259_cov_46.8544 	6	62875 	62790 	Leu	GAG	0	0	68.53	39.16	29.37	
NODE_1_length_664259_cov_46.8544 	7	62699 	62623 	Met	CAT	0	0	85.85	60.06	25.79	
NODE_2_length_425729_cov_42.3024 	1	61799 	61888 	Ser	GGA	0	0	71.75	34.38	37.37	
NODE_2_length_425729_cov_42.3024 	2	250611	250687	Pro	CGG	0	0	88.20	60.26	27.94	
NODE_2_length_425729_cov_42.3024 	3	377307	377382	Asn	GTT	0	0	91.73	62.08	29.65	
NODE_2_length_425729_cov_42.3024 	4	368508	368433	Ala	GGC	0	0	86.95	68.86	18.09	
NODE_2_length_425729_cov_42.3024 	5	368384	368309	Glu	TTC	0	0	66.40	38.20	28.20	
NODE_2_length_425729_cov_42.3024 	6	368215	368140	Ala	GGC	0	0	86.95	68.86	18.09	
NODE_2_length_425729_cov_42.3024 	7	368093	368018	Glu	TTC	0	0	66.40	38.20	28.20	
NODE_2_length_425729_cov_42.3024 	8	329095	329020	Val	TAC	0	0	94.49	73.68	20.81	
NODE_2_length_425729_cov_42.3024 	9	329003	328927	Asp	GTC	0	0	94.67	75.49	19.18	
NODE_2_length_425729_cov_42.3024 	10	328812	328736	Asp	GTC	0	0	94.67	75.49	19.18	
NODE_2_length_425729_cov_42.3024 	11	29282 	29207 	Glu	TTC	0	0	66.40	38.20	28.20	
NODE_2_length_425729_cov_42.3024 	12	29204 	29129 	Gly	GCC	0	0	93.74	68.41	25.33	
NODE_2_length_425729_cov_42.3024 	13	29044 	28969 	Gly	GCC	0	0	93.74	68.41	25.33	
NODE_3_length_394765_cov_44.9699 	1	378896	378982	Leu	CAA	0	0	69.99	38.33	31.66	
NODE_5_length_325457_cov_43.9617 	1	93361 	93436 	Thr	CGT	0	0	90.98	74.93	16.05	
NODE_6_length_272246_cov_42.4785 	1	145582	145658	Arg	TCT	0	0	96.39	77.88	18.51	
NODE_6_length_272246_cov_42.4785 	2	145710	145785	His	GTG	0	0	83.51	64.18	19.33	
NODE_6_length_272246_cov_42.4785 	3	145840	145924	Leu	TAG	0	0	76.62	44.97	31.65	
NODE_6_length_272246_cov_42.4785 	4	145991	146066	His	GTG	0	0	83.51	64.18	19.33	
NODE_6_length_272246_cov_42.4785 	5	157345	157421	Asp	GTC	0	0	95.34	76.86	18.48	
NODE_7_length_270216_cov_43.3179 	1	197445	197535	Ser	GCT	0	0	76.69	47.10	29.59	
NODE_7_length_270216_cov_43.3179 	2	197653	197729	Arg	ACG	0	0	83.50	58.05	25.45	
NODE_7_length_270216_cov_43.3179 	3	197841	197917	Arg	ACG	0	0	83.50	58.05	25.45	
NODE_7_length_270216_cov_43.3179 	4	266600	266675	Lys	TTT	0	0	95.07	71.82	23.25	
NODE_7_length_270216_cov_43.3179 	5	214021	213945	Met	CAT	0	0	85.06	58.55	26.51	
NODE_7_length_270216_cov_43.3179 	6	1942  	1869  	Gly	CCC	0	0	60.35	30.06	30.29	
NODE_9_length_259346_cov_47.3649 	1	258140	258216	Arg	CCG	0	0	87.81	66.55	21.26	
NODE_10_length_258812_cov_40.8154	1	16472 	16548 	Val	GAC	0	0	93.19	67.81	25.38	
NODE_10_length_258812_cov_40.8154	2	49560 	49636 	Pro	GGG	0	0	74.89	48.01	26.88	
NODE_15_length_215233_cov_45.3357	1	119594	119668	Arg	CCT	0	0	69.71	45.21	24.50	
NODE_16_length_196194_cov_41.0061	1	177941	177852	Ser	TGA	0	0	72.70	38.95	33.75	
NODE_16_length_196194_cov_41.0061	2	164506	164431	Gly	GCC	0	0	93.74	68.41	25.33	
NODE_16_length_196194_cov_41.0061	3	158114	158041	Cys	GCA	0	0	62.38	45.73	16.65	
NODE_16_length_196194_cov_41.0061	4	145519	145433	Leu	TAA	0	0	76.64	42.32	34.32	
NODE_17_length_193553_cov_43.6018	1	43435 	43524 	Ser	CGA	0	0	68.31	24.88	43.43	
NODE_19_length_153948_cov_44.1764	1	77499 	77575 	Met	CAT	0	0	92.87	71.40	21.47	
NODE_22_length_119653_cov_42.7113	1	83601 	83526 	Val	TAC	0	0	94.49	73.68	20.81	
NODE_22_length_119653_cov_42.7113	2	83509 	83433 	Asp	GTC	0	0	94.67	75.49	19.18	
NODE_24_length_105459_cov_46.479 	1	47710 	47783 	Arg	ACG	0	0	52.72	27.21	25.51	
NODE_24_length_105459_cov_46.479 	2	3796  	3721  	Asn	GTT	0	0	91.73	62.08	29.65	
NODE_24_length_105459_cov_46.479 	3	3711  	3635  	Pro	TGG	0	0	87.63	64.60	23.03	
NODE_24_length_105459_cov_46.479 	4	3624  	3549  	Lys	TTT	0	0	95.07	71.82	23.25	
NODE_27_length_76076_cov_46.6111 	1	25928 	25854 	Gln	TTG	0	0	66.82	40.36	26.46	
NODE_27_length_76076_cov_46.6111 	2	22180 	22104 	Met	CAT	0	0	87.19	64.42	22.77	
NODE_28_length_65635_cov_47.0187 	1	64416 	64341 	Trp	CCA	0	0	86.73	63.05	23.68	
NODE_37_length_5510_cov_105.364  	1	1931  	2007  	Ile	GAT	0	0	98.83	72.69	26.14	
NODE_37_length_5510_cov_105.364  	2	2036  	2111  	Ala	TGC	0	0	90.68	71.56	19.12	
NODE_45_length_3327_cov_32.1116  	1	521   	437   	Tyr	GTA	0	0	71.07	41.76	29.31	
NODE_45_length_3327_cov_32.1116  	2	410   	337   	Gly	TCC	0	0	82.75	60.87	21.88	
NODE_45_length_3327_cov_32.1116  	3	317   	242   	Thr	GGT	0	0	93.76	67.73	26.03	
NODE_201_length_438_cov_1.48553  	1	266   	190   	Ile	GAT	0	0	98.53	74.40	24.13	
NODE_201_length_438_cov_1.48553  	2	134   	59    	Ala	TGC	0	0	89.91	70.57	19.34	
