Sequence                         		tRNA  	Bounds	tRNA	Anti	Intron Bounds	Cove	HMM	2'Str	      
Name                             	tRNA #	Begin 	End   	Type	Codon	Begin	End	Score	Score	Score	Note
--------                         	------	----- 	------	----	-----	-----	----	------	-----	-----	------
NODE_1_length_766988_cov_64.2359 	1	641642	641718	Arg	TCT	0	0	96.39	77.88	18.51	
NODE_1_length_766988_cov_64.2359 	2	641770	641845	His	GTG	0	0	83.51	64.18	19.33	
NODE_1_length_766988_cov_64.2359 	3	641900	641984	Leu	TAG	0	0	76.62	44.97	31.65	
NODE_1_length_766988_cov_64.2359 	4	642051	642126	His	GTG	0	0	83.51	64.18	19.33	
NODE_1_length_766988_cov_64.2359 	5	653404	653480	Asp	GTC	0	0	95.34	76.86	18.48	
NODE_2_length_720769_cov_70.465  	1	279699	279785	Leu	CAG	0	0	73.96	38.54	35.42	
NODE_2_length_720769_cov_70.465  	2	279915	280001	Leu	CAG	0	0	73.96	38.54	35.42	
NODE_2_length_720769_cov_70.465  	3	536615	536690	Phe	GAA	0	0	92.69	68.52	24.17	
NODE_2_length_720769_cov_70.465  	4	548020	548095	Thr	TGT	0	0	93.66	75.64	18.02	
NODE_2_length_720769_cov_70.465  	5	123510	123419	SeC	TCA	0	0	55.75	-18.51	74.26	
NODE_2_length_720769_cov_70.465  	6	62917 	62832 	Leu	GAG	0	0	68.53	39.16	29.37	
NODE_2_length_720769_cov_70.465  	7	62741 	62665 	Met	CAT	0	0	85.85	60.06	25.79	
NODE_3_length_676647_cov_62.6829 	1	311509	311423	Leu	CAA	0	0	69.99	38.33	31.66	
NODE_4_length_440119_cov_58.5212 	1	114102	114191	Ser	GGA	0	0	71.75	34.38	37.37	
NODE_4_length_440119_cov_58.5212 	2	302889	302965	Pro	CGG	0	0	88.20	60.26	27.94	
NODE_4_length_440119_cov_58.5212 	3	429576	429651	Asn	GTT	0	0	91.73	62.08	29.65	
NODE_4_length_440119_cov_58.5212 	4	420777	420702	Ala	GGC	0	0	86.95	68.86	18.09	
NODE_4_length_440119_cov_58.5212 	5	420653	420578	Glu	TTC	0	0	66.40	38.20	28.20	
NODE_4_length_440119_cov_58.5212 	6	420484	420409	Ala	GGC	0	0	86.95	68.86	18.09	
NODE_4_length_440119_cov_58.5212 	7	420362	420287	Glu	TTC	0	0	66.40	38.20	28.20	
NODE_4_length_440119_cov_58.5212 	8	381371	381296	Val	TAC	0	0	94.49	73.68	20.81	
NODE_4_length_440119_cov_58.5212 	9	381279	381203	Asp	GTC	0	0	94.67	75.49	19.18	
NODE_4_length_440119_cov_58.5212 	10	381088	381012	Asp	GTC	0	0	94.67	75.49	19.18	
NODE_4_length_440119_cov_58.5212 	11	81606 	81531 	Glu	TTC	0	0	66.40	38.20	28.20	
NODE_4_length_440119_cov_58.5212 	12	81528 	81453 	Gly	GCC	0	0	93.74	68.41	25.33	
NODE_4_length_440119_cov_58.5212 	13	81368 	81293 	Gly	GCC	0	0	93.74	68.41	25.33	
NODE_5_length_369009_cov_71.7808 	1	291567	291491	Met	CAT	0	0	92.87	71.40	21.47	
NODE_6_length_363975_cov_58.193  	1	342395	342319	Val	GAC	0	0	93.19	67.81	25.38	
NODE_6_length_363975_cov_58.193  	2	308550	308474	Pro	GGG	0	0	74.89	48.01	26.88	
NODE_6_length_363975_cov_58.193  	3	142194	142105	Ser	TGA	0	0	72.70	38.95	33.75	
NODE_6_length_363975_cov_58.193  	4	117817	117742	Gly	GCC	0	0	93.74	68.41	25.33	
NODE_6_length_363975_cov_58.193  	5	111423	111350	Cys	GCA	0	0	62.38	45.73	16.65	
NODE_6_length_363975_cov_58.193  	6	98798 	98712 	Leu	TAA	0	0	76.64	42.32	34.32	
NODE_7_length_264980_cov_70.5297 	1	222205	222116	Ser	CGA	0	0	68.31	24.88	43.43	
NODE_8_length_264535_cov_71.8003 	1	34618 	34694 	Arg	CCG	0	0	87.81	66.55	21.26	
NODE_9_length_214519_cov_59.4775 	1	95399 	95325 	Arg	CCT	0	0	69.71	45.21	24.50	
NODE_11_length_207771_cov_68.1813	1	98125 	98198 	Gly	CCC	0	0	60.35	30.06	30.29	
NODE_14_length_155901_cov_68.2851	1	52697 	52773 	Met	CAT	0	0	85.06	58.55	26.51	
NODE_14_length_155901_cov_68.2851	2	69274 	69184 	Ser	GCT	0	0	76.69	47.10	29.59	
NODE_14_length_155901_cov_68.2851	3	69067 	68991 	Arg	ACG	0	0	83.50	58.05	25.45	
NODE_14_length_155901_cov_68.2851	4	68879 	68803 	Arg	ACG	0	0	83.50	58.05	25.45	
NODE_14_length_155901_cov_68.2851	5	125   	50    	Lys	TTT	0	0	95.07	71.82	23.25	
NODE_16_length_148243_cov_59.919 	1	112038	111963	Val	TAC	0	0	94.49	73.68	20.81	
NODE_16_length_148243_cov_59.919 	2	111946	111870	Asp	GTC	0	0	94.67	75.49	19.18	
NODE_21_length_78159_cov_66.3666 	1	14669 	14594 	Thr	CGT	0	0	90.98	74.93	16.05	
NODE_22_length_71799_cov_70.1962 	1	22227 	22153 	Gln	TTG	0	0	66.82	40.36	26.46	
NODE_22_length_71799_cov_70.1962 	2	18480 	18404 	Met	CAT	0	0	87.19	64.42	22.77	
NODE_23_length_65541_cov_78.638  	1	64322 	64247 	Trp	CCA	0	0	86.73	63.05	23.68	
NODE_25_length_52857_cov_67.34   	1	44215 	44288 	Arg	ACG	0	0	52.72	27.21	25.51	
NODE_25_length_52857_cov_67.34   	2	297   	222   	Asn	GTT	0	0	91.73	62.08	29.65	
NODE_25_length_52857_cov_67.34   	3	212   	136   	Pro	TGG	0	0	87.63	64.60	23.03	
NODE_25_length_52857_cov_67.34   	4	125   	50    	Lys	TTT	0	0	95.07	71.82	23.25	
NODE_36_length_11258_cov_57.043  	1	4869  	4797  	Leu	GAG	0	0	20.84	19.28	1.56	
NODE_39_length_7277_cov_129.653  	1	3     	78    	Lys	TTT	0	0	95.07	71.82	23.25	
NODE_42_length_5473_cov_243.017  	1	1894  	1970  	Ile	GAT	0	0	98.83	72.69	26.14	
NODE_42_length_5473_cov_243.017  	2	1999  	2074  	Ala	TGC	0	0	90.68	71.56	19.12	
NODE_53_length_3327_cov_66.0322  	1	521   	437   	Tyr	GTA	0	0	71.07	41.76	29.31	
NODE_53_length_3327_cov_66.0322  	2	410   	337   	Gly	TCC	0	0	82.75	60.87	21.88	
NODE_53_length_3327_cov_66.0322  	3	317   	242   	Thr	GGT	0	0	93.76	67.73	26.03	
