Sequence                         		tRNA  	Bounds	tRNA	Anti	Intron Bounds	Cove	HMM	2'Str	      
Name                             	tRNA #	Begin 	End   	Type	Codon	Begin	End	Score	Score	Score	Note
--------                         	------	----- 	------	----	-----	-----	----	------	-----	-----	------
NODE_1_length_909234_cov_54.7667 	1	697583	697657	Arg	CCT	0	0	69.71	45.21	24.50	
NODE_1_length_909234_cov_54.7667 	2	830508	830583	Val	TAC	0	0	94.49	73.68	20.81	
NODE_1_length_909234_cov_54.7667 	3	830600	830676	Asp	GTC	0	0	94.67	75.49	19.18	
NODE_1_length_909234_cov_54.7667 	4	218298	218212	Leu	CAA	0	0	69.99	38.33	31.66	
NODE_2_length_789163_cov_57.1601 	1	281446	281532	Leu	CAG	0	0	73.96	38.54	35.42	
NODE_2_length_789163_cov_57.1601 	2	281662	281748	Leu	CAG	0	0	73.96	38.54	35.42	
NODE_2_length_789163_cov_57.1601 	3	538573	538648	Phe	GAA	0	0	92.69	68.52	24.17	
NODE_2_length_789163_cov_57.1601 	4	549983	550058	Thr	TGT	0	0	93.66	75.64	18.02	
NODE_2_length_789163_cov_57.1601 	5	117345	117254	SeC	TCA	0	0	55.75	-18.51	74.26	
NODE_2_length_789163_cov_57.1601 	6	62982 	62897 	Leu	GAG	0	0	68.53	39.16	29.37	
NODE_2_length_789163_cov_57.1601 	7	62806 	62730 	Met	CAT	0	0	85.85	60.06	25.79	
NODE_3_length_778193_cov_53.9717 	1	415621	415710	Ser	GGA	0	0	71.75	34.38	37.37	
NODE_3_length_778193_cov_53.9717 	2	604392	604468	Pro	CGG	0	0	88.20	60.26	27.94	
NODE_3_length_778193_cov_53.9717 	3	731095	731170	Asn	GTT	0	0	91.73	62.08	29.65	
NODE_3_length_778193_cov_53.9717 	4	722296	722221	Ala	GGC	0	0	86.95	68.86	18.09	
NODE_3_length_778193_cov_53.9717 	5	722172	722097	Glu	TTC	0	0	66.40	38.20	28.20	
NODE_3_length_778193_cov_53.9717 	6	722003	721928	Ala	GGC	0	0	86.95	68.86	18.09	
NODE_3_length_778193_cov_53.9717 	7	721881	721806	Glu	TTC	0	0	66.40	38.20	28.20	
NODE_3_length_778193_cov_53.9717 	8	682879	682804	Val	TAC	0	0	94.49	73.68	20.81	
NODE_3_length_778193_cov_53.9717 	9	682787	682711	Asp	GTC	0	0	94.67	75.49	19.18	
NODE_3_length_778193_cov_53.9717 	10	682596	682520	Asp	GTC	0	0	94.67	75.49	19.18	
NODE_3_length_778193_cov_53.9717 	11	383116	383041	Glu	TTC	0	0	66.40	38.20	28.20	
NODE_3_length_778193_cov_53.9717 	12	383038	382963	Gly	GCC	0	0	93.74	68.41	25.33	
NODE_3_length_778193_cov_53.9717 	13	382878	382803	Gly	GCC	0	0	93.74	68.41	25.33	
NODE_3_length_778193_cov_53.9717 	14	335632	335556	Val	GAC	0	0	93.19	67.81	25.38	
NODE_3_length_778193_cov_53.9717 	15	301765	301689	Pro	GGG	0	0	74.89	48.01	26.88	
NODE_3_length_778193_cov_53.9717 	16	134242	134153	Ser	TGA	0	0	72.70	38.95	33.75	
NODE_3_length_778193_cov_53.9717 	17	120812	120737	Gly	GCC	0	0	93.74	68.41	25.33	
NODE_3_length_778193_cov_53.9717 	18	114425	114352	Cys	GCA	0	0	62.38	45.73	16.65	
NODE_3_length_778193_cov_53.9717 	19	101799	101713	Leu	TAA	0	0	76.64	42.32	34.32	
NODE_4_length_557089_cov_54.2952 	1	431813	431889	Arg	TCT	0	0	96.39	77.88	18.51	
NODE_4_length_557089_cov_54.2952 	2	431941	432016	His	GTG	0	0	83.51	64.18	19.33	
NODE_4_length_557089_cov_54.2952 	3	432071	432155	Leu	TAG	0	0	76.62	44.97	31.65	
NODE_4_length_557089_cov_54.2952 	4	432222	432297	His	GTG	0	0	83.51	64.18	19.33	
NODE_4_length_557089_cov_54.2952 	5	443575	443651	Asp	GTC	0	0	95.34	76.86	18.48	
NODE_5_length_438488_cov_55.6002 	1	27776 	27865 	Ser	CGA	0	0	68.31	24.88	43.43	
NODE_6_length_350460_cov_55.2408 	1	293783	293856	Arg	ACG	0	0	52.72	27.21	25.51	
NODE_6_length_350460_cov_55.2408 	2	249906	249831	Asn	GTT	0	0	91.73	62.08	29.65	
NODE_6_length_350460_cov_55.2408 	3	249821	249745	Pro	TGG	0	0	87.63	64.60	23.03	
NODE_6_length_350460_cov_55.2408 	4	249734	249659	Lys	TTT	0	0	95.07	71.82	23.25	
NODE_6_length_350460_cov_55.2408 	5	230289	230214	Thr	CGT	0	0	90.98	74.93	16.05	
NODE_8_length_283720_cov_53.9892 	1	66672 	66748 	Met	CAT	0	0	85.06	58.55	26.51	
NODE_8_length_283720_cov_53.9892 	2	172821	172893	Leu	GAG	0	0	20.84	19.28	1.56	
NODE_8_length_283720_cov_53.9892 	3	277280	277353	Gly	CCC	0	0	60.35	30.06	30.29	
NODE_8_length_283720_cov_53.9892 	4	83250 	83160 	Ser	GCT	0	0	76.69	47.10	29.59	
NODE_8_length_283720_cov_53.9892 	5	83042 	82966 	Arg	ACG	0	0	83.50	58.05	25.45	
NODE_8_length_283720_cov_53.9892 	6	82854 	82778 	Arg	ACG	0	0	83.50	58.05	25.45	
NODE_8_length_283720_cov_53.9892 	7	14118 	14043 	Lys	TTT	0	0	95.07	71.82	23.25	
NODE_9_length_258292_cov_58.767  	1	34676 	34752 	Arg	CCG	0	0	87.81	66.55	21.26	
NODE_15_length_104023_cov_59.2395	1	89992 	90066 	Gln	TTG	0	0	66.82	40.36	26.46	
NODE_15_length_104023_cov_59.2395	2	97190 	97266 	Met	CAT	0	0	87.19	64.42	22.77	
NODE_17_length_80340_cov_53.4289 	1	79232 	79308 	Met	CAT	0	0	92.87	71.40	21.47	
NODE_18_length_65644_cov_55.4941 	1	64425 	64350 	Trp	CCA	0	0	86.73	63.05	23.68	
NODE_28_length_5201_cov_219.235  	1	3373  	3297  	Ile	GAT	0	0	98.83	72.69	26.14	
NODE_28_length_5201_cov_219.235  	2	3268  	3193  	Ala	TGC	0	0	90.68	71.56	19.12	
NODE_30_length_3534_cov_48.8703  	1	521   	437   	Tyr	GTA	0	0	71.07	41.76	29.31	
NODE_30_length_3534_cov_48.8703  	2	410   	337   	Gly	TCC	0	0	82.75	60.87	21.88	
NODE_30_length_3534_cov_48.8703  	3	317   	242   	Thr	GGT	0	0	93.76	67.73	26.03	
