Sequence                         		tRNA  	Bounds	tRNA	Anti	Intron Bounds	Cove	HMM	2'Str	      
Name                             	tRNA #	Begin 	End   	Type	Codon	Begin	End	Score	Score	Score	Note
--------                         	------	----- 	------	----	-----	-----	----	------	-----	-----	------
NODE_1_length_887584_cov_69.2677 	1	770751	770842	SeC	TCA	0	0	55.75	-18.51	74.26	
NODE_1_length_887584_cov_69.2677 	2	824810	824895	Leu	GAG	0	0	68.53	39.16	29.37	
NODE_1_length_887584_cov_69.2677 	3	824986	825062	Met	CAT	0	0	85.85	60.06	25.79	
NODE_1_length_887584_cov_69.2677 	4	580572	580486	Leu	CAG	0	0	73.96	38.54	35.42	
NODE_1_length_887584_cov_69.2677 	5	580356	580270	Leu	CAG	0	0	73.96	38.54	35.42	
NODE_1_length_887584_cov_69.2677 	6	283379	283304	Phe	GAA	0	0	92.69	68.52	24.17	
NODE_1_length_887584_cov_69.2677 	7	271969	271894	Thr	TGT	0	0	93.66	75.64	18.02	
NODE_2_length_629066_cov_66.0177 	1	518881	518957	Met	CAT	0	0	85.06	58.55	26.51	
NODE_2_length_629066_cov_66.0177 	2	625106	625178	Leu	GAG	0	0	20.84	19.28	1.56	
NODE_2_length_629066_cov_66.0177 	3	535426	535336	Ser	GCT	0	0	76.69	47.10	29.59	
NODE_2_length_629066_cov_66.0177 	4	535218	535142	Arg	ACG	0	0	83.50	58.05	25.45	
NODE_2_length_629066_cov_66.0177 	5	535029	534953	Arg	ACG	0	0	83.50	58.05	25.45	
NODE_2_length_629066_cov_66.0177 	6	466287	466212	Lys	TTT	0	0	95.07	71.82	23.25	
NODE_2_length_629066_cov_66.0177 	7	438745	438656	Ser	CGA	0	0	68.31	24.88	43.43	
NODE_3_length_586800_cov_64.4529 	1	155866	155941	Glu	TTC	0	0	66.40	38.20	28.20	
NODE_3_length_586800_cov_64.4529 	2	155944	156019	Gly	GCC	0	0	93.74	68.41	25.33	
NODE_3_length_586800_cov_64.4529 	3	156104	156179	Gly	GCC	0	0	93.74	68.41	25.33	
NODE_3_length_586800_cov_64.4529 	4	197636	197712	Val	GAC	0	0	93.19	67.81	25.38	
NODE_3_length_586800_cov_64.4529 	5	231779	231855	Pro	GGG	0	0	74.89	48.01	26.88	
NODE_3_length_586800_cov_64.4529 	6	382345	382434	Ser	TGA	0	0	72.70	38.95	33.75	
NODE_3_length_586800_cov_64.4529 	7	438469	438544	Gly	GCC	0	0	93.74	68.41	25.33	
NODE_3_length_586800_cov_64.4529 	8	541369	541442	Cys	GCA	0	0	62.38	45.73	16.65	
NODE_3_length_586800_cov_64.4529 	9	123368	123279	Ser	GGA	0	0	71.75	34.38	37.37	
NODE_4_length_531159_cov_65.9724 	1	173594	173669	Asn	GTT	0	0	91.73	62.08	29.65	
NODE_4_length_531159_cov_65.9724 	2	173679	173755	Pro	TGG	0	0	87.63	64.60	23.03	
NODE_4_length_531159_cov_65.9724 	3	173766	173841	Lys	TTT	0	0	95.07	71.82	23.25	
NODE_4_length_531159_cov_65.9724 	4	296253	296328	Thr	CGT	0	0	90.98	74.93	16.05	
NODE_4_length_531159_cov_65.9724 	5	129678	129605	Arg	ACG	0	0	52.72	27.21	25.51	
NODE_4_length_531159_cov_65.9724 	6	22240 	22166 	Gln	TTG	0	0	66.82	40.36	26.46	
NODE_4_length_531159_cov_65.9724 	7	18491 	18415 	Met	CAT	0	0	87.19	64.42	22.77	
NODE_5_length_511992_cov_67.2622 	1	304103	304179	Arg	CCT	0	0	83.71	58.51	25.20	
NODE_5_length_511992_cov_67.2622 	2	438122	438197	Val	TAC	0	0	94.49	73.68	20.81	
NODE_5_length_511992_cov_67.2622 	3	438214	438290	Asp	GTC	0	0	94.67	75.49	19.18	
NODE_6_length_425028_cov_68.2581 	1	210681	210595	Leu	CAA	0	0	69.99	38.33	31.66	
NODE_7_length_410723_cov_65.8464 	1	388440	388516	Arg	TCT	0	0	96.39	77.88	18.51	
NODE_7_length_410723_cov_65.8464 	2	388568	388643	His	GTG	0	0	83.51	64.18	19.33	
NODE_7_length_410723_cov_65.8464 	3	388698	388782	Leu	TAG	0	0	76.62	44.97	31.65	
NODE_8_length_371845_cov_69.4227 	1	294579	294503	Met	CAT	0	0	92.87	71.40	21.47	
NODE_9_length_267107_cov_64.174  	1	94287 	94363 	Pro	CGG	0	0	88.20	60.26	27.94	
NODE_9_length_267107_cov_64.174  	2	223094	223169	Asn	GTT	0	0	91.73	62.08	29.65	
NODE_9_length_267107_cov_64.174  	3	214295	214220	Ala	GGC	0	0	86.95	68.86	18.09	
NODE_9_length_267107_cov_64.174  	4	214171	214096	Glu	TTC	0	0	66.40	38.20	28.20	
NODE_9_length_267107_cov_64.174  	5	214002	213927	Ala	GGC	0	0	86.95	68.86	18.09	
NODE_9_length_267107_cov_64.174  	6	213880	213805	Glu	TTC	0	0	66.40	38.20	28.20	
NODE_9_length_267107_cov_64.174  	7	174905	174830	Val	TAC	0	0	94.49	73.68	20.81	
NODE_9_length_267107_cov_64.174  	8	174813	174737	Asp	GTC	0	0	94.67	75.49	19.18	
NODE_9_length_267107_cov_64.174  	9	174622	174546	Asp	GTC	0	0	94.67	75.49	19.18	
NODE_13_length_193782_cov_66.3237	1	99599 	99672 	Gly	CCC	0	0	60.35	30.06	30.29	
NODE_15_length_138867_cov_66.4652	1	123212	123126	Leu	TAA	0	0	76.64	42.32	34.32	
NODE_19_length_94676_cov_64.1134 	1	92127 	92052 	His	GTG	0	0	83.51	64.18	19.33	
NODE_19_length_94676_cov_64.1134 	2	80761 	80685 	Asp	GTC	0	0	95.34	76.86	18.48	
NODE_23_length_65371_cov_69.9907 	1	64152 	64077 	Trp	CCA	0	0	86.73	63.05	23.68	
NODE_30_length_35816_cov_68.9008 	1	1188  	1112  	Arg	CCG	0	0	87.81	66.55	21.26	
NODE_38_length_5618_cov_202.47   	1	2037  	2113  	Ile	GAT	0	0	98.83	72.69	26.14	
NODE_38_length_5618_cov_202.47   	2	2142  	2217  	Ala	TGC	0	0	90.68	71.56	19.12	
NODE_47_length_3326_cov_52.3601  	1	521   	437   	Tyr	GTA	0	0	71.07	41.76	29.31	
NODE_47_length_3326_cov_52.3601  	2	410   	337   	Gly	TCC	0	0	82.75	60.87	21.88	
NODE_47_length_3326_cov_52.3601  	3	317   	242   	Thr	GGT	0	0	93.76	67.73	26.03	
NODE_53_length_2237_cov_92.5398  	1	171   	96    	Gly	TCC	0	0	82.79	56.37	26.42	
