Sequence                        		tRNA  	Bounds	tRNA	Anti	Intron Bounds	Cove	HMM	2'Str	      
Name                            	tRNA #	Begin 	End   	Type	Codon	Begin	End	Score	Score	Score	Note
--------                        	------	----- 	------	----	-----	-----	----	------	-----	-----	------
NODE_1_length_832723_cov_53.389 	1	707445	707521	Arg	TCT	0	0	96.39	77.88	18.51	
NODE_1_length_832723_cov_53.389 	2	707573	707648	His	GTG	0	0	83.51	64.18	19.33	
NODE_1_length_832723_cov_53.389 	3	707703	707787	Leu	TAG	0	0	76.62	44.97	31.65	
NODE_1_length_832723_cov_53.389 	4	707854	707929	His	GTG	0	0	83.51	64.18	19.33	
NODE_1_length_832723_cov_53.389 	5	719208	719284	Asp	GTC	0	0	95.34	76.86	18.48	
NODE_2_length_813243_cov_51.8858	1	516490	516566	Arg	CCT	0	0	83.71	58.51	25.20	
NODE_2_length_813243_cov_51.8858	2	645645	645720	Val	TAC	0	0	94.49	73.68	20.81	
NODE_2_length_813243_cov_51.8858	3	645737	645813	Asp	GTC	0	0	94.67	75.49	19.18	
NODE_2_length_813243_cov_51.8858	4	773697	773772	Ala	GGC	0	0	86.95	68.86	18.09	
NODE_2_length_813243_cov_51.8858	5	773821	773896	Glu	TTC	0	0	66.40	38.20	28.20	
NODE_2_length_813243_cov_51.8858	6	773990	774065	Ala	GGC	0	0	86.95	68.86	18.09	
NODE_2_length_813243_cov_51.8858	7	774112	774187	Glu	TTC	0	0	66.40	38.20	28.20	
NODE_2_length_813243_cov_51.8858	8	813073	813148	Val	TAC	0	0	94.49	73.68	20.81	
NODE_2_length_813243_cov_51.8858	9	813165	813241	Asp	GTC	0	0	94.67	75.49	19.18	
NODE_2_length_813243_cov_51.8858	10	764898	764823	Asn	GTT	0	0	91.73	62.08	29.65	
NODE_2_length_813243_cov_51.8858	11	32128 	32042 	Leu	CAA	0	0	69.99	38.33	31.66	
NODE_3_length_809206_cov_54.8589	1	690649	690740	SeC	TCA	0	0	55.75	-18.51	74.26	
NODE_3_length_809206_cov_54.8589	2	746301	746386	Leu	GAG	0	0	68.53	39.16	29.37	
NODE_3_length_809206_cov_54.8589	3	746477	746553	Met	CAT	0	0	85.85	60.06	25.79	
NODE_3_length_809206_cov_54.8589	4	540283	540197	Leu	CAG	0	0	73.96	38.54	35.42	
NODE_3_length_809206_cov_54.8589	5	540067	539981	Leu	CAG	0	0	73.96	38.54	35.42	
NODE_3_length_809206_cov_54.8589	6	279961	279886	Phe	GAA	0	0	92.69	68.52	24.17	
NODE_3_length_809206_cov_54.8589	7	268551	268476	Thr	TGT	0	0	93.66	75.64	18.02	
NODE_4_length_534715_cov_53.4104	1	230244	230320	Met	CAT	0	0	85.06	58.55	26.51	
NODE_4_length_534715_cov_53.4104	2	336467	336539	Leu	GAG	0	0	20.84	19.28	1.56	
NODE_4_length_534715_cov_53.4104	3	465544	465617	Gly	CCC	0	0	60.35	30.06	30.29	
NODE_4_length_534715_cov_53.4104	4	246788	246698	Ser	GCT	0	0	76.69	47.10	29.59	
NODE_4_length_534715_cov_53.4104	5	246580	246504	Arg	ACG	0	0	83.50	58.05	25.45	
NODE_4_length_534715_cov_53.4104	6	246392	246316	Arg	ACG	0	0	83.50	58.05	25.45	
NODE_4_length_534715_cov_53.4104	7	177691	177616	Lys	TTT	0	0	95.07	71.82	23.25	
NODE_4_length_534715_cov_53.4104	8	150151	150062	Ser	CGA	0	0	68.31	24.88	43.43	
NODE_5_length_496543_cov_55.7717	1	34639 	34715 	Arg	CCG	0	0	87.81	66.55	21.26	
NODE_6_length_409333_cov_50.4252	1	49    	125   	Asp	GTC	0	0	94.67	75.49	19.18	
NODE_6_length_409333_cov_50.4252	2	240   	316   	Asp	GTC	0	0	94.67	75.49	19.18	
NODE_6_length_409333_cov_50.4252	3	302911	302986	Glu	TTC	0	0	66.40	38.20	28.20	
NODE_6_length_409333_cov_50.4252	4	302989	303064	Gly	GCC	0	0	93.74	68.41	25.33	
NODE_6_length_409333_cov_50.4252	5	303149	303224	Gly	GCC	0	0	93.74	68.41	25.33	
NODE_6_length_409333_cov_50.4252	6	349557	349633	Val	GAC	0	0	93.19	67.81	25.38	
NODE_6_length_409333_cov_50.4252	7	383697	383773	Pro	GGG	0	0	74.89	48.01	26.88	
NODE_6_length_409333_cov_50.4252	8	270407	270318	Ser	GGA	0	0	71.75	34.38	37.37	
NODE_6_length_409333_cov_50.4252	9	81647 	81571 	Pro	CGG	0	0	88.20	60.26	27.94	
NODE_7_length_384305_cov_54.4464	1	294583	294507	Met	CAT	0	0	92.87	71.40	21.47	
NODE_8_length_376819_cov_54.0743	1	101281	101356	Thr	CGT	0	0	90.98	74.93	16.05	
NODE_9_length_333003_cov_52.483 	1	142330	142419	Ser	TGA	0	0	72.70	38.95	33.75	
NODE_9_length_333003_cov_52.483 	2	166707	166782	Gly	GCC	0	0	93.74	68.41	25.33	
NODE_9_length_333003_cov_52.483 	3	171330	171403	Cys	GCA	0	0	62.38	45.73	16.65	
NODE_9_length_333003_cov_52.483 	4	183954	184040	Leu	TAA	0	0	76.64	42.32	34.32	
NODE_13_length_176924_cov_53.1574	1	48473 	48546 	Arg	ACG	0	0	52.72	27.21	25.51	
NODE_13_length_176924_cov_53.1574	2	154694	154768	Gln	TTG	0	0	66.82	40.36	26.46	
NODE_13_length_176924_cov_53.1574	3	158443	158519	Met	CAT	0	0	87.19	64.42	22.77	
NODE_13_length_176924_cov_53.1574	4	4562  	4487  	Asn	GTT	0	0	91.73	62.08	29.65	
NODE_13_length_176924_cov_53.1574	5	4477  	4401  	Pro	TGG	0	0	87.63	64.60	23.03	
NODE_13_length_176924_cov_53.1574	6	4390  	4315  	Lys	TTT	0	0	95.07	71.82	23.25	
NODE_16_length_65461_cov_53.4621	1	64242 	64167 	Trp	CCA	0	0	86.73	63.05	23.68	
NODE_20_length_5483_cov_177.079 	1	1903  	1979  	Ile	GAT	0	0	98.83	72.69	26.14	
NODE_20_length_5483_cov_177.079 	2	2008  	2083  	Ala	TGC	0	0	90.68	71.56	19.12	
NODE_22_length_3326_cov_43.7734 	1	521   	437   	Tyr	GTA	0	0	71.07	41.76	29.31	
NODE_22_length_3326_cov_43.7734 	2	410   	337   	Gly	TCC	0	0	82.75	60.87	21.88	
NODE_22_length_3326_cov_43.7734 	3	317   	242   	Thr	GGT	0	0	93.76	67.73	26.03	
