Sequence                         		tRNA  	Bounds	tRNA	Anti	Intron Bounds	Cove	HMM	2'Str	      
Name                             	tRNA #	Begin 	End   	Type	Codon	Begin	End	Score	Score	Score	Note
--------                         	------	----- 	------	----	-----	-----	----	------	-----	-----	------
NODE_1_length_842599_cov_65.0991 	1	53181 	53256 	Ala	GGC	0	0	86.95	68.86	18.09	
NODE_1_length_842599_cov_65.0991 	2	53305 	53380 	Glu	TTC	0	0	66.40	38.20	28.20	
NODE_1_length_842599_cov_65.0991 	3	53474 	53549 	Ala	GGC	0	0	86.95	68.86	18.09	
NODE_1_length_842599_cov_65.0991 	4	53596 	53671 	Glu	TTC	0	0	66.40	38.20	28.20	
NODE_1_length_842599_cov_65.0991 	5	92578 	92653 	Val	TAC	0	0	94.49	73.68	20.81	
NODE_1_length_842599_cov_65.0991 	6	92670 	92746 	Asp	GTC	0	0	94.67	75.49	19.18	
NODE_1_length_842599_cov_65.0991 	7	92861 	92937 	Asp	GTC	0	0	94.67	75.49	19.18	
NODE_1_length_842599_cov_65.0991 	8	394460	394535	Glu	TTC	0	0	66.40	38.20	28.20	
NODE_1_length_842599_cov_65.0991 	9	394538	394613	Gly	GCC	0	0	93.74	68.41	25.33	
NODE_1_length_842599_cov_65.0991 	10	394698	394773	Gly	GCC	0	0	93.74	68.41	25.33	
NODE_1_length_842599_cov_65.0991 	11	450512	450588	Val	GAC	0	0	93.19	67.81	25.38	
NODE_1_length_842599_cov_65.0991 	12	484651	484727	Pro	GGG	0	0	74.89	48.01	26.88	
NODE_1_length_842599_cov_65.0991 	13	675378	675467	Ser	TGA	0	0	72.70	38.95	33.75	
NODE_1_length_842599_cov_65.0991 	14	699755	699830	Gly	GCC	0	0	93.74	68.41	25.33	
NODE_1_length_842599_cov_65.0991 	15	704377	704450	Cys	GCA	0	0	62.38	45.73	16.65	
NODE_1_length_842599_cov_65.0991 	16	717003	717089	Leu	TAA	0	0	76.64	42.32	34.32	
NODE_1_length_842599_cov_65.0991 	17	361949	361860	Ser	GGA	0	0	71.75	34.38	37.37	
NODE_1_length_842599_cov_65.0991 	18	173196	173120	Pro	CGG	0	0	88.20	60.26	27.94	
NODE_1_length_842599_cov_65.0991 	19	44382 	44307 	Asn	GTT	0	0	91.73	62.08	29.65	
NODE_2_length_510255_cov_68.1171 	1	386245	386321	Arg	TCT	0	0	96.39	77.88	18.51	
NODE_2_length_510255_cov_68.1171 	2	386373	386448	His	GTG	0	0	83.51	64.18	19.33	
NODE_2_length_510255_cov_68.1171 	3	386503	386587	Leu	TAG	0	0	76.62	44.97	31.65	
NODE_2_length_510255_cov_68.1171 	4	386654	386729	His	GTG	0	0	83.51	64.18	19.33	
NODE_2_length_510255_cov_68.1171 	5	398008	398084	Asp	GTC	0	0	95.34	76.86	18.48	
NODE_3_length_457674_cov_68.0777 	1	340509	340600	SeC	TCA	0	0	55.75	-18.51	74.26	
NODE_3_length_457674_cov_68.0777 	2	394814	394899	Leu	GAG	0	0	68.53	39.16	29.37	
NODE_3_length_457674_cov_68.0777 	3	394990	395066	Met	CAT	0	0	85.85	60.06	25.79	
NODE_3_length_457674_cov_68.0777 	4	187016	186930	Leu	CAG	0	0	73.96	38.54	35.42	
NODE_3_length_457674_cov_68.0777 	5	186800	186714	Leu	CAG	0	0	73.96	38.54	35.42	
NODE_4_length_412385_cov_64.7317 	1	209337	209413	Arg	CCT	0	0	83.71	58.51	25.20	
NODE_4_length_412385_cov_64.7317 	2	338530	338605	Val	TAC	0	0	94.49	73.68	20.81	
NODE_4_length_412385_cov_64.7317 	3	338622	338698	Asp	GTC	0	0	94.67	75.49	19.18	
NODE_5_length_384686_cov_64.6969 	1	105546	105460	Leu	CAA	0	0	69.99	38.33	31.66	
NODE_6_length_371711_cov_63.9125 	1	77604 	77680 	Met	CAT	0	0	92.87	71.40	21.47	
NODE_7_length_313358_cov_67.6698 	1	241110	241035	Phe	GAA	0	0	92.69	68.52	24.17	
NODE_7_length_313358_cov_67.6698 	2	229700	229625	Thr	TGT	0	0	93.66	75.64	18.02	
NODE_8_length_287081_cov_68.5722 	1	283622	283553	Lys	TTT	0	0	26.12	11.05	15.07	
NODE_8_length_287081_cov_68.5722 	2	256085	255996	Ser	CGA	0	0	68.31	24.88	43.43	
NODE_9_length_270011_cov_65.0521 	1	58433 	58509 	Met	CAT	0	0	85.06	58.55	26.51	
NODE_9_length_270011_cov_65.0521 	2	164607	164679	Leu	GAG	0	0	20.84	19.28	1.56	
NODE_9_length_270011_cov_65.0521 	3	267149	267222	Gly	CCC	0	0	60.35	30.06	30.29	
NODE_9_length_270011_cov_65.0521 	4	74977 	74887 	Ser	GCT	0	0	76.69	47.10	29.59	
NODE_9_length_270011_cov_65.0521 	5	74769 	74693 	Arg	ACG	0	0	83.50	58.05	25.45	
NODE_9_length_270011_cov_65.0521 	6	74581 	74505 	Arg	ACG	0	0	83.50	58.05	25.45	
NODE_9_length_270011_cov_65.0521 	7	5884  	5809  	Lys	TTT	0	0	95.07	71.82	23.25	
NODE_10_length_255235_cov_65.126 	1	22848 	22923 	Thr	CGT	0	0	90.98	74.93	16.05	
NODE_18_length_110957_cov_65.0305	1	101002	101077	Asn	GTT	0	0	91.73	62.08	29.65	
NODE_18_length_110957_cov_65.0305	2	101087	101163	Pro	TGG	0	0	87.63	64.60	23.03	
NODE_18_length_110957_cov_65.0305	3	101174	101249	Lys	TTT	0	0	95.07	71.82	23.25	
NODE_18_length_110957_cov_65.0305	4	57086 	57013 	Arg	ACG	0	0	52.72	27.21	25.51	
NODE_21_length_65506_cov_60.6118 	1	1220  	1295  	Trp	CCA	0	0	86.73	63.05	23.68	
NODE_24_length_56873_cov_66.3687 	1	50055 	50129 	Gln	TTG	0	0	66.82	40.36	26.46	
NODE_24_length_56873_cov_66.3687 	2	53804 	53880 	Met	CAT	0	0	87.19	64.42	22.77	
NODE_28_length_35951_cov_65.5889 	1	1315  	1239  	Arg	CCG	0	0	87.81	66.55	21.26	
NODE_31_length_25023_cov_55.9459 	1	6532  	6610  	Met	CAT	0	0	36.06	36.97	-0.91	
NODE_51_length_3426_cov_161.686  	1	1954  	2030  	Ile	GAT	0	0	98.83	72.69	26.14	
NODE_51_length_3426_cov_161.686  	2	2059  	2134  	Ala	TGC	0	0	90.68	71.56	19.12	
NODE_52_length_3321_cov_45.4771  	1	2801  	2885  	Tyr	GTA	0	0	71.07	41.76	29.31	
NODE_52_length_3321_cov_45.4771  	2	2912  	2985  	Gly	TCC	0	0	82.75	60.87	21.88	
NODE_52_length_3321_cov_45.4771  	3	3005  	3080  	Thr	GGT	0	0	93.76	67.73	26.03	
