Sequence                        		tRNA  	Bounds	tRNA	Anti	Intron Bounds	Cove	HMM	2'Str	      
Name                            	tRNA #	Begin 	End   	Type	Codon	Begin	End	Score	Score	Score	Note
--------                        	------	----- 	------	----	-----	-----	----	------	-----	-----	------
NODE_1_length_801857_cov_69.417 	1	53259 	53334 	Ala	GGC	0	0	86.95	68.86	18.09	
NODE_1_length_801857_cov_69.417 	2	53383 	53458 	Glu	TTC	0	0	66.40	38.20	28.20	
NODE_1_length_801857_cov_69.417 	3	53552 	53627 	Ala	GGC	0	0	86.95	68.86	18.09	
NODE_1_length_801857_cov_69.417 	4	53674 	53749 	Glu	TTC	0	0	66.40	38.20	28.20	
NODE_1_length_801857_cov_69.417 	5	92667 	92742 	Val	TAC	0	0	94.49	73.68	20.81	
NODE_1_length_801857_cov_69.417 	6	92759 	92835 	Asp	GTC	0	0	94.67	75.49	19.18	
NODE_1_length_801857_cov_69.417 	7	92950 	93026 	Asp	GTC	0	0	94.67	75.49	19.18	
NODE_1_length_801857_cov_69.417 	8	394571	394646	Glu	TTC	0	0	66.40	38.20	28.20	
NODE_1_length_801857_cov_69.417 	9	394649	394724	Gly	GCC	0	0	93.74	68.41	25.33	
NODE_1_length_801857_cov_69.417 	10	394809	394884	Gly	GCC	0	0	93.74	68.41	25.33	
NODE_1_length_801857_cov_69.417 	11	441221	441297	Val	GAC	0	0	93.19	67.81	25.38	
NODE_1_length_801857_cov_69.417 	12	475359	475435	Pro	GGG	0	0	74.89	48.01	26.88	
NODE_1_length_801857_cov_69.417 	13	636399	636488	Ser	TGA	0	0	72.70	38.95	33.75	
NODE_1_length_801857_cov_69.417 	14	660775	660850	Gly	GCC	0	0	93.74	68.41	25.33	
NODE_1_length_801857_cov_69.417 	15	665397	665470	Cys	GCA	0	0	62.38	45.73	16.65	
NODE_1_length_801857_cov_69.417 	16	678020	678106	Leu	TAA	0	0	76.64	42.32	34.32	
NODE_1_length_801857_cov_69.417 	17	362076	361987	Ser	GGA	0	0	71.75	34.38	37.37	
NODE_1_length_801857_cov_69.417 	18	173297	173221	Pro	CGG	0	0	88.20	60.26	27.94	
NODE_1_length_801857_cov_69.417 	19	44460 	44385 	Asn	GTT	0	0	91.73	62.08	29.65	
NODE_2_length_771805_cov_74.5809	1	270625	270711	Leu	CAG	0	0	73.96	38.54	35.42	
NODE_2_length_771805_cov_74.5809	2	270841	270927	Leu	CAG	0	0	73.96	38.54	35.42	
NODE_2_length_771805_cov_74.5809	3	530654	530729	Phe	GAA	0	0	92.69	68.52	24.17	
NODE_2_length_771805_cov_74.5809	4	542064	542139	Thr	TGT	0	0	93.66	75.64	18.02	
NODE_2_length_771805_cov_74.5809	5	116959	116868	SeC	TCA	0	0	55.75	-18.51	74.26	
NODE_2_length_771805_cov_74.5809	6	62920 	62835 	Leu	GAG	0	0	68.53	39.16	29.37	
NODE_2_length_771805_cov_74.5809	7	62744 	62668 	Met	CAT	0	0	85.85	60.06	25.79	
NODE_3_length_545349_cov_72.2271	1	122044	121958	Leu	CAA	0	0	69.99	38.33	31.66	
NODE_4_length_415378_cov_80.2442	1	159107	159182	Asn	GTT	0	0	91.73	62.08	29.65	
NODE_4_length_415378_cov_80.2442	2	159192	159268	Pro	TGG	0	0	87.63	64.60	23.03	
NODE_4_length_415378_cov_80.2442	3	159279	159354	Lys	TTT	0	0	95.07	71.82	23.25	
NODE_4_length_415378_cov_80.2442	4	178662	178737	Thr	CGT	0	0	90.98	74.93	16.05	
NODE_4_length_415378_cov_80.2442	5	115191	115118	Arg	ACG	0	0	52.72	27.21	25.51	
NODE_4_length_415378_cov_80.2442	6	8208  	8134  	Gln	TTG	0	0	66.82	40.36	26.46	
NODE_4_length_415378_cov_80.2442	7	4460  	4384  	Met	CAT	0	0	87.19	64.42	22.77	
NODE_5_length_395366_cov_68.236 	1	302840	302916	Arg	TCT	0	0	96.39	77.88	18.51	
NODE_5_length_395366_cov_68.236 	2	302968	303043	His	GTG	0	0	83.51	64.18	19.33	
NODE_5_length_395366_cov_68.236 	3	303098	303182	Leu	TAG	0	0	76.62	44.97	31.65	
NODE_5_length_395366_cov_68.236 	4	303249	303324	His	GTG	0	0	83.51	64.18	19.33	
NODE_5_length_395366_cov_68.236 	5	314609	314685	Asp	GTC	0	0	95.34	76.86	18.48	
NODE_6_length_371640_cov_74.429 	1	294092	294016	Met	CAT	0	0	92.87	71.40	21.47	
NODE_8_length_275432_cov_77.9   	1	197106	197196	Ser	GCT	0	0	76.69	47.10	29.59	
NODE_8_length_275432_cov_77.9   	2	197314	197390	Arg	ACG	0	0	83.50	58.05	25.45	
NODE_8_length_275432_cov_77.9   	3	197502	197578	Arg	ACG	0	0	83.50	58.05	25.45	
NODE_8_length_275432_cov_77.9   	4	266200	266275	Lys	TTT	0	0	95.07	71.82	23.25	
NODE_8_length_275432_cov_77.9   	5	213648	213572	Met	CAT	0	0	85.06	58.55	26.51	
NODE_8_length_275432_cov_77.9   	6	107434	107362	Leu	GAG	0	0	20.84	19.28	1.56	
NODE_8_length_275432_cov_77.9   	7	2272  	2199  	Gly	CCC	0	0	60.35	30.06	30.29	
NODE_9_length_245597_cov_75.7606	1	204658	204569	Ser	CGA	0	0	68.31	24.88	43.43	
NODE_14_length_204677_cov_71.6695	1	1016  	1090  	Arg	CCT	0	0	69.69	51.80	17.89	
NODE_14_length_204677_cov_71.6695	2	130808	130883	Val	TAC	0	0	94.49	73.68	20.81	
NODE_14_length_204677_cov_71.6695	3	130900	130976	Asp	GTC	0	0	94.67	75.49	19.18	
NODE_20_length_66122_cov_69.3619	1	63331 	63407 	Arg	CCT	0	0	83.71	58.51	25.20	
NODE_21_length_65527_cov_78.114 	1	64308 	64233 	Trp	CCA	0	0	86.73	63.05	23.68	
NODE_27_length_35926_cov_72.725 	1	34635 	34711 	Arg	CCG	0	0	87.81	66.55	21.26	
NODE_35_length_5481_cov_221.113 	1	3588  	3512  	Ile	GAT	0	0	98.83	72.69	26.14	
NODE_35_length_5481_cov_221.113 	2	3483  	3408  	Ala	TGC	0	0	90.68	71.56	19.12	
NODE_37_length_3319_cov_63.1626 	1	521   	437   	Tyr	GTA	0	0	71.07	41.76	29.31	
NODE_37_length_3319_cov_63.1626 	2	410   	337   	Gly	TCC	0	0	82.75	60.87	21.88	
NODE_37_length_3319_cov_63.1626 	3	317   	242   	Thr	GGT	0	0	93.76	67.73	26.03	
