Sequence                          		tRNA   	Bounds 	tRNA	Anti	Intron Bounds	Cove	HMM	2'Str	      
Name                              	tRNA #	Begin  	End    	Type	Codon	Begin	End	Score	Score	Score	Note
--------                          	------	-----  	------ 	----	-----	-----	----	------	-----	-----	------
NODE_1_length_1284392_cov_60.5347 	1	1015505	1015581	Met	CAT	0	0	85.06	58.55	26.51	
NODE_1_length_1284392_cov_60.5347 	2	1121729	1121801	Leu	GAG	0	0	20.84	19.28	1.56	
NODE_1_length_1284392_cov_60.5347 	3	1226119	1226192	Gly	CCC	0	0	60.35	30.06	30.29	
NODE_1_length_1284392_cov_60.5347 	4	1032049	1031959	Ser	GCT	0	0	76.69	47.10	29.59	
NODE_1_length_1284392_cov_60.5347 	5	1031841	1031765	Arg	ACG	0	0	83.50	58.05	25.45	
NODE_1_length_1284392_cov_60.5347 	6	1031653	1031577	Arg	ACG	0	0	83.50	58.05	25.45	
NODE_1_length_1284392_cov_60.5347 	7	962946 	962871 	Lys	TTT	0	0	95.07	71.82	23.25	
NODE_1_length_1284392_cov_60.5347 	8	935405 	935316 	Ser	CGA	0	0	68.31	24.88	43.43	
NODE_1_length_1284392_cov_60.5347 	9	92505  	92429  	Arg	TCT	0	0	96.39	77.88	18.51	
NODE_1_length_1284392_cov_60.5347 	10	92377  	92302  	His	GTG	0	0	83.51	64.18	19.33	
NODE_1_length_1284392_cov_60.5347 	11	92247  	92163  	Leu	TAG	0	0	76.62	44.97	31.65	
NODE_1_length_1284392_cov_60.5347 	12	92096  	92021  	His	GTG	0	0	83.51	64.18	19.33	
NODE_1_length_1284392_cov_60.5347 	13	80760  	80684  	Asp	GTC	0	0	95.34	76.86	18.48	
NODE_2_length_918695_cov_61.6873  	1	53258  	53333  	Ala	GGC	0	0	86.95	68.86	18.09	
NODE_2_length_918695_cov_61.6873  	2	53382  	53457  	Glu	TTC	0	0	66.40	38.20	28.20	
NODE_2_length_918695_cov_61.6873  	3	53551  	53626  	Ala	GGC	0	0	86.95	68.86	18.09	
NODE_2_length_918695_cov_61.6873  	4	53673  	53748  	Glu	TTC	0	0	66.40	38.20	28.20	
NODE_2_length_918695_cov_61.6873  	5	92656  	92731  	Val	TAC	0	0	94.49	73.68	20.81	
NODE_2_length_918695_cov_61.6873  	6	92748  	92824  	Asp	GTC	0	0	94.67	75.49	19.18	
NODE_2_length_918695_cov_61.6873  	7	92939  	93015  	Asp	GTC	0	0	94.67	75.49	19.18	
NODE_2_length_918695_cov_61.6873  	8	395603 	395678 	Glu	TTC	0	0	66.40	38.20	28.20	
NODE_2_length_918695_cov_61.6873  	9	395681 	395756 	Gly	GCC	0	0	93.74	68.41	25.33	
NODE_2_length_918695_cov_61.6873  	10	395841 	395916 	Gly	GCC	0	0	93.74	68.41	25.33	
NODE_2_length_918695_cov_61.6873  	11	442243 	442319 	Val	GAC	0	0	93.19	67.81	25.38	
NODE_2_length_918695_cov_61.6873  	12	476188 	476264 	Pro	GGG	0	0	74.89	48.01	26.88	
NODE_2_length_918695_cov_61.6873  	13	681702 	681791 	Ser	TGA	0	0	72.70	38.95	33.75	
NODE_2_length_918695_cov_61.6873  	14	773735 	773810 	Gly	GCC	0	0	93.74	68.41	25.33	
NODE_2_length_918695_cov_61.6873  	15	778358 	778431 	Cys	GCA	0	0	62.38	45.73	16.65	
NODE_2_length_918695_cov_61.6873  	16	790981 	791067 	Leu	TAA	0	0	76.64	42.32	34.32	
NODE_2_length_918695_cov_61.6873  	17	363106 	363017 	Ser	GGA	0	0	71.75	34.38	37.37	
NODE_2_length_918695_cov_61.6873  	18	174356 	174280 	Pro	CGG	0	0	88.20	60.26	27.94	
NODE_2_length_918695_cov_61.6873  	19	44459  	44384  	Asn	GTT	0	0	91.73	62.08	29.65	
NODE_3_length_776029_cov_63.628   	1	660119 	660210 	SeC	TCA	0	0	55.75	-18.51	74.26	
NODE_3_length_776029_cov_63.628   	2	714316 	714401 	Leu	GAG	0	0	68.53	39.16	29.37	
NODE_3_length_776029_cov_63.628   	3	714492 	714568 	Met	CAT	0	0	85.85	60.06	25.79	
NODE_3_length_776029_cov_63.628   	4	498041 	497955 	Leu	CAG	0	0	73.96	38.54	35.42	
NODE_3_length_776029_cov_63.628   	5	497825 	497739 	Leu	CAG	0	0	73.96	38.54	35.42	
NODE_3_length_776029_cov_63.628   	6	241250 	241175 	Phe	GAA	0	0	92.69	68.52	24.17	
NODE_3_length_776029_cov_63.628   	7	229840 	229765 	Thr	TGT	0	0	93.66	75.64	18.02	
NODE_4_length_493110_cov_64.2755  	1	213954 	213868 	Leu	CAA	0	0	69.99	38.33	31.66	
NODE_5_length_466301_cov_62.3566  	1	337572 	337645 	Arg	ACG	0	0	52.72	27.21	25.51	
NODE_5_length_466301_cov_62.3566  	2	444062 	444136 	Gln	TTG	0	0	66.82	40.36	26.46	
NODE_5_length_466301_cov_62.3566  	3	447811 	447887 	Met	CAT	0	0	87.19	64.42	22.77	
NODE_5_length_466301_cov_62.3566  	4	293656 	293581 	Asn	GTT	0	0	91.73	62.08	29.65	
NODE_5_length_466301_cov_62.3566  	5	293571 	293495 	Pro	TGG	0	0	87.63	64.60	23.03	
NODE_5_length_466301_cov_62.3566  	6	293484 	293409 	Lys	TTT	0	0	95.07	71.82	23.25	
NODE_5_length_466301_cov_62.3566  	7	275495 	275420 	Thr	CGT	0	0	90.98	74.93	16.05	
NODE_7_length_420086_cov_64.9257  	1	89701  	89777  	Met	CAT	0	0	92.87	71.40	21.47	
NODE_7_length_420086_cov_64.9257  	2	419548 	419624 	Arg	CCG	0	0	87.81	66.55	21.26	
NODE_11_length_122557_cov_62.2068 	1	2786   	2710   	Arg	CCT	0	0	83.71	58.51	25.20	
NODE_13_length_110035_cov_62.2493 	1	74040  	73965  	Val	TAC	0	0	94.49	73.68	20.81	
NODE_13_length_110035_cov_62.2493 	2	73948  	73872  	Asp	GTC	0	0	94.67	75.49	19.18	
NODE_18_length_46351_cov_66.0496  	1	45336  	45261  	Trp	CCA	0	0	86.73	63.05	23.68	
NODE_23_length_5460_cov_225.792   	1	3490   	3414   	Ile	GAT	0	0	98.83	72.69	26.14	
NODE_23_length_5460_cov_225.792   	2	3385   	3310   	Ala	TGC	0	0	90.68	71.56	19.12	
NODE_25_length_3622_cov_61.0252   	1	725    	641    	Tyr	GTA	0	0	71.07	41.76	29.31	
NODE_25_length_3622_cov_61.0252   	2	614    	541    	Gly	TCC	0	0	82.75	60.87	21.88	
NODE_25_length_3622_cov_61.0252   	3	521    	446    	Thr	GGT	0	0	93.76	67.73	26.03	
