Sequence                         		tRNA  	Bounds	tRNA	Anti	Intron Bounds	Cove	HMM	2'Str	      
Name                             	tRNA #	Begin 	End   	Type	Codon	Begin	End	Score	Score	Score	Note
--------                         	------	----- 	------	----	-----	-----	----	------	-----	-----	------
NODE_1_length_515953_cov_47.0723 	1	391662	391738	Arg	TCT	0	0	96.39	77.88	18.51	
NODE_1_length_515953_cov_47.0723 	2	391790	391865	His	GTG	0	0	83.51	64.18	19.33	
NODE_1_length_515953_cov_47.0723 	3	391920	392004	Leu	TAG	0	0	76.62	44.97	31.65	
NODE_1_length_515953_cov_47.0723 	4	392071	392146	His	GTG	0	0	83.51	64.18	19.33	
NODE_1_length_515953_cov_47.0723 	5	403442	403518	Asp	GTC	0	0	95.34	76.86	18.48	
NODE_2_length_464355_cov_47.4677 	1	53258 	53333 	Ala	GGC	0	0	86.95	68.86	18.09	
NODE_2_length_464355_cov_47.4677 	2	53382 	53457 	Glu	TTC	0	0	66.40	38.20	28.20	
NODE_2_length_464355_cov_47.4677 	3	53551 	53626 	Ala	GGC	0	0	86.95	68.86	18.09	
NODE_2_length_464355_cov_47.4677 	4	53673 	53748 	Glu	TTC	0	0	66.40	38.20	28.20	
NODE_2_length_464355_cov_47.4677 	5	92653 	92728 	Val	TAC	0	0	94.49	73.68	20.81	
NODE_2_length_464355_cov_47.4677 	6	92745 	92821 	Asp	GTC	0	0	94.67	75.49	19.18	
NODE_2_length_464355_cov_47.4677 	7	92936 	93012 	Asp	GTC	0	0	94.67	75.49	19.18	
NODE_2_length_464355_cov_47.4677 	8	394525	394600	Glu	TTC	0	0	66.40	38.20	28.20	
NODE_2_length_464355_cov_47.4677 	9	394603	394678	Gly	GCC	0	0	93.74	68.41	25.33	
NODE_2_length_464355_cov_47.4677 	10	438387	438463	Val	GAC	0	0	93.19	67.81	25.38	
NODE_2_length_464355_cov_47.4677 	11	362036	361947	Ser	GGA	0	0	71.75	34.38	37.37	
NODE_2_length_464355_cov_47.4677 	12	173274	173198	Pro	CGG	0	0	88.20	60.26	27.94	
NODE_2_length_464355_cov_47.4677 	13	44459 	44384 	Asn	GTT	0	0	91.73	62.08	29.65	
NODE_3_length_456675_cov_48.7757 	1	269700	269786	Leu	CAG	0	0	73.96	38.54	35.42	
NODE_3_length_456675_cov_48.7757 	2	269916	270002	Leu	CAG	0	0	73.96	38.54	35.42	
NODE_3_length_456675_cov_48.7757 	3	116201	116110	SeC	TCA	0	0	55.75	-18.51	74.26	
NODE_3_length_456675_cov_48.7757 	4	62833 	62748 	Leu	GAG	0	0	68.53	39.16	29.37	
NODE_3_length_456675_cov_48.7757 	5	62657 	62581 	Met	CAT	0	0	85.85	60.06	25.79	
NODE_4_length_431643_cov_47.7794 	1	222160	222236	Arg	CCT	0	0	83.71	58.51	25.20	
NODE_4_length_431643_cov_47.7794 	2	228145	228219	Arg	CCT	0	0	69.69	51.80	17.89	
NODE_4_length_431643_cov_47.7794 	3	357792	357867	Val	TAC	0	0	94.49	73.68	20.81	
NODE_4_length_431643_cov_47.7794 	4	357884	357960	Asp	GTC	0	0	94.67	75.49	19.18	
NODE_5_length_377392_cov_46.866  	1	294249	294173	Met	CAT	0	0	92.87	71.40	21.47	
NODE_6_length_320121_cov_47.2079 	1	233935	234011	Met	CAT	0	0	85.06	58.55	26.51	
NODE_6_length_320121_cov_47.2079 	2	250465	250375	Ser	GCT	0	0	76.69	47.10	29.59	
NODE_6_length_320121_cov_47.2079 	3	250257	250181	Arg	ACG	0	0	83.50	58.05	25.45	
NODE_6_length_320121_cov_47.2079 	4	250069	249993	Arg	ACG	0	0	83.50	58.05	25.45	
NODE_6_length_320121_cov_47.2079 	5	181382	181307	Lys	TTT	0	0	95.07	71.82	23.25	
NODE_6_length_320121_cov_47.2079 	6	153840	153751	Ser	CGA	0	0	68.31	24.88	43.43	
NODE_7_length_312772_cov_48.5259 	1	71580 	71655 	Phe	GAA	0	0	92.69	68.52	24.17	
NODE_7_length_312772_cov_48.5259 	2	82990 	83065 	Thr	TGT	0	0	93.66	75.64	18.02	
NODE_8_length_279418_cov_47.0183 	1	214271	214185	Leu	CAA	0	0	69.99	38.33	31.66	
NODE_9_length_259260_cov_47.522  	1	118987	118898	Ser	TGA	0	0	72.99	31.35	41.64	
NODE_9_length_259260_cov_47.522  	2	11725 	11650 	Gly	GCC	0	0	93.74	68.41	25.33	
NODE_15_length_134061_cov_47.0154	1	34280 	34206 	Gln	TTG	0	0	66.82	40.36	26.46	
NODE_15_length_134061_cov_47.0154	2	10214 	10138 	Met	CAT	0	0	87.19	64.42	22.77	
NODE_17_length_115996_cov_49.1709	1	5909  	5982  	Cys	GCA	0	0	62.38	45.73	16.65	
NODE_17_length_115996_cov_49.1709	2	18534 	18620 	Leu	TAA	0	0	76.64	42.32	34.32	
NODE_19_length_102564_cov_49.0533	1	2993  	2920  	Gly	CCC	0	0	60.35	30.06	30.29	
NODE_22_length_94802_cov_43.7719 	1	60068 	59992 	Arg	CCG	0	0	90.57	71.58	18.99	
NODE_24_length_94257_cov_50.0124 	1	88204 	88277 	Arg	ACG	0	0	52.72	27.21	25.51	
NODE_24_length_94257_cov_50.0124 	2	4561  	4486  	Asn	GTT	0	0	91.73	62.08	29.65	
NODE_24_length_94257_cov_50.0124 	3	4476  	4400  	Pro	TGG	0	0	87.63	64.60	23.03	
NODE_24_length_94257_cov_50.0124 	4	4389  	4314  	Lys	TTT	0	0	95.07	71.82	23.25	
NODE_32_length_71470_cov_47.2981 	1	69095 	69020 	Thr	CGT	0	0	90.98	74.93	16.05	
NODE_33_length_66370_cov_44.9371 	1	46089 	46017 	Leu	GAG	0	0	20.84	19.28	1.56	
NODE_34_length_65462_cov_45.5183 	1	64243 	64168 	Trp	CCA	0	0	86.73	63.05	23.68	
NODE_49_length_25926_cov_42.9865 	1	686   	610   	Pro	GGG	0	0	74.89	48.01	26.88	
NODE_63_length_5533_cov_158.959  	1	3563  	3487  	Ile	GAT	0	0	98.83	72.69	26.14	
NODE_63_length_5533_cov_158.959  	2	3458  	3383  	Ala	TGC	0	0	90.68	71.56	19.12	
NODE_68_length_3345_cov_38.61    	1	521   	437   	Tyr	GTA	0	0	71.07	41.76	29.31	
NODE_68_length_3345_cov_38.61    	2	410   	337   	Gly	TCC	0	0	82.75	60.87	21.88	
NODE_68_length_3345_cov_38.61    	3	317   	242   	Thr	GGT	0	0	93.76	67.73	26.03	
