Sequence                          		tRNA   	Bounds 	tRNA	Anti	Intron Bounds	Cove	HMM	2'Str	      
Name                              	tRNA #	Begin  	End    	Type	Codon	Begin	End	Score	Score	Score	Note
--------                          	------	-----  	------ 	----	-----	-----	----	------	-----	-----	------
NODE_1_length_1002436_cov_80.4975 	1	694783 	694859 	Arg	CCT	0	0	83.71	58.51	25.20	
NODE_1_length_1002436_cov_80.4975 	2	830784 	830859 	Val	TAC	0	0	94.49	73.68	20.81	
NODE_1_length_1002436_cov_80.4975 	3	830876 	830952 	Asp	GTC	0	0	94.67	75.49	19.18	
NODE_1_length_1002436_cov_80.4975 	4	962859 	962934 	Ala	GGC	0	0	86.95	68.86	18.09	
NODE_1_length_1002436_cov_80.4975 	5	962983 	963058 	Glu	TTC	0	0	66.40	38.20	28.20	
NODE_1_length_1002436_cov_80.4975 	6	963152 	963227 	Ala	GGC	0	0	86.95	68.86	18.09	
NODE_1_length_1002436_cov_80.4975 	7	963274 	963349 	Glu	TTC	0	0	66.40	38.20	28.20	
NODE_1_length_1002436_cov_80.4975 	8	1002266	1002341	Val	TAC	0	0	94.49	73.68	20.81	
NODE_1_length_1002436_cov_80.4975 	9	1002358	1002434	Asp	GTC	0	0	94.67	75.49	19.18	
NODE_1_length_1002436_cov_80.4975 	10	954060 	953985 	Asn	GTT	0	0	91.73	62.08	29.65	
NODE_1_length_1002436_cov_80.4975 	11	210817 	210731 	Leu	CAA	0	0	69.99	38.33	31.66	
NODE_2_length_701134_cov_76.7642  	1	49     	125    	Asp	GTC	0	0	94.67	75.49	19.18	
NODE_2_length_701134_cov_76.7642  	2	240    	316    	Asp	GTC	0	0	94.67	75.49	19.18	
NODE_2_length_701134_cov_76.7642  	3	301859 	301934 	Glu	TTC	0	0	66.40	38.20	28.20	
NODE_2_length_701134_cov_76.7642  	4	301937 	302012 	Gly	GCC	0	0	93.74	68.41	25.33	
NODE_2_length_701134_cov_76.7642  	5	302097 	302172 	Gly	GCC	0	0	93.74	68.41	25.33	
NODE_2_length_701134_cov_76.7642  	6	348510 	348586 	Val	GAC	0	0	93.19	67.81	25.38	
NODE_2_length_701134_cov_76.7642  	7	382651 	382727 	Pro	GGG	0	0	74.89	48.01	26.88	
NODE_2_length_701134_cov_76.7642  	8	536304 	536393 	Ser	TGA	0	0	72.70	38.95	33.75	
NODE_2_length_701134_cov_76.7642  	9	560680 	560755 	Gly	GCC	0	0	93.74	68.41	25.33	
NODE_2_length_701134_cov_76.7642  	10	565302 	565375 	Cys	GCA	0	0	62.38	45.73	16.65	
NODE_2_length_701134_cov_76.7642  	11	577926 	578012 	Leu	TAA	0	0	76.64	42.32	34.32	
NODE_2_length_701134_cov_76.7642  	12	269362 	269273 	Ser	GGA	0	0	71.75	34.38	37.37	
NODE_2_length_701134_cov_76.7642  	13	80580  	80504  	Pro	CGG	0	0	88.20	60.26	27.94	
NODE_3_length_467084_cov_85.4787  	1	173090 	173165 	Asn	GTT	0	0	91.73	62.08	29.65	
NODE_3_length_467084_cov_85.4787  	2	173175 	173251 	Pro	TGG	0	0	87.63	64.60	23.03	
NODE_3_length_467084_cov_85.4787  	3	173262 	173337 	Lys	TTT	0	0	95.07	71.82	23.25	
NODE_3_length_467084_cov_85.4787  	4	191262 	191337 	Thr	CGT	0	0	90.98	74.93	16.05	
NODE_3_length_467084_cov_85.4787  	5	129174 	129101 	Arg	ACG	0	0	52.72	27.21	25.51	
NODE_3_length_467084_cov_85.4787  	6	22240  	22166  	Gln	TTG	0	0	66.82	40.36	26.46	
NODE_3_length_467084_cov_85.4787  	7	18491  	18415  	Met	CAT	0	0	87.19	64.42	22.77	
NODE_4_length_463984_cov_87.9968  	1	275398 	275323 	Phe	GAA	0	0	92.69	68.52	24.17	
NODE_4_length_463984_cov_87.9968  	2	263995 	263920 	Thr	TGT	0	0	93.66	75.64	18.02	
NODE_5_length_450069_cov_82.782   	1	239257 	239333 	Met	CAT	0	0	85.06	58.55	26.51	
NODE_5_length_450069_cov_82.782   	2	345468 	345540 	Leu	GAG	0	0	20.84	19.28	1.56	
NODE_5_length_450069_cov_82.782   	3	449308 	449381 	Gly	CCC	0	0	60.35	30.06	30.29	
NODE_5_length_450069_cov_82.782   	4	255801 	255711 	Ser	GCT	0	0	76.69	47.10	29.59	
NODE_5_length_450069_cov_82.782   	5	255593 	255517 	Arg	ACG	0	0	83.50	58.05	25.45	
NODE_5_length_450069_cov_82.782   	6	255404 	255328 	Arg	ACG	0	0	83.50	58.05	25.45	
NODE_5_length_450069_cov_82.782   	7	186706 	186631 	Lys	TTT	0	0	95.07	71.82	23.25	
NODE_5_length_450069_cov_82.782   	8	159163 	159074 	Ser	CGA	0	0	68.31	24.88	43.43	
NODE_6_length_391836_cov_80.1447  	1	299290 	299366 	Arg	TCT	0	0	96.39	77.88	18.51	
NODE_6_length_391836_cov_80.1447  	2	299418 	299493 	His	GTG	0	0	83.51	64.18	19.33	
NODE_6_length_391836_cov_80.1447  	3	299548 	299632 	Leu	TAG	0	0	76.62	44.97	31.65	
NODE_6_length_391836_cov_80.1447  	4	299699 	299774 	His	GTG	0	0	83.51	64.18	19.33	
NODE_6_length_391836_cov_80.1447  	5	311071 	311147 	Asp	GTC	0	0	95.34	76.86	18.48	
NODE_7_length_370914_cov_87.7866  	1	77539  	77615  	Met	CAT	0	0	92.87	71.40	21.47	
NODE_8_length_341567_cov_85.8415  	1	270610 	270696 	Leu	CAG	0	0	73.96	38.54	35.42	
NODE_8_length_341567_cov_85.8415  	2	270826 	270912 	Leu	CAG	0	0	73.96	38.54	35.42	
NODE_8_length_341567_cov_85.8415  	3	117110 	117019 	SeC	TCA	0	0	55.75	-18.51	74.26	
NODE_8_length_341567_cov_85.8415  	4	62904  	62819  	Leu	GAG	0	0	68.53	39.16	29.37	
NODE_8_length_341567_cov_85.8415  	5	62728  	62652  	Met	CAT	0	0	85.85	60.06	25.79	
NODE_17_length_65627_cov_88.5718  	1	64408  	64333  	Trp	CCA	0	0	86.73	63.05	23.68	
NODE_21_length_47376_cov_85.5314  	1	12738  	12662  	Arg	CCG	0	0	87.81	66.55	21.26	
NODE_25_length_5491_cov_300.184   	1	1903   	1979   	Ile	GAT	0	0	98.83	72.69	26.14	
NODE_25_length_5491_cov_300.184   	2	2008   	2083   	Ala	TGC	0	0	90.68	71.56	19.12	
NODE_28_length_3319_cov_77.2522   	1	521    	437    	Tyr	GTA	0	0	71.07	41.76	29.31	
NODE_28_length_3319_cov_77.2522   	2	410    	337    	Gly	TCC	0	0	82.75	60.87	21.88	
NODE_28_length_3319_cov_77.2522   	3	317    	242    	Thr	GGT	0	0	93.76	67.73	26.03	
