Sequence                         		tRNA  	Bounds	tRNA	Anti	Intron Bounds	Cove	HMM	2'Str	      
Name                             	tRNA #	Begin 	End   	Type	Codon	Begin	End	Score	Score	Score	Note
--------                         	------	----- 	------	----	-----	-----	----	------	-----	-----	------
NODE_1_length_844769_cov_65.1775 	1	727935	728026	SeC	TCA	0	0	55.75	-18.51	74.26	
NODE_1_length_844769_cov_65.1775 	2	781994	782079	Leu	GAG	0	0	68.53	39.16	29.37	
NODE_1_length_844769_cov_65.1775 	3	782170	782246	Met	CAT	0	0	85.85	60.06	25.79	
NODE_1_length_844769_cov_65.1775 	4	537756	537670	Leu	CAG	0	0	73.96	38.54	35.42	
NODE_1_length_844769_cov_65.1775 	5	537540	537454	Leu	CAG	0	0	73.96	38.54	35.42	
NODE_1_length_844769_cov_65.1775 	6	283388	283313	Phe	GAA	0	0	92.69	68.52	24.17	
NODE_1_length_844769_cov_65.1775 	7	271978	271903	Thr	TGT	0	0	93.66	75.64	18.02	
NODE_2_length_629046_cov_58.9547 	1	518861	518937	Met	CAT	0	0	85.06	58.55	26.51	
NODE_2_length_629046_cov_58.9547 	2	625086	625158	Leu	GAG	0	0	20.84	19.28	1.56	
NODE_2_length_629046_cov_58.9547 	3	535406	535316	Ser	GCT	0	0	76.69	47.10	29.59	
NODE_2_length_629046_cov_58.9547 	4	535198	535122	Arg	ACG	0	0	83.50	58.05	25.45	
NODE_2_length_629046_cov_58.9547 	5	535009	534933	Arg	ACG	0	0	83.50	58.05	25.45	
NODE_2_length_629046_cov_58.9547 	6	466267	466192	Lys	TTT	0	0	95.07	71.82	23.25	
NODE_2_length_629046_cov_58.9547 	7	438725	438636	Ser	CGA	0	0	68.31	24.88	43.43	
NODE_3_length_586800_cov_58.0621 	1	155866	155941	Glu	TTC	0	0	66.40	38.20	28.20	
NODE_3_length_586800_cov_58.0621 	2	155944	156019	Gly	GCC	0	0	93.74	68.41	25.33	
NODE_3_length_586800_cov_58.0621 	3	156104	156179	Gly	GCC	0	0	93.74	68.41	25.33	
NODE_3_length_586800_cov_58.0621 	4	197636	197712	Val	GAC	0	0	93.19	67.81	25.38	
NODE_3_length_586800_cov_58.0621 	5	231779	231855	Pro	GGG	0	0	74.89	48.01	26.88	
NODE_3_length_586800_cov_58.0621 	6	382345	382434	Ser	TGA	0	0	72.70	38.95	33.75	
NODE_3_length_586800_cov_58.0621 	7	438469	438544	Gly	GCC	0	0	93.74	68.41	25.33	
NODE_3_length_586800_cov_58.0621 	8	541369	541442	Cys	GCA	0	0	62.38	45.73	16.65	
NODE_3_length_586800_cov_58.0621 	9	123368	123279	Ser	GGA	0	0	71.75	34.38	37.37	
NODE_4_length_531244_cov_60.2915 	1	173595	173670	Asn	GTT	0	0	91.73	62.08	29.65	
NODE_4_length_531244_cov_60.2915 	2	173680	173756	Pro	TGG	0	0	87.63	64.60	23.03	
NODE_4_length_531244_cov_60.2915 	3	173767	173842	Lys	TTT	0	0	95.07	71.82	23.25	
NODE_4_length_531244_cov_60.2915 	4	277009	277094	Lys	TTT	0	0	22.00	12.28	9.72	
NODE_4_length_531244_cov_60.2915 	5	296338	296413	Thr	CGT	0	0	90.98	74.93	16.05	
NODE_4_length_531244_cov_60.2915 	6	129679	129606	Arg	ACG	0	0	52.72	27.21	25.51	
NODE_4_length_531244_cov_60.2915 	7	22240 	22166 	Gln	TTG	0	0	66.82	40.36	26.46	
NODE_4_length_531244_cov_60.2915 	8	18491 	18415 	Met	CAT	0	0	87.19	64.42	22.77	
NODE_5_length_466672_cov_59.4635 	1	388459	388535	Arg	TCT	0	0	96.39	77.88	18.51	
NODE_5_length_466672_cov_59.4635 	2	388587	388662	His	GTG	0	0	83.51	64.18	19.33	
NODE_5_length_466672_cov_59.4635 	3	388717	388801	Leu	TAG	0	0	76.62	44.97	31.65	
NODE_5_length_466672_cov_59.4635 	4	418593	418668	Gly	TCC	0	0	82.79	56.37	26.42	
NODE_6_length_425022_cov_64.6371 	1	210702	210616	Leu	CAA	0	0	69.99	38.33	31.66	
NODE_7_length_411570_cov_60.5391 	1	203705	203781	Arg	CCT	0	0	83.71	58.51	25.20	
NODE_7_length_411570_cov_60.5391 	2	337724	337799	Val	TAC	0	0	94.49	73.68	20.81	
NODE_7_length_411570_cov_60.5391 	3	337816	337892	Asp	GTC	0	0	94.67	75.49	19.18	
NODE_8_length_371844_cov_64.7376 	1	294578	294502	Met	CAT	0	0	92.87	71.40	21.47	
NODE_9_length_267108_cov_56.7104 	1	94287 	94363 	Pro	CGG	0	0	88.20	60.26	27.94	
NODE_9_length_267108_cov_56.7104 	2	223094	223169	Asn	GTT	0	0	91.73	62.08	29.65	
NODE_9_length_267108_cov_56.7104 	3	214295	214220	Ala	GGC	0	0	86.95	68.86	18.09	
NODE_9_length_267108_cov_56.7104 	4	214171	214096	Glu	TTC	0	0	66.40	38.20	28.20	
NODE_9_length_267108_cov_56.7104 	5	214002	213927	Ala	GGC	0	0	86.95	68.86	18.09	
NODE_9_length_267108_cov_56.7104 	6	213880	213805	Glu	TTC	0	0	66.40	38.20	28.20	
NODE_9_length_267108_cov_56.7104 	7	174905	174830	Val	TAC	0	0	94.49	73.68	20.81	
NODE_9_length_267108_cov_56.7104 	8	174813	174737	Asp	GTC	0	0	94.67	75.49	19.18	
NODE_9_length_267108_cov_56.7104 	9	174622	174546	Asp	GTC	0	0	94.67	75.49	19.18	
NODE_13_length_180128_cov_58.4168	1	98903 	98976 	Gly	CCC	0	0	60.35	30.06	30.29	
NODE_15_length_138867_cov_61.4239	1	123212	123126	Leu	TAA	0	0	76.64	42.32	34.32	
NODE_20_length_94676_cov_57.512  	1	92127 	92052 	His	GTG	0	0	83.51	64.18	19.33	
NODE_20_length_94676_cov_57.512  	2	80761 	80685 	Asp	GTC	0	0	95.34	76.86	18.48	
NODE_23_length_65377_cov_65.4617 	1	1220  	1295  	Trp	CCA	0	0	86.73	63.05	23.68	
NODE_31_length_35816_cov_66.0143 	1	1188  	1112  	Arg	CCG	0	0	87.81	66.55	21.26	
NODE_41_length_5618_cov_172.542  	1	2037  	2113  	Ile	GAT	0	0	98.83	72.69	26.14	
NODE_41_length_5618_cov_172.542  	2	2142  	2217  	Ala	TGC	0	0	90.68	71.56	19.12	
NODE_48_length_3326_cov_48.8284  	1	2806  	2890  	Tyr	GTA	0	0	71.07	41.76	29.31	
NODE_48_length_3326_cov_48.8284  	2	2917  	2990  	Gly	TCC	0	0	82.75	60.87	21.88	
NODE_48_length_3326_cov_48.8284  	3	3010  	3085  	Thr	GGT	0	0	93.76	67.73	26.03	
