Sequence                         		tRNA  	Bounds	tRNA	Anti	Intron Bounds	Cove	HMM	2'Str	      
Name                             	tRNA #	Begin 	End   	Type	Codon	Begin	End	Score	Score	Score	Note
--------                         	------	----- 	------	----	-----	-----	----	------	-----	-----	------
NODE_1_length_895133_cov_98.4317 	1	687244	687320	Arg	CCT	0	0	83.71	58.51	25.20	
NODE_1_length_895133_cov_98.4317 	2	821263	821338	Val	TAC	0	0	94.49	73.68	20.81	
NODE_1_length_895133_cov_98.4317 	3	821355	821431	Asp	GTC	0	0	94.67	75.49	19.18	
NODE_1_length_895133_cov_98.4317 	4	210681	210595	Leu	CAA	0	0	69.99	38.33	31.66	
NODE_2_length_802538_cov_104.838 	1	685705	685796	SeC	TCA	0	0	55.75	-18.51	74.26	
NODE_2_length_802538_cov_104.838 	2	739764	739849	Leu	GAG	0	0	68.53	39.16	29.37	
NODE_2_length_802538_cov_104.838 	3	739940	740016	Met	CAT	0	0	85.85	60.06	25.79	
NODE_2_length_802538_cov_104.838 	4	495526	495440	Leu	CAG	0	0	73.96	38.54	35.42	
NODE_2_length_802538_cov_104.838 	5	495310	495224	Leu	CAG	0	0	73.96	38.54	35.42	
NODE_2_length_802538_cov_104.838 	6	241158	241083	Phe	GAA	0	0	92.69	68.52	24.17	
NODE_2_length_802538_cov_104.838 	7	229748	229673	Thr	TGT	0	0	93.66	75.64	18.02	
NODE_3_length_629047_cov_91.5549 	1	518862	518938	Met	CAT	0	0	85.06	58.55	26.51	
NODE_3_length_629047_cov_91.5549 	2	625087	625159	Leu	GAG	0	0	20.84	19.28	1.56	
NODE_3_length_629047_cov_91.5549 	3	535407	535317	Ser	GCT	0	0	76.69	47.10	29.59	
NODE_3_length_629047_cov_91.5549 	4	535199	535123	Arg	ACG	0	0	83.50	58.05	25.45	
NODE_3_length_629047_cov_91.5549 	5	535010	534934	Arg	ACG	0	0	83.50	58.05	25.45	
NODE_3_length_629047_cov_91.5549 	6	466268	466193	Lys	TTT	0	0	95.07	71.82	23.25	
NODE_3_length_629047_cov_91.5549 	7	438726	438637	Ser	CGA	0	0	68.31	24.88	43.43	
NODE_4_length_586800_cov_88.3415 	1	155866	155941	Glu	TTC	0	0	66.40	38.20	28.20	
NODE_4_length_586800_cov_88.3415 	2	155944	156019	Gly	GCC	0	0	93.74	68.41	25.33	
NODE_4_length_586800_cov_88.3415 	3	156104	156179	Gly	GCC	0	0	93.74	68.41	25.33	
NODE_4_length_586800_cov_88.3415 	4	197636	197712	Val	GAC	0	0	93.19	67.81	25.38	
NODE_4_length_586800_cov_88.3415 	5	231779	231855	Pro	GGG	0	0	74.89	48.01	26.88	
NODE_4_length_586800_cov_88.3415 	6	382345	382434	Ser	TGA	0	0	72.70	38.95	33.75	
NODE_4_length_586800_cov_88.3415 	7	438469	438544	Gly	GCC	0	0	93.74	68.41	25.33	
NODE_4_length_586800_cov_88.3415 	8	541369	541442	Cys	GCA	0	0	62.38	45.73	16.65	
NODE_4_length_586800_cov_88.3415 	9	123368	123279	Ser	GGA	0	0	71.75	34.38	37.37	
NODE_5_length_529512_cov_96.4144 	1	171899	171974	Asn	GTT	0	0	91.73	62.08	29.65	
NODE_5_length_529512_cov_96.4144 	2	171984	172060	Pro	TGG	0	0	87.63	64.60	23.03	
NODE_5_length_529512_cov_96.4144 	3	172071	172146	Lys	TTT	0	0	95.07	71.82	23.25	
NODE_5_length_529512_cov_96.4144 	4	275313	275398	Lys	TTT	0	0	22.00	12.28	9.72	
NODE_5_length_529512_cov_96.4144 	5	294606	294681	Thr	CGT	0	0	90.98	74.93	16.05	
NODE_5_length_529512_cov_96.4144 	6	127983	127910	Arg	ACG	0	0	52.72	27.21	25.51	
NODE_5_length_529512_cov_96.4144 	7	22240 	22166 	Gln	TTG	0	0	66.82	40.36	26.46	
NODE_5_length_529512_cov_96.4144 	8	18491 	18415 	Met	CAT	0	0	87.19	64.42	22.77	
NODE_6_length_390396_cov_86.836  	1	388459	388535	Arg	TCT	0	0	96.39	77.88	18.51	
NODE_6_length_390396_cov_86.836  	2	388587	388662	His	GTG	0	0	83.51	64.18	19.33	
NODE_6_length_390396_cov_86.836  	3	388717	388801	Leu	TAG	0	0	76.62	44.97	31.65	
NODE_7_length_371844_cov_105.371 	1	294578	294502	Met	CAT	0	0	92.87	71.40	21.47	
NODE_9_length_267107_cov_90.663  	1	94287 	94363 	Pro	CGG	0	0	88.20	60.26	27.94	
NODE_9_length_267107_cov_90.663  	2	223094	223169	Asn	GTT	0	0	91.73	62.08	29.65	
NODE_9_length_267107_cov_90.663  	3	214295	214220	Ala	GGC	0	0	86.95	68.86	18.09	
NODE_9_length_267107_cov_90.663  	4	214171	214096	Glu	TTC	0	0	66.40	38.20	28.20	
NODE_9_length_267107_cov_90.663  	5	214002	213927	Ala	GGC	0	0	86.95	68.86	18.09	
NODE_9_length_267107_cov_90.663  	6	213880	213805	Glu	TTC	0	0	66.40	38.20	28.20	
NODE_9_length_267107_cov_90.663  	7	174905	174830	Val	TAC	0	0	94.49	73.68	20.81	
NODE_9_length_267107_cov_90.663  	8	174813	174737	Asp	GTC	0	0	94.67	75.49	19.18	
NODE_9_length_267107_cov_90.663  	9	174622	174546	Asp	GTC	0	0	94.67	75.49	19.18	
NODE_13_length_193782_cov_93.0751	1	99599 	99672 	Gly	CCC	0	0	60.35	30.06	30.29	
NODE_15_length_138867_cov_89.822 	1	123212	123126	Leu	TAA	0	0	76.64	42.32	34.32	
NODE_17_length_94676_cov_86.6315 	1	92127 	92052 	His	GTG	0	0	83.51	64.18	19.33	
NODE_17_length_94676_cov_86.6315 	2	80761 	80685 	Asp	GTC	0	0	95.34	76.86	18.48	
NODE_21_length_65377_cov_105.189 	1	64158 	64083 	Trp	CCA	0	0	86.73	63.05	23.68	
NODE_27_length_35816_cov_104.755 	1	1188  	1112  	Arg	CCG	0	0	87.81	66.55	21.26	
NODE_31_length_13384_cov_147.209 	1	11318 	11243 	Gly	TCC	0	0	82.79	56.37	26.42	
NODE_37_length_5618_cov_313.431  	1	2037  	2113  	Ile	GAT	0	0	98.83	72.69	26.14	
NODE_37_length_5618_cov_313.431  	2	2142  	2217  	Ala	TGC	0	0	90.68	71.56	19.12	
NODE_46_length_3326_cov_88.8534  	1	521   	437   	Tyr	GTA	0	0	71.07	41.76	29.31	
NODE_46_length_3326_cov_88.8534  	2	410   	337   	Gly	TCC	0	0	82.75	60.87	21.88	
NODE_46_length_3326_cov_88.8534  	3	317   	242   	Thr	GGT	0	0	93.76	67.73	26.03	
