Sequence                         		tRNA  	Bounds	tRNA	Anti	Intron Bounds	Cove	HMM	2'Str	      
Name                             	tRNA #	Begin 	End   	Type	Codon	Begin	End	Score	Score	Score	Note
--------                         	------	----- 	------	----	-----	-----	----	------	-----	-----	------
NODE_1_length_823208_cov_58.3287 	1	460599	460688	Ser	GGA	0	0	71.75	34.38	37.37	
NODE_1_length_823208_cov_58.3287 	2	649405	649481	Pro	CGG	0	0	88.20	60.26	27.94	
NODE_1_length_823208_cov_58.3287 	3	776112	776187	Asn	GTT	0	0	91.73	62.08	29.65	
NODE_1_length_823208_cov_58.3287 	4	767313	767238	Ala	GGC	0	0	86.95	68.86	18.09	
NODE_1_length_823208_cov_58.3287 	5	767189	767114	Glu	TTC	0	0	66.40	38.20	28.20	
NODE_1_length_823208_cov_58.3287 	6	767020	766945	Ala	GGC	0	0	86.95	68.86	18.09	
NODE_1_length_823208_cov_58.3287 	7	766898	766823	Glu	TTC	0	0	66.40	38.20	28.20	
NODE_1_length_823208_cov_58.3287 	8	727898	727823	Val	TAC	0	0	94.49	73.68	20.81	
NODE_1_length_823208_cov_58.3287 	9	727806	727730	Asp	GTC	0	0	94.67	75.49	19.18	
NODE_1_length_823208_cov_58.3287 	10	727615	727539	Asp	GTC	0	0	94.67	75.49	19.18	
NODE_1_length_823208_cov_58.3287 	11	428103	428028	Glu	TTC	0	0	66.40	38.20	28.20	
NODE_1_length_823208_cov_58.3287 	12	428025	427950	Gly	GCC	0	0	93.74	68.41	25.33	
NODE_1_length_823208_cov_58.3287 	13	427865	427790	Gly	GCC	0	0	93.74	68.41	25.33	
NODE_1_length_823208_cov_58.3287 	14	381978	381902	Val	GAC	0	0	93.19	67.81	25.38	
NODE_1_length_823208_cov_58.3287 	15	349013	348937	Pro	GGG	0	0	74.89	48.01	26.88	
NODE_1_length_823208_cov_58.3287 	16	191627	191538	Ser	TGA	0	0	72.70	38.95	33.75	
NODE_1_length_823208_cov_58.3287 	17	135493	135418	Gly	GCC	0	0	93.74	68.41	25.33	
NODE_1_length_823208_cov_58.3287 	18	129094	129021	Cys	GCA	0	0	62.38	45.73	16.65	
NODE_1_length_823208_cov_58.3287 	19	116502	116416	Leu	TAA	0	0	76.64	42.32	34.32	
NODE_2_length_812571_cov_61.245  	1	271111	271197	Leu	CAG	0	0	73.96	38.54	35.42	
NODE_2_length_812571_cov_61.245  	2	271327	271413	Leu	CAG	0	0	73.96	38.54	35.42	
NODE_2_length_812571_cov_61.245  	3	527188	527263	Phe	GAA	0	0	92.69	68.52	24.17	
NODE_2_length_812571_cov_61.245  	4	538592	538667	Thr	TGT	0	0	93.66	75.64	18.02	
NODE_2_length_812571_cov_61.245  	5	117621	117530	SeC	TCA	0	0	55.75	-18.51	74.26	
NODE_2_length_812571_cov_61.245  	6	62850 	62765 	Leu	GAG	0	0	68.53	39.16	29.37	
NODE_2_length_812571_cov_61.245  	7	62674 	62598 	Met	CAT	0	0	85.85	60.06	25.79	
NODE_3_length_715409_cov_59.1609 	1	712915	712991	Arg	CCT	0	0	83.71	58.51	25.20	
NODE_3_length_715409_cov_59.1609 	2	214134	214048	Leu	CAA	0	0	69.99	38.33	31.66	
NODE_4_length_542262_cov_61.7005 	1	507627	507551	Arg	CCG	0	0	87.81	66.55	21.26	
NODE_5_length_528193_cov_59.1311 	1	262252	262342	Ser	GCT	0	0	76.69	47.10	29.59	
NODE_5_length_528193_cov_59.1311 	2	262460	262536	Arg	ACG	0	0	83.50	58.05	25.45	
NODE_5_length_528193_cov_59.1311 	3	262648	262724	Arg	ACG	0	0	83.50	58.05	25.45	
NODE_5_length_528193_cov_59.1311 	4	331380	331455	Lys	TTT	0	0	95.07	71.82	23.25	
NODE_5_length_528193_cov_59.1311 	5	375361	375450	Ser	CGA	0	0	68.31	24.88	43.43	
NODE_5_length_528193_cov_59.1311 	6	278827	278751	Met	CAT	0	0	85.06	58.55	26.51	
NODE_5_length_528193_cov_59.1311 	7	172606	172534	Leu	GAG	0	0	20.84	19.28	1.56	
NODE_5_length_528193_cov_59.1311 	8	57792 	57719 	Gly	CCC	0	0	60.35	30.06	30.29	
NODE_7_length_383243_cov_58.8567 	1	255771	255847	Arg	TCT	0	0	96.39	77.88	18.51	
NODE_7_length_383243_cov_58.8567 	2	255899	255974	His	GTG	0	0	83.51	64.18	19.33	
NODE_7_length_383243_cov_58.8567 	3	256029	256113	Leu	TAG	0	0	76.62	44.97	31.65	
NODE_7_length_383243_cov_58.8567 	4	256180	256255	His	GTG	0	0	83.51	64.18	19.33	
NODE_7_length_383243_cov_58.8567 	5	267533	267609	Asp	GTC	0	0	95.34	76.86	18.48	
NODE_8_length_371756_cov_58.8076 	1	77907 	77983 	Met	CAT	0	0	92.87	71.40	21.47	
NODE_9_length_352539_cov_58.813  	1	102863	102938	Asn	GTT	0	0	91.73	62.08	29.65	
NODE_9_length_352539_cov_58.813  	2	102948	103024	Pro	TGG	0	0	87.63	64.60	23.03	
NODE_9_length_352539_cov_58.813  	3	103035	103110	Lys	TTT	0	0	95.07	71.82	23.25	
NODE_9_length_352539_cov_58.813  	4	122365	122440	Thr	CGT	0	0	90.98	74.93	16.05	
NODE_9_length_352539_cov_58.813  	5	58949 	58876 	Arg	ACG	0	0	52.72	27.21	25.51	
NODE_11_length_209608_cov_59.2432	1	130813	130888	Val	TAC	0	0	94.49	73.68	20.81	
NODE_11_length_209608_cov_59.2432	2	130905	130981	Asp	GTC	0	0	94.67	75.49	19.18	
NODE_15_length_92892_cov_56.7917 	1	43703 	43629 	Gln	TTG	0	0	66.82	40.36	26.46	
NODE_15_length_92892_cov_56.7917 	2	36505 	36429 	Met	CAT	0	0	87.19	64.42	22.77	
NODE_18_length_65532_cov_56.695  	1	64313 	64238 	Trp	CCA	0	0	86.73	63.05	23.68	
NODE_22_length_5535_cov_220.25   	1	3582  	3506  	Ile	GAT	0	0	98.83	72.69	26.14	
NODE_22_length_5535_cov_220.25   	2	3477  	3402  	Ala	TGC	0	0	90.68	71.56	19.12	
NODE_27_length_3327_cov_50.4228  	1	521   	437   	Tyr	GTA	0	0	71.07	41.76	29.31	
NODE_27_length_3327_cov_50.4228  	2	410   	337   	Gly	TCC	0	0	82.75	60.87	21.88	
NODE_27_length_3327_cov_50.4228  	3	317   	242   	Thr	GGT	0	0	93.76	67.73	26.03	
