Sequence                         		tRNA  	Bounds	tRNA	Anti	Intron Bounds	Cove	HMM	2'Str	      
Name                             	tRNA #	Begin 	End   	Type	Codon	Begin	End	Score	Score	Score	Note
--------                         	------	----- 	------	----	-----	-----	----	------	-----	-----	------
NODE_1_length_676950_cov_61.5539 	1	667547	667638	SeC	TCA	0	0	55.75	-18.51	74.26	
NODE_1_length_676950_cov_61.5539 	2	513674	513588	Leu	CAG	0	0	73.96	38.54	35.42	
NODE_1_length_676950_cov_61.5539 	3	513458	513372	Leu	CAG	0	0	73.96	38.54	35.42	
NODE_1_length_676950_cov_61.5539 	4	256722	256647	Phe	GAA	0	0	92.69	68.52	24.17	
NODE_1_length_676950_cov_61.5539 	5	242532	242450	Undet	NNN	0	0	26.15	14.81	11.34	
NODE_1_length_676950_cov_61.5539 	6	231120	231045	Thr	TGT	0	0	93.66	75.64	18.02	
NODE_2_length_603279_cov_58.2433 	1	379810	379896	Leu	CAA	0	0	69.99	38.33	31.66	
NODE_3_length_467035_cov_57.5398 	1	97412 	97501 	Ser	GGA	0	0	71.75	34.38	37.37	
NODE_3_length_467035_cov_57.5398 	2	286185	286261	Pro	CGG	0	0	88.20	60.26	27.94	
NODE_3_length_467035_cov_57.5398 	3	415008	415083	Asn	GTT	0	0	91.73	62.08	29.65	
NODE_3_length_467035_cov_57.5398 	4	406201	406126	Ala	GGC	0	0	86.95	68.86	18.09	
NODE_3_length_467035_cov_57.5398 	5	406077	406002	Glu	TTC	0	0	66.40	38.20	28.20	
NODE_3_length_467035_cov_57.5398 	6	405908	405833	Ala	GGC	0	0	86.95	68.86	18.09	
NODE_3_length_467035_cov_57.5398 	7	405786	405711	Glu	TTC	0	0	66.40	38.20	28.20	
NODE_3_length_467035_cov_57.5398 	8	366813	366738	Val	TAC	0	0	94.49	73.68	20.81	
NODE_3_length_467035_cov_57.5398 	9	366721	366645	Asp	GTC	0	0	94.67	75.49	19.18	
NODE_3_length_467035_cov_57.5398 	10	366530	366454	Asp	GTC	0	0	94.67	75.49	19.18	
NODE_3_length_467035_cov_57.5398 	11	64918 	64843 	Glu	TTC	0	0	66.40	38.20	28.20	
NODE_3_length_467035_cov_57.5398 	12	64840 	64765 	Gly	GCC	0	0	93.74	68.41	25.33	
NODE_3_length_467035_cov_57.5398 	13	64680 	64605 	Gly	GCC	0	0	93.74	68.41	25.33	
NODE_4_length_459661_cov_59.5221 	1	23086 	23175 	Ser	CGA	0	0	68.31	24.88	43.43	
NODE_5_length_426971_cov_57.6717 	1	124107	124031	Arg	TCT	0	0	96.39	77.88	18.51	
NODE_5_length_426971_cov_57.6717 	2	123979	123904	His	GTG	0	0	83.51	64.18	19.33	
NODE_5_length_426971_cov_57.6717 	3	123849	123765	Leu	TAG	0	0	76.62	44.97	31.65	
NODE_5_length_426971_cov_57.6717 	4	123698	123623	His	GTG	0	0	83.51	64.18	19.33	
NODE_5_length_426971_cov_57.6717 	5	112332	112256	Asp	GTC	0	0	95.34	76.86	18.48	
NODE_6_length_390766_cov_59.4995 	1	293549	293473	Met	CAT	0	0	92.87	71.40	21.47	
NODE_10_length_201534_cov_56.1265	1	41459 	41370 	Ser	TGA	0	0	72.99	31.35	41.64	
NODE_11_length_185187_cov_59.7883	1	53020 	53093 	Arg	ACG	0	0	52.72	27.21	25.51	
NODE_11_length_185187_cov_59.7883	2	159257	159331	Gln	TTG	0	0	66.82	40.36	26.46	
NODE_11_length_185187_cov_59.7883	3	163006	163082	Met	CAT	0	0	87.19	64.42	22.77	
NODE_11_length_185187_cov_59.7883	4	9104  	9029  	Asn	GTT	0	0	91.73	62.08	29.65	
NODE_11_length_185187_cov_59.7883	5	9019  	8943  	Pro	TGG	0	0	87.63	64.60	23.03	
NODE_11_length_185187_cov_59.7883	6	8932  	8857  	Lys	TTT	0	0	95.07	71.82	23.25	
NODE_12_length_184610_cov_57.0761	1	53638 	53714 	Met	CAT	0	0	85.06	58.55	26.51	
NODE_12_length_184610_cov_57.0761	2	159849	159921	Leu	GAG	0	0	20.84	19.28	1.56	
NODE_12_length_184610_cov_57.0761	3	70180 	70090 	Ser	GCT	0	0	76.69	47.10	29.59	
NODE_12_length_184610_cov_57.0761	4	69972 	69896 	Arg	ACG	0	0	83.50	58.05	25.45	
NODE_12_length_184610_cov_57.0761	5	69784 	69708 	Arg	ACG	0	0	83.50	58.05	25.45	
NODE_12_length_184610_cov_57.0761	6	1080  	1005  	Lys	TTT	0	0	95.07	71.82	23.25	
NODE_13_length_181420_cov_59.0926	1	71305 	71378 	Cys	GCA	0	0	62.38	45.73	16.65	
NODE_13_length_181420_cov_59.0926	2	83929 	84015 	Leu	TAA	0	0	76.64	42.32	34.32	
NODE_14_length_162258_cov_60.9151	1	58238 	58165 	Gly	CCC	0	0	60.35	30.06	30.29	
NODE_18_length_124561_cov_59.3523	1	34094 	34170 	Arg	CCT	0	0	83.71	58.51	25.20	
NODE_19_length_118056_cov_59.0813	1	55185 	55270 	Leu	GAG	0	0	68.53	39.16	29.37	
NODE_19_length_118056_cov_59.0813	2	55361 	55437 	Met	CAT	0	0	85.85	60.06	25.79	
NODE_21_length_106785_cov_58.7981	1	32914 	32989 	Val	TAC	0	0	94.49	73.68	20.81	
NODE_21_length_106785_cov_58.7981	2	33006 	33082 	Asp	GTC	0	0	94.67	75.49	19.18	
NODE_22_length_106768_cov_57.6689	1	72169 	72093 	Arg	CCG	0	0	87.89	66.77	21.12	
NODE_27_length_78914_cov_54.5095 	1	77695 	77620 	Trp	CCA	0	0	86.73	63.05	23.68	
NODE_30_length_66083_cov_56.4138 	1	25211 	25286 	Gly	GCC	0	0	93.74	68.41	25.33	
NODE_33_length_55536_cov_55.5403 	1	19802 	19878 	Val	GAC	0	0	93.19	67.81	25.38	
NODE_33_length_55536_cov_55.5403 	2	53943 	54019 	Pro	GGG	0	0	74.89	48.01	26.88	
NODE_36_length_29047_cov_58.1057 	1	4242  	4167  	Thr	CGT	0	0	90.98	74.93	16.05	
NODE_40_length_17803_cov_54.263  	1	8600  	8531  	Lys	TTT	0	0	26.12	11.05	15.07	
NODE_55_length_5512_cov_189.527  	1	3578  	3502  	Ile	GAT	0	0	98.83	72.69	26.14	
NODE_55_length_5512_cov_189.527  	2	3473  	3398  	Ala	TGC	0	0	90.68	71.56	19.12	
NODE_63_length_3330_cov_49.3381  	1	521   	437   	Tyr	GTA	0	0	71.07	41.76	29.31	
NODE_63_length_3330_cov_49.3381  	2	410   	337   	Gly	TCC	0	0	82.75	60.87	21.88	
NODE_63_length_3330_cov_49.3381  	3	317   	242   	Thr	GGT	0	0	93.76	67.73	26.03	
