Sequence                         		tRNA  	Bounds	tRNA	Anti	Intron Bounds	Cove	HMM	2'Str	      
Name                             	tRNA #	Begin 	End   	Type	Codon	Begin	End	Score	Score	Score	Note
--------                         	------	----- 	------	----	-----	-----	----	------	-----	-----	------
NODE_1_length_909105_cov_74.6933 	1	697336	697410	Arg	CCT	0	0	69.71	45.21	24.50	
NODE_1_length_909105_cov_74.6933 	2	830259	830334	Val	TAC	0	0	94.49	73.68	20.81	
NODE_1_length_909105_cov_74.6933 	3	830351	830427	Asp	GTC	0	0	94.67	75.49	19.18	
NODE_1_length_909105_cov_74.6933 	4	218291	218205	Leu	CAA	0	0	69.99	38.33	31.66	
NODE_2_length_674355_cov_77.0852 	1	671610	671701	SeC	TCA	0	0	55.75	-18.51	74.26	
NODE_2_length_674355_cov_77.0852 	2	507619	507533	Leu	CAG	0	0	73.96	38.54	35.42	
NODE_2_length_674355_cov_77.0852 	3	507403	507317	Leu	CAG	0	0	73.96	38.54	35.42	
NODE_2_length_674355_cov_77.0852 	4	250514	250439	Phe	GAA	0	0	92.69	68.52	24.17	
NODE_2_length_674355_cov_77.0852 	5	239104	239029	Thr	TGT	0	0	93.66	75.64	18.02	
NODE_3_length_557895_cov_72.6754 	1	431667	431743	Arg	TCT	0	0	96.39	77.88	18.51	
NODE_3_length_557895_cov_72.6754 	2	431795	431870	His	GTG	0	0	83.51	64.18	19.33	
NODE_3_length_557895_cov_72.6754 	3	431925	432009	Leu	TAG	0	0	76.62	44.97	31.65	
NODE_3_length_557895_cov_72.6754 	4	432076	432151	His	GTG	0	0	83.51	64.18	19.33	
NODE_3_length_557895_cov_72.6754 	5	443429	443505	Asp	GTC	0	0	95.34	76.86	18.48	
NODE_4_length_489150_cov_71.9556 	1	55898 	55973 	Ala	GGC	0	0	86.95	68.86	18.09	
NODE_4_length_489150_cov_71.9556 	2	56022 	56097 	Glu	TTC	0	0	66.40	38.20	28.20	
NODE_4_length_489150_cov_71.9556 	3	56191 	56266 	Ala	GGC	0	0	86.95	68.86	18.09	
NODE_4_length_489150_cov_71.9556 	4	56313 	56388 	Glu	TTC	0	0	66.40	38.20	28.20	
NODE_4_length_489150_cov_71.9556 	5	95315 	95390 	Val	TAC	0	0	94.49	73.68	20.81	
NODE_4_length_489150_cov_71.9556 	6	95407 	95483 	Asp	GTC	0	0	94.67	75.49	19.18	
NODE_4_length_489150_cov_71.9556 	7	95598 	95674 	Asp	GTC	0	0	94.67	75.49	19.18	
NODE_4_length_489150_cov_71.9556 	8	395084	395159	Glu	TTC	0	0	66.40	38.20	28.20	
NODE_4_length_489150_cov_71.9556 	9	395162	395237	Gly	GCC	0	0	93.74	68.41	25.33	
NODE_4_length_489150_cov_71.9556 	10	395322	395397	Gly	GCC	0	0	93.74	68.41	25.33	
NODE_4_length_489150_cov_71.9556 	11	442568	442644	Val	GAC	0	0	93.19	67.81	25.38	
NODE_4_length_489150_cov_71.9556 	12	476424	476500	Pro	GGG	0	0	74.89	48.01	26.88	
NODE_4_length_489150_cov_71.9556 	13	362570	362481	Ser	GGA	0	0	71.75	34.38	37.37	
NODE_4_length_489150_cov_71.9556 	14	173802	173726	Pro	CGG	0	0	88.20	60.26	27.94	
NODE_4_length_489150_cov_71.9556 	15	47099 	47024 	Asn	GTT	0	0	91.73	62.08	29.65	
NODE_5_length_438575_cov_76.9535 	1	27837 	27926 	Ser	CGA	0	0	68.31	24.88	43.43	
NODE_6_length_361840_cov_74.1868 	1	100723	100798	Asn	GTT	0	0	91.73	62.08	29.65	
NODE_6_length_361840_cov_74.1868 	2	100808	100884	Pro	TGG	0	0	87.63	64.60	23.03	
NODE_6_length_361840_cov_74.1868 	3	100895	100970	Lys	TTT	0	0	95.07	71.82	23.25	
NODE_6_length_361840_cov_74.1868 	4	120493	120568	Thr	CGT	0	0	90.68	74.97	15.71	
NODE_6_length_361840_cov_74.1868 	5	56807 	56734 	Arg	ACG	0	0	52.72	27.21	25.51	
NODE_7_length_336888_cov_71.5633 	1	183071	182982	Ser	TGA	0	0	68.83	34.50	34.33	
NODE_7_length_336888_cov_71.5633 	2	116430	116355	Gly	GCC	0	0	93.74	68.41	25.33	
NODE_7_length_336888_cov_71.5633 	3	110043	109970	Cys	GCA	0	0	62.38	45.73	16.65	
NODE_7_length_336888_cov_71.5633 	4	97417 	97331 	Leu	TAA	0	0	76.64	42.32	34.32	
NODE_9_length_283844_cov_73.3252 	1	66747 	66823 	Met	CAT	0	0	85.06	58.55	26.51	
NODE_9_length_283844_cov_73.3252 	2	172897	172969	Leu	GAG	0	0	20.84	19.28	1.56	
NODE_9_length_283844_cov_73.3252 	3	277371	277444	Gly	CCC	0	0	60.35	30.06	30.29	
NODE_9_length_283844_cov_73.3252 	4	83325 	83235 	Ser	GCT	0	0	76.69	47.10	29.59	
NODE_9_length_283844_cov_73.3252 	5	83117 	83041 	Arg	ACG	0	0	83.50	58.05	25.45	
NODE_9_length_283844_cov_73.3252 	6	82929 	82853 	Arg	ACG	0	0	83.50	58.05	25.45	
NODE_9_length_283844_cov_73.3252 	7	14169 	14094 	Lys	TTT	0	0	95.07	71.82	23.25	
NODE_10_length_259493_cov_79.7132	1	224818	224742	Arg	CCG	0	0	87.81	66.55	21.26	
NODE_15_length_120049_cov_73.833 	1	62857 	62772 	Leu	GAG	0	0	68.53	39.16	29.37	
NODE_15_length_120049_cov_73.833 	2	62681 	62605 	Met	CAT	0	0	85.85	60.06	25.79	
NODE_19_length_80296_cov_71.7234 	1	1190  	1114  	Met	CAT	0	0	92.87	71.40	21.47	
NODE_20_length_69053_cov_73.3421 	1	19894 	19820 	Gln	TTG	0	0	66.82	40.36	26.46	
NODE_21_length_65645_cov_73.9814 	1	64426 	64351 	Trp	CCA	0	0	86.73	63.05	23.68	
NODE_29_length_23571_cov_72.0215 	1	18493 	18415 	Met	CAT	0	0	30.87	36.29	-5.42	
NODE_30_length_14163_cov_69.956  	1	10975 	11051 	Met	CAT	0	0	87.19	64.42	22.77	
NODE_33_length_5325_cov_268.39   	1	3372  	3296  	Ile	GAT	0	0	98.83	72.69	26.14	
NODE_33_length_5325_cov_268.39   	2	3267  	3192  	Ala	TGC	0	0	90.68	71.56	19.12	
NODE_38_length_3534_cov_65.3904  	1	521   	437   	Tyr	GTA	0	0	71.07	41.76	29.31	
NODE_38_length_3534_cov_65.3904  	2	410   	337   	Gly	TCC	0	0	82.75	60.87	21.88	
NODE_38_length_3534_cov_65.3904  	3	317   	242   	Thr	GGT	0	0	93.76	67.73	26.03	
