Sequence                         		tRNA  	Bounds	tRNA	Anti	Intron Bounds	Cove	HMM	2'Str	      
Name                             	tRNA #	Begin 	End   	Type	Codon	Begin	End	Score	Score	Score	Note
--------                         	------	----- 	------	----	-----	-----	----	------	-----	-----	------
NODE_1_length_458697_cov_60.5435 	1	381183	381269	Leu	CAA	0	0	69.99	38.33	31.66	
NODE_2_length_457771_cov_61.0657 	1	340735	340826	SeC	TCA	0	0	54.17	-19.49	73.66	
NODE_2_length_457771_cov_61.0657 	2	394773	394858	Leu	GAG	0	0	68.53	39.16	29.37	
NODE_2_length_457771_cov_61.0657 	3	394949	395025	Met	CAT	0	0	85.85	60.06	25.79	
NODE_2_length_457771_cov_61.0657 	4	184665	184579	Leu	CAG	0	0	73.96	38.54	35.42	
NODE_2_length_457771_cov_61.0657 	5	184449	184363	Leu	CAG	0	0	73.96	38.54	35.42	
NODE_3_length_455304_cov_59.9708 	1	161757	161832	Asn	GTT	0	0	91.73	62.08	29.65	
NODE_3_length_455304_cov_59.9708 	2	161842	161918	Pro	TGG	0	0	87.63	64.60	23.03	
NODE_3_length_455304_cov_59.9708 	3	161929	162004	Lys	TTT	0	0	95.07	71.82	23.25	
NODE_3_length_455304_cov_59.9708 	4	179934	180009	Thr	CGT	0	0	90.98	74.93	16.05	
NODE_3_length_455304_cov_59.9708 	5	117849	117776	Arg	ACG	0	0	52.72	27.21	25.51	
NODE_3_length_455304_cov_59.9708 	6	10715 	10641 	Gln	TTG	0	0	66.82	40.36	26.46	
NODE_3_length_455304_cov_59.9708 	7	6967  	6891  	Met	CAT	0	0	87.19	64.42	22.77	
NODE_4_length_447005_cov_58.0999 	1	85685 	85774 	Ser	GGA	0	0	71.75	34.38	37.37	
NODE_4_length_447005_cov_58.0999 	2	274511	274587	Pro	CGG	0	0	88.20	60.26	27.94	
NODE_4_length_447005_cov_58.0999 	3	404407	404482	Asn	GTT	0	0	91.73	62.08	29.65	
NODE_4_length_447005_cov_58.0999 	4	395608	395533	Ala	GGC	0	0	86.95	68.86	18.09	
NODE_4_length_447005_cov_58.0999 	5	395484	395409	Glu	TTC	0	0	66.40	38.20	28.20	
NODE_4_length_447005_cov_58.0999 	6	395315	395240	Ala	GGC	0	0	86.95	68.86	18.09	
NODE_4_length_447005_cov_58.0999 	7	395193	395118	Glu	TTC	0	0	66.40	38.20	28.20	
NODE_4_length_447005_cov_58.0999 	8	356202	356127	Val	TAC	0	0	94.49	73.68	20.81	
NODE_4_length_447005_cov_58.0999 	9	356110	356034	Asp	GTC	0	0	94.67	75.49	19.18	
NODE_4_length_447005_cov_58.0999 	10	355919	355843	Asp	GTC	0	0	94.67	75.49	19.18	
NODE_4_length_447005_cov_58.0999 	11	53189 	53114 	Glu	TTC	0	0	66.40	38.20	28.20	
NODE_4_length_447005_cov_58.0999 	12	53111 	53036 	Gly	GCC	0	0	93.74	68.41	25.33	
NODE_4_length_447005_cov_58.0999 	13	52951 	52876 	Gly	GCC	0	0	93.74	68.41	25.33	
NODE_5_length_417772_cov_60.5552 	1	328379	328303	Met	CAT	0	0	92.87	71.40	21.47	
NODE_5_length_417772_cov_60.5552 	2	1188  	1112  	Arg	CCG	0	0	87.81	66.55	21.26	
NODE_6_length_376422_cov_56.9452 	1	218764	218675	Ser	TGA	0	0	72.70	38.95	33.75	
NODE_6_length_376422_cov_56.9452 	2	194384	194309	Gly	GCC	0	0	93.74	68.41	25.33	
NODE_6_length_376422_cov_56.9452 	3	187992	187919	Cys	GCA	0	0	62.38	45.73	16.65	
NODE_6_length_376422_cov_56.9452 	4	125604	125518	Leu	TAA	0	0	76.64	42.32	34.32	
NODE_8_length_269253_cov_56.6533 	1	144527	144603	Arg	TCT	0	0	96.39	77.88	18.51	
NODE_8_length_269253_cov_56.6533 	2	144655	144730	His	GTG	0	0	83.51	64.18	19.33	
NODE_8_length_269253_cov_56.6533 	3	144785	144869	Leu	TAG	0	0	76.62	44.97	31.65	
NODE_8_length_269253_cov_56.6533 	4	144936	145011	His	GTG	0	0	83.51	64.18	19.33	
NODE_8_length_269253_cov_56.6533 	5	156289	156365	Asp	GTC	0	0	95.34	76.86	18.48	
NODE_11_length_234569_cov_56.3128	1	120614	120704	Ser	GCT	0	0	76.69	47.10	29.59	
NODE_11_length_234569_cov_56.3128	2	120822	120898	Arg	ACG	0	0	83.50	58.05	25.45	
NODE_11_length_234569_cov_56.3128	3	121010	121086	Arg	ACG	0	0	83.50	58.05	25.45	
NODE_11_length_234569_cov_56.3128	4	189738	189813	Lys	TTT	0	0	95.07	71.82	23.25	
NODE_11_length_234569_cov_56.3128	5	137162	137086	Met	CAT	0	0	85.06	58.55	26.51	
NODE_11_length_234569_cov_56.3128	6	30944 	30872 	Leu	GAG	0	0	20.84	19.28	1.56	
NODE_12_length_218595_cov_60.6434	1	27445 	27521 	Met	CAT	0	0	80.38	57.61	22.77	
NODE_13_length_214854_cov_60.0729	1	95486 	95412 	Arg	CCT	0	0	69.71	45.21	24.50	
NODE_16_length_207131_cov_60.6328	1	134742	134667	Phe	GAA	0	0	92.69	68.52	24.17	
NODE_16_length_207131_cov_60.6328	2	123338	123263	Thr	TGT	0	0	93.66	75.64	18.02	
NODE_17_length_193302_cov_58.1525	1	184888	184803	Lys	TTT	0	0	22.00	12.28	9.72	
NODE_17_length_193302_cov_58.1525	2	153888	153799	Ser	CGA	0	0	68.31	24.88	43.43	
NODE_21_length_114964_cov_59.2126	1	78890 	78815 	Val	TAC	0	0	94.49	73.68	20.81	
NODE_21_length_114964_cov_59.2126	2	78798 	78722 	Asp	GTC	0	0	94.67	75.49	19.18	
NODE_23_length_104479_cov_60.1508	1	101812	101885	Gly	CCC	0	0	60.35	30.06	30.29	
NODE_27_length_63447_cov_54.6289 	1	34582 	34506 	Val	GAC	0	0	93.19	67.81	25.38	
NODE_27_length_63447_cov_54.6289 	2	745   	669   	Pro	GGG	0	0	74.89	48.01	26.88	
NODE_33_length_31938_cov_60.99   	1	30719 	30644 	Trp	CCA	0	0	86.73	63.05	23.68	
NODE_36_length_23431_cov_56.0387 	1	18494 	18416 	Met	CAT	0	0	30.87	36.29	-5.42	
NODE_39_length_5398_cov_197.268  	1	1810  	1886  	Ile	GAT	0	0	98.83	72.69	26.14	
NODE_39_length_5398_cov_197.268  	2	1915  	1990  	Ala	TGC	0	0	90.68	71.56	19.12	
NODE_42_length_3319_cov_50.4906  	1	521   	437   	Tyr	GTA	0	0	71.07	41.76	29.31	
NODE_42_length_3319_cov_50.4906  	2	410   	337   	Gly	TCC	0	0	82.75	60.87	21.88	
NODE_42_length_3319_cov_50.4906  	3	317   	242   	Thr	GGT	0	0	93.76	67.73	26.03	
