Sequence                         		tRNA  	Bounds	tRNA	Anti	Intron Bounds	Cove	HMM	2'Str	      
Name                             	tRNA #	Begin 	End   	Type	Codon	Begin	End	Score	Score	Score	Note
--------                         	------	----- 	------	----	-----	-----	----	------	-----	-----	------
NODE_1_length_770948_cov_56.4015 	1	270450	270536	Leu	CAG	0	0	73.96	38.54	35.42	
NODE_1_length_770948_cov_56.4015 	2	270666	270752	Leu	CAG	0	0	73.96	38.54	35.42	
NODE_1_length_770948_cov_56.4015 	3	529856	529931	Phe	GAA	0	0	92.69	68.52	24.17	
NODE_1_length_770948_cov_56.4015 	4	541266	541341	Thr	TGT	0	0	93.66	75.64	18.02	
NODE_1_length_770948_cov_56.4015 	5	116943	116852	SeC	TCA	0	0	55.75	-18.51	74.26	
NODE_1_length_770948_cov_56.4015 	6	62803 	62718 	Leu	GAG	0	0	68.53	39.16	29.37	
NODE_1_length_770948_cov_56.4015 	7	62627 	62551 	Met	CAT	0	0	85.85	60.06	25.79	
NODE_2_length_700734_cov_55.1916 	1	252469	252559	Ser	GCT	0	0	76.69	47.10	29.59	
NODE_2_length_700734_cov_55.1916 	2	252677	252753	Arg	ACG	0	0	83.50	58.05	25.45	
NODE_2_length_700734_cov_55.1916 	3	252865	252941	Arg	ACG	0	0	83.50	58.05	25.45	
NODE_2_length_700734_cov_55.1916 	4	321599	321674	Lys	TTT	0	0	95.07	71.82	23.25	
NODE_2_length_700734_cov_55.1916 	5	349143	349232	Ser	CGA	0	0	68.31	24.88	43.43	
NODE_2_length_700734_cov_55.1916 	6	269050	268974	Met	CAT	0	0	85.06	58.55	26.51	
NODE_2_length_700734_cov_55.1916 	7	162786	162714	Leu	GAG	0	0	20.84	19.28	1.56	
NODE_2_length_700734_cov_55.1916 	8	58854 	58781 	Gly	CCC	0	0	60.35	30.06	30.29	
NODE_3_length_540230_cov_54.8522 	1	260941	260855	Leu	CAA	0	0	69.99	38.33	31.66	
NODE_4_length_515099_cov_54.3341 	1	125270	125194	Arg	TCT	0	0	96.39	77.88	18.51	
NODE_4_length_515099_cov_54.3341 	2	125142	125067	His	GTG	0	0	83.51	64.18	19.33	
NODE_4_length_515099_cov_54.3341 	3	125012	124928	Leu	TAG	0	0	76.62	44.97	31.65	
NODE_4_length_515099_cov_54.3341 	4	124861	124786	His	GTG	0	0	83.51	64.18	19.33	
NODE_4_length_515099_cov_54.3341 	5	113501	113425	Asp	GTC	0	0	95.34	76.86	18.48	
NODE_5_length_494269_cov_53.1346 	1	53260 	53335 	Ala	GGC	0	0	86.95	68.86	18.09	
NODE_5_length_494269_cov_53.1346 	2	53384 	53459 	Glu	TTC	0	0	66.40	38.20	28.20	
NODE_5_length_494269_cov_53.1346 	3	53553 	53628 	Ala	GGC	0	0	86.95	68.86	18.09	
NODE_5_length_494269_cov_53.1346 	4	53675 	53750 	Glu	TTC	0	0	66.40	38.20	28.20	
NODE_5_length_494269_cov_53.1346 	5	92657 	92732 	Val	TAC	0	0	94.49	73.68	20.81	
NODE_5_length_494269_cov_53.1346 	6	92749 	92825 	Asp	GTC	0	0	94.67	75.49	19.18	
NODE_5_length_494269_cov_53.1346 	7	92940 	93016 	Asp	GTC	0	0	94.67	75.49	19.18	
NODE_5_length_494269_cov_53.1346 	8	394522	394597	Glu	TTC	0	0	66.40	38.20	28.20	
NODE_5_length_494269_cov_53.1346 	9	394600	394675	Gly	GCC	0	0	93.74	68.41	25.33	
NODE_5_length_494269_cov_53.1346 	10	394760	394835	Gly	GCC	0	0	93.74	68.41	25.33	
NODE_5_length_494269_cov_53.1346 	11	451061	451137	Val	GAC	0	0	93.19	67.81	25.38	
NODE_5_length_494269_cov_53.1346 	12	485201	485277	Pro	GGG	0	0	74.89	48.01	26.88	
NODE_5_length_494269_cov_53.1346 	13	362025	361936	Ser	GGA	0	0	71.75	34.38	37.37	
NODE_5_length_494269_cov_53.1346 	14	173286	173210	Pro	CGG	0	0	88.20	60.26	27.94	
NODE_5_length_494269_cov_53.1346 	15	44461 	44386 	Asn	GTT	0	0	91.73	62.08	29.65	
NODE_6_length_410185_cov_55.3955 	1	206992	207068	Arg	CCT	0	0	83.71	58.51	25.20	
NODE_6_length_410185_cov_55.3955 	2	336187	336262	Val	TAC	0	0	94.49	73.68	20.81	
NODE_6_length_410185_cov_55.3955 	3	336279	336355	Asp	GTC	0	0	94.67	75.49	19.18	
NODE_7_length_395009_cov_55.3977 	1	100201	100276	Asn	GTT	0	0	91.73	62.08	29.65	
NODE_7_length_395009_cov_55.3977 	2	100286	100362	Pro	TGG	0	0	87.63	64.60	23.03	
NODE_7_length_395009_cov_55.3977 	3	100373	100448	Lys	TTT	0	0	95.07	71.82	23.25	
NODE_7_length_395009_cov_55.3977 	4	119721	119796	Thr	CGT	0	0	90.98	74.93	16.05	
NODE_7_length_395009_cov_55.3977 	5	56285 	56212 	Arg	ACG	0	0	52.72	27.21	25.51	
NODE_8_length_373025_cov_53.5395 	1	146213	146302	Ser	TGA	0	0	68.83	34.50	34.33	
NODE_8_length_373025_cov_53.5395 	2	255800	255875	Gly	GCC	0	0	93.74	68.41	25.33	
NODE_8_length_373025_cov_53.5395 	3	260418	260491	Cys	GCA	0	0	62.38	45.73	16.65	
NODE_8_length_373025_cov_53.5395 	4	273040	273126	Leu	TAA	0	0	76.64	42.32	34.32	
NODE_9_length_372019_cov_54.1282 	1	294576	294500	Met	CAT	0	0	92.87	71.40	21.47	
NODE_19_length_72557_cov_55.185  	1	22228 	22154 	Gln	TTG	0	0	66.82	40.36	26.46	
NODE_19_length_72557_cov_55.185  	2	18480 	18404 	Met	CAT	0	0	87.19	64.42	22.77	
NODE_20_length_65441_cov_53.3786 	1	64309 	64234 	Trp	CCA	0	0	86.73	63.05	23.68	
NODE_26_length_35899_cov_54.1645 	1	1283  	1207  	Arg	CCG	0	0	87.81	66.55	21.26	
NODE_30_length_5615_cov_119.692  	1	3616  	3540  	Ile	GAT	0	0	98.83	72.69	26.14	
NODE_30_length_5615_cov_119.692  	2	3511  	3436  	Ala	TGC	0	0	90.68	71.56	19.12	
NODE_33_length_3379_cov_37.579   	1	608   	524   	Tyr	GTA	0	0	71.07	41.76	29.31	
NODE_33_length_3379_cov_37.579   	2	497   	424   	Gly	TCC	0	0	82.75	60.87	21.88	
NODE_33_length_3379_cov_37.579   	3	404   	329   	Thr	GGT	0	0	93.76	67.73	26.03	
