Sequence                         		tRNA  	Bounds	tRNA	Anti	Intron Bounds	Cove	HMM	2'Str	      
Name                             	tRNA #	Begin 	End   	Type	Codon	Begin	End	Score	Score	Score	Note
--------                         	------	----- 	------	----	-----	-----	----	------	-----	-----	------
NODE_1_length_778009_cov_52.8411 	1	55163 	55238 	Ala	GGC	0	0	86.95	68.86	18.09	
NODE_1_length_778009_cov_52.8411 	2	55287 	55362 	Glu	TTC	0	0	66.40	38.20	28.20	
NODE_1_length_778009_cov_52.8411 	3	55456 	55531 	Ala	GGC	0	0	86.95	68.86	18.09	
NODE_1_length_778009_cov_52.8411 	4	55578 	55653 	Glu	TTC	0	0	66.40	38.20	28.20	
NODE_1_length_778009_cov_52.8411 	5	94562 	94637 	Val	TAC	0	0	94.49	73.68	20.81	
NODE_1_length_778009_cov_52.8411 	6	94654 	94730 	Asp	GTC	0	0	94.67	75.49	19.18	
NODE_1_length_778009_cov_52.8411 	7	94845 	94921 	Asp	GTC	0	0	94.67	75.49	19.18	
NODE_1_length_778009_cov_52.8411 	8	397551	397626	Glu	TTC	0	0	66.40	38.20	28.20	
NODE_1_length_778009_cov_52.8411 	9	397629	397704	Gly	GCC	0	0	93.74	68.41	25.33	
NODE_1_length_778009_cov_52.8411 	10	397789	397864	Gly	GCC	0	0	93.74	68.41	25.33	
NODE_1_length_778009_cov_52.8411 	11	442826	442902	Val	GAC	0	0	93.19	67.81	25.38	
NODE_1_length_778009_cov_52.8411 	12	534622	534698	Pro	GGG	0	0	74.89	48.01	26.88	
NODE_1_length_778009_cov_52.8411 	13	694270	694359	Ser	TGA	0	0	72.70	38.95	33.75	
NODE_1_length_778009_cov_52.8411 	14	718670	718745	Gly	GCC	0	0	93.74	68.41	25.33	
NODE_1_length_778009_cov_52.8411 	15	725064	725137	Cys	GCA	0	0	62.38	45.73	16.65	
NODE_1_length_778009_cov_52.8411 	16	365056	364967	Ser	GGA	0	0	71.75	34.38	37.37	
NODE_1_length_778009_cov_52.8411 	17	176252	176176	Pro	CGG	0	0	88.20	60.26	27.94	
NODE_1_length_778009_cov_52.8411 	18	46364 	46289 	Asn	GTT	0	0	91.73	62.08	29.65	
NODE_2_length_662533_cov_58.7164 	1	271474	271560	Leu	CAG	0	0	73.96	38.54	35.42	
NODE_2_length_662533_cov_58.7164 	2	271690	271776	Leu	CAG	0	0	73.96	38.54	35.42	
NODE_2_length_662533_cov_58.7164 	3	529196	529271	Phe	GAA	0	0	92.69	68.52	24.17	
NODE_2_length_662533_cov_58.7164 	4	540606	540681	Thr	TGT	0	0	93.66	75.64	18.02	
NODE_2_length_662533_cov_58.7164 	5	116960	116869	SeC	TCA	0	0	55.75	-18.51	74.26	
NODE_2_length_662533_cov_58.7164 	6	62731 	62646 	Leu	GAG	0	0	68.53	39.16	29.37	
NODE_2_length_662533_cov_58.7164 	7	62555 	62479 	Met	CAT	0	0	85.85	60.06	25.79	
NODE_3_length_424059_cov_55.5971 	1	394815	394901	Leu	CAA	0	0	69.99	38.33	31.66	
NODE_4_length_384458_cov_56.6418 	1	92257 	92333 	Met	CAT	0	0	92.87	71.40	21.47	
NODE_6_length_303090_cov_55.5468 	1	275157	275082	Thr	CGT	0	0	90.98	74.93	16.05	
NODE_7_length_241529_cov_55.0193 	1	149547	149620	Gly	CCC	0	0	60.35	30.06	30.29	
NODE_12_length_181721_cov_55.1734	1	148264	148175	Ser	CGA	0	0	68.31	24.88	43.43	
NODE_15_length_161577_cov_53.9381	1	54881 	54957 	Met	CAT	0	0	85.06	58.55	26.51	
NODE_15_length_161577_cov_53.9381	2	161136	161208	Leu	GAG	0	0	20.84	19.28	1.56	
NODE_15_length_161577_cov_53.9381	3	71457 	71367 	Ser	GCT	0	0	76.69	47.10	29.59	
NODE_15_length_161577_cov_53.9381	4	71249 	71173 	Arg	ACG	0	0	83.50	58.05	25.45	
NODE_15_length_161577_cov_53.9381	5	71061 	70985 	Arg	ACG	0	0	83.50	58.05	25.45	
NODE_15_length_161577_cov_53.9381	6	2305  	2230  	Lys	TTT	0	0	95.07	71.82	23.25	
NODE_16_length_152404_cov_53.6905	1	7775  	7699  	Arg	TCT	0	0	96.39	77.88	18.51	
NODE_16_length_152404_cov_53.6905	2	7647  	7572  	His	GTG	0	0	83.51	64.18	19.33	
NODE_16_length_152404_cov_53.6905	3	7517  	7433  	Leu	TAG	0	0	76.62	44.97	31.65	
NODE_17_length_144152_cov_96.4192	1	126377	126302	His	GTG	0	0	83.51	64.18	19.33	
NODE_17_length_144152_cov_96.4192	2	115024	114948	Asp	GTC	0	0	95.34	76.86	18.48	
NODE_20_length_122197_cov_54.6544	1	3086  	3010  	Arg	CCT	0	0	83.71	58.51	25.20	
NODE_21_length_121070_cov_55.3909	1	63388 	63461 	Arg	ACG	0	0	52.72	27.21	25.51	
NODE_21_length_121070_cov_55.3909	2	19480 	19405 	Asn	GTT	0	0	91.73	62.08	29.65	
NODE_21_length_121070_cov_55.3909	3	19395 	19319 	Pro	TGG	0	0	87.63	64.60	23.03	
NODE_21_length_121070_cov_55.3909	4	19308 	19233 	Lys	TTT	0	0	95.07	71.82	23.25	
NODE_22_length_114947_cov_54.337 	1	78951 	78876 	Val	TAC	0	0	94.49	73.68	20.81	
NODE_22_length_114947_cov_54.337 	2	78859 	78783 	Asp	GTC	0	0	94.67	75.49	19.18	
NODE_28_length_70800_cov_55.6614 	1	48572 	48646 	Gln	TTG	0	0	66.82	40.36	26.46	
NODE_28_length_70800_cov_55.6614 	2	52320 	52396 	Met	CAT	0	0	87.19	64.42	22.77	
NODE_29_length_65288_cov_53.3893 	1	64273 	64198 	Trp	CCA	0	0	86.73	63.05	23.68	
NODE_33_length_48041_cov_58.7061 	1	13435 	13359 	Arg	CCG	0	0	87.81	66.55	21.26	
NODE_51_length_5699_cov_89.5944  	1	4917  	4992  	Gly	TCC	0	0	82.79	56.37	26.42	
NODE_52_length_5660_cov_193.489  	1	2074  	2150  	Ile	GAT	0	0	98.83	72.69	26.14	
NODE_52_length_5660_cov_193.489  	2	2179  	2254  	Ala	TGC	0	0	90.68	71.56	19.12	
NODE_56_length_3526_cov_46.7226  	1	725   	641   	Tyr	GTA	0	0	71.07	41.76	29.31	
NODE_56_length_3526_cov_46.7226  	2	614   	541   	Gly	TCC	0	0	82.75	60.87	21.88	
NODE_56_length_3526_cov_46.7226  	3	521   	446   	Thr	GGT	0	0	93.76	67.73	26.03	
NODE_90_length_682_cov_56.3568   	1	391   	316   	Gly	TCC	0	0	81.23	54.80	26.43	
NODE_90_length_682_cov_56.3568   	2	303   	229   	Asn	GTT	0	0	76.95	53.18	23.77	
NODE_90_length_682_cov_56.3568   	3	224   	148   	Thr	TGT	0	0	63.98	52.12	11.86	
