Sequence                         		tRNA  	Bounds	tRNA	Anti	Intron Bounds	Cove	HMM	2'Str	      
Name                             	tRNA #	Begin 	End   	Type	Codon	Begin	End	Score	Score	Score	Note
--------                         	------	----- 	------	----	-----	-----	----	------	-----	-----	------
NODE_1_length_885481_cov_138.199 	1	684737	684823	Leu	CAA	0	0	69.99	38.33	31.66	
NODE_1_length_885481_cov_138.199 	2	207890	207814	Arg	CCT	0	0	83.71	58.51	25.20	
NODE_1_length_885481_cov_138.199 	3	73871 	73796 	Val	TAC	0	0	94.49	73.68	20.81	
NODE_1_length_885481_cov_138.199 	4	73779 	73703 	Asp	GTC	0	0	94.67	75.49	19.18	
NODE_2_length_677348_cov_137.742 	1	553837	553926	Ser	GGA	0	0	71.75	34.38	37.37	
NODE_2_length_677348_cov_137.742 	2	521339	521264	Glu	TTC	0	0	66.40	38.20	28.20	
NODE_2_length_677348_cov_137.742 	3	521261	521186	Gly	GCC	0	0	93.74	68.41	25.33	
NODE_2_length_677348_cov_137.742 	4	521101	521026	Gly	GCC	0	0	93.74	68.41	25.33	
NODE_2_length_677348_cov_137.742 	5	479569	479493	Val	GAC	0	0	93.19	67.81	25.38	
NODE_2_length_677348_cov_137.742 	6	445426	445350	Pro	GGG	0	0	74.89	48.01	26.88	
NODE_2_length_677348_cov_137.742 	7	294860	294771	Ser	TGA	0	0	72.70	38.95	33.75	
NODE_2_length_677348_cov_137.742 	8	238736	238661	Gly	GCC	0	0	93.74	68.41	25.33	
NODE_2_length_677348_cov_137.742 	9	135836	135763	Cys	GCA	0	0	62.38	45.73	16.65	
NODE_2_length_677348_cov_137.742 	10	123212	123126	Leu	TAA	0	0	76.64	42.32	34.32	
NODE_3_length_628922_cov_131.622 	1	93497 	93587 	Ser	GCT	0	0	76.69	47.10	29.59	
NODE_3_length_628922_cov_131.622 	2	93705 	93781 	Arg	ACG	0	0	83.50	58.05	25.45	
NODE_3_length_628922_cov_131.622 	3	93894 	93970 	Arg	ACG	0	0	83.50	58.05	25.45	
NODE_3_length_628922_cov_131.622 	4	162636	162711	Lys	TTT	0	0	95.07	71.82	23.25	
NODE_3_length_628922_cov_131.622 	5	190178	190267	Ser	CGA	0	0	68.31	24.88	43.43	
NODE_3_length_628922_cov_131.622 	6	110042	109966	Met	CAT	0	0	85.06	58.55	26.51	
NODE_3_length_628922_cov_131.622 	7	3817  	3745  	Leu	GAG	0	0	20.84	19.28	1.56	
NODE_4_length_539776_cov_129.057 	1	388440	388516	Arg	TCT	0	0	96.39	77.88	18.51	
NODE_4_length_539776_cov_129.057 	2	388568	388643	His	GTG	0	0	83.51	64.18	19.33	
NODE_4_length_539776_cov_129.057 	3	388698	388782	Leu	TAG	0	0	76.62	44.97	31.65	
NODE_4_length_539776_cov_129.057 	4	418550	418625	Gly	TCC	0	0	82.79	56.37	26.42	
NODE_4_length_539776_cov_129.057 	5	447652	447727	His	GTG	0	0	83.51	64.18	19.33	
NODE_4_length_539776_cov_129.057 	6	459016	459092	Asp	GTC	0	0	95.34	76.86	18.48	
NODE_5_length_531487_cov_131.336 	1	173838	173913	Asn	GTT	0	0	91.73	62.08	29.65	
NODE_5_length_531487_cov_131.336 	2	173923	173999	Pro	TGG	0	0	87.63	64.60	23.03	
NODE_5_length_531487_cov_131.336 	3	174010	174085	Lys	TTT	0	0	95.07	71.82	23.25	
NODE_5_length_531487_cov_131.336 	4	277252	277337	Lys	TTT	0	0	22.00	12.28	9.72	
NODE_5_length_531487_cov_131.336 	5	296581	296656	Thr	CGT	0	0	90.98	74.93	16.05	
NODE_5_length_531487_cov_131.336 	6	129922	129849	Arg	ACG	0	0	52.72	27.21	25.51	
NODE_5_length_531487_cov_131.336 	7	22240 	22166 	Gln	TTG	0	0	66.82	40.36	26.46	
NODE_5_length_531487_cov_131.336 	8	18491 	18415 	Met	CAT	0	0	87.19	64.42	22.77	
NODE_6_length_412473_cov_140.084 	1	50722 	50808 	Leu	CAG	0	0	73.96	38.54	35.42	
NODE_6_length_412473_cov_140.084 	2	50938 	51024 	Leu	CAG	0	0	73.96	38.54	35.42	
NODE_6_length_412473_cov_140.084 	3	347915	347990	Phe	GAA	0	0	92.69	68.52	24.17	
NODE_6_length_412473_cov_140.084 	4	359325	359400	Thr	TGT	0	0	93.66	75.64	18.02	
NODE_7_length_371846_cov_141.838 	1	294580	294504	Met	CAT	0	0	92.87	71.40	21.47	
NODE_8_length_266509_cov_131.317 	1	94287 	94363 	Pro	CGG	0	0	88.20	60.26	27.94	
NODE_8_length_266509_cov_131.317 	2	222497	222572	Asn	GTT	0	0	91.73	62.08	29.65	
NODE_8_length_266509_cov_131.317 	3	213698	213623	Ala	GGC	0	0	86.95	68.86	18.09	
NODE_8_length_266509_cov_131.317 	4	213574	213499	Glu	TTC	0	0	66.40	38.20	28.20	
NODE_8_length_266509_cov_131.317 	5	213405	213330	Ala	GGC	0	0	86.95	68.86	18.09	
NODE_8_length_266509_cov_131.317 	6	213283	213208	Glu	TTC	0	0	66.40	38.20	28.20	
NODE_8_length_266509_cov_131.317 	7	174308	174233	Val	TAC	0	0	92.33	75.24	17.09	
NODE_8_length_266509_cov_131.317 	8	174216	174140	Asp	GTC	0	0	94.67	75.49	19.18	
NODE_8_length_266509_cov_131.317 	9	174025	173949	Asp	GTC	0	0	94.67	75.49	19.18	
NODE_9_length_256553_cov_138.26  	1	139720	139811	SeC	TCA	0	0	55.75	-18.51	74.26	
NODE_9_length_256553_cov_138.26  	2	193779	193864	Leu	GAG	0	0	68.53	39.16	29.37	
NODE_9_length_256553_cov_138.26  	3	193955	194031	Met	CAT	0	0	85.85	60.06	25.79	
NODE_16_length_128885_cov_128.703	1	34702 	34775 	Gly	CCC	0	0	60.35	30.06	30.29	
NODE_19_length_65372_cov_135.817 	1	64153 	64078 	Trp	CCA	0	0	86.73	63.05	23.68	
NODE_28_length_35816_cov_142.864 	1	1188  	1112  	Arg	CCG	0	0	87.81	66.55	21.26	
NODE_41_length_5619_cov_411.742  	1	2037  	2113  	Ile	GAT	0	0	98.83	72.69	26.14	
NODE_41_length_5619_cov_411.742  	2	2142  	2217  	Ala	TGC	0	0	90.68	71.56	19.12	
NODE_47_length_3326_cov_110.437  	1	521   	437   	Tyr	GTA	0	0	71.07	41.76	29.31	
NODE_47_length_3326_cov_110.437  	2	410   	337   	Gly	TCC	0	0	82.75	60.87	21.88	
NODE_47_length_3326_cov_110.437  	3	317   	242   	Thr	GGT	0	0	93.76	67.73	26.03	
