Sequence                         		tRNA  	Bounds	tRNA	Anti	Intron Bounds	Cove	HMM	2'Str	      
Name                             	tRNA #	Begin 	End   	Type	Codon	Begin	End	Score	Score	Score	Note
--------                         	------	----- 	------	----	-----	-----	----	------	-----	-----	------
NODE_1_length_827104_cov_60.0009 	1	466538	466627	Ser	GGA	0	0	71.75	34.38	37.37	
NODE_1_length_827104_cov_60.0009 	2	655337	655413	Pro	CGG	0	0	88.20	60.26	27.94	
NODE_1_length_827104_cov_60.0009 	3	784136	784211	Asn	GTT	0	0	91.73	62.08	29.65	
NODE_1_length_827104_cov_60.0009 	4	775337	775262	Ala	GGC	0	0	86.95	68.86	18.09	
NODE_1_length_827104_cov_60.0009 	5	775213	775138	Glu	TTC	0	0	66.40	38.20	28.20	
NODE_1_length_827104_cov_60.0009 	6	775044	774969	Ala	GGC	0	0	86.95	68.86	18.09	
NODE_1_length_827104_cov_60.0009 	7	774922	774847	Glu	TTC	0	0	66.40	38.20	28.20	
NODE_1_length_827104_cov_60.0009 	8	735940	735865	Val	TAC	0	0	94.49	73.68	20.81	
NODE_1_length_827104_cov_60.0009 	9	735848	735772	Asp	GTC	0	0	94.67	75.49	19.18	
NODE_1_length_827104_cov_60.0009 	10	735657	735581	Asp	GTC	0	0	94.67	75.49	19.18	
NODE_1_length_827104_cov_60.0009 	11	434041	433966	Glu	TTC	0	0	66.40	38.20	28.20	
NODE_1_length_827104_cov_60.0009 	12	433963	433888	Gly	GCC	0	0	93.74	68.41	25.33	
NODE_1_length_827104_cov_60.0009 	13	433803	433728	Gly	GCC	0	0	93.74	68.41	25.33	
NODE_1_length_827104_cov_60.0009 	14	388794	388718	Val	GAC	0	0	93.19	67.81	25.38	
NODE_1_length_827104_cov_60.0009 	15	354638	354562	Pro	GGG	0	0	74.89	48.01	26.88	
NODE_1_length_827104_cov_60.0009 	16	198117	198028	Ser	TGA	0	0	72.70	38.95	33.75	
NODE_1_length_827104_cov_60.0009 	17	141981	141906	Gly	GCC	0	0	93.74	68.41	25.33	
NODE_1_length_827104_cov_60.0009 	18	135576	135503	Cys	GCA	0	0	62.38	45.73	16.65	
NODE_1_length_827104_cov_60.0009 	19	122950	122864	Leu	TAA	0	0	76.64	42.32	34.32	
NODE_2_length_812410_cov_62.9952 	1	124819	124909	Ser	GCT	0	0	76.69	47.10	29.59	
NODE_2_length_812410_cov_62.9952 	2	125027	125103	Arg	ACG	0	0	83.50	58.05	25.45	
NODE_2_length_812410_cov_62.9952 	3	125215	125291	Arg	ACG	0	0	83.50	58.05	25.45	
NODE_2_length_812410_cov_62.9952 	4	234823	234898	Lys	TTT	0	0	95.07	71.82	23.25	
NODE_2_length_812410_cov_62.9952 	5	262449	262538	Ser	CGA	0	0	68.31	24.88	43.43	
NODE_2_length_812410_cov_62.9952 	6	182270	182194	Met	CAT	0	0	85.06	58.55	26.51	
NODE_2_length_812410_cov_62.9952 	7	35150 	35078 	Leu	GAG	0	0	20.84	19.28	1.56	
NODE_3_length_559056_cov_63.1052 	1	161409	161495	Leu	CAG	0	0	73.96	38.54	35.42	
NODE_3_length_559056_cov_63.1052 	2	161625	161711	Leu	CAG	0	0	68.70	36.86	31.84	
NODE_3_length_559056_cov_63.1052 	3	418209	418284	Phe	GAA	0	0	92.69	68.52	24.17	
NODE_3_length_559056_cov_63.1052 	4	429619	429694	Thr	TGT	0	0	93.66	75.64	18.02	
NODE_4_length_421140_cov_61.4611 	1	306943	307016	Arg	ACG	0	0	52.72	27.21	25.51	
NODE_4_length_421140_cov_61.4611 	2	414144	414218	Gln	TTG	0	0	66.82	40.36	26.46	
NODE_4_length_421140_cov_61.4611 	3	417892	417968	Met	CAT	0	0	87.19	64.42	22.77	
NODE_4_length_421140_cov_61.4611 	4	263036	262961	Asn	GTT	0	0	91.73	62.08	29.65	
NODE_4_length_421140_cov_61.4611 	5	262951	262875	Pro	TGG	0	0	87.63	64.60	23.03	
NODE_4_length_421140_cov_61.4611 	6	262864	262789	Lys	TTT	0	0	95.07	71.82	23.25	
NODE_4_length_421140_cov_61.4611 	7	243858	243783	Thr	CGT	0	0	90.68	74.97	15.71	
NODE_5_length_277964_cov_60.7312 	1	277110	277196	Leu	CAA	0	0	69.99	38.33	31.66	
NODE_6_length_268105_cov_60.8638 	1	144594	144670	Arg	TCT	0	0	96.39	77.88	18.51	
NODE_6_length_268105_cov_60.8638 	2	144722	144797	His	GTG	0	0	83.51	64.18	19.33	
NODE_6_length_268105_cov_60.8638 	3	144852	144936	Leu	TAG	0	0	76.62	44.97	31.65	
NODE_6_length_268105_cov_60.8638 	4	145003	145078	His	GTG	0	0	83.51	64.18	19.33	
NODE_6_length_268105_cov_60.8638 	5	156356	156432	Asp	GTC	0	0	95.34	76.86	18.48	
NODE_11_length_202734_cov_60.537 	1	1128  	1202  	Arg	CCT	0	0	69.69	51.80	17.89	
NODE_11_length_202734_cov_60.537 	2	128872	128947	Val	TAC	0	0	94.49	73.68	20.81	
NODE_11_length_202734_cov_60.537 	3	128964	129040	Asp	GTC	0	0	94.67	75.49	19.18	
NODE_14_length_135842_cov_62.6062	1	77322 	77398 	Met	CAT	0	0	92.87	71.40	21.47	
NODE_18_length_120963_cov_60.952 	1	63016 	62931 	Leu	GAG	0	0	68.53	39.16	29.37	
NODE_18_length_120963_cov_60.952 	2	62840 	62764 	Met	CAT	0	0	85.85	60.06	25.79	
NODE_20_length_97220_cov_62.1691 	1	2855  	2779  	Arg	CCT	0	0	83.71	58.51	25.20	
NODE_23_length_71554_cov_63.2143 	1	67933 	68006 	Gly	CCC	0	0	60.35	30.06	30.29	
NODE_24_length_65453_cov_61.7377 	1	1220  	1295  	Trp	CCA	0	0	86.73	63.05	23.68	
NODE_30_length_36199_cov_63.8513 	1	34635 	34711 	Arg	CCG	0	0	87.81	66.55	21.26	
NODE_42_length_5282_cov_233.204  	1	1792  	1868  	Ile	GAT	0	0	98.83	72.69	26.14	
NODE_42_length_5282_cov_233.204  	2	1897  	1972  	Ala	TGC	0	0	90.68	71.56	19.12	
NODE_45_length_4128_cov_54.9478  	1	2783  	2692  	SeC	TCA	0	0	55.75	-18.51	74.26	
NODE_46_length_3417_cov_59.7359  	1	2897  	2981  	Tyr	GTA	0	0	71.07	41.76	29.31	
NODE_46_length_3417_cov_59.7359  	2	3008  	3081  	Gly	TCC	0	0	82.75	60.87	21.88	
NODE_46_length_3417_cov_59.7359  	3	3101  	3176  	Thr	GGT	0	0	93.76	67.73	26.03	
