Sequence                         		tRNA  	Bounds	tRNA	Anti	Intron Bounds	Cove	HMM	2'Str	      
Name                             	tRNA #	Begin 	End   	Type	Codon	Begin	End	Score	Score	Score	Note
--------                         	------	----- 	------	----	-----	-----	----	------	-----	-----	------
NODE_1_length_907987_cov_56.1954 	1	618504	618593	Ser	GGA	0	0	71.75	34.38	37.37	
NODE_1_length_907987_cov_56.1954 	2	807284	807360	Pro	CGG	0	0	88.20	60.26	27.94	
NODE_1_length_907987_cov_56.1954 	3	887904	887829	Val	TAC	0	0	94.49	73.68	20.81	
NODE_1_length_907987_cov_56.1954 	4	887812	887736	Asp	GTC	0	0	94.67	75.49	19.18	
NODE_1_length_907987_cov_56.1954 	5	887621	887545	Asp	GTC	0	0	94.67	75.49	19.18	
NODE_1_length_907987_cov_56.1954 	6	586010	585935	Glu	TTC	0	0	66.40	38.20	28.20	
NODE_1_length_907987_cov_56.1954 	7	585932	585857	Gly	GCC	0	0	93.74	68.41	25.33	
NODE_1_length_907987_cov_56.1954 	8	491998	491923	Gly	GCC	0	0	93.74	68.41	25.33	
NODE_1_length_907987_cov_56.1954 	9	446966	446890	Val	GAC	0	0	93.19	67.81	25.38	
NODE_1_length_907987_cov_56.1954 	10	412823	412747	Pro	GGG	0	0	74.89	48.01	26.88	
NODE_1_length_907987_cov_56.1954 	11	139115	139026	Ser	TGA	0	0	72.70	38.95	33.75	
NODE_1_length_907987_cov_56.1954 	12	114740	114665	Gly	GCC	0	0	93.74	68.41	25.33	
NODE_1_length_907987_cov_56.1954 	13	110116	110043	Cys	GCA	0	0	62.38	45.73	16.65	
NODE_1_length_907987_cov_56.1954 	14	97492 	97406 	Leu	TAA	0	0	76.64	42.32	34.32	
NODE_2_length_886156_cov_56.8924 	1	617769	617845	Met	CAT	0	0	85.06	58.55	26.51	
NODE_2_length_886156_cov_56.8924 	2	723975	724047	Leu	GAG	0	0	20.84	19.28	1.56	
NODE_2_length_886156_cov_56.8924 	3	827920	827993	Gly	CCC	0	0	60.35	30.06	30.29	
NODE_2_length_886156_cov_56.8924 	4	634311	634221	Ser	GCT	0	0	76.69	47.10	29.59	
NODE_2_length_886156_cov_56.8924 	5	634103	634027	Arg	ACG	0	0	83.50	58.05	25.45	
NODE_2_length_886156_cov_56.8924 	6	633915	633839	Arg	ACG	0	0	83.50	58.05	25.45	
NODE_2_length_886156_cov_56.8924 	7	565217	565142	Lys	TTT	0	0	95.07	71.82	23.25	
NODE_2_length_886156_cov_56.8924 	8	528724	528635	Ser	CGA	0	0	68.31	24.88	43.43	
NODE_3_length_714009_cov_57.2796 	1	597192	597283	SeC	TCA	0	0	55.75	-18.51	74.26	
NODE_3_length_714009_cov_57.2796 	2	651139	651224	Leu	GAG	0	0	68.53	39.16	29.37	
NODE_3_length_714009_cov_57.2796 	3	651315	651391	Met	CAT	0	0	85.85	60.06	25.79	
NODE_3_length_714009_cov_57.2796 	4	443315	443229	Leu	CAG	0	0	73.96	38.54	35.42	
NODE_3_length_714009_cov_57.2796 	5	443099	443013	Leu	CAG	0	0	73.96	38.54	35.42	
NODE_3_length_714009_cov_57.2796 	6	186361	186286	Phe	GAA	0	0	92.69	68.52	24.17	
NODE_3_length_714009_cov_57.2796 	7	174956	174881	Thr	TGT	0	0	93.66	75.64	18.02	
NODE_4_length_451430_cov_56.2571 	1	219386	219300	Leu	CAA	0	0	69.99	38.33	31.66	
NODE_5_length_390301_cov_55.5838 	1	294836	294760	Met	CAT	0	0	92.87	71.40	21.47	
NODE_6_length_356789_cov_56.029  	1	298505	298578	Arg	ACG	0	0	52.72	27.21	25.51	
NODE_6_length_356789_cov_56.029  	2	254590	254515	Asn	GTT	0	0	91.73	62.08	29.65	
NODE_6_length_356789_cov_56.029  	3	254505	254429	Pro	TGG	0	0	87.63	64.60	23.03	
NODE_6_length_356789_cov_56.029  	4	254418	254343	Lys	TTT	0	0	95.07	71.82	23.25	
NODE_6_length_356789_cov_56.029  	5	236449	236374	Thr	CGT	0	0	90.98	74.93	16.05	
NODE_8_length_309301_cov_56.3869 	1	302692	302768	Arg	TCT	0	0	96.39	77.88	18.51	
NODE_8_length_309301_cov_56.3869 	2	302820	302895	His	GTG	0	0	83.51	64.18	19.33	
NODE_8_length_309301_cov_56.3869 	3	302950	303034	Leu	TAG	0	0	76.62	44.97	31.65	
NODE_11_length_214663_cov_56.0394	1	124235	124311	Arg	CCT	0	0	83.71	58.51	25.20	
NODE_17_length_134081_cov_57.5583	1	118361	118287	Asn	GTT	0	0	77.66	51.70	25.96	
NODE_17_length_134081_cov_57.5583	2	118282	118207	Thr	TGT	0	0	74.27	61.42	12.85	
NODE_17_length_134081_cov_57.5583	3	92327 	92252 	His	GTG	0	0	83.51	64.18	19.33	
NODE_17_length_134081_cov_57.5583	4	80961 	80885 	Asp	GTC	0	0	95.34	76.86	18.48	
NODE_18_length_110031_cov_56.0551	1	36160 	36235 	Val	TAC	0	0	94.49	73.68	20.81	
NODE_18_length_110031_cov_56.0551	2	36252 	36328 	Asp	GTC	0	0	94.67	75.49	19.18	
NODE_22_length_86236_cov_55.3061 	1	49037 	49111 	Gln	TTG	0	0	66.82	40.36	26.46	
NODE_22_length_86236_cov_55.3061 	2	67746 	67822 	Met	CAT	0	0	87.19	64.42	22.77	
NODE_23_length_84626_cov_52.9431 	1	32599 	32674 	Asn	GTT	0	0	91.73	62.08	29.65	
NODE_23_length_84626_cov_52.9431 	2	23704 	23629 	Ala	GGC	0	0	86.95	68.86	18.09	
NODE_23_length_84626_cov_52.9431 	3	23580 	23505 	Glu	TTC	0	0	66.40	38.20	28.20	
NODE_23_length_84626_cov_52.9431 	4	23411 	23336 	Ala	GGC	0	0	86.95	68.86	18.09	
NODE_23_length_84626_cov_52.9431 	5	23289 	23214 	Glu	TTC	0	0	66.40	38.20	28.20	
NODE_25_length_65435_cov_55.8791 	1	1136  	1211  	Trp	CCA	0	0	86.73	63.05	23.68	
NODE_29_length_35900_cov_55.4641 	1	1283  	1207  	Arg	CCG	0	0	88.66	67.40	21.26	
NODE_38_length_5512_cov_191.833  	1	3578  	3502  	Ile	GAT	0	0	98.83	72.69	26.14	
NODE_38_length_5512_cov_191.833  	2	3473  	3398  	Ala	TGC	0	0	90.68	71.56	19.12	
NODE_41_length_3414_cov_47.672   	1	2810  	2894  	Tyr	GTA	0	0	71.07	41.76	29.31	
NODE_41_length_3414_cov_47.672   	2	2921  	2994  	Gly	TCC	0	0	82.75	60.87	21.88	
NODE_41_length_3414_cov_47.672   	3	3014  	3089  	Thr	GGT	0	0	93.76	67.73	26.03	
