Sequence                         		tRNA  	Bounds	tRNA	Anti	Intron Bounds	Cove	HMM	2'Str	      
Name                             	tRNA #	Begin 	End   	Type	Codon	Begin	End	Score	Score	Score	Note
--------                         	------	----- 	------	----	-----	-----	----	------	-----	-----	------
NODE_1_length_516151_cov_50.0219 	1	391860	391936	Arg	TCT	0	0	96.39	77.88	18.51	
NODE_1_length_516151_cov_50.0219 	2	391988	392063	His	GTG	0	0	83.51	64.18	19.33	
NODE_1_length_516151_cov_50.0219 	3	392118	392202	Leu	TAG	0	0	76.62	44.97	31.65	
NODE_1_length_516151_cov_50.0219 	4	392269	392344	His	GTG	0	0	83.51	64.18	19.33	
NODE_1_length_516151_cov_50.0219 	5	403640	403716	Asp	GTC	0	0	95.34	76.86	18.48	
NODE_2_length_464354_cov_51.3672 	1	53258 	53333 	Ala	GGC	0	0	86.95	68.86	18.09	
NODE_2_length_464354_cov_51.3672 	2	53382 	53457 	Glu	TTC	0	0	66.40	38.20	28.20	
NODE_2_length_464354_cov_51.3672 	3	53551 	53626 	Ala	GGC	0	0	86.95	68.86	18.09	
NODE_2_length_464354_cov_51.3672 	4	53673 	53748 	Glu	TTC	0	0	66.40	38.20	28.20	
NODE_2_length_464354_cov_51.3672 	5	92653 	92728 	Val	TAC	0	0	94.49	73.68	20.81	
NODE_2_length_464354_cov_51.3672 	6	92745 	92821 	Asp	GTC	0	0	94.67	75.49	19.18	
NODE_2_length_464354_cov_51.3672 	7	92936 	93012 	Asp	GTC	0	0	94.67	75.49	19.18	
NODE_2_length_464354_cov_51.3672 	8	394524	394599	Glu	TTC	0	0	66.40	38.20	28.20	
NODE_2_length_464354_cov_51.3672 	9	394602	394677	Gly	GCC	0	0	93.74	68.41	25.33	
NODE_2_length_464354_cov_51.3672 	10	438386	438462	Val	GAC	0	0	93.19	67.81	25.38	
NODE_2_length_464354_cov_51.3672 	11	362035	361946	Ser	GGA	0	0	71.75	34.38	37.37	
NODE_2_length_464354_cov_51.3672 	12	173274	173198	Pro	CGG	0	0	88.20	60.26	27.94	
NODE_2_length_464354_cov_51.3672 	13	44459 	44384 	Asn	GTT	0	0	91.73	62.08	29.65	
NODE_3_length_456675_cov_55.2031 	1	269700	269786	Leu	CAG	0	0	73.96	38.54	35.42	
NODE_3_length_456675_cov_55.2031 	2	269916	270002	Leu	CAG	0	0	73.96	38.54	35.42	
NODE_3_length_456675_cov_55.2031 	3	116201	116110	SeC	TCA	0	0	55.75	-18.51	74.26	
NODE_3_length_456675_cov_55.2031 	4	62833 	62748 	Leu	GAG	0	0	68.53	39.16	29.37	
NODE_3_length_456675_cov_55.2031 	5	62657 	62581 	Met	CAT	0	0	85.85	60.06	25.79	
NODE_4_length_431643_cov_52.0687 	1	222160	222236	Arg	CCT	0	0	83.71	58.51	25.20	
NODE_4_length_431643_cov_52.0687 	2	228145	228219	Arg	CCT	0	0	69.69	51.80	17.89	
NODE_4_length_431643_cov_52.0687 	3	357792	357867	Val	TAC	0	0	94.49	73.68	20.81	
NODE_4_length_431643_cov_52.0687 	4	357884	357960	Asp	GTC	0	0	94.67	75.49	19.18	
NODE_5_length_377392_cov_55.4421 	1	294249	294173	Met	CAT	0	0	92.87	71.40	21.47	
NODE_6_length_320000_cov_52.3471 	1	233814	233890	Met	CAT	0	0	85.06	58.55	26.51	
NODE_6_length_320000_cov_52.3471 	2	250344	250254	Ser	GCT	0	0	76.69	47.10	29.59	
NODE_6_length_320000_cov_52.3471 	3	250136	250060	Arg	ACG	0	0	83.50	58.05	25.45	
NODE_6_length_320000_cov_52.3471 	4	249948	249872	Arg	ACG	0	0	83.50	58.05	25.45	
NODE_6_length_320000_cov_52.3471 	5	181261	181186	Lys	TTT	0	0	95.07	71.82	23.25	
NODE_6_length_320000_cov_52.3471 	6	153719	153630	Ser	CGA	0	0	68.31	24.88	43.43	
NODE_7_length_312772_cov_55.7478 	1	71580 	71655 	Phe	GAA	0	0	92.69	68.52	24.17	
NODE_7_length_312772_cov_55.7478 	2	82990 	83065 	Thr	TGT	0	0	93.66	75.64	18.02	
NODE_8_length_279418_cov_53.7931 	1	214271	214185	Leu	CAA	0	0	69.99	38.33	31.66	
NODE_9_length_259260_cov_50.9657 	1	118987	118898	Ser	TGA	0	0	72.99	31.35	41.64	
NODE_9_length_259260_cov_50.9657 	2	11725 	11650 	Gly	GCC	0	0	93.74	68.41	25.33	
NODE_17_length_134061_cov_53.5381	1	34280 	34206 	Gln	TTG	0	0	66.82	40.36	26.46	
NODE_17_length_134061_cov_53.5381	2	10214 	10138 	Met	CAT	0	0	87.19	64.42	22.77	
NODE_18_length_115996_cov_50.8955	1	5909  	5982  	Cys	GCA	0	0	62.38	45.73	16.65	
NODE_18_length_115996_cov_50.8955	2	18534 	18620 	Leu	TAA	0	0	76.64	42.32	34.32	
NODE_19_length_102633_cov_53.9527	1	2993  	2920  	Gly	CCC	0	0	60.35	30.06	30.29	
NODE_22_length_94802_cov_53.4758 	1	60068 	59992 	Arg	CCG	0	0	90.57	71.58	18.99	
NODE_24_length_94136_cov_58.22   	1	89697 	89772 	Asn	GTT	0	0	91.73	62.08	29.65	
NODE_24_length_94136_cov_58.22   	2	89782 	89858 	Pro	TGG	0	0	87.63	64.60	23.03	
NODE_24_length_94136_cov_58.22   	3	89869 	89944 	Lys	TTT	0	0	95.07	71.82	23.25	
NODE_24_length_94136_cov_58.22   	4	6054  	5981  	Arg	ACG	0	0	52.72	27.21	25.51	
NODE_32_length_71470_cov_53.8621 	1	69095 	69020 	Thr	CGT	0	0	90.98	74.93	16.05	
NODE_33_length_65462_cov_56.9312 	1	64243 	64168 	Trp	CCA	0	0	86.73	63.05	23.68	
NODE_46_length_25926_cov_50.1355 	1	686   	610   	Pro	GGG	0	0	74.89	48.01	26.88	
NODE_48_length_22226_cov_51.2427 	1	1945  	1873  	Leu	GAG	0	0	20.84	19.28	1.56	
NODE_63_length_5533_cov_201.368  	1	3563  	3487  	Ile	GAT	0	0	98.83	72.69	26.14	
NODE_63_length_5533_cov_201.368  	2	3458  	3383  	Ala	TGC	0	0	90.68	71.56	19.12	
NODE_74_length_3345_cov_51.5771  	1	521   	437   	Tyr	GTA	0	0	71.07	41.76	29.31	
NODE_74_length_3345_cov_51.5771  	2	410   	337   	Gly	TCC	0	0	82.75	60.87	21.88	
NODE_74_length_3345_cov_51.5771  	3	317   	242   	Thr	GGT	0	0	93.76	67.73	26.03	
