Sequence                         		tRNA  	Bounds	tRNA	Anti	Intron Bounds	Cove	HMM	2'Str	      
Name                             	tRNA #	Begin 	End   	Type	Codon	Begin	End	Score	Score	Score	Note
--------                         	------	----- 	------	----	-----	-----	----	------	-----	-----	------
NODE_1_length_895132_cov_47.0789 	1	687243	687319	Arg	CCT	0	0	83.71	58.51	25.20	
NODE_1_length_895132_cov_47.0789 	2	821262	821337	Val	TAC	0	0	94.49	73.68	20.81	
NODE_1_length_895132_cov_47.0789 	3	821354	821430	Asp	GTC	0	0	94.67	75.49	19.18	
NODE_1_length_895132_cov_47.0789 	4	210681	210595	Leu	CAA	0	0	69.99	38.33	31.66	
NODE_2_length_844765_cov_47.5432 	1	727932	728023	SeC	TCA	0	0	55.75	-18.51	74.26	
NODE_2_length_844765_cov_47.5432 	2	781991	782076	Leu	GAG	0	0	68.53	39.16	29.37	
NODE_2_length_844765_cov_47.5432 	3	782167	782243	Met	CAT	0	0	85.85	60.06	25.79	
NODE_2_length_844765_cov_47.5432 	4	537753	537667	Leu	CAG	0	0	73.96	38.54	35.42	
NODE_2_length_844765_cov_47.5432 	5	537537	537451	Leu	CAG	0	0	73.96	38.54	35.42	
NODE_2_length_844765_cov_47.5432 	6	283385	283310	Phe	GAA	0	0	92.69	68.52	24.17	
NODE_2_length_844765_cov_47.5432 	7	271975	271900	Thr	TGT	0	0	93.66	75.64	18.02	
NODE_3_length_670659_cov_46.2953 	1	518862	518938	Met	CAT	0	0	85.06	58.55	26.51	
NODE_3_length_670659_cov_46.2953 	2	666699	666771	Leu	GAG	0	0	20.84	19.28	1.56	
NODE_3_length_670659_cov_46.2953 	3	577019	576929	Ser	GCT	0	0	76.69	47.10	29.59	
NODE_3_length_670659_cov_46.2953 	4	576811	576735	Arg	ACG	0	0	83.50	58.05	25.45	
NODE_3_length_670659_cov_46.2953 	5	576622	576546	Arg	ACG	0	0	83.50	58.05	25.45	
NODE_3_length_670659_cov_46.2953 	6	466268	466193	Lys	TTT	0	0	95.07	71.82	23.25	
NODE_3_length_670659_cov_46.2953 	7	438726	438637	Ser	CGA	0	0	68.31	24.88	43.43	
NODE_4_length_652473_cov_45.3147 	1	529106	529195	Ser	GGA	0	0	71.75	34.38	37.37	
NODE_4_length_652473_cov_45.3147 	2	496608	496533	Glu	TTC	0	0	66.40	38.20	28.20	
NODE_4_length_652473_cov_45.3147 	3	496530	496455	Gly	GCC	0	0	93.74	68.41	25.33	
NODE_4_length_652473_cov_45.3147 	4	496370	496295	Gly	GCC	0	0	93.74	68.41	25.33	
NODE_4_length_652473_cov_45.3147 	5	389156	389080	Val	GAC	0	0	93.19	67.81	25.38	
NODE_4_length_652473_cov_45.3147 	6	355013	354937	Pro	GGG	0	0	74.89	48.01	26.88	
NODE_4_length_652473_cov_45.3147 	7	204447	204358	Ser	TGA	0	0	72.70	38.95	33.75	
NODE_4_length_652473_cov_45.3147 	8	148323	148248	Gly	GCC	0	0	93.74	68.41	25.33	
NODE_4_length_652473_cov_45.3147 	9	45432 	45359 	Cys	GCA	0	0	62.38	45.73	16.65	
NODE_5_length_529434_cov_46.1205 	1	171899	171974	Asn	GTT	0	0	91.73	62.08	29.65	
NODE_5_length_529434_cov_46.1205 	2	171984	172060	Pro	TGG	0	0	87.63	64.60	23.03	
NODE_5_length_529434_cov_46.1205 	3	172071	172146	Lys	TTT	0	0	95.07	71.82	23.25	
NODE_5_length_529434_cov_46.1205 	4	275199	275284	Lys	TTT	0	0	22.00	12.28	9.72	
NODE_5_length_529434_cov_46.1205 	5	294528	294603	Thr	CGT	0	0	90.98	74.93	16.05	
NODE_5_length_529434_cov_46.1205 	6	127983	127910	Arg	ACG	0	0	52.72	27.21	25.51	
NODE_5_length_529434_cov_46.1205 	7	22240 	22166 	Gln	TTG	0	0	66.82	40.36	26.46	
NODE_5_length_529434_cov_46.1205 	8	18491 	18415 	Met	CAT	0	0	87.19	64.42	22.77	
NODE_6_length_410724_cov_47.4918 	1	388441	388517	Arg	TCT	0	0	96.39	77.88	18.51	
NODE_6_length_410724_cov_47.4918 	2	388569	388644	His	GTG	0	0	83.51	64.18	19.33	
NODE_6_length_410724_cov_47.4918 	3	388699	388783	Leu	TAG	0	0	76.62	44.97	31.65	
NODE_7_length_371845_cov_47.9879 	1	294579	294503	Met	CAT	0	0	92.87	71.40	21.47	
NODE_9_length_267107_cov_45.6562 	1	94287 	94363 	Pro	CGG	0	0	88.20	60.26	27.94	
NODE_9_length_267107_cov_45.6562 	2	223094	223169	Asn	GTT	0	0	91.73	62.08	29.65	
NODE_9_length_267107_cov_45.6562 	3	214295	214220	Ala	GGC	0	0	86.95	68.86	18.09	
NODE_9_length_267107_cov_45.6562 	4	214171	214096	Glu	TTC	0	0	66.40	38.20	28.20	
NODE_9_length_267107_cov_45.6562 	5	214002	213927	Ala	GGC	0	0	86.95	68.86	18.09	
NODE_9_length_267107_cov_45.6562 	6	213880	213805	Glu	TTC	0	0	66.40	38.20	28.20	
NODE_9_length_267107_cov_45.6562 	7	174905	174830	Val	TAC	0	0	94.49	73.68	20.81	
NODE_9_length_267107_cov_45.6562 	8	174813	174737	Asp	GTC	0	0	94.67	75.49	19.18	
NODE_9_length_267107_cov_45.6562 	9	174622	174546	Asp	GTC	0	0	94.67	75.49	19.18	
NODE_13_length_193782_cov_45.8651	1	99599 	99672 	Gly	CCC	0	0	60.35	30.06	30.29	
NODE_14_length_138867_cov_46.5422	1	15656 	15742 	Leu	TAA	0	0	76.64	42.32	34.32	
NODE_17_length_94676_cov_46.3921 	1	92127 	92052 	His	GTG	0	0	83.51	64.18	19.33	
NODE_17_length_94676_cov_46.3921 	2	80761 	80685 	Asp	GTC	0	0	95.34	76.86	18.48	
NODE_21_length_65377_cov_48.1933 	1	1220  	1295  	Trp	CCA	0	0	86.73	63.05	23.68	
NODE_28_length_35816_cov_46.7051 	1	1188  	1112  	Arg	CCG	0	0	87.81	66.55	21.26	
NODE_38_length_5618_cov_157.561  	1	2037  	2113  	Ile	GAT	0	0	98.83	72.69	26.14	
NODE_38_length_5618_cov_157.561  	2	2142  	2217  	Ala	TGC	0	0	90.68	71.56	19.12	
NODE_47_length_3326_cov_42.8634  	1	2806  	2890  	Tyr	GTA	0	0	71.07	41.76	29.31	
NODE_47_length_3326_cov_42.8634  	2	2917  	2990  	Gly	TCC	0	0	82.75	60.87	21.88	
NODE_47_length_3326_cov_42.8634  	3	3010  	3085  	Thr	GGT	0	0	93.76	67.73	26.03	
NODE_51_length_2237_cov_79.7095  	1	171   	96    	Gly	TCC	0	0	82.79	56.37	26.42	
