Sequence                         		tRNA  	Bounds	tRNA	Anti	Intron Bounds	Cove	HMM	2'Str	      
Name                             	tRNA #	Begin 	End   	Type	Codon	Begin	End	Score	Score	Score	Note
--------                         	------	----- 	------	----	-----	-----	----	------	-----	-----	------
NODE_1_length_832720_cov_57.1539 	1	707442	707518	Arg	TCT	0	0	96.39	77.88	18.51	
NODE_1_length_832720_cov_57.1539 	2	707570	707645	His	GTG	0	0	83.51	64.18	19.33	
NODE_1_length_832720_cov_57.1539 	3	707700	707784	Leu	TAG	0	0	76.62	44.97	31.65	
NODE_1_length_832720_cov_57.1539 	4	707851	707926	His	GTG	0	0	83.51	64.18	19.33	
NODE_1_length_832720_cov_57.1539 	5	719205	719281	Asp	GTC	0	0	95.34	76.86	18.48	
NODE_2_length_812969_cov_56.3074 	1	516217	516293	Arg	CCT	0	0	83.71	58.51	25.20	
NODE_2_length_812969_cov_56.3074 	2	645371	645446	Val	TAC	0	0	94.49	73.68	20.81	
NODE_2_length_812969_cov_56.3074 	3	645463	645539	Asp	GTC	0	0	94.67	75.49	19.18	
NODE_2_length_812969_cov_56.3074 	4	773423	773498	Ala	GGC	0	0	86.95	68.86	18.09	
NODE_2_length_812969_cov_56.3074 	5	773547	773622	Glu	TTC	0	0	66.40	38.20	28.20	
NODE_2_length_812969_cov_56.3074 	6	773716	773791	Ala	GGC	0	0	86.95	68.86	18.09	
NODE_2_length_812969_cov_56.3074 	7	773838	773913	Glu	TTC	0	0	66.40	38.20	28.20	
NODE_2_length_812969_cov_56.3074 	8	812799	812874	Val	TAC	0	0	94.49	73.68	20.81	
NODE_2_length_812969_cov_56.3074 	9	812891	812967	Asp	GTC	0	0	94.67	75.49	19.18	
NODE_2_length_812969_cov_56.3074 	10	764624	764549	Asn	GTT	0	0	91.73	62.08	29.65	
NODE_2_length_812969_cov_56.3074 	11	31855 	31769 	Leu	CAA	0	0	69.99	38.33	31.66	
NODE_3_length_809207_cov_57.5703 	1	690650	690741	SeC	TCA	0	0	55.75	-18.51	74.26	
NODE_3_length_809207_cov_57.5703 	2	746302	746387	Leu	GAG	0	0	68.53	39.16	29.37	
NODE_3_length_809207_cov_57.5703 	3	746478	746554	Met	CAT	0	0	85.85	60.06	25.79	
NODE_3_length_809207_cov_57.5703 	4	540284	540198	Leu	CAG	0	0	73.96	38.54	35.42	
NODE_3_length_809207_cov_57.5703 	5	540068	539982	Leu	CAG	0	0	73.96	38.54	35.42	
NODE_3_length_809207_cov_57.5703 	6	279961	279886	Phe	GAA	0	0	92.69	68.52	24.17	
NODE_3_length_809207_cov_57.5703 	7	268551	268476	Thr	TGT	0	0	93.66	75.64	18.02	
NODE_4_length_534725_cov_55.9944 	1	230254	230330	Met	CAT	0	0	85.06	58.55	26.51	
NODE_4_length_534725_cov_55.9944 	2	336477	336549	Leu	GAG	0	0	20.84	19.28	1.56	
NODE_4_length_534725_cov_55.9944 	3	465554	465627	Gly	CCC	0	0	60.35	30.06	30.29	
NODE_4_length_534725_cov_55.9944 	4	246798	246708	Ser	GCT	0	0	76.69	47.10	29.59	
NODE_4_length_534725_cov_55.9944 	5	246590	246514	Arg	ACG	0	0	83.50	58.05	25.45	
NODE_4_length_534725_cov_55.9944 	6	246402	246326	Arg	ACG	0	0	83.50	58.05	25.45	
NODE_4_length_534725_cov_55.9944 	7	177701	177626	Lys	TTT	0	0	95.07	71.82	23.25	
NODE_4_length_534725_cov_55.9944 	8	150161	150072	Ser	CGA	0	0	68.31	24.88	43.43	
NODE_5_length_496543_cov_57.6854 	1	34639 	34715 	Arg	CCG	0	0	87.81	66.55	21.26	
NODE_6_length_409066_cov_56.173  	1	49    	125   	Asp	GTC	0	0	94.67	75.49	19.18	
NODE_6_length_409066_cov_56.173  	2	240   	316   	Asp	GTC	0	0	94.67	75.49	19.18	
NODE_6_length_409066_cov_56.173  	3	302911	302986	Glu	TTC	0	0	64.52	36.32	28.20	
NODE_6_length_409066_cov_56.173  	4	302989	303064	Gly	GCC	0	0	93.74	68.41	25.33	
NODE_6_length_409066_cov_56.173  	5	303149	303224	Gly	GCC	0	0	93.74	68.41	25.33	
NODE_6_length_409066_cov_56.173  	6	349557	349633	Val	GAC	0	0	93.19	67.81	25.38	
NODE_6_length_409066_cov_56.173  	7	383697	383773	Pro	GGG	0	0	74.89	48.01	26.88	
NODE_6_length_409066_cov_56.173  	8	270407	270318	Ser	GGA	0	0	71.75	34.38	37.37	
NODE_6_length_409066_cov_56.173  	9	81647 	81571 	Pro	CGG	0	0	88.20	60.26	27.94	
NODE_7_length_394222_cov_56.6237 	1	337791	337864	Arg	ACG	0	0	52.72	27.21	25.51	
NODE_7_length_394222_cov_56.6237 	2	293880	293805	Asn	GTT	0	0	91.73	62.08	29.65	
NODE_7_length_394222_cov_56.6237 	3	293795	293719	Pro	TGG	0	0	87.63	64.60	23.03	
NODE_7_length_394222_cov_56.6237 	4	293708	293633	Lys	TTT	0	0	95.07	71.82	23.25	
NODE_7_length_394222_cov_56.6237 	5	275773	275698	Thr	CGT	0	0	90.98	74.93	16.05	
NODE_8_length_383720_cov_57.5001 	1	294232	294156	Met	CAT	0	0	92.87	71.40	21.47	
NODE_9_length_283994_cov_57.4421 	1	142331	142420	Ser	TGA	0	0	72.70	38.95	33.75	
NODE_9_length_283994_cov_57.4421 	2	166708	166783	Gly	GCC	0	0	93.74	68.41	25.33	
NODE_9_length_283994_cov_57.4421 	3	171331	171404	Cys	GCA	0	0	62.38	45.73	16.65	
NODE_9_length_283994_cov_57.4421 	4	183955	184041	Leu	TAA	0	0	76.64	42.32	34.32	
NODE_16_length_72035_cov_56.2324 	1	49805 	49879 	Gln	TTG	0	0	66.82	40.36	26.46	
NODE_16_length_72035_cov_56.2324 	2	53554 	53630 	Met	CAT	0	0	87.19	64.42	22.77	
NODE_17_length_65397_cov_58.0761 	1	64178 	64103 	Trp	CCA	0	0	86.73	63.05	23.68	
NODE_22_length_5483_cov_180.37   	1	1903  	1979  	Ile	GAT	0	0	98.83	72.69	26.14	
NODE_22_length_5483_cov_180.37   	2	2008  	2083  	Ala	TGC	0	0	90.68	71.56	19.12	
NODE_24_length_3326_cov_44.4448  	1	521   	437   	Tyr	GTA	0	0	71.07	41.76	29.31	
NODE_24_length_3326_cov_44.4448  	2	410   	337   	Gly	TCC	0	0	82.75	60.87	21.88	
NODE_24_length_3326_cov_44.4448  	3	317   	242   	Thr	GGT	0	0	93.76	67.73	26.03	
