Sequence                         		tRNA  	Bounds	tRNA	Anti	Intron Bounds	Cove	HMM	2'Str	      
Name                             	tRNA #	Begin 	End   	Type	Codon	Begin	End	Score	Score	Score	Note
--------                         	------	----- 	------	----	-----	-----	----	------	-----	-----	------
NODE_1_length_742836_cov_62.1687 	1	34613 	34702 	Ser	CGA	0	0	68.31	24.88	43.43	
NODE_2_length_552563_cov_65.2551 	1	160068	160154	Leu	CAG	0	0	73.96	38.54	35.42	
NODE_2_length_552563_cov_65.2551 	2	160284	160370	Leu	CAG	0	0	73.96	38.54	35.42	
NODE_2_length_552563_cov_65.2551 	3	417891	417966	Phe	GAA	0	0	92.69	68.52	24.17	
NODE_2_length_552563_cov_65.2551 	4	429301	429376	Thr	TGT	0	0	93.66	75.64	18.02	
NODE_3_length_479496_cov_61.4907 	1	118200	118289	Ser	GGA	0	0	71.75	34.38	37.37	
NODE_3_length_479496_cov_61.4907 	2	307012	307088	Pro	CGG	0	0	88.20	60.26	27.94	
NODE_3_length_479496_cov_61.4907 	3	436897	436972	Asn	GTT	0	0	91.73	62.08	29.65	
NODE_3_length_479496_cov_61.4907 	4	428098	428023	Ala	GGC	0	0	86.95	68.86	18.09	
NODE_3_length_479496_cov_61.4907 	5	427974	427899	Glu	TTC	0	0	66.40	38.20	28.20	
NODE_3_length_479496_cov_61.4907 	6	427805	427730	Ala	GGC	0	0	86.95	68.86	18.09	
NODE_3_length_479496_cov_61.4907 	7	427683	427608	Glu	TTC	0	0	66.40	38.20	28.20	
NODE_3_length_479496_cov_61.4907 	8	388693	388618	Val	TAC	0	0	94.49	73.68	20.81	
NODE_3_length_479496_cov_61.4907 	9	388601	388525	Asp	GTC	0	0	94.67	75.49	19.18	
NODE_3_length_479496_cov_61.4907 	10	388410	388334	Asp	GTC	0	0	94.67	75.49	19.18	
NODE_3_length_479496_cov_61.4907 	11	85704 	85629 	Glu	TTC	0	0	66.40	38.20	28.20	
NODE_3_length_479496_cov_61.4907 	12	85626 	85551 	Gly	GCC	0	0	93.74	68.41	25.33	
NODE_3_length_479496_cov_61.4907 	13	85466 	85391 	Gly	GCC	0	0	93.74	68.41	25.33	
NODE_3_length_479496_cov_61.4907 	14	37382 	37306 	Val	GAC	0	0	93.19	67.81	25.38	
NODE_3_length_479496_cov_61.4907 	15	3226  	3150  	Pro	GGG	0	0	74.89	48.01	26.88	
NODE_4_length_458953_cov_62.607  	1	389404	389494	Ser	GCT	0	0	76.69	47.10	29.59	
NODE_4_length_458953_cov_62.607  	2	389612	389688	Arg	ACG	0	0	84.35	58.91	25.44	
NODE_4_length_458953_cov_62.607  	3	389800	389876	Arg	ACG	0	0	83.50	58.05	25.45	
NODE_4_length_458953_cov_62.607  	4	458538	458613	Lys	TTT	0	0	95.07	71.82	23.25	
NODE_4_length_458953_cov_62.607  	5	405949	405873	Met	CAT	0	0	85.06	58.55	26.51	
NODE_4_length_458953_cov_62.607  	6	299835	299763	Leu	GAG	0	0	20.84	19.28	1.56	
NODE_4_length_458953_cov_62.607  	7	161699	161626	Gly	CCC	0	0	60.35	30.06	30.29	
NODE_5_length_402453_cov_64.5041 	1	77379 	77455 	Met	CAT	0	0	92.87	71.40	21.47	
NODE_6_length_397234_cov_63.901  	1	363657	363743	Leu	CAA	0	0	69.99	38.33	31.66	
NODE_7_length_331031_cov_61.5204 	1	168990	168901	Ser	TGA	0	0	72.70	38.95	33.75	
NODE_7_length_331031_cov_61.5204 	2	144610	144535	Gly	GCC	0	0	93.74	68.41	25.33	
NODE_7_length_331031_cov_61.5204 	3	138216	138143	Cys	GCA	0	0	62.38	45.73	16.65	
NODE_7_length_331031_cov_61.5204 	4	125591	125505	Leu	TAA	0	0	76.64	42.32	34.32	
NODE_8_length_301621_cov_63.215  	1	8454  	8539  	Lys	TTT	0	0	22.00	12.28	9.72	
NODE_8_length_301621_cov_63.215  	2	26423 	26498 	Thr	CGT	0	0	90.98	74.93	16.05	
NODE_9_length_275798_cov_65.7402 	1	34655 	34731 	Arg	CCG	0	0	87.81	66.55	21.26	
NODE_10_length_269336_cov_60.3073	1	144534	144610	Arg	TCT	0	0	96.39	77.88	18.51	
NODE_10_length_269336_cov_60.3073	2	144662	144737	His	GTG	0	0	83.51	64.18	19.33	
NODE_10_length_269336_cov_60.3073	3	144792	144876	Leu	TAG	0	0	76.62	44.97	31.65	
NODE_10_length_269336_cov_60.3073	4	144943	145018	His	GTG	0	0	83.51	64.18	19.33	
NODE_10_length_269336_cov_60.3073	5	156302	156378	Asp	GTC	0	0	95.34	76.86	18.48	
NODE_12_length_214649_cov_64.5904	1	95383 	95309 	Arg	CCT	0	0	69.71	45.21	24.50	
NODE_17_length_118313_cov_62.6903	1	116968	116877	SeC	TCA	0	0	55.75	-18.51	74.26	
NODE_17_length_118313_cov_62.6903	2	62856 	62771 	Leu	GAG	0	0	68.53	39.16	29.37	
NODE_17_length_118313_cov_62.6903	3	62680 	62604 	Met	CAT	0	0	85.85	60.06	25.79	
NODE_18_length_114924_cov_64.0825	1	78722 	78647 	Val	TAC	0	0	94.49	73.68	20.81	
NODE_18_length_114924_cov_64.0825	2	78630 	78554 	Asp	GTC	0	0	94.67	75.49	19.18	
NODE_21_length_102652_cov_63.0054	1	44504 	44577 	Arg	ACG	0	0	52.72	27.21	25.51	
NODE_21_length_102652_cov_63.0054	2	588   	513   	Asn	GTT	0	0	91.73	62.08	29.65	
NODE_21_length_102652_cov_63.0054	3	503   	427   	Pro	TGG	0	0	87.63	64.60	23.03	
NODE_21_length_102652_cov_63.0054	4	416   	341   	Lys	TTT	0	0	95.07	71.82	23.25	
NODE_23_length_72158_cov_62.934  	1	49168 	49242 	Gln	TTG	0	0	66.82	40.36	26.46	
NODE_23_length_72158_cov_62.934  	2	52916 	52992 	Met	CAT	0	0	87.19	64.42	22.77	
NODE_25_length_65460_cov_65.5904 	1	64241 	64166 	Trp	CCA	0	0	86.73	63.05	23.68	
NODE_33_length_5535_cov_181.351  	1	3582  	3506  	Ile	GAT	0	0	98.83	72.69	26.14	
NODE_33_length_5535_cov_181.351  	2	3477  	3402  	Ala	TGC	0	0	90.68	71.56	19.12	
NODE_38_length_3327_cov_53.9328  	1	521   	437   	Tyr	GTA	0	0	71.07	41.76	29.31	
NODE_38_length_3327_cov_53.9328  	2	410   	337   	Gly	TCC	0	0	82.75	60.87	21.88	
NODE_38_length_3327_cov_53.9328  	3	317   	242   	Thr	GGT	0	0	93.76	67.73	26.03	
