Sequence                         		tRNA  	Bounds	tRNA	Anti	Intron Bounds	Cove	HMM	2'Str	      
Name                             	tRNA #	Begin 	End   	Type	Codon	Begin	End	Score	Score	Score	Note
--------                         	------	----- 	------	----	-----	-----	----	------	-----	-----	------
NODE_1_length_764139_cov_73.1677 	1	251457	251547	Ser	GCT	0	0	76.69	47.10	29.59	
NODE_1_length_764139_cov_73.1677 	2	251665	251741	Arg	ACG	0	0	83.50	58.05	25.45	
NODE_1_length_764139_cov_73.1677 	3	251853	251929	Arg	ACG	0	0	83.50	58.05	25.45	
NODE_1_length_764139_cov_73.1677 	4	320583	320658	Lys	TTT	0	0	95.07	71.82	23.25	
NODE_1_length_764139_cov_73.1677 	5	348124	348213	Ser	CGA	0	0	68.31	24.88	43.43	
NODE_1_length_764139_cov_73.1677 	6	268034	267958	Met	CAT	0	0	85.06	58.55	26.51	
NODE_1_length_764139_cov_73.1677 	7	161775	161703	Leu	GAG	0	0	20.84	19.28	1.56	
NODE_1_length_764139_cov_73.1677 	8	58965 	58892 	Gly	CCC	0	0	60.35	30.06	30.29	
NODE_2_length_642009_cov_75.1074 	1	434254	434330	Arg	CCT	0	0	83.71	58.51	25.20	
NODE_2_length_642009_cov_75.1074 	2	440240	440314	Arg	CCT	0	0	69.69	51.80	17.89	
NODE_2_length_642009_cov_75.1074 	3	568039	568114	Val	TAC	0	0	94.49	73.68	20.81	
NODE_2_length_642009_cov_75.1074 	4	568131	568207	Asp	GTC	0	0	94.67	75.49	19.18	
NODE_3_length_563786_cov_69.6924 	1	199083	199172	Ser	GGA	0	0	71.75	34.38	37.37	
NODE_3_length_563786_cov_69.6924 	2	387868	387944	Pro	CGG	0	0	88.20	60.26	27.94	
NODE_3_length_563786_cov_69.6924 	3	516692	516767	Asn	GTT	0	0	91.73	62.08	29.65	
NODE_3_length_563786_cov_69.6924 	4	507893	507818	Ala	GGC	0	0	86.95	68.86	18.09	
NODE_3_length_563786_cov_69.6924 	5	507769	507694	Glu	TTC	0	0	66.40	38.20	28.20	
NODE_3_length_563786_cov_69.6924 	6	507600	507525	Ala	GGC	0	0	86.95	68.86	18.09	
NODE_3_length_563786_cov_69.6924 	7	507478	507403	Glu	TTC	0	0	66.40	38.20	28.20	
NODE_3_length_563786_cov_69.6924 	8	468488	468413	Val	TAC	0	0	94.49	73.68	20.81	
NODE_3_length_563786_cov_69.6924 	9	468396	468320	Asp	GTC	0	0	94.67	75.49	19.18	
NODE_3_length_563786_cov_69.6924 	10	468205	468129	Asp	GTC	0	0	94.67	75.49	19.18	
NODE_3_length_563786_cov_69.6924 	11	166588	166513	Glu	TTC	0	0	66.40	38.20	28.20	
NODE_3_length_563786_cov_69.6924 	12	166510	166435	Gly	GCC	0	0	93.74	68.41	25.33	
NODE_3_length_563786_cov_69.6924 	13	166350	166275	Gly	GCC	0	0	93.74	68.41	25.33	
NODE_3_length_563786_cov_69.6924 	14	119072	118996	Val	GAC	0	0	93.19	67.81	25.38	
NODE_3_length_563786_cov_69.6924 	15	84930 	84854 	Pro	GGG	0	0	74.89	48.01	26.88	
NODE_4_length_530406_cov_79.6266 	1	243897	243983	Leu	CAG	0	0	73.96	38.54	35.42	
NODE_4_length_530406_cov_79.6266 	2	244113	244199	Leu	CAG	0	0	73.96	38.54	35.42	
NODE_4_length_530406_cov_79.6266 	3	499718	499793	Phe	GAA	0	0	92.69	68.52	24.17	
NODE_4_length_530406_cov_79.6266 	4	511124	511199	Thr	TGT	0	0	93.66	75.64	18.02	
NODE_4_length_530406_cov_79.6266 	5	90018 	89927 	SeC	TCA	0	0	55.75	-18.51	74.26	
NODE_4_length_530406_cov_79.6266 	6	35779 	35694 	Leu	GAG	0	0	68.53	39.16	29.37	
NODE_4_length_530406_cov_79.6266 	7	35603 	35527 	Met	CAT	0	0	85.85	60.06	25.79	
NODE_5_length_482121_cov_72.9106 	1	100422	100497	Asn	GTT	0	0	91.73	62.08	29.65	
NODE_5_length_482121_cov_72.9106 	2	100507	100583	Pro	TGG	0	0	87.63	64.60	23.03	
NODE_5_length_482121_cov_72.9106 	3	100594	100669	Lys	TTT	0	0	95.07	71.82	23.25	
NODE_5_length_482121_cov_72.9106 	4	212860	212935	Thr	CGT	0	0	90.98	74.93	16.05	
NODE_5_length_482121_cov_72.9106 	5	56513 	56440 	Arg	ACG	0	0	52.72	27.21	25.51	
NODE_6_length_397587_cov_69.6691 	1	302799	302875	Arg	TCT	0	0	96.39	77.88	18.51	
NODE_6_length_397587_cov_69.6691 	2	302927	303002	His	GTG	0	0	83.51	64.18	19.33	
NODE_6_length_397587_cov_69.6691 	3	303057	303141	Leu	TAG	0	0	76.62	44.97	31.65	
NODE_6_length_397587_cov_69.6691 	4	303208	303283	His	GTG	0	0	81.24	64.53	16.71	
NODE_6_length_397587_cov_69.6691 	5	314568	314644	Asp	GTC	0	0	95.34	76.86	18.48	
NODE_7_length_372134_cov_79.1875 	1	294396	294320	Met	CAT	0	0	92.87	71.40	21.47	
NODE_8_length_265856_cov_72.1193 	1	167242	167153	Ser	TGA	0	0	72.70	38.95	33.75	
NODE_8_length_265856_cov_72.1193 	2	142863	142788	Gly	GCC	0	0	93.74	68.41	25.33	
NODE_8_length_265856_cov_72.1193 	3	138239	138166	Cys	GCA	0	0	62.38	45.73	16.65	
NODE_8_length_265856_cov_72.1193 	4	125615	125529	Leu	TAA	0	0	76.64	42.32	34.32	
NODE_9_length_261087_cov_79.2492 	1	1220  	1295  	Trp	CCA	0	0	86.73	63.05	23.68	
NODE_20_length_92640_cov_72.2924 	1	49925 	49999 	Gln	TTG	0	0	66.82	40.36	26.46	
NODE_20_length_92640_cov_72.2924 	2	74163 	74239 	Met	CAT	0	0	87.19	64.42	22.77	
NODE_22_length_58069_cov_76.9453 	1	57110 	57196 	Leu	CAA	0	0	69.99	38.33	31.66	
NODE_25_length_36106_cov_77.6127 	1	1475  	1399  	Arg	CCG	0	0	87.81	66.55	21.26	
NODE_31_length_5463_cov_190.493  	1	3510  	3434  	Ile	GAT	0	0	98.83	72.69	26.14	
NODE_31_length_5463_cov_190.493  	2	3405  	3330  	Ala	TGC	0	0	90.68	71.56	19.12	
NODE_35_length_3398_cov_58.3956  	1	2878  	2962  	Tyr	GTA	0	0	71.07	41.76	29.31	
NODE_35_length_3398_cov_58.3956  	2	2989  	3062  	Gly	TCC	0	0	82.75	60.87	21.88	
NODE_35_length_3398_cov_58.3956  	3	3082  	3157  	Thr	GGT	0	0	93.76	67.73	26.03	
NODE_102_length_440_cov_0.872204 	1	216   	140   	Arg	CCG	0	0	87.81	66.55	21.26	
