Sequence                         		tRNA  	Bounds	tRNA	Anti	Intron Bounds	Cove	HMM	2'Str	      
Name                             	tRNA #	Begin 	End   	Type	Codon	Begin	End	Score	Score	Score	Note
--------                         	------	----- 	------	----	-----	-----	----	------	-----	-----	------
NODE_1_length_816838_cov_66.1744 	1	263018	263108	Ser	GCT	0	0	76.69	47.10	29.59	
NODE_1_length_816838_cov_66.1744 	2	263225	263301	Arg	ACG	0	0	83.50	58.05	25.45	
NODE_1_length_816838_cov_66.1744 	3	263411	263487	Arg	ACG	0	0	83.50	58.05	25.45	
NODE_1_length_816838_cov_66.1744 	4	342924	342999	Lys	TTT	0	0	95.07	71.82	23.25	
NODE_1_length_816838_cov_66.1744 	5	392667	392756	Ser	CGA	0	0	68.31	24.88	43.43	
NODE_1_length_816838_cov_66.1744 	6	290377	290301	Met	CAT	0	0	85.06	58.55	26.51	
NODE_1_length_816838_cov_66.1744 	7	168944	168872	Leu	GAG	0	0	20.84	19.28	1.56	
NODE_1_length_816838_cov_66.1744 	8	69667 	69594 	Gly	CCC	0	0	60.35	30.06	30.29	
NODE_2_length_611288_cov_66.4046 	1	80295 	80371 	Met	CAT	0	0	92.87	71.40	21.47	
NODE_2_length_611288_cov_66.4046 	2	402958	403034	Arg	CCG	0	0	87.81	66.55	21.26	
NODE_3_length_514495_cov_64.9495 	1	475173	475259	Leu	CAA	0	0	69.99	38.33	31.66	
NODE_3_length_514495_cov_64.9495 	2	879   	803   	Arg	CCT	0	0	83.71	58.51	25.20	
NODE_4_length_460276_cov_66.2342 	1	187756	187831	Phe	GAA	0	0	92.69	68.52	24.17	
NODE_4_length_460276_cov_66.2342 	2	199157	199232	Thr	TGT	0	0	93.66	75.64	18.02	
NODE_5_length_443695_cov_64.1118 	1	399408	399484	Arg	TCT	0	0	96.39	77.88	18.51	
NODE_5_length_443695_cov_64.1118 	2	399536	399611	His	GTG	0	0	83.51	64.18	19.33	
NODE_5_length_443695_cov_64.1118 	3	399666	399750	Leu	TAG	0	0	76.62	44.97	31.65	
NODE_5_length_443695_cov_64.1118 	4	425777	425852	Gly	TCC	0	0	81.23	54.80	26.43	
NODE_5_length_443695_cov_64.1118 	5	425865	425939	Asn	GTT	0	0	76.95	53.18	23.77	
NODE_5_length_443695_cov_64.1118 	6	425944	426019	Thr	TGT	0	0	74.27	61.42	12.85	
NODE_6_length_364416_cov_66.1572 	1	341841	341916	Glu	TTC	0	0	66.40	38.20	28.20	
NODE_6_length_364416_cov_66.1572 	2	341919	341994	Gly	GCC	0	0	93.74	68.41	25.33	
NODE_6_length_364416_cov_66.1572 	3	342079	342154	Gly	GCC	0	0	93.74	68.41	25.33	
NODE_6_length_364416_cov_66.1572 	4	309155	309066	Ser	GGA	0	0	71.75	34.38	37.37	
NODE_6_length_364416_cov_66.1572 	5	131354	131278	Pro	CGG	0	0	88.20	60.26	27.94	
NODE_7_length_341857_cov_65.3949 	1	315619	315543	Val	GAC	0	0	93.19	67.81	25.38	
NODE_7_length_341857_cov_65.3949 	2	283756	283680	Pro	GGG	0	0	74.89	48.01	26.88	
NODE_7_length_341857_cov_65.3949 	3	183714	183625	Ser	TGA	0	0	72.70	38.95	33.75	
NODE_7_length_341857_cov_65.3949 	4	174286	174211	Gly	GCC	0	0	93.74	68.41	25.33	
NODE_7_length_341857_cov_65.3949 	5	151171	151098	Cys	GCA	0	0	62.38	45.73	16.65	
NODE_7_length_341857_cov_65.3949 	6	135632	135546	Leu	TAA	0	0	75.42	41.10	34.32	
NODE_8_length_309230_cov_67.2493 	1	191722	191813	SeC	TCA	0	0	55.75	-18.51	74.26	
NODE_8_length_309230_cov_67.2493 	2	246532	246617	Leu	GAG	0	0	68.53	39.16	29.37	
NODE_8_length_309230_cov_67.2493 	3	246709	246785	Met	CAT	0	0	85.85	60.06	25.79	
NODE_8_length_309230_cov_67.2493 	4	44759 	44673 	Leu	CAG	0	0	73.96	38.54	35.42	
NODE_8_length_309230_cov_67.2493 	5	44543 	44457 	Leu	CAG	0	0	73.96	38.54	35.42	
NODE_13_length_182220_cov_65.4469	1	73893 	73818 	Val	TAC	0	0	94.49	73.68	20.81	
NODE_13_length_182220_cov_65.4469	2	73801 	73725 	Asp	GTC	0	0	94.67	75.49	19.18	
NODE_14_length_176503_cov_66.4734	1	176071	176146	Asn	GTT	0	0	91.73	62.08	29.65	
NODE_14_length_176503_cov_66.4734	2	176156	176232	Pro	TGG	0	0	87.63	64.60	23.03	
NODE_14_length_176503_cov_66.4734	3	176243	176318	Lys	TTT	0	0	95.07	71.82	23.25	
NODE_14_length_176503_cov_66.4734	4	132222	132149	Arg	ACG	0	0	52.72	27.21	25.51	
NODE_14_length_176503_cov_66.4734	5	32276 	32202 	Gln	TTG	0	0	66.82	40.36	26.46	
NODE_14_length_176503_cov_66.4734	6	25057 	24981 	Met	CAT	0	0	87.19	64.42	22.77	
NODE_16_length_137970_cov_64.1624	1	4429  	4504  	His	GTG	0	0	83.51	64.18	19.33	
NODE_16_length_137970_cov_64.1624	2	16465 	16541 	Asp	GTC	0	0	95.34	76.86	18.48	
NODE_17_length_122821_cov_58.0464	1	68165 	68240 	Asn	GTT	0	0	91.73	62.08	29.65	
NODE_17_length_122821_cov_58.0464	2	59370 	59295 	Ala	GGC	0	0	86.95	68.86	18.09	
NODE_17_length_122821_cov_58.0464	3	59246 	59171 	Glu	TTC	0	0	66.40	38.20	28.20	
NODE_17_length_122821_cov_58.0464	4	59077 	59002 	Ala	GGC	0	0	86.95	68.86	18.09	
NODE_17_length_122821_cov_58.0464	5	58955 	58880 	Glu	TTC	0	0	66.40	38.20	28.20	
NODE_22_length_68126_cov_63.3107 	1	1136  	1211  	Trp	CCA	0	0	86.73	63.05	23.68	
NODE_25_length_46669_cov_62.4277 	1	31663 	31588 	Thr	CGT	0	0	90.98	74.93	16.05	
NODE_30_length_28876_cov_69.2005 	1	8709  	8634  	Val	TAC	0	0	94.49	73.68	20.81	
NODE_30_length_28876_cov_69.2005 	2	8617  	8541  	Asp	GTC	0	0	94.67	75.49	19.18	
NODE_30_length_28876_cov_69.2005 	3	8426  	8350  	Asp	GTC	0	0	94.67	75.49	19.18	
NODE_49_length_5600_cov_171.666  	1	3585  	3509  	Ile	GAT	0	0	98.83	72.69	26.14	
NODE_49_length_5600_cov_171.666  	2	3480  	3405  	Ala	TGC	0	0	90.68	71.56	19.12	
NODE_56_length_3406_cov_46.9506  	1	2802  	2886  	Tyr	GTA	0	0	71.07	41.76	29.31	
NODE_56_length_3406_cov_46.9506  	2	2913  	2986  	Gly	TCC	0	0	82.75	60.87	21.88	
NODE_56_length_3406_cov_46.9506  	3	3006  	3081  	Thr	GGT	0	0	93.76	67.73	26.03	
