Sequence                         		tRNA  	Bounds	tRNA	Anti	Intron Bounds	Cove	HMM	2'Str	      
Name                             	tRNA #	Begin 	End   	Type	Codon	Begin	End	Score	Score	Score	Note
--------                         	------	----- 	------	----	-----	-----	----	------	-----	-----	------
NODE_1_length_721478_cov_68.7657 	1	689882	689958	Arg	CCT	0	0	83.71	58.51	25.20	
NODE_1_length_721478_cov_68.7657 	2	712292	712366	Asn	GTT	0	0	79.43	53.47	25.96	
NODE_1_length_721478_cov_68.7657 	3	712371	712446	Thr	TGT	0	0	76.59	63.74	12.85	
NODE_1_length_721478_cov_68.7657 	4	212641	212555	Leu	CAA	0	0	69.99	38.33	31.66	
NODE_2_length_455254_cov_69.4415 	1	338375	338466	SeC	TCA	0	0	55.75	-18.51	74.26	
NODE_2_length_455254_cov_69.4415 	2	392378	392463	Leu	GAG	0	0	68.53	39.16	29.37	
NODE_2_length_455254_cov_69.4415 	3	392554	392630	Met	CAT	0	0	85.85	60.06	25.79	
NODE_2_length_455254_cov_69.4415 	4	184655	184569	Leu	CAG	0	0	73.96	38.54	35.42	
NODE_2_length_455254_cov_69.4415 	5	184439	184353	Leu	CAG	0	0	73.96	38.54	35.42	
NODE_3_length_388731_cov_68.9807 	1	94248 	94324 	Met	CAT	0	0	92.87	71.40	21.47	
NODE_4_length_381262_cov_66.7266 	1	255982	256058	Arg	TCT	0	0	96.39	77.88	18.51	
NODE_4_length_381262_cov_66.7266 	2	256110	256185	His	GTG	0	0	83.51	64.18	19.33	
NODE_4_length_381262_cov_66.7266 	3	256240	256324	Leu	TAG	0	0	76.62	44.97	31.65	
NODE_4_length_381262_cov_66.7266 	4	256391	256466	His	GTG	0	0	83.51	64.18	19.33	
NODE_4_length_381262_cov_66.7266 	5	267761	267837	Asp	GTC	0	0	95.34	76.86	18.48	
NODE_5_length_353842_cov_66.6958 	1	261320	261395	Glu	TTC	0	0	66.40	38.20	28.20	
NODE_5_length_353842_cov_66.6958 	2	261398	261473	Gly	GCC	0	0	93.74	68.41	25.33	
NODE_5_length_353842_cov_66.6958 	3	261558	261633	Gly	GCC	0	0	93.74	68.41	25.33	
NODE_5_length_353842_cov_66.6958 	4	310211	310287	Val	GAC	0	0	93.19	67.81	25.38	
NODE_5_length_353842_cov_66.6958 	5	343567	343643	Pro	GGG	0	0	74.89	48.01	26.88	
NODE_5_length_353842_cov_66.6958 	6	228823	228734	Ser	GGA	0	0	71.75	34.38	37.37	
NODE_5_length_353842_cov_66.6958 	7	40055 	39979 	Pro	CGG	0	0	88.20	60.26	27.94	
NODE_6_length_313589_cov_69.4715 	1	241193	241118	Phe	GAA	0	0	92.69	68.52	24.17	
NODE_6_length_313589_cov_69.4715 	2	229783	229708	Thr	TGT	0	0	93.66	75.64	18.02	
NODE_7_length_276874_cov_68.6431 	1	1356  	1431  	Thr	CGT	0	0	90.98	74.93	16.05	
NODE_10_length_226810_cov_67.0907	1	202821	202732	Ser	CGA	0	0	68.31	24.88	43.43	
NODE_11_length_213542_cov_68.795 	1	139479	139554	Val	TAC	0	0	94.49	73.68	20.81	
NODE_11_length_213542_cov_68.795 	2	139571	139647	Asp	GTC	0	0	94.67	75.49	19.18	
NODE_13_length_205962_cov_69.4963	1	6972  	7044  	Leu	GAG	0	0	20.84	19.28	1.56	
NODE_13_length_205962_cov_69.4963	2	107466	107539	Gly	CCC	0	0	54.49	29.93	24.56	
NODE_15_length_178974_cov_66.2476	1	37891 	37802 	Ser	TGA	0	0	72.70	38.95	33.75	
NODE_15_length_178974_cov_66.2476	2	13514 	13439 	Gly	GCC	0	0	93.74	68.41	25.33	
NODE_16_length_177908_cov_66.3887	1	54874 	54949 	Ala	GGC	0	0	86.95	68.86	18.09	
NODE_16_length_177908_cov_66.3887	2	54998 	55073 	Glu	TTC	0	0	66.40	38.20	28.20	
NODE_16_length_177908_cov_66.3887	3	55167 	55242 	Ala	GGC	0	0	86.95	68.86	18.09	
NODE_16_length_177908_cov_66.3887	4	55289 	55364 	Glu	TTC	0	0	66.40	38.20	28.20	
NODE_16_length_177908_cov_66.3887	5	94271 	94346 	Val	TAC	0	0	94.49	73.68	20.81	
NODE_16_length_177908_cov_66.3887	6	94363 	94439 	Asp	GTC	0	0	94.67	75.49	19.18	
NODE_16_length_177908_cov_66.3887	7	94554 	94630 	Asp	GTC	0	0	94.67	75.49	19.18	
NODE_16_length_177908_cov_66.3887	8	46075 	46000 	Asn	GTT	0	0	91.73	62.08	29.65	
NODE_17_length_175012_cov_67.3465	1	157729	157804	Asn	GTT	0	0	91.73	62.08	29.65	
NODE_17_length_175012_cov_67.3465	2	157814	157890	Pro	TGG	0	0	87.63	64.60	23.03	
NODE_17_length_175012_cov_67.3465	3	157901	157976	Lys	TTT	0	0	95.07	71.82	23.25	
NODE_17_length_175012_cov_67.3465	4	113813	113740	Arg	ACG	0	0	52.72	27.21	25.51	
NODE_17_length_175012_cov_67.3465	5	6844  	6770  	Gln	TTG	0	0	66.82	40.36	26.46	
NODE_17_length_175012_cov_67.3465	6	3095  	3019  	Met	CAT	0	0	87.19	64.42	22.77	
NODE_18_length_161403_cov_67.7793	1	48804 	48877 	Cys	GCA	0	0	62.38	45.73	16.65	
NODE_18_length_161403_cov_67.7793	2	61428 	61514 	Leu	TAA	0	0	76.64	42.32	34.32	
NODE_19_length_139218_cov_66.6268	1	85042 	85132 	Ser	GCT	0	0	76.69	47.10	29.59	
NODE_19_length_139218_cov_66.6268	2	85250 	85326 	Arg	ACG	0	0	83.50	58.05	25.45	
NODE_19_length_139218_cov_66.6268	3	85438 	85514 	Arg	ACG	0	0	83.50	58.05	25.45	
NODE_19_length_139218_cov_66.6268	4	101587	101511	Met	CAT	0	0	85.06	58.55	26.51	
NODE_26_length_65382_cov_70.2996 	1	1220  	1295  	Trp	CCA	0	0	86.73	63.05	23.68	
NODE_33_length_36247_cov_67.0908 	1	34635 	34711 	Arg	CCG	0	0	87.81	66.55	21.26	
NODE_39_length_19241_cov_58.8793 	1	4066  	3991  	Lys	TTT	0	0	95.07	71.82	23.25	
NODE_43_length_5523_cov_196.194  	1	1935  	2011  	Ile	GAT	0	0	98.83	72.69	26.14	
NODE_43_length_5523_cov_196.194  	2	2040  	2115  	Ala	TGC	0	0	90.68	71.56	19.12	
NODE_46_length_3319_cov_52.568   	1	2799  	2883  	Tyr	GTA	0	0	71.07	41.76	29.31	
NODE_46_length_3319_cov_52.568   	2	2910  	2983  	Gly	TCC	0	0	82.75	60.87	21.88	
NODE_46_length_3319_cov_52.568   	3	3003  	3078  	Thr	GGT	0	0	93.76	67.73	26.03	
