Sequence                         		tRNA  	Bounds	tRNA	Anti	Intron Bounds	Cove	HMM	2'Str	      
Name                             	tRNA #	Begin 	End   	Type	Codon	Begin	End	Score	Score	Score	Note
--------                         	------	----- 	------	----	-----	-----	----	------	-----	-----	------
NODE_1_length_544945_cov_49.5037 	1	516915	516991	Arg	CCT	0	0	83.71	58.51	25.20	
NODE_1_length_544945_cov_49.5037 	2	524072	524146	Arg	CCT	0	0	69.69	51.80	17.89	
NODE_1_length_544945_cov_49.5037 	3	29979 	29893 	Leu	CAA	0	0	69.99	38.33	31.66	
NODE_2_length_422477_cov_50.9492 	1	235522	235608	Leu	CAG	0	0	73.96	38.54	35.42	
NODE_2_length_422477_cov_50.9492 	2	235738	235824	Leu	CAG	0	0	73.96	38.54	35.42	
NODE_2_length_422477_cov_50.9492 	3	82023 	81932 	SeC	TCA	0	0	55.75	-18.51	74.26	
NODE_2_length_422477_cov_50.9492 	4	27913 	27828 	Leu	GAG	0	0	68.53	39.16	29.37	
NODE_2_length_422477_cov_50.9492 	5	27737 	27661 	Met	CAT	0	0	85.85	60.06	25.79	
NODE_3_length_398945_cov_50.9555 	1	394514	394590	Arg	TCT	0	0	96.39	77.88	18.51	
NODE_3_length_398945_cov_50.9555 	2	394642	394717	His	GTG	0	0	83.51	64.18	19.33	
NODE_3_length_398945_cov_50.9555 	3	394772	394856	Leu	TAG	0	0	76.62	44.97	31.65	
NODE_4_length_371691_cov_46.3399 	1	77443 	77519 	Met	CAT	0	0	92.87	71.40	21.47	
NODE_5_length_349175_cov_51.6958 	1	321086	321161	Gly	GCC	0	0	93.74	68.41	25.33	
NODE_5_length_349175_cov_51.6958 	2	223510	223421	Ser	GGA	0	0	71.75	34.38	37.37	
NODE_5_length_349175_cov_51.6958 	3	34748 	34672 	Pro	CGG	0	0	88.20	60.26	27.94	
NODE_6_length_260035_cov_50.6891 	1	160452	160379	Gly	CCC	0	0	60.35	30.06	30.29	
NODE_7_length_234736_cov_49.1242 	1	1890  	1965  	Thr	CGT	0	0	90.98	74.93	16.05	
NODE_8_length_223052_cov_50.6864 	1	71580 	71655 	Phe	GAA	0	0	92.69	68.52	24.17	
NODE_8_length_223052_cov_50.6864 	2	82990 	83065 	Thr	TGT	0	0	93.66	75.64	18.02	
NODE_9_length_199979_cov_49.6966 	1	58344 	58255 	Ser	TGA	0	0	72.70	38.95	33.75	
NODE_9_length_199979_cov_49.6966 	2	2224  	2149  	Gly	GCC	0	0	93.74	68.41	25.33	
NODE_10_length_191951_cov_53.0036	1	81866 	81939 	Cys	GCA	0	0	62.38	45.73	16.65	
NODE_10_length_191951_cov_53.0036	2	94491 	94577 	Leu	TAA	0	0	76.64	42.32	34.32	
NODE_11_length_182875_cov_50.365 	1	109029	109104	Val	TAC	0	0	94.49	73.68	20.81	
NODE_11_length_182875_cov_50.365 	2	109121	109197	Asp	GTC	0	0	94.67	75.49	19.18	
NODE_13_length_179417_cov_48.997 	1	51636 	51709 	Arg	ACG	0	0	52.72	27.21	25.51	
NODE_13_length_179417_cov_48.997 	2	158364	158438	Gln	TTG	0	0	66.82	40.36	26.46	
NODE_13_length_179417_cov_48.997 	3	7720  	7645  	Asn	GTT	0	0	91.73	62.08	29.65	
NODE_13_length_179417_cov_48.997 	4	7635  	7559  	Pro	TGG	0	0	87.63	64.60	23.03	
NODE_13_length_179417_cov_48.997 	5	7548  	7473  	Lys	TTT	0	0	95.07	71.82	23.25	
NODE_14_length_178615_cov_51.9395	1	153547	153458	Ser	CGA	0	0	68.31	24.88	43.43	
NODE_16_length_168623_cov_50.1168	1	96794 	96884 	Ser	GCT	0	0	76.69	47.10	29.59	
NODE_16_length_168623_cov_50.1168	2	97002 	97078 	Arg	ACG	0	0	83.50	58.05	25.45	
NODE_16_length_168623_cov_50.1168	3	97190 	97266 	Arg	ACG	0	0	83.50	58.05	25.45	
NODE_16_length_168623_cov_50.1168	4	165889	165964	Lys	TTT	0	0	95.07	71.82	23.25	
NODE_16_length_168623_cov_50.1168	5	113336	113260	Met	CAT	0	0	85.06	58.55	26.51	
NODE_16_length_168623_cov_50.1168	6	7114  	7042  	Leu	GAG	0	0	20.84	19.28	1.56	
NODE_23_length_117691_cov_51.5463	1	116398	116323	His	GTG	0	0	83.51	64.18	19.33	
NODE_23_length_117691_cov_51.5463	2	105027	104951	Asp	GTC	0	0	95.34	76.86	18.48	
NODE_25_length_108152_cov_49.7083	1	22626 	22701 	Ala	GGC	0	0	86.95	68.86	18.09	
NODE_25_length_108152_cov_49.7083	2	22750 	22825 	Glu	TTC	0	0	66.40	38.20	28.20	
NODE_25_length_108152_cov_49.7083	3	22919 	22994 	Ala	GGC	0	0	86.95	68.86	18.09	
NODE_25_length_108152_cov_49.7083	4	23041 	23116 	Glu	TTC	0	0	66.40	38.20	28.20	
NODE_25_length_108152_cov_49.7083	5	62021 	62096 	Val	TAC	0	0	94.49	73.68	20.81	
NODE_25_length_108152_cov_49.7083	6	62113 	62189 	Asp	GTC	0	0	94.67	75.49	19.18	
NODE_25_length_108152_cov_49.7083	7	62304 	62380 	Asp	GTC	0	0	94.67	75.49	19.18	
NODE_25_length_108152_cov_49.7083	8	13827 	13752 	Asn	GTT	0	0	91.73	62.08	29.65	
NODE_30_length_65461_cov_42.4261 	1	64242 	64167 	Trp	CCA	0	0	86.73	63.05	23.68	
NODE_36_length_49540_cov_49.0598 	1	23874 	23950 	Val	GAC	0	0	93.19	67.81	25.38	
NODE_41_length_36107_cov_49.6028 	1	1476  	1400  	Arg	CCG	0	0	87.81	66.55	21.26	
NODE_55_length_25466_cov_47.4804 	1	3270  	3346  	Met	CAT	0	0	87.19	64.42	22.77	
NODE_57_length_24278_cov_53.2402 	1	22203 	22278 	Gly	TCC	0	0	82.79	56.37	26.42	
NODE_57_length_24278_cov_53.2402 	2	22291 	22365 	Asn	GTT	0	0	77.66	51.70	25.96	
NODE_57_length_24278_cov_53.2402 	3	22370 	22445 	Thr	TGT	0	0	74.27	61.42	12.85	
NODE_74_length_9433_cov_52.0996  	1	686   	610   	Pro	GGG	0	0	74.89	48.01	26.88	
NODE_81_length_5562_cov_170.295  	1	2000  	2076  	Ile	GAT	0	0	98.83	72.69	26.14	
NODE_81_length_5562_cov_170.295  	2	2105  	2180  	Ala	TGC	0	0	90.68	71.56	19.12	
NODE_90_length_3345_cov_34.9472  	1	521   	437   	Tyr	GTA	0	0	71.07	41.76	29.31	
NODE_90_length_3345_cov_34.9472  	2	410   	337   	Gly	TCC	0	0	82.75	60.87	21.88	
NODE_90_length_3345_cov_34.9472  	3	317   	242   	Thr	GGT	0	0	93.76	67.73	26.03	
