Sequence                         		tRNA  	Bounds	tRNA	Anti	Intron Bounds	Cove	HMM	2'Str	      
Name                             	tRNA #	Begin 	End   	Type	Codon	Begin	End	Score	Score	Score	Note
--------                         	------	----- 	------	----	-----	-----	----	------	-----	-----	------
NODE_1_length_777897_cov_75.4748 	1	660741	660832	SeC	TCA	0	0	55.75	-18.51	74.26	
NODE_1_length_777897_cov_75.4748 	2	715044	715129	Leu	GAG	0	0	68.53	39.16	29.37	
NODE_1_length_777897_cov_75.4748 	3	715220	715296	Met	CAT	0	0	85.85	60.06	25.79	
NODE_1_length_777897_cov_75.4748 	4	506304	506218	Leu	CAG	0	0	73.96	38.54	35.42	
NODE_1_length_777897_cov_75.4748 	5	506088	506002	Leu	CAG	0	0	73.96	38.54	35.42	
NODE_1_length_777897_cov_75.4748 	6	249362	249287	Phe	GAA	0	0	92.69	68.52	24.17	
NODE_1_length_777897_cov_75.4748 	7	237952	237877	Thr	TGT	0	0	93.66	75.64	18.02	
NODE_2_length_763659_cov_74.1595 	1	264668	264758	Ser	GCT	0	0	76.69	47.10	29.59	
NODE_2_length_763659_cov_74.1595 	2	264876	264952	Arg	ACG	0	0	83.50	58.05	25.45	
NODE_2_length_763659_cov_74.1595 	3	265064	265140	Arg	ACG	0	0	83.50	58.05	25.45	
NODE_2_length_763659_cov_74.1595 	4	333762	333837	Lys	TTT	0	0	95.07	71.82	23.25	
NODE_2_length_763659_cov_74.1595 	5	361304	361393	Ser	CGA	0	0	68.31	24.88	43.43	
NODE_2_length_763659_cov_74.1595 	6	281213	281137	Met	CAT	0	0	85.06	58.55	26.51	
NODE_2_length_763659_cov_74.1595 	7	175001	174929	Leu	GAG	0	0	20.84	19.28	1.56	
NODE_2_length_763659_cov_74.1595 	8	70485 	70412 	Gly	CCC	0	0	60.35	30.06	30.29	
NODE_3_length_727627_cov_71.1973 	1	365078	365167	Ser	GGA	0	0	71.75	34.38	37.37	
NODE_3_length_727627_cov_71.1973 	2	553865	553941	Pro	CGG	0	0	88.20	60.26	27.94	
NODE_3_length_727627_cov_71.1973 	3	680526	680601	Asn	GTT	0	0	91.73	62.08	29.65	
NODE_3_length_727627_cov_71.1973 	4	671727	671652	Ala	GGC	0	0	86.95	68.86	18.09	
NODE_3_length_727627_cov_71.1973 	5	671603	671528	Glu	TTC	0	0	66.40	38.20	28.20	
NODE_3_length_727627_cov_71.1973 	6	671434	671359	Ala	GGC	0	0	86.95	68.86	18.09	
NODE_3_length_727627_cov_71.1973 	7	671312	671237	Glu	TTC	0	0	66.40	38.20	28.20	
NODE_3_length_727627_cov_71.1973 	8	632350	632275	Val	TAC	0	0	94.49	73.68	20.81	
NODE_3_length_727627_cov_71.1973 	9	632258	632182	Asp	GTC	0	0	94.67	75.49	19.18	
NODE_3_length_727627_cov_71.1973 	10	632067	631991	Asp	GTC	0	0	94.67	75.49	19.18	
NODE_3_length_727627_cov_71.1973 	11	332582	332507	Glu	TTC	0	0	66.40	38.20	28.20	
NODE_3_length_727627_cov_71.1973 	12	332504	332429	Gly	GCC	0	0	93.74	68.41	25.33	
NODE_3_length_727627_cov_71.1973 	13	332344	332269	Gly	GCC	0	0	93.74	68.41	25.33	
NODE_3_length_727627_cov_71.1973 	14	285079	285003	Val	GAC	0	0	93.19	67.81	25.38	
NODE_3_length_727627_cov_71.1973 	15	251787	251711	Pro	GGG	0	0	74.89	48.01	26.88	
NODE_3_length_727627_cov_71.1973 	16	96448 	96359 	Ser	TGA	0	0	72.70	38.95	33.75	
NODE_3_length_727627_cov_71.1973 	17	5539  	5464  	Gly	GCC	0	0	93.74	68.41	25.33	
NODE_4_length_583019_cov_76.1255 	1	505279	505203	Met	CAT	0	0	92.87	71.40	21.47	
NODE_4_length_583019_cov_76.1255 	2	177109	177033	Arg	CCG	0	0	87.81	66.55	21.26	
NODE_5_length_578390_cov_74.2641 	1	214183	214097	Leu	CAA	0	0	69.99	38.33	31.66	
NODE_6_length_569791_cov_74.1862 	1	443726	443802	Arg	TCT	0	0	96.39	77.88	18.51	
NODE_6_length_569791_cov_74.1862 	2	443854	443929	His	GTG	0	0	83.51	64.18	19.33	
NODE_6_length_569791_cov_74.1862 	3	443984	444068	Leu	TAG	0	0	76.62	44.97	31.65	
NODE_6_length_569791_cov_74.1862 	4	444135	444210	His	GTG	0	0	83.51	64.18	19.33	
NODE_6_length_569791_cov_74.1862 	5	455489	455565	Asp	GTC	0	0	95.34	76.86	18.48	
NODE_7_length_351304_cov_72.9945 	1	100555	100630	Asn	GTT	0	0	91.73	62.08	29.65	
NODE_7_length_351304_cov_72.9945 	2	100640	100716	Pro	TGG	0	0	87.63	64.60	23.03	
NODE_7_length_351304_cov_72.9945 	3	100727	100802	Lys	TTT	0	0	95.07	71.82	23.25	
NODE_7_length_351304_cov_72.9945 	4	118610	118685	Thr	CGT	0	0	90.98	74.93	16.05	
NODE_7_length_351304_cov_72.9945 	5	56645 	56572 	Arg	ACG	0	0	52.72	27.21	25.51	
NODE_10_length_210546_cov_74.1109	1	119869	119945	Arg	CCT	0	0	83.71	58.51	25.20	
NODE_13_length_124114_cov_74.3724	1	112723	112650	Cys	GCA	0	0	62.38	45.73	16.65	
NODE_13_length_124114_cov_74.3724	2	100097	100011	Leu	TAA	0	0	76.64	42.32	34.32	
NODE_14_length_109844_cov_73.2635	1	73883 	73808 	Val	TAC	0	0	94.49	73.68	20.81	
NODE_14_length_109844_cov_73.2635	2	73791 	73715 	Asp	GTC	0	0	94.67	75.49	19.18	
NODE_16_length_83681_cov_70.2004 	1	34714 	34640 	Gln	TTG	0	0	66.82	40.36	26.46	
NODE_16_length_83681_cov_70.2004 	2	30967 	30891 	Met	CAT	0	0	87.19	64.42	22.77	
NODE_18_length_65487_cov_76.6046 	1	64268 	64193 	Trp	CCA	0	0	86.73	63.05	23.68	
NODE_27_length_5409_cov_168.606  	1	1829  	1905  	Ile	GAT	0	0	98.83	72.69	26.14	
NODE_27_length_5409_cov_168.606  	2	1934  	2009  	Ala	TGC	0	0	90.68	71.56	19.12	
NODE_30_length_3327_cov_51.6975  	1	521   	437   	Tyr	GTA	0	0	71.07	41.76	29.31	
NODE_30_length_3327_cov_51.6975  	2	410   	337   	Gly	TCC	0	0	82.75	60.87	21.88	
NODE_30_length_3327_cov_51.6975  	3	317   	242   	Thr	GGT	0	0	93.76	67.73	26.03	
