Sequence                         		tRNA  	Bounds	tRNA	Anti	Intron Bounds	Cove	HMM	2'Str	      
Name                             	tRNA #	Begin 	End   	Type	Codon	Begin	End	Score	Score	Score	Note
--------                         	------	----- 	------	----	-----	-----	----	------	-----	-----	------
NODE_1_length_665357_cov_55.4804 	1	545328	545419	SeC	TCA	0	0	55.75	-18.51	74.26	
NODE_1_length_665357_cov_55.4804 	2	599468	599553	Leu	GAG	0	0	68.53	39.16	29.37	
NODE_1_length_665357_cov_55.4804 	3	599644	599720	Met	CAT	0	0	85.85	60.06	25.79	
NODE_1_length_665357_cov_55.4804 	4	664155	664231	Ile	GAT	0	0	98.83	72.69	26.14	
NODE_1_length_665357_cov_55.4804 	5	664260	664335	Ala	TGC	0	0	90.68	71.56	19.12	
NODE_1_length_665357_cov_55.4804 	6	391431	391345	Leu	CAG	0	0	73.96	38.54	35.42	
NODE_1_length_665357_cov_55.4804 	7	391215	391129	Leu	CAG	0	0	73.96	38.54	35.42	
NODE_1_length_665357_cov_55.4804 	8	134502	134427	Phe	GAA	0	0	92.69	68.52	24.17	
NODE_1_length_665357_cov_55.4804 	9	123092	123017	Thr	TGT	0	0	93.66	75.64	18.02	
NODE_2_length_488433_cov_54.69   	1	213660	213574	Leu	CAA	0	0	69.99	38.33	31.66	
NODE_3_length_471339_cov_53.4698 	1	177039	177114	Asn	GTT	0	0	91.73	62.08	29.65	
NODE_3_length_471339_cov_53.4698 	2	177124	177200	Pro	TGG	0	0	87.63	64.60	23.03	
NODE_3_length_471339_cov_53.4698 	3	177211	177286	Lys	TTT	0	0	95.07	71.82	23.25	
NODE_3_length_471339_cov_53.4698 	4	195831	195906	Thr	CGT	0	0	90.98	74.93	16.05	
NODE_3_length_471339_cov_53.4698 	5	133132	133059	Arg	ACG	0	0	52.72	27.21	25.51	
NODE_3_length_471339_cov_53.4698 	6	25920 	25846 	Gln	TTG	0	0	66.82	40.36	26.46	
NODE_3_length_471339_cov_53.4698 	7	22172 	22096 	Met	CAT	0	0	87.19	64.42	22.77	
NODE_4_length_416676_cov_52.6969 	1	210039	210115	Arg	CCT	0	0	83.71	58.51	25.20	
NODE_4_length_416676_cov_52.6969 	2	337878	337953	Val	TAC	0	0	94.49	73.68	20.81	
NODE_4_length_416676_cov_52.6969 	3	337970	338046	Asp	GTC	0	0	94.67	75.49	19.18	
NODE_5_length_396086_cov_53.4153 	1	303031	303107	Arg	TCT	0	0	96.39	77.88	18.51	
NODE_5_length_396086_cov_53.4153 	2	303159	303234	His	GTG	0	0	83.51	64.18	19.33	
NODE_5_length_396086_cov_53.4153 	3	303289	303373	Leu	TAG	0	0	76.62	44.97	31.65	
NODE_5_length_396086_cov_53.4153 	4	303440	303515	His	GTG	0	0	83.51	64.18	19.33	
NODE_5_length_396086_cov_53.4153 	5	314781	314857	Asp	GTC	0	0	95.34	76.86	18.48	
NODE_6_length_372127_cov_54.2008 	1	77887 	77963 	Met	CAT	0	0	92.87	71.40	21.47	
NODE_8_length_345187_cov_52.5381 	1	90303 	90393 	Ser	GCT	0	0	76.69	47.10	29.59	
NODE_8_length_345187_cov_52.5381 	2	90511 	90587 	Arg	ACG	0	0	83.50	58.05	25.45	
NODE_8_length_345187_cov_52.5381 	3	90699 	90775 	Arg	ACG	0	0	83.50	58.05	25.45	
NODE_8_length_345187_cov_52.5381 	4	159399	159474	Lys	TTT	0	0	95.07	71.82	23.25	
NODE_8_length_345187_cov_52.5381 	5	186940	187029	Ser	CGA	0	0	68.31	24.88	43.43	
NODE_8_length_345187_cov_52.5381 	6	106846	106770	Met	CAT	0	0	85.06	58.55	26.51	
NODE_8_length_345187_cov_52.5381 	7	617   	545   	Leu	GAG	0	0	20.84	19.28	1.56	
NODE_10_length_243586_cov_51.6386	1	57925 	58000 	Ala	GGC	0	0	86.95	68.86	18.09	
NODE_10_length_243586_cov_51.6386	2	58049 	58124 	Glu	TTC	0	0	66.40	38.20	28.20	
NODE_10_length_243586_cov_51.6386	3	58218 	58293 	Ala	GGC	0	0	86.95	68.86	18.09	
NODE_10_length_243586_cov_51.6386	4	58340 	58415 	Glu	TTC	0	0	66.40	38.20	28.20	
NODE_10_length_243586_cov_51.6386	5	97323 	97398 	Val	TAC	0	0	94.49	73.68	20.81	
NODE_10_length_243586_cov_51.6386	6	97415 	97491 	Asp	GTC	0	0	94.67	75.49	19.18	
NODE_10_length_243586_cov_51.6386	7	97606 	97682 	Asp	GTC	0	0	94.67	75.49	19.18	
NODE_10_length_243586_cov_51.6386	8	177942	177866	Pro	CGG	0	0	88.20	60.26	27.94	
NODE_10_length_243586_cov_51.6386	9	49126 	49051 	Asn	GTT	0	0	91.73	62.08	29.65	
NODE_11_length_238401_cov_52.3221	1	115036	115125	Ser	GGA	0	0	71.75	34.38	37.37	
NODE_11_length_238401_cov_52.3221	2	82540 	82465 	Glu	TTC	0	0	66.40	38.20	28.20	
NODE_11_length_238401_cov_52.3221	3	82462 	82387 	Gly	GCC	0	0	93.74	68.41	25.33	
NODE_11_length_238401_cov_52.3221	4	82302 	82227 	Gly	GCC	0	0	93.74	68.41	25.33	
NODE_11_length_238401_cov_52.3221	5	35898 	35822 	Val	GAC	0	0	93.19	67.81	25.38	
NODE_11_length_238401_cov_52.3221	6	1773  	1697  	Pro	GGG	0	0	74.89	48.01	26.88	
NODE_15_length_194333_cov_51.5804	1	31363 	31274 	Ser	TGA	0	0	72.70	38.95	33.75	
NODE_15_length_194333_cov_51.5804	2	6987  	6912  	Gly	GCC	0	0	93.74	68.41	25.33	
NODE_15_length_194333_cov_51.5804	3	2365  	2292  	Cys	GCA	0	0	62.38	45.73	16.65	
NODE_16_length_186377_cov_52.8494	1	175751	175665	Leu	TAA	0	0	76.64	42.32	34.32	
NODE_18_length_158149_cov_54.8602	1	99267 	99340 	Gly	CCC	0	0	60.35	30.06	30.29	
NODE_20_length_65528_cov_56.135  	1	64309 	64234 	Trp	CCA	0	0	86.73	63.05	23.68	
NODE_26_length_36084_cov_54.8578 	1	1453  	1377  	Arg	CCG	0	0	87.81	66.55	21.26	
NODE_31_length_3319_cov_37.6096  	1	521   	437   	Tyr	GTA	0	0	71.07	41.76	29.31	
NODE_31_length_3319_cov_37.6096  	2	410   	337   	Gly	TCC	0	0	82.75	60.87	21.88	
NODE_31_length_3319_cov_37.6096  	3	317   	242   	Thr	GGT	0	0	93.76	67.73	26.03	
