Sequence                          		tRNA   	Bounds 	tRNA	Anti	Intron Bounds	Cove	HMM	2'Str	      
Name                              	tRNA #	Begin  	End    	Type	Codon	Begin	End	Score	Score	Score	Note
--------                          	------	-----  	------ 	----	-----	-----	----	------	-----	-----	------
NODE_1_length_1001939_cov_79.3293 	1	732478 	732554 	Met	CAT	0	0	85.06	58.55	26.51	
NODE_1_length_1001939_cov_79.3293 	2	838616 	838688 	Leu	GAG	0	0	20.84	19.28	1.56	
NODE_1_length_1001939_cov_79.3293 	3	943077 	943150 	Gly	CCC	0	0	60.35	30.06	30.29	
NODE_1_length_1001939_cov_79.3293 	4	749053 	748963 	Ser	GCT	0	0	76.69	47.10	29.59	
NODE_1_length_1001939_cov_79.3293 	5	748845 	748769 	Arg	ACG	0	0	83.50	58.05	25.45	
NODE_1_length_1001939_cov_79.3293 	6	748657 	748581 	Arg	ACG	0	0	83.50	58.05	25.45	
NODE_1_length_1001939_cov_79.3293 	7	679919 	679844 	Lys	TTT	0	0	95.07	71.82	23.25	
NODE_1_length_1001939_cov_79.3293 	8	652375 	652286 	Ser	CGA	0	0	68.31	24.88	43.43	
NODE_2_length_903024_cov_77.3891  	1	533276 	533365 	Ser	GGA	0	0	71.75	34.38	37.37	
NODE_2_length_903024_cov_77.3891  	2	722085 	722161 	Pro	CGG	0	0	88.20	60.26	27.94	
NODE_2_length_903024_cov_77.3891  	3	854082 	854157 	Asn	GTT	0	0	91.73	62.08	29.65	
NODE_2_length_903024_cov_77.3891  	4	845283 	845208 	Ala	GGC	0	0	86.95	68.86	18.09	
NODE_2_length_903024_cov_77.3891  	5	845159 	845084 	Glu	TTC	0	0	66.40	38.20	28.20	
NODE_2_length_903024_cov_77.3891  	6	844990 	844915 	Ala	GGC	0	0	86.95	68.86	18.09	
NODE_2_length_903024_cov_77.3891  	7	844868 	844793 	Glu	TTC	0	0	66.40	38.20	28.20	
NODE_2_length_903024_cov_77.3891  	8	805886 	805811 	Val	TAC	0	0	94.49	73.68	20.81	
NODE_2_length_903024_cov_77.3891  	9	805794 	805718 	Asp	GTC	0	0	94.67	75.49	19.18	
NODE_2_length_903024_cov_77.3891  	10	805603 	805527 	Asp	GTC	0	0	94.67	75.49	19.18	
NODE_2_length_903024_cov_77.3891  	11	500779 	500704 	Glu	TTC	0	0	66.40	38.20	28.20	
NODE_2_length_903024_cov_77.3891  	12	500701 	500626 	Gly	GCC	0	0	93.74	68.41	25.33	
NODE_2_length_903024_cov_77.3891  	13	500541 	500466 	Gly	GCC	0	0	93.74	68.41	25.33	
NODE_2_length_903024_cov_77.3891  	14	456190 	456114 	Val	GAC	0	0	93.19	67.81	25.38	
NODE_2_length_903024_cov_77.3891  	15	422331 	422255 	Pro	GGG	0	0	74.89	48.01	26.88	
NODE_2_length_903024_cov_77.3891  	16	241457 	241368 	Ser	TGA	0	0	72.70	38.95	33.75	
NODE_2_length_903024_cov_77.3891  	17	185330 	185255 	Gly	GCC	0	0	93.74	68.41	25.33	
NODE_2_length_903024_cov_77.3891  	18	140846 	140773 	Cys	GCA	0	0	62.38	45.73	16.65	
NODE_2_length_903024_cov_77.3891  	19	128221 	128135 	Leu	TAA	0	0	76.64	42.32	34.32	
NODE_3_length_866546_cov_89.7272  	1	788843 	788767 	Met	CAT	0	0	92.87	71.40	21.47	
NODE_3_length_866546_cov_89.7272  	2	458198 	458122 	Arg	CCG	0	0	87.81	66.55	21.26	
NODE_4_length_512711_cov_83.7559  	1	375697 	375770 	Arg	ACG	0	0	52.72	27.21	25.51	
NODE_4_length_512711_cov_83.7559  	2	483336 	483410 	Gln	TTG	0	0	66.82	40.36	26.46	
NODE_4_length_512711_cov_83.7559  	3	490533 	490609 	Met	CAT	0	0	87.19	64.42	22.77	
NODE_4_length_512711_cov_83.7559  	4	331790 	331715 	Asn	GTT	0	0	91.73	62.08	29.65	
NODE_4_length_512711_cov_83.7559  	5	331705 	331629 	Pro	TGG	0	0	87.63	64.60	23.03	
NODE_4_length_512711_cov_83.7559  	6	331618 	331543 	Lys	TTT	0	0	95.07	71.82	23.25	
NODE_4_length_512711_cov_83.7559  	7	229965 	229890 	Thr	CGT	0	0	90.98	74.93	16.05	
NODE_5_length_494024_cov_83.9     	1	274389 	274475 	Leu	CAA	0	0	69.99	38.33	31.66	
NODE_6_length_456248_cov_86.8951  	1	271670 	271756 	Leu	CAG	0	0	73.96	38.54	35.42	
NODE_6_length_456248_cov_86.8951  	2	271886 	271972 	Leu	CAG	0	0	73.96	38.54	35.42	
NODE_6_length_456248_cov_86.8951  	3	117053 	116962 	SeC	TCA	0	0	55.75	-18.51	74.26	
NODE_6_length_456248_cov_86.8951  	4	62825  	62740  	Leu	GAG	0	0	68.53	39.16	29.37	
NODE_6_length_456248_cov_86.8951  	5	62649  	62573  	Met	CAT	0	0	85.85	60.06	25.79	
NODE_7_length_340550_cov_75.8423  	1	126096 	126020 	Arg	TCT	0	0	96.39	77.88	18.51	
NODE_7_length_340550_cov_75.8423  	2	125968 	125893 	His	GTG	0	0	83.51	64.18	19.33	
NODE_7_length_340550_cov_75.8423  	3	125838 	125754 	Leu	TAG	0	0	76.62	44.97	31.65	
NODE_7_length_340550_cov_75.8423  	4	125687 	125612 	His	GTG	0	0	83.51	64.18	19.33	
NODE_7_length_340550_cov_75.8423  	5	114328 	114252 	Asp	GTC	0	0	95.34	76.86	18.48	
NODE_9_length_314581_cov_87.8848  	1	72390  	72465  	Phe	GAA	0	0	92.69	68.52	24.17	
NODE_9_length_314581_cov_87.8848  	2	83800  	83875  	Thr	TGT	0	0	93.66	75.64	18.02	
NODE_12_length_122499_cov_81.1114 	1	2712   	2636   	Arg	CCT	0	0	83.71	58.51	25.20	
NODE_13_length_115346_cov_78.882  	1	36464  	36539  	Val	TAC	0	0	94.49	73.68	20.81	
NODE_13_length_115346_cov_78.882  	2	36556  	36632  	Asp	GTC	0	0	94.67	75.49	19.18	
NODE_18_length_65427_cov_87.7924  	1	64271  	64196  	Trp	CCA	0	0	86.73	63.05	23.68	
NODE_23_length_5474_cov_260.284   	1	3581   	3505   	Ile	GAT	0	0	98.83	72.69	26.14	
NODE_23_length_5474_cov_260.284   	2	3476   	3401   	Ala	TGC	0	0	90.68	71.56	19.12	
NODE_26_length_3390_cov_71.5765   	1	584    	500    	Tyr	GTA	0	0	71.07	41.76	29.31	
NODE_26_length_3390_cov_71.5765   	2	473    	400    	Gly	TCC	0	0	82.75	60.87	21.88	
NODE_26_length_3390_cov_71.5765   	3	380    	305    	Thr	GGT	0	0	93.76	67.73	26.03	
