Sequence                         		tRNA  	Bounds	tRNA	Anti	Intron Bounds	Cove	HMM	2'Str	      
Name                             	tRNA #	Begin 	End   	Type	Codon	Begin	End	Score	Score	Score	Note
--------                         	------	----- 	------	----	-----	-----	----	------	-----	-----	------
NODE_1_length_691005_cov_59.8353 	1	481522	481598	Arg	CCT	0	0	83.71	58.51	25.20	
NODE_1_length_691005_cov_59.8353 	2	487507	487581	Arg	CCT	0	0	69.69	51.80	17.89	
NODE_1_length_691005_cov_59.8353 	3	617154	617229	Val	TAC	0	0	94.49	73.68	20.81	
NODE_1_length_691005_cov_59.8353 	4	617246	617322	Asp	GTC	0	0	94.67	75.49	19.18	
NODE_2_length_671022_cov_57.0766 	1	266170	266259	Ser	GGA	0	0	71.75	34.38	37.37	
NODE_2_length_671022_cov_57.0766 	2	497756	497832	Pro	CGG	0	0	88.20	60.26	27.94	
NODE_2_length_671022_cov_57.0766 	3	626564	626639	Asn	GTT	0	0	91.73	62.08	29.65	
NODE_2_length_671022_cov_57.0766 	4	617765	617690	Ala	GGC	0	0	86.95	68.86	18.09	
NODE_2_length_671022_cov_57.0766 	5	617641	617566	Glu	TTC	0	0	66.40	38.20	28.20	
NODE_2_length_671022_cov_57.0766 	6	617472	617397	Ala	GGC	0	0	86.95	68.86	18.09	
NODE_2_length_671022_cov_57.0766 	7	617350	617275	Glu	TTC	0	0	66.40	38.20	28.20	
NODE_2_length_671022_cov_57.0766 	8	578377	578302	Val	TAC	0	0	94.49	73.68	20.81	
NODE_2_length_671022_cov_57.0766 	9	578285	578209	Asp	GTC	0	0	94.67	75.49	19.18	
NODE_2_length_671022_cov_57.0766 	10	578094	578018	Asp	GTC	0	0	94.67	75.49	19.18	
NODE_2_length_671022_cov_57.0766 	11	233681	233606	Glu	TTC	0	0	66.40	38.20	28.20	
NODE_2_length_671022_cov_57.0766 	12	233603	233528	Gly	GCC	0	0	93.74	68.41	25.33	
NODE_2_length_671022_cov_57.0766 	13	111726	111651	Gly	GCC	0	0	93.74	68.41	25.33	
NODE_2_length_671022_cov_57.0766 	14	67943 	67867 	Val	GAC	0	0	93.19	67.81	25.38	
NODE_2_length_671022_cov_57.0766 	15	740   	664   	Pro	GGG	0	0	74.89	48.01	26.88	
NODE_3_length_515983_cov_57.8015 	1	391699	391775	Arg	TCT	0	0	96.39	77.88	18.51	
NODE_3_length_515983_cov_57.8015 	2	391827	391902	His	GTG	0	0	83.51	64.18	19.33	
NODE_3_length_515983_cov_57.8015 	3	391957	392041	Leu	TAG	0	0	76.62	44.97	31.65	
NODE_3_length_515983_cov_57.8015 	4	392108	392183	His	GTG	0	0	83.51	64.18	19.33	
NODE_3_length_515983_cov_57.8015 	5	403479	403555	Asp	GTC	0	0	95.34	76.86	18.48	
NODE_4_length_456675_cov_62.5008 	1	269700	269786	Leu	CAG	0	0	73.96	38.54	35.42	
NODE_4_length_456675_cov_62.5008 	2	269916	270002	Leu	CAG	0	0	73.96	38.54	35.42	
NODE_4_length_456675_cov_62.5008 	3	116201	116110	SeC	TCA	0	0	55.75	-18.51	74.26	
NODE_4_length_456675_cov_62.5008 	4	62833 	62748 	Leu	GAG	0	0	68.53	39.16	29.37	
NODE_4_length_456675_cov_62.5008 	5	62657 	62581 	Met	CAT	0	0	85.85	60.06	25.79	
NODE_5_length_377383_cov_62.0266 	1	294240	294164	Met	CAT	0	0	92.87	71.40	21.47	
NODE_6_length_339746_cov_59.4858 	1	231412	231488	Met	CAT	0	0	85.06	58.55	26.51	
NODE_6_length_339746_cov_59.4858 	2	337623	337695	Leu	GAG	0	0	20.84	19.28	1.56	
NODE_6_length_339746_cov_59.4858 	3	247942	247852	Ser	GCT	0	0	76.69	47.10	29.59	
NODE_6_length_339746_cov_59.4858 	4	247734	247658	Arg	ACG	0	0	83.50	58.05	25.45	
NODE_6_length_339746_cov_59.4858 	5	247546	247470	Arg	ACG	0	0	83.50	58.05	25.45	
NODE_6_length_339746_cov_59.4858 	6	181251	181176	Lys	TTT	0	0	95.07	71.82	23.25	
NODE_6_length_339746_cov_59.4858 	7	153709	153620	Ser	CGA	0	0	68.31	24.88	43.43	
NODE_7_length_326147_cov_60.938  	1	71580 	71655 	Phe	GAA	0	0	92.69	68.52	24.17	
NODE_7_length_326147_cov_60.938  	2	84948 	85030 	Phe	GAA	0	0	21.74	20.22	1.52	
NODE_7_length_326147_cov_60.938  	3	96365 	96440 	Thr	TGT	0	0	93.66	75.64	18.02	
NODE_8_length_311092_cov_58.1955 	1	170819	170730	Ser	TGA	0	0	72.70	38.95	33.75	
NODE_8_length_311092_cov_58.1955 	2	114695	114620	Gly	GCC	0	0	93.74	68.41	25.33	
NODE_8_length_311092_cov_58.1955 	3	110088	110015	Cys	GCA	0	0	62.38	45.73	16.65	
NODE_8_length_311092_cov_58.1955 	4	97463 	97377 	Leu	TAA	0	0	76.64	42.32	34.32	
NODE_10_length_279407_cov_60.2756	1	214260	214174	Leu	CAA	0	0	69.99	38.33	31.66	
NODE_11_length_268109_cov_59.4183	1	35198 	35273 	Thr	CGT	0	0	90.98	74.93	16.05	
NODE_12_length_245220_cov_60.776 	1	145759	145686	Gly	CCC	0	0	60.35	30.06	30.29	
NODE_18_length_105626_cov_61.7556	1	70892 	70816 	Arg	CCG	0	0	90.57	71.58	18.99	
NODE_19_length_105158_cov_61.0547	1	48357 	48430 	Arg	ACG	0	0	52.72	27.21	25.51	
NODE_19_length_105158_cov_61.0547	2	4441  	4366  	Asn	GTT	0	0	91.73	62.08	29.65	
NODE_19_length_105158_cov_61.0547	3	4356  	4280  	Pro	TGG	0	0	87.63	64.60	23.03	
NODE_19_length_105158_cov_61.0547	4	4269  	4194  	Lys	TTT	0	0	95.07	71.82	23.25	
NODE_20_length_105004_cov_59.7763	1	50537 	50611 	Gln	TTG	0	0	66.82	40.36	26.46	
NODE_20_length_105004_cov_59.7763	2	74603 	74679 	Met	CAT	0	0	87.19	64.42	22.77	
NODE_25_length_65462_cov_61.8666 	1	64243 	64168 	Trp	CCA	0	0	86.73	63.05	23.68	
NODE_38_length_5532_cov_208.03   	1	3562  	3486  	Ile	GAT	0	0	98.83	72.69	26.14	
NODE_38_length_5532_cov_208.03   	2	3457  	3382  	Ala	TGC	0	0	90.68	71.56	19.12	
NODE_42_length_3345_cov_54.7209  	1	521   	437   	Tyr	GTA	0	0	71.07	41.76	29.31	
NODE_42_length_3345_cov_54.7209  	2	410   	337   	Gly	TCC	0	0	82.75	60.87	21.88	
NODE_42_length_3345_cov_54.7209  	3	317   	242   	Thr	GGT	0	0	93.76	67.73	26.03	
