Sequence                         		tRNA  	Bounds	tRNA	Anti	Intron Bounds	Cove	HMM	2'Str	      
Name                             	tRNA #	Begin 	End   	Type	Codon	Begin	End	Score	Score	Score	Note
--------                         	------	----- 	------	----	-----	-----	----	------	-----	-----	------
NODE_1_length_653502_cov_58.1985 	1	444019	444095	Arg	CCT	0	0	83.71	58.51	25.20	
NODE_1_length_653502_cov_58.1985 	2	450004	450078	Arg	CCT	0	0	69.69	51.80	17.89	
NODE_1_length_653502_cov_58.1985 	3	579651	579726	Val	TAC	0	0	94.49	73.68	20.81	
NODE_1_length_653502_cov_58.1985 	4	579743	579819	Asp	GTC	0	0	94.67	75.49	19.18	
NODE_2_length_515953_cov_58.0765 	1	391662	391738	Arg	TCT	0	0	96.39	77.88	18.51	
NODE_2_length_515953_cov_58.0765 	2	391790	391865	His	GTG	0	0	83.51	64.18	19.33	
NODE_2_length_515953_cov_58.0765 	3	391920	392004	Leu	TAG	0	0	76.62	44.97	31.65	
NODE_2_length_515953_cov_58.0765 	4	392071	392146	His	GTG	0	0	83.51	64.18	19.33	
NODE_2_length_515953_cov_58.0765 	5	403442	403518	Asp	GTC	0	0	95.34	76.86	18.48	
NODE_3_length_461187_cov_58.0752 	1	99153 	99242 	Ser	GGA	0	0	71.75	34.38	37.37	
NODE_3_length_461187_cov_58.0752 	2	287914	287990	Pro	CGG	0	0	88.20	60.26	27.94	
NODE_3_length_461187_cov_58.0752 	3	416729	416804	Asn	GTT	0	0	91.73	62.08	29.65	
NODE_3_length_461187_cov_58.0752 	4	407930	407855	Ala	GGC	0	0	86.95	68.86	18.09	
NODE_3_length_461187_cov_58.0752 	5	407806	407731	Glu	TTC	0	0	66.40	38.20	28.20	
NODE_3_length_461187_cov_58.0752 	6	407637	407562	Ala	GGC	0	0	86.95	68.86	18.09	
NODE_3_length_461187_cov_58.0752 	7	407515	407440	Glu	TTC	0	0	66.40	38.20	28.20	
NODE_3_length_461187_cov_58.0752 	8	368535	368460	Val	TAC	0	0	94.49	73.68	20.81	
NODE_3_length_461187_cov_58.0752 	9	368443	368367	Asp	GTC	0	0	94.67	75.49	19.18	
NODE_3_length_461187_cov_58.0752 	10	368252	368176	Asp	GTC	0	0	94.67	75.49	19.18	
NODE_3_length_461187_cov_58.0752 	11	66664 	66589 	Glu	TTC	0	0	66.40	38.20	28.20	
NODE_3_length_461187_cov_58.0752 	12	66586 	66511 	Gly	GCC	0	0	93.74	68.41	25.33	
NODE_3_length_461187_cov_58.0752 	13	22802 	22726 	Val	GAC	0	0	93.19	67.81	25.38	
NODE_4_length_362362_cov_58.666  	1	294249	294173	Met	CAT	0	0	92.87	71.40	21.47	
NODE_5_length_340991_cov_60.2255 	1	224791	224882	SeC	TCA	0	0	55.75	-18.51	74.26	
NODE_5_length_340991_cov_60.2255 	2	278159	278244	Leu	GAG	0	0	68.53	39.16	29.37	
NODE_5_length_340991_cov_60.2255 	3	278335	278411	Met	CAT	0	0	85.85	60.06	25.79	
NODE_5_length_340991_cov_60.2255 	4	71292 	71206 	Leu	CAG	0	0	73.96	38.54	35.42	
NODE_5_length_340991_cov_60.2255 	5	71076 	70990 	Leu	CAG	0	0	73.96	38.54	35.42	
NODE_6_length_313786_cov_58.5411 	1	72594 	72669 	Phe	GAA	0	0	92.69	68.52	24.17	
NODE_6_length_313786_cov_58.5411 	2	84004 	84079 	Thr	TGT	0	0	93.66	75.64	18.02	
NODE_7_length_280228_cov_59.126  	1	214271	214185	Leu	CAA	0	0	69.99	38.33	31.66	
NODE_8_length_259271_cov_58.006  	1	118987	118898	Ser	TGA	0	0	72.99	31.35	41.64	
NODE_8_length_259271_cov_58.006  	2	11725 	11650 	Gly	GCC	0	0	93.74	68.41	25.33	
NODE_10_length_248889_cov_56.9553	1	153538	153449	Ser	CGA	0	0	68.31	24.88	43.43	
NODE_13_length_178071_cov_60.8666	1	172292	172365	Arg	ACG	0	0	52.72	27.21	25.51	
NODE_13_length_178071_cov_60.8666	2	88649 	88574 	Asn	GTT	0	0	91.73	62.08	29.65	
NODE_13_length_178071_cov_60.8666	3	88564 	88488 	Pro	TGG	0	0	87.63	64.60	23.03	
NODE_13_length_178071_cov_60.8666	4	88477 	88402 	Lys	TTT	0	0	95.07	71.82	23.25	
NODE_13_length_178071_cov_60.8666	5	69095 	69020 	Thr	CGT	0	0	90.98	74.93	16.05	
NODE_15_length_143128_cov_57.5172	1	56942 	57018 	Met	CAT	0	0	85.06	58.55	26.51	
NODE_15_length_143128_cov_57.5172	2	73472 	73382 	Ser	GCT	0	0	76.69	47.10	29.59	
NODE_15_length_143128_cov_57.5172	3	73264 	73188 	Arg	ACG	0	0	83.50	58.05	25.45	
NODE_15_length_143128_cov_57.5172	4	73076 	73000 	Arg	ACG	0	0	83.50	58.05	25.45	
NODE_15_length_143128_cov_57.5172	5	4389  	4314  	Lys	TTT	0	0	95.07	71.82	23.25	
NODE_17_length_129924_cov_57.5827	1	30143 	30069 	Gln	TTG	0	0	66.82	40.36	26.46	
NODE_17_length_129924_cov_57.5827	2	6077  	6001  	Met	CAT	0	0	87.19	64.42	22.77	
NODE_19_length_115996_cov_59.9815	1	5909  	5982  	Cys	GCA	0	0	62.38	45.73	16.65	
NODE_19_length_115996_cov_59.9815	2	18534 	18620 	Leu	TAA	0	0	76.64	42.32	34.32	
NODE_22_length_102564_cov_59.8634	1	2993  	2920  	Gly	CCC	0	0	60.35	30.06	30.29	
NODE_25_length_94793_cov_52.5314 	1	60059 	59983 	Arg	CCG	0	0	90.57	71.58	18.99	
NODE_32_length_65462_cov_58.5551 	1	64243 	64168 	Trp	CCA	0	0	86.73	63.05	23.68	
NODE_35_length_46489_cov_84.4474 	1	20282 	20354 	Leu	GAG	0	0	20.84	19.28	1.56	
NODE_44_length_25926_cov_53.2221 	1	686   	610   	Pro	GGG	0	0	74.89	48.01	26.88	
NODE_61_length_5533_cov_181.155  	1	3563  	3487  	Ile	GAT	0	0	98.83	72.69	26.14	
NODE_61_length_5533_cov_181.155  	2	3458  	3383  	Ala	TGC	0	0	90.68	71.56	19.12	
NODE_71_length_3345_cov_48.0945  	1	521   	437   	Tyr	GTA	0	0	71.07	41.76	29.31	
NODE_71_length_3345_cov_48.0945  	2	410   	337   	Gly	TCC	0	0	82.75	60.87	21.88	
NODE_71_length_3345_cov_48.0945  	3	317   	242   	Thr	GGT	0	0	93.76	67.73	26.03	
