Sequence                         		tRNA  	Bounds	tRNA	Anti	Intron Bounds	Cove	HMM	2'Str	      
Name                             	tRNA #	Begin 	End   	Type	Codon	Begin	End	Score	Score	Score	Note
--------                         	------	----- 	------	----	-----	-----	----	------	-----	-----	------
NODE_1_length_844759_cov_59.0943 	1	727926	728017	SeC	TCA	0	0	55.75	-18.51	74.26	
NODE_1_length_844759_cov_59.0943 	2	781985	782070	Leu	GAG	0	0	68.53	39.16	29.37	
NODE_1_length_844759_cov_59.0943 	3	782161	782237	Met	CAT	0	0	85.85	60.06	25.79	
NODE_1_length_844759_cov_59.0943 	4	537747	537661	Leu	CAG	0	0	73.96	38.54	35.42	
NODE_1_length_844759_cov_59.0943 	5	537531	537445	Leu	CAG	0	0	73.96	38.54	35.42	
NODE_1_length_844759_cov_59.0943 	6	283379	283304	Phe	GAA	0	0	92.69	68.52	24.17	
NODE_1_length_844759_cov_59.0943 	7	271969	271894	Thr	TGT	0	0	93.66	75.64	18.02	
NODE_2_length_629066_cov_57.7379 	1	93641 	93731 	Ser	GCT	0	0	76.69	47.10	29.59	
NODE_2_length_629066_cov_57.7379 	2	93849 	93925 	Arg	ACG	0	0	83.50	58.05	25.45	
NODE_2_length_629066_cov_57.7379 	3	94038 	94114 	Arg	ACG	0	0	83.50	58.05	25.45	
NODE_2_length_629066_cov_57.7379 	4	162780	162855	Lys	TTT	0	0	95.07	71.82	23.25	
NODE_2_length_629066_cov_57.7379 	5	190322	190411	Ser	CGA	0	0	68.31	24.88	43.43	
NODE_2_length_629066_cov_57.7379 	6	110186	110110	Met	CAT	0	0	85.06	58.55	26.51	
NODE_2_length_629066_cov_57.7379 	7	3961  	3889  	Leu	GAG	0	0	20.84	19.28	1.56	
NODE_3_length_586800_cov_56.4693 	1	155866	155941	Glu	TTC	0	0	66.40	38.20	28.20	
NODE_3_length_586800_cov_56.4693 	2	155944	156019	Gly	GCC	0	0	93.74	68.41	25.33	
NODE_3_length_586800_cov_56.4693 	3	156104	156179	Gly	GCC	0	0	93.74	68.41	25.33	
NODE_3_length_586800_cov_56.4693 	4	197636	197712	Val	GAC	0	0	93.19	67.81	25.38	
NODE_3_length_586800_cov_56.4693 	5	231779	231855	Pro	GGG	0	0	74.89	48.01	26.88	
NODE_3_length_586800_cov_56.4693 	6	382345	382434	Ser	TGA	0	0	72.70	38.95	33.75	
NODE_3_length_586800_cov_56.4693 	7	438469	438544	Gly	GCC	0	0	93.74	68.41	25.33	
NODE_3_length_586800_cov_56.4693 	8	541369	541442	Cys	GCA	0	0	62.38	45.73	16.65	
NODE_3_length_586800_cov_56.4693 	9	123368	123279	Ser	GGA	0	0	71.75	34.38	37.37	
NODE_4_length_529548_cov_57.4262 	1	171899	171974	Asn	GTT	0	0	91.73	62.08	29.65	
NODE_4_length_529548_cov_57.4262 	2	171984	172060	Pro	TGG	0	0	87.63	64.60	23.03	
NODE_4_length_529548_cov_57.4262 	3	172071	172146	Lys	TTT	0	0	95.07	71.82	23.25	
NODE_4_length_529548_cov_57.4262 	4	275313	275398	Lys	TTT	0	0	22.00	12.28	9.72	
NODE_4_length_529548_cov_57.4262 	5	294642	294717	Thr	CGT	0	0	90.98	74.93	16.05	
NODE_4_length_529548_cov_57.4262 	6	127983	127910	Arg	ACG	0	0	52.72	27.21	25.51	
NODE_4_length_529548_cov_57.4262 	7	22240 	22166 	Gln	TTG	0	0	66.82	40.36	26.46	
NODE_4_length_529548_cov_57.4262 	8	18491 	18415 	Met	CAT	0	0	87.19	64.42	22.77	
NODE_5_length_509455_cov_59.8231 	1	431265	431341	Arg	TCT	0	0	96.39	77.88	18.51	
NODE_5_length_509455_cov_59.8231 	2	431393	431468	His	GTG	0	0	83.51	64.18	19.33	
NODE_5_length_509455_cov_59.8231 	3	431523	431607	Leu	TAG	0	0	76.62	44.97	31.65	
NODE_5_length_509455_cov_59.8231 	4	461375	461450	Gly	TCC	0	0	82.79	56.37	26.42	
NODE_6_length_483273_cov_58.7179 	1	210681	210595	Leu	CAA	0	0	69.99	38.33	31.66	
NODE_7_length_411594_cov_58.242  	1	203705	203781	Arg	CCT	0	0	83.71	58.51	25.20	
NODE_7_length_411594_cov_58.242  	2	337724	337799	Val	TAC	0	0	94.49	73.68	20.81	
NODE_7_length_411594_cov_58.242  	3	337816	337892	Asp	GTC	0	0	94.67	75.49	19.18	
NODE_8_length_371845_cov_59.0416 	1	294579	294503	Met	CAT	0	0	92.87	71.40	21.47	
NODE_9_length_267107_cov_56.153  	1	94287 	94363 	Pro	CGG	0	0	88.20	60.26	27.94	
NODE_9_length_267107_cov_56.153  	2	223094	223169	Asn	GTT	0	0	91.73	62.08	29.65	
NODE_9_length_267107_cov_56.153  	3	214295	214220	Ala	GGC	0	0	86.95	68.86	18.09	
NODE_9_length_267107_cov_56.153  	4	214171	214096	Glu	TTC	0	0	66.40	38.20	28.20	
NODE_9_length_267107_cov_56.153  	5	214002	213927	Ala	GGC	0	0	86.95	68.86	18.09	
NODE_9_length_267107_cov_56.153  	6	213880	213805	Glu	TTC	0	0	66.40	38.20	28.20	
NODE_9_length_267107_cov_56.153  	7	174905	174830	Val	TAC	0	0	94.49	73.68	20.81	
NODE_9_length_267107_cov_56.153  	8	174813	174737	Asp	GTC	0	0	94.67	75.49	19.18	
NODE_9_length_267107_cov_56.153  	9	174622	174546	Asp	GTC	0	0	94.67	75.49	19.18	
NODE_14_length_193782_cov_57.4926	1	99599 	99672 	Gly	CCC	0	0	60.35	30.06	30.29	
NODE_15_length_138867_cov_57.7374	1	15656 	15742 	Leu	TAA	0	0	76.64	42.32	34.32	
NODE_18_length_93839_cov_56.9667 	1	92127 	92052 	His	GTG	0	0	83.51	64.18	19.33	
NODE_18_length_93839_cov_56.9667 	2	80761 	80685 	Asp	GTC	0	0	95.34	76.86	18.48	
NODE_23_length_65371_cov_58.9535 	1	64152 	64077 	Trp	CCA	0	0	86.73	63.05	23.68	
NODE_29_length_35816_cov_57.173  	1	1188  	1112  	Arg	CCG	0	0	87.81	66.55	21.26	
NODE_38_length_5618_cov_198.298  	1	2037  	2113  	Ile	GAT	0	0	98.83	72.69	26.14	
NODE_38_length_5618_cov_198.298  	2	2142  	2217  	Ala	TGC	0	0	90.68	71.56	19.12	
NODE_44_length_3326_cov_53.3948  	1	521   	437   	Tyr	GTA	0	0	71.07	41.76	29.31	
NODE_44_length_3326_cov_53.3948  	2	410   	337   	Gly	TCC	0	0	82.75	60.87	21.88	
NODE_44_length_3326_cov_53.3948  	3	317   	242   	Thr	GGT	0	0	93.76	67.73	26.03	
