Sequence                         		tRNA  	Bounds	tRNA	Anti	Intron Bounds	Cove	HMM	2'Str	      
Name                             	tRNA #	Begin 	End   	Type	Codon	Begin	End	Score	Score	Score	Note
--------                         	------	----- 	------	----	-----	-----	----	------	-----	-----	------
NODE_1_length_909337_cov_69.6291 	1	697559	697633	Arg	CCT	0	0	69.71	45.21	24.50	
NODE_1_length_909337_cov_69.6291 	2	830490	830565	Val	TAC	0	0	94.49	73.68	20.81	
NODE_1_length_909337_cov_69.6291 	3	830582	830658	Asp	GTC	0	0	94.67	75.49	19.18	
NODE_1_length_909337_cov_69.6291 	4	218298	218212	Leu	CAA	0	0	69.99	38.33	31.66	
NODE_2_length_820459_cov_69.4464 	1	457888	457977	Ser	GGA	0	0	71.75	34.38	37.37	
NODE_2_length_820459_cov_69.4464 	2	646658	646734	Pro	CGG	0	0	88.20	60.26	27.94	
NODE_2_length_820459_cov_69.4464 	3	773361	773436	Asn	GTT	0	0	91.73	62.08	29.65	
NODE_2_length_820459_cov_69.4464 	4	764562	764487	Ala	GGC	0	0	86.95	68.86	18.09	
NODE_2_length_820459_cov_69.4464 	5	764438	764363	Glu	TTC	0	0	66.40	38.20	28.20	
NODE_2_length_820459_cov_69.4464 	6	764269	764194	Ala	GGC	0	0	86.95	68.86	18.09	
NODE_2_length_820459_cov_69.4464 	7	764147	764072	Glu	TTC	0	0	66.40	38.20	28.20	
NODE_2_length_820459_cov_69.4464 	8	725145	725070	Val	TAC	0	0	94.49	73.68	20.81	
NODE_2_length_820459_cov_69.4464 	9	725053	724977	Asp	GTC	0	0	94.67	75.49	19.18	
NODE_2_length_820459_cov_69.4464 	10	724862	724786	Asp	GTC	0	0	94.67	75.49	19.18	
NODE_2_length_820459_cov_69.4464 	11	425383	425308	Glu	TTC	0	0	66.40	38.20	28.20	
NODE_2_length_820459_cov_69.4464 	12	425305	425230	Gly	GCC	0	0	93.74	68.41	25.33	
NODE_2_length_820459_cov_69.4464 	13	425145	425070	Gly	GCC	0	0	93.74	68.41	25.33	
NODE_2_length_820459_cov_69.4464 	14	377899	377823	Val	GAC	0	0	93.19	67.81	25.38	
NODE_2_length_820459_cov_69.4464 	15	344032	343956	Pro	GGG	0	0	74.89	48.01	26.88	
NODE_2_length_820459_cov_69.4464 	16	176508	176419	Ser	TGA	0	0	72.70	38.95	33.75	
NODE_2_length_820459_cov_69.4464 	17	163078	163003	Gly	GCC	0	0	93.74	68.41	25.33	
NODE_2_length_820459_cov_69.4464 	18	156691	156618	Cys	GCA	0	0	62.38	45.73	16.65	
NODE_2_length_820459_cov_69.4464 	19	144065	143979	Leu	TAA	0	0	76.64	42.32	34.32	
NODE_3_length_737160_cov_68.7343 	1	197639	197729	Ser	GCT	0	0	76.69	47.10	29.59	
NODE_3_length_737160_cov_68.7343 	2	197847	197923	Arg	ACG	0	0	83.50	58.05	25.45	
NODE_3_length_737160_cov_68.7343 	3	198035	198111	Arg	ACG	0	0	83.50	58.05	25.45	
NODE_3_length_737160_cov_68.7343 	4	266771	266846	Lys	TTT	0	0	95.07	71.82	23.25	
NODE_3_length_737160_cov_68.7343 	5	326440	326529	Ser	CGA	0	0	68.31	24.88	43.43	
NODE_3_length_737160_cov_68.7343 	6	214217	214141	Met	CAT	0	0	85.06	58.55	26.51	
NODE_3_length_737160_cov_68.7343 	7	108068	107996	Leu	GAG	0	0	20.84	19.28	1.56	
NODE_3_length_737160_cov_68.7343 	8	3598  	3525  	Gly	CCC	0	0	60.35	30.06	30.29	
NODE_4_length_675181_cov_71.4618 	1	167464	167550	Leu	CAG	0	0	73.96	38.54	35.42	
NODE_4_length_675181_cov_71.4618 	2	167680	167766	Leu	CAG	0	0	73.96	38.54	35.42	
NODE_4_length_675181_cov_71.4618 	3	424591	424666	Phe	GAA	0	0	92.69	68.52	24.17	
NODE_4_length_675181_cov_71.4618 	4	436001	436076	Thr	TGT	0	0	93.66	75.64	18.02	
NODE_4_length_675181_cov_71.4618 	5	3363  	3272  	SeC	TCA	0	0	55.75	-18.51	74.26	
NODE_5_length_558034_cov_70.3958 	1	431808	431884	Arg	TCT	0	0	96.39	77.88	18.51	
NODE_5_length_558034_cov_70.3958 	2	431936	432011	His	GTG	0	0	83.51	64.18	19.33	
NODE_5_length_558034_cov_70.3958 	3	432066	432150	Leu	TAG	0	0	76.62	44.97	31.65	
NODE_5_length_558034_cov_70.3958 	4	432217	432292	His	GTG	0	0	83.51	64.18	19.33	
NODE_5_length_558034_cov_70.3958 	5	443570	443646	Asp	GTC	0	0	95.34	76.86	18.48	
NODE_6_length_438875_cov_67.8782 	1	188965	189040	Asn	GTT	0	0	91.73	62.08	29.65	
NODE_6_length_438875_cov_67.8782 	2	189050	189126	Pro	TGG	0	0	87.63	64.60	23.03	
NODE_6_length_438875_cov_67.8782 	3	189137	189212	Lys	TTT	0	0	95.07	71.82	23.25	
NODE_6_length_438875_cov_67.8782 	4	208582	208657	Thr	CGT	0	0	90.98	74.93	16.05	
NODE_6_length_438875_cov_67.8782 	5	145049	144976	Arg	ACG	0	0	52.72	27.21	25.51	
NODE_6_length_438875_cov_67.8782 	6	38238 	38164 	Gln	TTG	0	0	66.82	40.36	26.46	
NODE_6_length_438875_cov_67.8782 	7	31040 	30964 	Met	CAT	0	0	87.19	64.42	22.77	
NODE_6_length_438875_cov_67.8782 	8	18493 	18415 	Met	CAT	0	0	30.87	36.29	-5.42	
NODE_7_length_388056_cov_68.1064 	1	308825	308749	Met	CAT	0	0	92.87	71.40	21.47	
NODE_8_length_258340_cov_74.4557 	1	34676 	34752 	Arg	CCG	0	0	87.81	66.55	21.26	
NODE_13_length_122083_cov_67.0921	1	62840 	62755 	Leu	GAG	0	0	68.53	39.16	29.37	
NODE_13_length_122083_cov_67.0921	2	62664 	62588 	Met	CAT	0	0	85.85	60.06	25.79	
NODE_16_length_65644_cov_67.5805 	1	64425 	64350 	Trp	CCA	0	0	86.73	63.05	23.68	
NODE_26_length_5200_cov_153.185  	1	3372  	3296  	Ile	GAT	0	0	98.83	72.69	26.14	
NODE_26_length_5200_cov_153.185  	2	3267  	3192  	Ala	TGC	0	0	90.68	71.56	19.12	
NODE_28_length_3534_cov_45.8468  	1	521   	437   	Tyr	GTA	0	0	71.07	41.76	29.31	
NODE_28_length_3534_cov_45.8468  	2	410   	337   	Gly	TCC	0	0	82.75	60.87	21.88	
NODE_28_length_3534_cov_45.8468  	3	317   	242   	Thr	GGT	0	0	93.76	67.73	26.03	
