Sequence                        		tRNA  	Bounds	tRNA	Anti	Intron Bounds	Cove	HMM	2'Str	      
Name                            	tRNA #	Begin 	End   	Type	Codon	Begin	End	Score	Score	Score	Note
--------                        	------	----- 	------	----	-----	-----	----	------	-----	-----	------
NODE_1_length_541215_cov_50.493 	1	270787	270873	Leu	CAG	0	0	73.96	38.54	35.42	
NODE_1_length_541215_cov_50.493 	2	271003	271089	Leu	CAG	0	0	73.96	38.54	35.42	
NODE_1_length_541215_cov_50.493 	3	530808	530883	Phe	GAA	0	0	92.69	68.52	24.17	
NODE_1_length_541215_cov_50.493 	4	117159	117068	SeC	TCA	0	0	55.75	-18.51	74.26	
NODE_1_length_541215_cov_50.493 	5	63119 	63034 	Leu	GAG	0	0	68.53	39.16	29.37	
NODE_1_length_541215_cov_50.493 	6	62943 	62867 	Met	CAT	0	0	85.85	60.06	25.79	
NODE_2_length_478080_cov_50.238 	1	83327 	83403 	Met	CAT	0	0	92.87	71.40	21.47	
NODE_2_length_478080_cov_50.238 	2	416234	416310	Arg	CCG	0	0	90.57	71.58	18.99	
NODE_3_length_430722_cov_49.407 	1	278117	278028	Ser	TGA	0	0	72.70	38.95	33.75	
NODE_3_length_430722_cov_49.407 	2	264684	264609	Gly	GCC	0	0	93.74	68.41	25.33	
NODE_3_length_430722_cov_49.407 	3	138546	138473	Cys	GCA	0	0	62.38	45.73	16.65	
NODE_3_length_430722_cov_49.407 	4	125920	125834	Leu	TAA	0	0	76.64	42.32	34.32	
NODE_4_length_400445_cov_49.5637	1	15188 	15102 	Leu	CAA	0	0	69.99	38.33	31.66	
NODE_5_length_395965_cov_49.7729	1	110781	110857	Pro	CGG	0	0	88.20	60.26	27.94	
NODE_5_length_395965_cov_49.7729	2	237196	237271	Asn	GTT	0	0	91.73	62.08	29.65	
NODE_5_length_395965_cov_49.7729	3	359972	359897	Val	TAC	0	0	94.49	73.68	20.81	
NODE_5_length_395965_cov_49.7729	4	359880	359804	Asp	GTC	0	0	94.67	75.49	19.18	
NODE_5_length_395965_cov_49.7729	5	228397	228322	Ala	GGC	0	0	86.95	68.86	18.09	
NODE_5_length_395965_cov_49.7729	6	228273	228198	Glu	TTC	0	0	66.40	38.20	28.20	
NODE_5_length_395965_cov_49.7729	7	189263	189188	Val	TAC	0	0	94.49	73.68	20.81	
NODE_5_length_395965_cov_49.7729	8	189171	189095	Asp	GTC	0	0	94.67	75.49	19.18	
NODE_5_length_395965_cov_49.7729	9	188980	188904	Asp	GTC	0	0	94.67	75.49	19.18	
NODE_6_length_390540_cov_48.9727	1	346540	346616	Arg	TCT	0	0	96.39	77.88	18.51	
NODE_6_length_390540_cov_48.9727	2	346668	346743	His	GTG	0	0	83.51	64.18	19.33	
NODE_6_length_390540_cov_48.9727	3	346798	346882	Leu	TAG	0	0	76.62	44.97	31.65	
NODE_6_length_390540_cov_48.9727	4	346949	347024	His	GTG	0	0	83.51	64.18	19.33	
NODE_6_length_390540_cov_48.9727	5	358303	358379	Asp	GTC	0	0	95.34	76.86	18.48	
NODE_7_length_303984_cov_50.1229	1	28515 	28590 	Thr	CGT	0	0	90.98	74.93	16.05	
NODE_14_length_203498_cov_48.6986	1	124776	124865	Ser	GGA	0	0	71.75	34.38	37.37	
NODE_14_length_203498_cov_48.6986	2	92279 	92204 	Glu	TTC	0	0	66.40	38.20	28.20	
NODE_14_length_203498_cov_48.6986	3	92201 	92126 	Gly	GCC	0	0	93.74	68.41	25.33	
NODE_14_length_203498_cov_48.6986	4	92041 	91966 	Gly	GCC	0	0	93.74	68.41	25.33	
NODE_14_length_203498_cov_48.6986	5	47027 	46951 	Val	GAC	0	0	93.19	67.81	25.38	
NODE_15_length_184811_cov_49.3619	1	157741	157652	Ser	CGA	0	0	68.31	24.88	43.43	
NODE_16_length_173403_cov_49.747	1	44212 	44285 	Arg	ACG	0	0	52.72	27.21	25.51	
NODE_16_length_173403_cov_49.747	2	151175	151249	Gln	TTG	0	0	66.82	40.36	26.46	
NODE_16_length_173403_cov_49.747	3	154923	154999	Met	CAT	0	0	87.19	64.42	22.77	
NODE_16_length_173403_cov_49.747	4	297   	222   	Asn	GTT	0	0	91.73	62.08	29.65	
NODE_16_length_173403_cov_49.747	5	212   	136   	Pro	TGG	0	0	87.63	64.60	23.03	
NODE_16_length_173403_cov_49.747	6	125   	50    	Lys	TTT	0	0	95.07	71.82	23.25	
NODE_17_length_163991_cov_50.4664	1	52674 	52750 	Met	CAT	0	0	85.06	58.55	26.51	
NODE_17_length_163991_cov_50.4664	2	158924	158996	Leu	GAG	0	0	20.84	19.28	1.56	
NODE_17_length_163991_cov_50.4664	3	69252 	69162 	Ser	GCT	0	0	76.69	47.10	29.59	
NODE_17_length_163991_cov_50.4664	4	69044 	68968 	Arg	ACG	0	0	83.50	58.05	25.45	
NODE_17_length_163991_cov_50.4664	5	68856 	68780 	Arg	ACG	0	0	83.50	58.05	25.45	
NODE_17_length_163991_cov_50.4664	6	125   	50    	Lys	TTT	0	0	95.07	71.82	23.25	
NODE_18_length_157583_cov_50.3648	1	99099 	99172 	Gly	CCC	0	0	60.35	30.06	30.29	
NODE_23_length_122491_cov_49.7167	1	3298  	3222  	Arg	CCT	0	0	83.71	58.51	25.20	
NODE_24_length_91229_cov_50.7403	1	1091  	1165  	Arg	CCT	0	0	68.11	55.13	12.98	
NODE_31_length_42632_cov_46.9105	1	29866 	29784 	Phe	GAA	0	0	21.74	20.22	1.52	
NODE_31_length_42632_cov_46.9105	2	18449 	18374 	Thr	TGT	0	0	93.66	75.64	18.02	
NODE_37_length_21129_cov_52.7853	1	18059 	17975 	Tyr	GTA	0	0	71.07	41.76	29.31	
NODE_37_length_21129_cov_52.7853	2	17948 	17875 	Gly	TCC	0	0	82.75	60.87	21.88	
NODE_37_length_21129_cov_52.7853	3	17855 	17780 	Thr	GGT	0	0	93.76	67.73	26.03	
NODE_37_length_21129_cov_52.7853	4	16446 	16371 	Trp	CCA	0	0	86.73	63.05	23.68	
NODE_39_length_17504_cov_50.2016	1	3656  	3580  	Pro	GGG	0	0	74.89	48.01	26.88	
NODE_51_length_6940_cov_91.3935 	1	3     	78    	Lys	TTT	0	0	95.07	71.82	23.25	
NODE_55_length_5004_cov_171.423 	1	1687  	1763  	Ile	GAT	0	0	98.83	72.69	26.14	
NODE_55_length_5004_cov_171.423 	2	1792  	1867  	Ala	TGC	0	0	90.68	71.56	19.12	
