Sequence                          		tRNA   	Bounds 	tRNA	Anti	Intron Bounds	Cove	HMM	2'Str	      
Name                              	tRNA #	Begin  	End    	Type	Codon	Begin	End	Score	Score	Score	Note
--------                          	------	-----  	------ 	----	-----	-----	----	------	-----	-----	------
NODE_1_length_1394552_cov_71.3405 	1	267538 	267628 	Ser	GCT	0	0	76.69	47.10	29.59	
NODE_1_length_1394552_cov_71.3405 	2	267746 	267822 	Arg	ACG	0	0	83.50	58.05	25.45	
NODE_1_length_1394552_cov_71.3405 	3	267934 	268010 	Arg	ACG	0	0	83.50	58.05	25.45	
NODE_1_length_1394552_cov_71.3405 	4	336702 	336777 	Lys	TTT	0	0	95.07	71.82	23.25	
NODE_1_length_1394552_cov_71.3405 	5	432976 	433061 	Lys	TTT	0	0	22.00	12.28	9.72	
NODE_1_length_1394552_cov_71.3405 	6	460531 	460620 	Ser	CGA	0	0	68.31	24.88	43.43	
NODE_1_length_1394552_cov_71.3405 	7	1302200	1302276	Arg	TCT	0	0	96.39	77.88	18.51	
NODE_1_length_1394552_cov_71.3405 	8	1302328	1302403	His	GTG	0	0	83.51	64.18	19.33	
NODE_1_length_1394552_cov_71.3405 	9	1302458	1302542	Leu	TAG	0	0	76.62	44.97	31.65	
NODE_1_length_1394552_cov_71.3405 	10	1302609	1302684	His	GTG	0	0	83.51	64.18	19.33	
NODE_1_length_1394552_cov_71.3405 	11	1313963	1314039	Asp	GTC	0	0	95.34	76.86	18.48	
NODE_1_length_1394552_cov_71.3405 	12	284116 	284040 	Met	CAT	0	0	85.06	58.55	26.51	
NODE_1_length_1394552_cov_71.3405 	13	177886 	177814 	Leu	GAG	0	0	20.84	19.28	1.56	
NODE_1_length_1394552_cov_71.3405 	14	74057  	73984  	Gly	CCC	0	0	60.35	30.06	30.29	
NODE_2_length_1039731_cov_70.7463 	1	630177 	630266 	Ser	GGA	0	0	71.75	34.38	37.37	
NODE_2_length_1039731_cov_70.7463 	2	818955 	819031 	Pro	CGG	0	0	88.20	60.26	27.94	
NODE_2_length_1039731_cov_70.7463 	3	993741 	993816 	Asn	GTT	0	0	91.73	62.08	29.65	
NODE_2_length_1039731_cov_70.7463 	4	984942 	984867 	Ala	GGC	0	0	86.95	68.86	18.09	
NODE_2_length_1039731_cov_70.7463 	5	984818 	984743 	Glu	TTC	0	0	66.40	38.20	28.20	
NODE_2_length_1039731_cov_70.7463 	6	984649 	984574 	Ala	GGC	0	0	86.95	68.86	18.09	
NODE_2_length_1039731_cov_70.7463 	7	984527 	984452 	Glu	TTC	0	0	66.40	38.20	28.20	
NODE_2_length_1039731_cov_70.7463 	8	945555 	945480 	Val	TAC	0	0	94.49	73.68	20.81	
NODE_2_length_1039731_cov_70.7463 	9	945463 	945387 	Asp	GTC	0	0	94.67	75.49	19.18	
NODE_2_length_1039731_cov_70.7463 	10	945272 	945196 	Asp	GTC	0	0	94.67	75.49	19.18	
NODE_2_length_1039731_cov_70.7463 	11	597681 	597606 	Glu	TTC	0	0	66.40	38.20	28.20	
NODE_2_length_1039731_cov_70.7463 	12	597603 	597528 	Gly	GCC	0	0	93.74	68.41	25.33	
NODE_2_length_1039731_cov_70.7463 	13	597443 	597368 	Gly	GCC	0	0	93.74	68.41	25.33	
NODE_2_length_1039731_cov_70.7463 	14	551045 	550969 	Val	GAC	0	0	93.19	67.81	25.38	
NODE_2_length_1039731_cov_70.7463 	15	517188 	517112 	Pro	GGG	0	0	74.89	48.01	26.88	
NODE_2_length_1039731_cov_70.7463 	16	349416 	349327 	Ser	TGA	0	0	72.70	38.95	33.75	
NODE_2_length_1039731_cov_70.7463 	17	293289 	293214 	Gly	GCC	0	0	93.74	68.41	25.33	
NODE_2_length_1039731_cov_70.7463 	18	286896 	286823 	Cys	GCA	0	0	62.38	45.73	16.65	
NODE_2_length_1039731_cov_70.7463 	19	274302 	274216 	Leu	TAA	0	0	76.64	42.32	34.32	
NODE_3_length_948371_cov_74.728   	1	736734 	736808 	Met	CAT	0	0	24.40	21.09	3.31	
NODE_3_length_948371_cov_74.728   	2	736843 	736917 	Arg	CCT	0	0	68.41	40.66	27.75	
NODE_3_length_948371_cov_74.728   	3	741808 	741878 	Arg	CCT	0	0	33.49	27.67	5.82	
NODE_3_length_948371_cov_74.728   	4	741975 	742046 	Arg	CCT	0	0	58.34	30.53	27.81	
NODE_3_length_948371_cov_74.728   	5	874503 	874578 	Val	TAC	0	0	94.49	73.68	20.81	
NODE_3_length_948371_cov_74.728   	6	874595 	874671 	Asp	GTC	0	0	94.67	75.49	19.18	
NODE_3_length_948371_cov_74.728   	7	214576 	214490 	Leu	CAA	0	0	69.99	38.33	31.66	
NODE_4_length_935809_cov_77.6887  	1	844396 	844320 	Met	CAT	0	0	92.87	71.40	21.47	
NODE_4_length_935809_cov_77.6887  	2	514956 	514880 	Arg	CCG	0	0	87.81	66.55	21.26	
NODE_5_length_769802_cov_77.8287  	1	652723 	652814 	SeC	TCA	0	0	55.75	-18.51	74.26	
NODE_5_length_769802_cov_77.8287  	2	706928 	707013 	Leu	GAG	0	0	68.53	39.16	29.37	
NODE_5_length_769802_cov_77.8287  	3	707104 	707180 	Met	CAT	0	0	85.85	60.06	25.79	
NODE_5_length_769802_cov_77.8287  	4	499119 	499033 	Leu	CAG	0	0	73.96	38.54	35.42	
NODE_5_length_769802_cov_77.8287  	5	498903 	498817 	Leu	CAG	0	0	73.96	38.54	35.42	
NODE_5_length_769802_cov_77.8287  	6	242151 	242076 	Phe	GAA	0	0	92.69	68.52	24.17	
NODE_5_length_769802_cov_77.8287  	7	230741 	230666 	Thr	TGT	0	0	93.66	75.64	18.02	
NODE_8_length_233147_cov_74.5743  	1	181840 	181915 	Asn	GTT	0	0	91.73	62.08	29.65	
NODE_8_length_233147_cov_74.5743  	2	181925 	182001 	Pro	TGG	0	0	87.63	64.60	23.03	
NODE_8_length_233147_cov_74.5743  	3	182012 	182087 	Lys	TTT	0	0	95.07	71.82	23.25	
NODE_8_length_233147_cov_74.5743  	4	201515 	201590 	Thr	CGT	0	0	90.98	74.93	16.05	
NODE_8_length_233147_cov_74.5743  	5	137930 	137857 	Arg	ACG	0	0	52.72	27.21	25.51	
NODE_8_length_233147_cov_74.5743  	6	29646  	29572  	Gln	TTG	0	0	66.82	40.36	26.46	
NODE_8_length_233147_cov_74.5743  	7	22449  	22373  	Met	CAT	0	0	87.19	64.42	22.77	
NODE_11_length_65316_cov_77.1303  	1	1016   	1091   	Trp	CCA	0	0	86.73	63.05	23.68	
NODE_14_length_5131_cov_176.698   	1	3318   	3242   	Ile	GAT	0	0	98.83	72.69	26.14	
NODE_14_length_5131_cov_176.698   	2	3213   	3138   	Ala	TGC	0	0	90.68	71.56	19.12	
NODE_15_length_3531_cov_51.1055   	1	2807   	2891   	Tyr	GTA	0	0	71.07	41.76	29.31	
NODE_15_length_3531_cov_51.1055   	2	2918   	2991   	Gly	TCC	0	0	82.75	60.87	21.88	
NODE_15_length_3531_cov_51.1055   	3	3011   	3086   	Thr	GGT	0	0	93.76	67.73	26.03	
