Sequence                         		tRNA  	Bounds	tRNA	Anti	Intron Bounds	Cove	HMM	2'Str	      
Name                             	tRNA #	Begin 	End   	Type	Codon	Begin	End	Score	Score	Score	Note
--------                         	------	----- 	------	----	-----	-----	----	------	-----	-----	------
NODE_1_length_886178_cov_57.6548 	1	518555	518644	Ser	GGA	0	0	71.75	34.38	37.37	
NODE_1_length_886178_cov_57.6548 	2	707344	707420	Pro	CGG	0	0	88.20	60.26	27.94	
NODE_1_length_886178_cov_57.6548 	3	834051	834126	Asn	GTT	0	0	91.73	62.08	29.65	
NODE_1_length_886178_cov_57.6548 	4	825252	825177	Ala	GGC	0	0	86.95	68.86	18.09	
NODE_1_length_886178_cov_57.6548 	5	825128	825053	Glu	TTC	0	0	66.40	38.20	28.20	
NODE_1_length_886178_cov_57.6548 	6	824959	824884	Ala	GGC	0	0	86.95	68.86	18.09	
NODE_1_length_886178_cov_57.6548 	7	824837	824762	Glu	TTC	0	0	66.40	38.20	28.20	
NODE_1_length_886178_cov_57.6548 	8	785849	785774	Val	TAC	0	0	94.49	73.68	20.81	
NODE_1_length_886178_cov_57.6548 	9	785757	785681	Asp	GTC	0	0	94.67	75.49	19.18	
NODE_1_length_886178_cov_57.6548 	10	785566	785490	Asp	GTC	0	0	94.67	75.49	19.18	
NODE_1_length_886178_cov_57.6548 	11	486060	485985	Glu	TTC	0	0	66.40	38.20	28.20	
NODE_1_length_886178_cov_57.6548 	12	485982	485907	Gly	GCC	0	0	93.74	68.41	25.33	
NODE_1_length_886178_cov_57.6548 	13	485822	485747	Gly	GCC	0	0	93.74	68.41	25.33	
NODE_1_length_886178_cov_57.6548 	14	391272	391196	Val	GAC	0	0	93.19	67.81	25.38	
NODE_1_length_886178_cov_57.6548 	15	357129	357053	Pro	GGG	0	0	74.89	48.01	26.88	
NODE_1_length_886178_cov_57.6548 	16	175877	175788	Ser	TGA	0	0	72.70	38.95	33.75	
NODE_1_length_886178_cov_57.6548 	17	151500	151425	Gly	GCC	0	0	93.74	68.41	25.33	
NODE_1_length_886178_cov_57.6548 	18	146878	146805	Cys	GCA	0	0	62.38	45.73	16.65	
NODE_1_length_886178_cov_57.6548 	19	134255	134169	Leu	TAA	0	0	76.64	42.32	34.32	
NODE_2_length_767712_cov_64.5732 	1	270488	270574	Leu	CAG	0	0	73.96	38.54	35.42	
NODE_2_length_767712_cov_64.5732 	2	270704	270790	Leu	CAG	0	0	73.96	38.54	35.42	
NODE_2_length_767712_cov_64.5732 	3	526417	526492	Phe	GAA	0	0	92.69	68.52	24.17	
NODE_2_length_767712_cov_64.5732 	4	537827	537902	Thr	TGT	0	0	93.66	75.64	18.02	
NODE_2_length_767712_cov_64.5732 	5	116831	116740	SeC	TCA	0	0	55.75	-18.51	74.26	
NODE_2_length_767712_cov_64.5732 	6	62793 	62708 	Leu	GAG	0	0	68.53	39.16	29.37	
NODE_2_length_767712_cov_64.5732 	7	62617 	62541 	Met	CAT	0	0	85.85	60.06	25.79	
NODE_3_length_582607_cov_59.9186 	1	27733 	27822 	Ser	CGA	0	0	68.31	24.88	43.43	
NODE_4_length_510209_cov_61.8709 	1	262739	262829	Ser	GCT	0	0	76.69	47.10	29.59	
NODE_4_length_510209_cov_61.8709 	2	262947	263023	Arg	ACG	0	0	83.50	58.05	25.45	
NODE_4_length_510209_cov_61.8709 	3	263135	263211	Arg	ACG	0	0	83.50	58.05	25.45	
NODE_4_length_510209_cov_61.8709 	4	331857	331932	Lys	TTT	0	0	95.07	71.82	23.25	
NODE_4_length_510209_cov_61.8709 	5	279281	279205	Met	CAT	0	0	85.06	58.55	26.51	
NODE_4_length_510209_cov_61.8709 	6	172994	172922	Leu	GAG	0	0	20.84	19.28	1.56	
NODE_4_length_510209_cov_61.8709 	7	70581 	70508 	Gly	CCC	0	0	60.35	30.06	30.29	
NODE_5_length_495315_cov_62.2099 	1	480218	480304	Leu	CAA	0	0	69.99	38.33	31.66	
NODE_5_length_495315_cov_62.2099 	2	3146  	3070  	Arg	CCT	0	0	83.71	58.51	25.20	
NODE_6_length_395318_cov_58.3123 	1	92571 	92495 	Arg	TCT	0	0	96.39	77.88	18.51	
NODE_6_length_395318_cov_58.3123 	2	92443 	92368 	His	GTG	0	0	83.51	64.18	19.33	
NODE_6_length_395318_cov_58.3123 	3	92312 	92228 	Leu	TAG	0	0	76.62	44.97	31.65	
NODE_6_length_395318_cov_58.3123 	4	92161 	92086 	His	GTG	0	0	83.51	64.18	19.33	
NODE_6_length_395318_cov_58.3123 	5	80795 	80719 	Asp	GTC	0	0	95.34	76.86	18.48	
NODE_7_length_393884_cov_63.3455 	1	302707	302631	Met	CAT	0	0	92.87	71.40	21.47	
NODE_8_length_262345_cov_61.3155 	1	25542 	25617 	Thr	CGT	0	0	90.98	74.93	16.05	
NODE_10_length_214790_cov_60.456 	1	172864	172939	Asn	GTT	0	0	91.73	62.08	29.65	
NODE_10_length_214790_cov_60.456 	2	172949	173025	Pro	TGG	0	0	87.63	64.60	23.03	
NODE_10_length_214790_cov_60.456 	3	173036	173111	Lys	TTT	0	0	95.07	71.82	23.25	
NODE_10_length_214790_cov_60.456 	4	128949	128876	Arg	ACG	0	0	52.72	27.21	25.51	
NODE_10_length_214790_cov_60.456 	5	22238 	22164 	Gln	TTG	0	0	66.82	40.36	26.46	
NODE_10_length_214790_cov_60.456 	6	18490 	18414 	Met	CAT	0	0	87.19	64.42	22.77	
NODE_12_length_203142_cov_61.6295	1	1444  	1518  	Arg	CCT	0	0	69.69	51.80	17.89	
NODE_12_length_203142_cov_61.6295	2	129281	129356	Val	TAC	0	0	94.49	73.68	20.81	
NODE_12_length_203142_cov_61.6295	3	129373	129449	Asp	GTC	0	0	94.67	75.49	19.18	
NODE_18_length_65628_cov_65.3109 	1	64409 	64334 	Trp	CCA	0	0	86.73	63.05	23.68	
NODE_25_length_35852_cov_63.3508 	1	34665 	34741 	Arg	CCG	0	0	87.81	66.55	21.26	
NODE_32_length_5604_cov_156.329  	1	3589  	3513  	Ile	GAT	0	0	98.83	72.69	26.14	
NODE_32_length_5604_cov_156.329  	2	3484  	3409  	Ala	TGC	0	0	90.68	71.56	19.12	
NODE_36_length_3319_cov_46.6284  	1	521   	437   	Tyr	GTA	0	0	71.07	41.76	29.31	
NODE_36_length_3319_cov_46.6284  	2	410   	337   	Gly	TCC	0	0	82.75	60.87	21.88	
NODE_36_length_3319_cov_46.6284  	3	317   	242   	Thr	GGT	0	0	93.76	67.73	26.03	
