Sequence                         		tRNA  	Bounds	tRNA	Anti	Intron Bounds	Cove	HMM	2'Str	      
Name                             	tRNA #	Begin 	End   	Type	Codon	Begin	End	Score	Score	Score	Note
--------                         	------	----- 	------	----	-----	-----	----	------	-----	-----	------
NODE_1_length_578664_cov_50.6579 	1	215175	215089	Leu	CAA	0	0	69.99	38.33	31.66	
NODE_2_length_506166_cov_52.1191 	1	389908	389999	SeC	TCA	0	0	55.75	-18.51	74.26	
NODE_2_length_506166_cov_52.1191 	2	443947	444032	Leu	GAG	0	0	68.53	39.16	29.37	
NODE_2_length_506166_cov_52.1191 	3	444123	444199	Met	CAT	0	0	85.85	60.06	25.79	
NODE_2_length_506166_cov_52.1191 	4	233627	233541	Leu	CAG	0	0	73.96	38.54	35.42	
NODE_2_length_506166_cov_52.1191 	5	233411	233325	Leu	CAG	0	0	73.96	38.54	35.42	
NODE_3_length_440864_cov_39.9635 	1	153999	154088	Ser	TGA	0	0	72.70	38.95	33.75	
NODE_3_length_440864_cov_39.9635 	2	178379	178454	Gly	GCC	0	0	93.74	68.41	25.33	
NODE_3_length_440864_cov_39.9635 	3	302064	302137	Cys	GCA	0	0	62.38	45.73	16.65	
NODE_3_length_440864_cov_39.9635 	4	314689	314775	Leu	TAA	0	0	76.64	42.32	34.32	
NODE_4_length_404555_cov_45.598  	1	72834 	72923 	Ser	GGA	0	0	71.75	34.38	37.37	
NODE_4_length_404555_cov_45.598  	2	261627	261703	Pro	CGG	0	0	88.20	60.26	27.94	
NODE_4_length_404555_cov_45.598  	3	391510	391585	Asn	GTT	0	0	91.73	62.08	29.65	
NODE_4_length_404555_cov_45.598  	4	382711	382636	Ala	GGC	0	0	86.95	68.86	18.09	
NODE_4_length_404555_cov_45.598  	5	382587	382512	Glu	TTC	0	0	66.40	38.20	28.20	
NODE_4_length_404555_cov_45.598  	6	382418	382343	Ala	GGC	0	0	86.95	68.86	18.09	
NODE_4_length_404555_cov_45.598  	7	382296	382221	Glu	TTC	0	0	66.40	38.20	28.20	
NODE_4_length_404555_cov_45.598  	8	343319	343244	Val	TAC	0	0	94.49	73.68	20.81	
NODE_4_length_404555_cov_45.598  	9	343227	343151	Asp	GTC	0	0	94.67	75.49	19.18	
NODE_4_length_404555_cov_45.598  	10	343036	342960	Asp	GTC	0	0	94.67	75.49	19.18	
NODE_4_length_404555_cov_45.598  	11	40339 	40264 	Glu	TTC	0	0	66.40	38.20	28.20	
NODE_4_length_404555_cov_45.598  	12	40261 	40186 	Gly	GCC	0	0	93.74	68.41	25.33	
NODE_5_length_369330_cov_53.7057 	1	291949	291873	Met	CAT	0	0	92.87	71.40	21.47	
NODE_6_length_305123_cov_48.174  	1	304897	304822	Thr	CGT	0	0	90.98	74.93	16.05	
NODE_7_length_304424_cov_48.0787 	1	250889	250979	Ser	GCT	0	0	76.69	47.10	29.59	
NODE_7_length_304424_cov_48.0787 	2	251097	251173	Arg	ACG	0	0	83.50	58.05	25.45	
NODE_7_length_304424_cov_48.0787 	3	251285	251361	Arg	ACG	0	0	83.50	58.05	25.45	
NODE_7_length_304424_cov_48.0787 	4	267471	267395	Met	CAT	0	0	85.06	58.55	26.51	
NODE_7_length_304424_cov_48.0787 	5	161207	161135	Leu	GAG	0	0	20.84	19.28	1.56	
NODE_7_length_304424_cov_48.0787 	6	57781 	57708 	Gly	CCC	0	0	60.35	30.06	30.29	
NODE_8_length_269283_cov_41.0477 	1	144514	144590	Arg	TCT	0	0	96.39	77.88	18.51	
NODE_8_length_269283_cov_41.0477 	2	144642	144717	His	GTG	0	0	83.51	64.18	19.33	
NODE_8_length_269283_cov_41.0477 	3	144772	144856	Leu	TAG	0	0	76.62	44.97	31.65	
NODE_8_length_269283_cov_41.0477 	4	144923	144998	His	GTG	0	0	83.51	64.18	19.33	
NODE_8_length_269283_cov_41.0477 	5	156276	156352	Asp	GTC	0	0	95.34	76.86	18.48	
NODE_11_length_211757_cov_49.4066	1	195697	195772	Asn	GTT	0	0	91.73	62.08	29.65	
NODE_11_length_211757_cov_49.4066	2	195782	195858	Pro	TGG	0	0	87.63	64.60	23.03	
NODE_11_length_211757_cov_49.4066	3	195869	195944	Lys	TTT	0	0	95.07	71.82	23.25	
NODE_11_length_211757_cov_49.4066	4	151781	151708	Arg	ACG	0	0	52.72	27.21	25.51	
NODE_11_length_211757_cov_49.4066	5	45604 	45530 	Gln	TTG	0	0	66.82	40.36	26.46	
NODE_11_length_211757_cov_49.4066	6	18485 	18409 	Met	CAT	0	0	87.19	64.42	22.77	
NODE_18_length_136179_cov_45.7507	1	100221	100146	Val	TAC	0	0	94.49	73.68	20.81	
NODE_18_length_136179_cov_45.7507	2	100129	100053	Asp	GTC	0	0	94.67	75.49	19.18	
NODE_19_length_120606_cov_49.0806	1	919   	843   	Arg	CCT	0	0	83.71	58.51	25.20	
NODE_20_length_113949_cov_41.8037	1	694   	769   	Gly	GCC	0	0	93.74	68.41	25.33	
NODE_20_length_113949_cov_41.8037	2	88092 	88168 	Val	GAC	0	0	93.19	67.81	25.38	
NODE_26_length_76775_cov_53.5082 	1	4899  	4824  	Phe	GAA	0	0	92.69	68.52	24.17	
NODE_28_length_71238_cov_42.526  	1	15882 	15957 	Lys	TTT	0	0	95.07	71.82	23.25	
NODE_32_length_56721_cov_52.9289 	1	20802 	20877 	Thr	TGT	0	0	93.66	75.64	18.02	
NODE_33_length_52678_cov_42.7214 	1	154   	65    	Ser	CGA	0	0	68.31	24.88	43.43	
NODE_34_length_49341_cov_38.9101 	1	34453 	34529 	Pro	GGG	0	0	74.89	48.01	26.88	
NODE_36_length_44615_cov_182.159 	1	145   	65    	Undet	NNN	0	0	20.14	-10.79	30.93	
NODE_38_length_36260_cov_54.5403 	1	34644 	34720 	Arg	CCG	0	0	87.81	66.55	21.26	
NODE_39_length_34991_cov_50.5262 	1	34946 	34866 	Undet	NNN	0	0	20.14	-10.79	30.93	
NODE_41_length_32051_cov_51.2565 	1	1220  	1295  	Trp	CCA	0	0	86.73	63.05	23.68	
NODE_48_length_10735_cov_38.4444 	1	5304  	5370  	Undet	NNN	0	0	27.49	14.74	12.75	
NODE_56_length_5530_cov_156.054  	1	1954  	2030  	Ile	GAT	0	0	98.83	72.69	26.14	
NODE_56_length_5530_cov_156.054  	2	2059  	2134  	Ala	TGC	0	0	90.68	71.56	19.12	
NODE_59_length_3329_cov_45.2071  	1	2809  	2893  	Tyr	GTA	0	0	71.07	41.76	29.31	
NODE_59_length_3329_cov_45.2071  	2	2920  	2993  	Gly	TCC	0	0	82.75	60.87	21.88	
NODE_59_length_3329_cov_45.2071  	3	3013  	3088  	Thr	GGT	0	0	93.76	67.73	26.03	
