Sequence                         		tRNA  	Bounds	tRNA	Anti	Intron Bounds	Cove	HMM	2'Str	      
Name                             	tRNA #	Begin 	End   	Type	Codon	Begin	End	Score	Score	Score	Note
--------                         	------	----- 	------	----	-----	-----	----	------	-----	-----	------
NODE_1_length_644960_cov_64.0445 	1	117427	117516	Ser	CGA	0	0	68.31	24.88	43.43	
NODE_2_length_556314_cov_63.7688 	1	317073	317159	Leu	CAA	0	0	69.99	38.33	31.66	
NODE_3_length_488900_cov_63.9713 	1	346364	346437	Arg	ACG	0	0	52.72	27.21	25.51	
NODE_3_length_488900_cov_63.9713 	2	453102	453176	Gln	TTG	0	0	66.82	40.36	26.46	
NODE_3_length_488900_cov_63.9713 	3	456851	456927	Met	CAT	0	0	87.19	64.42	22.77	
NODE_3_length_488900_cov_63.9713 	4	302457	302382	Asn	GTT	0	0	91.73	62.08	29.65	
NODE_3_length_488900_cov_63.9713 	5	302372	302296	Pro	TGG	0	0	87.63	64.60	23.03	
NODE_3_length_488900_cov_63.9713 	6	302285	302210	Lys	TTT	0	0	95.07	71.82	23.25	
NODE_3_length_488900_cov_63.9713 	7	283540	283465	Thr	CGT	0	0	90.98	74.93	16.05	
NODE_4_length_457742_cov_62.7158 	1	40538 	40627 	Ser	GGA	0	0	71.75	34.38	37.37	
NODE_4_length_457742_cov_62.7158 	2	282112	282188	Pro	CGG	0	0	88.20	60.26	27.94	
NODE_4_length_457742_cov_62.7158 	3	408800	408875	Asn	GTT	0	0	91.73	62.08	29.65	
NODE_4_length_457742_cov_62.7158 	4	400001	399926	Ala	GGC	0	0	86.95	68.86	18.09	
NODE_4_length_457742_cov_62.7158 	5	399877	399802	Glu	TTC	0	0	66.40	38.20	28.20	
NODE_4_length_457742_cov_62.7158 	6	399708	399633	Ala	GGC	0	0	86.95	68.86	18.09	
NODE_4_length_457742_cov_62.7158 	7	399586	399511	Glu	TTC	0	0	66.40	38.20	28.20	
NODE_4_length_457742_cov_62.7158 	8	360605	360530	Val	TAC	0	0	94.49	73.68	20.81	
NODE_4_length_457742_cov_62.7158 	9	360513	360437	Asp	GTC	0	0	94.67	75.49	19.18	
NODE_4_length_457742_cov_62.7158 	10	360322	360246	Asp	GTC	0	0	94.67	75.49	19.18	
NODE_4_length_457742_cov_62.7158 	11	8027  	7952  	Glu	TTC	0	0	66.40	38.20	28.20	
NODE_4_length_457742_cov_62.7158 	12	7949  	7874  	Gly	GCC	0	0	93.74	68.41	25.33	
NODE_4_length_457742_cov_62.7158 	13	7789  	7714  	Gly	GCC	0	0	93.74	68.41	25.33	
NODE_5_length_455868_cov_64.5498 	1	271209	271295	Leu	CAG	0	0	73.96	38.54	35.42	
NODE_5_length_455868_cov_64.5498 	2	271425	271511	Leu	CAG	0	0	73.96	38.54	35.42	
NODE_5_length_455868_cov_64.5498 	3	117182	117091	SeC	TCA	0	0	55.75	-18.51	74.26	
NODE_5_length_455868_cov_64.5498 	4	62875 	62790 	Leu	GAG	0	0	68.53	39.16	29.37	
NODE_5_length_455868_cov_64.5498 	5	62699 	62623 	Met	CAT	0	0	85.85	60.06	25.79	
NODE_6_length_406668_cov_61.3997 	1	204783	204859	Arg	CCT	0	0	83.71	58.51	25.20	
NODE_6_length_406668_cov_61.3997 	2	332620	332695	Val	TAC	0	0	94.49	73.68	20.81	
NODE_6_length_406668_cov_61.3997 	3	332712	332788	Asp	GTC	0	0	94.67	75.49	19.18	
NODE_7_length_395334_cov_60.3199 	1	302786	302862	Arg	TCT	0	0	96.39	77.88	18.51	
NODE_7_length_395334_cov_60.3199 	2	302914	302989	His	GTG	0	0	83.51	64.18	19.33	
NODE_7_length_395334_cov_60.3199 	3	303044	303128	Leu	TAG	0	0	76.62	44.97	31.65	
NODE_7_length_395334_cov_60.3199 	4	303195	303270	His	GTG	0	0	83.51	64.18	19.33	
NODE_7_length_395334_cov_60.3199 	5	314561	314637	Asp	GTC	0	0	95.34	76.86	18.48	
NODE_8_length_372392_cov_65.944  	1	294489	294413	Met	CAT	0	0	92.87	71.40	21.47	
NODE_9_length_348847_cov_62.495  	1	206319	206230	Ser	TGA	0	0	72.70	38.95	33.75	
NODE_9_length_348847_cov_62.495  	2	181942	181867	Gly	GCC	0	0	93.74	68.41	25.33	
NODE_9_length_348847_cov_62.495  	3	177321	177248	Cys	GCA	0	0	62.38	45.73	16.65	
NODE_9_length_348847_cov_62.495  	4	164697	164611	Leu	TAA	0	0	76.64	42.32	34.32	
NODE_15_length_184688_cov_61.845 	1	137612	137688	Val	GAC	0	0	93.19	67.81	25.38	
NODE_15_length_184688_cov_61.845 	2	171753	171829	Pro	GGG	0	0	74.89	48.01	26.88	
NODE_17_length_161357_cov_65.0056	1	89990 	90080 	Ser	GCT	0	0	76.69	47.10	29.59	
NODE_17_length_161357_cov_65.0056	2	90198 	90274 	Arg	ACG	0	0	83.50	58.05	25.45	
NODE_17_length_161357_cov_65.0056	3	90386 	90462 	Arg	ACG	0	0	83.50	58.05	25.45	
NODE_17_length_161357_cov_65.0056	4	159114	159189	Lys	TTT	0	0	95.07	71.82	23.25	
NODE_17_length_161357_cov_65.0056	5	106535	106459	Met	CAT	0	0	85.06	58.55	26.51	
NODE_17_length_161357_cov_65.0056	6	324   	252   	Leu	GAG	0	0	20.84	19.28	1.56	
NODE_18_length_158497_cov_66.3962	1	58882 	58809 	Gly	CCC	0	0	60.35	30.06	30.29	
NODE_21_length_85869_cov_64.8478 	1	72244 	72319 	Phe	GAA	0	0	92.69	68.52	24.17	
NODE_21_length_85869_cov_64.8478 	2	83649 	83724 	Thr	TGT	0	0	93.66	75.64	18.02	
NODE_22_length_65526_cov_64.4023 	1	64307 	64232 	Trp	CCA	0	0	86.73	63.05	23.68	
NODE_27_length_36048_cov_67.3698 	1	34621 	34697 	Arg	CCG	0	0	87.81	66.55	21.26	
NODE_35_length_5523_cov_225.766  	1	1935  	2011  	Ile	GAT	0	0	98.83	72.69	26.14	
NODE_35_length_5523_cov_225.766  	2	2040  	2115  	Ala	TGC	0	0	90.68	71.56	19.12	
NODE_41_length_3319_cov_57.5376  	1	521   	437   	Tyr	GTA	0	0	71.07	41.76	29.31	
NODE_41_length_3319_cov_57.5376  	2	410   	337   	Gly	TCC	0	0	82.75	60.87	21.88	
NODE_41_length_3319_cov_57.5376  	3	317   	242   	Thr	GGT	0	0	93.76	67.73	26.03	
