Sequence                         		tRNA  	Bounds	tRNA	Anti	Intron Bounds	Cove	HMM	2'Str	      
Name                             	tRNA #	Begin 	End   	Type	Codon	Begin	End	Score	Score	Score	Note
--------                         	------	----- 	------	----	-----	-----	----	------	-----	-----	------
NODE_1_length_856216_cov_57.5021 	1	648463	648539	Arg	CCT	0	0	83.71	58.51	25.20	
NODE_1_length_856216_cov_57.5021 	2	654449	654523	Arg	CCT	0	0	69.69	51.80	17.89	
NODE_1_length_856216_cov_57.5021 	3	782247	782322	Val	TAC	0	0	94.49	73.68	20.81	
NODE_1_length_856216_cov_57.5021 	4	782339	782415	Asp	GTC	0	0	94.67	75.49	19.18	
NODE_2_length_830289_cov_53.4167 	1	465572	465661	Ser	GGA	0	0	71.75	34.38	37.37	
NODE_2_length_830289_cov_53.4167 	2	654364	654440	Pro	CGG	0	0	88.20	60.26	27.94	
NODE_2_length_830289_cov_53.4167 	3	783190	783265	Asn	GTT	0	0	91.73	62.08	29.65	
NODE_2_length_830289_cov_53.4167 	4	774391	774316	Ala	GGC	0	0	86.95	68.86	18.09	
NODE_2_length_830289_cov_53.4167 	5	774267	774192	Glu	TTC	0	0	66.40	38.20	28.20	
NODE_2_length_830289_cov_53.4167 	6	774098	774023	Ala	GGC	0	0	86.95	68.86	18.09	
NODE_2_length_830289_cov_53.4167 	7	773976	773901	Glu	TTC	0	0	66.40	38.20	28.20	
NODE_2_length_830289_cov_53.4167 	8	734985	734910	Val	TAC	0	0	94.49	73.68	20.81	
NODE_2_length_830289_cov_53.4167 	9	734893	734817	Asp	GTC	0	0	94.67	75.49	19.18	
NODE_2_length_830289_cov_53.4167 	10	734702	734626	Asp	GTC	0	0	94.67	75.49	19.18	
NODE_2_length_830289_cov_53.4167 	11	433076	433001	Glu	TTC	0	0	66.40	38.20	28.20	
NODE_2_length_830289_cov_53.4167 	12	432998	432923	Gly	GCC	0	0	93.74	68.41	25.33	
NODE_2_length_830289_cov_53.4167 	13	432838	432763	Gly	GCC	0	0	93.74	68.41	25.33	
NODE_2_length_830289_cov_53.4167 	14	385559	385483	Val	GAC	0	0	93.19	67.81	25.38	
NODE_2_length_830289_cov_53.4167 	15	351416	351340	Pro	GGG	0	0	74.89	48.01	26.88	
NODE_2_length_830289_cov_53.4167 	16	167243	167154	Ser	TGA	0	0	72.70	38.95	33.75	
NODE_2_length_830289_cov_53.4167 	17	142863	142788	Gly	GCC	0	0	93.74	68.41	25.33	
NODE_2_length_830289_cov_53.4167 	18	138239	138166	Cys	GCA	0	0	62.38	45.73	16.65	
NODE_2_length_830289_cov_53.4167 	19	125615	125529	Leu	TAA	0	0	76.64	42.32	34.32	
NODE_3_length_764131_cov_55.7632 	1	251452	251542	Ser	GCT	0	0	76.69	47.10	29.59	
NODE_3_length_764131_cov_55.7632 	2	251660	251736	Arg	ACG	0	0	83.50	58.05	25.45	
NODE_3_length_764131_cov_55.7632 	3	251848	251924	Arg	ACG	0	0	83.50	58.05	25.45	
NODE_3_length_764131_cov_55.7632 	4	320577	320652	Lys	TTT	0	0	95.07	71.82	23.25	
NODE_3_length_764131_cov_55.7632 	5	348117	348206	Ser	CGA	0	0	68.31	24.88	43.43	
NODE_3_length_764131_cov_55.7632 	6	268029	267953	Met	CAT	0	0	85.06	58.55	26.51	
NODE_3_length_764131_cov_55.7632 	7	161770	161698	Leu	GAG	0	0	20.84	19.28	1.56	
NODE_3_length_764131_cov_55.7632 	8	58963 	58890 	Gly	CCC	0	0	60.35	30.06	30.29	
NODE_4_length_557388_cov_59.5391 	1	440256	440347	SeC	TCA	0	0	55.75	-18.51	74.26	
NODE_4_length_557388_cov_59.5391 	2	494495	494580	Leu	GAG	0	0	68.53	39.16	29.37	
NODE_4_length_557388_cov_59.5391 	3	494671	494747	Met	CAT	0	0	85.85	60.06	25.79	
NODE_4_length_557388_cov_59.5391 	4	286377	286291	Leu	CAG	0	0	73.96	38.54	35.42	
NODE_4_length_557388_cov_59.5391 	5	286161	286075	Leu	CAG	0	0	73.96	38.54	35.42	
NODE_4_length_557388_cov_59.5391 	6	30555 	30480 	Phe	GAA	0	0	92.69	68.52	24.17	
NODE_4_length_557388_cov_59.5391 	7	19149 	19074 	Thr	TGT	0	0	93.66	75.64	18.02	
NODE_5_length_482912_cov_55.3702 	1	101172	101247	Asn	GTT	0	0	91.73	62.08	29.65	
NODE_5_length_482912_cov_55.3702 	2	101257	101333	Pro	TGG	0	0	87.63	64.60	23.03	
NODE_5_length_482912_cov_55.3702 	3	101344	101419	Lys	TTT	0	0	95.07	71.82	23.25	
NODE_5_length_482912_cov_55.3702 	4	213607	213682	Thr	CGT	0	0	90.98	74.93	16.05	
NODE_5_length_482912_cov_55.3702 	5	57262 	57189 	Arg	ACG	0	0	52.72	27.21	25.51	
NODE_6_length_397584_cov_52.7772 	1	302797	302873	Arg	TCT	0	0	96.39	77.88	18.51	
NODE_6_length_397584_cov_52.7772 	2	302925	303000	His	GTG	0	0	83.51	64.18	19.33	
NODE_6_length_397584_cov_52.7772 	3	303055	303139	Leu	TAG	0	0	76.62	44.97	31.65	
NODE_6_length_397584_cov_52.7772 	4	303206	303281	His	GTG	0	0	81.24	64.53	16.71	
NODE_6_length_397584_cov_52.7772 	5	314566	314642	Asp	GTC	0	0	95.34	76.86	18.48	
NODE_7_length_372137_cov_59.6841 	1	294399	294323	Met	CAT	0	0	92.87	71.40	21.47	
NODE_8_length_279401_cov_58.0535 	1	222293	222207	Leu	CAA	0	0	69.99	38.33	31.66	
NODE_9_length_261087_cov_59.4989 	1	1220  	1295  	Trp	CCA	0	0	86.73	63.05	23.68	
NODE_18_length_92082_cov_55.2086 	1	42731 	42657 	Gln	TTG	0	0	66.82	40.36	26.46	
NODE_18_length_92082_cov_55.2086 	2	18493 	18417 	Met	CAT	0	0	87.19	64.42	22.77	
NODE_21_length_36106_cov_59.7011 	1	1475  	1399  	Arg	CCG	0	0	87.81	66.55	21.26	
NODE_25_length_5422_cov_176.557  	1	3510  	3434  	Ile	GAT	0	0	98.83	72.69	26.14	
NODE_25_length_5422_cov_176.557  	2	3405  	3330  	Ala	TGC	0	0	90.68	71.56	19.12	
NODE_30_length_3398_cov_47.86    	1	2878  	2962  	Tyr	GTA	0	0	71.07	41.76	29.31	
NODE_30_length_3398_cov_47.86    	2	2989  	3062  	Gly	TCC	0	0	82.75	60.87	21.88	
NODE_30_length_3398_cov_47.86    	3	3082  	3157  	Thr	GGT	0	0	93.76	67.73	26.03	
