Sequence                          		tRNA   	Bounds 	tRNA	Anti	Intron Bounds	Cove	HMM	2'Str	      
Name                              	tRNA #	Begin  	End    	Type	Codon	Begin	End	Score	Score	Score	Note
--------                          	------	-----  	------ 	----	-----	-----	----	------	-----	-----	------
NODE_1_length_1363563_cov_59.5283 	1	268446 	268536 	Ser	GCT	0	0	76.69	47.10	29.59	
NODE_1_length_1363563_cov_59.5283 	2	268654 	268730 	Arg	ACG	0	0	83.50	58.05	25.45	
NODE_1_length_1363563_cov_59.5283 	3	268842 	268918 	Arg	ACG	0	0	83.50	58.05	25.45	
NODE_1_length_1363563_cov_59.5283 	4	337595 	337670 	Lys	TTT	0	0	95.07	71.82	23.25	
NODE_1_length_1363563_cov_59.5283 	5	365157 	365246 	Ser	CGA	0	0	68.31	24.88	43.43	
NODE_1_length_1363563_cov_59.5283 	6	1237419	1237495	Arg	TCT	0	0	96.39	77.88	18.51	
NODE_1_length_1363563_cov_59.5283 	7	1237547	1237622	His	GTG	0	0	83.51	64.18	19.33	
NODE_1_length_1363563_cov_59.5283 	8	1237677	1237761	Leu	TAG	0	0	76.62	44.97	31.65	
NODE_1_length_1363563_cov_59.5283 	9	1237828	1237903	His	GTG	0	0	83.51	64.18	19.33	
NODE_1_length_1363563_cov_59.5283 	10	1249181	1249257	Asp	GTC	0	0	95.34	76.86	18.48	
NODE_1_length_1363563_cov_59.5283 	11	285025 	284949 	Met	CAT	0	0	85.06	58.55	26.51	
NODE_1_length_1363563_cov_59.5283 	12	178731 	178659 	Leu	GAG	0	0	20.84	19.28	1.56	
NODE_1_length_1363563_cov_59.5283 	13	56436  	56363  	Gly	CCC	0	0	60.35	30.06	30.29	
NODE_2_length_776806_cov_60.7351  	1	660153 	660244 	SeC	TCA	0	0	55.75	-18.51	74.26	
NODE_2_length_776806_cov_60.7351  	2	714037 	714122 	Leu	GAG	0	0	68.53	39.16	29.37	
NODE_2_length_776806_cov_60.7351  	3	714213 	714289 	Met	CAT	0	0	85.85	60.06	25.79	
NODE_2_length_776806_cov_60.7351  	4	506651 	506565 	Leu	CAG	0	0	73.96	38.54	35.42	
NODE_2_length_776806_cov_60.7351  	5	506435 	506349 	Leu	CAG	0	0	73.96	38.54	35.42	
NODE_2_length_776806_cov_60.7351  	6	250558 	250483 	Phe	GAA	0	0	92.69	68.52	24.17	
NODE_2_length_776806_cov_60.7351  	7	239148 	239073 	Thr	TGT	0	0	93.66	75.64	18.02	
NODE_3_length_599527_cov_59.2755  	1	216533 	216447 	Leu	CAA	0	0	69.99	38.33	31.66	
NODE_4_length_493268_cov_61.0742  	1	34648  	34724  	Arg	CCG	0	0	87.81	66.55	21.26	
NODE_5_length_457226_cov_59.65    	1	92570  	92659  	Ser	GGA	0	0	71.75	34.38	37.37	
NODE_5_length_457226_cov_59.65    	2	281377 	281453 	Pro	CGG	0	0	88.20	60.26	27.94	
NODE_5_length_457226_cov_59.65    	3	411240 	411315 	Asn	GTT	0	0	91.73	62.08	29.65	
NODE_5_length_457226_cov_59.65    	4	402441 	402366 	Ala	GGC	0	0	86.95	68.86	18.09	
NODE_5_length_457226_cov_59.65    	5	402317 	402242 	Glu	TTC	0	0	66.40	38.20	28.20	
NODE_5_length_457226_cov_59.65    	6	402148 	402073 	Ala	GGC	0	0	86.95	68.86	18.09	
NODE_5_length_457226_cov_59.65    	7	402026 	401951 	Glu	TTC	0	0	66.40	38.20	28.20	
NODE_5_length_457226_cov_59.65    	8	362992 	362917 	Val	TAC	0	0	94.49	73.68	20.81	
NODE_5_length_457226_cov_59.65    	9	362900 	362824 	Asp	GTC	0	0	94.67	75.49	19.18	
NODE_5_length_457226_cov_59.65    	10	362709 	362633 	Asp	GTC	0	0	94.67	75.49	19.18	
NODE_5_length_457226_cov_59.65    	11	60074  	59999  	Glu	TTC	0	0	66.40	38.20	28.20	
NODE_5_length_457226_cov_59.65    	12	59996  	59921  	Gly	GCC	0	0	93.74	68.41	25.33	
NODE_5_length_457226_cov_59.65    	13	59836  	59761  	Gly	GCC	0	0	93.74	68.41	25.33	
NODE_6_length_397932_cov_57.9279  	1	372434 	372358 	Val	GAC	0	0	93.19	67.81	25.38	
NODE_6_length_397932_cov_57.9279  	2	339436 	339360 	Pro	GGG	0	0	74.89	48.01	26.88	
NODE_6_length_397932_cov_57.9279  	3	175050 	174961 	Ser	TGA	0	0	72.70	38.95	33.75	
NODE_6_length_397932_cov_57.9279  	4	118926 	118851 	Gly	GCC	0	0	93.74	68.41	25.33	
NODE_6_length_397932_cov_57.9279  	5	112533 	112460 	Cys	GCA	0	0	62.38	45.73	16.65	
NODE_6_length_397932_cov_57.9279  	6	99908  	99822  	Leu	TAA	0	0	76.64	42.32	34.32	
NODE_7_length_382518_cov_58.4391  	1	293010 	292934 	Met	CAT	0	0	92.87	71.40	21.47	
NODE_8_length_357941_cov_58.6603  	1	102107 	102182 	Asn	GTT	0	0	91.73	62.08	29.65	
NODE_8_length_357941_cov_58.6603  	2	102192 	102268 	Pro	TGG	0	0	87.63	64.60	23.03	
NODE_8_length_357941_cov_58.6603  	3	102279 	102354 	Lys	TTT	0	0	95.07	71.82	23.25	
NODE_8_length_357941_cov_58.6603  	4	121622 	121697 	Thr	CGT	0	0	90.98	74.93	16.05	
NODE_8_length_357941_cov_58.6603  	5	58191  	58118  	Arg	ACG	0	0	52.72	27.21	25.51	
NODE_10_length_210279_cov_59.7362 	1	3636   	3710   	Arg	CCT	0	0	69.69	51.80	17.89	
NODE_10_length_210279_cov_59.7362 	2	131548 	131623 	Val	TAC	0	0	94.49	73.68	20.81	
NODE_10_length_210279_cov_59.7362 	3	131640 	131716 	Asp	GTC	0	0	94.67	75.49	19.18	
NODE_11_length_157566_cov_59.5421 	1	154802 	154878 	Arg	CCT	0	0	83.71	58.51	25.20	
NODE_15_length_93035_cov_58.0538  	1	43023  	42949  	Gln	TTG	0	0	66.82	40.36	26.46	
NODE_15_length_93035_cov_58.0538  	2	35796  	35720  	Met	CAT	0	0	87.19	64.42	22.77	
NODE_15_length_93035_cov_58.0538  	3	22152  	22074  	Met	CAT	0	0	23.23	32.22	-8.99	
NODE_18_length_65547_cov_57.0683  	1	64328  	64253  	Trp	CCA	0	0	86.73	63.05	23.68	
NODE_24_length_5569_cov_224.256   	1	3616   	3540   	Ile	GAT	0	0	98.83	72.69	26.14	
NODE_24_length_5569_cov_224.256   	2	3511   	3436   	Ala	TGC	0	0	90.68	71.56	19.12	
NODE_28_length_3292_cov_46.6325   	1	521    	437    	Tyr	GTA	0	0	71.07	41.76	29.31	
NODE_28_length_3292_cov_46.6325   	2	410    	337    	Gly	TCC	0	0	82.75	60.87	21.88	
NODE_28_length_3292_cov_46.6325   	3	317    	242    	Thr	GGT	0	0	93.76	67.73	26.03	
