Sequence                         		tRNA  	Bounds	tRNA	Anti	Intron Bounds	Cove	HMM	2'Str	      
Name                             	tRNA #	Begin 	End   	Type	Codon	Begin	End	Score	Score	Score	Note
--------                         	------	----- 	------	----	-----	-----	----	------	-----	-----	------
NODE_1_length_922353_cov_67.4456 	1	720658	720734	Arg	CCT	0	0	83.71	58.51	25.20	
NODE_1_length_922353_cov_67.4456 	2	848506	848581	Val	TAC	0	0	94.49	73.68	20.81	
NODE_1_length_922353_cov_67.4456 	3	848598	848674	Asp	GTC	0	0	94.67	75.49	19.18	
NODE_1_length_922353_cov_67.4456 	4	228129	228043	Leu	CAA	0	0	69.99	38.33	31.66	
NODE_2_length_774575_cov_69.0946 	1	270836	270922	Leu	CAG	0	0	73.96	38.54	35.42	
NODE_2_length_774575_cov_69.0946 	2	271052	271138	Leu	CAG	0	0	73.96	38.54	35.42	
NODE_2_length_774575_cov_69.0946 	3	526009	526084	Phe	GAA	0	0	92.69	68.52	24.17	
NODE_2_length_774575_cov_69.0946 	4	544826	544901	Thr	TGT	0	0	93.66	75.64	18.02	
NODE_2_length_774575_cov_69.0946 	5	117157	117066	SeC	TCA	0	0	55.75	-18.51	74.26	
NODE_2_length_774575_cov_69.0946 	6	62875 	62790 	Leu	GAG	0	0	68.53	39.16	29.37	
NODE_2_length_774575_cov_69.0946 	7	62699 	62623 	Met	CAT	0	0	85.85	60.06	25.79	
NODE_3_length_640161_cov_67.5293 	1	65607 	65682 	Lys	TTT	0	0	95.07	71.82	23.25	
NODE_3_length_640161_cov_67.5293 	2	93147 	93236 	Ser	CGA	0	0	68.31	24.88	43.43	
NODE_3_length_640161_cov_67.5293 	3	13047 	12971 	Met	CAT	0	0	85.06	58.55	26.51	
NODE_4_length_426274_cov_65.8498 	1	57744 	57819 	Ala	GGC	0	0	86.95	68.86	18.09	
NODE_4_length_426274_cov_65.8498 	2	57868 	57943 	Glu	TTC	0	0	66.40	38.20	28.20	
NODE_4_length_426274_cov_65.8498 	3	58037 	58112 	Ala	GGC	0	0	86.95	68.86	18.09	
NODE_4_length_426274_cov_65.8498 	4	58159 	58234 	Glu	TTC	0	0	66.40	38.20	28.20	
NODE_4_length_426274_cov_65.8498 	5	97156 	97231 	Val	TAC	0	0	94.49	73.68	20.81	
NODE_4_length_426274_cov_65.8498 	6	97248 	97324 	Asp	GTC	0	0	94.67	75.49	19.18	
NODE_4_length_426274_cov_65.8498 	7	97439 	97515 	Asp	GTC	0	0	94.67	75.49	19.18	
NODE_4_length_426274_cov_65.8498 	8	398976	399051	Glu	TTC	0	0	66.40	38.20	28.20	
NODE_4_length_426274_cov_65.8498 	9	399054	399129	Gly	GCC	0	0	93.74	68.41	25.33	
NODE_4_length_426274_cov_65.8498 	10	399214	399289	Gly	GCC	0	0	93.74	68.41	25.33	
NODE_4_length_426274_cov_65.8498 	11	366513	366424	Ser	GGA	0	0	71.75	34.38	37.37	
NODE_4_length_426274_cov_65.8498 	12	177772	177696	Pro	CGG	0	0	88.20	60.26	27.94	
NODE_4_length_426274_cov_65.8498 	13	48944 	48869 	Asn	GTT	0	0	91.73	62.08	29.65	
NODE_5_length_397775_cov_66.9947 	1	302989	303065	Arg	TCT	0	0	96.39	77.88	18.51	
NODE_5_length_397775_cov_66.9947 	2	303117	303192	His	GTG	0	0	83.51	64.18	19.33	
NODE_5_length_397775_cov_66.9947 	3	303247	303331	Leu	TAG	0	0	76.62	44.97	31.65	
NODE_5_length_397775_cov_66.9947 	4	303398	303473	His	GTG	0	0	83.51	64.18	19.33	
NODE_5_length_397775_cov_66.9947 	5	314764	314840	Asp	GTC	0	0	95.34	76.86	18.48	
NODE_6_length_395382_cov_67.5163 	1	338118	338191	Arg	ACG	0	0	52.72	27.21	25.51	
NODE_6_length_395382_cov_67.5163 	2	294211	294136	Asn	GTT	0	0	91.73	62.08	29.65	
NODE_6_length_395382_cov_67.5163 	3	294126	294050	Pro	TGG	0	0	87.63	64.60	23.03	
NODE_6_length_395382_cov_67.5163 	4	294039	293964	Lys	TTT	0	0	95.07	71.82	23.25	
NODE_6_length_395382_cov_67.5163 	5	275294	275219	Thr	CGT	0	0	90.98	74.93	16.05	
NODE_7_length_370966_cov_67.5036 	1	293240	293164	Met	CAT	0	0	92.87	71.40	21.47	
NODE_8_length_284239_cov_67.6643 	1	249937	250027	Ser	GCT	0	0	76.69	47.10	29.59	
NODE_8_length_284239_cov_67.6643 	2	250145	250221	Arg	ACG	0	0	83.50	58.05	25.45	
NODE_8_length_284239_cov_67.6643 	3	250333	250409	Arg	ACG	0	0	83.50	58.05	25.45	
NODE_8_length_284239_cov_67.6643 	4	160266	160194	Leu	GAG	0	0	20.84	19.28	1.56	
NODE_8_length_284239_cov_67.6643 	5	58879 	58806 	Gly	CCC	0	0	60.35	30.06	30.29	
NODE_10_length_283560_cov_64.2534	1	27523 	27599 	Val	GAC	0	0	93.19	67.81	25.38	
NODE_10_length_283560_cov_64.2534	2	61663 	61739 	Pro	GGG	0	0	74.89	48.01	26.88	
NODE_10_length_283560_cov_64.2534	3	207684	207773	Ser	TGA	0	0	72.70	38.95	33.75	
NODE_10_length_283560_cov_64.2534	4	232061	232136	Gly	GCC	0	0	93.74	68.41	25.33	
NODE_10_length_283560_cov_64.2534	5	236685	236758	Cys	GCA	0	0	62.38	45.73	16.65	
NODE_10_length_283560_cov_64.2534	6	249309	249395	Leu	TAA	0	0	76.64	42.32	34.32	
NODE_13_length_144185_cov_63.3702	1	48203 	48128 	Met	CAT	0	0	60.05	34.98	25.07	
NODE_13_length_144185_cov_63.3702	2	47621 	47546 	Gly	TCC	0	0	82.79	56.37	26.42	
NODE_13_length_144185_cov_63.3702	3	47533 	47459 	Asn	GTT	0	0	77.66	51.70	25.96	
NODE_13_length_144185_cov_63.3702	4	47454 	47379 	Thr	TGT	0	0	74.27	61.42	12.85	
NODE_19_length_72249_cov_67.6956 	1	22232 	22158 	Gln	TTG	0	0	66.82	40.36	26.46	
NODE_19_length_72249_cov_67.6956 	2	18483 	18407 	Met	CAT	0	0	87.19	64.42	22.77	
NODE_21_length_65383_cov_69.1625 	1	1220  	1295  	Trp	CCA	0	0	86.73	63.05	23.68	
NODE_25_length_36983_cov_68.64   	1	2366  	2290  	Arg	CCG	0	0	87.81	66.55	21.26	
NODE_28_length_5522_cov_175.686  	1	3588  	3512  	Ile	GAT	0	0	98.83	72.69	26.14	
NODE_28_length_5522_cov_175.686  	2	3483  	3408  	Ala	TGC	0	0	90.68	71.56	19.12	
NODE_32_length_3321_cov_46.9477  	1	2801  	2885  	Tyr	GTA	0	0	71.07	41.76	29.31	
NODE_32_length_3321_cov_46.9477  	2	2912  	2985  	Gly	TCC	0	0	82.75	60.87	21.88	
NODE_32_length_3321_cov_46.9477  	3	3005  	3080  	Thr	GGT	0	0	93.76	67.73	26.03	
