Sequence                          		tRNA   	Bounds 	tRNA	Anti	Intron Bounds	Cove	HMM	2'Str	      
Name                              	tRNA #	Begin  	End    	Type	Codon	Begin	End	Score	Score	Score	Note
--------                          	------	-----  	------ 	----	-----	-----	----	------	-----	-----	------
NODE_1_length_1032496_cov_56.2165 	1	763034 	763110 	Met	CAT	0	0	85.06	58.55	26.51	
NODE_1_length_1032496_cov_56.2165 	2	869172 	869244 	Leu	GAG	0	0	20.84	19.28	1.56	
NODE_1_length_1032496_cov_56.2165 	3	973633 	973706 	Gly	CCC	0	0	60.35	30.06	30.29	
NODE_1_length_1032496_cov_56.2165 	4	779609 	779519 	Ser	GCT	0	0	76.69	47.10	29.59	
NODE_1_length_1032496_cov_56.2165 	5	779401 	779325 	Arg	ACG	0	0	83.50	58.05	25.45	
NODE_1_length_1032496_cov_56.2165 	6	779213 	779137 	Arg	ACG	0	0	83.50	58.05	25.45	
NODE_1_length_1032496_cov_56.2165 	7	710475 	710400 	Lys	TTT	0	0	95.07	71.82	23.25	
NODE_1_length_1032496_cov_56.2165 	8	600196 	600107 	Ser	CGA	0	0	68.31	24.88	43.43	
NODE_2_length_903331_cov_53.7977  	1	533960 	534049 	Ser	GGA	0	0	71.75	34.38	37.37	
NODE_2_length_903331_cov_53.7977  	2	722769 	722845 	Pro	CGG	0	0	88.20	60.26	27.94	
NODE_2_length_903331_cov_53.7977  	3	854389 	854464 	Asn	GTT	0	0	91.73	62.08	29.65	
NODE_2_length_903331_cov_53.7977  	4	845590 	845515 	Ala	GGC	0	0	86.95	68.86	18.09	
NODE_2_length_903331_cov_53.7977  	5	845466 	845391 	Glu	TTC	0	0	66.40	38.20	28.20	
NODE_2_length_903331_cov_53.7977  	6	845297 	845222 	Ala	GGC	0	0	86.95	68.86	18.09	
NODE_2_length_903331_cov_53.7977  	7	845175 	845100 	Glu	TTC	0	0	66.40	38.20	28.20	
NODE_2_length_903331_cov_53.7977  	8	806193 	806118 	Val	TAC	0	0	94.49	73.68	20.81	
NODE_2_length_903331_cov_53.7977  	9	806101 	806025 	Asp	GTC	0	0	94.67	75.49	19.18	
NODE_2_length_903331_cov_53.7977  	10	805910 	805834 	Asp	GTC	0	0	94.67	75.49	19.18	
NODE_2_length_903331_cov_53.7977  	11	501463 	501388 	Glu	TTC	0	0	66.40	38.20	28.20	
NODE_2_length_903331_cov_53.7977  	12	501385 	501310 	Gly	GCC	0	0	93.74	68.41	25.33	
NODE_2_length_903331_cov_53.7977  	13	501225 	501150 	Gly	GCC	0	0	93.74	68.41	25.33	
NODE_2_length_903331_cov_53.7977  	14	456190 	456114 	Val	GAC	0	0	93.19	67.81	25.38	
NODE_2_length_903331_cov_53.7977  	15	422331 	422255 	Pro	GGG	0	0	74.89	48.01	26.88	
NODE_2_length_903331_cov_53.7977  	16	241457 	241368 	Ser	TGA	0	0	72.70	38.95	33.75	
NODE_2_length_903331_cov_53.7977  	17	185330 	185255 	Gly	GCC	0	0	93.74	68.41	25.33	
NODE_2_length_903331_cov_53.7977  	18	140846 	140773 	Cys	GCA	0	0	62.38	45.73	16.65	
NODE_2_length_903331_cov_53.7977  	19	128221 	128135 	Leu	TAA	0	0	76.64	42.32	34.32	
NODE_3_length_866574_cov_56.6531  	1	788871 	788795 	Met	CAT	0	0	92.87	71.40	21.47	
NODE_3_length_866574_cov_56.6531  	2	458217 	458141 	Arg	CCG	0	0	87.81	66.55	21.26	
NODE_4_length_588400_cov_54.2529  	1	368765 	368851 	Leu	CAA	0	0	69.99	38.33	31.66	
NODE_5_length_475090_cov_53.7063  	1	180922 	180997 	Asn	GTT	0	0	91.73	62.08	29.65	
NODE_5_length_475090_cov_53.7063  	2	181007 	181083 	Pro	TGG	0	0	87.63	64.60	23.03	
NODE_5_length_475090_cov_53.7063  	3	181094 	181169 	Lys	TTT	0	0	95.07	71.82	23.25	
NODE_5_length_475090_cov_53.7063  	4	199904 	199979 	Thr	CGT	0	0	90.98	74.93	16.05	
NODE_5_length_475090_cov_53.7063  	5	137015 	136942 	Arg	ACG	0	0	52.72	27.21	25.51	
NODE_5_length_475090_cov_53.7063  	6	29376  	29302  	Gln	TTG	0	0	66.82	40.36	26.46	
NODE_5_length_475090_cov_53.7063  	7	22179  	22103  	Met	CAT	0	0	87.19	64.42	22.77	
NODE_6_length_456248_cov_56.1579  	1	271670 	271756 	Leu	CAG	0	0	73.96	38.54	35.42	
NODE_6_length_456248_cov_56.1579  	2	271886 	271972 	Leu	CAG	0	0	73.96	38.54	35.42	
NODE_6_length_456248_cov_56.1579  	3	117053 	116962 	SeC	TCA	0	0	55.75	-18.51	74.26	
NODE_6_length_456248_cov_56.1579  	4	62825  	62740  	Leu	GAG	0	0	68.53	39.16	29.37	
NODE_6_length_456248_cov_56.1579  	5	62649  	62573  	Met	CAT	0	0	85.85	60.06	25.79	
NODE_7_length_378297_cov_54.4361  	1	126096 	126020 	Arg	TCT	0	0	96.39	77.88	18.51	
NODE_7_length_378297_cov_54.4361  	2	125968 	125893 	His	GTG	0	0	83.51	64.18	19.33	
NODE_7_length_378297_cov_54.4361  	3	125838 	125754 	Leu	TAG	0	0	76.62	44.97	31.65	
NODE_7_length_378297_cov_54.4361  	4	125687 	125612 	His	GTG	0	0	83.51	64.18	19.33	
NODE_7_length_378297_cov_54.4361  	5	114328 	114252 	Asp	GTC	0	0	95.34	76.86	18.48	
NODE_9_length_314581_cov_55.1479  	1	72390  	72465  	Phe	GAA	0	0	92.69	68.52	24.17	
NODE_9_length_314581_cov_55.1479  	2	83800  	83875  	Thr	TGT	0	0	93.66	75.64	18.02	
NODE_12_length_122499_cov_54.6158 	1	2712   	2636   	Arg	CCT	0	0	83.71	58.51	25.20	
NODE_13_length_115467_cov_53.5874 	1	79004  	78929  	Val	TAC	0	0	94.49	73.68	20.81	
NODE_13_length_115467_cov_53.5874 	2	78912  	78836  	Asp	GTC	0	0	94.67	75.49	19.18	
NODE_17_length_65427_cov_56.9228  	1	64271  	64196  	Trp	CCA	0	0	86.73	63.05	23.68	
NODE_21_length_5474_cov_210.323   	1	3581   	3505   	Ile	GAT	0	0	98.83	72.69	26.14	
NODE_21_length_5474_cov_210.323   	2	3476   	3401   	Ala	TGC	0	0	90.68	71.56	19.12	
NODE_24_length_3390_cov_48.5973   	1	584    	500    	Tyr	GTA	0	0	71.07	41.76	29.31	
NODE_24_length_3390_cov_48.5973   	2	473    	400    	Gly	TCC	0	0	82.75	60.87	21.88	
NODE_24_length_3390_cov_48.5973   	3	380    	305    	Thr	GGT	0	0	93.76	67.73	26.03	
