Sequence                         		tRNA  	Bounds	tRNA	Anti	Intron Bounds	Cove	HMM	2'Str	      
Name                             	tRNA #	Begin 	End   	Type	Codon	Begin	End	Score	Score	Score	Note
--------                         	------	----- 	------	----	-----	-----	----	------	-----	-----	------
NODE_1_length_575048_cov_55.9873 	1	27733 	27822 	Ser	CGA	0	0	68.31	24.88	43.43	
NODE_2_length_539064_cov_52.5588 	1	408443	408367	Val	GAC	0	0	93.19	67.81	25.38	
NODE_2_length_539064_cov_52.5588 	2	374300	374224	Pro	GGG	0	0	74.89	48.01	26.88	
NODE_2_length_539064_cov_52.5588 	3	175876	175787	Ser	TGA	0	0	72.70	38.95	33.75	
NODE_2_length_539064_cov_52.5588 	4	151499	151424	Gly	GCC	0	0	93.74	68.41	25.33	
NODE_2_length_539064_cov_52.5588 	5	146877	146804	Cys	GCA	0	0	62.38	45.73	16.65	
NODE_2_length_539064_cov_52.5588 	6	134254	134168	Leu	TAA	0	0	76.64	42.32	34.32	
NODE_3_length_528553_cov_63.6145 	1	267296	267382	Leu	CAG	0	0	73.96	38.54	35.42	
NODE_3_length_528553_cov_63.6145 	2	267512	267598	Leu	CAG	0	0	73.96	38.54	35.42	
NODE_3_length_528553_cov_63.6145 	3	523228	523303	Phe	GAA	0	0	92.69	68.52	24.17	
NODE_3_length_528553_cov_63.6145 	4	118090	117999	SeC	TCA	0	0	55.75	-18.51	74.26	
NODE_3_length_528553_cov_63.6145 	5	62876 	62791 	Leu	GAG	0	0	68.53	39.16	29.37	
NODE_3_length_528553_cov_63.6145 	6	62700 	62624 	Met	CAT	0	0	85.85	60.06	25.79	
NODE_4_length_495309_cov_59.5078 	1	480212	480298	Leu	CAA	0	0	69.99	38.33	31.66	
NODE_4_length_495309_cov_59.5078 	2	3146  	3070  	Arg	CCT	0	0	83.71	58.51	25.20	
NODE_5_length_472666_cov_56.1229 	1	105043	105132	Ser	GGA	0	0	71.75	34.38	37.37	
NODE_5_length_472666_cov_56.1229 	2	293832	293908	Pro	CGG	0	0	88.20	60.26	27.94	
NODE_5_length_472666_cov_56.1229 	3	420539	420614	Asn	GTT	0	0	91.73	62.08	29.65	
NODE_5_length_472666_cov_56.1229 	4	411740	411665	Ala	GGC	0	0	86.95	68.86	18.09	
NODE_5_length_472666_cov_56.1229 	5	411616	411541	Glu	TTC	0	0	66.40	38.20	28.20	
NODE_5_length_472666_cov_56.1229 	6	411447	411372	Ala	GGC	0	0	86.95	68.86	18.09	
NODE_5_length_472666_cov_56.1229 	7	411325	411250	Glu	TTC	0	0	66.40	38.20	28.20	
NODE_5_length_472666_cov_56.1229 	8	372337	372262	Val	TAC	0	0	94.49	73.68	20.81	
NODE_5_length_472666_cov_56.1229 	9	372245	372169	Asp	GTC	0	0	94.67	75.49	19.18	
NODE_5_length_472666_cov_56.1229 	10	372054	371978	Asp	GTC	0	0	94.67	75.49	19.18	
NODE_5_length_472666_cov_56.1229 	11	72548 	72473 	Glu	TTC	0	0	66.40	38.20	28.20	
NODE_5_length_472666_cov_56.1229 	12	72470 	72395 	Gly	GCC	0	0	93.74	68.41	25.33	
NODE_5_length_472666_cov_56.1229 	13	72310 	72235 	Gly	GCC	0	0	93.74	68.41	25.33	
NODE_6_length_451754_cov_52.412  	1	148996	148920	Arg	TCT	0	0	96.39	77.88	18.51	
NODE_6_length_451754_cov_52.412  	2	148868	148793	His	GTG	0	0	83.51	64.18	19.33	
NODE_6_length_451754_cov_52.412  	3	148737	148653	Leu	TAG	0	0	76.62	44.97	31.65	
NODE_6_length_451754_cov_52.412  	4	120690	120615	Gly	TCC	0	0	82.79	56.37	26.42	
NODE_6_length_451754_cov_52.412  	5	120602	120528	Asn	GTT	0	0	77.66	51.70	25.96	
NODE_6_length_451754_cov_52.412  	6	120523	120448	Thr	TGT	0	0	70.75	58.69	12.06	
NODE_6_length_451754_cov_52.412  	7	92161 	92086 	His	GTG	0	0	83.51	64.18	19.33	
NODE_6_length_451754_cov_52.412  	8	80795 	80719 	Asp	GTC	0	0	95.34	76.86	18.48	
NODE_7_length_444355_cov_63.0116 	1	105382	105458	Met	CAT	0	0	92.87	71.40	21.47	
NODE_7_length_444355_cov_63.0116 	2	443168	443244	Arg	CCG	0	0	87.81	66.55	21.26	
NODE_9_length_355319_cov_58.274  	1	53656 	53732 	Met	CAT	0	0	85.06	58.55	26.51	
NODE_9_length_355319_cov_58.274  	2	159943	160015	Leu	GAG	0	0	20.84	19.28	1.56	
NODE_9_length_355319_cov_58.274  	3	262356	262429	Gly	CCC	0	0	60.35	30.06	30.29	
NODE_9_length_355319_cov_58.274  	4	70198 	70108 	Ser	GCT	0	0	76.69	47.10	29.59	
NODE_9_length_355319_cov_58.274  	5	69990 	69914 	Arg	ACG	0	0	83.50	58.05	25.45	
NODE_9_length_355319_cov_58.274  	6	69802 	69726 	Arg	ACG	0	0	83.50	58.05	25.45	
NODE_9_length_355319_cov_58.274  	7	1079  	1004  	Lys	TTT	0	0	95.07	71.82	23.25	
NODE_10_length_300396_cov_59.4358	1	236804	236729	Thr	CGT	0	0	90.98	74.93	16.05	
NODE_11_length_252764_cov_65.3414	1	229885	229810	Thr	TGT	0	0	93.66	75.64	18.02	
NODE_13_length_204016_cov_58.6944	1	2318  	2392  	Arg	CCT	0	0	69.69	51.80	17.89	
NODE_13_length_204016_cov_58.6944	2	130155	130230	Val	TAC	0	0	94.49	73.68	20.81	
NODE_13_length_204016_cov_58.6944	3	130247	130323	Asp	GTC	0	0	94.67	75.49	19.18	
NODE_18_length_118373_cov_59.839 	1	101155	101230	Asn	GTT	0	0	91.73	62.08	29.65	
NODE_18_length_118373_cov_59.839 	2	101240	101316	Pro	TGG	0	0	87.63	64.60	23.03	
NODE_18_length_118373_cov_59.839 	3	101327	101402	Lys	TTT	0	0	95.07	71.82	23.25	
NODE_18_length_118373_cov_59.839 	4	57257 	57184 	Arg	ACG	0	0	52.72	27.21	25.51	
NODE_22_length_71302_cov_61.0388 	1	22201 	22127 	Gln	TTG	0	0	66.82	40.36	26.46	
NODE_22_length_71302_cov_61.0388 	2	18454 	18378 	Met	CAT	0	0	87.19	64.42	22.77	
NODE_23_length_65628_cov_65.4979 	1	64409 	64334 	Trp	CCA	0	0	86.73	63.05	23.68	
NODE_35_length_5524_cov_166.95   	1	1935  	2011  	Ile	GAT	0	0	98.83	72.69	26.14	
NODE_35_length_5524_cov_166.95   	2	2040  	2115  	Ala	TGC	0	0	90.68	71.56	19.12	
NODE_40_length_3319_cov_53.8596  	1	521   	437   	Tyr	GTA	0	0	71.07	41.76	29.31	
NODE_40_length_3319_cov_53.8596  	2	410   	337   	Gly	TCC	0	0	82.75	60.87	21.88	
NODE_40_length_3319_cov_53.8596  	3	317   	242   	Thr	GGT	0	0	93.76	67.73	26.03	
