Sequence                         		tRNA  	Bounds	tRNA	Anti	Intron Bounds	Cove	HMM	2'Str	      
Name                             	tRNA #	Begin 	End   	Type	Codon	Begin	End	Score	Score	Score	Note
--------                         	------	----- 	------	----	-----	-----	----	------	-----	-----	------
NODE_1_length_766193_cov_70.6303 	1	200873	200963	Ser	GCT	0	0	76.69	47.10	29.59	
NODE_1_length_766193_cov_70.6303 	2	201081	201157	Arg	ACG	0	0	83.50	58.05	25.45	
NODE_1_length_766193_cov_70.6303 	3	201269	201345	Arg	ACG	0	0	83.50	58.05	25.45	
NODE_1_length_766193_cov_70.6303 	4	269967	270042	Lys	TTT	0	0	95.07	71.82	23.25	
NODE_1_length_766193_cov_70.6303 	5	297508	297597	Ser	CGA	0	0	68.31	24.88	43.43	
NODE_1_length_766193_cov_70.6303 	6	217418	217342	Met	CAT	0	0	85.06	58.55	26.51	
NODE_1_length_766193_cov_70.6303 	7	111194	111122	Leu	GAG	0	0	20.84	19.28	1.56	
NODE_1_length_766193_cov_70.6303 	8	7397  	7324  	Gly	CCC	0	0	60.35	30.06	30.29	
NODE_2_length_554288_cov_69.7665 	1	194726	194815	Ser	GGA	0	0	71.75	34.38	37.37	
NODE_2_length_554288_cov_69.7665 	2	383470	383546	Pro	CGG	0	0	88.20	60.26	27.94	
NODE_2_length_554288_cov_69.7665 	3	509830	509905	Asn	GTT	0	0	91.73	62.08	29.65	
NODE_2_length_554288_cov_69.7665 	4	501031	500956	Ala	GGC	0	0	86.95	68.86	18.09	
NODE_2_length_554288_cov_69.7665 	5	500907	500832	Glu	TTC	0	0	66.40	38.20	28.20	
NODE_2_length_554288_cov_69.7665 	6	500738	500663	Ala	GGC	0	0	86.95	68.86	18.09	
NODE_2_length_554288_cov_69.7665 	7	500616	500541	Glu	TTC	0	0	66.40	38.20	28.20	
NODE_2_length_554288_cov_69.7665 	8	461965	461890	Val	TAC	0	0	94.49	73.68	20.81	
NODE_2_length_554288_cov_69.7665 	9	461873	461797	Asp	GTC	0	0	94.67	75.49	19.18	
NODE_2_length_554288_cov_69.7665 	10	461682	461606	Asp	GTC	0	0	94.67	75.49	19.18	
NODE_2_length_554288_cov_69.7665 	11	162231	162156	Glu	TTC	0	0	66.40	38.20	28.20	
NODE_2_length_554288_cov_69.7665 	12	162153	162078	Gly	GCC	0	0	93.74	68.41	25.33	
NODE_2_length_554288_cov_69.7665 	13	161993	161918	Gly	GCC	0	0	93.74	68.41	25.33	
NODE_2_length_554288_cov_69.7665 	14	53400 	53324 	Val	GAC	0	0	93.19	67.81	25.38	
NODE_2_length_554288_cov_69.7665 	15	19257 	19181 	Pro	GGG	0	0	74.89	48.01	26.88	
NODE_3_length_518271_cov_70.3588 	1	392733	392809	Arg	TCT	0	0	96.39	77.88	18.51	
NODE_3_length_518271_cov_70.3588 	2	392861	392936	His	GTG	0	0	83.51	64.18	19.33	
NODE_3_length_518271_cov_70.3588 	3	392991	393075	Leu	TAG	0	0	76.62	44.97	31.65	
NODE_3_length_518271_cov_70.3588 	4	393142	393217	His	GTG	0	0	83.51	64.18	19.33	
NODE_3_length_518271_cov_70.3588 	5	404508	404584	Asp	GTC	0	0	95.34	76.86	18.48	
NODE_4_length_507743_cov_69.9235 	1	489305	489391	Leu	CAA	0	0	69.99	38.33	31.66	
NODE_4_length_507743_cov_69.9235 	2	3177  	3101  	Arg	CCT	0	0	83.71	58.51	25.20	
NODE_5_length_457642_cov_72.2548 	1	340416	340507	SeC	TCA	0	0	55.75	-18.51	74.26	
NODE_5_length_457642_cov_72.2548 	2	394556	394641	Leu	GAG	0	0	68.53	39.16	29.37	
NODE_5_length_457642_cov_72.2548 	3	394732	394808	Met	CAT	0	0	85.85	60.06	25.79	
NODE_5_length_457642_cov_72.2548 	4	187014	186928	Leu	CAG	0	0	73.96	38.54	35.42	
NODE_5_length_457642_cov_72.2548 	5	186798	186712	Leu	CAG	0	0	73.96	38.54	35.42	
NODE_6_length_441353_cov_67.9171 	1	384744	384817	Arg	ACG	0	0	52.72	27.21	25.51	
NODE_6_length_441353_cov_67.9171 	2	340828	340753	Asn	GTT	0	0	91.73	62.08	29.65	
NODE_6_length_441353_cov_67.9171 	3	340743	340667	Pro	TGG	0	0	87.63	64.60	23.03	
NODE_6_length_441353_cov_67.9171 	4	340656	340581	Lys	TTT	0	0	95.07	71.82	23.25	
NODE_6_length_441353_cov_67.9171 	5	232478	232403	Thr	CGT	0	0	90.98	74.93	16.05	
NODE_7_length_383009_cov_68.7817 	1	89689 	89765 	Met	CAT	0	0	92.87	71.40	21.47	
NODE_8_length_324259_cov_71.4388 	1	252005	251930	Phe	GAA	0	0	92.69	68.52	24.17	
NODE_8_length_324259_cov_71.4388 	2	240595	240520	Thr	TGT	0	0	93.66	75.64	18.02	
NODE_9_length_306087_cov_71.2281 	1	164864	164775	Ser	TGA	0	0	72.70	38.95	33.75	
NODE_9_length_306087_cov_71.2281 	2	140487	140412	Gly	GCC	0	0	93.74	68.41	25.33	
NODE_9_length_306087_cov_71.2281 	3	135869	135796	Cys	GCA	0	0	62.38	45.73	16.65	
NODE_9_length_306087_cov_71.2281 	4	123245	123159	Leu	TAA	0	0	76.64	42.32	34.32	
NODE_14_length_205175_cov_70.7122	1	131340	131415	Val	TAC	0	0	94.49	73.68	20.81	
NODE_14_length_205175_cov_70.7122	2	131432	131508	Asp	GTC	0	0	94.67	75.49	19.18	
NODE_20_length_73207_cov_69.7748 	1	50979 	51053 	Gln	TTG	0	0	66.82	40.36	26.46	
NODE_20_length_73207_cov_69.7748 	2	54728 	54804 	Met	CAT	0	0	87.19	64.42	22.77	
NODE_21_length_65452_cov_65.1183 	1	1220  	1295  	Trp	CCA	0	0	86.73	63.05	23.68	
NODE_27_length_36166_cov_70.114  	1	1533  	1457  	Arg	CCG	0	0	87.81	66.55	21.26	
NODE_33_length_5246_cov_213.743  	1	1723  	1799  	Ile	GAT	0	0	98.83	72.69	26.14	
NODE_33_length_5246_cov_213.743  	2	1828  	1903  	Ala	TGC	0	0	90.68	71.56	19.12	
NODE_35_length_3383_cov_51.9364  	1	2863  	2947  	Tyr	GTA	0	0	71.07	41.76	29.31	
NODE_35_length_3383_cov_51.9364  	2	2974  	3047  	Gly	TCC	0	0	82.75	60.87	21.88	
NODE_35_length_3383_cov_51.9364  	3	3067  	3142  	Thr	GGT	0	0	93.76	67.73	26.03	
