Sequence                          		tRNA   	Bounds 	tRNA	Anti	Intron Bounds	Cove	HMM	2'Str	      
Name                              	tRNA #	Begin  	End    	Type	Codon	Begin	End	Score	Score	Score	Note
--------                          	------	-----  	------ 	----	-----	-----	----	------	-----	-----	------
NODE_1_length_1394431_cov_59.2729 	1	267538 	267628 	Ser	GCT	0	0	76.69	47.10	29.59	
NODE_1_length_1394431_cov_59.2729 	2	267746 	267822 	Arg	ACG	0	0	83.50	58.05	25.45	
NODE_1_length_1394431_cov_59.2729 	3	267934 	268010 	Arg	ACG	0	0	83.50	58.05	25.45	
NODE_1_length_1394431_cov_59.2729 	4	336702 	336777 	Lys	TTT	0	0	95.07	71.82	23.25	
NODE_1_length_1394431_cov_59.2729 	5	432862 	432947 	Lys	TTT	0	0	22.00	12.28	9.72	
NODE_1_length_1394431_cov_59.2729 	6	460417 	460506 	Ser	CGA	0	0	68.31	24.88	43.43	
NODE_1_length_1394431_cov_59.2729 	7	1302079	1302155	Arg	TCT	0	0	96.39	77.88	18.51	
NODE_1_length_1394431_cov_59.2729 	8	1302207	1302282	His	GTG	0	0	83.51	64.18	19.33	
NODE_1_length_1394431_cov_59.2729 	9	1302337	1302421	Leu	TAG	0	0	76.62	44.97	31.65	
NODE_1_length_1394431_cov_59.2729 	10	1302488	1302563	His	GTG	0	0	83.51	64.18	19.33	
NODE_1_length_1394431_cov_59.2729 	11	1313842	1313918	Asp	GTC	0	0	95.34	76.86	18.48	
NODE_1_length_1394431_cov_59.2729 	12	284116 	284040 	Met	CAT	0	0	85.06	58.55	26.51	
NODE_1_length_1394431_cov_59.2729 	13	177886 	177814 	Leu	GAG	0	0	20.84	19.28	1.56	
NODE_1_length_1394431_cov_59.2729 	14	74057  	73984  	Gly	CCC	0	0	60.35	30.06	30.29	
NODE_2_length_1039717_cov_58.9401 	1	630163 	630252 	Ser	GGA	0	0	71.75	34.38	37.37	
NODE_2_length_1039717_cov_58.9401 	2	818941 	819017 	Pro	CGG	0	0	88.20	60.26	27.94	
NODE_2_length_1039717_cov_58.9401 	3	993727 	993802 	Asn	GTT	0	0	91.73	62.08	29.65	
NODE_2_length_1039717_cov_58.9401 	4	984928 	984853 	Ala	GGC	0	0	86.95	68.86	18.09	
NODE_2_length_1039717_cov_58.9401 	5	984804 	984729 	Glu	TTC	0	0	66.40	38.20	28.20	
NODE_2_length_1039717_cov_58.9401 	6	984635 	984560 	Ala	GGC	0	0	86.95	68.86	18.09	
NODE_2_length_1039717_cov_58.9401 	7	984513 	984438 	Glu	TTC	0	0	66.40	38.20	28.20	
NODE_2_length_1039717_cov_58.9401 	8	945541 	945466 	Val	TAC	0	0	94.49	73.68	20.81	
NODE_2_length_1039717_cov_58.9401 	9	945449 	945373 	Asp	GTC	0	0	94.67	75.49	19.18	
NODE_2_length_1039717_cov_58.9401 	10	945258 	945182 	Asp	GTC	0	0	94.67	75.49	19.18	
NODE_2_length_1039717_cov_58.9401 	11	597667 	597592 	Glu	TTC	0	0	66.40	38.20	28.20	
NODE_2_length_1039717_cov_58.9401 	12	597589 	597514 	Gly	GCC	0	0	93.74	68.41	25.33	
NODE_2_length_1039717_cov_58.9401 	13	597429 	597354 	Gly	GCC	0	0	93.74	68.41	25.33	
NODE_2_length_1039717_cov_58.9401 	14	551031 	550955 	Val	GAC	0	0	93.19	67.81	25.38	
NODE_2_length_1039717_cov_58.9401 	15	517174 	517098 	Pro	GGG	0	0	74.89	48.01	26.88	
NODE_2_length_1039717_cov_58.9401 	16	349402 	349313 	Ser	TGA	0	0	72.70	38.95	33.75	
NODE_2_length_1039717_cov_58.9401 	17	293275 	293200 	Gly	GCC	0	0	93.74	68.41	25.33	
NODE_2_length_1039717_cov_58.9401 	18	286882 	286809 	Cys	GCA	0	0	62.38	45.73	16.65	
NODE_2_length_1039717_cov_58.9401 	19	274288 	274202 	Leu	TAA	0	0	76.64	42.32	34.32	
NODE_3_length_948371_cov_61.7563  	1	736734 	736808 	Met	CAT	0	0	24.40	21.09	3.31	
NODE_3_length_948371_cov_61.7563  	2	736843 	736917 	Arg	CCT	0	0	68.41	40.66	27.75	
NODE_3_length_948371_cov_61.7563  	3	741808 	741878 	Arg	CCT	0	0	33.49	27.67	5.82	
NODE_3_length_948371_cov_61.7563  	4	741975 	742046 	Arg	CCT	0	0	58.34	30.53	27.81	
NODE_3_length_948371_cov_61.7563  	5	874503 	874578 	Val	TAC	0	0	94.49	73.68	20.81	
NODE_3_length_948371_cov_61.7563  	6	874595 	874671 	Asp	GTC	0	0	94.67	75.49	19.18	
NODE_3_length_948371_cov_61.7563  	7	214576 	214490 	Leu	CAA	0	0	69.99	38.33	31.66	
NODE_4_length_769923_cov_64.5004  	1	652723 	652814 	SeC	TCA	0	0	55.75	-18.51	74.26	
NODE_4_length_769923_cov_64.5004  	2	706928 	707013 	Leu	GAG	0	0	68.53	39.16	29.37	
NODE_4_length_769923_cov_64.5004  	3	707104 	707180 	Met	CAT	0	0	85.85	60.06	25.79	
NODE_4_length_769923_cov_64.5004  	4	499119 	499033 	Leu	CAG	0	0	73.96	38.54	35.42	
NODE_4_length_769923_cov_64.5004  	5	498903 	498817 	Leu	CAG	0	0	73.96	38.54	35.42	
NODE_4_length_769923_cov_64.5004  	6	242151 	242076 	Phe	GAA	0	0	92.69	68.52	24.17	
NODE_4_length_769923_cov_64.5004  	7	230741 	230666 	Thr	TGT	0	0	93.66	75.64	18.02	
NODE_5_length_549607_cov_65.6001  	1	514956 	514880 	Arg	CCG	0	0	87.81	66.55	21.26	
NODE_6_length_385103_cov_64.0561  	1	294014 	293938 	Met	CAT	0	0	92.87	71.40	21.47	
NODE_10_length_153718_cov_61.0554 	1	102411 	102486 	Asn	GTT	0	0	91.73	62.08	29.65	
NODE_10_length_153718_cov_61.0554 	2	102496 	102572 	Pro	TGG	0	0	87.63	64.60	23.03	
NODE_10_length_153718_cov_61.0554 	3	102583 	102658 	Lys	TTT	0	0	95.07	71.82	23.25	
NODE_10_length_153718_cov_61.0554 	4	122086 	122161 	Thr	CGT	0	0	90.98	74.93	16.05	
NODE_10_length_153718_cov_61.0554 	5	58501  	58428  	Arg	ACG	0	0	52.72	27.21	25.51	
NODE_12_length_78382_cov_62.4747  	1	29646  	29572  	Gln	TTG	0	0	66.82	40.36	26.46	
NODE_12_length_78382_cov_62.4747  	2	22449  	22373  	Met	CAT	0	0	87.19	64.42	22.77	
NODE_13_length_65316_cov_64.7988  	1	1016   	1091   	Trp	CCA	0	0	86.73	63.05	23.68	
NODE_17_length_5131_cov_191.644   	1	3318   	3242   	Ile	GAT	0	0	98.83	72.69	26.14	
NODE_17_length_5131_cov_191.644   	2	3213   	3138   	Ala	TGC	0	0	90.68	71.56	19.12	
NODE_18_length_3531_cov_51.9533   	1	2807   	2891   	Tyr	GTA	0	0	71.07	41.76	29.31	
NODE_18_length_3531_cov_51.9533   	2	2918   	2991   	Gly	TCC	0	0	82.75	60.87	21.88	
NODE_18_length_3531_cov_51.9533   	3	3011   	3086   	Thr	GGT	0	0	93.76	67.73	26.03	
