Sequence                         		tRNA  	Bounds	tRNA	Anti	Intron Bounds	Cove	HMM	2'Str	      
Name                             	tRNA #	Begin 	End   	Type	Codon	Begin	End	Score	Score	Score	Note
--------                         	------	----- 	------	----	-----	-----	----	------	-----	-----	------
NODE_1_length_555717_cov_41.8983 	1	194442	194531	Ser	GGA	0	0	71.75	34.38	37.37	
NODE_1_length_555717_cov_41.8983 	2	383235	383311	Pro	CGG	0	0	88.20	60.26	27.94	
NODE_1_length_555717_cov_41.8983 	3	513118	513193	Asn	GTT	0	0	91.73	62.08	29.65	
NODE_1_length_555717_cov_41.8983 	4	504319	504244	Ala	GGC	0	0	86.95	68.86	18.09	
NODE_1_length_555717_cov_41.8983 	5	504195	504120	Glu	TTC	0	0	66.40	38.20	28.20	
NODE_1_length_555717_cov_41.8983 	6	504026	503951	Ala	GGC	0	0	86.95	68.86	18.09	
NODE_1_length_555717_cov_41.8983 	7	503904	503829	Glu	TTC	0	0	66.40	38.20	28.20	
NODE_1_length_555717_cov_41.8983 	8	464927	464852	Val	TAC	0	0	94.49	73.68	20.81	
NODE_1_length_555717_cov_41.8983 	9	464835	464759	Asp	GTC	0	0	94.67	75.49	19.18	
NODE_1_length_555717_cov_41.8983 	10	464644	464568	Asp	GTC	0	0	94.67	75.49	19.18	
NODE_1_length_555717_cov_41.8983 	11	161947	161872	Glu	TTC	0	0	66.40	38.20	28.20	
NODE_1_length_555717_cov_41.8983 	12	161869	161794	Gly	GCC	0	0	93.74	68.41	25.33	
NODE_1_length_555717_cov_41.8983 	13	161709	161634	Gly	GCC	0	0	93.74	68.41	25.33	
NODE_1_length_555717_cov_41.8983 	14	28998 	28922 	Val	GAC	0	0	93.19	67.81	25.38	
NODE_2_length_436220_cov_40.2441 	1	311445	311521	Arg	TCT	0	0	96.39	77.88	18.51	
NODE_2_length_436220_cov_40.2441 	2	311573	311648	His	GTG	0	0	83.51	64.18	19.33	
NODE_2_length_436220_cov_40.2441 	3	311703	311787	Leu	TAG	0	0	76.62	44.97	31.65	
NODE_2_length_436220_cov_40.2441 	4	311854	311929	His	GTG	0	0	83.51	64.18	19.33	
NODE_2_length_436220_cov_40.2441 	5	323207	323283	Asp	GTC	0	0	95.34	76.86	18.48	
NODE_3_length_411965_cov_42.5931 	1	287450	287540	Ser	GCT	0	0	76.69	47.10	29.59	
NODE_3_length_411965_cov_42.5931 	2	287658	287734	Arg	ACG	0	0	83.50	58.05	25.45	
NODE_3_length_411965_cov_42.5931 	3	287846	287922	Arg	ACG	0	0	83.50	58.05	25.45	
NODE_3_length_411965_cov_42.5931 	4	356609	356684	Lys	TTT	0	0	95.07	71.82	23.25	
NODE_3_length_411965_cov_42.5931 	5	304032	303956	Met	CAT	0	0	85.06	58.55	26.51	
NODE_3_length_411965_cov_42.5931 	6	197768	197696	Leu	GAG	0	0	20.84	19.28	1.56	
NODE_3_length_411965_cov_42.5931 	7	94342 	94269 	Gly	CCC	0	0	60.35	30.06	30.29	
NODE_4_length_369455_cov_49.728  	1	291949	291873	Met	CAT	0	0	92.87	71.40	21.47	
NODE_5_length_323572_cov_40.1699 	1	169574	169485	Ser	TGA	0	0	72.70	38.95	33.75	
NODE_5_length_323572_cov_40.1699 	2	145194	145119	Gly	GCC	0	0	93.74	68.41	25.33	
NODE_5_length_323572_cov_40.1699 	3	138801	138728	Cys	GCA	0	0	62.38	45.73	16.65	
NODE_5_length_323572_cov_40.1699 	4	126176	126090	Leu	TAA	0	0	76.64	42.32	34.32	
NODE_6_length_303012_cov_45.2486 	1	195697	195772	Asn	GTT	0	0	91.73	62.08	29.65	
NODE_6_length_303012_cov_45.2486 	2	195782	195858	Pro	TGG	0	0	87.63	64.60	23.03	
NODE_6_length_303012_cov_45.2486 	3	195869	195944	Lys	TTT	0	0	95.07	71.82	23.25	
NODE_6_length_303012_cov_45.2486 	4	213928	214003	Thr	CGT	0	0	90.98	74.93	16.05	
NODE_6_length_303012_cov_45.2486 	5	151781	151708	Arg	ACG	0	0	52.72	27.21	25.51	
NODE_6_length_303012_cov_45.2486 	6	45604 	45530 	Gln	TTG	0	0	66.82	40.36	26.46	
NODE_6_length_303012_cov_45.2486 	7	18485 	18409 	Met	CAT	0	0	87.19	64.42	22.77	
NODE_8_length_243393_cov_47.9668 	1	127010	127101	SeC	TCA	0	0	55.75	-18.51	74.26	
NODE_8_length_243393_cov_47.9668 	2	181049	181134	Leu	GAG	0	0	68.53	39.16	29.37	
NODE_8_length_243393_cov_47.9668 	3	181225	181301	Met	CAT	0	0	85.85	60.06	25.79	
NODE_10_length_220794_cov_46.831 	1	100580	100666	Leu	CAA	0	0	69.99	38.33	31.66	
NODE_12_length_214857_cov_48.9338	1	185331	185245	Leu	CAG	0	0	73.96	38.54	35.42	
NODE_12_length_214857_cov_48.9338	2	185115	185029	Leu	CAG	0	0	73.96	38.54	35.42	
NODE_14_length_206728_cov_41.416 	1	154204	154115	Ser	CGA	0	0	68.31	24.88	43.43	
NODE_19_length_136180_cov_41.7516	1	100221	100146	Val	TAC	0	0	94.49	73.68	20.81	
NODE_19_length_136180_cov_41.7516	2	100129	100053	Asp	GTC	0	0	94.67	75.49	19.18	
NODE_22_length_120704_cov_45.1221	1	919   	843   	Arg	CCT	0	0	83.71	58.51	25.20	
NODE_29_length_76775_cov_49.0088 	1	4899  	4824  	Phe	GAA	0	0	92.69	68.52	24.17	
NODE_30_length_70417_cov_47.1681 	1	23255 	23330 	Thr	TGT	0	0	93.66	75.64	18.02	
NODE_34_length_43185_cov_35.9604 	1	14889 	14813 	Pro	GGG	0	0	74.89	48.01	26.88	
NODE_35_length_36260_cov_49.1752 	1	34644 	34720 	Arg	CCG	0	0	87.81	66.55	21.26	
NODE_38_length_32051_cov_47.2583 	1	1220  	1295  	Trp	CCA	0	0	86.73	63.05	23.68	
NODE_52_length_5405_cov_144.153  	1	3577  	3501  	Ile	GAT	0	0	98.83	72.69	26.14	
NODE_52_length_5405_cov_144.153  	2	3472  	3397  	Ala	TGC	0	0	90.68	71.56	19.12	
NODE_57_length_3329_cov_36.8136  	1	2809  	2893  	Tyr	GTA	0	0	71.07	41.76	29.31	
NODE_57_length_3329_cov_36.8136  	2	2920  	2993  	Gly	TCC	0	0	82.75	60.87	21.88	
NODE_57_length_3329_cov_36.8136  	3	3013  	3088  	Thr	GGT	0	0	93.76	67.73	26.03	
