Sequence                         		tRNA  	Bounds	tRNA	Anti	Intron Bounds	Cove	HMM	2'Str	      
Name                             	tRNA #	Begin 	End   	Type	Codon	Begin	End	Score	Score	Score	Note
--------                         	------	----- 	------	----	-----	-----	----	------	-----	-----	------
NODE_1_length_911151_cov_59.3646 	1	701673	701749	Arg	CCT	0	0	83.71	58.51	25.20	
NODE_1_length_911151_cov_59.3646 	2	707658	707732	Arg	CCT	0	0	69.69	51.80	17.89	
NODE_1_length_911151_cov_59.3646 	3	837305	837380	Val	TAC	0	0	94.49	73.68	20.81	
NODE_1_length_911151_cov_59.3646 	4	837397	837473	Asp	GTC	0	0	94.67	75.49	19.18	
NODE_1_length_911151_cov_59.3646 	5	214737	214651	Leu	CAA	0	0	69.99	38.33	31.66	
NODE_2_length_532225_cov_53.1611 	1	437243	437319	Arg	TCT	0	0	96.39	77.88	18.51	
NODE_2_length_532225_cov_53.1611 	2	437371	437446	His	GTG	0	0	83.51	64.18	19.33	
NODE_2_length_532225_cov_53.1611 	3	437501	437585	Leu	TAG	0	0	76.62	44.97	31.65	
NODE_2_length_532225_cov_53.1611 	4	437652	437727	His	GTG	0	0	83.51	64.18	19.33	
NODE_2_length_532225_cov_53.1611 	5	449023	449099	Asp	GTC	0	0	95.34	76.86	18.48	
NODE_3_length_473277_cov_57.3433 	1	111243	111332	Ser	GGA	0	0	71.75	34.38	37.37	
NODE_3_length_473277_cov_57.3433 	2	300004	300080	Pro	CGG	0	0	88.20	60.26	27.94	
NODE_3_length_473277_cov_57.3433 	3	428819	428894	Asn	GTT	0	0	91.73	62.08	29.65	
NODE_3_length_473277_cov_57.3433 	4	420020	419945	Ala	GGC	0	0	86.95	68.86	18.09	
NODE_3_length_473277_cov_57.3433 	5	419896	419821	Glu	TTC	0	0	66.40	38.20	28.20	
NODE_3_length_473277_cov_57.3433 	6	419727	419652	Ala	GGC	0	0	86.95	68.86	18.09	
NODE_3_length_473277_cov_57.3433 	7	419605	419530	Glu	TTC	0	0	66.40	38.20	28.20	
NODE_3_length_473277_cov_57.3433 	8	380625	380550	Val	TAC	0	0	94.49	73.68	20.81	
NODE_3_length_473277_cov_57.3433 	9	380533	380457	Asp	GTC	0	0	94.67	75.49	19.18	
NODE_3_length_473277_cov_57.3433 	10	380342	380266	Asp	GTC	0	0	94.67	75.49	19.18	
NODE_3_length_473277_cov_57.3433 	11	78754 	78679 	Glu	TTC	0	0	66.40	38.20	28.20	
NODE_3_length_473277_cov_57.3433 	12	78676 	78601 	Gly	GCC	0	0	93.74	68.41	25.33	
NODE_3_length_473277_cov_57.3433 	13	34893 	34817 	Val	GAC	0	0	93.19	67.81	25.38	
NODE_3_length_473277_cov_57.3433 	14	737   	661   	Pro	GGG	0	0	74.89	48.01	26.88	
NODE_4_length_457242_cov_59.2633 	1	270287	270373	Leu	CAG	0	0	73.96	38.54	35.42	
NODE_4_length_457242_cov_59.2633 	2	270503	270589	Leu	CAG	0	0	73.96	38.54	35.42	
NODE_4_length_457242_cov_59.2633 	3	116788	116697	SeC	TCA	0	0	55.75	-18.51	74.26	
NODE_4_length_457242_cov_59.2633 	4	62678 	62593 	Leu	GAG	0	0	68.53	39.16	29.37	
NODE_4_length_457242_cov_59.2633 	5	62502 	62426 	Met	CAT	0	0	85.85	60.06	25.79	
NODE_5_length_390428_cov_55.708  	1	248754	248665	Ser	TGA	0	0	72.70	38.95	33.75	
NODE_5_length_390428_cov_55.708  	2	192634	192559	Gly	GCC	0	0	93.74	68.41	25.33	
NODE_5_length_390428_cov_55.708  	3	110087	110014	Cys	GCA	0	0	62.38	45.73	16.65	
NODE_5_length_390428_cov_55.708  	4	97462 	97376 	Leu	TAA	0	0	76.64	42.32	34.32	
NODE_6_length_377437_cov_61.4271 	1	294282	294206	Met	CAT	0	0	92.87	71.40	21.47	
NODE_7_length_353077_cov_57.0336 	1	100690	100765	Asn	GTT	0	0	91.73	62.08	29.65	
NODE_7_length_353077_cov_57.0336 	2	100775	100851	Pro	TGG	0	0	87.63	64.60	23.03	
NODE_7_length_353077_cov_57.0336 	3	100862	100937	Lys	TTT	0	0	95.07	71.82	23.25	
NODE_7_length_353077_cov_57.0336 	4	120240	120315	Thr	CGT	0	0	90.98	74.93	16.05	
NODE_7_length_353077_cov_57.0336 	5	56774 	56701 	Arg	ACG	0	0	52.72	27.21	25.51	
NODE_8_length_335168_cov_59.7871 	1	71580 	71655 	Phe	GAA	0	0	92.69	68.52	24.17	
NODE_8_length_335168_cov_59.7871 	2	81116 	81198 	Undet	NNN	0	0	25.90	17.87	8.03	
NODE_8_length_335168_cov_59.7871 	3	92533 	92608 	Thr	TGT	0	0	93.66	75.64	18.02	
NODE_11_length_227938_cov_54.8423	1	74349 	74438 	Ser	CGA	0	0	68.31	24.88	43.43	
NODE_13_length_201202_cov_54.7499	1	95318 	95408 	Ser	GCT	0	0	76.69	47.10	29.59	
NODE_13_length_201202_cov_54.7499	2	95526 	95602 	Arg	ACG	0	0	83.50	58.05	25.45	
NODE_13_length_201202_cov_54.7499	3	95714 	95790 	Arg	ACG	0	0	83.50	58.05	25.45	
NODE_13_length_201202_cov_54.7499	4	164413	164488	Lys	TTT	0	0	95.07	71.82	23.25	
NODE_13_length_201202_cov_54.7499	5	111860	111784	Met	CAT	0	0	85.06	58.55	26.51	
NODE_13_length_201202_cov_54.7499	6	5641  	5569  	Leu	GAG	0	0	20.84	19.28	1.56	
NODE_17_length_108974_cov_56.241 	1	3466  	3393  	Gly	CCC	0	0	54.49	29.93	24.56	
NODE_21_length_77700_cov_56.571  	1	27136 	27062 	Gln	TTG	0	0	66.82	40.36	26.46	
NODE_21_length_77700_cov_56.571  	2	3070  	2994  	Met	CAT	0	0	87.19	64.42	22.77	
NODE_23_length_65461_cov_61.1044 	1	64242 	64167 	Trp	CCA	0	0	86.73	63.05	23.68	
NODE_30_length_36107_cov_60.8086 	1	1476  	1400  	Arg	CCG	0	0	87.81	66.55	21.26	
NODE_38_length_5688_cov_201.947  	1	3564  	3488  	Ile	GAT	0	0	98.83	72.69	26.14	
NODE_38_length_5688_cov_201.947  	2	3459  	3384  	Ala	TGC	0	0	90.68	71.56	19.12	
NODE_43_length_3345_cov_55.7197  	1	521   	437   	Tyr	GTA	0	0	71.07	41.76	29.31	
NODE_43_length_3345_cov_55.7197  	2	410   	337   	Gly	TCC	0	0	82.75	60.87	21.88	
NODE_43_length_3345_cov_55.7197  	3	317   	242   	Thr	GGT	0	0	93.76	67.73	26.03	
