Sequence                         		tRNA  	Bounds	tRNA	Anti	Intron Bounds	Cove	HMM	2'Str	      
Name                             	tRNA #	Begin 	End   	Type	Codon	Begin	End	Score	Score	Score	Note
--------                         	------	----- 	------	----	-----	-----	----	------	-----	-----	------
NODE_1_length_642170_cov_75.0124 	1	71979 	72055 	Met	CAT	0	0	92.87	71.40	21.47	
NODE_1_length_642170_cov_75.0124 	2	86177 	86244 	Undet	NNN	0	0	23.91	17.16	6.75	
NODE_1_length_642170_cov_75.0124 	3	411936	412012	Arg	CCG	0	0	87.81	66.55	21.26	
NODE_3_length_412926_cov_70.3221 	1	51468 	51543 	Ala	GGC	0	0	86.95	68.86	18.09	
NODE_3_length_412926_cov_70.3221 	2	51592 	51667 	Glu	TTC	0	0	66.40	38.20	28.20	
NODE_3_length_412926_cov_70.3221 	3	51761 	51836 	Ala	GGC	0	0	86.95	68.86	18.09	
NODE_3_length_412926_cov_70.3221 	4	51883 	51958 	Glu	TTC	0	0	66.40	38.20	28.20	
NODE_3_length_412926_cov_70.3221 	5	90871 	90946 	Val	TAC	0	0	94.49	73.68	20.81	
NODE_3_length_412926_cov_70.3221 	6	90963 	91039 	Asp	GTC	0	0	94.67	75.49	19.18	
NODE_3_length_412926_cov_70.3221 	7	91154 	91230 	Asp	GTC	0	0	94.67	75.49	19.18	
NODE_3_length_412926_cov_70.3221 	8	390631	390706	Glu	TTC	0	0	66.40	38.20	28.20	
NODE_3_length_412926_cov_70.3221 	9	390709	390784	Gly	GCC	0	0	93.74	68.41	25.33	
NODE_3_length_412926_cov_70.3221 	10	358132	358043	Ser	GGA	0	0	71.75	34.38	37.37	
NODE_3_length_412926_cov_70.3221 	11	169339	169263	Pro	CGG	0	0	88.20	60.26	27.94	
NODE_3_length_412926_cov_70.3221 	12	42669 	42594 	Asn	GTT	0	0	91.73	62.08	29.65	
NODE_4_length_384583_cov_72.0353 	1	24729 	24643 	Leu	CAA	0	0	69.99	38.33	31.66	
NODE_5_length_371178_cov_69.4551 	1	280826	280902	Arg	TCT	0	0	96.39	77.88	18.51	
NODE_5_length_371178_cov_69.4551 	2	280954	281029	His	GTG	0	0	83.51	64.18	19.33	
NODE_5_length_371178_cov_69.4551 	3	281084	281168	Leu	TAG	0	0	76.62	44.97	31.65	
NODE_5_length_371178_cov_69.4551 	4	281235	281310	His	GTG	0	0	83.51	64.18	19.33	
NODE_5_length_371178_cov_69.4551 	5	292588	292664	Asp	GTC	0	0	95.34	76.86	18.48	
NODE_6_length_368513_cov_73.9119 	1	163499	163585	Leu	CAG	0	0	73.96	38.54	35.42	
NODE_6_length_368513_cov_73.9119 	2	163715	163801	Leu	CAG	0	0	73.96	38.54	35.42	
NODE_7_length_337113_cov_70.5246 	1	63826 	63901 	Thr	CGT	0	0	90.98	74.93	16.05	
NODE_9_length_226655_cov_68.3011 	1	156622	156712	Ser	GCT	0	0	76.69	47.10	29.59	
NODE_9_length_226655_cov_68.3011 	2	156830	156906	Arg	ACG	0	0	83.50	58.05	25.45	
NODE_9_length_226655_cov_68.3011 	3	157018	157094	Arg	ACG	0	0	83.50	58.05	25.45	
NODE_9_length_226655_cov_68.3011 	4	225719	225794	Lys	TTT	0	0	95.07	71.82	23.25	
NODE_9_length_226655_cov_68.3011 	5	173154	173078	Met	CAT	0	0	85.06	58.55	26.51	
NODE_9_length_226655_cov_68.3011 	6	67053 	66981 	Leu	GAG	0	0	20.84	19.28	1.56	
NODE_10_length_214206_cov_74.0283	1	119264	119338	Arg	CCT	0	0	69.71	45.21	24.50	
NODE_13_length_182580_cov_68.587 	1	82687 	82612 	Gly	GCC	0	0	93.74	68.41	25.33	
NODE_13_length_182580_cov_68.587 	2	35441 	35365 	Val	GAC	0	0	93.19	67.81	25.38	
NODE_13_length_182580_cov_68.587 	3	1596  	1520  	Pro	GGG	0	0	74.89	48.01	26.88	
NODE_14_length_177420_cov_70.8169	1	22258 	22347 	Ser	CGA	0	0	68.31	24.88	43.43	
NODE_15_length_166340_cov_69.0255	1	140556	140645	Ser	TGA	0	0	72.70	38.95	33.75	
NODE_15_length_166340_cov_69.0255	2	164936	165011	Gly	GCC	0	0	93.74	68.41	25.33	
NODE_16_length_150964_cov_70.5215	1	100070	100143	Gly	CCC	0	0	60.35	30.06	30.29	
NODE_17_length_144616_cov_69.3757	1	79577 	79652 	Phe	GAA	0	0	92.69	68.52	24.17	
NODE_17_length_144616_cov_69.3757	2	92139 	92213 	Undet	NNN	0	0	23.83	22.17	1.66	
NODE_17_length_144616_cov_69.3757	3	103543	103618	Thr	TGT	0	0	93.66	75.64	18.02	
NODE_19_length_118867_cov_69.9791	1	1531  	1622  	SeC	TCA	0	0	55.75	-18.51	74.26	
NODE_19_length_118867_cov_69.9791	2	55917 	56002 	Leu	GAG	0	0	68.53	39.16	29.37	
NODE_19_length_118867_cov_69.9791	3	56093 	56169 	Met	CAT	0	0	85.85	60.06	25.79	
NODE_21_length_117043_cov_70.5526	1	112556	112483	Cys	GCA	0	0	62.38	45.73	16.65	
NODE_21_length_117043_cov_70.5526	2	99931 	99845 	Leu	TAA	0	0	76.64	42.32	34.32	
NODE_22_length_103053_cov_71.1144	1	45017 	45090 	Arg	ACG	0	0	52.72	27.21	25.51	
NODE_22_length_103053_cov_71.1144	2	1109  	1034  	Asn	GTT	0	0	91.73	62.08	29.65	
NODE_22_length_103053_cov_71.1144	3	1024  	948   	Pro	TGG	0	0	87.63	64.60	23.03	
NODE_22_length_103053_cov_71.1144	4	937   	862   	Lys	TTT	0	0	95.07	71.82	23.25	
NODE_28_length_81641_cov_70.9624 	1	45588 	45513 	Val	TAC	0	0	94.49	73.68	20.81	
NODE_28_length_81641_cov_70.9624 	2	45496 	45420 	Asp	GTC	0	0	94.67	75.49	19.18	
NODE_29_length_72827_cov_71.5796 	1	49487 	49561 	Gln	TTG	0	0	66.82	40.36	26.46	
NODE_29_length_72827_cov_71.5796 	2	53235 	53311 	Met	CAT	0	0	87.19	64.42	22.77	
NODE_32_length_54915_cov_65.8991 	1	53696 	53621 	Trp	CCA	0	0	86.73	63.05	23.68	
NODE_55_length_5347_cov_217.343  	1	1858  	1934  	Ile	GAT	0	0	98.83	72.69	26.14	
NODE_55_length_5347_cov_217.343  	2	1963  	2038  	Ala	TGC	0	0	90.68	71.56	19.12	
NODE_64_length_3418_cov_58.0164  	1	521   	437   	Tyr	GTA	0	0	71.07	41.76	29.31	
NODE_64_length_3418_cov_58.0164  	2	410   	337   	Gly	TCC	0	0	82.75	60.87	21.88	
NODE_64_length_3418_cov_58.0164  	3	317   	242   	Thr	GGT	0	0	93.76	67.73	26.03	
