Sequence                         		tRNA  	Bounds	tRNA	Anti	Intron Bounds	Cove	HMM	2'Str	      
Name                             	tRNA #	Begin 	End   	Type	Codon	Begin	End	Score	Score	Score	Note
--------                         	------	----- 	------	----	-----	-----	----	------	-----	-----	------
NODE_1_length_949357_cov_30.7076 	1	640713	640789	Met	CAT	0	0	85.06	58.55	26.51	
NODE_1_length_949357_cov_30.7076 	2	746935	747007	Leu	GAG	0	0	20.84	19.28	1.56	
NODE_1_length_949357_cov_30.7076 	3	848320	848393	Gly	CCC	0	0	60.35	30.06	30.29	
NODE_1_length_949357_cov_30.7076 	4	657255	657165	Ser	GCT	0	0	76.69	47.10	29.59	
NODE_1_length_949357_cov_30.7076 	5	657047	656971	Arg	ACG	0	0	83.50	58.05	25.45	
NODE_1_length_949357_cov_30.7076 	6	656859	656783	Arg	ACG	0	0	83.50	58.05	25.45	
NODE_1_length_949357_cov_30.7076 	7	588157	588082	Lys	TTT	0	0	95.07	71.82	23.25	
NODE_1_length_949357_cov_30.7076 	8	560617	560528	Ser	CGA	0	0	68.31	24.88	43.43	
NODE_2_length_910032_cov_31.3173 	1	708197	708273	Arg	CCT	0	0	83.71	58.51	25.20	
NODE_2_length_910032_cov_31.3173 	2	836040	836115	Val	TAC	0	0	94.49	73.68	20.81	
NODE_2_length_910032_cov_31.3173 	3	836132	836208	Asp	GTC	0	0	94.67	75.49	19.18	
NODE_2_length_910032_cov_31.3173 	4	228994	228908	Leu	CAA	0	0	69.99	38.33	31.66	
NODE_3_length_768647_cov_31.7286 	1	651633	651724	SeC	TCA	0	0	55.75	-18.51	74.26	
NODE_3_length_768647_cov_31.7286 	2	705671	705756	Leu	GAG	0	0	68.53	39.16	29.37	
NODE_3_length_768647_cov_31.7286 	3	705847	705923	Met	CAT	0	0	85.85	60.06	25.79	
NODE_3_length_768647_cov_31.7286 	4	497947	497861	Leu	CAG	0	0	73.96	38.54	35.42	
NODE_3_length_768647_cov_31.7286 	5	497731	497645	Leu	CAG	0	0	73.96	38.54	35.42	
NODE_3_length_768647_cov_31.7286 	6	241192	241117	Phe	GAA	0	0	92.69	68.52	24.17	
NODE_3_length_768647_cov_31.7286 	7	229782	229707	Thr	TGT	0	0	93.66	75.64	18.02	
NODE_4_length_482730_cov_30.2514 	1	116140	116229	Ser	GGA	0	0	71.75	34.38	37.37	
NODE_4_length_482730_cov_30.2514 	2	304903	304979	Pro	CGG	0	0	88.20	60.26	27.94	
NODE_4_length_482730_cov_30.2514 	3	433712	433787	Asn	GTT	0	0	91.73	62.08	29.65	
NODE_4_length_482730_cov_30.2514 	4	424913	424838	Ala	GGC	0	0	86.95	68.86	18.09	
NODE_4_length_482730_cov_30.2514 	5	424789	424714	Glu	TTC	0	0	66.40	38.20	28.20	
NODE_4_length_482730_cov_30.2514 	6	424620	424545	Ala	GGC	0	0	86.95	68.86	18.09	
NODE_4_length_482730_cov_30.2514 	7	424498	424423	Glu	TTC	0	0	66.40	38.20	28.20	
NODE_4_length_482730_cov_30.2514 	8	385523	385448	Val	TAC	0	0	94.49	73.68	20.81	
NODE_4_length_482730_cov_30.2514 	9	385431	385355	Asp	GTC	0	0	94.67	75.49	19.18	
NODE_4_length_482730_cov_30.2514 	10	385240	385164	Asp	GTC	0	0	94.67	75.49	19.18	
NODE_4_length_482730_cov_30.2514 	11	83643 	83568 	Glu	TTC	0	0	66.40	38.20	28.20	
NODE_4_length_482730_cov_30.2514 	12	83565 	83490 	Gly	GCC	0	0	93.74	68.41	25.33	
NODE_4_length_482730_cov_30.2514 	13	83405 	83330 	Gly	GCC	0	0	93.74	68.41	25.33	
NODE_4_length_482730_cov_30.2514 	14	36207 	36131 	Val	GAC	0	0	93.19	67.81	25.38	
NODE_4_length_482730_cov_30.2514 	15	2069  	1993  	Pro	GGG	0	0	74.89	48.01	26.88	
NODE_5_length_427979_cov_29.814  	1	302703	302779	Arg	TCT	0	0	96.39	77.88	18.51	
NODE_5_length_427979_cov_29.814  	2	302831	302906	His	GTG	0	0	83.51	64.18	19.33	
NODE_5_length_427979_cov_29.814  	3	302961	303045	Leu	TAG	0	0	76.62	44.97	31.65	
NODE_5_length_427979_cov_29.814  	4	303112	303187	His	GTG	0	0	83.51	64.18	19.33	
NODE_5_length_427979_cov_29.814  	5	314478	314554	Asp	GTC	0	0	95.34	76.86	18.48	
NODE_6_length_370248_cov_31.502  	1	292539	292463	Met	CAT	0	0	92.87	71.40	21.47	
NODE_7_length_352997_cov_30.2185 	1	101720	101795	Asn	GTT	0	0	91.73	62.08	29.65	
NODE_7_length_352997_cov_30.2185 	2	101805	101881	Pro	TGG	0	0	87.63	64.60	23.03	
NODE_7_length_352997_cov_30.2185 	3	101892	101967	Lys	TTT	0	0	95.07	71.82	23.25	
NODE_7_length_352997_cov_30.2185 	4	120638	120713	Thr	CGT	0	0	90.98	74.93	16.05	
NODE_7_length_352997_cov_30.2185 	5	57813 	57740 	Arg	ACG	0	0	52.72	27.21	25.51	
NODE_8_length_314960_cov_29.4334 	1	172825	172736	Ser	TGA	0	0	72.70	38.95	33.75	
NODE_8_length_314960_cov_29.4334 	2	148445	148370	Gly	GCC	0	0	93.74	68.41	25.33	
NODE_8_length_314960_cov_29.4334 	3	112612	112539	Cys	GCA	0	0	62.38	45.73	16.65	
NODE_8_length_314960_cov_29.4334 	4	99989 	99903 	Leu	TAA	0	0	76.64	42.32	34.32	
NODE_17_length_75168_cov_29.5829 	1	25912 	25838 	Gln	TTG	0	0	66.82	40.36	26.46	
NODE_17_length_75168_cov_29.5829 	2	22163 	22087 	Met	CAT	0	0	87.19	64.42	22.77	
NODE_18_length_65209_cov_31.9222 	1	64308 	64233 	Trp	CCA	0	0	86.73	63.05	23.68	
NODE_22_length_35850_cov_30.3325 	1	34637 	34713 	Arg	CCG	0	0	87.81	66.55	21.26	
NODE_26_length_5415_cov_111.839  	1	3587  	3511  	Ile	GAT	0	0	98.83	72.69	26.14	
NODE_26_length_5415_cov_111.839  	2	3482  	3407  	Ala	TGC	0	0	90.68	71.56	19.12	
NODE_30_length_3639_cov_24.971   	1	839   	755   	Tyr	GTA	0	0	71.07	41.76	29.31	
NODE_30_length_3639_cov_24.971   	2	728   	655   	Gly	TCC	0	0	82.75	60.87	21.88	
NODE_30_length_3639_cov_24.971   	3	635   	560   	Thr	GGT	0	0	93.76	67.73	26.03	
