Sequence                        		tRNA  	Bounds	tRNA	Anti	Intron Bounds	Cove	HMM	2'Str	      
Name                            	tRNA #	Begin 	End   	Type	Codon	Begin	End	Score	Score	Score	Note
--------                        	------	----- 	------	----	-----	-----	----	------	-----	-----	------
NODE_1_length_949357_cov_72.282 	1	640713	640789	Met	CAT	0	0	85.06	58.55	26.51	
NODE_1_length_949357_cov_72.282 	2	746935	747007	Leu	GAG	0	0	20.84	19.28	1.56	
NODE_1_length_949357_cov_72.282 	3	848320	848393	Gly	CCC	0	0	60.35	30.06	30.29	
NODE_1_length_949357_cov_72.282 	4	657255	657165	Ser	GCT	0	0	76.69	47.10	29.59	
NODE_1_length_949357_cov_72.282 	5	657047	656971	Arg	ACG	0	0	83.50	58.05	25.45	
NODE_1_length_949357_cov_72.282 	6	656859	656783	Arg	ACG	0	0	83.50	58.05	25.45	
NODE_1_length_949357_cov_72.282 	7	588157	588082	Lys	TTT	0	0	95.07	71.82	23.25	
NODE_1_length_949357_cov_72.282 	8	560617	560528	Ser	CGA	0	0	68.31	24.88	43.43	
NODE_2_length_910032_cov_72.4606	1	708197	708273	Arg	CCT	0	0	83.71	58.51	25.20	
NODE_2_length_910032_cov_72.4606	2	836040	836115	Val	TAC	0	0	94.49	73.68	20.81	
NODE_2_length_910032_cov_72.4606	3	836132	836208	Asp	GTC	0	0	94.67	75.49	19.18	
NODE_2_length_910032_cov_72.4606	4	228994	228908	Leu	CAA	0	0	69.99	38.33	31.66	
NODE_3_length_768447_cov_73.4129	1	651633	651724	SeC	TCA	0	0	55.75	-18.51	74.26	
NODE_3_length_768447_cov_73.4129	2	705671	705756	Leu	GAG	0	0	68.53	39.16	29.37	
NODE_3_length_768447_cov_73.4129	3	705847	705923	Met	CAT	0	0	85.85	60.06	25.79	
NODE_3_length_768447_cov_73.4129	4	497947	497861	Leu	CAG	0	0	73.96	38.54	35.42	
NODE_3_length_768447_cov_73.4129	5	497731	497645	Leu	CAG	0	0	73.96	38.54	35.42	
NODE_3_length_768447_cov_73.4129	6	241192	241117	Phe	GAA	0	0	92.69	68.52	24.17	
NODE_3_length_768447_cov_73.4129	7	229782	229707	Thr	TGT	0	0	93.66	75.64	18.02	
NODE_4_length_481775_cov_71.7421	1	115185	115274	Ser	GGA	0	0	71.75	34.38	37.37	
NODE_4_length_481775_cov_71.7421	2	303948	304024	Pro	CGG	0	0	88.20	60.26	27.94	
NODE_4_length_481775_cov_71.7421	3	432757	432832	Asn	GTT	0	0	91.73	62.08	29.65	
NODE_4_length_481775_cov_71.7421	4	423958	423883	Ala	GGC	0	0	86.95	68.86	18.09	
NODE_4_length_481775_cov_71.7421	5	423834	423759	Glu	TTC	0	0	66.40	38.20	28.20	
NODE_4_length_481775_cov_71.7421	6	423665	423590	Ala	GGC	0	0	86.95	68.86	18.09	
NODE_4_length_481775_cov_71.7421	7	423543	423468	Glu	TTC	0	0	66.40	38.20	28.20	
NODE_4_length_481775_cov_71.7421	8	384568	384493	Val	TAC	0	0	94.49	73.68	20.81	
NODE_4_length_481775_cov_71.7421	9	384476	384400	Asp	GTC	0	0	94.67	75.49	19.18	
NODE_4_length_481775_cov_71.7421	10	384285	384209	Asp	GTC	0	0	94.67	75.49	19.18	
NODE_4_length_481775_cov_71.7421	11	82688 	82613 	Glu	TTC	0	0	66.40	38.20	28.20	
NODE_4_length_481775_cov_71.7421	12	82610 	82535 	Gly	GCC	0	0	93.74	68.41	25.33	
NODE_4_length_481775_cov_71.7421	13	82450 	82375 	Gly	GCC	0	0	93.74	68.41	25.33	
NODE_4_length_481775_cov_71.7421	14	35252 	35176 	Val	GAC	0	0	93.19	67.81	25.38	
NODE_4_length_481775_cov_71.7421	15	1114  	1038  	Pro	GGG	0	0	74.89	48.01	26.88	
NODE_5_length_395235_cov_71.1817	1	92533 	92457 	Arg	TCT	0	0	96.39	77.88	18.51	
NODE_5_length_395235_cov_71.1817	2	92405 	92330 	His	GTG	0	0	83.51	64.18	19.33	
NODE_5_length_395235_cov_71.1817	3	92275 	92191 	Leu	TAG	0	0	76.62	44.97	31.65	
NODE_5_length_395235_cov_71.1817	4	92124 	92049 	His	GTG	0	0	83.51	64.18	19.33	
NODE_5_length_395235_cov_71.1817	5	80758 	80682 	Asp	GTC	0	0	95.34	76.86	18.48	
NODE_6_length_370356_cov_73.1337	1	292539	292463	Met	CAT	0	0	92.87	71.40	21.47	
NODE_7_length_352997_cov_71.7897	1	295185	295258	Arg	ACG	0	0	52.72	27.21	25.51	
NODE_7_length_352997_cov_71.7897	2	251278	251203	Asn	GTT	0	0	91.73	62.08	29.65	
NODE_7_length_352997_cov_71.7897	3	251193	251117	Pro	TGG	0	0	87.63	64.60	23.03	
NODE_7_length_352997_cov_71.7897	4	251106	251031	Lys	TTT	0	0	95.07	71.82	23.25	
NODE_7_length_352997_cov_71.7897	5	232360	232285	Thr	CGT	0	0	90.98	74.93	16.05	
NODE_8_length_314960_cov_70.838 	1	172825	172736	Ser	TGA	0	0	72.70	38.95	33.75	
NODE_8_length_314960_cov_70.838 	2	148445	148370	Gly	GCC	0	0	93.74	68.41	25.33	
NODE_8_length_314960_cov_70.838 	3	112612	112539	Cys	GCA	0	0	62.38	45.73	16.65	
NODE_8_length_314960_cov_70.838 	4	99989 	99903 	Leu	TAA	0	0	76.64	42.32	34.32	
NODE_16_length_75168_cov_71.9608	1	49257 	49331 	Gln	TTG	0	0	66.82	40.36	26.46	
NODE_16_length_75168_cov_71.9608	2	53006 	53082 	Met	CAT	0	0	87.19	64.42	22.77	
NODE_17_length_65323_cov_74.118 	1	64308 	64233 	Trp	CCA	0	0	86.73	63.05	23.68	
NODE_22_length_35850_cov_71.7749	1	34637 	34713 	Arg	CCG	0	0	87.81	66.55	21.26	
NODE_29_length_5615_cov_291.03  	1	3587  	3511  	Ile	GAT	0	0	98.83	72.69	26.14	
NODE_29_length_5615_cov_291.03  	2	3482  	3407  	Ala	TGC	0	0	90.68	71.56	19.12	
NODE_35_length_3525_cov_70.6539 	1	725   	641   	Tyr	GTA	0	0	71.07	41.76	29.31	
NODE_35_length_3525_cov_70.6539 	2	614   	541   	Gly	TCC	0	0	82.75	60.87	21.88	
NODE_35_length_3525_cov_70.6539 	3	521   	446   	Thr	GGT	0	0	93.76	67.73	26.03	
