Sequence                         		tRNA  	Bounds	tRNA	Anti	Intron Bounds	Cove	HMM	2'Str	      
Name                             	tRNA #	Begin 	End   	Type	Codon	Begin	End	Score	Score	Score	Note
--------                         	------	----- 	------	----	-----	-----	----	------	-----	-----	------
NODE_1_length_578241_cov_41.7076 	1	214743	214657	Leu	CAA	0	0	69.99	38.33	31.66	
NODE_2_length_489192_cov_39.6913 	1	195696	195771	Asn	GTT	0	0	91.73	62.08	29.65	
NODE_2_length_489192_cov_39.6913 	2	195781	195857	Pro	TGG	0	0	87.63	64.60	23.03	
NODE_2_length_489192_cov_39.6913 	3	195868	195943	Lys	TTT	0	0	95.07	71.82	23.25	
NODE_2_length_489192_cov_39.6913 	4	213927	214002	Thr	CGT	0	0	90.98	74.93	16.05	
NODE_2_length_489192_cov_39.6913 	5	151781	151708	Arg	ACG	0	0	52.72	27.21	25.51	
NODE_2_length_489192_cov_39.6913 	6	45604 	45530 	Gln	TTG	0	0	66.82	40.36	26.46	
NODE_2_length_489192_cov_39.6913 	7	18485 	18409 	Met	CAT	0	0	87.19	64.42	22.77	
NODE_3_length_458586_cov_39.7958 	1	51399 	51474 	Ala	GGC	0	0	86.95	68.86	18.09	
NODE_3_length_458586_cov_39.7958 	2	51523 	51598 	Glu	TTC	0	0	66.40	38.20	28.20	
NODE_3_length_458586_cov_39.7958 	3	51692 	51767 	Ala	GGC	0	0	86.95	68.86	18.09	
NODE_3_length_458586_cov_39.7958 	4	51814 	51889 	Glu	TTC	0	0	66.40	38.20	28.20	
NODE_3_length_458586_cov_39.7958 	5	90791 	90866 	Val	TAC	0	0	94.49	73.68	20.81	
NODE_3_length_458586_cov_39.7958 	6	90883 	90959 	Asp	GTC	0	0	94.67	75.49	19.18	
NODE_3_length_458586_cov_39.7958 	7	91074 	91150 	Asp	GTC	0	0	94.67	75.49	19.18	
NODE_3_length_458586_cov_39.7958 	8	393771	393846	Glu	TTC	0	0	66.40	38.20	28.20	
NODE_3_length_458586_cov_39.7958 	9	393849	393924	Gly	GCC	0	0	93.74	68.41	25.33	
NODE_3_length_458586_cov_39.7958 	10	361276	361187	Ser	GGA	0	0	71.75	34.38	37.37	
NODE_3_length_458586_cov_39.7958 	11	172483	172407	Pro	CGG	0	0	88.20	60.26	27.94	
NODE_3_length_458586_cov_39.7958 	12	42600 	42525 	Asn	GTT	0	0	91.73	62.08	29.65	
NODE_4_length_458007_cov_41.731  	1	341612	341703	SeC	TCA	0	0	55.75	-18.51	74.26	
NODE_4_length_458007_cov_41.731  	2	395663	395748	Leu	GAG	0	0	68.53	39.16	29.37	
NODE_4_length_458007_cov_41.731  	3	395839	395915	Met	CAT	0	0	85.85	60.06	25.79	
NODE_4_length_458007_cov_41.731  	4	185331	185245	Leu	CAG	0	0	73.96	38.54	35.42	
NODE_4_length_458007_cov_41.731  	5	185115	185029	Leu	CAG	0	0	73.96	38.54	35.42	
NODE_5_length_340845_cov_38.1037 	1	216330	216420	Ser	GCT	0	0	76.69	47.10	29.59	
NODE_5_length_340845_cov_38.1037 	2	216538	216614	Arg	ACG	0	0	83.50	58.05	25.45	
NODE_5_length_340845_cov_38.1037 	3	216726	216802	Arg	ACG	0	0	83.50	58.05	25.45	
NODE_5_length_340845_cov_38.1037 	4	285489	285564	Lys	TTT	0	0	95.07	71.82	23.25	
NODE_5_length_340845_cov_38.1037 	5	232912	232836	Met	CAT	0	0	85.06	58.55	26.51	
NODE_5_length_340845_cov_38.1037 	6	126648	126576	Leu	GAG	0	0	20.84	19.28	1.56	
NODE_5_length_340845_cov_38.1037 	7	23222 	23149 	Gly	CCC	0	0	60.35	30.06	30.29	
NODE_6_length_328243_cov_36.6479 	1	184109	184033	Arg	TCT	0	0	96.39	77.88	18.51	
NODE_6_length_328243_cov_36.6479 	2	183981	183906	His	GTG	0	0	83.51	64.18	19.33	
NODE_6_length_328243_cov_36.6479 	3	183851	183767	Leu	TAG	0	0	76.62	44.97	31.65	
NODE_6_length_328243_cov_36.6479 	4	153001	152926	Thr	TGT	0	0	74.27	61.42	12.85	
NODE_6_length_328243_cov_36.6479 	5	124367	124292	His	GTG	0	0	83.51	64.18	19.33	
NODE_6_length_328243_cov_36.6479 	6	113014	112938	Asp	GTC	0	0	95.34	76.86	18.48	
NODE_7_length_280112_cov_37.4252 	1	153999	154088	Ser	TGA	0	0	72.70	38.95	33.75	
NODE_7_length_280112_cov_37.4252 	2	178379	178454	Gly	GCC	0	0	93.74	68.41	25.33	
NODE_7_length_280112_cov_37.4252 	3	184772	184845	Cys	GCA	0	0	62.38	45.73	16.65	
NODE_7_length_280112_cov_37.4252 	4	197397	197483	Leu	TAA	0	0	76.64	42.32	34.32	
NODE_11_length_222896_cov_42.5314	1	139553	139477	Met	CAT	0	0	92.87	71.40	21.47	
NODE_16_length_187925_cov_37.923 	1	154210	154121	Ser	CGA	0	0	68.31	24.88	43.43	
NODE_18_length_136180_cov_39.6782	1	100221	100146	Val	TAC	0	0	94.49	73.68	20.81	
NODE_18_length_136180_cov_39.6782	2	100129	100053	Asp	GTC	0	0	94.67	75.49	19.18	
NODE_20_length_124577_cov_36.8091	1	75798 	75874 	Val	GAC	0	0	93.19	67.81	25.38	
NODE_21_length_120640_cov_41.8447	1	919   	843   	Arg	CCT	0	0	83.71	58.51	25.20	
NODE_28_length_76775_cov_42.4889 	1	4899  	4824  	Phe	GAA	0	0	92.69	68.52	24.17	
NODE_30_length_57560_cov_41.5229 	1	21641 	21716 	Thr	TGT	0	0	93.66	75.64	18.02	
NODE_35_length_36260_cov_42.5781 	1	34644 	34720 	Arg	CCG	0	0	87.81	66.55	21.26	
NODE_38_length_32051_cov_40.6734 	1	1220  	1295  	Trp	CCA	0	0	86.73	63.05	23.68	
NODE_40_length_28039_cov_34.5728 	1	14889 	14813 	Pro	GGG	0	0	74.89	48.01	26.88	
NODE_50_length_5405_cov_156.787  	1	1829  	1905  	Ile	GAT	0	0	98.83	72.69	26.14	
NODE_50_length_5405_cov_156.787  	2	1934  	2009  	Ala	TGC	0	0	90.68	71.56	19.12	
NODE_54_length_3329_cov_35.5865  	1	2809  	2893  	Tyr	GTA	0	0	71.07	41.76	29.31	
NODE_54_length_3329_cov_35.5865  	2	2920  	2993  	Gly	TCC	0	0	82.75	60.87	21.88	
NODE_54_length_3329_cov_35.5865  	3	3013  	3088  	Thr	GGT	0	0	93.76	67.73	26.03	
