Sequence                         		tRNA  	Bounds	tRNA	Anti	Intron Bounds	Cove	HMM	2'Str	      
Name                             	tRNA #	Begin 	End   	Type	Codon	Begin	End	Score	Score	Score	Note
--------                         	------	----- 	------	----	-----	-----	----	------	-----	-----	------
NODE_1_length_856995_cov_42.9399 	1	60835 	60910 	Ala	GGC	0	0	86.95	68.86	18.09	
NODE_1_length_856995_cov_42.9399 	2	60959 	61034 	Glu	TTC	0	0	66.40	38.20	28.20	
NODE_1_length_856995_cov_42.9399 	3	61128 	61203 	Ala	GGC	0	0	86.95	68.86	18.09	
NODE_1_length_856995_cov_42.9399 	4	61250 	61325 	Glu	TTC	0	0	66.40	38.20	28.20	
NODE_1_length_856995_cov_42.9399 	5	100223	100298	Val	TAC	0	0	94.49	73.68	20.81	
NODE_1_length_856995_cov_42.9399 	6	100315	100391	Asp	GTC	0	0	94.67	75.49	19.18	
NODE_1_length_856995_cov_42.9399 	7	100506	100582	Asp	GTC	0	0	94.67	75.49	19.18	
NODE_1_length_856995_cov_42.9399 	8	402120	402195	Glu	TTC	0	0	66.40	38.20	28.20	
NODE_1_length_856995_cov_42.9399 	9	402198	402273	Gly	GCC	0	0	93.74	68.41	25.33	
NODE_1_length_856995_cov_42.9399 	10	402358	402433	Gly	GCC	0	0	93.74	68.41	25.33	
NODE_1_length_856995_cov_42.9399 	11	503807	503883	Val	GAC	0	0	93.19	67.81	25.38	
NODE_1_length_856995_cov_42.9399 	12	537950	538026	Pro	GGG	0	0	74.89	48.01	26.88	
NODE_1_length_856995_cov_42.9399 	13	717884	717973	Ser	TGA	0	0	72.70	38.95	33.75	
NODE_1_length_856995_cov_42.9399 	14	742259	742334	Gly	GCC	0	0	93.74	68.41	25.33	
NODE_1_length_856995_cov_42.9399 	15	746883	746956	Cys	GCA	0	0	62.38	45.73	16.65	
NODE_1_length_856995_cov_42.9399 	16	759507	759593	Leu	TAA	0	0	76.64	42.32	34.32	
NODE_1_length_856995_cov_42.9399 	17	369626	369537	Ser	GGA	0	0	71.75	34.38	37.37	
NODE_1_length_856995_cov_42.9399 	18	180850	180774	Pro	CGG	0	0	88.20	60.26	27.94	
NODE_1_length_856995_cov_42.9399 	19	52028 	51953 	Asn	GTT	0	0	91.73	62.08	29.65	
NODE_2_length_687957_cov_42.8419 	1	571140	571231	SeC	TCA	0	0	55.75	-18.51	74.26	
NODE_2_length_687957_cov_42.8419 	2	625087	625172	Leu	GAG	0	0	68.53	39.16	29.37	
NODE_2_length_687957_cov_42.8419 	3	625263	625339	Met	CAT	0	0	85.85	60.06	25.79	
NODE_2_length_687957_cov_42.8419 	4	417260	417174	Leu	CAG	0	0	73.96	38.54	35.42	
NODE_2_length_687957_cov_42.8419 	5	417044	416958	Leu	CAG	0	0	73.96	38.54	35.42	
NODE_2_length_687957_cov_42.8419 	6	160384	160309	Phe	GAA	0	0	92.69	68.52	24.17	
NODE_2_length_687957_cov_42.8419 	7	148979	148904	Thr	TGT	0	0	93.66	75.64	18.02	
NODE_3_length_599123_cov_40.9484 	1	219401	219315	Leu	CAA	0	0	69.99	38.33	31.66	
NODE_4_length_461379_cov_40.706  	1	302527	302603	Arg	TCT	0	0	96.39	77.88	18.51	
NODE_4_length_461379_cov_40.706  	2	302655	302730	His	GTG	0	0	83.51	64.18	19.33	
NODE_4_length_461379_cov_40.706  	3	302785	302869	Leu	TAG	0	0	76.62	44.97	31.65	
NODE_4_length_461379_cov_40.706  	4	369053	369128	His	GTG	0	0	83.51	64.18	19.33	
NODE_4_length_461379_cov_40.706  	5	380419	380495	Asp	GTC	0	0	95.34	76.86	18.48	
NODE_5_length_421056_cov_42.3284 	1	331429	331353	Met	CAT	0	0	92.87	71.40	21.47	
NODE_5_length_421056_cov_42.3284 	2	1283  	1207  	Arg	CCG	0	0	88.66	67.40	21.26	
NODE_6_length_329153_cov_42.2946 	1	60766 	60842 	Met	CAT	0	0	85.06	58.55	26.51	
NODE_6_length_329153_cov_42.2946 	2	166972	167044	Leu	GAG	0	0	20.84	19.28	1.56	
NODE_6_length_329153_cov_42.2946 	3	270916	270989	Gly	CCC	0	0	60.35	30.06	30.29	
NODE_6_length_329153_cov_42.2946 	4	77308 	77218 	Ser	GCT	0	0	76.69	47.10	29.59	
NODE_6_length_329153_cov_42.2946 	5	77100 	77024 	Arg	ACG	0	0	83.50	58.05	25.45	
NODE_6_length_329153_cov_42.2946 	6	76912 	76836 	Arg	ACG	0	0	83.50	58.05	25.45	
NODE_6_length_329153_cov_42.2946 	7	8213  	8138  	Lys	TTT	0	0	95.07	71.82	23.25	
NODE_8_length_270495_cov_41.8084 	1	33399 	33474 	Thr	CGT	0	0	90.98	74.93	16.05	
NODE_11_length_234981_cov_41.9693	1	27794 	27883 	Ser	CGA	0	0	68.31	24.88	43.43	
NODE_13_length_214777_cov_42.2935	1	90428 	90352 	Arg	CCT	0	0	83.71	58.51	25.20	
NODE_17_length_113897_cov_42.9079	1	36000 	36075 	Val	TAC	0	0	94.49	73.68	20.81	
NODE_17_length_113897_cov_42.9079	2	36092 	36168 	Asp	GTC	0	0	94.67	75.49	19.18	
NODE_18_length_106311_cov_42.5492	1	48007 	48080 	Arg	ACG	0	0	52.72	27.21	25.51	
NODE_18_length_106311_cov_42.5492	2	4092  	4017  	Asn	GTT	0	0	91.73	62.08	29.65	
NODE_18_length_106311_cov_42.5492	3	4007  	3931  	Pro	TGG	0	0	87.63	64.60	23.03	
NODE_18_length_106311_cov_42.5492	4	3920  	3845  	Lys	TTT	0	0	95.07	71.82	23.25	
NODE_21_length_86234_cov_42.3286 	1	49035 	49109 	Gln	TTG	0	0	66.82	40.36	26.46	
NODE_21_length_86234_cov_42.3286 	2	67744 	67820 	Met	CAT	0	0	87.19	64.42	22.77	
NODE_24_length_65435_cov_43.7895 	1	1136  	1211  	Trp	CCA	0	0	86.73	63.05	23.68	
NODE_36_length_5512_cov_177.849  	1	1935  	2011  	Ile	GAT	0	0	98.83	72.69	26.14	
NODE_36_length_5512_cov_177.849  	2	2040  	2115  	Ala	TGC	0	0	90.68	71.56	19.12	
NODE_38_length_3414_cov_39.8451  	1	2810  	2894  	Tyr	GTA	0	0	71.07	41.76	29.31	
NODE_38_length_3414_cov_39.8451  	2	2921  	2994  	Gly	TCC	0	0	82.75	60.87	21.88	
NODE_38_length_3414_cov_39.8451  	3	3014  	3089  	Thr	GGT	0	0	93.76	67.73	26.03	
