Sequence                         		tRNA  	Bounds	tRNA	Anti	Intron Bounds	Cove	HMM	2'Str	      
Name                             	tRNA #	Begin 	End   	Type	Codon	Begin	End	Score	Score	Score	Note
--------                         	------	----- 	------	----	-----	-----	----	------	-----	-----	------
NODE_1_length_895133_cov_45.6028 	1	687244	687320	Arg	CCT	0	0	83.71	58.51	25.20	
NODE_1_length_895133_cov_45.6028 	2	821263	821338	Val	TAC	0	0	94.49	73.68	20.81	
NODE_1_length_895133_cov_45.6028 	3	821355	821431	Asp	GTC	0	0	94.67	75.49	19.18	
NODE_1_length_895133_cov_45.6028 	4	210681	210595	Leu	CAA	0	0	69.99	38.33	31.66	
NODE_2_length_802538_cov_45.9747 	1	685705	685796	SeC	TCA	0	0	55.75	-18.51	74.26	
NODE_2_length_802538_cov_45.9747 	2	739764	739849	Leu	GAG	0	0	68.53	39.16	29.37	
NODE_2_length_802538_cov_45.9747 	3	739940	740016	Met	CAT	0	0	85.85	60.06	25.79	
NODE_2_length_802538_cov_45.9747 	4	495526	495440	Leu	CAG	0	0	73.96	38.54	35.42	
NODE_2_length_802538_cov_45.9747 	5	495310	495224	Leu	CAG	0	0	73.96	38.54	35.42	
NODE_2_length_802538_cov_45.9747 	6	241158	241083	Phe	GAA	0	0	92.69	68.52	24.17	
NODE_2_length_802538_cov_45.9747 	7	229748	229673	Thr	TGT	0	0	93.66	75.64	18.02	
NODE_3_length_732204_cov_44.9308 	1	622019	622095	Met	CAT	0	0	85.06	58.55	26.51	
NODE_3_length_732204_cov_44.9308 	2	728244	728316	Leu	GAG	0	0	20.84	19.28	1.56	
NODE_3_length_732204_cov_44.9308 	3	638564	638474	Ser	GCT	0	0	76.69	47.10	29.59	
NODE_3_length_732204_cov_44.9308 	4	638356	638280	Arg	ACG	0	0	83.50	58.05	25.45	
NODE_3_length_732204_cov_44.9308 	5	638167	638091	Arg	ACG	0	0	83.50	58.05	25.45	
NODE_3_length_732204_cov_44.9308 	6	569425	569350	Lys	TTT	0	0	95.07	71.82	23.25	
NODE_3_length_732204_cov_44.9308 	7	466297	466212	Lys	TTT	0	0	22.00	12.28	9.72	
NODE_3_length_732204_cov_44.9308 	8	438745	438656	Ser	CGA	0	0	68.31	24.88	43.43	
NODE_4_length_728829_cov_44.6952 	1	605462	605551	Ser	GGA	0	0	71.75	34.38	37.37	
NODE_4_length_728829_cov_44.6952 	2	572964	572889	Glu	TTC	0	0	66.40	38.20	28.20	
NODE_4_length_728829_cov_44.6952 	3	572886	572811	Gly	GCC	0	0	93.74	68.41	25.33	
NODE_4_length_728829_cov_44.6952 	4	572726	572651	Gly	GCC	0	0	93.74	68.41	25.33	
NODE_4_length_728829_cov_44.6952 	5	432916	432840	Val	GAC	0	0	93.19	67.81	25.38	
NODE_4_length_728829_cov_44.6952 	6	398773	398697	Pro	GGG	0	0	74.89	48.01	26.88	
NODE_4_length_728829_cov_44.6952 	7	248207	248118	Ser	TGA	0	0	72.70	38.95	33.75	
NODE_4_length_728829_cov_44.6952 	8	192083	192008	Gly	GCC	0	0	93.74	68.41	25.33	
NODE_4_length_728829_cov_44.6952 	9	187461	187388	Cys	GCA	0	0	62.38	45.73	16.65	
NODE_4_length_728829_cov_44.6952 	10	123201	123115	Leu	TAA	0	0	76.64	42.32	34.32	
NODE_5_length_480982_cov_44.6305 	1	388447	388523	Arg	TCT	0	0	96.39	77.88	18.51	
NODE_5_length_480982_cov_44.6305 	2	388575	388650	His	GTG	0	0	83.51	64.18	19.33	
NODE_5_length_480982_cov_44.6305 	3	388705	388789	Leu	TAG	0	0	76.62	44.97	31.65	
NODE_5_length_480982_cov_44.6305 	4	388856	388931	His	GTG	0	0	83.51	64.18	19.33	
NODE_5_length_480982_cov_44.6305 	5	400222	400298	Asp	GTC	0	0	95.34	76.86	18.48	
NODE_6_length_427990_cov_44.7539 	1	173593	173668	Asn	GTT	0	0	91.73	62.08	29.65	
NODE_6_length_427990_cov_44.7539 	2	173678	173754	Pro	TGG	0	0	87.63	64.60	23.03	
NODE_6_length_427990_cov_44.7539 	3	173765	173840	Lys	TTT	0	0	95.07	71.82	23.25	
NODE_6_length_427990_cov_44.7539 	4	193084	193159	Thr	CGT	0	0	90.98	74.93	16.05	
NODE_6_length_427990_cov_44.7539 	5	129677	129604	Arg	ACG	0	0	52.72	27.21	25.51	
NODE_6_length_427990_cov_44.7539 	6	22240 	22166 	Gln	TTG	0	0	66.82	40.36	26.46	
NODE_6_length_427990_cov_44.7539 	7	18491 	18415 	Met	CAT	0	0	87.19	64.42	22.77	
NODE_7_length_371551_cov_45.7312 	1	294285	294209	Met	CAT	0	0	92.87	71.40	21.47	
NODE_8_length_309880_cov_45.1578 	1	94236 	94312 	Pro	CGG	0	0	88.20	60.26	27.94	
NODE_8_length_309880_cov_45.1578 	2	265868	265943	Asn	GTT	0	0	91.73	62.08	29.65	
NODE_8_length_309880_cov_45.1578 	3	257069	256994	Ala	GGC	0	0	86.95	68.86	18.09	
NODE_8_length_309880_cov_45.1578 	4	256945	256870	Glu	TTC	0	0	66.40	38.20	28.20	
NODE_8_length_309880_cov_45.1578 	5	256776	256701	Ala	GGC	0	0	86.95	68.86	18.09	
NODE_8_length_309880_cov_45.1578 	6	256654	256579	Glu	TTC	0	0	66.40	38.20	28.20	
NODE_8_length_309880_cov_45.1578 	7	217679	217604	Val	TAC	0	0	94.49	73.68	20.81	
NODE_8_length_309880_cov_45.1578 	8	217587	217511	Asp	GTC	0	0	94.67	75.49	19.18	
NODE_8_length_309880_cov_45.1578 	9	217396	217320	Asp	GTC	0	0	94.67	75.49	19.18	
NODE_13_length_193782_cov_44.666 	1	99599 	99672 	Gly	CCC	0	0	60.35	30.06	30.29	
NODE_15_length_146236_cov_43.9213	1	48080 	48005 	Gly	TCC	0	0	82.79	56.37	26.42	
NODE_19_length_65371_cov_47.1923 	1	64152 	64077 	Trp	CCA	0	0	86.73	63.05	23.68	
NODE_24_length_35816_cov_45.7604 	1	1188  	1112  	Arg	CCG	0	0	87.81	66.55	21.26	
NODE_31_length_5618_cov_183.294  	1	2037  	2113  	Ile	GAT	0	0	98.83	72.69	26.14	
NODE_31_length_5618_cov_183.294  	2	2142  	2217  	Ala	TGC	0	0	90.68	71.56	19.12	
NODE_35_length_3326_cov_38.8193  	1	521   	437   	Tyr	GTA	0	0	71.07	41.76	29.31	
NODE_35_length_3326_cov_38.8193  	2	410   	337   	Gly	TCC	0	0	82.75	60.87	21.88	
NODE_35_length_3326_cov_38.8193  	3	317   	242   	Thr	GGT	0	0	93.76	67.73	26.03	
