Sequence                         		tRNA  	Bounds	tRNA	Anti	Intron Bounds	Cove	HMM	2'Str	      
Name                             	tRNA #	Begin 	End   	Type	Codon	Begin	End	Score	Score	Score	Note
--------                         	------	----- 	------	----	-----	-----	----	------	-----	-----	------
NODE_1_length_813868_cov_49.9574 	1	446300	446389	Ser	GGA	0	0	71.75	34.38	37.37	
NODE_1_length_813868_cov_49.9574 	2	635134	635210	Pro	CGG	0	0	88.20	60.26	27.94	
NODE_1_length_813868_cov_49.9574 	3	761841	761916	Asn	GTT	0	0	91.73	62.08	29.65	
NODE_1_length_813868_cov_49.9574 	4	753042	752967	Ala	GGC	0	0	86.95	68.86	18.09	
NODE_1_length_813868_cov_49.9574 	5	752918	752843	Glu	TTC	0	0	66.40	38.20	28.20	
NODE_1_length_813868_cov_49.9574 	6	752749	752674	Ala	GGC	0	0	86.95	68.86	18.09	
NODE_1_length_813868_cov_49.9574 	7	752627	752552	Glu	TTC	0	0	66.40	38.20	28.20	
NODE_1_length_813868_cov_49.9574 	8	713639	713564	Val	TAC	0	0	94.49	73.68	20.81	
NODE_1_length_813868_cov_49.9574 	9	713547	713471	Asp	GTC	0	0	94.67	75.49	19.18	
NODE_1_length_813868_cov_49.9574 	10	713356	713280	Asp	GTC	0	0	94.67	75.49	19.18	
NODE_1_length_813868_cov_49.9574 	11	413803	413728	Glu	TTC	0	0	66.40	38.20	28.20	
NODE_1_length_813868_cov_49.9574 	12	413725	413650	Gly	GCC	0	0	93.74	68.41	25.33	
NODE_1_length_813868_cov_49.9574 	13	413565	413490	Gly	GCC	0	0	93.74	68.41	25.33	
NODE_1_length_813868_cov_49.9574 	14	373409	373333	Val	GAC	0	0	93.19	67.81	25.38	
NODE_1_length_813868_cov_49.9574 	15	339265	339189	Pro	GGG	0	0	74.89	48.01	26.88	
NODE_1_length_813868_cov_49.9574 	16	168794	168705	Ser	TGA	0	0	72.70	38.95	33.75	
NODE_1_length_813868_cov_49.9574 	17	144417	144342	Gly	GCC	0	0	93.74	68.41	25.33	
NODE_1_length_813868_cov_49.9574 	18	139795	139722	Cys	GCA	0	0	62.38	45.73	16.65	
NODE_1_length_813868_cov_49.9574 	19	127171	127085	Leu	TAA	0	0	76.64	42.32	34.32	
NODE_2_length_770264_cov_56.5176 	1	653368	653459	SeC	TCA	0	0	55.75	-18.51	74.26	
NODE_2_length_770264_cov_56.5176 	2	707472	707557	Leu	GAG	0	0	68.53	39.16	29.37	
NODE_2_length_770264_cov_56.5176 	3	707648	707724	Met	CAT	0	0	85.85	60.06	25.79	
NODE_2_length_770264_cov_56.5176 	4	499711	499625	Leu	CAG	0	0	73.96	38.54	35.42	
NODE_2_length_770264_cov_56.5176 	5	499495	499409	Leu	CAG	0	0	73.96	38.54	35.42	
NODE_2_length_770264_cov_56.5176 	6	243601	243526	Phe	GAA	0	0	92.69	68.52	24.17	
NODE_2_length_770264_cov_56.5176 	7	232196	232121	Thr	TGT	0	0	93.66	75.64	18.02	
NODE_3_length_581240_cov_53.6164 	1	578095	578171	Arg	CCT	0	0	83.71	58.51	25.20	
NODE_3_length_581240_cov_53.6164 	2	58663 	58577 	Leu	CAA	0	0	69.99	38.33	31.66	
NODE_4_length_563120_cov_51.2072 	1	33194 	33283 	Ser	CGA	0	0	68.31	24.88	43.43	
NODE_5_length_395308_cov_48.8181 	1	303022	303098	Arg	TCT	0	0	96.39	77.88	18.51	
NODE_5_length_395308_cov_48.8181 	2	303150	303225	His	GTG	0	0	83.51	64.18	19.33	
NODE_5_length_395308_cov_48.8181 	3	303280	303364	Leu	TAG	0	0	76.62	44.97	31.65	
NODE_5_length_395308_cov_48.8181 	4	303431	303506	His	GTG	0	0	83.51	64.18	19.33	
NODE_5_length_395308_cov_48.8181 	5	314797	314873	Asp	GTC	0	0	95.34	76.86	18.48	
NODE_6_length_365694_cov_53.8797 	1	275217	275142	Thr	CGT	0	0	90.98	74.93	16.05	
NODE_7_length_345230_cov_52.2598 	1	53818 	53894 	Met	CAT	0	0	85.06	58.55	26.51	
NODE_7_length_345230_cov_52.2598 	2	160105	160177	Leu	GAG	0	0	20.84	19.28	1.56	
NODE_7_length_345230_cov_52.2598 	3	287007	287080	Gly	CCC	0	0	60.35	30.06	30.29	
NODE_7_length_345230_cov_52.2598 	4	70360 	70270 	Ser	GCT	0	0	76.69	47.10	29.59	
NODE_7_length_345230_cov_52.2598 	5	70152 	70076 	Arg	ACG	0	0	83.50	58.05	25.45	
NODE_7_length_345230_cov_52.2598 	6	69964 	69888 	Arg	ACG	0	0	83.50	58.05	25.45	
NODE_7_length_345230_cov_52.2598 	7	1254  	1179  	Lys	TTT	0	0	95.07	71.82	23.25	
NODE_12_length_203480_cov_52.9698	1	1606  	1680  	Arg	CCT	0	0	69.69	51.80	17.89	
NODE_12_length_203480_cov_52.9698	2	129442	129517	Val	TAC	0	0	94.49	73.68	20.81	
NODE_12_length_203480_cov_52.9698	3	129534	129610	Asp	GTC	0	0	94.67	75.49	19.18	
NODE_14_length_189309_cov_54.2485	1	60610 	60683 	Arg	ACG	0	0	52.72	27.21	25.51	
NODE_14_length_189309_cov_54.2485	2	167072	167146	Gln	TTG	0	0	66.82	40.36	26.46	
NODE_14_length_189309_cov_54.2485	3	170820	170896	Met	CAT	0	0	87.19	64.42	22.77	
NODE_14_length_189309_cov_54.2485	4	16694 	16619 	Asn	GTT	0	0	91.73	62.08	29.65	
NODE_14_length_189309_cov_54.2485	5	16609 	16533 	Pro	TGG	0	0	87.63	64.60	23.03	
NODE_14_length_189309_cov_54.2485	6	16522 	16447 	Lys	TTT	0	0	95.07	71.82	23.25	
NODE_18_length_93302_cov_54.9447 	1	2125  	2049  	Met	CAT	0	0	92.87	71.40	21.47	
NODE_20_length_65520_cov_57.7388 	1	64301 	64226 	Trp	CCA	0	0	86.73	63.05	23.68	
NODE_25_length_36145_cov_56.8488 	1	1534  	1458  	Arg	CCG	0	0	87.81	66.55	21.26	
NODE_31_length_5604_cov_227.97   	1	2016  	2092  	Ile	GAT	0	0	98.83	72.69	26.14	
NODE_31_length_5604_cov_227.97   	2	2121  	2196  	Ala	TGC	0	0	90.68	71.56	19.12	
NODE_35_length_3319_cov_53.5229  	1	521   	437   	Tyr	GTA	0	0	71.07	41.76	29.31	
NODE_35_length_3319_cov_53.5229  	2	410   	337   	Gly	TCC	0	0	82.75	60.87	21.88	
NODE_35_length_3319_cov_53.5229  	3	317   	242   	Thr	GGT	0	0	93.76	67.73	26.03	
