Sequence                         		tRNA  	Bounds	tRNA	Anti	Intron Bounds	Cove	HMM	2'Str	      
Name                             	tRNA #	Begin 	End   	Type	Codon	Begin	End	Score	Score	Score	Note
--------                         	------	----- 	------	----	-----	-----	----	------	-----	-----	------
NODE_1_length_578241_cov_62.2606 	1	214743	214657	Leu	CAA	0	0	69.99	38.33	31.66	
NODE_2_length_458586_cov_58.219  	1	97311 	97400 	Ser	GGA	0	0	71.75	34.38	37.37	
NODE_2_length_458586_cov_58.219  	2	286104	286180	Pro	CGG	0	0	88.20	60.26	27.94	
NODE_2_length_458586_cov_58.219  	3	415987	416062	Asn	GTT	0	0	91.73	62.08	29.65	
NODE_2_length_458586_cov_58.219  	4	407188	407113	Ala	GGC	0	0	86.95	68.86	18.09	
NODE_2_length_458586_cov_58.219  	5	407064	406989	Glu	TTC	0	0	66.40	38.20	28.20	
NODE_2_length_458586_cov_58.219  	6	406895	406820	Ala	GGC	0	0	86.95	68.86	18.09	
NODE_2_length_458586_cov_58.219  	7	406773	406698	Glu	TTC	0	0	66.40	38.20	28.20	
NODE_2_length_458586_cov_58.219  	8	367796	367721	Val	TAC	0	0	94.49	73.68	20.81	
NODE_2_length_458586_cov_58.219  	9	367704	367628	Asp	GTC	0	0	94.67	75.49	19.18	
NODE_2_length_458586_cov_58.219  	10	367513	367437	Asp	GTC	0	0	94.67	75.49	19.18	
NODE_2_length_458586_cov_58.219  	11	64816 	64741 	Glu	TTC	0	0	66.40	38.20	28.20	
NODE_2_length_458586_cov_58.219  	12	64738 	64663 	Gly	GCC	0	0	93.74	68.41	25.33	
NODE_3_length_458007_cov_62.5759 	1	272677	272763	Leu	CAG	0	0	73.96	38.54	35.42	
NODE_3_length_458007_cov_62.5759 	2	272893	272979	Leu	CAG	0	0	73.96	38.54	35.42	
NODE_3_length_458007_cov_62.5759 	3	116396	116305	SeC	TCA	0	0	55.75	-18.51	74.26	
NODE_3_length_458007_cov_62.5759 	4	62345 	62260 	Leu	GAG	0	0	68.53	39.16	29.37	
NODE_3_length_458007_cov_62.5759 	5	62169 	62093 	Met	CAT	0	0	85.85	60.06	25.79	
NODE_4_length_340728_cov_56.6736 	1	216330	216420	Ser	GCT	0	0	76.69	47.10	29.59	
NODE_4_length_340728_cov_56.6736 	2	216538	216614	Arg	ACG	0	0	83.50	58.05	25.45	
NODE_4_length_340728_cov_56.6736 	3	216726	216802	Arg	ACG	0	0	83.50	58.05	25.45	
NODE_4_length_340728_cov_56.6736 	4	285489	285564	Lys	TTT	0	0	95.07	71.82	23.25	
NODE_4_length_340728_cov_56.6736 	5	232912	232836	Met	CAT	0	0	85.06	58.55	26.51	
NODE_4_length_340728_cov_56.6736 	6	126648	126576	Leu	GAG	0	0	20.84	19.28	1.56	
NODE_4_length_340728_cov_56.6736 	7	23222 	23149 	Gly	CCC	0	0	60.35	30.06	30.29	
NODE_5_length_328691_cov_54.1671 	1	144502	144578	Arg	TCT	0	0	96.39	77.88	18.51	
NODE_5_length_328691_cov_54.1671 	2	144630	144705	His	GTG	0	0	83.51	64.18	19.33	
NODE_5_length_328691_cov_54.1671 	3	144760	144844	Leu	TAG	0	0	76.62	44.97	31.65	
NODE_5_length_328691_cov_54.1671 	4	175691	175766	Thr	TGT	0	0	74.27	61.42	12.85	
NODE_5_length_328691_cov_54.1671 	5	204325	204400	His	GTG	0	0	83.51	64.18	19.33	
NODE_5_length_328691_cov_54.1671 	6	215678	215754	Asp	GTC	0	0	95.34	76.86	18.48	
NODE_6_length_323572_cov_54.7899 	1	169574	169485	Ser	TGA	0	0	72.70	38.95	33.75	
NODE_6_length_323572_cov_54.7899 	2	145194	145119	Gly	GCC	0	0	93.74	68.41	25.33	
NODE_6_length_323572_cov_54.7899 	3	138801	138728	Cys	GCA	0	0	62.38	45.73	16.65	
NODE_6_length_323572_cov_54.7899 	4	126176	126090	Leu	TAA	0	0	76.64	42.32	34.32	
NODE_7_length_277693_cov_59.7803 	1	2428  	2503  	Thr	CGT	0	0	90.98	74.93	16.05	
NODE_10_length_222896_cov_64.1748	1	139553	139477	Met	CAT	0	0	92.87	71.40	21.47	
NODE_15_length_187926_cov_55.9932	1	154211	154122	Ser	CGA	0	0	68.31	24.88	43.43	
NODE_16_length_180168_cov_59.8344	1	59973 	60046 	Arg	ACG	0	0	52.72	27.21	25.51	
NODE_16_length_180168_cov_59.8344	2	166150	166224	Gln	TTG	0	0	66.82	40.36	26.46	
NODE_16_length_180168_cov_59.8344	3	16058 	15983 	Asn	GTT	0	0	91.73	62.08	29.65	
NODE_16_length_180168_cov_59.8344	4	15973 	15897 	Pro	TGG	0	0	87.63	64.60	23.03	
NODE_16_length_180168_cov_59.8344	5	15886 	15811 	Lys	TTT	0	0	95.07	71.82	23.25	
NODE_18_length_136180_cov_59.5171	1	100221	100146	Val	TAC	0	0	94.49	73.68	20.81	
NODE_18_length_136180_cov_59.5171	2	100129	100053	Asp	GTC	0	0	94.67	75.49	19.18	
NODE_21_length_124579_cov_55.3635	1	75798 	75874 	Val	GAC	0	0	93.19	67.81	25.38	
NODE_22_length_120546_cov_61.717 	1	919   	843   	Arg	CCT	0	0	83.71	58.51	25.20	
NODE_30_length_76775_cov_63.7112 	1	71877 	71952 	Phe	GAA	0	0	92.69	68.52	24.17	
NODE_32_length_57560_cov_63.0151 	1	21641 	21716 	Thr	TGT	0	0	93.66	75.64	18.02	
NODE_36_length_36124_cov_64.8305 	1	34508 	34584 	Arg	CCG	0	0	87.81	66.55	21.26	
NODE_37_length_34504_cov_52.2786 	1	19616 	19692 	Pro	GGG	0	0	74.89	48.01	26.88	
NODE_40_length_31934_cov_65.0509 	1	30715 	30640 	Trp	CCA	0	0	86.73	63.05	23.68	
NODE_41_length_31838_cov_60.0097 	1	18485 	18409 	Met	CAT	0	0	87.19	64.42	22.77	
NODE_52_length_5405_cov_248.546  	1	1829  	1905  	Ile	GAT	0	0	98.83	72.69	26.14	
NODE_52_length_5405_cov_248.546  	2	1934  	2009  	Ala	TGC	0	0	90.68	71.56	19.12	
NODE_56_length_3329_cov_61.8616  	1	521   	437   	Tyr	GTA	0	0	71.07	41.76	29.31	
NODE_56_length_3329_cov_61.8616  	2	410   	337   	Gly	TCC	0	0	82.75	60.87	21.88	
NODE_56_length_3329_cov_61.8616  	3	317   	242   	Thr	GGT	0	0	93.76	67.73	26.03	
