Sequence                         		tRNA  	Bounds	tRNA	Anti	Intron Bounds	Cove	HMM	2'Str	      
Name                             	tRNA #	Begin 	End   	Type	Codon	Begin	End	Score	Score	Score	Note
--------                         	------	----- 	------	----	-----	-----	----	------	-----	-----	------
NODE_1_length_895133_cov_40.9173 	1	687244	687320	Arg	CCT	0	0	83.71	58.51	25.20	
NODE_1_length_895133_cov_40.9173 	2	821263	821338	Val	TAC	0	0	94.49	73.68	20.81	
NODE_1_length_895133_cov_40.9173 	3	821355	821431	Asp	GTC	0	0	94.67	75.49	19.18	
NODE_1_length_895133_cov_40.9173 	4	210681	210595	Leu	CAA	0	0	69.99	38.33	31.66	
NODE_2_length_801660_cov_40.9418 	1	684827	684918	SeC	TCA	0	0	55.75	-18.51	74.26	
NODE_2_length_801660_cov_40.9418 	2	738886	738971	Leu	GAG	0	0	68.53	39.16	29.37	
NODE_2_length_801660_cov_40.9418 	3	739062	739138	Met	CAT	0	0	85.85	60.06	25.79	
NODE_2_length_801660_cov_40.9418 	4	494648	494562	Leu	CAG	0	0	73.96	38.54	35.42	
NODE_2_length_801660_cov_40.9418 	5	494432	494346	Leu	CAG	0	0	73.96	38.54	35.42	
NODE_2_length_801660_cov_40.9418 	6	241158	241083	Phe	GAA	0	0	92.69	68.52	24.17	
NODE_2_length_801660_cov_40.9418 	7	229748	229673	Thr	TGT	0	0	93.66	75.64	18.02	
NODE_3_length_466570_cov_40.2132 	1	466297	466212	Lys	TTT	0	0	22.00	12.28	9.72	
NODE_3_length_466570_cov_40.2132 	2	438745	438656	Ser	CGA	0	0	68.31	24.88	43.43	
NODE_4_length_410718_cov_40.7081 	1	22284 	22208 	Arg	TCT	0	0	96.39	77.88	18.51	
NODE_4_length_410718_cov_40.7081 	2	22156 	22081 	His	GTG	0	0	83.51	64.18	19.33	
NODE_4_length_410718_cov_40.7081 	3	22026 	21942 	Leu	TAG	0	0	76.62	44.97	31.65	
NODE_5_length_371845_cov_41.0364 	1	294579	294503	Met	CAT	0	0	92.87	71.40	21.47	
NODE_6_length_367608_cov_39.3375 	1	290887	290811	Val	GAC	0	0	93.19	67.81	25.38	
NODE_6_length_367608_cov_39.3375 	2	256744	256668	Pro	GGG	0	0	74.89	48.01	26.88	
NODE_6_length_367608_cov_39.3375 	3	106178	106089	Ser	TGA	0	0	72.70	38.95	33.75	
NODE_6_length_367608_cov_39.3375 	4	50054 	49979 	Gly	GCC	0	0	93.74	68.41	25.33	
NODE_6_length_367608_cov_39.3375 	5	45432 	45359 	Cys	GCA	0	0	62.38	45.73	16.65	
NODE_8_length_267107_cov_39.888  	1	94287 	94363 	Pro	CGG	0	0	88.20	60.26	27.94	
NODE_8_length_267107_cov_39.888  	2	223094	223169	Asn	GTT	0	0	91.73	62.08	29.65	
NODE_8_length_267107_cov_39.888  	3	214295	214220	Ala	GGC	0	0	86.95	68.86	18.09	
NODE_8_length_267107_cov_39.888  	4	214171	214096	Glu	TTC	0	0	66.40	38.20	28.20	
NODE_8_length_267107_cov_39.888  	5	214002	213927	Ala	GGC	0	0	86.95	68.86	18.09	
NODE_8_length_267107_cov_39.888  	6	213880	213805	Glu	TTC	0	0	66.40	38.20	28.20	
NODE_8_length_267107_cov_39.888  	7	174905	174830	Val	TAC	0	0	94.49	73.68	20.81	
NODE_8_length_267107_cov_39.888  	8	174813	174737	Asp	GTC	0	0	94.67	75.49	19.18	
NODE_8_length_267107_cov_39.888  	9	174622	174546	Asp	GTC	0	0	94.67	75.49	19.18	
NODE_9_length_254520_cov_40.2061 	1	234907	234832	Thr	CGT	0	0	90.98	74.93	16.05	
NODE_11_length_219587_cov_40.0002	1	96076 	96165 	Ser	GGA	0	0	71.75	34.38	37.37	
NODE_11_length_219587_cov_40.0002	2	63578 	63503 	Glu	TTC	0	0	66.40	38.20	28.20	
NODE_11_length_219587_cov_40.0002	3	63500 	63425 	Gly	GCC	0	0	93.74	68.41	25.33	
NODE_11_length_219587_cov_40.0002	4	63340 	63265 	Gly	GCC	0	0	93.74	68.41	25.33	
NODE_14_length_184178_cov_39.5155	1	93497 	93587 	Ser	GCT	0	0	76.69	47.10	29.59	
NODE_14_length_184178_cov_39.5155	2	93705 	93781 	Arg	ACG	0	0	83.50	58.05	25.45	
NODE_14_length_184178_cov_39.5155	3	93894 	93970 	Arg	ACG	0	0	83.50	58.05	25.45	
NODE_14_length_184178_cov_39.5155	4	162637	162712	Lys	TTT	0	0	95.07	71.82	23.25	
NODE_14_length_184178_cov_39.5155	5	110042	109966	Met	CAT	0	0	85.06	58.55	26.51	
NODE_14_length_184178_cov_39.5155	6	3817  	3745  	Leu	GAG	0	0	20.84	19.28	1.56	
NODE_15_length_180397_cov_40.41  	1	50966 	51039 	Arg	ACG	0	0	52.72	27.21	25.51	
NODE_15_length_180397_cov_40.41  	2	158158	158232	Gln	TTG	0	0	66.82	40.36	26.46	
NODE_15_length_180397_cov_40.41  	3	161907	161983	Met	CAT	0	0	87.19	64.42	22.77	
NODE_15_length_180397_cov_40.41  	4	7050  	6975  	Asn	GTT	0	0	91.73	62.08	29.65	
NODE_15_length_180397_cov_40.41  	5	6965  	6889  	Pro	TGG	0	0	87.63	64.60	23.03	
NODE_15_length_180397_cov_40.41  	6	6878  	6803  	Lys	TTT	0	0	95.07	71.82	23.25	
NODE_17_length_138856_cov_40.4437	1	15656 	15742 	Leu	TAA	0	0	76.64	42.32	34.32	
NODE_18_length_136263_cov_39.9629	1	99599 	99672 	Gly	CCC	0	0	60.35	30.06	30.29	
NODE_21_length_94676_cov_39.9204 	1	92127 	92052 	His	GTG	0	0	83.51	64.18	19.33	
NODE_21_length_94676_cov_39.9204 	2	80761 	80685 	Asp	GTC	0	0	95.34	76.86	18.48	
NODE_26_length_65371_cov_42.3305 	1	64152 	64077 	Trp	CCA	0	0	86.73	63.05	23.68	
NODE_32_length_35816_cov_41.0246 	1	1188  	1112  	Arg	CCG	0	0	87.81	66.55	21.26	
NODE_35_length_15272_cov_75.7523 	1	11433 	11358 	Gly	TCC	0	0	82.79	56.37	26.42	
NODE_46_length_5618_cov_165.545  	1	2037  	2113  	Ile	GAT	0	0	98.83	72.69	26.14	
NODE_46_length_5618_cov_165.545  	2	2142  	2217  	Ala	TGC	0	0	90.68	71.56	19.12	
NODE_62_length_3326_cov_37.5764  	1	521   	437   	Tyr	GTA	0	0	71.07	41.76	29.31	
NODE_62_length_3326_cov_37.5764  	2	410   	337   	Gly	TCC	0	0	82.75	60.87	21.88	
NODE_62_length_3326_cov_37.5764  	3	317   	242   	Thr	GGT	0	0	93.76	67.73	26.03	
