Sequence                         		tRNA  	Bounds	tRNA	Anti	Intron Bounds	Cove	HMM	2'Str	      
Name                             	tRNA #	Begin 	End   	Type	Codon	Begin	End	Score	Score	Score	Note
--------                         	------	----- 	------	----	-----	-----	----	------	-----	-----	------
NODE_1_length_578673_cov_56.7276 	1	215175	215089	Leu	CAA	0	0	69.99	38.33	31.66	
NODE_2_length_492883_cov_55.5785 	1	199387	199462	Asn	GTT	0	0	91.73	62.08	29.65	
NODE_2_length_492883_cov_55.5785 	2	199472	199548	Pro	TGG	0	0	87.63	64.60	23.03	
NODE_2_length_492883_cov_55.5785 	3	199559	199634	Lys	TTT	0	0	95.07	71.82	23.25	
NODE_2_length_492883_cov_55.5785 	4	217618	217693	Thr	CGT	0	0	90.98	74.93	16.05	
NODE_2_length_492883_cov_55.5785 	5	155472	155399	Arg	ACG	0	0	52.72	27.21	25.51	
NODE_2_length_492883_cov_55.5785 	6	49295 	49221 	Gln	TTG	0	0	66.82	40.36	26.46	
NODE_2_length_492883_cov_55.5785 	7	22176 	22100 	Met	CAT	0	0	87.19	64.42	22.77	
NODE_3_length_458586_cov_52.9277 	1	97311 	97400 	Ser	GGA	0	0	71.75	34.38	37.37	
NODE_3_length_458586_cov_52.9277 	2	286104	286180	Pro	CGG	0	0	88.20	60.26	27.94	
NODE_3_length_458586_cov_52.9277 	3	415987	416062	Asn	GTT	0	0	91.73	62.08	29.65	
NODE_3_length_458586_cov_52.9277 	4	407188	407113	Ala	GGC	0	0	86.95	68.86	18.09	
NODE_3_length_458586_cov_52.9277 	5	407064	406989	Glu	TTC	0	0	66.40	38.20	28.20	
NODE_3_length_458586_cov_52.9277 	6	406895	406820	Ala	GGC	0	0	86.95	68.86	18.09	
NODE_3_length_458586_cov_52.9277 	7	406773	406698	Glu	TTC	0	0	66.40	38.20	28.20	
NODE_3_length_458586_cov_52.9277 	8	367796	367721	Val	TAC	0	0	94.49	73.68	20.81	
NODE_3_length_458586_cov_52.9277 	9	367704	367628	Asp	GTC	0	0	94.67	75.49	19.18	
NODE_3_length_458586_cov_52.9277 	10	367513	367437	Asp	GTC	0	0	94.67	75.49	19.18	
NODE_3_length_458586_cov_52.9277 	11	64816 	64741 	Glu	TTC	0	0	66.40	38.20	28.20	
NODE_3_length_458586_cov_52.9277 	12	64738 	64663 	Gly	GCC	0	0	93.74	68.41	25.33	
NODE_4_length_458007_cov_58.5324 	1	341612	341703	SeC	TCA	0	0	55.75	-18.51	74.26	
NODE_4_length_458007_cov_58.5324 	2	395663	395748	Leu	GAG	0	0	68.53	39.16	29.37	
NODE_4_length_458007_cov_58.5324 	3	395839	395915	Met	CAT	0	0	85.85	60.06	25.79	
NODE_4_length_458007_cov_58.5324 	4	185331	185245	Leu	CAG	0	0	73.96	38.54	35.42	
NODE_4_length_458007_cov_58.5324 	5	185115	185029	Leu	CAG	0	0	73.96	38.54	35.42	
NODE_5_length_340845_cov_52.8073 	1	216330	216420	Ser	GCT	0	0	76.69	47.10	29.59	
NODE_5_length_340845_cov_52.8073 	2	216538	216614	Arg	ACG	0	0	83.50	58.05	25.45	
NODE_5_length_340845_cov_52.8073 	3	216726	216802	Arg	ACG	0	0	83.50	58.05	25.45	
NODE_5_length_340845_cov_52.8073 	4	285489	285564	Lys	TTT	0	0	95.07	71.82	23.25	
NODE_5_length_340845_cov_52.8073 	5	232912	232836	Met	CAT	0	0	85.06	58.55	26.51	
NODE_5_length_340845_cov_52.8073 	6	126648	126576	Leu	GAG	0	0	20.84	19.28	1.56	
NODE_5_length_340845_cov_52.8073 	7	23222 	23149 	Gly	CCC	0	0	60.35	30.06	30.29	
NODE_6_length_328324_cov_49.7573 	1	184190	184114	Arg	TCT	0	0	96.39	77.88	18.51	
NODE_6_length_328324_cov_49.7573 	2	184062	183987	His	GTG	0	0	83.51	64.18	19.33	
NODE_6_length_328324_cov_49.7573 	3	183932	183848	Leu	TAG	0	0	76.62	44.97	31.65	
NODE_6_length_328324_cov_49.7573 	4	153001	152926	Thr	TGT	0	0	74.27	61.42	12.85	
NODE_6_length_328324_cov_49.7573 	5	124367	124292	His	GTG	0	0	83.51	64.18	19.33	
NODE_6_length_328324_cov_49.7573 	6	113014	112938	Asp	GTC	0	0	95.34	76.86	18.48	
NODE_7_length_280112_cov_50.1619 	1	153999	154088	Ser	TGA	0	0	72.70	38.95	33.75	
NODE_7_length_280112_cov_50.1619 	2	178379	178454	Gly	GCC	0	0	93.74	68.41	25.33	
NODE_7_length_280112_cov_50.1619 	3	184772	184845	Cys	GCA	0	0	62.38	45.73	16.65	
NODE_7_length_280112_cov_50.1619 	4	197397	197483	Leu	TAA	0	0	76.64	42.32	34.32	
NODE_11_length_222896_cov_59.2037	1	139553	139477	Met	CAT	0	0	92.87	71.40	21.47	
NODE_15_length_187925_cov_52.7458	1	154210	154121	Ser	CGA	0	0	68.31	24.88	43.43	
NODE_18_length_136180_cov_54.2693	1	100221	100146	Val	TAC	0	0	94.49	73.68	20.81	
NODE_18_length_136180_cov_54.2693	2	100129	100053	Asp	GTC	0	0	94.67	75.49	19.18	
NODE_20_length_124577_cov_50.5076	1	75798 	75874 	Val	GAC	0	0	93.19	67.81	25.38	
NODE_21_length_120065_cov_56.5103	1	919   	843   	Arg	CCT	0	0	83.71	58.51	25.20	
NODE_28_length_76775_cov_59.2956 	1	4899  	4824  	Phe	GAA	0	0	92.69	68.52	24.17	
NODE_30_length_58135_cov_58.2299 	1	22216 	22291 	Thr	TGT	0	0	93.66	75.64	18.02	
NODE_36_length_35831_cov_59.076  	1	34644 	34720 	Arg	CCG	0	0	87.81	66.55	21.26	
NODE_39_length_32051_cov_57.8794 	1	1220  	1295  	Trp	CCA	0	0	86.73	63.05	23.68	
NODE_40_length_28039_cov_47.7333 	1	14889 	14813 	Pro	GGG	0	0	74.89	48.01	26.88	
NODE_51_length_5405_cov_218.04   	1	1829  	1905  	Ile	GAT	0	0	98.83	72.69	26.14	
NODE_51_length_5405_cov_218.04   	2	1934  	2009  	Ala	TGC	0	0	90.68	71.56	19.12	
NODE_54_length_3329_cov_52.7192  	1	2809  	2893  	Tyr	GTA	0	0	71.07	41.76	29.31	
NODE_54_length_3329_cov_52.7192  	2	2920  	2993  	Gly	TCC	0	0	82.75	60.87	21.88	
NODE_54_length_3329_cov_52.7192  	3	3013  	3088  	Thr	GGT	0	0	93.76	67.73	26.03	
