Sequence                         		tRNA  	Bounds	tRNA	Anti	Intron Bounds	Cove	HMM	2'Str	      
Name                             	tRNA #	Begin 	End   	Type	Codon	Begin	End	Score	Score	Score	Note
--------                         	------	----- 	------	----	-----	-----	----	------	-----	-----	------
NODE_1_length_783305_cov_38.7313 	1	92356 	92280 	Arg	TCT	0	0	96.39	77.88	18.51	
NODE_1_length_783305_cov_38.7313 	2	92228 	92153 	His	GTG	0	0	83.51	64.18	19.33	
NODE_1_length_783305_cov_38.7313 	3	92098 	92014 	Leu	TAG	0	0	76.62	44.97	31.65	
NODE_1_length_783305_cov_38.7313 	4	91947 	91872 	His	GTG	0	0	83.51	64.18	19.33	
NODE_1_length_783305_cov_38.7313 	5	80594 	80518 	Asp	GTC	0	0	95.34	76.86	18.48	
NODE_2_length_572838_cov_40.7949 	1	369871	369947	Arg	CCT	0	0	83.71	58.51	25.20	
NODE_2_length_572838_cov_40.7949 	2	499065	499140	Val	TAC	0	0	94.49	73.68	20.81	
NODE_2_length_572838_cov_40.7949 	3	499157	499233	Asp	GTC	0	0	94.67	75.49	19.18	
NODE_3_length_494629_cov_44.3601 	1	36072 	36148 	Arg	CCG	0	0	25.81	24.84	0.97	
NODE_4_length_457999_cov_42.2294 	1	270413	270499	Leu	CAG	0	0	73.96	38.54	35.42	
NODE_4_length_457999_cov_42.2294 	2	270629	270715	Leu	CAG	0	0	73.96	38.54	35.42	
NODE_4_length_457999_cov_42.2294 	3	116909	116818	SeC	TCA	0	0	55.75	-18.51	74.26	
NODE_4_length_457999_cov_42.2294 	4	62869 	62784 	Leu	GAG	0	0	68.53	39.16	29.37	
NODE_4_length_457999_cov_42.2294 	5	62693 	62617 	Met	CAT	0	0	85.85	60.06	25.79	
NODE_5_length_454388_cov_40.1485 	1	195999	196074	Asn	GTT	0	0	91.73	62.08	29.65	
NODE_5_length_454388_cov_40.1485 	2	196084	196160	Pro	TGG	0	0	87.63	64.60	23.03	
NODE_5_length_454388_cov_40.1485 	3	196171	196246	Lys	TTT	0	0	95.07	71.82	23.25	
NODE_5_length_454388_cov_40.1485 	4	215621	215696	Thr	CGT	0	0	90.98	74.93	16.05	
NODE_5_length_454388_cov_40.1485 	5	152083	152010	Arg	ACG	0	0	52.72	27.21	25.51	
NODE_5_length_454388_cov_40.1485 	6	45599 	45525 	Gln	TTG	0	0	66.82	40.36	26.46	
NODE_5_length_454388_cov_40.1485 	7	18481 	18405 	Met	CAT	0	0	87.19	64.42	22.77	
NODE_7_length_294831_cov_40.5715 	1	288448	288538	Ser	GCT	0	0	76.69	47.10	29.59	
NODE_7_length_294831_cov_40.5715 	2	288656	288732	Arg	ACG	0	0	83.50	58.05	25.45	
NODE_7_length_294831_cov_40.5715 	3	288844	288920	Arg	ACG	0	0	83.50	58.05	25.45	
NODE_7_length_294831_cov_40.5715 	4	198763	198691	Leu	GAG	0	0	20.84	19.28	1.56	
NODE_7_length_294831_cov_40.5715 	5	94958 	94885 	Gly	CCC	0	0	60.35	30.06	30.29	
NODE_8_length_289869_cov_41.2128 	1	157401	157315	Leu	CAA	0	0	69.99	38.33	31.66	
NODE_9_length_286810_cov_43.5234 	1	3380  	3462  	Undet	NNN	0	0	26.15	14.81	11.34	
NODE_9_length_286810_cov_43.5234 	2	14797 	14872 	Thr	TGT	0	0	93.66	75.64	18.02	
NODE_10_length_272034_cov_38.0806	1	142597	142686	Ser	TGA	0	0	72.70	38.95	33.75	
NODE_10_length_272034_cov_38.0806	2	198645	198720	Gly	GCC	0	0	93.74	68.41	25.33	
NODE_11_length_269685_cov_39.9776	1	51558 	51634 	Pro	CGG	0	0	88.20	60.26	27.94	
NODE_11_length_269685_cov_39.9776	2	225235	225310	Asn	GTT	0	0	91.73	62.08	29.65	
NODE_11_length_269685_cov_39.9776	3	216436	216361	Ala	GGC	0	0	86.95	68.86	18.09	
NODE_11_length_269685_cov_39.9776	4	216312	216237	Glu	TTC	0	0	66.40	38.20	28.20	
NODE_11_length_269685_cov_39.9776	5	216143	216068	Ala	GGC	0	0	86.95	68.86	18.09	
NODE_11_length_269685_cov_39.9776	6	216021	215946	Glu	TTC	0	0	66.40	38.20	28.20	
NODE_11_length_269685_cov_39.9776	7	177034	176959	Val	TAC	0	0	94.49	73.68	20.81	
NODE_11_length_269685_cov_39.9776	8	176942	176866	Asp	GTC	0	0	94.67	75.49	19.18	
NODE_11_length_269685_cov_39.9776	9	176751	176675	Asp	GTC	0	0	94.67	75.49	19.18	
NODE_12_length_244286_cov_38.8355	1	62960 	63035 	Lys	TTT	0	0	95.07	71.82	23.25	
NODE_12_length_244286_cov_38.8355	2	90475 	90564 	Ser	CGA	0	0	68.31	24.88	43.43	
NODE_12_length_244286_cov_38.8355	3	10404 	10328 	Met	CAT	0	0	85.06	58.55	26.51	
NODE_13_length_233085_cov_39.3492	1	169945	170020	Glu	TTC	0	0	66.40	38.20	28.20	
NODE_13_length_233085_cov_39.3492	2	170023	170098	Gly	GCC	0	0	93.74	68.41	25.33	
NODE_13_length_233085_cov_39.3492	3	170183	170258	Gly	GCC	0	0	93.74	68.41	25.33	
NODE_13_length_233085_cov_39.3492	4	216581	216657	Val	GAC	0	0	93.19	67.81	25.38	
NODE_13_length_233085_cov_39.3492	5	137440	137351	Ser	GGA	0	0	71.75	34.38	37.37	
NODE_15_length_231567_cov_38.5634	1	18234 	18307 	Cys	GCA	0	0	62.38	45.73	16.65	
NODE_19_length_95300_cov_41.452  	1	89664 	89740 	Met	CAT	0	0	92.87	71.40	21.47	
NODE_21_length_65419_cov_44.3177 	1	64200 	64125 	Trp	CCA	0	0	86.73	63.05	23.68	
NODE_22_length_63854_cov_42.2687 	1	53559 	53634 	Phe	GAA	0	0	92.69	68.52	24.17	
NODE_28_length_39691_cov_42.9391 	1	4967  	4891  	Arg	CCG	0	0	87.89	66.77	21.12	
NODE_30_length_36802_cov_39.0742 	1	17880 	17956 	Pro	GGG	0	0	74.89	48.01	26.88	
NODE_38_length_5424_cov_174.687  	1	1935  	2011  	Ile	GAT	0	0	98.83	72.69	26.14	
NODE_38_length_5424_cov_174.687  	2	2040  	2115  	Ala	TGC	0	0	90.68	71.56	19.12	
NODE_42_length_3418_cov_41.0599  	1	521   	437   	Tyr	GTA	0	0	71.07	41.76	29.31	
NODE_42_length_3418_cov_41.0599  	2	410   	337   	Gly	TCC	0	0	82.75	60.87	21.88	
NODE_42_length_3418_cov_41.0599  	3	317   	242   	Thr	GGT	0	0	93.76	67.73	26.03	
