Sequence                         		tRNA  	Bounds	tRNA	Anti	Intron Bounds	Cove	HMM	2'Str	      
Name                             	tRNA #	Begin 	End   	Type	Codon	Begin	End	Score	Score	Score	Note
--------                         	------	----- 	------	----	-----	-----	----	------	-----	-----	------
NODE_1_length_457702_cov_24.0547 	1	340745	340836	SeC	TCA	0	0	54.17	-19.49	73.66	
NODE_1_length_457702_cov_24.0547 	2	394784	394869	Leu	GAG	0	0	68.53	39.16	29.37	
NODE_1_length_457702_cov_24.0547 	3	394960	395036	Met	CAT	0	0	85.85	60.06	25.79	
NODE_1_length_457702_cov_24.0547 	4	184672	184586	Leu	CAG	0	0	73.96	38.54	35.42	
NODE_1_length_457702_cov_24.0547 	5	184456	184370	Leu	CAG	0	0	73.96	38.54	35.42	
NODE_2_length_433031_cov_20.9779 	1	71720 	71809 	Ser	GGA	0	0	71.75	34.38	37.37	
NODE_2_length_433031_cov_20.9779 	2	260541	260617	Pro	CGG	0	0	88.20	60.26	27.94	
NODE_2_length_433031_cov_20.9779 	3	390434	390509	Asn	GTT	0	0	91.73	62.08	29.65	
NODE_2_length_433031_cov_20.9779 	4	381635	381560	Ala	GGC	0	0	86.95	68.86	18.09	
NODE_2_length_433031_cov_20.9779 	5	381511	381436	Glu	TTC	0	0	66.40	38.20	28.20	
NODE_2_length_433031_cov_20.9779 	6	381342	381267	Ala	GGC	0	0	86.95	68.86	18.09	
NODE_2_length_433031_cov_20.9779 	7	381220	381145	Glu	TTC	0	0	66.40	38.20	28.20	
NODE_2_length_433031_cov_20.9779 	8	342230	342155	Val	TAC	0	0	94.49	73.68	20.81	
NODE_2_length_433031_cov_20.9779 	9	342138	342062	Asp	GTC	0	0	94.67	75.49	19.18	
NODE_2_length_433031_cov_20.9779 	10	341947	341871	Asp	GTC	0	0	94.67	75.49	19.18	
NODE_2_length_433031_cov_20.9779 	11	39225 	39150 	Glu	TTC	0	0	66.40	38.20	28.20	
NODE_2_length_433031_cov_20.9779 	12	39147 	39072 	Gly	GCC	0	0	93.74	68.41	25.33	
NODE_2_length_433031_cov_20.9779 	13	38987 	38912 	Gly	GCC	0	0	93.74	68.41	25.33	
NODE_3_length_418035_cov_24.2018 	1	328395	328319	Met	CAT	0	0	92.87	71.40	21.47	
NODE_3_length_418035_cov_24.2018 	2	1189  	1113  	Arg	CCG	0	0	87.81	66.55	21.26	
NODE_5_length_393150_cov_22.6443 	1	324532	324605	Arg	ACG	0	0	52.72	27.21	25.51	
NODE_5_length_393150_cov_22.6443 	2	280623	280548	Asn	GTT	0	0	91.73	62.08	29.65	
NODE_5_length_393150_cov_22.6443 	3	280538	280462	Pro	TGG	0	0	87.63	64.60	23.03	
NODE_5_length_393150_cov_22.6443 	4	280451	280376	Lys	TTT	0	0	95.07	71.82	23.25	
NODE_5_length_393150_cov_22.6443 	5	262446	262371	Thr	CGT	0	0	90.98	74.93	16.05	
NODE_7_length_269277_cov_19.4244 	1	124729	124653	Arg	TCT	0	0	96.39	77.88	18.51	
NODE_7_length_269277_cov_19.4244 	2	124601	124526	His	GTG	0	0	83.51	64.18	19.33	
NODE_7_length_269277_cov_19.4244 	3	124471	124387	Leu	TAG	0	0	76.62	44.97	31.65	
NODE_7_length_269277_cov_19.4244 	4	124320	124245	His	GTG	0	0	83.51	64.18	19.33	
NODE_7_length_269277_cov_19.4244 	5	112967	112891	Asp	GTC	0	0	95.34	76.86	18.48	
NODE_9_length_224700_cov_19.9021 	1	146108	146197	Ser	TGA	0	0	72.70	38.95	33.75	
NODE_9_length_224700_cov_19.9021 	2	170486	170561	Gly	GCC	0	0	93.74	68.41	25.33	
NODE_9_length_224700_cov_19.9021 	3	176880	176953	Cys	GCA	0	0	62.38	45.73	16.65	
NODE_10_length_214852_cov_22.2767	1	95488 	95414 	Arg	CCT	0	0	69.71	45.21	24.50	
NODE_13_length_207137_cov_24.5764	1	134745	134670	Phe	GAA	0	0	92.69	68.52	24.17	
NODE_13_length_207137_cov_24.5764	2	123340	123265	Thr	TGT	0	0	93.66	75.64	18.02	
NODE_15_length_192044_cov_22.0516	1	101826	101899	Gly	CCC	0	0	60.35	30.06	30.29	
NODE_17_length_153070_cov_22.707 	1	78059 	78145 	Leu	CAA	0	0	69.99	38.33	31.66	
NODE_19_length_145896_cov_21.4446	1	120619	120709	Ser	GCT	0	0	76.69	47.10	29.59	
NODE_19_length_145896_cov_21.4446	2	120827	120903	Arg	ACG	0	0	83.50	58.05	25.45	
NODE_19_length_145896_cov_21.4446	3	121015	121091	Arg	ACG	0	0	83.50	58.05	25.45	
NODE_19_length_145896_cov_21.4446	4	137165	137089	Met	CAT	0	0	85.06	58.55	26.51	
NODE_19_length_145896_cov_21.4446	5	30943 	30871 	Leu	GAG	0	0	20.84	19.28	1.56	
NODE_21_length_125232_cov_20.5452	1	116819	116734	Lys	TTT	0	0	22.00	12.28	9.72	
NODE_21_length_125232_cov_20.5452	2	85816 	85727 	Ser	CGA	0	0	68.31	24.88	43.43	
NODE_23_length_114948_cov_21.7747	1	78891 	78816 	Val	TAC	0	0	94.49	73.68	20.81	
NODE_23_length_114948_cov_21.7747	2	78799 	78723 	Asp	GTC	0	0	94.67	75.49	19.18	
NODE_27_length_85342_cov_20.5776 	1	44884 	44809 	Lys	TTT	0	0	95.07	71.82	23.25	
NODE_28_length_81832_cov_22.9532 	1	75789 	75863 	Gln	TTG	0	0	66.82	40.36	26.46	
NODE_28_length_81832_cov_22.9532 	2	79537 	79613 	Met	CAT	0	0	87.19	64.42	22.77	
NODE_32_length_63450_cov_19.7586 	1	34582 	34506 	Val	GAC	0	0	93.19	67.81	25.38	
NODE_32_length_63450_cov_19.7586 	2	745   	669   	Pro	GGG	0	0	74.89	48.01	26.88	
NODE_39_length_31985_cov_24.628  	1	1220  	1295  	Trp	CCA	0	0	86.73	63.05	23.68	
NODE_42_length_23745_cov_24.1318 	1	5250  	5328  	Met	CAT	0	0	30.87	36.29	-5.42	
NODE_44_length_5482_cov_97.3289  	1	1894  	1970  	Ile	GAT	0	0	98.83	72.69	26.14	
NODE_44_length_5482_cov_97.3289  	2	1999  	2074  	Ala	TGC	0	0	90.68	71.56	19.12	
NODE_47_length_3320_cov_21.8985  	1	2800  	2884  	Tyr	GTA	0	0	71.07	41.76	29.31	
NODE_47_length_3320_cov_21.8985  	2	2911  	2984  	Gly	TCC	0	0	82.75	60.87	21.88	
NODE_47_length_3320_cov_21.8985  	3	3004  	3079  	Thr	GGT	0	0	93.76	67.73	26.03	
