Sequence                         		tRNA  	Bounds	tRNA	Anti	Intron Bounds	Cove	HMM	2'Str	      
Name                             	tRNA #	Begin 	End   	Type	Codon	Begin	End	Score	Score	Score	Note
--------                         	------	----- 	------	----	-----	-----	----	------	-----	-----	------
NODE_1_length_527466_cov_56.5272 	1	314754	314840	Leu	CAA	0	0	69.99	38.33	31.66	
NODE_2_length_525594_cov_56.4962 	1	28323 	28409 	Leu	CAG	0	0	73.96	38.54	35.42	
NODE_2_length_525594_cov_56.4962 	2	28539 	28625 	Leu	CAG	0	0	73.96	38.54	35.42	
NODE_2_length_525594_cov_56.4962 	3	283440	283515	Phe	GAA	0	0	92.69	68.52	24.17	
NODE_2_length_525594_cov_56.4962 	4	294850	294925	Thr	TGT	0	0	93.66	75.64	18.02	
NODE_4_length_475486_cov_55.832  	1	89269 	89193 	Arg	TCT	0	0	96.39	77.88	18.51	
NODE_4_length_475486_cov_55.832  	2	89141 	89066 	His	GTG	0	0	83.51	64.18	19.33	
NODE_4_length_475486_cov_55.832  	3	89011 	88927 	Leu	TAG	0	0	76.62	44.97	31.65	
NODE_4_length_475486_cov_55.832  	4	88860 	88785 	His	GTG	0	0	83.51	64.18	19.33	
NODE_4_length_475486_cov_55.832  	5	77507 	77431 	Asp	GTC	0	0	95.34	76.86	18.48	
NODE_5_length_423890_cov_56.7523 	1	56049 	56124 	Ala	GGC	0	0	86.95	68.86	18.09	
NODE_5_length_423890_cov_56.7523 	2	56173 	56248 	Glu	TTC	0	0	66.40	38.20	28.20	
NODE_5_length_423890_cov_56.7523 	3	56342 	56417 	Ala	GGC	0	0	86.95	68.86	18.09	
NODE_5_length_423890_cov_56.7523 	4	56464 	56539 	Glu	TTC	0	0	66.40	38.20	28.20	
NODE_5_length_423890_cov_56.7523 	5	95434 	95509 	Val	TAC	0	0	94.49	73.68	20.81	
NODE_5_length_423890_cov_56.7523 	6	95526 	95602 	Asp	GTC	0	0	94.67	75.49	19.18	
NODE_5_length_423890_cov_56.7523 	7	95717 	95793 	Asp	GTC	0	0	94.67	75.49	19.18	
NODE_5_length_423890_cov_56.7523 	8	395183	395258	Glu	TTC	0	0	66.40	38.20	28.20	
NODE_5_length_423890_cov_56.7523 	9	395261	395336	Gly	GCC	0	0	93.74	68.41	25.33	
NODE_5_length_423890_cov_56.7523 	10	395421	395496	Gly	GCC	0	0	93.74	68.41	25.33	
NODE_5_length_423890_cov_56.7523 	11	362687	362598	Ser	GGA	0	0	71.75	34.38	37.37	
NODE_5_length_423890_cov_56.7523 	12	173925	173849	Pro	CGG	0	0	88.20	60.26	27.94	
NODE_5_length_423890_cov_56.7523 	13	47250 	47175 	Asn	GTT	0	0	91.73	62.08	29.65	
NODE_6_length_420113_cov_56.5081 	1	330507	330431	Met	CAT	0	0	92.87	71.40	21.47	
NODE_6_length_420113_cov_56.5081 	2	506   	430   	Arg	CCG	0	0	87.89	66.77	21.12	
NODE_7_length_395366_cov_55.8058 	1	100237	100312	Asn	GTT	0	0	91.73	62.08	29.65	
NODE_7_length_395366_cov_55.8058 	2	100322	100398	Pro	TGG	0	0	87.63	64.60	23.03	
NODE_7_length_395366_cov_55.8058 	3	100409	100484	Lys	TTT	0	0	95.07	71.82	23.25	
NODE_7_length_395366_cov_55.8058 	4	119624	119699	Thr	CGT	0	0	90.98	74.93	16.05	
NODE_7_length_395366_cov_55.8058 	5	56321 	56248 	Arg	ACG	0	0	52.72	27.21	25.51	
NODE_8_length_394448_cov_55.287  	1	19087 	19163 	Val	GAC	0	0	93.19	67.81	25.38	
NODE_8_length_394448_cov_55.287  	2	53229 	53305 	Pro	GGG	0	0	74.89	48.01	26.88	
NODE_8_length_394448_cov_55.287  	3	205818	205907	Ser	TGA	0	0	72.70	38.95	33.75	
NODE_8_length_394448_cov_55.287  	4	230194	230269	Gly	GCC	0	0	93.74	68.41	25.33	
NODE_10_length_303117_cov_57.2016	1	93254 	93178 	Arg	CCT	0	0	83.71	58.51	25.20	
NODE_11_length_242860_cov_56.881 	1	125794	125885	SeC	TCA	0	0	55.75	-18.51	74.26	
NODE_11_length_242860_cov_56.881 	2	180008	180093	Leu	GAG	0	0	68.53	39.16	29.37	
NODE_11_length_242860_cov_56.881 	3	180184	180260	Met	CAT	0	0	85.85	60.06	25.79	
NODE_12_length_220319_cov_58.1617	1	132347	132420	Gly	CCC	0	0	60.35	30.06	30.29	
NODE_14_length_204080_cov_57.5446	1	25006 	25092 	Leu	TAA	0	0	76.64	42.32	34.32	
NODE_15_length_202144_cov_55.2388	1	95744 	95820 	Met	CAT	0	0	85.06	58.55	26.51	
NODE_15_length_202144_cov_55.2388	2	201971	202043	Leu	GAG	0	0	20.84	19.28	1.56	
NODE_15_length_202144_cov_55.2388	3	112290	112200	Ser	GCT	0	0	76.69	47.10	29.59	
NODE_15_length_202144_cov_55.2388	4	112082	112006	Arg	ACG	0	0	83.50	58.05	25.45	
NODE_15_length_202144_cov_55.2388	5	111894	111818	Arg	ACG	0	0	83.50	58.05	25.45	
NODE_15_length_202144_cov_55.2388	6	43172 	43097 	Lys	TTT	0	0	95.07	71.82	23.25	
NODE_16_length_195242_cov_55.9208	1	152098	152009	Ser	CGA	0	0	68.31	24.88	43.43	
NODE_20_length_108716_cov_55.8598	1	73888 	73813 	Val	TAC	0	0	94.49	73.68	20.81	
NODE_20_length_108716_cov_55.8598	2	73796 	73720 	Asp	GTC	0	0	94.67	75.49	19.18	
NODE_21_length_75207_cov_55.7897 	1	25920 	25846 	Gln	TTG	0	0	66.82	40.36	26.46	
NODE_21_length_75207_cov_55.7897 	2	22172 	22096 	Met	CAT	0	0	87.19	64.42	22.77	
NODE_22_length_65467_cov_58.2259 	1	64248 	64173 	Trp	CCA	0	0	86.73	63.05	23.68	
NODE_25_length_48939_cov_53.9893 	1	42206 	42133 	Cys	GCA	0	0	62.38	45.73	16.65	
NODE_33_length_5541_cov_217.264  	1	3588  	3512  	Ile	GAT	0	0	98.83	72.69	26.14	
NODE_33_length_5541_cov_217.264  	2	3483  	3408  	Ala	TGC	0	0	90.68	71.56	19.12	
NODE_35_length_3319_cov_53.3712  	1	521   	437   	Tyr	GTA	0	0	71.07	41.76	29.31	
NODE_35_length_3319_cov_53.3712  	2	410   	337   	Gly	TCC	0	0	82.75	60.87	21.88	
NODE_35_length_3319_cov_53.3712  	3	317   	242   	Thr	GGT	0	0	93.76	67.73	26.03	
