Sequence                        		tRNA  	Bounds	tRNA	Anti	Intron Bounds	Cove	HMM	2'Str	      
Name                            	tRNA #	Begin 	End   	Type	Codon	Begin	End	Score	Score	Score	Note
--------                        	------	----- 	------	----	-----	-----	----	------	-----	-----	------
NODE_1_length_945934_cov_51.835 	1	690473	690559	Leu	CAA	0	0	69.99	38.33	31.66	
NODE_1_length_945934_cov_51.835 	2	201935	201859	Arg	CCT	0	0	83.71	58.51	25.20	
NODE_1_length_945934_cov_51.835 	3	74138 	74063 	Val	TAC	0	0	94.49	73.68	20.81	
NODE_1_length_945934_cov_51.835 	4	74046 	73970 	Asp	GTC	0	0	94.67	75.49	19.18	
NODE_2_length_888548_cov_50.955 	1	620313	620389	Met	CAT	0	0	85.06	58.55	26.51	
NODE_2_length_888548_cov_50.955 	2	726538	726610	Leu	GAG	0	0	20.84	19.28	1.56	
NODE_2_length_888548_cov_50.955 	3	830322	830395	Gly	CCC	0	0	60.35	30.06	30.29	
NODE_2_length_888548_cov_50.955 	4	636857	636767	Ser	GCT	0	0	76.69	47.10	29.59	
NODE_2_length_888548_cov_50.955 	5	636649	636573	Arg	ACG	0	0	83.50	58.05	25.45	
NODE_2_length_888548_cov_50.955 	6	636460	636384	Arg	ACG	0	0	83.50	58.05	25.45	
NODE_2_length_888548_cov_50.955 	7	567762	567687	Lys	TTT	0	0	95.07	71.82	23.25	
NODE_2_length_888548_cov_50.955 	8	540207	540118	Ser	CGA	0	0	68.31	24.88	43.43	
NODE_3_length_833079_cov_49.937 	1	463361	463450	Ser	GGA	0	0	71.75	34.38	37.37	
NODE_3_length_833079_cov_49.937 	2	652153	652229	Pro	CGG	0	0	88.20	60.26	27.94	
NODE_3_length_833079_cov_49.937 	3	780964	781039	Asn	GTT	0	0	91.73	62.08	29.65	
NODE_3_length_833079_cov_49.937 	4	772165	772090	Ala	GGC	0	0	86.95	68.86	18.09	
NODE_3_length_833079_cov_49.937 	5	772041	771966	Glu	TTC	0	0	66.40	38.20	28.20	
NODE_3_length_833079_cov_49.937 	6	771872	771797	Ala	GGC	0	0	86.95	68.86	18.09	
NODE_3_length_833079_cov_49.937 	7	771750	771675	Glu	TTC	0	0	66.40	38.20	28.20	
NODE_3_length_833079_cov_49.937 	8	732759	732684	Val	TAC	0	0	94.49	73.68	20.81	
NODE_3_length_833079_cov_49.937 	9	732667	732591	Asp	GTC	0	0	94.67	75.49	19.18	
NODE_3_length_833079_cov_49.937 	10	732476	732400	Asp	GTC	0	0	94.67	75.49	19.18	
NODE_3_length_833079_cov_49.937 	11	430864	430789	Glu	TTC	0	0	66.40	38.20	28.20	
NODE_3_length_833079_cov_49.937 	12	430786	430711	Gly	GCC	0	0	93.74	68.41	25.33	
NODE_3_length_833079_cov_49.937 	13	430626	430551	Gly	GCC	0	0	93.74	68.41	25.33	
NODE_3_length_833079_cov_49.937 	14	385598	385522	Val	GAC	0	0	93.19	67.81	25.38	
NODE_3_length_833079_cov_49.937 	15	351460	351384	Pro	GGG	0	0	74.89	48.01	26.88	
NODE_3_length_833079_cov_49.937 	16	198972	198883	Ser	TGA	0	0	72.70	38.95	33.75	
NODE_3_length_833079_cov_49.937 	17	142851	142776	Gly	GCC	0	0	93.74	68.41	25.33	
NODE_3_length_833079_cov_49.937 	18	138228	138155	Cys	GCA	0	0	62.38	45.73	16.65	
NODE_3_length_833079_cov_49.937 	19	125606	125520	Leu	TAA	0	0	76.64	42.32	34.32	
NODE_4_length_805215_cov_53.7889	1	270884	270970	Leu	CAG	0	0	73.96	38.54	35.42	
NODE_4_length_805215_cov_53.7889	2	271100	271186	Leu	CAG	0	0	73.96	38.54	35.42	
NODE_4_length_805215_cov_53.7889	3	526917	526992	Phe	GAA	0	0	92.69	68.52	24.17	
NODE_4_length_805215_cov_53.7889	4	538326	538401	Thr	TGT	0	0	93.66	75.64	18.02	
NODE_4_length_805215_cov_53.7889	5	116858	116767	SeC	TCA	0	0	55.75	-18.51	74.26	
NODE_4_length_805215_cov_53.7889	6	62854 	62769 	Leu	GAG	0	0	68.53	39.16	29.37	
NODE_4_length_805215_cov_53.7889	7	62678 	62602 	Met	CAT	0	0	85.85	60.06	25.79	
NODE_5_length_397571_cov_49.3676	1	302790	302866	Arg	TCT	0	0	96.39	77.88	18.51	
NODE_5_length_397571_cov_49.3676	2	302918	302993	His	GTG	0	0	83.51	64.18	19.33	
NODE_5_length_397571_cov_49.3676	3	303048	303132	Leu	TAG	0	0	76.62	44.97	31.65	
NODE_5_length_397571_cov_49.3676	4	303199	303274	His	GTG	0	0	83.51	64.18	19.33	
NODE_5_length_397571_cov_49.3676	5	314558	314634	Asp	GTC	0	0	95.34	76.86	18.48	
NODE_6_length_379061_cov_53.6527	1	301625	301549	Met	CAT	0	0	95.39	79.51	15.88	
NODE_6_length_379061_cov_53.6527	2	292124	292058	Met	CAT	0	0	23.54	16.20	7.34	
NODE_7_length_349602_cov_51.6319	1	100199	100274	Asn	GTT	0	0	91.73	62.08	29.65	
NODE_7_length_349602_cov_51.6319	2	100284	100360	Pro	TGG	0	0	87.63	64.60	23.03	
NODE_7_length_349602_cov_51.6319	3	100371	100446	Lys	TTT	0	0	95.07	71.82	23.25	
NODE_7_length_349602_cov_51.6319	4	119170	119245	Thr	CGT	0	0	90.98	74.93	16.05	
NODE_7_length_349602_cov_51.6319	5	56292 	56219 	Arg	ACG	0	0	52.72	27.21	25.51	
NODE_14_length_87450_cov_51.5737	1	37856 	37782 	Gln	TTG	0	0	66.82	40.36	26.46	
NODE_14_length_87450_cov_51.5737	2	34108 	34032 	Met	CAT	0	0	87.19	64.42	22.77	
NODE_16_length_65533_cov_54.667 	1	1220  	1295  	Trp	CCA	0	0	86.73	63.05	23.68	
NODE_20_length_35862_cov_53.6495	1	1227  	1151  	Arg	CCG	0	0	87.81	66.55	21.26	
NODE_25_length_5542_cov_200.474 	1	3589  	3513  	Ile	GAT	0	0	98.83	72.69	26.14	
NODE_25_length_5542_cov_200.474 	2	3484  	3409  	Ala	TGC	0	0	90.68	71.56	19.12	
NODE_28_length_3319_cov_49.5686 	1	2799  	2883  	Tyr	GTA	0	0	71.07	41.76	29.31	
NODE_28_length_3319_cov_49.5686 	2	2910  	2983  	Gly	TCC	0	0	82.75	60.87	21.88	
NODE_28_length_3319_cov_49.5686 	3	3003  	3078  	Thr	GGT	0	0	93.76	67.73	26.03	
