Sequence                         		tRNA  	Bounds	tRNA	Anti	Intron Bounds	Cove	HMM	2'Str	      
Name                             	tRNA #	Begin 	End   	Type	Codon	Begin	End	Score	Score	Score	Note
--------                         	------	----- 	------	----	-----	-----	----	------	-----	-----	------
NODE_1_length_588381_cov_40.8072 	1	387785	387871	Leu	CAA	0	0	69.99	38.33	31.66	
NODE_2_length_585021_cov_42.7356 	1	514811	514725	Leu	CAG	0	0	73.96	38.54	35.42	
NODE_2_length_585021_cov_42.7356 	2	514595	514509	Leu	CAG	0	0	73.96	38.54	35.42	
NODE_2_length_585021_cov_42.7356 	3	258092	258017	Phe	GAA	0	0	92.69	68.52	24.17	
NODE_2_length_585021_cov_42.7356 	4	243644	243570	Undet	NNN	0	0	25.84	24.29	1.55	
NODE_2_length_585021_cov_42.7356 	5	232235	232160	Thr	TGT	0	0	93.66	75.64	18.02	
NODE_3_length_574632_cov_36.6863 	1	388996	389072	Arg	TCT	0	0	96.39	77.88	18.51	
NODE_3_length_574632_cov_36.6863 	2	389124	389199	His	GTG	0	0	83.51	64.18	19.33	
NODE_3_length_574632_cov_36.6863 	3	389254	389338	Leu	TAG	0	0	76.62	44.97	31.65	
NODE_3_length_574632_cov_36.6863 	4	452556	452631	His	GTG	0	0	83.51	64.18	19.33	
NODE_3_length_574632_cov_36.6863 	5	463916	463992	Asp	GTC	0	0	95.34	76.86	18.48	
NODE_4_length_517769_cov_38.2362 	1	190332	190421	Ser	GGA	0	0	71.75	34.38	37.37	
NODE_4_length_517769_cov_38.2362 	2	379118	379194	Pro	CGG	0	0	88.20	60.26	27.94	
NODE_4_length_517769_cov_38.2362 	3	505810	505885	Asn	GTT	0	0	91.73	62.08	29.65	
NODE_4_length_517769_cov_38.2362 	4	497011	496936	Ala	GGC	0	0	86.95	68.86	18.09	
NODE_4_length_517769_cov_38.2362 	5	496887	496812	Glu	TTC	0	0	66.40	38.20	28.20	
NODE_4_length_517769_cov_38.2362 	6	496718	496643	Ala	GGC	0	0	86.95	68.86	18.09	
NODE_4_length_517769_cov_38.2362 	7	496596	496521	Glu	TTC	0	0	66.40	38.20	28.20	
NODE_4_length_517769_cov_38.2362 	8	457608	457533	Val	TAC	0	0	94.49	73.68	20.81	
NODE_4_length_517769_cov_38.2362 	9	457516	457440	Asp	GTC	0	0	94.67	75.49	19.18	
NODE_4_length_517769_cov_38.2362 	10	457325	457249	Asp	GTC	0	0	94.67	75.49	19.18	
NODE_4_length_517769_cov_38.2362 	11	157836	157761	Glu	TTC	0	0	66.40	38.20	28.20	
NODE_4_length_517769_cov_38.2362 	12	157758	157683	Gly	GCC	0	0	93.74	68.41	25.33	
NODE_4_length_517769_cov_38.2362 	13	109098	109022	Val	GAC	0	0	93.19	67.81	25.38	
NODE_4_length_517769_cov_38.2362 	14	74958 	74882 	Pro	GGG	0	0	74.89	48.01	26.88	
NODE_5_length_485537_cov_38.7013 	1	27741 	27830 	Ser	CGA	0	0	68.31	24.88	43.43	
NODE_6_length_469940_cov_40.7023 	1	218016	218091	Asn	GTT	0	0	91.73	62.08	29.65	
NODE_6_length_469940_cov_40.7023 	2	218101	218177	Pro	TGG	0	0	87.63	64.60	23.03	
NODE_6_length_469940_cov_40.7023 	3	218188	218263	Lys	TTT	0	0	95.07	71.82	23.25	
NODE_6_length_469940_cov_40.7023 	4	237581	237656	Thr	CGT	0	0	90.98	74.93	16.05	
NODE_6_length_469940_cov_40.7023 	5	174100	174027	Arg	ACG	0	0	52.72	27.21	25.51	
NODE_6_length_469940_cov_40.7023 	6	66616 	66542 	Gln	TTG	0	0	66.82	40.36	26.46	
NODE_6_length_469940_cov_40.7023 	7	18491 	18415 	Met	CAT	0	0	87.19	64.42	22.77	
NODE_8_length_300512_cov_40.2349 	1	94346 	94420 	Arg	CCT	0	0	69.71	45.21	24.50	
NODE_8_length_300512_cov_40.2349 	2	226645	226720	Val	TAC	0	0	94.49	73.68	20.81	
NODE_8_length_300512_cov_40.2349 	3	226737	226813	Asp	GTC	0	0	94.67	75.49	19.18	
NODE_9_length_285912_cov_36.9341 	1	144168	144257	Ser	TGA	0	0	72.70	38.95	33.75	
NODE_9_length_285912_cov_36.9341 	2	168538	168613	Gly	GCC	0	0	93.74	68.41	25.33	
NODE_9_length_285912_cov_36.9341 	3	168698	168773	Gly	GCC	0	0	93.74	68.41	25.33	
NODE_9_length_285912_cov_36.9341 	4	173321	173394	Cys	GCA	0	0	62.38	45.73	16.65	
NODE_9_length_285912_cov_36.9341 	5	185944	186030	Leu	TAA	0	0	76.64	42.32	34.32	
NODE_10_length_271479_cov_40.656 	1	110468	110541	Gly	CCC	0	0	60.35	30.06	30.29	
NODE_12_length_205990_cov_41.9873	1	122303	122212	SeC	TCA	0	0	55.75	-18.51	74.26	
NODE_12_length_205990_cov_41.9873	2	62681 	62596 	Leu	GAG	0	0	68.53	39.16	29.37	
NODE_12_length_205990_cov_41.9873	3	62505 	62429 	Met	CAT	0	0	85.85	60.06	25.79	
NODE_16_length_152865_cov_39.4356	1	40558 	40648 	Ser	GCT	0	0	76.69	47.10	29.59	
NODE_16_length_152865_cov_39.4356	2	40766 	40842 	Arg	ACG	0	0	83.50	58.05	25.45	
NODE_16_length_152865_cov_39.4356	3	40954 	41030 	Arg	ACG	0	0	83.50	58.05	25.45	
NODE_16_length_152865_cov_39.4356	4	151303	151378	Lys	TTT	0	0	95.07	71.82	23.25	
NODE_16_length_152865_cov_39.4356	5	98746 	98670 	Met	CAT	0	0	85.06	58.55	26.51	
NODE_22_length_80538_cov_41.4109 	1	77309 	77385 	Met	CAT	0	0	92.87	71.40	21.47	
NODE_25_length_75809_cov_39.4185 	1	7091  	7163  	Leu	GAG	0	0	20.84	19.28	1.56	
NODE_26_length_65421_cov_44.1073 	1	1220  	1295  	Trp	CCA	0	0	86.73	63.05	23.68	
NODE_29_length_36037_cov_42.4198 	1	34639 	34715 	Arg	CCG	0	0	87.81	66.55	21.26	
NODE_40_length_5714_cov_175.209  	1	3590  	3514  	Ile	GAT	0	0	98.83	72.69	26.14	
NODE_40_length_5714_cov_175.209  	2	3485  	3410  	Ala	TGC	0	0	90.68	71.56	19.12	
NODE_47_length_3319_cov_39.2726  	1	2799  	2883  	Tyr	GTA	0	0	71.07	41.76	29.31	
NODE_47_length_3319_cov_39.2726  	2	2910  	2983  	Gly	TCC	0	0	82.75	60.87	21.88	
NODE_47_length_3319_cov_39.2726  	3	3003  	3078  	Thr	GGT	0	0	93.76	67.73	26.03	
