Sequence                         		tRNA  	Bounds	tRNA	Anti	Intron Bounds	Cove	HMM	2'Str	      
Name                             	tRNA #	Begin 	End   	Type	Codon	Begin	End	Score	Score	Score	Note
--------                         	------	----- 	------	----	-----	-----	----	------	-----	-----	------
NODE_1_length_892014_cov_35.6677 	1	690330	690406	Arg	CCT	0	0	83.71	58.51	25.20	
NODE_1_length_892014_cov_35.6677 	2	818164	818239	Val	TAC	0	0	94.49	73.68	20.81	
NODE_1_length_892014_cov_35.6677 	3	818256	818332	Asp	GTC	0	0	94.67	75.49	19.18	
NODE_1_length_892014_cov_35.6677 	4	212850	212764	Leu	CAA	0	0	69.99	38.33	31.66	
NODE_2_length_775159_cov_35.8435 	1	658301	658392	SeC	TCA	0	0	55.75	-18.51	74.26	
NODE_2_length_775159_cov_35.8435 	2	712305	712390	Leu	GAG	0	0	68.53	39.16	29.37	
NODE_2_length_775159_cov_35.8435 	3	712481	712557	Met	CAT	0	0	85.85	60.06	25.79	
NODE_2_length_775159_cov_35.8435 	4	498131	498045	Leu	CAG	0	0	73.96	38.54	35.42	
NODE_2_length_775159_cov_35.8435 	5	497915	497829	Leu	CAG	0	0	73.96	38.54	35.42	
NODE_2_length_775159_cov_35.8435 	6	241243	241168	Phe	GAA	0	0	92.69	68.52	24.17	
NODE_2_length_775159_cov_35.8435 	7	229832	229757	Thr	TGT	0	0	93.66	75.64	18.02	
NODE_3_length_573116_cov_36.3626 	1	34679 	34768 	Ser	CGA	0	0	68.31	24.88	43.43	
NODE_4_length_448930_cov_34.7256 	1	113236	113325	Ser	GGA	0	0	71.75	34.38	37.37	
NODE_4_length_448930_cov_34.7256 	2	301961	302037	Pro	CGG	0	0	88.20	60.26	27.94	
NODE_4_length_448930_cov_34.7256 	3	430704	430779	Asn	GTT	0	0	91.73	62.08	29.65	
NODE_4_length_448930_cov_34.7256 	4	421905	421830	Ala	GGC	0	0	86.95	68.86	18.09	
NODE_4_length_448930_cov_34.7256 	5	421781	421706	Glu	TTC	0	0	66.40	38.20	28.20	
NODE_4_length_448930_cov_34.7256 	6	421612	421537	Ala	GGC	0	0	86.95	68.86	18.09	
NODE_4_length_448930_cov_34.7256 	7	421490	421415	Glu	TTC	0	0	66.40	38.20	28.20	
NODE_4_length_448930_cov_34.7256 	8	382522	382447	Val	TAC	0	0	94.49	73.68	20.81	
NODE_4_length_448930_cov_34.7256 	9	382430	382354	Asp	GTC	0	0	94.67	75.49	19.18	
NODE_4_length_448930_cov_34.7256 	10	382239	382163	Asp	GTC	0	0	94.67	75.49	19.18	
NODE_4_length_448930_cov_34.7256 	11	80729 	80654 	Glu	TTC	0	0	66.40	38.20	28.20	
NODE_4_length_448930_cov_34.7256 	12	80651 	80576 	Gly	GCC	0	0	93.74	68.41	25.33	
NODE_4_length_448930_cov_34.7256 	13	80491 	80416 	Gly	GCC	0	0	93.74	68.41	25.33	
NODE_4_length_448930_cov_34.7256 	14	38958 	38882 	Val	GAC	0	0	93.19	67.81	25.38	
NODE_4_length_448930_cov_34.7256 	15	4815  	4739  	Pro	GGG	0	0	74.89	48.01	26.88	
NODE_5_length_396468_cov_33.3247 	1	302976	303052	Arg	TCT	0	0	96.39	77.88	18.51	
NODE_5_length_396468_cov_33.3247 	2	303104	303179	His	GTG	0	0	83.51	64.18	19.33	
NODE_5_length_396468_cov_33.3247 	3	303234	303318	Leu	TAG	0	0	76.62	44.97	31.65	
NODE_5_length_396468_cov_33.3247 	4	303385	303460	His	GTG	0	0	83.51	64.18	19.33	
NODE_5_length_396468_cov_33.3247 	5	314738	314814	Asp	GTC	0	0	95.34	76.86	18.48	
NODE_6_length_395085_cov_34.861  	1	100494	100569	Asn	GTT	0	0	91.73	62.08	29.65	
NODE_6_length_395085_cov_34.861  	2	100579	100655	Pro	TGG	0	0	87.63	64.60	23.03	
NODE_6_length_395085_cov_34.861  	3	100666	100741	Lys	TTT	0	0	95.07	71.82	23.25	
NODE_6_length_395085_cov_34.861  	4	120038	120113	Thr	CGT	0	0	90.98	74.93	16.05	
NODE_6_length_395085_cov_34.861  	5	56581 	56508 	Arg	ACG	0	0	52.72	27.21	25.51	
NODE_7_length_371786_cov_36.8069 	1	294631	294555	Met	CAT	0	0	92.87	71.40	21.47	
NODE_8_length_366549_cov_35.1755 	1	207089	207000	Ser	TGA	0	0	72.70	38.95	33.75	
NODE_8_length_366549_cov_35.1755 	2	150961	150886	Gly	GCC	0	0	93.74	68.41	25.33	
NODE_8_length_366549_cov_35.1755 	3	146337	146264	Cys	GCA	0	0	62.38	45.73	16.65	
NODE_8_length_366549_cov_35.1755 	4	133714	133628	Leu	TAA	0	0	76.64	42.32	34.32	
NODE_9_length_271487_cov_35.1942 	1	53881 	53957 	Met	CAT	0	0	85.06	58.55	26.51	
NODE_9_length_271487_cov_35.1942 	2	160062	160134	Leu	GAG	0	0	20.84	19.28	1.56	
NODE_9_length_271487_cov_35.1942 	3	263477	263550	Gly	CCC	0	0	60.35	30.06	30.29	
NODE_9_length_271487_cov_35.1942 	4	70428 	70338 	Ser	GCT	0	0	76.69	47.10	29.59	
NODE_9_length_271487_cov_35.1942 	5	70220 	70144 	Arg	ACG	0	0	83.50	58.05	25.45	
NODE_9_length_271487_cov_35.1942 	6	70032 	69956 	Arg	ACG	0	0	83.50	58.05	25.45	
NODE_9_length_271487_cov_35.1942 	7	1336  	1261  	Lys	TTT	0	0	95.07	71.82	23.25	
NODE_17_length_87376_cov_33.4611 	1	37847 	37773 	Gln	TTG	0	0	66.82	40.36	26.46	
NODE_17_length_87376_cov_33.4611 	2	34099 	34023 	Met	CAT	0	0	87.19	64.42	22.77	
NODE_19_length_65529_cov_37.4078 	1	64310 	64235 	Trp	CCA	0	0	86.73	63.05	23.68	
NODE_23_length_36178_cov_39.5082 	1	34614 	34690 	Arg	CCG	0	0	88.66	67.40	21.26	
NODE_29_length_5541_cov_128.267  	1	1954  	2030  	Ile	GAT	0	0	98.83	72.69	26.14	
NODE_29_length_5541_cov_128.267  	2	2059  	2134  	Ala	TGC	0	0	90.68	71.56	19.12	
NODE_32_length_3319_cov_28.9624  	1	521   	437   	Tyr	GTA	0	0	71.07	41.76	29.31	
NODE_32_length_3319_cov_28.9624  	2	410   	337   	Gly	TCC	0	0	82.75	60.87	21.88	
NODE_32_length_3319_cov_28.9624  	3	317   	242   	Thr	GGT	0	0	93.76	67.73	26.03	
