Sequence                         		tRNA  	Bounds	tRNA	Anti	Intron Bounds	Cove	HMM	2'Str	      
Name                             	tRNA #	Begin 	End   	Type	Codon	Begin	End	Score	Score	Score	Note
--------                         	------	----- 	------	----	-----	-----	----	------	-----	-----	------
NODE_1_length_588381_cov_33.9273 	1	387785	387871	Leu	CAA	0	0	69.99	38.33	31.66	
NODE_2_length_585030_cov_39.1683 	1	70211 	70297 	Leu	CAG	0	0	73.96	38.54	35.42	
NODE_2_length_585030_cov_39.1683 	2	70427 	70513 	Leu	CAG	0	0	73.96	38.54	35.42	
NODE_2_length_585030_cov_39.1683 	3	326939	327014	Phe	GAA	0	0	92.69	68.52	24.17	
NODE_2_length_585030_cov_39.1683 	4	341387	341461	Undet	NNN	0	0	25.84	24.29	1.55	
NODE_2_length_585030_cov_39.1683 	5	352796	352871	Thr	TGT	0	0	93.66	75.64	18.02	
NODE_3_length_542603_cov_30.0019 	1	27741 	27830 	Ser	CGA	0	0	68.31	24.88	43.43	
NODE_4_length_511481_cov_26.9369 	1	388996	389072	Arg	TCT	0	0	96.39	77.88	18.51	
NODE_4_length_511481_cov_26.9369 	2	389124	389199	His	GTG	0	0	83.51	64.18	19.33	
NODE_4_length_511481_cov_26.9369 	3	389254	389338	Leu	TAG	0	0	76.62	44.97	31.65	
NODE_4_length_511481_cov_26.9369 	4	389405	389480	His	GTG	0	0	83.51	64.18	19.33	
NODE_4_length_511481_cov_26.9369 	5	400765	400841	Asp	GTC	0	0	95.34	76.86	18.48	
NODE_5_length_452616_cov_33.9265 	1	200692	200767	Asn	GTT	0	0	91.73	62.08	29.65	
NODE_5_length_452616_cov_33.9265 	2	200777	200853	Pro	TGG	0	0	87.63	64.60	23.03	
NODE_5_length_452616_cov_33.9265 	3	200864	200939	Lys	TTT	0	0	95.07	71.82	23.25	
NODE_5_length_452616_cov_33.9265 	4	220257	220332	Thr	CGT	0	0	90.98	74.93	16.05	
NODE_5_length_452616_cov_33.9265 	5	156776	156703	Arg	ACG	0	0	52.72	27.21	25.51	
NODE_5_length_452616_cov_33.9265 	6	49291 	49217 	Gln	TTG	0	0	66.82	40.36	26.46	
NODE_5_length_452616_cov_33.9265 	7	22171 	22095 	Met	CAT	0	0	87.19	64.42	22.77	
NODE_6_length_448542_cov_29.4039 	1	88983 	89072 	Ser	GGA	0	0	71.75	34.38	37.37	
NODE_6_length_448542_cov_29.4039 	2	277769	277845	Pro	CGG	0	0	88.20	60.26	27.94	
NODE_6_length_448542_cov_29.4039 	3	404461	404536	Asn	GTT	0	0	91.73	62.08	29.65	
NODE_6_length_448542_cov_29.4039 	4	395662	395587	Ala	GGC	0	0	86.95	68.86	18.09	
NODE_6_length_448542_cov_29.4039 	5	395538	395463	Glu	TTC	0	0	66.40	38.20	28.20	
NODE_6_length_448542_cov_29.4039 	6	395369	395294	Ala	GGC	0	0	86.95	68.86	18.09	
NODE_6_length_448542_cov_29.4039 	7	395247	395172	Glu	TTC	0	0	66.40	38.20	28.20	
NODE_6_length_448542_cov_29.4039 	8	356259	356184	Val	TAC	0	0	94.49	73.68	20.81	
NODE_6_length_448542_cov_29.4039 	9	356167	356091	Asp	GTC	0	0	94.67	75.49	19.18	
NODE_6_length_448542_cov_29.4039 	10	355976	355900	Asp	GTC	0	0	94.67	75.49	19.18	
NODE_6_length_448542_cov_29.4039 	11	56487 	56412 	Glu	TTC	0	0	66.40	38.20	28.20	
NODE_6_length_448542_cov_29.4039 	12	56409 	56334 	Gly	GCC	0	0	93.74	68.41	25.33	
NODE_6_length_448542_cov_29.4039 	13	56249 	56174 	Gly	GCC	0	0	93.74	68.41	25.33	
NODE_7_length_363544_cov_26.3875 	1	144015	144104	Ser	TGA	0	0	72.70	38.95	33.75	
NODE_7_length_363544_cov_26.3875 	2	168385	168460	Gly	GCC	0	0	93.74	68.41	25.33	
NODE_7_length_363544_cov_26.3875 	3	250953	251026	Cys	GCA	0	0	62.38	45.73	16.65	
NODE_7_length_363544_cov_26.3875 	4	263576	263662	Leu	TAA	0	0	76.64	42.32	34.32	
NODE_8_length_306366_cov_33.7379 	1	110468	110541	Gly	CCC	0	0	60.35	30.06	30.29	
NODE_9_length_300512_cov_31.8639 	1	206167	206093	Arg	CCT	0	0	69.71	45.21	24.50	
NODE_9_length_300512_cov_31.8639 	2	73868 	73793 	Val	TAC	0	0	94.49	73.68	20.81	
NODE_9_length_300512_cov_31.8639 	3	73776 	73700 	Asp	GTC	0	0	94.67	75.49	19.18	
NODE_12_length_206068_cov_36.9401	1	122381	122290	SeC	TCA	0	0	55.75	-18.51	74.26	
NODE_12_length_206068_cov_36.9401	2	62759 	62674 	Leu	GAG	0	0	68.53	39.16	29.37	
NODE_12_length_206068_cov_36.9401	3	62583 	62507 	Met	CAT	0	0	85.85	60.06	25.79	
NODE_13_length_193012_cov_37.1456	1	77387 	77463 	Met	CAT	0	0	92.87	71.40	21.47	
NODE_15_length_171342_cov_26.2983	1	109071	108995	Val	GAC	0	0	93.19	67.81	25.38	
NODE_15_length_171342_cov_26.2983	2	74931 	74855 	Pro	GGG	0	0	74.89	48.01	26.88	
NODE_17_length_159338_cov_30.9992	1	40558 	40648 	Ser	GCT	0	0	76.69	47.10	29.59	
NODE_17_length_159338_cov_30.9992	2	40766 	40842 	Arg	ACG	0	0	83.50	58.05	25.45	
NODE_17_length_159338_cov_30.9992	3	40954 	41030 	Arg	ACG	0	0	83.50	58.05	25.45	
NODE_17_length_159338_cov_30.9992	4	151316	151391	Lys	TTT	0	0	95.07	71.82	23.25	
NODE_17_length_159338_cov_30.9992	5	98747 	98671 	Met	CAT	0	0	85.06	58.55	26.51	
NODE_23_length_65421_cov_38.7649 	1	1220  	1295  	Trp	CCA	0	0	86.73	63.05	23.68	
NODE_28_length_36116_cov_39.3898 	1	1478  	1402  	Arg	CCG	0	0	87.81	66.55	21.26	
NODE_37_length_9138_cov_31.2829  	1	7091  	7163  	Leu	GAG	0	0	20.84	19.28	1.56	
NODE_41_length_5636_cov_148.381  	1	3590  	3514  	Ile	GAT	0	0	98.83	72.69	26.14	
NODE_41_length_5636_cov_148.381  	2	3485  	3410  	Ala	TGC	0	0	90.68	71.56	19.12	
NODE_50_length_3319_cov_36.1742  	1	2799  	2883  	Tyr	GTA	0	0	71.07	41.76	29.31	
NODE_50_length_3319_cov_36.1742  	2	2910  	2983  	Gly	TCC	0	0	82.75	60.87	21.88	
NODE_50_length_3319_cov_36.1742  	3	3003  	3078  	Thr	GGT	0	0	93.76	67.73	26.03	
