Sequence                       		tRNA  	Bounds	tRNA	Anti	Intron Bounds	Cove	HMM	2'Str	      
Name                           	tRNA #	Begin 	End   	Type	Codon	Begin	End	Score	Score	Score	Note
--------                       	------	----- 	------	----	-----	-----	----	------	-----	-----	------
NODE_1_length_868881_cov_38.32 	1	665914	665990	Arg	CCT	0	0	83.71	58.51	25.20	
NODE_1_length_868881_cov_38.32 	2	795108	795183	Val	TAC	0	0	94.49	73.68	20.81	
NODE_1_length_868881_cov_38.32 	3	795200	795276	Asp	GTC	0	0	94.67	75.49	19.18	
NODE_1_length_868881_cov_38.32 	4	163860	163774	Leu	CAA	0	0	69.99	38.33	31.66	
NODE_2_length_494630_cov_42.4515	1	36072 	36148 	Arg	CCG	0	0	25.81	24.84	0.97	
NODE_3_length_482013_cov_36.7377	1	389494	389570	Arg	TCT	0	0	96.39	77.88	18.51	
NODE_3_length_482013_cov_36.7377	2	389622	389697	His	GTG	0	0	83.51	64.18	19.33	
NODE_3_length_482013_cov_36.7377	3	389752	389836	Leu	TAG	0	0	76.62	44.97	31.65	
NODE_3_length_482013_cov_36.7377	4	389903	389978	His	GTG	0	0	83.51	64.18	19.33	
NODE_3_length_482013_cov_36.7377	5	401256	401332	Asp	GTC	0	0	95.34	76.86	18.48	
NODE_4_length_457519_cov_39.4314	1	340488	340579	SeC	TCA	0	0	55.75	-18.51	74.26	
NODE_4_length_457519_cov_39.4314	2	394528	394613	Leu	GAG	0	0	68.53	39.16	29.37	
NODE_4_length_457519_cov_39.4314	3	394704	394780	Met	CAT	0	0	85.85	60.06	25.79	
NODE_4_length_457519_cov_39.4314	4	186984	186898	Leu	CAG	0	0	73.96	38.54	35.42	
NODE_4_length_457519_cov_39.4314	5	186768	186682	Leu	CAG	0	0	73.96	38.54	35.42	
NODE_5_length_417598_cov_37.4738	1	122252	122327	Asn	GTT	0	0	91.73	62.08	29.65	
NODE_5_length_417598_cov_37.4738	2	122337	122413	Pro	TGG	0	0	87.63	64.60	23.03	
NODE_5_length_417598_cov_37.4738	3	122424	122499	Lys	TTT	0	0	95.07	71.82	23.25	
NODE_5_length_417598_cov_37.4738	4	141874	141949	Thr	CGT	0	0	90.98	74.93	16.05	
NODE_5_length_417598_cov_37.4738	5	78336 	78263 	Arg	ACG	0	0	52.72	27.21	25.51	
NODE_6_length_402129_cov_39.2928	1	312485	312409	Met	CAT	0	0	92.87	71.40	21.47	
NODE_8_length_269790_cov_37.539	1	51558 	51634 	Pro	CGG	0	0	88.20	60.26	27.94	
NODE_8_length_269790_cov_37.539	2	225235	225310	Asn	GTT	0	0	91.73	62.08	29.65	
NODE_8_length_269790_cov_37.539	3	216436	216361	Ala	GGC	0	0	86.95	68.86	18.09	
NODE_8_length_269790_cov_37.539	4	216312	216237	Glu	TTC	0	0	66.40	38.20	28.20	
NODE_8_length_269790_cov_37.539	5	216143	216068	Ala	GGC	0	0	86.95	68.86	18.09	
NODE_8_length_269790_cov_37.539	6	216021	215946	Glu	TTC	0	0	66.40	38.20	28.20	
NODE_8_length_269790_cov_37.539	7	177034	176959	Val	TAC	0	0	94.49	73.68	20.81	
NODE_8_length_269790_cov_37.539	8	176942	176866	Asp	GTC	0	0	94.67	75.49	19.18	
NODE_8_length_269790_cov_37.539	9	176751	176675	Asp	GTC	0	0	94.67	75.49	19.18	
NODE_9_length_244286_cov_37.8336	1	62960 	63035 	Lys	TTT	0	0	95.07	71.82	23.25	
NODE_9_length_244286_cov_37.8336	2	90475 	90564 	Ser	CGA	0	0	68.31	24.88	43.43	
NODE_9_length_244286_cov_37.8336	3	10404 	10328 	Met	CAT	0	0	85.06	58.55	26.51	
NODE_10_length_233085_cov_37.0805	1	169945	170020	Glu	TTC	0	0	66.40	38.20	28.20	
NODE_10_length_233085_cov_37.0805	2	170023	170098	Gly	GCC	0	0	93.74	68.41	25.33	
NODE_10_length_233085_cov_37.0805	3	170183	170258	Gly	GCC	0	0	93.74	68.41	25.33	
NODE_10_length_233085_cov_37.0805	4	216581	216657	Val	GAC	0	0	93.19	67.81	25.38	
NODE_10_length_233085_cov_37.0805	5	137440	137351	Ser	GGA	0	0	71.75	34.38	37.37	
NODE_12_length_231453_cov_38.499	1	213220	213147	Cys	GCA	0	0	62.38	45.73	16.65	
NODE_13_length_226521_cov_40.0937	1	172963	172888	Phe	GAA	0	0	92.69	68.52	24.17	
NODE_13_length_226521_cov_40.0937	2	159546	159464	Undet	NNN	0	0	26.15	14.81	11.34	
NODE_13_length_226521_cov_40.0937	3	148129	148054	Thr	TGT	0	0	93.66	75.64	18.02	
NODE_14_length_224614_cov_45.3747	1	218231	218321	Ser	GCT	0	0	76.69	47.10	29.59	
NODE_14_length_224614_cov_45.3747	2	218439	218515	Arg	ACG	0	0	83.50	58.05	25.45	
NODE_14_length_224614_cov_45.3747	3	218627	218703	Arg	ACG	0	0	83.50	58.05	25.45	
NODE_14_length_224614_cov_45.3747	4	128546	128474	Leu	GAG	0	0	20.84	19.28	1.56	
NODE_14_length_224614_cov_45.3747	5	24741 	24668 	Gly	CCC	0	0	60.35	30.06	30.29	
NODE_15_length_217147_cov_36.4391	1	142597	142686	Ser	TGA	0	0	72.70	38.95	33.75	
NODE_15_length_217147_cov_36.4391	2	198645	198720	Gly	GCC	0	0	93.74	68.41	25.33	
NODE_21_length_73990_cov_36.8588	1	45599 	45525 	Gln	TTG	0	0	66.82	40.36	26.46	
NODE_21_length_73990_cov_36.8588	2	18481 	18405 	Met	CAT	0	0	87.19	64.42	22.77	
NODE_22_length_65518_cov_40.6568	1	1220  	1295  	Trp	CCA	0	0	86.73	63.05	23.68	
NODE_29_length_39691_cov_39.2163	1	4967  	4891  	Arg	CCG	0	0	87.89	66.77	21.12	
NODE_31_length_28974_cov_36.6368	1	17880 	17956 	Pro	GGG	0	0	74.89	48.01	26.88	
NODE_36_length_5301_cov_154.41 	1	1812  	1888  	Ile	GAT	0	0	98.83	72.69	26.14	
NODE_36_length_5301_cov_154.41 	2	1917  	1992  	Ala	TGC	0	0	90.68	71.56	19.12	
NODE_40_length_3418_cov_38.9313	1	2898  	2982  	Tyr	GTA	0	0	71.07	41.76	29.31	
NODE_40_length_3418_cov_38.9313	2	3009  	3082  	Gly	TCC	0	0	82.75	60.87	21.88	
NODE_40_length_3418_cov_38.9313	3	3102  	3177  	Thr	GGT	0	0	93.76	67.73	26.03	
