Sequence                         		tRNA  	Bounds	tRNA	Anti	Intron Bounds	Cove	HMM	2'Str	      
Name                             	tRNA #	Begin 	End   	Type	Codon	Begin	End	Score	Score	Score	Note
--------                         	------	----- 	------	----	-----	-----	----	------	-----	-----	------
NODE_1_length_966288_cov_24.3126 	1	596536	596625	Ser	GGA	0	0	71.75	34.38	37.37	
NODE_1_length_966288_cov_24.3126 	2	785343	785419	Pro	CGG	0	0	88.20	60.26	27.94	
NODE_1_length_966288_cov_24.3126 	3	914166	914241	Asn	GTT	0	0	91.73	62.08	29.65	
NODE_1_length_966288_cov_24.3126 	4	905367	905292	Ala	GGC	0	0	86.95	68.86	18.09	
NODE_1_length_966288_cov_24.3126 	5	905243	905168	Glu	TTC	0	0	66.40	38.20	28.20	
NODE_1_length_966288_cov_24.3126 	6	905074	904999	Ala	GGC	0	0	86.95	68.86	18.09	
NODE_1_length_966288_cov_24.3126 	7	904952	904877	Glu	TTC	0	0	66.40	38.20	28.20	
NODE_1_length_966288_cov_24.3126 	8	865964	865889	Val	TAC	0	0	94.49	73.68	20.81	
NODE_1_length_966288_cov_24.3126 	9	865872	865796	Asp	GTC	0	0	94.67	75.49	19.18	
NODE_1_length_966288_cov_24.3126 	10	865681	865605	Asp	GTC	0	0	94.67	75.49	19.18	
NODE_1_length_966288_cov_24.3126 	11	564038	563963	Glu	TTC	0	0	66.40	38.20	28.20	
NODE_1_length_966288_cov_24.3126 	12	563960	563885	Gly	GCC	0	0	93.74	68.41	25.33	
NODE_1_length_966288_cov_24.3126 	13	563800	563725	Gly	GCC	0	0	93.74	68.41	25.33	
NODE_1_length_966288_cov_24.3126 	14	518787	518711	Val	GAC	0	0	93.19	67.81	25.38	
NODE_1_length_966288_cov_24.3126 	15	484643	484567	Pro	GGG	0	0	74.89	48.01	26.88	
NODE_1_length_966288_cov_24.3126 	16	289105	289016	Ser	TGA	0	0	72.70	38.95	33.75	
NODE_1_length_966288_cov_24.3126 	17	264728	264653	Gly	GCC	0	0	93.74	68.41	25.33	
NODE_1_length_966288_cov_24.3126 	18	147536	147463	Cys	GCA	0	0	62.38	45.73	16.65	
NODE_1_length_966288_cov_24.3126 	19	134912	134826	Leu	TAA	0	0	76.64	42.32	34.32	
NODE_2_length_829167_cov_33.0691 	1	712291	712382	SeC	TCA	0	0	55.75	-18.51	74.26	
NODE_2_length_829167_cov_33.0691 	2	766330	766415	Leu	GAG	0	0	68.53	39.16	29.37	
NODE_2_length_829167_cov_33.0691 	3	766506	766582	Met	CAT	0	0	85.85	60.06	25.79	
NODE_2_length_829167_cov_33.0691 	4	559644	559558	Leu	CAG	0	0	73.96	38.54	35.42	
NODE_2_length_829167_cov_33.0691 	5	559428	559342	Leu	CAG	0	0	73.96	38.54	35.42	
NODE_2_length_829167_cov_33.0691 	6	303673	303598	Phe	GAA	0	0	92.69	68.52	24.17	
NODE_2_length_829167_cov_33.0691 	7	292263	292188	Thr	TGT	0	0	93.66	75.64	18.02	
NODE_3_length_540007_cov_29.1746 	1	524910	524996	Leu	CAA	0	0	69.99	38.33	31.66	
NODE_3_length_540007_cov_29.1746 	2	6257  	6181  	Arg	CCT	0	0	83.71	58.51	25.20	
NODE_4_length_520783_cov_25.8597 	1	487589	487500	Ser	CGA	0	0	68.31	24.88	43.43	
NODE_5_length_398257_cov_23.2098 	1	304403	304479	Arg	TCT	0	0	96.39	77.88	18.51	
NODE_5_length_398257_cov_23.2098 	2	304531	304606	His	GTG	0	0	83.51	64.18	19.33	
NODE_5_length_398257_cov_23.2098 	3	304661	304745	Leu	TAG	0	0	76.62	44.97	31.65	
NODE_5_length_398257_cov_23.2098 	4	304812	304887	His	GTG	0	0	83.51	64.18	19.33	
NODE_5_length_398257_cov_23.2098 	5	316172	316248	Asp	GTC	0	0	95.34	76.86	18.48	
NODE_6_length_320531_cov_26.9423 	1	53603 	53679 	Met	CAT	0	0	85.06	58.55	26.51	
NODE_6_length_320531_cov_26.9423 	2	159889	159961	Leu	GAG	0	0	20.84	19.28	1.56	
NODE_6_length_320531_cov_26.9423 	3	262322	262395	Gly	CCC	0	0	60.35	30.06	30.29	
NODE_6_length_320531_cov_26.9423 	4	70145 	70055 	Ser	GCT	0	0	76.69	47.10	29.59	
NODE_6_length_320531_cov_26.9423 	5	69937 	69861 	Arg	ACG	0	0	83.50	58.05	25.45	
NODE_6_length_320531_cov_26.9423 	6	69749 	69673 	Arg	ACG	0	0	83.50	58.05	25.45	
NODE_6_length_320531_cov_26.9423 	7	1026  	951   	Lys	TTT	0	0	95.07	71.82	23.25	
NODE_7_length_256676_cov_33.2801 	1	165499	165423	Met	CAT	0	0	92.87	71.40	21.47	
NODE_11_length_202827_cov_26.7583	1	1131  	1205  	Arg	CCT	0	0	69.69	51.80	17.89	
NODE_11_length_202827_cov_26.7583	2	128968	129043	Val	TAC	0	0	94.49	73.68	20.81	
NODE_11_length_202827_cov_26.7583	3	129060	129136	Asp	GTC	0	0	94.67	75.49	19.18	
NODE_13_length_189984_cov_30.0791	1	172139	172214	Asn	GTT	0	0	91.73	62.08	29.65	
NODE_13_length_189984_cov_30.0791	2	172224	172300	Pro	TGG	0	0	87.63	64.60	23.03	
NODE_13_length_189984_cov_30.0791	3	172311	172386	Lys	TTT	0	0	95.07	71.82	23.25	
NODE_13_length_189984_cov_30.0791	4	128223	128150	Arg	ACG	0	0	52.72	27.21	25.51	
NODE_13_length_189984_cov_30.0791	5	22239 	22165 	Gln	TTG	0	0	66.82	40.36	26.46	
NODE_13_length_189984_cov_30.0791	6	18491 	18415 	Met	CAT	0	0	87.19	64.42	22.77	
NODE_14_length_188971_cov_35.7971	1	176317	176393	Arg	CCG	0	0	87.81	66.55	21.26	
NODE_22_length_65528_cov_33.7511 	1	64309 	64234 	Trp	CCA	0	0	86.73	63.05	23.68	
NODE_32_length_29333_cov_28.0155 	1	9883  	9952  	Lys	TTT	0	0	26.12	11.05	15.07	
NODE_32_length_29333_cov_28.0155 	2	27656 	27731 	Thr	CGT	0	0	90.98	74.93	16.05	
NODE_39_length_5560_cov_132.82   	1	1971  	2047  	Ile	GAT	0	0	98.83	72.69	26.14	
NODE_39_length_5560_cov_132.82   	2	2076  	2151  	Ala	TGC	0	0	90.68	71.56	19.12	
NODE_44_length_3319_cov_30.1917  	1	521   	437   	Tyr	GTA	0	0	71.07	41.76	29.31	
NODE_44_length_3319_cov_30.1917  	2	410   	337   	Gly	TCC	0	0	82.75	60.87	21.88	
NODE_44_length_3319_cov_30.1917  	3	317   	242   	Thr	GGT	0	0	93.76	67.73	26.03	
