Sequence                         		tRNA  	Bounds	tRNA	Anti	Intron Bounds	Cove	HMM	2'Str	      
Name                             	tRNA #	Begin 	End   	Type	Codon	Begin	End	Score	Score	Score	Note
--------                         	------	----- 	------	----	-----	-----	----	------	-----	-----	------
NODE_1_length_806982_cov_32.5631 	1	690165	690256	SeC	TCA	0	0	55.75	-18.51	74.26	
NODE_1_length_806982_cov_32.5631 	2	744112	744197	Leu	GAG	0	0	68.53	39.16	29.37	
NODE_1_length_806982_cov_32.5631 	3	744288	744364	Met	CAT	0	0	85.85	60.06	25.79	
NODE_1_length_806982_cov_32.5631 	4	536285	536199	Leu	CAG	0	0	73.96	38.54	35.42	
NODE_1_length_806982_cov_32.5631 	5	536069	535983	Leu	CAG	0	0	73.96	38.54	35.42	
NODE_1_length_806982_cov_32.5631 	6	279322	279247	Phe	GAA	0	0	92.69	68.52	24.17	
NODE_1_length_806982_cov_32.5631 	7	267917	267842	Thr	TGT	0	0	93.66	75.64	18.02	
NODE_3_length_438256_cov_28.9879 	1	68656 	68745 	Ser	GGA	0	0	71.75	34.38	37.37	
NODE_3_length_438256_cov_28.9879 	2	257415	257491	Pro	CGG	0	0	88.20	60.26	27.94	
NODE_3_length_438256_cov_28.9879 	3	386229	386304	Asn	GTT	0	0	91.73	62.08	29.65	
NODE_3_length_438256_cov_28.9879 	4	377422	377347	Ala	GGC	0	0	86.95	68.86	18.09	
NODE_3_length_438256_cov_28.9879 	5	377298	377223	Glu	TTC	0	0	66.40	38.20	28.20	
NODE_3_length_438256_cov_28.9879 	6	377129	377054	Ala	GGC	0	0	86.95	68.86	18.09	
NODE_3_length_438256_cov_28.9879 	7	377007	376932	Glu	TTC	0	0	66.40	38.20	28.20	
NODE_3_length_438256_cov_28.9879 	8	338035	337960	Val	TAC	0	0	94.49	73.68	20.81	
NODE_3_length_438256_cov_28.9879 	9	337943	337867	Asp	GTC	0	0	94.67	75.49	19.18	
NODE_3_length_438256_cov_28.9879 	10	337752	337676	Asp	GTC	0	0	94.67	75.49	19.18	
NODE_3_length_438256_cov_28.9879 	11	36162 	36087 	Glu	TTC	0	0	66.40	38.20	28.20	
NODE_3_length_438256_cov_28.9879 	12	36084 	36009 	Gly	GCC	0	0	93.74	68.41	25.33	
NODE_3_length_438256_cov_28.9879 	13	35924 	35849 	Gly	GCC	0	0	93.74	68.41	25.33	
NODE_4_length_421049_cov_32.6504 	1	331422	331346	Met	CAT	0	0	92.87	71.40	21.47	
NODE_4_length_421049_cov_32.6504 	2	1283  	1207  	Arg	CCG	0	0	88.66	67.40	21.26	
NODE_5_length_408082_cov_29.2069 	1	28401 	28315 	Leu	CAA	0	0	69.99	38.33	31.66	
NODE_6_length_398916_cov_29.7121 	1	370688	370612	Val	GAC	0	0	93.19	67.81	25.38	
NODE_6_length_398916_cov_29.7121 	2	336545	336469	Pro	GGG	0	0	74.89	48.01	26.88	
NODE_6_length_398916_cov_29.7121 	3	139111	139022	Ser	TGA	0	0	72.70	38.95	33.75	
NODE_6_length_398916_cov_29.7121 	4	114736	114661	Gly	GCC	0	0	93.74	68.41	25.33	
NODE_6_length_398916_cov_29.7121 	5	110112	110039	Cys	GCA	0	0	62.38	45.73	16.65	
NODE_6_length_398916_cov_29.7121 	6	97488 	97402 	Leu	TAA	0	0	76.64	42.32	34.32	
NODE_7_length_395540_cov_26.0131 	1	302805	302881	Arg	TCT	0	0	96.39	77.88	18.51	
NODE_7_length_395540_cov_26.0131 	2	302933	303008	His	GTG	0	0	83.51	64.18	19.33	
NODE_7_length_395540_cov_26.0131 	3	303063	303147	Leu	TAG	0	0	76.62	44.97	31.65	
NODE_7_length_395540_cov_26.0131 	4	303214	303289	His	GTG	0	0	83.51	64.18	19.33	
NODE_7_length_395540_cov_26.0131 	5	314580	314656	Asp	GTC	0	0	95.34	76.86	18.48	
NODE_8_length_355942_cov_30.0228 	1	238170	238260	Ser	GCT	0	0	76.69	47.10	29.59	
NODE_8_length_355942_cov_30.0228 	2	238378	238454	Arg	ACG	0	0	83.50	58.05	25.45	
NODE_8_length_355942_cov_30.0228 	3	238566	238642	Arg	ACG	0	0	83.50	58.05	25.45	
NODE_8_length_355942_cov_30.0228 	4	307265	307340	Lys	TTT	0	0	95.07	71.82	23.25	
NODE_8_length_355942_cov_30.0228 	5	343757	343846	Ser	CGA	0	0	68.31	24.88	43.43	
NODE_8_length_355942_cov_30.0228 	6	254712	254636	Met	CAT	0	0	85.06	58.55	26.51	
NODE_8_length_355942_cov_30.0228 	7	148506	148434	Leu	GAG	0	0	20.84	19.28	1.56	
NODE_8_length_355942_cov_30.0228 	8	4034  	3961  	Gly	CCC	0	0	60.35	30.06	30.29	
NODE_9_length_262783_cov_29.2155 	1	255076	254991	Lys	TTT	0	0	22.00	12.28	9.72	
NODE_9_length_262783_cov_29.2155 	2	237097	237022	Thr	CGT	0	0	90.98	74.93	16.05	
NODE_11_length_214776_cov_27.644 	1	124349	124425	Arg	CCT	0	0	83.71	58.51	25.20	
NODE_14_length_182397_cov_29.6129	1	124101	124174	Arg	ACG	0	0	52.72	27.21	25.51	
NODE_14_length_182397_cov_29.6129	2	80186 	80111 	Asn	GTT	0	0	91.73	62.08	29.65	
NODE_14_length_182397_cov_29.6129	3	80101 	80025 	Pro	TGG	0	0	87.63	64.60	23.03	
NODE_14_length_182397_cov_29.6129	4	80014 	79939 	Lys	TTT	0	0	95.07	71.82	23.25	
NODE_19_length_113897_cov_28.0538	1	36000 	36075 	Val	TAC	0	0	94.49	73.68	20.81	
NODE_19_length_113897_cov_28.0538	2	36092 	36168 	Asp	GTC	0	0	94.67	75.49	19.18	
NODE_23_length_71381_cov_30.7691 	1	49035 	49109 	Gln	TTG	0	0	66.82	40.36	26.46	
NODE_23_length_71381_cov_30.7691 	2	67744 	67820 	Met	CAT	0	0	87.19	64.42	22.77	
NODE_25_length_65171_cov_33.0963 	1	872   	947   	Trp	CCA	0	0	86.73	63.05	23.68	
NODE_37_length_5512_cov_134.208  	1	1935  	2011  	Ile	GAT	0	0	98.83	72.69	26.14	
NODE_37_length_5512_cov_134.208  	2	2040  	2115  	Ala	TGC	0	0	90.68	71.56	19.12	
NODE_44_length_3678_cov_30.5658  	1	2810  	2894  	Tyr	GTA	0	0	71.07	41.76	29.31	
NODE_44_length_3678_cov_30.5658  	2	2921  	2994  	Gly	TCC	0	0	82.75	60.87	21.88	
NODE_44_length_3678_cov_30.5658  	3	3014  	3089  	Thr	GGT	0	0	93.76	67.73	26.03	
