Sequence                         		tRNA  	Bounds	tRNA	Anti	Intron Bounds	Cove	HMM	2'Str	      
Name                             	tRNA #	Begin 	End   	Type	Codon	Begin	End	Score	Score	Score	Note
--------                         	------	----- 	------	----	-----	-----	----	------	-----	-----	------
NODE_1_length_895127_cov_32.7492 	1	687238	687314	Arg	CCT	0	0	83.71	58.51	25.20	
NODE_1_length_895127_cov_32.7492 	2	821257	821332	Val	TAC	0	0	94.49	73.68	20.81	
NODE_1_length_895127_cov_32.7492 	3	821349	821425	Asp	GTC	0	0	94.67	75.49	19.18	
NODE_1_length_895127_cov_32.7492 	4	210675	210589	Leu	CAA	0	0	69.99	38.33	31.66	
NODE_2_length_801660_cov_36.8665 	1	684827	684918	SeC	TCA	0	0	55.75	-18.51	74.26	
NODE_2_length_801660_cov_36.8665 	2	738886	738971	Leu	GAG	0	0	68.53	39.16	29.37	
NODE_2_length_801660_cov_36.8665 	3	739062	739138	Met	CAT	0	0	85.85	60.06	25.79	
NODE_2_length_801660_cov_36.8665 	4	494648	494562	Leu	CAG	0	0	73.96	38.54	35.42	
NODE_2_length_801660_cov_36.8665 	5	494432	494346	Leu	CAG	0	0	73.96	38.54	35.42	
NODE_2_length_801660_cov_36.8665 	6	241158	241083	Phe	GAA	0	0	92.69	68.52	24.17	
NODE_2_length_801660_cov_36.8665 	7	229748	229673	Thr	TGT	0	0	93.66	75.64	18.02	
NODE_3_length_732205_cov_29.9307 	1	622020	622096	Met	CAT	0	0	85.06	58.55	26.51	
NODE_3_length_732205_cov_29.9307 	2	728245	728317	Leu	GAG	0	0	20.84	19.28	1.56	
NODE_3_length_732205_cov_29.9307 	3	638565	638475	Ser	GCT	0	0	76.69	47.10	29.59	
NODE_3_length_732205_cov_29.9307 	4	638357	638281	Arg	ACG	0	0	83.50	58.05	25.45	
NODE_3_length_732205_cov_29.9307 	5	638168	638092	Arg	ACG	0	0	83.50	58.05	25.45	
NODE_3_length_732205_cov_29.9307 	6	569425	569350	Lys	TTT	0	0	95.07	71.82	23.25	
NODE_3_length_732205_cov_29.9307 	7	466297	466212	Lys	TTT	0	0	22.00	12.28	9.72	
NODE_3_length_732205_cov_29.9307 	8	438745	438656	Ser	CGA	0	0	68.31	24.88	43.43	
NODE_4_length_586800_cov_28.4697 	1	463433	463522	Ser	GGA	0	0	71.75	34.38	37.37	
NODE_4_length_586800_cov_28.4697 	2	430935	430860	Glu	TTC	0	0	66.40	38.20	28.20	
NODE_4_length_586800_cov_28.4697 	3	430857	430782	Gly	GCC	0	0	93.74	68.41	25.33	
NODE_4_length_586800_cov_28.4697 	4	430697	430622	Gly	GCC	0	0	93.74	68.41	25.33	
NODE_4_length_586800_cov_28.4697 	5	290887	290811	Val	GAC	0	0	93.19	67.81	25.38	
NODE_4_length_586800_cov_28.4697 	6	256744	256668	Pro	GGG	0	0	74.89	48.01	26.88	
NODE_4_length_586800_cov_28.4697 	7	106178	106089	Ser	TGA	0	0	72.70	38.95	33.75	
NODE_4_length_586800_cov_28.4697 	8	50054 	49979 	Gly	GCC	0	0	93.74	68.41	25.33	
NODE_4_length_586800_cov_28.4697 	9	45432 	45359 	Cys	GCA	0	0	62.38	45.73	16.65	
NODE_5_length_442249_cov_29.9999 	1	53537 	53461 	Arg	TCT	0	0	96.39	77.88	18.51	
NODE_5_length_442249_cov_29.9999 	2	53409 	53334 	His	GTG	0	0	83.51	64.18	19.33	
NODE_5_length_442249_cov_29.9999 	3	53279 	53195 	Leu	TAG	0	0	76.62	44.97	31.65	
NODE_5_length_442249_cov_29.9999 	4	23379 	23304 	Gly	TCC	0	0	82.79	56.37	26.42	
NODE_6_length_414668_cov_33.3144 	1	298314	298387	Arg	ACG	0	0	52.72	27.21	25.51	
NODE_6_length_414668_cov_33.3144 	2	404057	404131	Gln	TTG	0	0	66.82	40.36	26.46	
NODE_6_length_414668_cov_33.3144 	3	407806	407882	Met	CAT	0	0	87.19	64.42	22.77	
NODE_6_length_414668_cov_33.3144 	4	254398	254323	Asn	GTT	0	0	91.73	62.08	29.65	
NODE_6_length_414668_cov_33.3144 	5	254313	254237	Pro	TGG	0	0	87.63	64.60	23.03	
NODE_6_length_414668_cov_33.3144 	6	254226	254151	Lys	TTT	0	0	95.07	71.82	23.25	
NODE_6_length_414668_cov_33.3144 	7	234907	234832	Thr	CGT	0	0	90.98	74.93	16.05	
NODE_7_length_371845_cov_37.4461 	1	294579	294503	Met	CAT	0	0	92.87	71.40	21.47	
NODE_9_length_267107_cov_30.2105 	1	94287 	94363 	Pro	CGG	0	0	88.20	60.26	27.94	
NODE_9_length_267107_cov_30.2105 	2	223094	223169	Asn	GTT	0	0	91.73	62.08	29.65	
NODE_9_length_267107_cov_30.2105 	3	214295	214220	Ala	GGC	0	0	86.95	68.86	18.09	
NODE_9_length_267107_cov_30.2105 	4	214171	214096	Glu	TTC	0	0	66.40	38.20	28.20	
NODE_9_length_267107_cov_30.2105 	5	214002	213927	Ala	GGC	0	0	86.95	68.86	18.09	
NODE_9_length_267107_cov_30.2105 	6	213880	213805	Glu	TTC	0	0	66.40	38.20	28.20	
NODE_9_length_267107_cov_30.2105 	7	174905	174830	Val	TAC	0	0	94.49	73.68	20.81	
NODE_9_length_267107_cov_30.2105 	8	174813	174737	Asp	GTC	0	0	94.67	75.49	19.18	
NODE_9_length_267107_cov_30.2105 	9	174622	174546	Asp	GTC	0	0	94.67	75.49	19.18	
NODE_15_length_138855_cov_28.2145	1	15656 	15742 	Leu	TAA	0	0	76.64	42.32	34.32	
NODE_18_length_106654_cov_32.2208	1	99599 	99672 	Gly	CCC	0	0	60.35	30.06	30.29	
NODE_19_length_94676_cov_26.8897 	1	92127 	92052 	His	GTG	0	0	83.51	64.18	19.33	
NODE_19_length_94676_cov_26.8897 	2	80761 	80685 	Asp	GTC	0	0	95.34	76.86	18.48	
NODE_24_length_65371_cov_38.3238 	1	1220  	1295  	Trp	CCA	0	0	86.73	63.05	23.68	
NODE_31_length_35816_cov_38.5615 	1	1188  	1112  	Arg	CCG	0	0	87.81	66.55	21.26	
NODE_38_length_5618_cov_149.78   	1	3582  	3506  	Ile	GAT	0	0	98.83	72.69	26.14	
NODE_38_length_5618_cov_149.78   	2	3477  	3402  	Ala	TGC	0	0	90.68	71.56	19.12	
NODE_45_length_3326_cov_35.0503  	1	2806  	2890  	Tyr	GTA	0	0	71.07	41.76	29.31	
NODE_45_length_3326_cov_35.0503  	2	2917  	2990  	Gly	TCC	0	0	82.75	60.87	21.88	
NODE_45_length_3326_cov_35.0503  	3	3010  	3085  	Thr	GGT	0	0	93.76	67.73	26.03	
