Sequence                         		tRNA  	Bounds	tRNA	Anti	Intron Bounds	Cove	HMM	2'Str	      
Name                             	tRNA #	Begin 	End   	Type	Codon	Begin	End	Score	Score	Score	Note
--------                         	------	----- 	------	----	-----	-----	----	------	-----	-----	------
NODE_1_length_895127_cov_31.6099 	1	687238	687314	Arg	CCT	0	0	83.71	58.51	25.20	
NODE_1_length_895127_cov_31.6099 	2	821257	821332	Val	TAC	0	0	94.49	73.68	20.81	
NODE_1_length_895127_cov_31.6099 	3	821349	821425	Asp	GTC	0	0	94.67	75.49	19.18	
NODE_1_length_895127_cov_31.6099 	4	210675	210589	Leu	CAA	0	0	69.99	38.33	31.66	
NODE_2_length_801660_cov_35.094  	1	684827	684918	SeC	TCA	0	0	55.75	-18.51	74.26	
NODE_2_length_801660_cov_35.094  	2	738886	738971	Leu	GAG	0	0	68.53	39.16	29.37	
NODE_2_length_801660_cov_35.094  	3	739062	739138	Met	CAT	0	0	85.85	60.06	25.79	
NODE_2_length_801660_cov_35.094  	4	494648	494562	Leu	CAG	0	0	73.96	38.54	35.42	
NODE_2_length_801660_cov_35.094  	5	494432	494346	Leu	CAG	0	0	73.96	38.54	35.42	
NODE_2_length_801660_cov_35.094  	6	241158	241083	Phe	GAA	0	0	92.69	68.52	24.17	
NODE_2_length_801660_cov_35.094  	7	229748	229673	Thr	TGT	0	0	93.66	75.64	18.02	
NODE_3_length_732319_cov_28.4864 	1	622134	622210	Met	CAT	0	0	85.06	58.55	26.51	
NODE_3_length_732319_cov_28.4864 	2	728359	728431	Leu	GAG	0	0	20.84	19.28	1.56	
NODE_3_length_732319_cov_28.4864 	3	638679	638589	Ser	GCT	0	0	76.69	47.10	29.59	
NODE_3_length_732319_cov_28.4864 	4	638471	638395	Arg	ACG	0	0	83.50	58.05	25.45	
NODE_3_length_732319_cov_28.4864 	5	638282	638206	Arg	ACG	0	0	83.50	58.05	25.45	
NODE_3_length_732319_cov_28.4864 	6	569539	569464	Lys	TTT	0	0	95.07	71.82	23.25	
NODE_3_length_732319_cov_28.4864 	7	466297	466212	Lys	TTT	0	0	22.00	12.28	9.72	
NODE_3_length_732319_cov_28.4864 	8	438745	438656	Ser	CGA	0	0	68.31	24.88	43.43	
NODE_4_length_586800_cov_27.2628 	1	463433	463522	Ser	GGA	0	0	71.75	34.38	37.37	
NODE_4_length_586800_cov_27.2628 	2	430935	430860	Glu	TTC	0	0	66.40	38.20	28.20	
NODE_4_length_586800_cov_27.2628 	3	430857	430782	Gly	GCC	0	0	93.74	68.41	25.33	
NODE_4_length_586800_cov_27.2628 	4	430697	430622	Gly	GCC	0	0	93.74	68.41	25.33	
NODE_4_length_586800_cov_27.2628 	5	290887	290811	Val	GAC	0	0	93.19	67.81	25.38	
NODE_4_length_586800_cov_27.2628 	6	256744	256668	Pro	GGG	0	0	74.89	48.01	26.88	
NODE_4_length_586800_cov_27.2628 	7	106178	106089	Ser	TGA	0	0	72.70	38.95	33.75	
NODE_4_length_586800_cov_27.2628 	8	50054 	49979 	Gly	GCC	0	0	93.74	68.41	25.33	
NODE_4_length_586800_cov_27.2628 	9	45432 	45359 	Cys	GCA	0	0	62.38	45.73	16.65	
NODE_5_length_390384_cov_26.0743 	1	388447	388523	Arg	TCT	0	0	96.39	77.88	18.51	
NODE_5_length_390384_cov_26.0743 	2	388575	388650	His	GTG	0	0	83.51	64.18	19.33	
NODE_5_length_390384_cov_26.0743 	3	388705	388789	Leu	TAG	0	0	76.62	44.97	31.65	
NODE_6_length_371845_cov_35.9894 	1	294579	294503	Met	CAT	0	0	92.87	71.40	21.47	
NODE_7_length_356931_cov_31.2042 	1	102351	102426	Asn	GTT	0	0	91.73	62.08	29.65	
NODE_7_length_356931_cov_31.2042 	2	102436	102512	Pro	TGG	0	0	87.63	64.60	23.03	
NODE_7_length_356931_cov_31.2042 	3	102523	102598	Lys	TTT	0	0	95.07	71.82	23.25	
NODE_7_length_356931_cov_31.2042 	4	121842	121917	Thr	CGT	0	0	90.98	74.93	16.05	
NODE_7_length_356931_cov_31.2042 	5	58435 	58362 	Arg	ACG	0	0	52.72	27.21	25.51	
NODE_9_length_267107_cov_28.4462 	1	94287 	94363 	Pro	CGG	0	0	88.20	60.26	27.94	
NODE_9_length_267107_cov_28.4462 	2	223094	223169	Asn	GTT	0	0	91.73	62.08	29.65	
NODE_9_length_267107_cov_28.4462 	3	214295	214220	Ala	GGC	0	0	86.95	68.86	18.09	
NODE_9_length_267107_cov_28.4462 	4	214171	214096	Glu	TTC	0	0	66.40	38.20	28.20	
NODE_9_length_267107_cov_28.4462 	5	214002	213927	Ala	GGC	0	0	86.95	68.86	18.09	
NODE_9_length_267107_cov_28.4462 	6	213880	213805	Glu	TTC	0	0	66.40	38.20	28.20	
NODE_9_length_267107_cov_28.4462 	7	174905	174830	Val	TAC	0	0	94.49	73.68	20.81	
NODE_9_length_267107_cov_28.4462 	8	174813	174737	Asp	GTC	0	0	94.67	75.49	19.18	
NODE_9_length_267107_cov_28.4462 	9	174622	174546	Asp	GTC	0	0	94.67	75.49	19.18	
NODE_13_length_170503_cov_30.6671	1	99599 	99672 	Gly	CCC	0	0	60.35	30.06	30.29	
NODE_16_length_138855_cov_27.2484	1	123200	123114	Leu	TAA	0	0	76.64	42.32	34.32	
NODE_18_length_127380_cov_26.2254	1	124831	124756	His	GTG	0	0	83.51	64.18	19.33	
NODE_18_length_127380_cov_26.2254	2	113465	113389	Asp	GTC	0	0	95.34	76.86	18.48	
NODE_22_length_71370_cov_32.6849 	1	22240 	22166 	Gln	TTG	0	0	66.82	40.36	26.46	
NODE_22_length_71370_cov_32.6849 	2	18491 	18415 	Met	CAT	0	0	87.19	64.42	22.77	
NODE_25_length_65371_cov_37.3386 	1	1220  	1295  	Trp	CCA	0	0	86.73	63.05	23.68	
NODE_27_length_51726_cov_49.2635 	1	28348 	28423 	Gly	TCC	0	0	82.79	56.37	26.42	
NODE_32_length_35816_cov_37.1795 	1	1188  	1112  	Arg	CCG	0	0	87.81	66.55	21.26	
NODE_40_length_5618_cov_140.168  	1	2037  	2113  	Ile	GAT	0	0	98.83	72.69	26.14	
NODE_40_length_5618_cov_140.168  	2	2142  	2217  	Ala	TGC	0	0	90.68	71.56	19.12	
NODE_45_length_3326_cov_34.1516  	1	2806  	2890  	Tyr	GTA	0	0	71.07	41.76	29.31	
NODE_45_length_3326_cov_34.1516  	2	2917  	2990  	Gly	TCC	0	0	82.75	60.87	21.88	
NODE_45_length_3326_cov_34.1516  	3	3010  	3085  	Thr	GGT	0	0	93.76	67.73	26.03	
