Sequence                         		tRNA  	Bounds	tRNA	Anti	Intron Bounds	Cove	HMM	2'Str	      
Name                             	tRNA #	Begin 	End   	Type	Codon	Begin	End	Score	Score	Score	Note
--------                         	------	----- 	------	----	-----	-----	----	------	-----	-----	------
NODE_1_length_651452_cov_68.3609 	1	80283 	80359 	Met	CAT	0	0	92.87	71.40	21.47	
NODE_1_length_651452_cov_68.3609 	2	94481 	94548 	Undet	NNN	0	0	23.91	17.16	6.75	
NODE_1_length_651452_cov_68.3609 	3	420240	420316	Arg	CCG	0	0	87.81	66.55	21.26	
NODE_3_length_413241_cov_63.0936 	1	51783 	51858 	Ala	GGC	0	0	86.95	68.86	18.09	
NODE_3_length_413241_cov_63.0936 	2	51907 	51982 	Glu	TTC	0	0	66.40	38.20	28.20	
NODE_3_length_413241_cov_63.0936 	3	52076 	52151 	Ala	GGC	0	0	86.95	68.86	18.09	
NODE_3_length_413241_cov_63.0936 	4	52198 	52273 	Glu	TTC	0	0	66.40	38.20	28.20	
NODE_3_length_413241_cov_63.0936 	5	91186 	91261 	Val	TAC	0	0	94.49	73.68	20.81	
NODE_3_length_413241_cov_63.0936 	6	91278 	91354 	Asp	GTC	0	0	94.67	75.49	19.18	
NODE_3_length_413241_cov_63.0936 	7	91469 	91545 	Asp	GTC	0	0	94.67	75.49	19.18	
NODE_3_length_413241_cov_63.0936 	8	390946	391021	Glu	TTC	0	0	66.40	38.20	28.20	
NODE_3_length_413241_cov_63.0936 	9	391024	391099	Gly	GCC	0	0	93.74	68.41	25.33	
NODE_3_length_413241_cov_63.0936 	10	358447	358358	Ser	GGA	0	0	71.75	34.38	37.37	
NODE_3_length_413241_cov_63.0936 	11	169654	169578	Pro	CGG	0	0	88.20	60.26	27.94	
NODE_3_length_413241_cov_63.0936 	12	42984 	42909 	Asn	GTT	0	0	91.73	62.08	29.65	
NODE_4_length_380775_cov_63.0383 	1	20906 	20820 	Leu	CAA	0	0	69.99	38.33	31.66	
NODE_5_length_368806_cov_64.4439 	1	65924 	65999 	Thr	CGT	0	0	90.98	74.93	16.05	
NODE_6_length_368513_cov_66.2021 	1	163499	163585	Leu	CAG	0	0	73.96	38.54	35.42	
NODE_6_length_368513_cov_66.2021 	2	163715	163801	Leu	CAG	0	0	73.96	38.54	35.42	
NODE_9_length_214206_cov_63.8445 	1	119264	119338	Arg	CCT	0	0	69.71	45.21	24.50	
NODE_12_length_210260_cov_61.9089	1	156622	156712	Ser	GCT	0	0	76.69	47.10	29.59	
NODE_12_length_210260_cov_61.9089	2	156830	156906	Arg	ACG	0	0	83.50	58.05	25.45	
NODE_12_length_210260_cov_61.9089	3	157018	157094	Arg	ACG	0	0	83.50	58.05	25.45	
NODE_12_length_210260_cov_61.9089	4	173154	173078	Met	CAT	0	0	85.06	58.55	26.51	
NODE_12_length_210260_cov_61.9089	5	67053 	66981 	Leu	GAG	0	0	20.84	19.28	1.56	
NODE_13_length_182578_cov_63.3978	1	82687 	82612 	Gly	GCC	0	0	93.74	68.41	25.33	
NODE_13_length_182578_cov_63.3978	2	35441 	35365 	Val	GAC	0	0	93.19	67.81	25.38	
NODE_13_length_182578_cov_63.3978	3	1596  	1520  	Pro	GGG	0	0	74.89	48.01	26.88	
NODE_14_length_177420_cov_63.1603	1	22258 	22347 	Ser	CGA	0	0	68.31	24.88	43.43	
NODE_15_length_166340_cov_63.0839	1	140556	140645	Ser	TGA	0	0	72.70	38.95	33.75	
NODE_15_length_166340_cov_63.0839	2	164936	165011	Gly	GCC	0	0	93.74	68.41	25.33	
NODE_16_length_144718_cov_67.9914	1	65040 	64965 	Phe	GAA	0	0	92.69	68.52	24.17	
NODE_16_length_144718_cov_67.9914	2	52478 	52404 	Undet	NNN	0	0	23.83	22.17	1.66	
NODE_16_length_144718_cov_67.9914	3	41074 	40999 	Thr	TGT	0	0	93.66	75.64	18.02	
NODE_17_length_138991_cov_61.6058	1	48639 	48715 	Arg	TCT	0	0	96.39	77.88	18.51	
NODE_17_length_138991_cov_61.6058	2	48767 	48842 	His	GTG	0	0	83.51	64.18	19.33	
NODE_17_length_138991_cov_61.6058	3	48897 	48981 	Leu	TAG	0	0	76.62	44.97	31.65	
NODE_17_length_138991_cov_61.6058	4	49048 	49123 	His	GTG	0	0	83.51	64.18	19.33	
NODE_17_length_138991_cov_61.6058	5	60401 	60477 	Asp	GTC	0	0	95.34	76.86	18.48	
NODE_18_length_132109_cov_63.665 	1	95411 	95484 	Gly	CCC	0	0	60.35	30.06	30.29	
NODE_20_length_118831_cov_62.8431	1	117301	117210	SeC	TCA	0	0	55.75	-18.51	74.26	
NODE_20_length_118831_cov_62.8431	2	62915 	62830 	Leu	GAG	0	0	68.53	39.16	29.37	
NODE_20_length_118831_cov_62.8431	3	62739 	62663 	Met	CAT	0	0	85.85	60.06	25.79	
NODE_22_length_117043_cov_65.8869	1	112556	112483	Cys	GCA	0	0	62.38	45.73	16.65	
NODE_22_length_117043_cov_65.8869	2	99931 	99845 	Leu	TAA	0	0	76.64	42.32	34.32	
NODE_23_length_103051_cov_64.6009	1	45017 	45090 	Arg	ACG	0	0	52.72	27.21	25.51	
NODE_23_length_103051_cov_64.6009	2	1109  	1034  	Asn	GTT	0	0	91.73	62.08	29.65	
NODE_23_length_103051_cov_64.6009	3	1024  	948   	Pro	TGG	0	0	87.63	64.60	23.03	
NODE_23_length_103051_cov_64.6009	4	937   	862   	Lys	TTT	0	0	95.07	71.82	23.25	
NODE_29_length_75963_cov_62.7148 	1	36054 	36129 	Val	TAC	0	0	94.49	73.68	20.81	
NODE_29_length_75963_cov_62.7148 	2	36146 	36222 	Asp	GTC	0	0	94.67	75.49	19.18	
NODE_30_length_71728_cov_62.145  	1	49487 	49561 	Gln	TTG	0	0	66.82	40.36	26.46	
NODE_30_length_71728_cov_62.145  	2	53235 	53311 	Met	CAT	0	0	87.19	64.42	22.77	
NODE_33_length_54915_cov_68.38   	1	53696 	53621 	Trp	CCA	0	0	86.73	63.05	23.68	
NODE_46_length_15853_cov_61.7232 	1	15729 	15804 	Lys	TTT	0	0	95.07	71.82	23.25	
NODE_53_length_5383_cov_266.27   	1	1894  	1970  	Ile	GAT	0	0	98.83	72.69	26.14	
NODE_53_length_5383_cov_266.27   	2	1999  	2074  	Ala	TGC	0	0	90.68	71.56	19.12	
NODE_64_length_3418_cov_62.3899  	1	521   	437   	Tyr	GTA	0	0	71.07	41.76	29.31	
NODE_64_length_3418_cov_62.3899  	2	410   	337   	Gly	TCC	0	0	82.75	60.87	21.88	
NODE_64_length_3418_cov_62.3899  	3	317   	242   	Thr	GGT	0	0	93.76	67.73	26.03	
