Sequence                         		tRNA  	Bounds	tRNA	Anti	Intron Bounds	Cove	HMM	2'Str	      
Name                             	tRNA #	Begin 	End   	Type	Codon	Begin	End	Score	Score	Score	Note
--------                         	------	----- 	------	----	-----	-----	----	------	-----	-----	------
NODE_1_length_823213_cov_68.1663 	1	660834	660925	SeC	TCA	0	0	55.75	-18.51	74.26	
NODE_1_length_823213_cov_68.1663 	2	715024	715109	Leu	GAG	0	0	68.53	39.16	29.37	
NODE_1_length_823213_cov_68.1663 	3	715200	715276	Met	CAT	0	0	85.85	60.06	25.79	
NODE_1_length_823213_cov_68.1663 	4	507162	507076	Leu	CAG	0	0	73.96	38.54	35.42	
NODE_1_length_823213_cov_68.1663 	5	506946	506860	Leu	CAG	0	0	73.96	38.54	35.42	
NODE_1_length_823213_cov_68.1663 	6	250223	250148	Phe	GAA	0	0	92.69	68.52	24.17	
NODE_1_length_823213_cov_68.1663 	7	238818	238743	Thr	TGT	0	0	93.66	75.64	18.02	
NODE_2_length_758117_cov_61.5188 	1	634103	634179	Arg	TCT	0	0	96.39	77.88	18.51	
NODE_2_length_758117_cov_61.5188 	2	634231	634306	His	GTG	0	0	83.51	64.18	19.33	
NODE_2_length_758117_cov_61.5188 	3	634361	634445	Leu	TAG	0	0	76.62	44.97	31.65	
NODE_2_length_758117_cov_61.5188 	4	634512	634587	His	GTG	0	0	83.51	64.18	19.33	
NODE_2_length_758117_cov_61.5188 	5	645871	645947	Asp	GTC	0	0	95.34	76.86	18.48	
NODE_3_length_674993_cov_61.6832 	1	310282	310371	Ser	GGA	0	0	71.75	34.38	37.37	
NODE_3_length_674993_cov_61.6832 	2	499059	499135	Pro	CGG	0	0	88.20	60.26	27.94	
NODE_3_length_674993_cov_61.6832 	3	627898	627973	Asn	GTT	0	0	91.73	62.08	29.65	
NODE_3_length_674993_cov_61.6832 	4	619099	619024	Ala	GGC	0	0	86.95	68.86	18.09	
NODE_3_length_674993_cov_61.6832 	5	618975	618900	Glu	TTC	0	0	66.40	38.20	28.20	
NODE_3_length_674993_cov_61.6832 	6	618806	618731	Ala	GGC	0	0	86.95	68.86	18.09	
NODE_3_length_674993_cov_61.6832 	7	618684	618609	Glu	TTC	0	0	66.40	38.20	28.20	
NODE_3_length_674993_cov_61.6832 	8	579687	579612	Val	TAC	0	0	94.49	73.68	20.81	
NODE_3_length_674993_cov_61.6832 	9	579595	579519	Asp	GTC	0	0	94.67	75.49	19.18	
NODE_3_length_674993_cov_61.6832 	10	579404	579328	Asp	GTC	0	0	94.67	75.49	19.18	
NODE_3_length_674993_cov_61.6832 	11	277786	277711	Glu	TTC	0	0	66.40	38.20	28.20	
NODE_3_length_674993_cov_61.6832 	12	277708	277633	Gly	GCC	0	0	93.74	68.41	25.33	
NODE_3_length_674993_cov_61.6832 	13	277548	277473	Gly	GCC	0	0	93.74	68.41	25.33	
NODE_3_length_674993_cov_61.6832 	14	231156	231080	Val	GAC	0	0	93.19	67.81	25.38	
NODE_3_length_674993_cov_61.6832 	15	197015	196939	Pro	GGG	0	0	74.89	48.01	26.88	
NODE_3_length_674993_cov_61.6832 	16	10902 	10813 	Ser	TGA	0	0	68.83	34.50	34.33	
NODE_4_length_557243_cov_68.51   	1	198621	198696	Asn	GTT	0	0	91.73	62.08	29.65	
NODE_4_length_557243_cov_68.51   	2	198706	198782	Pro	TGG	0	0	87.63	64.60	23.03	
NODE_4_length_557243_cov_68.51   	3	198793	198868	Lys	TTT	0	0	95.07	71.82	23.25	
NODE_4_length_557243_cov_68.51   	4	302202	302287	Lys	TTT	0	0	22.00	12.28	9.72	
NODE_4_length_557243_cov_68.51   	5	320133	320208	Thr	CGT	0	0	90.98	74.93	16.05	
NODE_4_length_557243_cov_68.51   	6	154705	154632	Arg	ACG	0	0	52.72	27.21	25.51	
NODE_4_length_557243_cov_68.51   	7	11118 	11044 	Gln	TTG	0	0	66.82	40.36	26.46	
NODE_4_length_557243_cov_68.51   	8	7369  	7293  	Met	CAT	0	0	87.19	64.42	22.77	
NODE_5_length_551180_cov_65.2651 	1	210861	210775	Leu	CAA	0	0	69.99	38.33	31.66	
NODE_6_length_547906_cov_71.6435 	1	513168	513092	Arg	CCG	0	0	90.57	71.58	18.99	
NODE_7_length_540867_cov_63.3626 	1	303128	303204	Met	CAT	0	0	85.06	58.55	26.51	
NODE_7_length_540867_cov_63.3626 	2	409339	409411	Leu	GAG	0	0	20.84	19.28	1.56	
NODE_7_length_540867_cov_63.3626 	3	520650	520723	Gly	CCC	0	0	60.35	30.06	30.29	
NODE_7_length_540867_cov_63.3626 	4	319674	319584	Ser	GCT	0	0	76.69	47.10	29.59	
NODE_7_length_540867_cov_63.3626 	5	319466	319390	Arg	ACG	0	0	83.50	58.05	25.45	
NODE_7_length_540867_cov_63.3626 	6	319278	319202	Arg	ACG	0	0	83.50	58.05	25.45	
NODE_7_length_540867_cov_63.3626 	7	250577	250502	Lys	TTT	0	0	95.07	71.82	23.25	
NODE_7_length_540867_cov_63.3626 	8	207250	207161	Ser	CGA	0	0	68.31	24.88	43.43	
NODE_8_length_380524_cov_67.3667 	1	298311	298235	Met	CAT	0	0	92.87	71.40	21.47	
NODE_9_length_340505_cov_61.6505 	1	276698	276623	Gly	GCC	0	0	93.74	68.41	25.33	
NODE_9_length_340505_cov_61.6505 	2	156885	156812	Cys	GCA	0	0	62.38	45.73	16.65	
NODE_10_length_209546_cov_64.3462	1	206580	206656	Arg	CCT	0	0	83.71	58.51	25.20	
NODE_11_length_205048_cov_63.7171	1	131175	131250	Val	TAC	0	0	94.49	73.68	20.81	
NODE_11_length_205048_cov_63.7171	2	131267	131343	Asp	GTC	0	0	94.67	75.49	19.18	
NODE_13_length_175145_cov_67.7521	1	25262 	25337 	Met	CAT	0	0	54.43	34.38	20.05	
NODE_19_length_65470_cov_69.5666 	1	64251 	64176 	Trp	CCA	0	0	86.73	63.05	23.68	
NODE_28_length_5353_cov_276.237  	1	1829  	1905  	Ile	GAT	0	0	98.83	72.69	26.14	
NODE_28_length_5353_cov_276.237  	2	1934  	2009  	Ala	TGC	0	0	90.68	71.56	19.12	
NODE_31_length_3382_cov_66.8065  	1	521   	437   	Tyr	GTA	0	0	71.07	41.76	29.31	
NODE_31_length_3382_cov_66.8065  	2	410   	337   	Gly	TCC	0	0	82.75	60.87	21.88	
NODE_31_length_3382_cov_66.8065  	3	317   	242   	Thr	GGT	0	0	93.76	67.73	26.03	
NODE_57_length_208_cov_34.2346   	1	41    	126   	Lys	TTT	0	0	22.00	12.28	9.72	
