Sequence                         		tRNA  	Bounds	tRNA	Anti	Intron Bounds	Cove	HMM	2'Str	      
Name                             	tRNA #	Begin 	End   	Type	Codon	Begin	End	Score	Score	Score	Note
--------                         	------	----- 	------	----	-----	-----	----	------	-----	-----	------
NODE_1_length_783271_cov_35.2921 	1	92356 	92280 	Arg	TCT	0	0	96.39	77.88	18.51	
NODE_1_length_783271_cov_35.2921 	2	92228 	92153 	His	GTG	0	0	83.51	64.18	19.33	
NODE_1_length_783271_cov_35.2921 	3	92098 	92014 	Leu	TAG	0	0	76.62	44.97	31.65	
NODE_1_length_783271_cov_35.2921 	4	91947 	91872 	His	GTG	0	0	83.51	64.18	19.33	
NODE_1_length_783271_cov_35.2921 	5	80594 	80518 	Asp	GTC	0	0	95.34	76.86	18.48	
NODE_2_length_494629_cov_47.8411 	1	36072 	36148 	Arg	CCG	0	0	25.81	24.84	0.97	
NODE_3_length_491219_cov_39.122  	1	195999	196074	Asn	GTT	0	0	91.73	62.08	29.65	
NODE_3_length_491219_cov_39.122  	2	196084	196160	Pro	TGG	0	0	87.63	64.60	23.03	
NODE_3_length_491219_cov_39.122  	3	196171	196246	Lys	TTT	0	0	95.07	71.82	23.25	
NODE_3_length_491219_cov_39.122  	4	215621	215696	Thr	CGT	0	0	90.98	74.93	16.05	
NODE_3_length_491219_cov_39.122  	5	152083	152010	Arg	ACG	0	0	52.72	27.21	25.51	
NODE_3_length_491219_cov_39.122  	6	45599 	45525 	Gln	TTG	0	0	66.82	40.36	26.46	
NODE_3_length_491219_cov_39.122  	7	18481 	18405 	Met	CAT	0	0	87.19	64.42	22.77	
NODE_4_length_457396_cov_42.1575 	1	340488	340579	SeC	TCA	0	0	55.75	-18.51	74.26	
NODE_4_length_457396_cov_42.1575 	2	394528	394613	Leu	GAG	0	0	68.53	39.16	29.37	
NODE_4_length_457396_cov_42.1575 	3	394704	394780	Met	CAT	0	0	85.85	60.06	25.79	
NODE_4_length_457396_cov_42.1575 	4	186984	186898	Leu	CAG	0	0	73.96	38.54	35.42	
NODE_4_length_457396_cov_42.1575 	5	186768	186682	Leu	CAG	0	0	73.96	38.54	35.42	
NODE_5_length_443041_cov_40.5425 	1	163778	163692	Leu	CAA	0	0	69.99	38.33	31.66	
NODE_6_length_425432_cov_38.5005 	1	222465	222541	Arg	CCT	0	0	83.71	58.51	25.20	
NODE_6_length_425432_cov_38.5005 	2	351659	351734	Val	TAC	0	0	94.49	73.68	20.81	
NODE_6_length_425432_cov_38.5005 	3	351751	351827	Asp	GTC	0	0	94.67	75.49	19.18	
NODE_7_length_402148_cov_43.8304 	1	312485	312409	Met	CAT	0	0	92.87	71.40	21.47	
NODE_8_length_350406_cov_44.5697 	1	296848	296773	Phe	GAA	0	0	92.69	68.52	24.17	
NODE_8_length_350406_cov_44.5697 	2	283431	283349	Undet	NNN	0	0	26.15	14.81	11.34	
NODE_8_length_350406_cov_44.5697 	3	272014	271939	Thr	TGT	0	0	93.66	75.64	18.02	
NODE_9_length_294831_cov_39.4421 	1	288448	288538	Ser	GCT	0	0	76.69	47.10	29.59	
NODE_9_length_294831_cov_39.4421 	2	288656	288732	Arg	ACG	0	0	83.50	58.05	25.45	
NODE_9_length_294831_cov_39.4421 	3	288844	288920	Arg	ACG	0	0	83.50	58.05	25.45	
NODE_9_length_294831_cov_39.4421 	4	198763	198691	Leu	GAG	0	0	20.84	19.28	1.56	
NODE_9_length_294831_cov_39.4421 	5	94958 	94885 	Gly	CCC	0	0	60.35	30.06	30.29	
NODE_10_length_294256_cov_36.9921	1	51558 	51634 	Pro	CGG	0	0	88.20	60.26	27.94	
NODE_10_length_294256_cov_36.9921	2	249701	249776	Asn	GTT	0	0	91.73	62.08	29.65	
NODE_10_length_294256_cov_36.9921	3	240902	240827	Ala	GGC	0	0	86.95	68.86	18.09	
NODE_10_length_294256_cov_36.9921	4	240778	240703	Glu	TTC	0	0	66.40	38.20	28.20	
NODE_10_length_294256_cov_36.9921	5	240609	240534	Ala	GGC	0	0	86.95	68.86	18.09	
NODE_10_length_294256_cov_36.9921	6	240487	240412	Glu	TTC	0	0	66.40	38.20	28.20	
NODE_10_length_294256_cov_36.9921	7	201500	201425	Val	TAC	0	0	94.49	73.68	20.81	
NODE_10_length_294256_cov_36.9921	8	201408	201332	Asp	GTC	0	0	94.67	75.49	19.18	
NODE_10_length_294256_cov_36.9921	9	201217	201141	Asp	GTC	0	0	94.67	75.49	19.18	
NODE_11_length_268317_cov_33.7829	1	142597	142686	Ser	TGA	0	0	72.70	38.95	33.75	
NODE_11_length_268317_cov_33.7829	2	198645	198720	Gly	GCC	0	0	93.74	68.41	25.33	
NODE_12_length_244286_cov_37.4019	1	233883	233959	Met	CAT	0	0	85.06	58.55	26.51	
NODE_12_length_244286_cov_37.4019	2	181327	181252	Lys	TTT	0	0	95.07	71.82	23.25	
NODE_12_length_244286_cov_37.4019	3	153812	153723	Ser	CGA	0	0	68.31	24.88	43.43	
NODE_13_length_233086_cov_35.6255	1	169945	170020	Glu	TTC	0	0	66.40	38.20	28.20	
NODE_13_length_233086_cov_35.6255	2	170023	170098	Gly	GCC	0	0	93.74	68.41	25.33	
NODE_13_length_233086_cov_35.6255	3	170183	170258	Gly	GCC	0	0	93.74	68.41	25.33	
NODE_13_length_233086_cov_35.6255	4	216581	216657	Val	GAC	0	0	93.19	67.81	25.38	
NODE_13_length_233086_cov_35.6255	5	137440	137351	Ser	GGA	0	0	71.75	34.38	37.37	
NODE_14_length_231567_cov_35.0409	1	18234 	18307 	Cys	GCA	0	0	62.38	45.73	16.65	
NODE_21_length_65518_cov_45.1797 	1	1220  	1295  	Trp	CCA	0	0	86.73	63.05	23.68	
NODE_26_length_39691_cov_42.2313 	1	4967  	4891  	Arg	CCG	0	0	87.89	66.77	21.12	
NODE_28_length_28892_cov_35.8286 	1	11013 	10937 	Pro	GGG	0	0	74.89	48.01	26.88	
NODE_32_length_5424_cov_187.588  	1	1935  	2011  	Ile	GAT	0	0	98.83	72.69	26.14	
NODE_32_length_5424_cov_187.588  	2	2040  	2115  	Ala	TGC	0	0	90.68	71.56	19.12	
NODE_35_length_3418_cov_44.5011  	1	2898  	2982  	Tyr	GTA	0	0	71.07	41.76	29.31	
NODE_35_length_3418_cov_44.5011  	2	3009  	3082  	Gly	TCC	0	0	82.75	60.87	21.88	
NODE_35_length_3418_cov_44.5011  	3	3102  	3177  	Thr	GGT	0	0	93.76	67.73	26.03	
