Sequence                         		tRNA  	Bounds	tRNA	Anti	Intron Bounds	Cove	HMM	2'Str	      
Name                             	tRNA #	Begin 	End   	Type	Codon	Begin	End	Score	Score	Score	Note
--------                         	------	----- 	------	----	-----	-----	----	------	-----	-----	------
NODE_1_length_783950_cov_58.7687 	1	420452	420366	Leu	CAA	0	0	69.99	38.33	31.66	
NODE_2_length_458586_cov_49.9103 	1	51399 	51474 	Ala	GGC	0	0	86.95	68.86	18.09	
NODE_2_length_458586_cov_49.9103 	2	51523 	51598 	Glu	TTC	0	0	66.40	38.20	28.20	
NODE_2_length_458586_cov_49.9103 	3	51692 	51767 	Ala	GGC	0	0	86.95	68.86	18.09	
NODE_2_length_458586_cov_49.9103 	4	51814 	51889 	Glu	TTC	0	0	66.40	38.20	28.20	
NODE_2_length_458586_cov_49.9103 	5	90791 	90866 	Val	TAC	0	0	94.49	73.68	20.81	
NODE_2_length_458586_cov_49.9103 	6	90883 	90959 	Asp	GTC	0	0	94.67	75.49	19.18	
NODE_2_length_458586_cov_49.9103 	7	91074 	91150 	Asp	GTC	0	0	94.67	75.49	19.18	
NODE_2_length_458586_cov_49.9103 	8	393771	393846	Glu	TTC	0	0	66.40	38.20	28.20	
NODE_2_length_458586_cov_49.9103 	9	393849	393924	Gly	GCC	0	0	93.74	68.41	25.33	
NODE_2_length_458586_cov_49.9103 	10	361276	361187	Ser	GGA	0	0	71.75	34.38	37.37	
NODE_2_length_458586_cov_49.9103 	11	172483	172407	Pro	CGG	0	0	88.20	60.26	27.94	
NODE_2_length_458586_cov_49.9103 	12	42600 	42525 	Asn	GTT	0	0	91.73	62.08	29.65	
NODE_3_length_457882_cov_61.011  	1	341612	341703	SeC	TCA	0	0	55.75	-18.51	74.26	
NODE_3_length_457882_cov_61.011  	2	395663	395748	Leu	GAG	0	0	68.53	39.16	29.37	
NODE_3_length_457882_cov_61.011  	3	395839	395915	Met	CAT	0	0	85.85	60.06	25.79	
NODE_3_length_457882_cov_61.011  	4	185331	185245	Leu	CAG	0	0	73.96	38.54	35.42	
NODE_3_length_457882_cov_61.011  	5	185115	185029	Leu	CAG	0	0	73.96	38.54	35.42	
NODE_4_length_340728_cov_51.3262 	1	216330	216420	Ser	GCT	0	0	76.69	47.10	29.59	
NODE_4_length_340728_cov_51.3262 	2	216538	216614	Arg	ACG	0	0	83.50	58.05	25.45	
NODE_4_length_340728_cov_51.3262 	3	216726	216802	Arg	ACG	0	0	83.50	58.05	25.45	
NODE_4_length_340728_cov_51.3262 	4	285489	285564	Lys	TTT	0	0	95.07	71.82	23.25	
NODE_4_length_340728_cov_51.3262 	5	232912	232836	Met	CAT	0	0	85.06	58.55	26.51	
NODE_4_length_340728_cov_51.3262 	6	126648	126576	Leu	GAG	0	0	20.84	19.28	1.56	
NODE_4_length_340728_cov_51.3262 	7	23222 	23149 	Gly	CCC	0	0	60.35	30.06	30.29	
NODE_5_length_327868_cov_45.362  	1	183367	183291	Arg	TCT	0	0	96.39	77.88	18.51	
NODE_5_length_327868_cov_45.362  	2	183239	183164	His	GTG	0	0	83.51	64.18	19.33	
NODE_5_length_327868_cov_45.362  	3	183109	183025	Leu	TAG	0	0	76.62	44.97	31.65	
NODE_5_length_327868_cov_45.362  	4	152178	152103	Thr	TGT	0	0	74.27	61.42	12.85	
NODE_5_length_327868_cov_45.362  	5	123544	123469	His	GTG	0	0	83.51	64.18	19.33	
NODE_5_length_327868_cov_45.362  	6	112191	112115	Asp	GTC	0	0	95.34	76.86	18.48	
NODE_6_length_323572_cov_45.4567 	1	153999	154088	Ser	TGA	0	0	72.70	38.95	33.75	
NODE_6_length_323572_cov_45.4567 	2	178379	178454	Gly	GCC	0	0	93.74	68.41	25.33	
NODE_6_length_323572_cov_45.4567 	3	184772	184845	Cys	GCA	0	0	62.38	45.73	16.65	
NODE_6_length_323572_cov_45.4567 	4	197397	197483	Leu	TAA	0	0	76.64	42.32	34.32	
NODE_7_length_277853_cov_55.0968 	1	2428  	2503  	Thr	CGT	0	0	90.98	74.93	16.05	
NODE_11_length_222771_cov_63.172 	1	83219 	83295 	Met	CAT	0	0	92.87	71.40	21.47	
NODE_15_length_187926_cov_49.5728	1	154211	154122	Ser	CGA	0	0	68.31	24.88	43.43	
NODE_16_length_180168_cov_57.1251	1	59973 	60046 	Arg	ACG	0	0	52.72	27.21	25.51	
NODE_16_length_180168_cov_57.1251	2	166150	166224	Gln	TTG	0	0	66.82	40.36	26.46	
NODE_16_length_180168_cov_57.1251	3	16058 	15983 	Asn	GTT	0	0	91.73	62.08	29.65	
NODE_16_length_180168_cov_57.1251	4	15973 	15897 	Pro	TGG	0	0	87.63	64.60	23.03	
NODE_16_length_180168_cov_57.1251	5	15886 	15811 	Lys	TTT	0	0	95.07	71.82	23.25	
NODE_18_length_136180_cov_53.2761	1	100221	100146	Val	TAC	0	0	94.49	73.68	20.81	
NODE_18_length_136180_cov_53.2761	2	100129	100053	Asp	GTC	0	0	94.67	75.49	19.18	
NODE_20_length_124579_cov_47.9004	1	75798 	75874 	Val	GAC	0	0	93.19	67.81	25.38	
NODE_21_length_120065_cov_54.5539	1	919   	843   	Arg	CCT	0	0	83.71	58.51	25.20	
NODE_29_length_76775_cov_63.0929 	1	4899  	4824  	Phe	GAA	0	0	92.69	68.52	24.17	
NODE_30_length_58135_cov_63.7679 	1	22216 	22291 	Thr	TGT	0	0	93.66	75.64	18.02	
NODE_33_length_36260_cov_66.0349 	1	34644 	34720 	Arg	CCG	0	0	87.81	66.55	21.26	
NODE_34_length_35529_cov_58.4351 	1	22176 	22100 	Met	CAT	0	0	87.19	64.42	22.77	
NODE_35_length_34504_cov_46.6595 	1	19616 	19692 	Pro	GGG	0	0	74.89	48.01	26.88	
NODE_38_length_31934_cov_67.783  	1	30715 	30640 	Trp	CCA	0	0	86.73	63.05	23.68	
NODE_49_length_5530_cov_257.985  	1	1954  	2030  	Ile	GAT	0	0	98.83	72.69	26.14	
NODE_49_length_5530_cov_257.985  	2	2059  	2134  	Ala	TGC	0	0	90.68	71.56	19.12	
NODE_52_length_3329_cov_63.5281  	1	521   	437   	Tyr	GTA	0	0	71.07	41.76	29.31	
NODE_52_length_3329_cov_63.5281  	2	410   	337   	Gly	TCC	0	0	82.75	60.87	21.88	
NODE_52_length_3329_cov_63.5281  	3	317   	242   	Thr	GGT	0	0	93.76	67.73	26.03	
