Sequence                         		tRNA  	Bounds	tRNA	Anti	Intron Bounds	Cove	HMM	2'Str	      
Name                             	tRNA #	Begin 	End   	Type	Codon	Begin	End	Score	Score	Score	Note
--------                         	------	----- 	------	----	-----	-----	----	------	-----	-----	------
NODE_1_length_990745_cov_45.7242 	1	377401	377491	Ser	GCT	0	0	76.69	47.10	29.59	
NODE_1_length_990745_cov_45.7242 	2	377609	377685	Arg	ACG	0	0	83.50	58.05	25.45	
NODE_1_length_990745_cov_45.7242 	3	377797	377873	Arg	ACG	0	0	83.50	58.05	25.45	
NODE_1_length_990745_cov_45.7242 	4	446388	446463	Lys	TTT	0	0	95.07	71.82	23.25	
NODE_1_length_990745_cov_45.7242 	5	473930	474019	Ser	CGA	0	0	68.31	24.88	43.43	
NODE_1_length_990745_cov_45.7242 	6	393946	393870	Met	CAT	0	0	85.06	58.55	26.51	
NODE_1_length_990745_cov_45.7242 	7	287736	287664	Leu	GAG	0	0	20.84	19.28	1.56	
NODE_1_length_990745_cov_45.7242 	8	183808	183735	Gly	CCC	0	0	60.35	30.06	30.29	
NODE_2_length_885703_cov_44.1121 	1	53278 	53353 	Ala	GGC	0	0	86.95	68.86	18.09	
NODE_2_length_885703_cov_44.1121 	2	53402 	53477 	Glu	TTC	0	0	66.40	38.20	28.20	
NODE_2_length_885703_cov_44.1121 	3	53571 	53646 	Ala	GGC	0	0	86.95	68.86	18.09	
NODE_2_length_885703_cov_44.1121 	4	53693 	53768 	Glu	TTC	0	0	66.40	38.20	28.20	
NODE_2_length_885703_cov_44.1121 	5	92675 	92750 	Val	TAC	0	0	94.49	73.68	20.81	
NODE_2_length_885703_cov_44.1121 	6	92767 	92843 	Asp	GTC	0	0	94.67	75.49	19.18	
NODE_2_length_885703_cov_44.1121 	7	92958 	93034 	Asp	GTC	0	0	94.67	75.49	19.18	
NODE_2_length_885703_cov_44.1121 	8	441525	441600	Glu	TTC	0	0	66.40	38.20	28.20	
NODE_2_length_885703_cov_44.1121 	9	441603	441678	Gly	GCC	0	0	93.74	68.41	25.33	
NODE_2_length_885703_cov_44.1121 	10	488857	488933	Val	GAC	0	0	93.19	67.81	25.38	
NODE_2_length_885703_cov_44.1121 	11	523000	523076	Pro	GGG	0	0	74.89	48.01	26.88	
NODE_2_length_885703_cov_44.1121 	12	718703	718792	Ser	TGA	0	0	72.70	38.95	33.75	
NODE_2_length_885703_cov_44.1121 	13	743080	743155	Gly	GCC	0	0	93.74	68.41	25.33	
NODE_2_length_885703_cov_44.1121 	14	747702	747775	Cys	GCA	0	0	62.38	45.73	16.65	
NODE_2_length_885703_cov_44.1121 	15	760326	760412	Leu	TAA	0	0	76.64	42.32	34.32	
NODE_2_length_885703_cov_44.1121 	16	409028	408939	Ser	GGA	0	0	71.75	34.38	37.37	
NODE_2_length_885703_cov_44.1121 	17	220286	220210	Pro	CGG	0	0	88.20	60.26	27.94	
NODE_2_length_885703_cov_44.1121 	18	44479 	44404 	Asn	GTT	0	0	91.73	62.08	29.65	
NODE_3_length_803688_cov_45.7823 	1	526407	526493	Leu	CAA	0	0	69.99	38.33	31.66	
NODE_3_length_803688_cov_45.7823 	2	2017  	1941  	Arg	CCT	0	0	83.71	58.51	25.20	
NODE_4_length_781607_cov_47.1951 	1	664832	664923	SeC	TCA	0	0	55.75	-18.51	74.26	
NODE_4_length_781607_cov_47.1951 	2	718773	718858	Leu	GAG	0	0	68.53	39.16	29.37	
NODE_4_length_781607_cov_47.1951 	3	718949	719025	Met	CAT	0	0	85.85	60.06	25.79	
NODE_4_length_781607_cov_47.1951 	4	511159	511073	Leu	CAG	0	0	73.96	38.54	35.42	
NODE_4_length_781607_cov_47.1951 	5	510943	510857	Leu	CAG	0	0	73.96	38.54	35.42	
NODE_4_length_781607_cov_47.1951 	6	253770	253695	Phe	GAA	0	0	92.69	68.52	24.17	
NODE_4_length_781607_cov_47.1951 	7	241144	241070	Undet	NNN	0	0	23.83	22.17	1.66	
NODE_4_length_781607_cov_47.1951 	8	229735	229660	Thr	TGT	0	0	93.66	75.64	18.02	
NODE_5_length_615445_cov_43.2365 	1	435767	435843	Arg	TCT	0	0	96.39	77.88	18.51	
NODE_5_length_615445_cov_43.2365 	2	435895	435970	His	GTG	0	0	83.51	64.18	19.33	
NODE_5_length_615445_cov_43.2365 	3	436025	436109	Leu	TAG	0	0	76.62	44.97	31.65	
NODE_5_length_615445_cov_43.2365 	4	463014	463089	Met	CAT	0	0	60.05	34.98	25.07	
NODE_5_length_615445_cov_43.2365 	5	463391	463466	Gly	TCC	0	0	81.23	54.80	26.43	
NODE_5_length_615445_cov_43.2365 	6	463479	463553	Asn	GTT	0	0	76.95	53.18	23.77	
NODE_5_length_615445_cov_43.2365 	7	463558	463633	Thr	TGT	0	0	74.27	61.42	12.85	
NODE_5_length_615445_cov_43.2365 	8	490573	490648	His	GTG	0	0	83.51	64.18	19.33	
NODE_5_length_615445_cov_43.2365 	9	501939	502015	Asp	GTC	0	0	95.34	76.86	18.48	
NODE_6_length_374111_cov_46.6279 	1	293646	293570	Met	CAT	0	0	92.87	71.40	21.47	
NODE_10_length_209091_cov_44.7579	1	174094	174019	Thr	CGT	0	0	90.98	74.93	16.05	
NODE_11_length_205119_cov_44.2722	1	131260	131335	Val	TAC	0	0	94.49	73.68	20.81	
NODE_11_length_205119_cov_44.2722	2	131352	131428	Asp	GTC	0	0	94.67	75.49	19.18	
NODE_12_length_182839_cov_45.7865	1	54373 	54446 	Arg	ACG	0	0	52.72	27.21	25.51	
NODE_12_length_182839_cov_45.7865	2	160599	160673	Gln	TTG	0	0	66.82	40.36	26.46	
NODE_12_length_182839_cov_45.7865	3	164349	164425	Met	CAT	0	0	87.19	64.42	22.77	
NODE_12_length_182839_cov_45.7865	4	10457 	10382 	Asn	GTT	0	0	91.73	62.08	29.65	
NODE_12_length_182839_cov_45.7865	5	10372 	10296 	Pro	TGG	0	0	87.63	64.60	23.03	
NODE_12_length_182839_cov_45.7865	6	10285 	10210 	Lys	TTT	0	0	95.07	71.82	23.25	
NODE_17_length_81531_cov_46.916  	1	1220  	1295  	Trp	CCA	0	0	86.73	63.05	23.68	
NODE_18_length_77704_cov_48.9103 	1	42970 	42894 	Arg	CCG	0	0	90.57	71.58	18.99	
NODE_29_length_5551_cov_196.101  	1	3581  	3505  	Ile	GAT	0	0	98.83	72.69	26.14	
NODE_29_length_5551_cov_196.101  	2	3476  	3401  	Ala	TGC	0	0	90.68	71.56	19.12	
NODE_31_length_3327_cov_44.9787  	1	2807  	2891  	Tyr	GTA	0	0	71.07	41.76	29.31	
NODE_31_length_3327_cov_44.9787  	2	2918  	2991  	Gly	TCC	0	0	82.75	60.87	21.88	
NODE_31_length_3327_cov_44.9787  	3	3011  	3086  	Thr	GGT	0	0	93.76	67.73	26.03	
