Sequence                         		tRNA  	Bounds	tRNA	Anti	Intron Bounds	Cove	HMM	2'Str	      
Name                             	tRNA #	Begin 	End   	Type	Codon	Begin	End	Score	Score	Score	Note
--------                         	------	----- 	------	----	-----	-----	----	------	-----	-----	------
NODE_1_length_783305_cov_34.7497 	1	92356 	92280 	Arg	TCT	0	0	96.39	77.88	18.51	
NODE_1_length_783305_cov_34.7497 	2	92228 	92153 	His	GTG	0	0	83.51	64.18	19.33	
NODE_1_length_783305_cov_34.7497 	3	92098 	92014 	Leu	TAG	0	0	76.62	44.97	31.65	
NODE_1_length_783305_cov_34.7497 	4	91947 	91872 	His	GTG	0	0	83.51	64.18	19.33	
NODE_1_length_783305_cov_34.7497 	5	80594 	80518 	Asp	GTC	0	0	95.34	76.86	18.48	
NODE_2_length_706810_cov_38.0184 	1	503843	503919	Arg	CCT	0	0	83.71	58.51	25.20	
NODE_2_length_706810_cov_38.0184 	2	633037	633112	Val	TAC	0	0	94.49	73.68	20.81	
NODE_2_length_706810_cov_38.0184 	3	633129	633205	Asp	GTC	0	0	94.67	75.49	19.18	
NODE_2_length_706810_cov_38.0184 	4	1788  	1702  	Leu	CAA	0	0	69.99	38.33	31.66	
NODE_3_length_478134_cov_45.0767 	1	19577 	19653 	Arg	CCG	0	0	25.81	24.84	0.97	
NODE_4_length_457633_cov_40.1896 	1	340488	340579	SeC	TCA	0	0	55.75	-18.51	74.26	
NODE_4_length_457633_cov_40.1896 	2	394528	394613	Leu	GAG	0	0	68.53	39.16	29.37	
NODE_4_length_457633_cov_40.1896 	3	394704	394780	Met	CAT	0	0	85.85	60.06	25.79	
NODE_4_length_457633_cov_40.1896 	4	186984	186898	Leu	CAG	0	0	73.96	38.54	35.42	
NODE_4_length_457633_cov_40.1896 	5	186768	186682	Leu	CAG	0	0	73.96	38.54	35.42	
NODE_5_length_446041_cov_37.6335 	1	195999	196074	Asn	GTT	0	0	91.73	62.08	29.65	
NODE_5_length_446041_cov_37.6335 	2	196084	196160	Pro	TGG	0	0	87.63	64.60	23.03	
NODE_5_length_446041_cov_37.6335 	3	196171	196246	Lys	TTT	0	0	95.07	71.82	23.25	
NODE_5_length_446041_cov_37.6335 	4	215621	215696	Thr	CGT	0	0	90.98	74.93	16.05	
NODE_5_length_446041_cov_37.6335 	5	152083	152010	Arg	ACG	0	0	52.72	27.21	25.51	
NODE_5_length_446041_cov_37.6335 	6	45599 	45525 	Gln	TTG	0	0	66.82	40.36	26.46	
NODE_5_length_446041_cov_37.6335 	7	18481 	18405 	Met	CAT	0	0	87.19	64.42	22.77	
NODE_6_length_268956_cov_33.7719 	1	142597	142686	Ser	TGA	0	0	72.70	38.95	33.75	
NODE_6_length_268956_cov_33.7719 	2	198645	198720	Gly	GCC	0	0	93.74	68.41	25.33	
NODE_7_length_244286_cov_36.1134 	1	233883	233959	Met	CAT	0	0	85.06	58.55	26.51	
NODE_7_length_244286_cov_36.1134 	2	181327	181252	Lys	TTT	0	0	95.07	71.82	23.25	
NODE_7_length_244286_cov_36.1134 	3	153812	153723	Ser	CGA	0	0	68.31	24.88	43.43	
NODE_8_length_235032_cov_37.7693 	1	96069 	96141 	Leu	GAG	0	0	20.84	19.28	1.56	
NODE_8_length_235032_cov_37.7693 	2	199874	199947	Gly	CCC	0	0	60.35	30.06	30.29	
NODE_8_length_235032_cov_37.7693 	3	6384  	6294  	Ser	GCT	0	0	76.69	47.10	29.59	
NODE_8_length_235032_cov_37.7693 	4	6176  	6100  	Arg	ACG	0	0	83.50	58.05	25.45	
NODE_8_length_235032_cov_37.7693 	5	5988  	5912  	Arg	ACG	0	0	83.50	58.05	25.45	
NODE_9_length_233085_cov_35.3658 	1	169945	170020	Glu	TTC	0	0	66.40	38.20	28.20	
NODE_9_length_233085_cov_35.3658 	2	170023	170098	Gly	GCC	0	0	93.74	68.41	25.33	
NODE_9_length_233085_cov_35.3658 	3	170183	170258	Gly	GCC	0	0	93.74	68.41	25.33	
NODE_9_length_233085_cov_35.3658 	4	216581	216657	Val	GAC	0	0	93.19	67.81	25.38	
NODE_9_length_233085_cov_35.3658 	5	137440	137351	Ser	GGA	0	0	71.75	34.38	37.37	
NODE_10_length_231567_cov_35.1047	1	18234 	18307 	Cys	GCA	0	0	62.38	45.73	16.65	
NODE_13_length_204987_cov_37.387 	1	160432	160507	Asn	GTT	0	0	91.73	62.08	29.65	
NODE_13_length_204987_cov_37.387 	2	151633	151558	Ala	GGC	0	0	86.95	68.86	18.09	
NODE_13_length_204987_cov_37.387 	3	151509	151434	Glu	TTC	0	0	66.40	38.20	28.20	
NODE_13_length_204987_cov_37.387 	4	151340	151265	Ala	GGC	0	0	86.95	68.86	18.09	
NODE_13_length_204987_cov_37.387 	5	151218	151143	Glu	TTC	0	0	66.40	38.20	28.20	
NODE_13_length_204987_cov_37.387 	6	112231	112156	Val	TAC	0	0	94.49	73.68	20.81	
NODE_13_length_204987_cov_37.387 	7	112139	112063	Asp	GTC	0	0	94.67	75.49	19.18	
NODE_13_length_204987_cov_37.387 	8	111948	111872	Asp	GTC	0	0	94.67	75.49	19.18	
NODE_15_length_191616_cov_42.4645	1	101716	101640	Met	CAT	0	0	92.87	71.40	21.47	
NODE_16_length_162694_cov_41.6698	1	159315	159233	Undet	NNN	0	0	26.15	14.81	11.34	
NODE_16_length_162694_cov_41.6698	2	147898	147823	Thr	TGT	0	0	93.66	75.64	18.02	
NODE_23_length_65419_cov_42.6362 	1	64200 	64125 	Trp	CCA	0	0	86.73	63.05	23.68	
NODE_24_length_65057_cov_35.3689 	1	13500 	13424 	Pro	CGG	0	0	88.20	60.26	27.94	
NODE_25_length_63854_cov_41.2722 	1	10296 	10221 	Phe	GAA	0	0	92.69	68.52	24.17	
NODE_32_length_39691_cov_43.1436 	1	4967  	4891  	Arg	CCG	0	0	87.89	66.77	21.12	
NODE_34_length_36802_cov_36.6085 	1	17880 	17956 	Pro	GGG	0	0	74.89	48.01	26.88	
NODE_45_length_5187_cov_177.773  	1	1698  	1774  	Ile	GAT	0	0	98.83	72.69	26.14	
NODE_45_length_5187_cov_177.773  	2	1803  	1878  	Ala	TGC	0	0	90.68	71.56	19.12	
NODE_48_length_3418_cov_40.8791  	1	521   	437   	Tyr	GTA	0	0	71.07	41.76	29.31	
NODE_48_length_3418_cov_40.8791  	2	410   	337   	Gly	TCC	0	0	82.75	60.87	21.88	
NODE_48_length_3418_cov_40.8791  	3	317   	242   	Thr	GGT	0	0	93.76	67.73	26.03	
