Sequence                         		tRNA  	Bounds	tRNA	Anti	Intron Bounds	Cove	HMM	2'Str	      
Name                             	tRNA #	Begin 	End   	Type	Codon	Begin	End	Score	Score	Score	Note
--------                         	------	----- 	------	----	-----	-----	----	------	-----	-----	------
NODE_1_length_578673_cov_35.5912 	1	215175	215089	Leu	CAA	0	0	69.99	38.33	31.66	
NODE_2_length_526503_cov_33.4184 	1	165229	165318	Ser	GGA	0	0	71.75	34.38	37.37	
NODE_2_length_526503_cov_33.4184 	2	354022	354098	Pro	CGG	0	0	88.20	60.26	27.94	
NODE_2_length_526503_cov_33.4184 	3	483904	483979	Asn	GTT	0	0	91.73	62.08	29.65	
NODE_2_length_526503_cov_33.4184 	4	475105	475030	Ala	GGC	0	0	86.95	68.86	18.09	
NODE_2_length_526503_cov_33.4184 	5	474981	474906	Glu	TTC	0	0	66.40	38.20	28.20	
NODE_2_length_526503_cov_33.4184 	6	474812	474737	Ala	GGC	0	0	86.95	68.86	18.09	
NODE_2_length_526503_cov_33.4184 	7	474690	474615	Glu	TTC	0	0	66.40	38.20	28.20	
NODE_2_length_526503_cov_33.4184 	8	435713	435638	Val	TAC	0	0	94.49	73.68	20.81	
NODE_2_length_526503_cov_33.4184 	9	435621	435545	Asp	GTC	0	0	94.67	75.49	19.18	
NODE_2_length_526503_cov_33.4184 	10	435430	435354	Asp	GTC	0	0	94.67	75.49	19.18	
NODE_2_length_526503_cov_33.4184 	11	132734	132659	Glu	TTC	0	0	66.40	38.20	28.20	
NODE_2_length_526503_cov_33.4184 	12	132656	132581	Gly	GCC	0	0	93.74	68.41	25.33	
NODE_2_length_526503_cov_33.4184 	13	132496	132421	Gly	GCC	0	0	93.74	68.41	25.33	
NODE_2_length_526503_cov_33.4184 	14	45098 	45022 	Val	GAC	0	0	93.19	67.81	25.38	
NODE_3_length_458007_cov_37.0141 	1	341612	341703	SeC	TCA	0	0	55.75	-18.51	74.26	
NODE_3_length_458007_cov_37.0141 	2	395663	395748	Leu	GAG	0	0	68.53	39.16	29.37	
NODE_3_length_458007_cov_37.0141 	3	395839	395915	Met	CAT	0	0	85.85	60.06	25.79	
NODE_3_length_458007_cov_37.0141 	4	185331	185245	Leu	CAG	0	0	73.96	38.54	35.42	
NODE_3_length_458007_cov_37.0141 	5	185115	185029	Leu	CAG	0	0	73.96	38.54	35.42	
NODE_4_length_410675_cov_34.2726 	1	59698 	59774 	Met	CAT	0	0	85.06	58.55	26.51	
NODE_4_length_410675_cov_34.2726 	2	165962	166034	Leu	GAG	0	0	20.84	19.28	1.56	
NODE_4_length_410675_cov_34.2726 	3	269388	269461	Gly	CCC	0	0	54.49	29.93	24.56	
NODE_4_length_410675_cov_34.2726 	4	76280 	76190 	Ser	GCT	0	0	76.69	47.10	29.59	
NODE_4_length_410675_cov_34.2726 	5	76072 	75996 	Arg	ACG	0	0	83.50	58.05	25.45	
NODE_4_length_410675_cov_34.2726 	6	75884 	75808 	Arg	ACG	0	0	83.50	58.05	25.45	
NODE_4_length_410675_cov_34.2726 	7	7103  	7028  	Lys	TTT	0	0	95.07	71.82	23.25	
NODE_6_length_300224_cov_31.7727 	1	153999	154088	Ser	TGA	0	0	72.70	38.95	33.75	
NODE_6_length_300224_cov_31.7727 	2	178379	178454	Gly	GCC	0	0	93.74	68.41	25.33	
NODE_6_length_300224_cov_31.7727 	3	184772	184845	Cys	GCA	0	0	62.38	45.73	16.65	
NODE_6_length_300224_cov_31.7727 	4	197397	197483	Leu	TAA	0	0	76.64	42.32	34.32	
NODE_10_length_211712_cov_35.2147	1	59926 	59999 	Arg	ACG	0	0	52.72	27.21	25.51	
NODE_10_length_211712_cov_35.2147	2	166109	166183	Gln	TTG	0	0	66.82	40.36	26.46	
NODE_10_length_211712_cov_35.2147	3	193228	193304	Met	CAT	0	0	87.19	64.42	22.77	
NODE_10_length_211712_cov_35.2147	4	16011 	15936 	Asn	GTT	0	0	91.73	62.08	29.65	
NODE_10_length_211712_cov_35.2147	5	15926 	15850 	Pro	TGG	0	0	87.63	64.60	23.03	
NODE_10_length_211712_cov_35.2147	6	15839 	15764 	Lys	TTT	0	0	95.07	71.82	23.25	
NODE_13_length_206686_cov_33.3188	1	154162	154073	Ser	CGA	0	0	68.31	24.88	43.43	
NODE_17_length_159993_cov_33.795 	1	15480 	15404 	Arg	TCT	0	0	96.39	77.88	18.51	
NODE_17_length_159993_cov_33.795 	2	15352 	15277 	His	GTG	0	0	83.51	64.18	19.33	
NODE_17_length_159993_cov_33.795 	3	15222 	15138 	Leu	TAG	0	0	76.62	44.97	31.65	
NODE_20_length_127407_cov_37.3971	1	50026 	49950 	Met	CAT	0	0	92.87	71.40	21.47	
NODE_21_length_125384_cov_31.4966	1	123544	123469	His	GTG	0	0	83.51	64.18	19.33	
NODE_21_length_125384_cov_31.4966	2	112191	112115	Asp	GTC	0	0	95.34	76.86	18.48	
NODE_22_length_120498_cov_34.6282	1	871   	795   	Arg	CCT	0	0	83.71	58.51	25.20	
NODE_23_length_109208_cov_35.5939	1	73249 	73174 	Val	TAC	0	0	94.49	73.68	20.81	
NODE_23_length_109208_cov_35.5939	2	73157 	73081 	Asp	GTC	0	0	94.67	75.49	19.18	
NODE_24_length_93651_cov_38.2119 	1	22216 	22291 	Thr	TGT	0	0	93.66	75.64	18.02	
NODE_27_length_76775_cov_37.3515 	1	4899  	4824  	Phe	GAA	0	0	92.69	68.52	24.17	
NODE_34_length_40615_cov_62.0249 	1	28006 	27931 	Thr	TGT	0	0	74.27	61.42	12.85	
NODE_35_length_35831_cov_38.6609 	1	34644 	34720 	Arg	CCG	0	0	87.81	66.55	21.26	
NODE_36_length_34504_cov_32.5171 	1	19616 	19692 	Pro	GGG	0	0	74.89	48.01	26.88	
NODE_38_length_32051_cov_39.6379 	1	1220  	1295  	Trp	CCA	0	0	86.73	63.05	23.68	
NODE_51_length_6406_cov_36.0788  	1	2540  	2615  	Thr	CGT	0	0	90.98	74.93	16.05	
NODE_54_length_5405_cov_150.167  	1	1829  	1905  	Ile	GAT	0	0	98.83	72.69	26.14	
NODE_54_length_5405_cov_150.167  	2	1934  	2009  	Ala	TGC	0	0	90.68	71.56	19.12	
NODE_57_length_3329_cov_34.9909  	1	2809  	2893  	Tyr	GTA	0	0	71.07	41.76	29.31	
NODE_57_length_3329_cov_34.9909  	2	2920  	2993  	Gly	TCC	0	0	82.75	60.87	21.88	
NODE_57_length_3329_cov_34.9909  	3	3013  	3088  	Thr	GGT	0	0	93.76	67.73	26.03	
