Sequence                        		tRNA  	Bounds	tRNA	Anti	Intron Bounds	Cove	HMM	2'Str	      
Name                            	tRNA #	Begin 	End   	Type	Codon	Begin	End	Score	Score	Score	Note
--------                        	------	----- 	------	----	-----	-----	----	------	-----	-----	------
NODE_1_length_722632_cov_34.631 	1	209513	209599	Leu	CAG	0	0	73.96	38.54	35.42	
NODE_1_length_722632_cov_34.631 	2	209729	209815	Leu	CAG	0	0	73.96	38.54	35.42	
NODE_1_length_722632_cov_34.631 	3	472195	472270	Phe	GAA	0	0	92.69	68.52	24.17	
NODE_1_length_722632_cov_34.631 	4	483604	483679	Thr	TGT	0	0	93.66	75.64	18.02	
NODE_1_length_722632_cov_34.631 	5	55167 	55076 	SeC	TCA	0	0	55.75	-18.51	74.26	
NODE_2_length_604961_cov_28.3063	1	55898 	55973 	Ala	GGC	0	0	86.95	68.86	18.09	
NODE_2_length_604961_cov_28.3063	2	56022 	56097 	Glu	TTC	0	0	66.40	38.20	28.20	
NODE_2_length_604961_cov_28.3063	3	56191 	56266 	Ala	GGC	0	0	86.95	68.86	18.09	
NODE_2_length_604961_cov_28.3063	4	56313 	56388 	Glu	TTC	0	0	66.40	38.20	28.20	
NODE_2_length_604961_cov_28.3063	5	95304 	95379 	Val	TAC	0	0	94.49	73.68	20.81	
NODE_2_length_604961_cov_28.3063	6	95396 	95472 	Asp	GTC	0	0	94.67	75.49	19.18	
NODE_2_length_604961_cov_28.3063	7	95587 	95663 	Asp	GTC	0	0	94.67	75.49	19.18	
NODE_2_length_604961_cov_28.3063	8	412177	412252	Glu	TTC	0	0	66.40	38.20	28.20	
NODE_2_length_604961_cov_28.3063	9	412255	412330	Gly	GCC	0	0	93.74	68.41	25.33	
NODE_2_length_604961_cov_28.3063	10	569264	569340	Val	GAC	0	0	93.19	67.81	25.38	
NODE_2_length_604961_cov_28.3063	11	603402	603478	Pro	GGG	0	0	74.89	48.01	26.88	
NODE_2_length_604961_cov_28.3063	12	379681	379592	Ser	GGA	0	0	71.75	34.38	37.37	
NODE_2_length_604961_cov_28.3063	13	190887	190811	Pro	CGG	0	0	88.20	60.26	27.94	
NODE_2_length_604961_cov_28.3063	14	47099 	47024 	Asn	GTT	0	0	91.73	62.08	29.65	
NODE_3_length_515401_cov_28.6088	1	235296	235372	Met	CAT	0	0	85.06	58.55	26.51	
NODE_3_length_515401_cov_28.6088	2	341409	341481	Leu	GAG	0	0	20.84	19.28	1.56	
NODE_3_length_515401_cov_28.6088	3	445887	445960	Gly	CCC	0	0	60.35	30.06	30.29	
NODE_3_length_515401_cov_28.6088	4	251840	251750	Ser	GCT	0	0	76.69	47.10	29.59	
NODE_3_length_515401_cov_28.6088	5	251632	251556	Arg	ACG	0	0	83.50	58.05	25.45	
NODE_3_length_515401_cov_28.6088	6	251444	251368	Arg	ACG	0	0	83.50	58.05	25.45	
NODE_3_length_515401_cov_28.6088	7	182725	182650	Lys	TTT	0	0	95.07	71.82	23.25	
NODE_3_length_515401_cov_28.6088	8	151733	151644	Ser	CGA	0	0	68.31	24.88	43.43	
NODE_5_length_380484_cov_25.2772	1	302435	302511	Arg	TCT	0	0	96.39	77.88	18.51	
NODE_5_length_380484_cov_25.2772	2	302563	302638	His	GTG	0	0	83.51	64.18	19.33	
NODE_5_length_380484_cov_25.2772	3	302693	302777	Leu	TAG	0	0	76.62	44.97	31.65	
NODE_5_length_380484_cov_25.2772	4	366927	367002	His	GTG	0	0	83.51	64.18	19.33	
NODE_5_length_380484_cov_25.2772	5	378281	378357	Asp	GTC	0	0	95.34	76.86	18.48	
NODE_6_length_336476_cov_31.3588	1	789   	703   	Leu	CAA	0	0	69.99	38.33	31.66	
NODE_7_length_326288_cov_35.2931	1	34446 	34522 	Met	CAT	0	0	92.87	71.40	21.47	
NODE_8_length_314344_cov_38.7278	1	279735	279659	Arg	CCG	0	0	87.81	66.55	21.26	
NODE_9_length_309455_cov_26.2961	1	166083	166172	Ser	TGA	0	0	72.70	38.95	33.75	
NODE_9_length_309455_cov_26.2961	2	190463	190538	Gly	GCC	0	0	93.74	68.41	25.33	
NODE_9_length_309455_cov_26.2961	3	196842	196915	Cys	GCA	0	0	62.38	45.73	16.65	
NODE_9_length_309455_cov_26.2961	4	209465	209551	Leu	TAA	0	0	76.64	42.32	34.32	
NODE_10_length_269510_cov_29.2598	1	234463	234388	Thr	CGT	0	0	90.98	74.93	16.05	
NODE_12_length_214448_cov_29.6562	1	119285	119359	Arg	CCT	0	0	69.71	45.21	24.50	
NODE_14_length_177643_cov_31.7532	1	173552	173627	Asn	GTT	0	0	91.73	62.08	29.65	
NODE_14_length_177643_cov_31.7532	2	173637	173713	Pro	TGG	0	0	87.63	64.60	23.03	
NODE_14_length_177643_cov_31.7532	3	173724	173799	Lys	TTT	0	0	95.07	71.82	23.25	
NODE_14_length_177643_cov_31.7532	4	129642	129569	Arg	ACG	0	0	52.72	27.21	25.51	
NODE_14_length_177643_cov_31.7532	5	22227 	22153 	Gln	TTG	0	0	66.82	40.36	26.46	
NODE_14_length_177643_cov_31.7532	6	18479 	18403 	Met	CAT	0	0	87.19	64.42	22.77	
NODE_19_length_115040_cov_28.8503	1	78986 	78911 	Val	TAC	0	0	94.49	73.68	20.81	
NODE_19_length_115040_cov_28.8503	2	78894 	78818 	Asp	GTC	0	0	94.67	75.49	19.18	
NODE_22_length_104738_cov_32.2828	1	62665 	62580 	Leu	GAG	0	0	68.53	39.16	29.37	
NODE_22_length_104738_cov_32.2828	2	62489 	62413 	Met	CAT	0	0	85.85	60.06	25.79	
NODE_27_length_65507_cov_36.2934	1	64288 	64213 	Trp	CCA	0	0	86.73	63.05	23.68	
NODE_37_length_5411_cov_133.348 	1	3607  	3531  	Ile	GAT	0	0	98.83	72.69	26.14	
NODE_37_length_5411_cov_133.348 	2	3502  	3427  	Ala	TGC	0	0	90.68	71.56	19.12	
NODE_40_length_3301_cov_34.4912 	1	521   	437   	Tyr	GTA	0	0	71.07	41.76	29.31	
NODE_40_length_3301_cov_34.4912 	2	410   	337   	Gly	TCC	0	0	82.75	60.87	21.88	
NODE_40_length_3301_cov_34.4912 	3	317   	242   	Thr	GGT	0	0	93.76	67.73	26.03	
