Sequence                         		tRNA  	Bounds	tRNA	Anti	Intron Bounds	Cove	HMM	2'Str	      
Name                             	tRNA #	Begin 	End   	Type	Codon	Begin	End	Score	Score	Score	Note
--------                         	------	----- 	------	----	-----	-----	----	------	-----	-----	------
NODE_1_length_578241_cov_80.9035 	1	214743	214657	Leu	CAA	0	0	69.99	38.33	31.66	
NODE_2_length_492883_cov_75.0722 	1	199387	199462	Asn	GTT	0	0	91.73	62.08	29.65	
NODE_2_length_492883_cov_75.0722 	2	199472	199548	Pro	TGG	0	0	87.63	64.60	23.03	
NODE_2_length_492883_cov_75.0722 	3	199559	199634	Lys	TTT	0	0	95.07	71.82	23.25	
NODE_2_length_492883_cov_75.0722 	4	217618	217693	Thr	CGT	0	0	90.98	74.93	16.05	
NODE_2_length_492883_cov_75.0722 	5	155472	155399	Arg	ACG	0	0	52.72	27.21	25.51	
NODE_2_length_492883_cov_75.0722 	6	49295 	49221 	Gln	TTG	0	0	66.82	40.36	26.46	
NODE_2_length_492883_cov_75.0722 	7	22176 	22100 	Met	CAT	0	0	87.19	64.42	22.77	
NODE_3_length_458007_cov_79.2615 	1	341612	341703	SeC	TCA	0	0	55.75	-18.51	74.26	
NODE_3_length_458007_cov_79.2615 	2	395663	395748	Leu	GAG	0	0	68.53	39.16	29.37	
NODE_3_length_458007_cov_79.2615 	3	395839	395915	Met	CAT	0	0	85.85	60.06	25.79	
NODE_3_length_458007_cov_79.2615 	4	185331	185245	Leu	CAG	0	0	73.96	38.54	35.42	
NODE_3_length_458007_cov_79.2615 	5	185115	185029	Leu	CAG	0	0	73.96	38.54	35.42	
NODE_4_length_452205_cov_79.4459 	1	90930 	91019 	Ser	GGA	0	0	71.75	34.38	37.37	
NODE_4_length_452205_cov_79.4459 	2	279723	279799	Pro	CGG	0	0	88.20	60.26	27.94	
NODE_4_length_452205_cov_79.4459 	3	409606	409681	Asn	GTT	0	0	91.73	62.08	29.65	
NODE_4_length_452205_cov_79.4459 	4	400807	400732	Ala	GGC	0	0	86.95	68.86	18.09	
NODE_4_length_452205_cov_79.4459 	5	400683	400608	Glu	TTC	0	0	66.40	38.20	28.20	
NODE_4_length_452205_cov_79.4459 	6	400514	400439	Ala	GGC	0	0	86.95	68.86	18.09	
NODE_4_length_452205_cov_79.4459 	7	400392	400317	Glu	TTC	0	0	66.40	38.20	28.20	
NODE_4_length_452205_cov_79.4459 	8	361415	361340	Val	TAC	0	0	94.49	73.68	20.81	
NODE_4_length_452205_cov_79.4459 	9	361323	361247	Asp	GTC	0	0	94.67	75.49	19.18	
NODE_4_length_452205_cov_79.4459 	10	361132	361056	Asp	GTC	0	0	94.67	75.49	19.18	
NODE_4_length_452205_cov_79.4459 	11	58435 	58360 	Glu	TTC	0	0	66.40	38.20	28.20	
NODE_4_length_452205_cov_79.4459 	12	58357 	58282 	Gly	GCC	0	0	93.74	68.41	25.33	
NODE_5_length_269283_cov_77.3182 	1	144508	144584	Arg	TCT	0	0	96.39	77.88	18.51	
NODE_5_length_269283_cov_77.3182 	2	144636	144711	His	GTG	0	0	83.51	64.18	19.33	
NODE_5_length_269283_cov_77.3182 	3	144766	144850	Leu	TAG	0	0	76.62	44.97	31.65	
NODE_5_length_269283_cov_77.3182 	4	144917	144992	His	GTG	0	0	83.51	64.18	19.33	
NODE_5_length_269283_cov_77.3182 	5	156270	156346	Asp	GTC	0	0	95.34	76.86	18.48	
NODE_7_length_230751_cov_76.3782 	1	153999	154088	Ser	TGA	0	0	72.70	38.95	33.75	
NODE_7_length_230751_cov_76.3782 	2	178379	178454	Gly	GCC	0	0	93.74	68.41	25.33	
NODE_11_length_221896_cov_78.7256	1	138553	138477	Met	CAT	0	0	92.87	71.40	21.47	
NODE_12_length_211563_cov_73.9703	1	127564	127640	Met	CAT	0	0	85.06	58.55	26.51	
NODE_12_length_211563_cov_73.9703	2	144146	144056	Ser	GCT	0	0	76.69	47.10	29.59	
NODE_12_length_211563_cov_73.9703	3	143938	143862	Arg	ACG	0	0	83.50	58.05	25.45	
NODE_12_length_211563_cov_73.9703	4	143750	143674	Arg	ACG	0	0	83.50	58.05	25.45	
NODE_12_length_211563_cov_73.9703	5	74987 	74912 	Lys	TTT	0	0	95.07	71.82	23.25	
NODE_14_length_187925_cov_77.925 	1	154210	154121	Ser	CGA	0	0	68.31	24.88	43.43	
NODE_15_length_181292_cov_84.0386	1	138228	138155	Cys	GCA	0	0	62.38	45.73	16.65	
NODE_15_length_181292_cov_84.0386	2	125603	125517	Leu	TAA	0	0	76.64	42.32	34.32	
NODE_18_length_136180_cov_77.9765	1	100221	100146	Val	TAC	0	0	94.49	73.68	20.81	
NODE_18_length_136180_cov_77.9765	2	100129	100053	Asp	GTC	0	0	94.67	75.49	19.18	
NODE_21_length_124576_cov_75.4288	1	48779 	48703 	Val	GAC	0	0	93.19	67.81	25.38	
NODE_22_length_120640_cov_82.1404	1	919   	843   	Arg	CCT	0	0	83.71	58.51	25.20	
NODE_23_length_110763_cov_76.0327	1	87542 	87615 	Gly	CCC	0	0	60.35	30.06	30.29	
NODE_30_length_76775_cov_80.8829 	1	4899  	4824  	Phe	GAA	0	0	92.69	68.52	24.17	
NODE_32_length_65459_cov_82.411  	1	1220  	1295  	Trp	CCA	0	0	86.73	63.05	23.68	
NODE_34_length_59174_cov_79.1787 	1	23255 	23330 	Thr	TGT	0	0	93.66	75.64	18.02	
NODE_39_length_38673_cov_75.9534 	1	16147 	16075 	Leu	GAG	0	0	20.84	19.28	1.56	
NODE_40_length_36260_cov_82.2162 	1	34644 	34720 	Arg	CCG	0	0	87.81	66.55	21.26	
NODE_41_length_34501_cov_70.8832 	1	19613 	19689 	Pro	GGG	0	0	74.89	48.01	26.88	
NODE_51_length_5405_cov_254.493  	1	1829  	1905  	Ile	GAT	0	0	98.83	72.69	26.14	
NODE_51_length_5405_cov_254.493  	2	1934  	2009  	Ala	TGC	0	0	90.68	71.56	19.12	
NODE_59_length_3329_cov_66.5081  	1	2809  	2893  	Tyr	GTA	0	0	71.07	41.76	29.31	
NODE_59_length_3329_cov_66.5081  	2	2920  	2993  	Gly	TCC	0	0	82.75	60.87	21.88	
NODE_59_length_3329_cov_66.5081  	3	3013  	3088  	Thr	GGT	0	0	93.76	67.73	26.03	
