Sequence                         		tRNA  	Bounds	tRNA	Anti	Intron Bounds	Cove	HMM	2'Str	      
Name                             	tRNA #	Begin 	End   	Type	Codon	Begin	End	Score	Score	Score	Note
--------                         	------	----- 	------	----	-----	-----	----	------	-----	-----	------
NODE_1_length_572603_cov_53.3033 	1	448592	448668	Arg	TCT	0	0	96.39	77.88	18.51	
NODE_1_length_572603_cov_53.3033 	2	448720	448795	His	GTG	0	0	83.51	64.18	19.33	
NODE_1_length_572603_cov_53.3033 	3	448850	448934	Leu	TAG	0	0	76.62	44.97	31.65	
NODE_1_length_572603_cov_53.3033 	4	449001	449076	His	GTG	0	0	83.51	64.18	19.33	
NODE_1_length_572603_cov_53.3033 	5	460360	460436	Asp	GTC	0	0	95.34	76.86	18.48	
NODE_2_length_555608_cov_58.4344 	1	438725	438816	SeC	TCA	0	0	55.75	-18.51	74.26	
NODE_2_length_555608_cov_58.4344 	2	492733	492818	Leu	GAG	0	0	68.53	39.16	29.37	
NODE_2_length_555608_cov_58.4344 	3	492909	492985	Met	CAT	0	0	85.85	60.06	25.79	
NODE_2_length_555608_cov_58.4344 	4	285113	285027	Leu	CAG	0	0	73.96	38.54	35.42	
NODE_2_length_555608_cov_58.4344 	5	284897	284811	Leu	CAG	0	0	73.96	38.54	35.42	
NODE_2_length_555608_cov_58.4344 	6	25829 	25754 	Phe	GAA	0	0	92.69	68.52	24.17	
NODE_2_length_555608_cov_58.4344 	7	11266 	11191 	Thr	TGT	0	0	93.66	75.64	18.02	
NODE_3_length_480603_cov_55.7891 	1	277628	277704	Arg	CCT	0	0	83.71	58.51	25.20	
NODE_3_length_480603_cov_55.7891 	2	406749	406824	Val	TAC	0	0	94.49	73.68	20.81	
NODE_3_length_480603_cov_55.7891 	3	406841	406917	Asp	GTC	0	0	94.67	75.49	19.18	
NODE_4_length_449736_cov_57.2749 	1	239032	239118	Leu	CAA	0	0	69.99	38.33	31.66	
NODE_5_length_427679_cov_56.8516 	1	293288	293212	Met	CAT	0	0	92.87	71.40	21.47	
NODE_6_length_404189_cov_54.7222 	1	42243 	42332 	Ser	GGA	0	0	71.75	34.38	37.37	
NODE_6_length_404189_cov_54.7222 	2	231007	231083	Pro	CGG	0	0	88.20	60.26	27.94	
NODE_6_length_404189_cov_54.7222 	3	359813	359888	Asn	GTT	0	0	91.73	62.08	29.65	
NODE_6_length_404189_cov_54.7222 	4	351014	350939	Ala	GGC	0	0	86.95	68.86	18.09	
NODE_6_length_404189_cov_54.7222 	5	350890	350815	Glu	TTC	0	0	66.40	38.20	28.20	
NODE_6_length_404189_cov_54.7222 	6	350721	350646	Ala	GGC	0	0	86.95	68.86	18.09	
NODE_6_length_404189_cov_54.7222 	7	350599	350524	Glu	TTC	0	0	66.40	38.20	28.20	
NODE_6_length_404189_cov_54.7222 	8	311620	311545	Val	TAC	0	0	94.49	73.68	20.81	
NODE_6_length_404189_cov_54.7222 	9	311528	311452	Asp	GTC	0	0	94.67	75.49	19.18	
NODE_6_length_404189_cov_54.7222 	10	311337	311261	Asp	GTC	0	0	94.67	75.49	19.18	
NODE_6_length_404189_cov_54.7222 	11	9754  	9679  	Glu	TTC	0	0	66.40	38.20	28.20	
NODE_6_length_404189_cov_54.7222 	12	9676  	9601  	Gly	GCC	0	0	93.74	68.41	25.33	
NODE_6_length_404189_cov_54.7222 	13	9516  	9441  	Gly	GCC	0	0	93.74	68.41	25.33	
NODE_7_length_300381_cov_53.2183 	1	236536	236461	Gly	GCC	0	0	93.74	68.41	25.33	
NODE_7_length_300381_cov_53.2183 	2	110204	110131	Cys	GCA	0	0	62.38	45.73	16.65	
NODE_7_length_300381_cov_53.2183 	3	97579 	97493 	Leu	TAA	0	0	76.64	42.32	34.32	
NODE_8_length_298110_cov_51.6749 	1	111015	111091	Val	GAC	0	0	93.19	67.81	25.38	
NODE_8_length_298110_cov_51.6749 	2	145156	145232	Pro	GGG	0	0	74.89	48.01	26.88	
NODE_8_length_298110_cov_51.6749 	3	296099	296188	Ser	TGA	0	0	68.83	34.50	34.33	
NODE_13_length_217016_cov_51.8498	1	56709 	56785 	Met	CAT	0	0	85.06	58.55	26.51	
NODE_13_length_217016_cov_51.8498	2	162919	162991	Leu	GAG	0	0	20.84	19.28	1.56	
NODE_13_length_217016_cov_51.8498	3	73252 	73162 	Ser	GCT	0	0	76.69	47.10	29.59	
NODE_13_length_217016_cov_51.8498	4	73044 	72968 	Arg	ACG	0	0	83.50	58.05	25.45	
NODE_13_length_217016_cov_51.8498	5	72856 	72780 	Arg	ACG	0	0	83.50	58.05	25.45	
NODE_13_length_217016_cov_51.8498	6	4155  	4080  	Lys	TTT	0	0	95.07	71.82	23.25	
NODE_15_length_207633_cov_55.2145	1	185261	185336	Asn	GTT	0	0	91.73	62.08	29.65	
NODE_15_length_207633_cov_55.2145	2	185346	185422	Pro	TGG	0	0	87.63	64.60	23.03	
NODE_15_length_207633_cov_55.2145	3	185433	185508	Lys	TTT	0	0	95.07	71.82	23.25	
NODE_15_length_207633_cov_55.2145	4	204826	204901	Thr	CGT	0	0	90.98	74.93	16.05	
NODE_15_length_207633_cov_55.2145	5	141345	141272	Arg	ACG	0	0	52.72	27.21	25.51	
NODE_15_length_207633_cov_55.2145	6	33894 	33820 	Gln	TTG	0	0	66.82	40.36	26.46	
NODE_15_length_207633_cov_55.2145	7	30146 	30070 	Met	CAT	0	0	87.19	64.42	22.77	
NODE_16_length_203924_cov_54.2283	1	160781	160692	Ser	CGA	0	0	68.31	24.88	43.43	
NODE_19_length_149821_cov_58.8402	1	90974 	91047 	Gly	CCC	0	0	60.35	30.06	30.29	
NODE_26_length_65470_cov_54.3405 	1	64251 	64176 	Trp	CCA	0	0	86.73	63.05	23.68	
NODE_31_length_45554_cov_54.3144 	1	10921 	10845 	Arg	CCG	0	0	87.81	66.55	21.26	
NODE_46_length_5569_cov_143.084  	1	1955  	2031  	Ile	GAT	0	0	98.83	72.69	26.14	
NODE_46_length_5569_cov_143.084  	2	2060  	2135  	Ala	TGC	0	0	90.68	71.56	19.12	
NODE_50_length_3292_cov_38.4964  	1	521   	437   	Tyr	GTA	0	0	71.07	41.76	29.31	
NODE_50_length_3292_cov_38.4964  	2	410   	337   	Gly	TCC	0	0	82.75	60.87	21.88	
NODE_50_length_3292_cov_38.4964  	3	317   	242   	Thr	GGT	0	0	93.76	67.73	26.03	
NODE_507_length_439_cov_0.679487 	1	232   	158   	Gln	TTG	0	0	66.90	44.01	22.89	
NODE_507_length_439_cov_0.679487 	2	137   	66    	Gln	TTG	0	0	30.34	24.25	6.09	
NODE_715_length_400_cov_0.89011  	1	179   	90    	Ser	GGA	0	0	64.72	30.87	33.85	
NODE_794_length_384_cov_1.21401  	1	119   	43    	Met	CAT	0	0	78.50	55.40	23.10	
