Sequence                         		tRNA  	Bounds	tRNA	Anti	Intron Bounds	Cove	HMM	2'Str	      
Name                             	tRNA #	Begin 	End   	Type	Codon	Begin	End	Score	Score	Score	Note
--------                         	------	----- 	------	----	-----	-----	----	------	-----	-----	------
NODE_1_length_572603_cov_65.1258 	1	448592	448668	Arg	TCT	0	0	96.39	77.88	18.51	
NODE_1_length_572603_cov_65.1258 	2	448720	448795	His	GTG	0	0	83.51	64.18	19.33	
NODE_1_length_572603_cov_65.1258 	3	448850	448934	Leu	TAG	0	0	76.62	44.97	31.65	
NODE_1_length_572603_cov_65.1258 	4	449001	449076	His	GTG	0	0	83.51	64.18	19.33	
NODE_1_length_572603_cov_65.1258 	5	460360	460436	Asp	GTC	0	0	95.34	76.86	18.48	
NODE_2_length_555608_cov_78.3022 	1	438725	438816	SeC	TCA	0	0	55.75	-18.51	74.26	
NODE_2_length_555608_cov_78.3022 	2	492733	492818	Leu	GAG	0	0	68.53	39.16	29.37	
NODE_2_length_555608_cov_78.3022 	3	492909	492985	Met	CAT	0	0	85.85	60.06	25.79	
NODE_2_length_555608_cov_78.3022 	4	285113	285027	Leu	CAG	0	0	73.96	38.54	35.42	
NODE_2_length_555608_cov_78.3022 	5	284897	284811	Leu	CAG	0	0	73.96	38.54	35.42	
NODE_2_length_555608_cov_78.3022 	6	25829 	25754 	Phe	GAA	0	0	92.69	68.52	24.17	
NODE_2_length_555608_cov_78.3022 	7	11266 	11191 	Thr	TGT	0	0	93.66	75.64	18.02	
NODE_3_length_480603_cov_66.4396 	1	277628	277704	Arg	CCT	0	0	83.71	58.51	25.20	
NODE_3_length_480603_cov_66.4396 	2	406749	406824	Val	TAC	0	0	94.49	73.68	20.81	
NODE_3_length_480603_cov_66.4396 	3	406841	406917	Asp	GTC	0	0	94.67	75.49	19.18	
NODE_4_length_449736_cov_75.9002 	1	210705	210619	Leu	CAA	0	0	69.99	38.33	31.66	
NODE_5_length_427678_cov_78.5556 	1	293288	293212	Met	CAT	0	0	92.87	71.40	21.47	
NODE_6_length_404186_cov_62.4965 	1	53176 	53251 	Ala	GGC	0	0	86.95	68.86	18.09	
NODE_6_length_404186_cov_62.4965 	2	53300 	53375 	Glu	TTC	0	0	66.40	38.20	28.20	
NODE_6_length_404186_cov_62.4965 	3	53469 	53544 	Ala	GGC	0	0	86.95	68.86	18.09	
NODE_6_length_404186_cov_62.4965 	4	53591 	53666 	Glu	TTC	0	0	66.40	38.20	28.20	
NODE_6_length_404186_cov_62.4965 	5	92570 	92645 	Val	TAC	0	0	94.49	73.68	20.81	
NODE_6_length_404186_cov_62.4965 	6	92662 	92738 	Asp	GTC	0	0	94.67	75.49	19.18	
NODE_6_length_404186_cov_62.4965 	7	92853 	92929 	Asp	GTC	0	0	94.67	75.49	19.18	
NODE_6_length_404186_cov_62.4965 	8	394433	394508	Glu	TTC	0	0	66.40	38.20	28.20	
NODE_6_length_404186_cov_62.4965 	9	394511	394586	Gly	GCC	0	0	93.74	68.41	25.33	
NODE_6_length_404186_cov_62.4965 	10	394671	394746	Gly	GCC	0	0	93.74	68.41	25.33	
NODE_6_length_404186_cov_62.4965 	11	361944	361855	Ser	GGA	0	0	71.75	34.38	37.37	
NODE_6_length_404186_cov_62.4965 	12	173183	173107	Pro	CGG	0	0	88.20	60.26	27.94	
NODE_6_length_404186_cov_62.4965 	13	44377 	44302 	Asn	GTT	0	0	91.73	62.08	29.65	
NODE_7_length_300294_cov_54.125  	1	236536	236461	Gly	GCC	0	0	93.74	68.41	25.33	
NODE_7_length_300294_cov_54.125  	2	110204	110131	Cys	GCA	0	0	62.38	45.73	16.65	
NODE_7_length_300294_cov_54.125  	3	97579 	97493 	Leu	TAA	0	0	76.64	42.32	34.32	
NODE_12_length_216929_cov_66.1843	1	56709 	56785 	Met	CAT	0	0	85.06	58.55	26.51	
NODE_12_length_216929_cov_66.1843	2	162919	162991	Leu	GAG	0	0	20.84	19.28	1.56	
NODE_12_length_216929_cov_66.1843	3	73252 	73162 	Ser	GCT	0	0	76.69	47.10	29.59	
NODE_12_length_216929_cov_66.1843	4	73044 	72968 	Arg	ACG	0	0	83.50	58.05	25.45	
NODE_12_length_216929_cov_66.1843	5	72856 	72780 	Arg	ACG	0	0	83.50	58.05	25.45	
NODE_12_length_216929_cov_66.1843	6	4155  	4080  	Lys	TTT	0	0	95.07	71.82	23.25	
NODE_14_length_203991_cov_71.758 	1	160848	160759	Ser	CGA	0	0	68.31	24.88	43.43	
NODE_16_length_184378_cov_71.7758	1	162006	162081	Asn	GTT	0	0	91.73	62.08	29.65	
NODE_16_length_184378_cov_71.7758	2	162091	162167	Pro	TGG	0	0	87.63	64.60	23.03	
NODE_16_length_184378_cov_71.7758	3	162178	162253	Lys	TTT	0	0	95.07	71.82	23.25	
NODE_16_length_184378_cov_71.7758	4	181571	181646	Thr	CGT	0	0	90.98	74.93	16.05	
NODE_16_length_184378_cov_71.7758	5	118090	118017	Arg	ACG	0	0	52.72	27.21	25.51	
NODE_16_length_184378_cov_71.7758	6	10639 	10565 	Gln	TTG	0	0	66.82	40.36	26.46	
NODE_16_length_184378_cov_71.7758	7	6891  	6815  	Met	CAT	0	0	87.19	64.42	22.77	
NODE_17_length_175775_cov_74.03  	1	92707 	92780 	Gly	CCC	0	0	60.35	30.06	30.29	
NODE_19_length_149622_cov_55.3713	1	279   	190   	Ser	TGA	0	0	68.83	34.50	34.33	
NODE_20_length_146832_cov_56.128 	1	35867 	35791 	Val	GAC	0	0	93.19	67.81	25.38	
NODE_20_length_146832_cov_56.128 	2	1726  	1650  	Pro	GGG	0	0	74.89	48.01	26.88	
NODE_27_length_65470_cov_80.5033 	1	64251 	64176 	Trp	CCA	0	0	86.73	63.05	23.68	
NODE_33_length_45554_cov_81.6511 	1	10921 	10845 	Arg	CCG	0	0	87.81	66.55	21.26	
NODE_49_length_5569_cov_243.331  	1	1955  	2031  	Ile	GAT	0	0	98.83	72.69	26.14	
NODE_49_length_5569_cov_243.331  	2	2060  	2135  	Ala	TGC	0	0	90.68	71.56	19.12	
NODE_53_length_3292_cov_63.0739  	1	521   	437   	Tyr	GTA	0	0	71.07	41.76	29.31	
NODE_53_length_3292_cov_63.0739  	2	410   	337   	Gly	TCC	0	0	82.75	60.87	21.88	
NODE_53_length_3292_cov_63.0739  	3	317   	242   	Thr	GGT	0	0	93.76	67.73	26.03	
