Sequence                         		tRNA  	Bounds	tRNA	Anti	Intron Bounds	Cove	HMM	2'Str	      
Name                             	tRNA #	Begin 	End   	Type	Codon	Begin	End	Score	Score	Score	Note
--------                         	------	----- 	------	----	-----	-----	----	------	-----	-----	------
NODE_1_length_798187_cov_68.9582 	1	487763	487849	Leu	CAA	0	0	69.99	38.33	31.66	
NODE_1_length_798187_cov_68.9582 	2	2483  	2407  	Arg	CCT	0	0	83.71	58.51	25.20	
NODE_2_length_770984_cov_72.4485 	1	654015	654106	SeC	TCA	0	0	55.75	-18.51	74.26	
NODE_2_length_770984_cov_72.4485 	2	708225	708310	Leu	GAG	0	0	68.53	39.16	29.37	
NODE_2_length_770984_cov_72.4485 	3	708401	708477	Met	CAT	0	0	85.85	60.06	25.79	
NODE_2_length_770984_cov_72.4485 	4	500410	500324	Leu	CAG	0	0	73.96	38.54	35.42	
NODE_2_length_770984_cov_72.4485 	5	500194	500108	Leu	CAG	0	0	73.96	38.54	35.42	
NODE_2_length_770984_cov_72.4485 	6	241140	241065	Phe	GAA	0	0	92.69	68.52	24.17	
NODE_2_length_770984_cov_72.4485 	7	229730	229655	Thr	TGT	0	0	93.66	75.64	18.02	
NODE_3_length_665484_cov_66.0128 	1	106037	106127	Ser	GCT	0	0	76.69	47.10	29.59	
NODE_3_length_665484_cov_66.0128 	2	106245	106321	Arg	ACG	0	0	83.50	58.05	25.45	
NODE_3_length_665484_cov_66.0128 	3	106433	106509	Arg	ACG	0	0	83.50	58.05	25.45	
NODE_3_length_665484_cov_66.0128 	4	175113	175188	Lys	TTT	0	0	95.07	71.82	23.25	
NODE_3_length_665484_cov_66.0128 	5	202656	202745	Ser	CGA	0	0	68.31	24.88	43.43	
NODE_3_length_665484_cov_66.0128 	6	122580	122504	Met	CAT	0	0	85.06	58.55	26.51	
NODE_3_length_665484_cov_66.0128 	7	16370 	16298 	Leu	GAG	0	0	20.84	19.28	1.56	
NODE_4_length_517253_cov_63.1934 	1	393228	393304	Arg	TCT	0	0	96.39	77.88	18.51	
NODE_4_length_517253_cov_63.1934 	2	393356	393431	His	GTG	0	0	83.51	64.18	19.33	
NODE_4_length_517253_cov_63.1934 	3	393486	393570	Leu	TAG	0	0	76.62	44.97	31.65	
NODE_4_length_517253_cov_63.1934 	4	393637	393712	His	GTG	0	0	83.51	64.18	19.33	
NODE_4_length_517253_cov_63.1934 	5	405003	405079	Asp	GTC	0	0	95.34	76.86	18.48	
NODE_5_length_507199_cov_68.8719 	1	173617	173692	Asn	GTT	0	0	91.73	62.08	29.65	
NODE_5_length_507199_cov_68.8719 	2	173702	173778	Pro	TGG	0	0	87.63	64.60	23.03	
NODE_5_length_507199_cov_68.8719 	3	173789	173864	Lys	TTT	0	0	95.07	71.82	23.25	
NODE_5_length_507199_cov_68.8719 	4	191733	191808	Thr	CGT	0	0	90.98	74.93	16.05	
NODE_5_length_507199_cov_68.8719 	5	129701	129628	Arg	ACG	0	0	52.72	27.21	25.51	
NODE_5_length_507199_cov_68.8719 	6	22240 	22166 	Gln	TTG	0	0	66.82	40.36	26.46	
NODE_5_length_507199_cov_68.8719 	7	18491 	18415 	Met	CAT	0	0	87.19	64.42	22.77	
NODE_6_length_489636_cov_64.8749 	1	127575	127664	Ser	GGA	0	0	71.75	34.38	37.37	
NODE_6_length_489636_cov_64.8749 	2	316353	316429	Pro	CGG	0	0	88.20	60.26	27.94	
NODE_6_length_489636_cov_64.8749 	3	445178	445253	Asn	GTT	0	0	91.73	62.08	29.65	
NODE_6_length_489636_cov_64.8749 	4	436379	436304	Ala	GGC	0	0	86.95	68.86	18.09	
NODE_6_length_489636_cov_64.8749 	5	436255	436180	Glu	TTC	0	0	66.40	38.20	28.20	
NODE_6_length_489636_cov_64.8749 	6	436086	436011	Ala	GGC	0	0	86.95	68.86	18.09	
NODE_6_length_489636_cov_64.8749 	7	435964	435889	Glu	TTC	0	0	66.40	38.20	28.20	
NODE_6_length_489636_cov_64.8749 	8	396988	396913	Val	TAC	0	0	94.49	73.68	20.81	
NODE_6_length_489636_cov_64.8749 	9	396896	396820	Asp	GTC	0	0	94.67	75.49	19.18	
NODE_6_length_489636_cov_64.8749 	10	396705	396629	Asp	GTC	0	0	94.67	75.49	19.18	
NODE_6_length_489636_cov_64.8749 	11	95139 	95064 	Glu	TTC	0	0	66.40	38.20	28.20	
NODE_6_length_489636_cov_64.8749 	12	95061 	94986 	Gly	GCC	0	0	93.74	68.41	25.33	
NODE_6_length_489636_cov_64.8749 	13	94901 	94826 	Gly	GCC	0	0	93.74	68.41	25.33	
NODE_6_length_489636_cov_64.8749 	14	46246 	46170 	Val	GAC	0	0	93.19	67.81	25.38	
NODE_6_length_489636_cov_64.8749 	15	12106 	12030 	Pro	GGG	0	0	74.89	48.01	26.88	
NODE_8_length_375062_cov_64.9257 	1	218300	218211	Ser	TGA	0	0	72.99	31.35	41.64	
NODE_8_length_375062_cov_64.9257 	2	144022	143947	Gly	GCC	0	0	93.74	68.41	25.33	
NODE_8_length_375062_cov_64.9257 	3	139401	139328	Cys	GCA	0	0	62.38	45.73	16.65	
NODE_8_length_375062_cov_64.9257 	4	126778	126692	Leu	TAA	0	0	76.64	42.32	34.32	
NODE_9_length_371703_cov_72.1256 	1	294442	294366	Met	CAT	0	0	92.87	71.40	21.47	
NODE_11_length_205184_cov_67.4041	1	1444  	1518  	Arg	CCT	0	0	69.69	51.80	17.89	
NODE_11_length_205184_cov_67.4041	2	131214	131289	Val	TAC	0	0	94.49	73.68	20.81	
NODE_11_length_205184_cov_67.4041	3	131306	131382	Asp	GTC	0	0	94.67	75.49	19.18	
NODE_15_length_106988_cov_67.6046	1	7535  	7462  	Gly	CCC	0	0	60.35	30.06	30.29	
NODE_18_length_65387_cov_73.3677 	1	1178  	1253  	Trp	CCA	0	0	86.73	63.05	23.68	
NODE_22_length_36026_cov_72.0557 	1	1406  	1330  	Arg	CCG	0	0	87.81	66.55	21.26	
NODE_24_length_5636_cov_224.307  	1	2048  	2124  	Ile	GAT	0	0	98.83	72.69	26.14	
NODE_24_length_5636_cov_224.307  	2	2153  	2228  	Ala	TGC	0	0	90.68	71.56	19.12	
NODE_27_length_3361_cov_57.4041  	1	2799  	2883  	Tyr	GTA	0	0	71.07	41.76	29.31	
NODE_27_length_3361_cov_57.4041  	2	2910  	2983  	Gly	TCC	0	0	82.75	60.87	21.88	
NODE_27_length_3361_cov_57.4041  	3	3003  	3078  	Thr	GGT	0	0	93.76	67.73	26.03	
