Sequence                        		tRNA  	Bounds	tRNA	Anti	Intron Bounds	Cove	HMM	2'Str	      
Name                            	tRNA #	Begin 	End   	Type	Codon	Begin	End	Score	Score	Score	Note
--------                        	------	----- 	------	----	-----	-----	----	------	-----	-----	------
NODE_1_length_651363_cov_111.27 	1	80319 	80395 	Met	CAT	0	0	92.87	71.40	21.47	
NODE_1_length_651363_cov_111.27 	2	94517 	94584 	Undet	NNN	0	0	23.91	17.16	6.75	
NODE_1_length_651363_cov_111.27 	3	420276	420352	Arg	CCG	0	0	87.81	66.55	21.26	
NODE_3_length_413136_cov_103.491	1	51678 	51753 	Ala	GGC	0	0	86.95	68.86	18.09	
NODE_3_length_413136_cov_103.491	2	51802 	51877 	Glu	TTC	0	0	66.40	38.20	28.20	
NODE_3_length_413136_cov_103.491	3	51971 	52046 	Ala	GGC	0	0	86.95	68.86	18.09	
NODE_3_length_413136_cov_103.491	4	52093 	52168 	Glu	TTC	0	0	66.40	38.20	28.20	
NODE_3_length_413136_cov_103.491	5	91081 	91156 	Val	TAC	0	0	94.49	73.68	20.81	
NODE_3_length_413136_cov_103.491	6	91173 	91249 	Asp	GTC	0	0	94.67	75.49	19.18	
NODE_3_length_413136_cov_103.491	7	91364 	91440 	Asp	GTC	0	0	94.67	75.49	19.18	
NODE_3_length_413136_cov_103.491	8	390841	390916	Glu	TTC	0	0	66.40	38.20	28.20	
NODE_3_length_413136_cov_103.491	9	390919	390994	Gly	GCC	0	0	93.74	68.41	25.33	
NODE_3_length_413136_cov_103.491	10	358342	358253	Ser	GGA	0	0	71.75	34.38	37.37	
NODE_3_length_413136_cov_103.491	11	169549	169473	Pro	CGG	0	0	88.20	60.26	27.94	
NODE_3_length_413136_cov_103.491	12	42879 	42804 	Asn	GTT	0	0	91.73	62.08	29.65	
NODE_4_length_381450_cov_107    	1	21581 	21495 	Leu	CAA	0	0	69.99	38.33	31.66	
NODE_5_length_368512_cov_110.294	1	163498	163584	Leu	CAG	0	0	73.96	38.54	35.42	
NODE_5_length_368512_cov_110.294	2	163714	163800	Leu	CAG	0	0	73.96	38.54	35.42	
NODE_8_length_233804_cov_105.588	1	3655  	3730  	Thr	CGT	0	0	90.98	74.93	16.05	
NODE_9_length_214206_cov_108.936	1	119264	119338	Arg	CCT	0	0	69.71	45.21	24.50	
NODE_11_length_210260_cov_103.092	1	156622	156712	Ser	GCT	0	0	76.69	47.10	29.59	
NODE_11_length_210260_cov_103.092	2	156830	156906	Arg	ACG	0	0	83.50	58.05	25.45	
NODE_11_length_210260_cov_103.092	3	157018	157094	Arg	ACG	0	0	83.50	58.05	25.45	
NODE_11_length_210260_cov_103.092	4	173154	173078	Met	CAT	0	0	85.06	58.55	26.51	
NODE_11_length_210260_cov_103.092	5	67053 	66981 	Leu	GAG	0	0	20.84	19.28	1.56	
NODE_13_length_182580_cov_101.337	1	82687 	82612 	Gly	GCC	0	0	93.74	68.41	25.33	
NODE_13_length_182580_cov_101.337	2	35441 	35365 	Val	GAC	0	0	93.19	67.81	25.38	
NODE_13_length_182580_cov_101.337	3	1596  	1520  	Pro	GGG	0	0	74.89	48.01	26.88	
NODE_14_length_177420_cov_103.878	1	22258 	22347 	Ser	CGA	0	0	68.31	24.88	43.43	
NODE_15_length_173401_cov_100.593	1	124763	124687	Arg	TCT	0	0	96.39	77.88	18.51	
NODE_15_length_173401_cov_100.593	2	124635	124560	His	GTG	0	0	83.51	64.18	19.33	
NODE_15_length_173401_cov_100.593	3	124505	124421	Leu	TAG	0	0	76.62	44.97	31.65	
NODE_15_length_173401_cov_100.593	4	124354	124279	His	GTG	0	0	83.51	64.18	19.33	
NODE_15_length_173401_cov_100.593	5	113001	112925	Asp	GTC	0	0	95.34	76.86	18.48	
NODE_16_length_166340_cov_102.317	1	140556	140645	Ser	TGA	0	0	72.70	38.95	33.75	
NODE_16_length_166340_cov_102.317	2	164936	165011	Gly	GCC	0	0	93.74	68.41	25.33	
NODE_17_length_144718_cov_106.939	1	79679 	79754 	Phe	GAA	0	0	92.69	68.52	24.17	
NODE_17_length_144718_cov_106.939	2	92241 	92315 	Undet	NNN	0	0	23.83	22.17	1.66	
NODE_17_length_144718_cov_106.939	3	103645	103720	Thr	TGT	0	0	93.66	75.64	18.02	
NODE_19_length_118867_cov_106.143	1	1531  	1622  	SeC	TCA	0	0	55.75	-18.51	74.26	
NODE_19_length_118867_cov_106.143	2	55917 	56002 	Leu	GAG	0	0	68.53	39.16	29.37	
NODE_19_length_118867_cov_106.143	3	56093 	56169 	Met	CAT	0	0	85.85	60.06	25.79	
NODE_21_length_117043_cov_104.293	1	112556	112483	Cys	GCA	0	0	62.38	45.73	16.65	
NODE_21_length_117043_cov_104.293	2	99931 	99845 	Leu	TAA	0	0	76.64	42.32	34.32	
NODE_22_length_107257_cov_105.21	1	95411 	95484 	Gly	CCC	0	0	60.35	30.06	30.29	
NODE_23_length_105046_cov_106.811	1	47012 	47085 	Arg	ACG	0	0	52.72	27.21	25.51	
NODE_23_length_105046_cov_106.811	2	3104  	3029  	Asn	GTT	0	0	91.73	62.08	29.65	
NODE_23_length_105046_cov_106.811	3	3019  	2943  	Pro	TGG	0	0	87.63	64.60	23.03	
NODE_23_length_105046_cov_106.811	4	2932  	2857  	Lys	TTT	0	0	95.07	71.82	23.25	
NODE_29_length_75963_cov_104.552	1	36054 	36129 	Val	TAC	0	0	94.49	73.68	20.81	
NODE_29_length_75963_cov_104.552	2	36146 	36222 	Asp	GTC	0	0	94.67	75.49	19.18	
NODE_30_length_72827_cov_106.951	1	49487 	49561 	Gln	TTG	0	0	66.82	40.36	26.46	
NODE_30_length_72827_cov_106.951	2	53235 	53311 	Met	CAT	0	0	87.19	64.42	22.77	
NODE_33_length_54915_cov_100.86 	1	53696 	53621 	Trp	CCA	0	0	86.73	63.05	23.68	
NODE_47_length_16559_cov_97.7231	1	15729 	15804 	Lys	TTT	0	0	95.07	71.82	23.25	
NODE_66_length_5419_cov_353.761 	1	1858  	1934  	Ile	GAT	0	0	98.83	72.69	26.14	
NODE_66_length_5419_cov_353.761 	2	1963  	2038  	Ala	TGC	0	0	90.68	71.56	19.12	
NODE_78_length_3346_cov_88.5815 	1	521   	437   	Tyr	GTA	0	0	71.07	41.76	29.31	
NODE_78_length_3346_cov_88.5815 	2	410   	337   	Gly	TCC	0	0	82.75	60.87	21.88	
NODE_78_length_3346_cov_88.5815 	3	317   	242   	Thr	GGT	0	0	93.76	67.73	26.03	
