Sequence                         		tRNA  	Bounds	tRNA	Anti	Intron Bounds	Cove	HMM	2'Str	      
Name                             	tRNA #	Begin 	End   	Type	Codon	Begin	End	Score	Score	Score	Note
--------                         	------	----- 	------	----	-----	-----	----	------	-----	-----	------
NODE_1_length_923060_cov_88.7447 	1	273439	273529	Ser	GCT	0	0	76.69	47.10	29.59	
NODE_1_length_923060_cov_88.7447 	2	273647	273723	Arg	ACG	0	0	83.50	58.05	25.45	
NODE_1_length_923060_cov_88.7447 	3	273835	273911	Arg	ACG	0	0	83.50	58.05	25.45	
NODE_1_length_923060_cov_88.7447 	4	342574	342649	Lys	TTT	0	0	95.07	71.82	23.25	
NODE_1_length_923060_cov_88.7447 	5	379009	379098	Ser	CGA	0	0	68.31	24.88	43.43	
NODE_1_length_923060_cov_88.7447 	6	290016	289940	Met	CAT	0	0	85.06	58.55	26.51	
NODE_1_length_923060_cov_88.7447 	7	183774	183702	Leu	GAG	0	0	20.84	19.28	1.56	
NODE_1_length_923060_cov_88.7447 	8	58498 	58425 	Gly	CCC	0	0	60.35	30.06	30.29	
NODE_2_length_815831_cov_88.4988 	1	445108	445197	Ser	GGA	0	0	71.75	34.38	37.37	
NODE_2_length_815831_cov_88.4988 	2	633893	633969	Pro	CGG	0	0	88.20	60.26	27.94	
NODE_2_length_815831_cov_88.4988 	3	763805	763880	Asn	GTT	0	0	91.73	62.08	29.65	
NODE_2_length_815831_cov_88.4988 	4	755006	754931	Ala	GGC	0	0	86.95	68.86	18.09	
NODE_2_length_815831_cov_88.4988 	5	754882	754807	Glu	TTC	0	0	66.40	38.20	28.20	
NODE_2_length_815831_cov_88.4988 	6	754713	754638	Ala	GGC	0	0	86.95	68.86	18.09	
NODE_2_length_815831_cov_88.4988 	7	754591	754516	Glu	TTC	0	0	66.40	38.20	28.20	
NODE_2_length_815831_cov_88.4988 	8	715590	715515	Val	TAC	0	0	94.49	73.68	20.81	
NODE_2_length_815831_cov_88.4988 	9	715498	715422	Asp	GTC	0	0	94.67	75.49	19.18	
NODE_2_length_815831_cov_88.4988 	10	715307	715231	Asp	GTC	0	0	94.67	75.49	19.18	
NODE_2_length_815831_cov_88.4988 	11	412613	412538	Glu	TTC	0	0	66.40	38.20	28.20	
NODE_2_length_815831_cov_88.4988 	12	412535	412460	Gly	GCC	0	0	93.74	68.41	25.33	
NODE_2_length_815831_cov_88.4988 	13	412375	412300	Gly	GCC	0	0	93.74	68.41	25.33	
NODE_2_length_815831_cov_88.4988 	14	367378	367302	Val	GAC	0	0	93.19	67.81	25.38	
NODE_2_length_815831_cov_88.4988 	15	333235	333159	Pro	GGG	0	0	74.89	48.01	26.88	
NODE_2_length_815831_cov_88.4988 	16	167251	167162	Ser	TGA	0	0	72.70	38.95	33.75	
NODE_2_length_815831_cov_88.4988 	17	142874	142799	Gly	GCC	0	0	93.74	68.41	25.33	
NODE_2_length_815831_cov_88.4988 	18	138250	138177	Cys	GCA	0	0	62.38	45.73	16.65	
NODE_2_length_815831_cov_88.4988 	19	125626	125540	Leu	TAA	0	0	76.64	42.32	34.32	
NODE_3_length_805331_cov_92.6551 	1	688471	688562	SeC	TCA	0	0	55.75	-18.51	74.26	
NODE_3_length_805331_cov_92.6551 	2	742473	742558	Leu	GAG	0	0	68.53	39.16	29.37	
NODE_3_length_805331_cov_92.6551 	3	742649	742725	Met	CAT	0	0	85.85	60.06	25.79	
NODE_3_length_805331_cov_92.6551 	4	534643	534557	Leu	CAG	0	0	73.96	38.54	35.42	
NODE_3_length_805331_cov_92.6551 	5	534427	534341	Leu	CAG	0	0	73.96	38.54	35.42	
NODE_3_length_805331_cov_92.6551 	6	277705	277630	Phe	GAA	0	0	92.69	68.52	24.17	
NODE_3_length_805331_cov_92.6551 	7	266295	266220	Thr	TGT	0	0	93.66	75.64	18.02	
NODE_4_length_604323_cov_91.0297 	1	379352	379438	Leu	CAA	0	0	69.99	38.33	31.66	
NODE_5_length_427367_cov_88.2629 	1	302575	302651	Arg	TCT	0	0	96.39	77.88	18.51	
NODE_5_length_427367_cov_88.2629 	2	302703	302778	His	GTG	0	0	83.51	64.18	19.33	
NODE_5_length_427367_cov_88.2629 	3	302833	302917	Leu	TAG	0	0	76.62	44.97	31.65	
NODE_5_length_427367_cov_88.2629 	4	302984	303059	His	GTG	0	0	83.51	64.18	19.33	
NODE_5_length_427367_cov_88.2629 	5	314347	314423	Asp	GTC	0	0	95.34	76.86	18.48	
NODE_6_length_395657_cov_91.5412 	1	91362 	91438 	Met	CAT	0	0	92.87	71.40	21.47	
NODE_7_length_349733_cov_92.7114 	1	293271	293186	Lys	TTT	0	0	22.00	12.28	9.72	
NODE_7_length_349733_cov_92.7114 	2	275292	275217	Thr	CGT	0	0	90.98	74.93	16.05	
NODE_10_length_209967_cov_92.2338	1	90065 	89989 	Arg	CCT	0	0	83.71	58.51	25.20	
NODE_12_length_178378_cov_96.7625	1	100917	100992	Asn	GTT	0	0	91.73	62.08	29.65	
NODE_12_length_178378_cov_96.7625	2	101002	101078	Pro	TGG	0	0	87.63	64.60	23.03	
NODE_12_length_178378_cov_96.7625	3	101089	101164	Lys	TTT	0	0	95.07	71.82	23.25	
NODE_12_length_178378_cov_96.7625	4	57001 	56928 	Arg	ACG	0	0	52.72	27.21	25.51	
NODE_15_length_110084_cov_89.2192	1	74148 	74073 	Val	TAC	0	0	94.49	73.68	20.81	
NODE_15_length_110084_cov_89.2192	2	74056 	73980 	Asp	GTC	0	0	94.67	75.49	19.18	
NODE_18_length_71522_cov_89.9598 	1	22226 	22152 	Gln	TTG	0	0	66.82	40.36	26.46	
NODE_18_length_71522_cov_89.9598 	2	18477 	18401 	Met	CAT	0	0	87.19	64.42	22.77	
NODE_20_length_65524_cov_93.5023 	1	64305 	64230 	Trp	CCA	0	0	86.73	63.05	23.68	
NODE_24_length_35804_cov_93.2256 	1	1187  	1111  	Arg	CCG	0	0	87.81	66.55	21.26	
NODE_29_length_5273_cov_285.495  	1	3318  	3242  	Ile	GAT	0	0	98.83	72.69	26.14	
NODE_29_length_5273_cov_285.495  	2	3213  	3138  	Ala	TGC	0	0	90.68	71.56	19.12	
NODE_33_length_3411_cov_76.2262  	1	521   	437   	Tyr	GTA	0	0	71.07	41.76	29.31	
NODE_33_length_3411_cov_76.2262  	2	410   	337   	Gly	TCC	0	0	82.75	60.87	21.88	
NODE_33_length_3411_cov_76.2262  	3	317   	242   	Thr	GGT	0	0	93.76	67.73	26.03	
NODE_116_length_208_cov_27.037   	1	168   	83    	Lys	TTT	0	0	22.00	12.28	9.72	
