Sequence                         		tRNA  	Bounds	tRNA	Anti	Intron Bounds	Cove	HMM	2'Str	      
Name                             	tRNA #	Begin 	End   	Type	Codon	Begin	End	Score	Score	Score	Note
--------                         	------	----- 	------	----	-----	-----	----	------	-----	-----	------
NODE_1_length_578660_cov_80.0513 	1	215175	215089	Leu	CAA	0	0	69.99	38.33	31.66	
NODE_2_length_492883_cov_77.9363 	1	199387	199462	Asn	GTT	0	0	91.73	62.08	29.65	
NODE_2_length_492883_cov_77.9363 	2	199472	199548	Pro	TGG	0	0	87.63	64.60	23.03	
NODE_2_length_492883_cov_77.9363 	3	199559	199634	Lys	TTT	0	0	95.07	71.82	23.25	
NODE_2_length_492883_cov_77.9363 	4	217618	217693	Thr	CGT	0	0	90.98	74.93	16.05	
NODE_2_length_492883_cov_77.9363 	5	155472	155399	Arg	ACG	0	0	52.72	27.21	25.51	
NODE_2_length_492883_cov_77.9363 	6	49295 	49221 	Gln	TTG	0	0	66.82	40.36	26.46	
NODE_2_length_492883_cov_77.9363 	7	22176 	22100 	Met	CAT	0	0	87.19	64.42	22.77	
NODE_3_length_458586_cov_77.837  	1	97311 	97400 	Ser	GGA	0	0	71.75	34.38	37.37	
NODE_3_length_458586_cov_77.837  	2	286104	286180	Pro	CGG	0	0	88.20	60.26	27.94	
NODE_3_length_458586_cov_77.837  	3	415987	416062	Asn	GTT	0	0	91.73	62.08	29.65	
NODE_3_length_458586_cov_77.837  	4	407188	407113	Ala	GGC	0	0	86.95	68.86	18.09	
NODE_3_length_458586_cov_77.837  	5	407064	406989	Glu	TTC	0	0	66.40	38.20	28.20	
NODE_3_length_458586_cov_77.837  	6	406895	406820	Ala	GGC	0	0	86.95	68.86	18.09	
NODE_3_length_458586_cov_77.837  	7	406773	406698	Glu	TTC	0	0	66.40	38.20	28.20	
NODE_3_length_458586_cov_77.837  	8	367796	367721	Val	TAC	0	0	94.49	73.68	20.81	
NODE_3_length_458586_cov_77.837  	9	367704	367628	Asp	GTC	0	0	94.67	75.49	19.18	
NODE_3_length_458586_cov_77.837  	10	367513	367437	Asp	GTC	0	0	94.67	75.49	19.18	
NODE_3_length_458586_cov_77.837  	11	64816 	64741 	Glu	TTC	0	0	66.40	38.20	28.20	
NODE_3_length_458586_cov_77.837  	12	64738 	64663 	Gly	GCC	0	0	93.74	68.41	25.33	
NODE_4_length_458012_cov_80.4427 	1	341617	341708	SeC	TCA	0	0	55.75	-18.51	74.26	
NODE_4_length_458012_cov_80.4427 	2	395668	395753	Leu	GAG	0	0	68.53	39.16	29.37	
NODE_4_length_458012_cov_80.4427 	3	395844	395920	Met	CAT	0	0	85.85	60.06	25.79	
NODE_4_length_458012_cov_80.4427 	4	185336	185250	Leu	CAG	0	0	73.96	38.54	35.42	
NODE_4_length_458012_cov_80.4427 	5	185120	185034	Leu	CAG	0	0	73.96	38.54	35.42	
NODE_5_length_360475_cov_74.6866 	1	216330	216420	Ser	GCT	0	0	76.69	47.10	29.59	
NODE_5_length_360475_cov_74.6866 	2	216538	216614	Arg	ACG	0	0	83.50	58.05	25.45	
NODE_5_length_360475_cov_74.6866 	3	216726	216802	Arg	ACG	0	0	83.50	58.05	25.45	
NODE_5_length_360475_cov_74.6866 	4	285489	285564	Lys	TTT	0	0	95.07	71.82	23.25	
NODE_5_length_360475_cov_74.6866 	5	232912	232836	Met	CAT	0	0	85.06	58.55	26.51	
NODE_5_length_360475_cov_74.6866 	6	126648	126576	Leu	GAG	0	0	20.84	19.28	1.56	
NODE_5_length_360475_cov_74.6866 	7	23222 	23149 	Gly	CCC	0	0	60.35	30.06	30.29	
NODE_6_length_280112_cov_76.6885 	1	153999	154088	Ser	TGA	0	0	72.70	38.95	33.75	
NODE_6_length_280112_cov_76.6885 	2	178379	178454	Gly	GCC	0	0	93.74	68.41	25.33	
NODE_6_length_280112_cov_76.6885 	3	184772	184845	Cys	GCA	0	0	62.38	45.73	16.65	
NODE_6_length_280112_cov_76.6885 	4	197397	197483	Leu	TAA	0	0	76.64	42.32	34.32	
NODE_7_length_269276_cov_76.1424 	1	124776	124700	Arg	TCT	0	0	96.39	77.88	18.51	
NODE_7_length_269276_cov_76.1424 	2	124648	124573	His	GTG	0	0	83.51	64.18	19.33	
NODE_7_length_269276_cov_76.1424 	3	124518	124434	Leu	TAG	0	0	76.62	44.97	31.65	
NODE_7_length_269276_cov_76.1424 	4	124367	124292	His	GTG	0	0	83.51	64.18	19.33	
NODE_7_length_269276_cov_76.1424 	5	113014	112938	Asp	GTC	0	0	95.34	76.86	18.48	
NODE_12_length_222896_cov_80.447 	1	139553	139477	Met	CAT	0	0	92.87	71.40	21.47	
NODE_16_length_187925_cov_77.6904	1	154210	154121	Ser	CGA	0	0	68.31	24.88	43.43	
NODE_18_length_136180_cov_77.5538	1	100221	100146	Val	TAC	0	0	94.49	73.68	20.81	
NODE_18_length_136180_cov_77.5538	2	100129	100053	Asp	GTC	0	0	94.67	75.49	19.18	
NODE_20_length_124577_cov_73.9748	1	75798 	75874 	Val	GAC	0	0	93.19	67.81	25.38	
NODE_21_length_120065_cov_80.7393	1	919   	843   	Arg	CCT	0	0	83.71	58.51	25.20	
NODE_28_length_76775_cov_80.7553 	1	4899  	4824  	Phe	GAA	0	0	92.69	68.52	24.17	
NODE_29_length_65459_cov_81.1595 	1	1220  	1295  	Trp	CCA	0	0	86.73	63.05	23.68	
NODE_30_length_59215_cov_80.8375 	1	23255 	23330 	Thr	TGT	0	0	93.66	75.64	18.02	
NODE_36_length_35831_cov_79.9729 	1	34644 	34720 	Arg	CCG	0	0	87.81	66.55	21.26	
NODE_37_length_34541_cov_72.2193 	1	19614 	19690 	Pro	GGG	0	0	74.89	48.01	26.88	
NODE_47_length_5405_cov_274.881  	1	1829  	1905  	Ile	GAT	0	0	98.83	72.69	26.14	
NODE_47_length_5405_cov_274.881  	2	1934  	2009  	Ala	TGC	0	0	90.68	71.56	19.12	
NODE_50_length_3329_cov_66.7217  	1	2809  	2893  	Tyr	GTA	0	0	71.07	41.76	29.31	
NODE_50_length_3329_cov_66.7217  	2	2920  	2993  	Gly	TCC	0	0	82.75	60.87	21.88	
NODE_50_length_3329_cov_66.7217  	3	3013  	3088  	Thr	GGT	0	0	93.76	67.73	26.03	
