Sequence                         		tRNA  	Bounds	tRNA	Anti	Intron Bounds	Cove	HMM	2'Str	      
Name                             	tRNA #	Begin 	End   	Type	Codon	Begin	End	Score	Score	Score	Note
--------                         	------	----- 	------	----	-----	-----	----	------	-----	-----	------
NODE_1_length_970750_cov_74.6291 	1	608798	608887	Ser	GGA	0	0	71.75	34.38	37.37	
NODE_1_length_970750_cov_74.6291 	2	797567	797643	Pro	CGG	0	0	88.20	60.26	27.94	
NODE_1_length_970750_cov_74.6291 	3	926369	926444	Asn	GTT	0	0	91.73	62.08	29.65	
NODE_1_length_970750_cov_74.6291 	4	917570	917495	Ala	GGC	0	0	86.95	68.86	18.09	
NODE_1_length_970750_cov_74.6291 	5	917446	917371	Glu	TTC	0	0	66.40	38.20	28.20	
NODE_1_length_970750_cov_74.6291 	6	917277	917202	Ala	GGC	0	0	86.95	68.86	18.09	
NODE_1_length_970750_cov_74.6291 	7	917155	917080	Glu	TTC	0	0	66.40	38.20	28.20	
NODE_1_length_970750_cov_74.6291 	8	878173	878098	Val	TAC	0	0	94.49	73.68	20.81	
NODE_1_length_970750_cov_74.6291 	9	878081	878005	Asp	GTC	0	0	94.67	75.49	19.18	
NODE_1_length_970750_cov_74.6291 	10	877890	877814	Asp	GTC	0	0	94.67	75.49	19.18	
NODE_1_length_970750_cov_74.6291 	11	576301	576226	Glu	TTC	0	0	66.40	38.20	28.20	
NODE_1_length_970750_cov_74.6291 	12	576223	576148	Gly	GCC	0	0	93.74	68.41	25.33	
NODE_1_length_970750_cov_74.6291 	13	576063	575988	Gly	GCC	0	0	93.74	68.41	25.33	
NODE_1_length_970750_cov_74.6291 	14	496656	496580	Val	GAC	0	0	93.19	67.81	25.38	
NODE_1_length_970750_cov_74.6291 	15	462515	462439	Pro	GGG	0	0	74.89	48.01	26.88	
NODE_1_length_970750_cov_74.6291 	16	307308	307219	Ser	TGA	0	0	72.99	31.35	41.64	
NODE_1_length_970750_cov_74.6291 	17	197034	196959	Gly	GCC	0	0	93.74	68.41	25.33	
NODE_1_length_970750_cov_74.6291 	18	159035	158962	Cys	GCA	0	0	62.38	45.73	16.65	
NODE_1_length_970750_cov_74.6291 	19	146411	146325	Leu	TAA	0	0	76.64	42.32	34.32	
NODE_2_length_903626_cov_76.9062 	1	700332	700408	Arg	CCT	0	0	83.71	58.51	25.20	
NODE_2_length_903626_cov_76.9062 	2	829518	829593	Val	TAC	0	0	94.49	73.68	20.81	
NODE_2_length_903626_cov_76.9062 	3	829610	829686	Asp	GTC	0	0	94.67	75.49	19.18	
NODE_2_length_903626_cov_76.9062 	4	216481	216395	Leu	CAA	0	0	69.99	38.33	31.66	
NODE_3_length_828136_cov_76.0639 	1	546297	546373	Met	CAT	0	0	85.06	58.55	26.51	
NODE_3_length_828136_cov_76.0639 	2	652507	652579	Leu	GAG	0	0	20.84	19.28	1.56	
NODE_3_length_828136_cov_76.0639 	3	769249	769322	Gly	CCC	0	0	60.35	30.06	30.29	
NODE_3_length_828136_cov_76.0639 	4	562841	562751	Ser	GCT	0	0	76.69	47.10	29.59	
NODE_3_length_828136_cov_76.0639 	5	562633	562557	Arg	ACG	0	0	83.50	58.05	25.45	
NODE_3_length_828136_cov_76.0639 	6	562445	562369	Arg	ACG	0	0	83.50	58.05	25.45	
NODE_3_length_828136_cov_76.0639 	7	493745	493670	Lys	TTT	0	0	95.07	71.82	23.25	
NODE_3_length_828136_cov_76.0639 	8	466204	466115	Ser	CGA	0	0	68.31	24.88	43.43	
NODE_4_length_772231_cov_77.7764 	1	655370	655461	SeC	TCA	0	0	55.75	-18.51	74.26	
NODE_4_length_772231_cov_77.7764 	2	709370	709455	Leu	GAG	0	0	68.53	39.16	29.37	
NODE_4_length_772231_cov_77.7764 	3	709546	709622	Met	CAT	0	0	85.85	60.06	25.79	
NODE_4_length_772231_cov_77.7764 	4	501793	501707	Leu	CAG	0	0	73.96	38.54	35.42	
NODE_4_length_772231_cov_77.7764 	5	501577	501491	Leu	CAG	0	0	73.96	38.54	35.42	
NODE_4_length_772231_cov_77.7764 	6	242516	242441	Phe	GAA	0	0	92.69	68.52	24.17	
NODE_4_length_772231_cov_77.7764 	7	231106	231031	Thr	TGT	0	0	93.66	75.64	18.02	
NODE_5_length_392168_cov_74.9477 	1	299637	299713	Arg	TCT	0	0	96.39	77.88	18.51	
NODE_5_length_392168_cov_74.9477 	2	299765	299840	His	GTG	0	0	83.51	64.18	19.33	
NODE_5_length_392168_cov_74.9477 	3	299895	299979	Leu	TAG	0	0	73.51	45.73	27.78	
NODE_5_length_392168_cov_74.9477 	4	300046	300121	His	GTG	0	0	83.51	64.18	19.33	
NODE_5_length_392168_cov_74.9477 	5	311412	311488	Asp	GTC	0	0	95.34	76.86	18.48	
NODE_6_length_371902_cov_77.1611 	1	294327	294251	Met	CAT	0	0	92.87	71.40	21.47	
NODE_7_length_305883_cov_75.6743 	1	232465	232390	Thr	CGT	0	0	90.98	74.93	16.05	
NODE_12_length_207723_cov_75.5194	1	78026 	78099 	Arg	ACG	0	0	52.72	27.21	25.51	
NODE_12_length_207723_cov_75.5194	2	185485	185559	Gln	TTG	0	0	66.82	40.36	26.46	
NODE_12_length_207723_cov_75.5194	3	189233	189309	Met	CAT	0	0	87.19	64.42	22.77	
NODE_12_length_207723_cov_75.5194	4	34110 	34035 	Asn	GTT	0	0	91.73	62.08	29.65	
NODE_12_length_207723_cov_75.5194	5	34025 	33949 	Pro	TGG	0	0	87.63	64.60	23.03	
NODE_12_length_207723_cov_75.5194	6	33938 	33863 	Lys	TTT	0	0	95.07	71.82	23.25	
NODE_17_length_65507_cov_78.9314 	1	64288 	64213 	Trp	CCA	0	0	86.73	63.05	23.68	
NODE_22_length_36053_cov_74.7062 	1	34635 	34711 	Arg	CCG	0	0	87.81	66.55	21.26	
NODE_25_length_5543_cov_267.901  	1	3590  	3514  	Ile	GAT	0	0	98.83	72.69	26.14	
NODE_25_length_5543_cov_267.901  	2	3485  	3410  	Ala	TGC	0	0	90.68	71.56	19.12	
NODE_27_length_3319_cov_62.2265  	1	521   	437   	Tyr	GTA	0	0	71.07	41.76	29.31	
NODE_27_length_3319_cov_62.2265  	2	410   	337   	Gly	TCC	0	0	82.75	60.87	21.88	
NODE_27_length_3319_cov_62.2265  	3	317   	242   	Thr	GGT	0	0	93.76	67.73	26.03	
NODE_128_length_416_cov_0.764706 	1	20    	91    	Gln	TTG	0	0	48.04	16.40	31.64	
