Sequence                         		tRNA  	Bounds	tRNA	Anti	Intron Bounds	Cove	HMM	2'Str	      
Name                             	tRNA #	Begin 	End   	Type	Codon	Begin	End	Score	Score	Score	Note
--------                         	------	----- 	------	----	-----	-----	----	------	-----	-----	------
NODE_1_length_662766_cov_63.7711 	1	271706	271792	Leu	CAG	0	0	73.96	38.54	35.42	
NODE_1_length_662766_cov_63.7711 	2	271922	272008	Leu	CAG	0	0	73.96	38.54	35.42	
NODE_1_length_662766_cov_63.7711 	3	529429	529504	Phe	GAA	0	0	92.69	68.52	24.17	
NODE_1_length_662766_cov_63.7711 	4	540839	540914	Thr	TGT	0	0	93.66	75.64	18.02	
NODE_1_length_662766_cov_63.7711 	5	117205	117114	SeC	TCA	0	0	55.75	-18.51	74.26	
NODE_1_length_662766_cov_63.7711 	6	62976 	62891 	Leu	GAG	0	0	68.53	39.16	29.37	
NODE_1_length_662766_cov_63.7711 	7	62800 	62724 	Met	CAT	0	0	85.85	60.06	25.79	
NODE_2_length_526409_cov_63.2934 	1	55164 	55239 	Ala	GGC	0	0	86.95	68.86	18.09	
NODE_2_length_526409_cov_63.2934 	2	55288 	55363 	Glu	TTC	0	0	66.40	38.20	28.20	
NODE_2_length_526409_cov_63.2934 	3	55457 	55532 	Ala	GGC	0	0	86.95	68.86	18.09	
NODE_2_length_526409_cov_63.2934 	4	55579 	55654 	Glu	TTC	0	0	66.40	38.20	28.20	
NODE_2_length_526409_cov_63.2934 	5	94563 	94638 	Val	TAC	0	0	94.49	73.68	20.81	
NODE_2_length_526409_cov_63.2934 	6	94655 	94731 	Asp	GTC	0	0	94.67	75.49	19.18	
NODE_2_length_526409_cov_63.2934 	7	94846 	94922 	Asp	GTC	0	0	94.67	75.49	19.18	
NODE_2_length_526409_cov_63.2934 	8	397552	397627	Glu	TTC	0	0	66.40	38.20	28.20	
NODE_2_length_526409_cov_63.2934 	9	397630	397705	Gly	GCC	0	0	93.74	68.41	25.33	
NODE_2_length_526409_cov_63.2934 	10	397790	397865	Gly	GCC	0	0	93.74	68.41	25.33	
NODE_2_length_526409_cov_63.2934 	11	442827	442903	Val	GAC	0	0	93.19	67.81	25.38	
NODE_2_length_526409_cov_63.2934 	12	476670	476746	Pro	GGG	0	0	74.89	48.01	26.88	
NODE_2_length_526409_cov_63.2934 	13	365056	364967	Ser	GGA	0	0	71.75	34.38	37.37	
NODE_2_length_526409_cov_63.2934 	14	176252	176176	Pro	CGG	0	0	88.20	60.26	27.94	
NODE_2_length_526409_cov_63.2934 	15	46365 	46290 	Asn	GTT	0	0	91.73	62.08	29.65	
NODE_3_length_481359_cov_65.1056 	1	47468 	47382 	Leu	CAA	0	0	69.99	38.33	31.66	
NODE_4_length_436379_cov_64.4336 	1	340885	340809	Met	CAT	0	0	92.87	71.40	21.47	
NODE_4_length_436379_cov_64.4336 	2	13435 	13359 	Arg	CCG	0	0	87.81	66.55	21.26	
NODE_6_length_373985_cov_63.6767 	1	275083	275008	Thr	CGT	0	0	90.98	74.93	16.05	
NODE_7_length_271465_cov_64.7656 	1	126786	126710	Arg	TCT	0	0	96.39	77.88	18.51	
NODE_7_length_271465_cov_64.7656 	2	126658	126583	His	GTG	0	0	83.51	64.18	19.33	
NODE_7_length_271465_cov_64.7656 	3	126528	126444	Leu	TAG	0	0	76.62	44.97	31.65	
NODE_7_length_271465_cov_64.7656 	4	126377	126302	His	GTG	0	0	83.51	64.18	19.33	
NODE_7_length_271465_cov_64.7656 	5	115024	114948	Asp	GTC	0	0	95.34	76.86	18.48	
NODE_9_length_215539_cov_64.3983 	1	91984 	91911 	Gly	CCC	0	0	60.35	30.06	30.29	
NODE_12_length_193910_cov_64.0804	1	110172	110261	Ser	TGA	0	0	72.70	38.95	33.75	
NODE_12_length_193910_cov_64.0804	2	134571	134646	Gly	GCC	0	0	93.74	68.41	25.33	
NODE_12_length_193910_cov_64.0804	3	140965	141038	Cys	GCA	0	0	62.38	45.73	16.65	
NODE_13_length_183157_cov_63.7956	1	148264	148175	Ser	CGA	0	0	68.31	24.88	43.43	
NODE_15_length_161476_cov_63.9511	1	54880 	54956 	Met	CAT	0	0	85.06	58.55	26.51	
NODE_15_length_161476_cov_63.9511	2	161135	161207	Leu	GAG	0	0	20.84	19.28	1.56	
NODE_15_length_161476_cov_63.9511	3	71456 	71366 	Ser	GCT	0	0	76.69	47.10	29.59	
NODE_15_length_161476_cov_63.9511	4	71248 	71172 	Arg	ACG	0	0	83.50	58.05	25.45	
NODE_15_length_161476_cov_63.9511	5	71060 	70984 	Arg	ACG	0	0	83.50	58.05	25.45	
NODE_15_length_161476_cov_63.9511	6	2304  	2229  	Lys	TTT	0	0	95.07	71.82	23.25	
NODE_16_length_136812_cov_65.972 	1	100816	100741	Val	TAC	0	0	94.49	73.68	20.81	
NODE_16_length_136812_cov_65.972 	2	100724	100648	Asp	GTC	0	0	94.67	75.49	19.18	
NODE_17_length_129925_cov_64.4356	1	18561 	18637 	Met	CAT	0	0	79.53	56.75	22.78	
NODE_18_length_129403_cov_69.581 	1	93613 	93688 	Thr	TGT	0	0	74.27	61.42	12.85	
NODE_21_length_122197_cov_62.3768	1	3086  	3010  	Arg	CCT	0	0	83.71	58.51	25.20	
NODE_22_length_117063_cov_64.7915	1	101592	101667	Asn	GTT	0	0	91.73	62.08	29.65	
NODE_22_length_117063_cov_64.7915	2	101677	101753	Pro	TGG	0	0	87.63	64.60	23.03	
NODE_22_length_117063_cov_64.7915	3	101764	101839	Lys	TTT	0	0	95.07	71.82	23.25	
NODE_22_length_117063_cov_64.7915	4	57684 	57611 	Arg	ACG	0	0	52.72	27.21	25.51	
NODE_28_length_74483_cov_63.0724 	1	48572 	48646 	Gln	TTG	0	0	66.82	40.36	26.46	
NODE_28_length_74483_cov_63.0724 	2	52320 	52396 	Met	CAT	0	0	87.19	64.42	22.77	
NODE_29_length_65288_cov_64.6343 	1	64273 	64198 	Trp	CCA	0	0	86.73	63.05	23.68	
NODE_40_length_5415_cov_261.633  	1	1829  	1905  	Ile	GAT	0	0	98.83	72.69	26.14	
NODE_40_length_5415_cov_261.633  	2	1934  	2009  	Ala	TGC	0	0	90.68	71.56	19.12	
NODE_43_length_3526_cov_63.035   	1	725   	641   	Tyr	GTA	0	0	71.07	41.76	29.31	
NODE_43_length_3526_cov_63.035   	2	614   	541   	Gly	TCC	0	0	82.75	60.87	21.88	
NODE_43_length_3526_cov_63.035   	3	521   	446   	Thr	GGT	0	0	93.76	67.73	26.03	
