Sequence                         		tRNA  	Bounds	tRNA	Anti	Intron Bounds	Cove	HMM	2'Str	      
Name                             	tRNA #	Begin 	End   	Type	Codon	Begin	End	Score	Score	Score	Note
--------                         	------	----- 	------	----	-----	-----	----	------	-----	-----	------
NODE_1_length_938631_cov_48.4434 	1	541367	541443	Met	CAT	0	0	85.06	58.55	26.51	
NODE_1_length_938631_cov_48.4434 	2	647577	647649	Leu	GAG	0	0	20.84	19.28	1.56	
NODE_1_length_938631_cov_48.4434 	3	792891	792964	Gly	CCC	0	0	60.35	30.06	30.29	
NODE_1_length_938631_cov_48.4434 	4	557912	557822	Ser	GCT	0	0	76.69	47.10	29.59	
NODE_1_length_938631_cov_48.4434 	5	557704	557628	Arg	ACG	0	0	83.50	58.05	25.45	
NODE_1_length_938631_cov_48.4434 	6	557516	557440	Arg	ACG	0	0	83.50	58.05	25.45	
NODE_1_length_938631_cov_48.4434 	7	488819	488744	Lys	TTT	0	0	95.07	71.82	23.25	
NODE_1_length_938631_cov_48.4434 	8	394007	393918	Ser	CGA	0	0	68.31	24.88	43.43	
NODE_2_length_816436_cov_49.263  	1	270448	270534	Leu	CAG	0	0	73.96	38.54	35.42	
NODE_2_length_816436_cov_49.263  	2	270664	270750	Leu	CAG	0	0	73.96	38.54	35.42	
NODE_2_length_816436_cov_49.263  	3	527825	527900	Phe	GAA	0	0	92.69	68.52	24.17	
NODE_2_length_816436_cov_49.263  	4	540451	540525	Undet	NNN	0	0	23.83	22.17	1.66	
NODE_2_length_816436_cov_49.263  	5	551860	551935	Thr	TGT	0	0	93.66	75.64	18.02	
NODE_2_length_816436_cov_49.263  	6	116776	116685	SeC	TCA	0	0	55.75	-18.51	74.26	
NODE_2_length_816436_cov_49.263  	7	62835 	62750 	Leu	GAG	0	0	68.53	39.16	29.37	
NODE_2_length_816436_cov_49.263  	8	62659 	62583 	Met	CAT	0	0	85.85	60.06	25.79	
NODE_3_length_802983_cov_48.9133 	1	800967	801043	Arg	CCT	0	0	83.71	58.51	25.20	
NODE_3_length_802983_cov_48.9133 	2	317087	317001	Leu	CAA	0	0	69.99	38.33	31.66	
NODE_4_length_612409_cov_47.9351 	1	432731	432807	Arg	TCT	0	0	96.39	77.88	18.51	
NODE_4_length_612409_cov_47.9351 	2	432859	432934	His	GTG	0	0	83.51	64.18	19.33	
NODE_4_length_612409_cov_47.9351 	3	432989	433073	Leu	TAG	0	0	76.62	44.97	31.65	
NODE_4_length_612409_cov_47.9351 	4	459978	460053	Met	CAT	0	0	60.05	34.98	25.07	
NODE_4_length_612409_cov_47.9351 	5	460355	460430	Gly	TCC	0	0	81.23	54.80	26.43	
NODE_4_length_612409_cov_47.9351 	6	460443	460517	Asn	GTT	0	0	76.95	53.18	23.77	
NODE_4_length_612409_cov_47.9351 	7	460522	460597	Thr	TGT	0	0	74.27	61.42	12.85	
NODE_4_length_612409_cov_47.9351 	8	487537	487612	His	GTG	0	0	83.51	64.18	19.33	
NODE_4_length_612409_cov_47.9351 	9	498903	498979	Asp	GTC	0	0	95.34	76.86	18.48	
NODE_5_length_404282_cov_48.2475 	1	42252 	42341 	Ser	GGA	0	0	71.75	34.38	37.37	
NODE_5_length_404282_cov_48.2475 	2	230994	231070	Pro	CGG	0	0	88.20	60.26	27.94	
NODE_5_length_404282_cov_48.2475 	3	359816	359891	Asn	GTT	0	0	91.73	62.08	29.65	
NODE_5_length_404282_cov_48.2475 	4	351017	350942	Ala	GGC	0	0	86.95	68.86	18.09	
NODE_5_length_404282_cov_48.2475 	5	350893	350818	Glu	TTC	0	0	66.40	38.20	28.20	
NODE_5_length_404282_cov_48.2475 	6	350724	350649	Ala	GGC	0	0	86.95	68.86	18.09	
NODE_5_length_404282_cov_48.2475 	7	350602	350527	Glu	TTC	0	0	66.40	38.20	28.20	
NODE_5_length_404282_cov_48.2475 	8	311620	311545	Val	TAC	0	0	94.49	73.68	20.81	
NODE_5_length_404282_cov_48.2475 	9	311528	311452	Asp	GTC	0	0	94.67	75.49	19.18	
NODE_5_length_404282_cov_48.2475 	10	311337	311261	Asp	GTC	0	0	94.67	75.49	19.18	
NODE_5_length_404282_cov_48.2475 	11	9755  	9680  	Glu	TTC	0	0	66.40	38.20	28.20	
NODE_5_length_404282_cov_48.2475 	12	9677  	9602  	Gly	GCC	0	0	93.74	68.41	25.33	
NODE_5_length_404282_cov_48.2475 	13	9517  	9442  	Gly	GCC	0	0	93.74	68.41	25.33	
NODE_6_length_404232_cov_48.4086 	1	293635	293559	Met	CAT	0	0	92.87	71.40	21.47	
NODE_7_length_307373_cov_47.7007 	1	73934 	74010 	Val	GAC	0	0	93.19	67.81	25.38	
NODE_7_length_307373_cov_47.7007 	2	108077	108153	Pro	GGG	0	0	74.89	48.01	26.88	
NODE_7_length_307373_cov_47.7007 	3	303771	303860	Ser	TGA	0	0	72.99	31.35	41.64	
NODE_8_length_305718_cov_48.8902 	1	240816	240741	Gly	GCC	0	0	93.74	68.41	25.33	
NODE_8_length_305718_cov_48.8902 	2	137917	137844	Cys	GCA	0	0	62.38	45.73	16.65	
NODE_8_length_305718_cov_48.8902 	3	125293	125207	Leu	TAA	0	0	76.64	42.32	34.32	
NODE_10_length_267983_cov_47.7932	1	233043	232968	Thr	CGT	0	0	90.98	74.93	16.05	
NODE_11_length_251527_cov_48.5425	1	122819	122892	Arg	ACG	0	0	52.72	27.21	25.51	
NODE_11_length_251527_cov_48.5425	2	229287	229361	Gln	TTG	0	0	66.82	40.36	26.46	
NODE_11_length_251527_cov_48.5425	3	233037	233113	Met	CAT	0	0	87.19	64.42	22.77	
NODE_11_length_251527_cov_48.5425	4	78903 	78828 	Asn	GTT	0	0	91.73	62.08	29.65	
NODE_11_length_251527_cov_48.5425	5	78818 	78742 	Pro	TGG	0	0	87.63	64.60	23.03	
NODE_11_length_251527_cov_48.5425	6	78731 	78656 	Lys	TTT	0	0	95.07	71.82	23.25	
NODE_14_length_205036_cov_49.0275	1	131177	131252	Val	TAC	0	0	94.49	73.68	20.81	
NODE_14_length_205036_cov_49.0275	2	131269	131345	Asp	GTC	0	0	94.67	75.49	19.18	
NODE_21_length_81680_cov_50.8251 	1	80461 	80386 	Trp	CCA	0	0	86.73	63.05	23.68	
NODE_26_length_36130_cov_48.6318 	1	1499  	1423  	Arg	CCG	0	0	87.81	66.55	21.26	
NODE_30_length_5551_cov_206.253  	1	3581  	3505  	Ile	GAT	0	0	98.83	72.69	26.14	
NODE_30_length_5551_cov_206.253  	2	3476  	3401  	Ala	TGC	0	0	90.68	71.56	19.12	
NODE_32_length_3327_cov_46.1694  	1	521   	437   	Tyr	GTA	0	0	71.07	41.76	29.31	
NODE_32_length_3327_cov_46.1694  	2	410   	337   	Gly	TCC	0	0	82.75	60.87	21.88	
NODE_32_length_3327_cov_46.1694  	3	317   	242   	Thr	GGT	0	0	93.76	67.73	26.03	
NODE_153_length_398_cov_0.627306 	1	148   	72    	His	GTG	0	0	25.30	3.61	21.69	
