Sequence                         		tRNA   	Bounds 	tRNA	Anti	Intron Bounds	Cove	HMM	2'Str	      
Name                             	tRNA #	Begin  	End    	Type	Codon	Begin	End	Score	Score	Score	Note
--------                         	------	-----  	------ 	----	-----	-----	----	------	-----	-----	------
NODE_1_length_1051999_cov_11.828 	1	690047 	690136 	Ser	GGA	0	0	71.75	34.38	37.37	
NODE_1_length_1051999_cov_11.828 	2	878816 	878892 	Pro	CGG	0	0	88.20	60.26	27.94	
NODE_1_length_1051999_cov_11.828 	3	1007618	1007693	Asn	GTT	0	0	91.73	62.08	29.65	
NODE_1_length_1051999_cov_11.828 	4	998819 	998744 	Ala	GGC	0	0	86.95	68.86	18.09	
NODE_1_length_1051999_cov_11.828 	5	998695 	998620 	Glu	TTC	0	0	66.40	38.20	28.20	
NODE_1_length_1051999_cov_11.828 	6	998526 	998451 	Ala	GGC	0	0	86.95	68.86	18.09	
NODE_1_length_1051999_cov_11.828 	7	998404 	998329 	Glu	TTC	0	0	66.40	38.20	28.20	
NODE_1_length_1051999_cov_11.828 	8	959422 	959347 	Val	TAC	0	0	94.49	73.68	20.81	
NODE_1_length_1051999_cov_11.828 	9	959330 	959254 	Asp	GTC	0	0	94.67	75.49	19.18	
NODE_1_length_1051999_cov_11.828 	10	959139 	959063 	Asp	GTC	0	0	94.67	75.49	19.18	
NODE_1_length_1051999_cov_11.828 	11	657550 	657475 	Glu	TTC	0	0	66.40	38.20	28.20	
NODE_1_length_1051999_cov_11.828 	12	657472 	657397 	Gly	GCC	0	0	93.74	68.41	25.33	
NODE_1_length_1051999_cov_11.828 	13	657312 	657237 	Gly	GCC	0	0	93.74	68.41	25.33	
NODE_1_length_1051999_cov_11.828 	14	577905 	577829 	Val	GAC	0	0	93.19	67.81	25.38	
NODE_1_length_1051999_cov_11.828 	15	543764 	543688 	Pro	GGG	0	0	74.89	48.01	26.88	
NODE_1_length_1051999_cov_11.828 	16	388557 	388468 	Ser	TGA	0	0	72.99	31.35	41.64	
NODE_1_length_1051999_cov_11.828 	17	278283 	278208 	Gly	GCC	0	0	93.74	68.41	25.33	
NODE_1_length_1051999_cov_11.828 	18	240284 	240211 	Cys	GCA	0	0	62.38	45.73	16.65	
NODE_1_length_1051999_cov_11.828 	19	227660 	227574 	Leu	TAA	0	0	76.64	42.32	34.32	
NODE_2_length_828136_cov_12.0874 	1	265296 	265386 	Ser	GCT	0	0	76.69	47.10	29.59	
NODE_2_length_828136_cov_12.0874 	2	265504 	265580 	Arg	ACG	0	0	83.50	58.05	25.45	
NODE_2_length_828136_cov_12.0874 	3	265692 	265768 	Arg	ACG	0	0	83.50	58.05	25.45	
NODE_2_length_828136_cov_12.0874 	4	334392 	334467 	Lys	TTT	0	0	95.07	71.82	23.25	
NODE_2_length_828136_cov_12.0874 	5	361933 	362022 	Ser	CGA	0	0	68.31	24.88	43.43	
NODE_2_length_828136_cov_12.0874 	6	281840 	281764 	Met	CAT	0	0	85.06	58.55	26.51	
NODE_2_length_828136_cov_12.0874 	7	175630 	175558 	Leu	GAG	0	0	20.84	19.28	1.56	
NODE_2_length_828136_cov_12.0874 	8	58888  	58815  	Gly	CCC	0	0	60.35	30.06	30.29	
NODE_3_length_772231_cov_12.2104 	1	270439 	270525 	Leu	CAG	0	0	73.96	38.54	35.42	
NODE_3_length_772231_cov_12.2104 	2	270655 	270741 	Leu	CAG	0	0	73.96	38.54	35.42	
NODE_3_length_772231_cov_12.2104 	3	529716 	529791 	Phe	GAA	0	0	92.69	68.52	24.17	
NODE_3_length_772231_cov_12.2104 	4	541126 	541201 	Thr	TGT	0	0	93.66	75.64	18.02	
NODE_3_length_772231_cov_12.2104 	5	116862 	116771 	SeC	TCA	0	0	55.75	-18.51	74.26	
NODE_3_length_772231_cov_12.2104 	6	62862  	62777  	Leu	GAG	0	0	68.53	39.16	29.37	
NODE_3_length_772231_cov_12.2104 	7	62686  	62610  	Met	CAT	0	0	85.85	60.06	25.79	
NODE_4_length_469951_cov_12.2668 	1	266657 	266733 	Arg	CCT	0	0	83.71	58.51	25.20	
NODE_4_length_469951_cov_12.2668 	2	395843 	395918 	Val	TAC	0	0	94.49	73.68	20.81	
NODE_4_length_469951_cov_12.2668 	3	395935 	396011 	Asp	GTC	0	0	94.67	75.49	19.18	
NODE_5_length_394508_cov_11.4944 	1	299722 	299798 	Arg	TCT	0	0	96.39	77.88	18.51	
NODE_5_length_394508_cov_11.4944 	2	299850 	299925 	His	GTG	0	0	83.51	64.18	19.33	
NODE_5_length_394508_cov_11.4944 	3	299980 	300064 	Leu	TAG	0	0	76.55	48.77	27.78	
NODE_5_length_394508_cov_11.4944 	4	300131 	300206 	His	GTG	0	0	83.51	64.18	19.33	
NODE_5_length_394508_cov_11.4944 	5	311497 	311573 	Asp	GTC	0	0	95.34	76.86	18.48	
NODE_6_length_371902_cov_12.1744 	1	294327 	294251 	Met	CAT	0	0	92.87	71.40	21.47	
NODE_7_length_321358_cov_11.8549 	1	104064 	103978 	Leu	CAA	0	0	69.99	38.33	31.66	
NODE_9_length_309851_cov_11.4032 	1	236348 	236273 	Thr	CGT	0	0	90.98	74.93	16.05	
NODE_13_length_207723_cov_11.5107	1	78026  	78099  	Arg	ACG	0	0	52.72	27.21	25.51	
NODE_13_length_207723_cov_11.5107	2	185485 	185559 	Gln	TTG	0	0	66.82	40.36	26.46	
NODE_13_length_207723_cov_11.5107	3	189233 	189309 	Met	CAT	0	0	87.19	64.42	22.77	
NODE_13_length_207723_cov_11.5107	4	34110  	34035  	Asn	GTT	0	0	91.73	62.08	29.65	
NODE_13_length_207723_cov_11.5107	5	34025  	33949  	Pro	TGG	0	0	87.63	64.60	23.03	
NODE_13_length_207723_cov_11.5107	6	33938  	33863  	Lys	TTT	0	0	95.07	71.82	23.25	
NODE_18_length_65507_cov_12.6899 	1	64288  	64213  	Trp	CCA	0	0	86.73	63.05	23.68	
NODE_21_length_36053_cov_12.0591 	1	34635  	34711  	Arg	CCG	0	0	87.81	66.55	21.26	
NODE_23_length_5543_cov_40.2707  	1	3590   	3514   	Ile	GAT	0	0	98.83	72.69	26.14	
NODE_23_length_5543_cov_40.2707  	2	3485   	3410   	Ala	TGC	0	0	90.68	71.56	19.12	
NODE_25_length_3319_cov_9.19612  	1	521    	437    	Tyr	GTA	0	0	71.07	41.76	29.31	
NODE_25_length_3319_cov_9.19612  	2	410    	337    	Gly	TCC	0	0	82.75	60.87	21.88	
NODE_25_length_3319_cov_9.19612  	3	317    	242    	Thr	GGT	0	0	93.76	67.73	26.03	
