Sequence                         		tRNA  	Bounds	tRNA	Anti	Intron Bounds	Cove	HMM	2'Str	      
Name                             	tRNA #	Begin 	End   	Type	Codon	Begin	End	Score	Score	Score	Note
--------                         	------	----- 	------	----	-----	-----	----	------	-----	-----	------
NODE_1_length_856988_cov_66.9835 	1	487370	487459	Ser	GGA	0	0	71.75	34.38	37.37	
NODE_1_length_856988_cov_66.9835 	2	676146	676222	Pro	CGG	0	0	88.20	60.26	27.94	
NODE_1_length_856988_cov_66.9835 	3	804961	805036	Asn	GTT	0	0	91.73	62.08	29.65	
NODE_1_length_856988_cov_66.9835 	4	796154	796079	Ala	GGC	0	0	86.95	68.86	18.09	
NODE_1_length_856988_cov_66.9835 	5	796030	795955	Glu	TTC	0	0	66.40	38.20	28.20	
NODE_1_length_856988_cov_66.9835 	6	795861	795786	Ala	GGC	0	0	86.95	68.86	18.09	
NODE_1_length_856988_cov_66.9835 	7	795739	795664	Glu	TTC	0	0	66.40	38.20	28.20	
NODE_1_length_856988_cov_66.9835 	8	756766	756691	Val	TAC	0	0	94.49	73.68	20.81	
NODE_1_length_856988_cov_66.9835 	9	756674	756598	Asp	GTC	0	0	94.67	75.49	19.18	
NODE_1_length_856988_cov_66.9835 	10	756483	756407	Asp	GTC	0	0	94.67	75.49	19.18	
NODE_1_length_856988_cov_66.9835 	11	454876	454801	Glu	TTC	0	0	66.40	38.20	28.20	
NODE_1_length_856988_cov_66.9835 	12	454798	454723	Gly	GCC	0	0	93.74	68.41	25.33	
NODE_1_length_856988_cov_66.9835 	13	454638	454563	Gly	GCC	0	0	93.74	68.41	25.33	
NODE_1_length_856988_cov_66.9835 	14	353189	353113	Val	GAC	0	0	93.19	67.81	25.38	
NODE_1_length_856988_cov_66.9835 	15	319046	318970	Pro	GGG	0	0	74.89	48.01	26.88	
NODE_1_length_856988_cov_66.9835 	16	139112	139023	Ser	TGA	0	0	72.70	38.95	33.75	
NODE_1_length_856988_cov_66.9835 	17	114737	114662	Gly	GCC	0	0	93.74	68.41	25.33	
NODE_1_length_856988_cov_66.9835 	18	110113	110040	Cys	GCA	0	0	62.38	45.73	16.65	
NODE_1_length_856988_cov_66.9835 	19	97489 	97403 	Leu	TAA	0	0	76.64	42.32	34.32	
NODE_2_length_687945_cov_67.239  	1	571128	571219	SeC	TCA	0	0	55.75	-18.51	74.26	
NODE_2_length_687945_cov_67.239  	2	625075	625160	Leu	GAG	0	0	68.53	39.16	29.37	
NODE_2_length_687945_cov_67.239  	3	625251	625327	Met	CAT	0	0	85.85	60.06	25.79	
NODE_2_length_687945_cov_67.239  	4	417248	417162	Leu	CAG	0	0	73.96	38.54	35.42	
NODE_2_length_687945_cov_67.239  	5	417032	416946	Leu	CAG	0	0	73.96	38.54	35.42	
NODE_2_length_687945_cov_67.239  	6	160384	160309	Phe	GAA	0	0	92.69	68.52	24.17	
NODE_2_length_687945_cov_67.239  	7	148979	148904	Thr	TGT	0	0	93.66	75.64	18.02	
NODE_3_length_599123_cov_65.4965 	1	219401	219315	Leu	CAA	0	0	69.99	38.33	31.66	
NODE_4_length_513257_cov_65.786  	1	354405	354481	Arg	TCT	0	0	96.39	77.88	18.51	
NODE_4_length_513257_cov_65.786  	2	354533	354608	His	GTG	0	0	83.51	64.18	19.33	
NODE_4_length_513257_cov_65.786  	3	354663	354747	Leu	TAG	0	0	76.62	44.97	31.65	
NODE_4_length_513257_cov_65.786  	4	420931	421006	His	GTG	0	0	83.51	64.18	19.33	
NODE_4_length_513257_cov_65.786  	5	432297	432373	Asp	GTC	0	0	95.34	76.86	18.48	
NODE_5_length_421056_cov_66.5221 	1	331429	331353	Met	CAT	0	0	92.87	71.40	21.47	
NODE_5_length_421056_cov_66.5221 	2	1283  	1207  	Arg	CCG	0	0	88.66	67.40	21.26	
NODE_6_length_329152_cov_66.5547 	1	251846	251936	Ser	GCT	0	0	76.69	47.10	29.59	
NODE_6_length_329152_cov_66.5547 	2	252054	252130	Arg	ACG	0	0	83.50	58.05	25.45	
NODE_6_length_329152_cov_66.5547 	3	252242	252318	Arg	ACG	0	0	83.50	58.05	25.45	
NODE_6_length_329152_cov_66.5547 	4	320941	321016	Lys	TTT	0	0	95.07	71.82	23.25	
NODE_6_length_329152_cov_66.5547 	5	268388	268312	Met	CAT	0	0	85.06	58.55	26.51	
NODE_6_length_329152_cov_66.5547 	6	162182	162110	Leu	GAG	0	0	20.84	19.28	1.56	
NODE_6_length_329152_cov_66.5547 	7	58238 	58165 	Gly	CCC	0	0	60.35	30.06	30.29	
NODE_7_length_270700_cov_65.9005 	1	33606 	33681 	Thr	CGT	0	0	90.98	74.93	16.05	
NODE_9_length_234981_cov_66.3677 	1	27794 	27883 	Ser	CGA	0	0	68.31	24.88	43.43	
NODE_11_length_214777_cov_66.8342	1	124350	124426	Arg	CCT	0	0	83.71	58.51	25.20	
NODE_18_length_113897_cov_67.0137	1	36000 	36075 	Val	TAC	0	0	94.49	73.68	20.81	
NODE_18_length_113897_cov_67.0137	2	36092 	36168 	Asp	GTC	0	0	94.67	75.49	19.18	
NODE_19_length_106311_cov_66.0396	1	48007 	48080 	Arg	ACG	0	0	52.72	27.21	25.51	
NODE_19_length_106311_cov_66.0396	2	4092  	4017  	Asn	GTT	0	0	91.73	62.08	29.65	
NODE_19_length_106311_cov_66.0396	3	4007  	3931  	Pro	TGG	0	0	87.63	64.60	23.03	
NODE_19_length_106311_cov_66.0396	4	3920  	3845  	Lys	TTT	0	0	95.07	71.82	23.25	
NODE_22_length_86234_cov_66.8596 	1	49035 	49109 	Gln	TTG	0	0	66.82	40.36	26.46	
NODE_22_length_86234_cov_66.8596 	2	67744 	67820 	Met	CAT	0	0	87.19	64.42	22.77	
NODE_25_length_65435_cov_69.9664 	1	1136  	1211  	Trp	CCA	0	0	86.73	63.05	23.68	
NODE_39_length_5512_cov_282.082  	1	1935  	2011  	Ile	GAT	0	0	98.83	72.69	26.14	
NODE_39_length_5512_cov_282.082  	2	2040  	2115  	Ala	TGC	0	0	90.68	71.56	19.12	
NODE_41_length_3414_cov_67.2762  	1	2810  	2894  	Tyr	GTA	0	0	71.07	41.76	29.31	
NODE_41_length_3414_cov_67.2762  	2	2921  	2994  	Gly	TCC	0	0	82.75	60.87	21.88	
NODE_41_length_3414_cov_67.2762  	3	3014  	3089  	Thr	GGT	0	0	93.76	67.73	26.03	
