Sequence                          		tRNA   	Bounds 	tRNA	Anti	Intron Bounds	Cove	HMM	2'Str	      
Name                              	tRNA #	Begin  	End    	Type	Codon	Begin	End	Score	Score	Score	Note
--------                          	------	-----  	------ 	----	-----	-----	----	------	-----	-----	------
NODE_1_length_1638405_cov_25.2411 	1	380720 	380810 	Ser	GCT	0	0	76.69	47.10	29.59	
NODE_1_length_1638405_cov_25.2411 	2	380928 	381004 	Arg	ACG	0	0	83.50	58.05	25.45	
NODE_1_length_1638405_cov_25.2411 	3	381116 	381192 	Arg	ACG	0	0	83.50	58.05	25.45	
NODE_1_length_1638405_cov_25.2411 	4	449814 	449889 	Lys	TTT	0	0	95.07	71.82	23.25	
NODE_1_length_1638405_cov_25.2411 	5	544626 	544715 	Ser	CGA	0	0	68.31	24.88	43.43	
NODE_1_length_1638405_cov_25.2411 	6	1458727	1458803	Arg	TCT	0	0	96.39	77.88	18.51	
NODE_1_length_1638405_cov_25.2411 	7	1458855	1458930	His	GTG	0	0	83.51	64.18	19.33	
NODE_1_length_1638405_cov_25.2411 	8	1458985	1459069	Leu	TAG	0	0	76.62	44.97	31.65	
NODE_1_length_1638405_cov_25.2411 	9	1485974	1486049	Met	CAT	0	0	60.05	34.98	25.07	
NODE_1_length_1638405_cov_25.2411 	10	1486351	1486426	Gly	TCC	0	0	81.23	54.80	26.43	
NODE_1_length_1638405_cov_25.2411 	11	1486439	1486513	Asn	GTT	0	0	76.95	53.18	23.77	
NODE_1_length_1638405_cov_25.2411 	12	1486518	1486593	Thr	TGT	0	0	74.27	61.42	12.85	
NODE_1_length_1638405_cov_25.2411 	13	1513533	1513608	His	GTG	0	0	83.51	64.18	19.33	
NODE_1_length_1638405_cov_25.2411 	14	1524899	1524975	Asp	GTC	0	0	95.34	76.86	18.48	
NODE_1_length_1638405_cov_25.2411 	15	397265 	397189 	Met	CAT	0	0	85.06	58.55	26.51	
NODE_1_length_1638405_cov_25.2411 	16	291055 	290983 	Leu	GAG	0	0	20.84	19.28	1.56	
NODE_1_length_1638405_cov_25.2411 	17	145741 	145668 	Gly	CCC	0	0	60.35	30.06	30.29	
NODE_2_length_1001977_cov_25.0801 	1	53264  	53339  	Ala	GGC	0	0	86.95	68.86	18.09	
NODE_2_length_1001977_cov_25.0801 	2	53388  	53463  	Glu	TTC	0	0	66.40	38.20	28.20	
NODE_2_length_1001977_cov_25.0801 	3	53557  	53632  	Ala	GGC	0	0	86.95	68.86	18.09	
NODE_2_length_1001977_cov_25.0801 	4	53679  	53754  	Glu	TTC	0	0	66.40	38.20	28.20	
NODE_2_length_1001977_cov_25.0801 	5	92661  	92736  	Val	TAC	0	0	94.49	73.68	20.81	
NODE_2_length_1001977_cov_25.0801 	6	92753  	92829  	Asp	GTC	0	0	94.67	75.49	19.18	
NODE_2_length_1001977_cov_25.0801 	7	92944  	93020  	Asp	GTC	0	0	94.67	75.49	19.18	
NODE_2_length_1001977_cov_25.0801 	8	394526 	394601 	Glu	TTC	0	0	66.40	38.20	28.20	
NODE_2_length_1001977_cov_25.0801 	9	394604 	394679 	Gly	GCC	0	0	93.74	68.41	25.33	
NODE_2_length_1001977_cov_25.0801 	10	394764 	394839 	Gly	GCC	0	0	93.74	68.41	25.33	
NODE_2_length_1001977_cov_25.0801 	11	506864 	506940 	Val	GAC	0	0	93.19	67.81	25.38	
NODE_2_length_1001977_cov_25.0801 	12	541007 	541083 	Pro	GGG	0	0	74.89	48.01	26.88	
NODE_2_length_1001977_cov_25.0801 	13	736700 	736789 	Ser	TGA	0	0	72.70	38.95	33.75	
NODE_2_length_1001977_cov_25.0801 	14	761077 	761152 	Gly	GCC	0	0	93.74	68.41	25.33	
NODE_2_length_1001977_cov_25.0801 	15	863976 	864049 	Cys	GCA	0	0	62.38	45.73	16.65	
NODE_2_length_1001977_cov_25.0801 	16	876600 	876686 	Leu	TAA	0	0	76.64	42.32	34.32	
NODE_2_length_1001977_cov_25.0801 	17	362029 	361940 	Ser	GGA	0	0	71.75	34.38	37.37	
NODE_2_length_1001977_cov_25.0801 	18	173287 	173211 	Pro	CGG	0	0	88.20	60.26	27.94	
NODE_2_length_1001977_cov_25.0801 	19	44465  	44390  	Asn	GTT	0	0	91.73	62.08	29.65	
NODE_3_length_816448_cov_25.831   	1	270448 	270534 	Leu	CAG	0	0	73.96	38.54	35.42	
NODE_3_length_816448_cov_25.831   	2	270664 	270750 	Leu	CAG	0	0	73.96	38.54	35.42	
NODE_3_length_816448_cov_25.831   	3	527837 	527912 	Phe	GAA	0	0	92.69	68.52	24.17	
NODE_3_length_816448_cov_25.831   	4	540463 	540537 	Undet	NNN	0	0	23.83	22.17	1.66	
NODE_3_length_816448_cov_25.831   	5	551872 	551947 	Thr	TGT	0	0	93.66	75.64	18.02	
NODE_3_length_816448_cov_25.831   	6	116776 	116685 	SeC	TCA	0	0	55.75	-18.51	74.26	
NODE_3_length_816448_cov_25.831   	7	62835  	62750  	Leu	GAG	0	0	68.53	39.16	29.37	
NODE_3_length_816448_cov_25.831   	8	62659  	62583  	Met	CAT	0	0	85.85	60.06	25.79	
NODE_4_length_802998_cov_25.6685  	1	800982 	801058 	Arg	CCT	0	0	83.71	58.51	25.20	
NODE_4_length_802998_cov_25.6685  	2	317087 	317001 	Leu	CAA	0	0	69.99	38.33	31.66	
NODE_5_length_404235_cov_25.7845  	1	293638 	293562 	Met	CAT	0	0	92.87	71.40	21.47	
NODE_7_length_267983_cov_25.3734  	1	233043 	232968 	Thr	CGT	0	0	90.98	74.93	16.05	
NODE_8_length_250987_cov_25.4416  	1	122762 	122835 	Arg	ACG	0	0	52.72	27.21	25.51	
NODE_8_length_250987_cov_25.4416  	2	228747 	228821 	Gln	TTG	0	0	66.82	40.36	26.46	
NODE_8_length_250987_cov_25.4416  	3	232497 	232573 	Met	CAT	0	0	87.19	64.42	22.77	
NODE_8_length_250987_cov_25.4416  	4	78846  	78771  	Asn	GTT	0	0	91.73	62.08	29.65	
NODE_8_length_250987_cov_25.4416  	5	78761  	78685  	Pro	TGG	0	0	87.63	64.60	23.03	
NODE_8_length_250987_cov_25.4416  	6	78674  	78599  	Lys	TTT	0	0	95.07	71.82	23.25	
NODE_11_length_205119_cov_25.359  	1	131260 	131335 	Val	TAC	0	0	94.49	73.68	20.81	
NODE_11_length_205119_cov_25.359  	2	131352 	131428 	Asp	GTC	0	0	94.67	75.49	19.18	
NODE_16_length_81680_cov_25.9562  	1	1220   	1295   	Trp	CCA	0	0	86.73	63.05	23.68	
NODE_21_length_36043_cov_24.9188  	1	1412   	1336   	Arg	CCG	0	0	87.81	66.55	21.26	
NODE_24_length_5550_cov_103.464   	1	3580   	3504   	Ile	GAT	0	0	98.83	72.69	26.14	
NODE_24_length_5550_cov_103.464   	2	3475   	3400   	Ala	TGC	0	0	90.68	71.56	19.12	
NODE_26_length_3327_cov_25.2166   	1	2807   	2891   	Tyr	GTA	0	0	71.07	41.76	29.31	
NODE_26_length_3327_cov_25.2166   	2	2918   	2991   	Gly	TCC	0	0	82.75	60.87	21.88	
NODE_26_length_3327_cov_25.2166   	3	3011   	3086   	Thr	GGT	0	0	93.76	67.73	26.03	
