Sequence                          		tRNA   	Bounds 	tRNA	Anti	Intron Bounds	Cove	HMM	2'Str	      
Name                              	tRNA #	Begin  	End    	Type	Codon	Begin	End	Score	Score	Score	Note
--------                          	------	-----  	------ 	----	-----	-----	----	------	-----	-----	------
NODE_1_length_1273556_cov_57.4369 	1	252490 	252580 	Ser	GCT	0	0	76.69	47.10	29.59	
NODE_1_length_1273556_cov_57.4369 	2	252698 	252774 	Arg	ACG	0	0	83.50	58.05	25.45	
NODE_1_length_1273556_cov_57.4369 	3	252886 	252962 	Arg	ACG	0	0	83.50	58.05	25.45	
NODE_1_length_1273556_cov_57.4369 	4	321584 	321659 	Lys	TTT	0	0	95.07	71.82	23.25	
NODE_1_length_1273556_cov_57.4369 	5	349142 	349231 	Ser	CGA	0	0	68.31	24.88	43.43	
NODE_1_length_1273556_cov_57.4369 	6	1179022	1179098	Arg	TCT	0	0	96.39	77.88	18.51	
NODE_1_length_1273556_cov_57.4369 	7	1179150	1179225	His	GTG	0	0	83.51	64.18	19.33	
NODE_1_length_1273556_cov_57.4369 	8	1179280	1179364	Leu	TAG	0	0	76.62	44.97	31.65	
NODE_1_length_1273556_cov_57.4369 	9	1179431	1179506	His	GTG	0	0	83.51	64.18	19.33	
NODE_1_length_1273556_cov_57.4369 	10	1190791	1190867	Asp	GTC	0	0	95.34	76.86	18.48	
NODE_1_length_1273556_cov_57.4369 	11	269034 	268958 	Met	CAT	0	0	85.06	58.55	26.51	
NODE_1_length_1273556_cov_57.4369 	12	162824 	162752 	Leu	GAG	0	0	20.84	19.28	1.56	
NODE_1_length_1273556_cov_57.4369 	13	58882  	58809  	Gly	CCC	0	0	60.35	30.06	30.29	
NODE_2_length_619208_cov_57.6416  	1	364992 	365078 	Leu	CAA	0	0	69.99	38.33	31.66	
NODE_2_length_619208_cov_57.6416  	2	390964 	390871 	Met	CAT	0	0	22.20	5.68	16.52	
NODE_3_length_563257_cov_56.6473  	1	442916 	442840 	Val	GAC	0	0	93.19	67.81	25.38	
NODE_3_length_563257_cov_56.6473  	2	408775 	408699 	Pro	GGG	0	0	74.89	48.01	26.88	
NODE_3_length_563257_cov_56.6473  	3	254469 	254380 	Ser	TGA	0	0	72.70	38.95	33.75	
NODE_3_length_563257_cov_56.6473  	4	230091 	230016 	Gly	GCC	0	0	93.74	68.41	25.33	
NODE_3_length_563257_cov_56.6473  	5	139436 	139363 	Cys	GCA	0	0	62.38	45.73	16.65	
NODE_3_length_563257_cov_56.6473  	6	126814 	126728 	Leu	TAA	0	0	76.64	42.32	34.32	
NODE_4_length_493167_cov_60.1952  	1	376168 	376259 	SeC	TCA	0	0	55.75	-18.51	74.26	
NODE_4_length_493167_cov_60.1952  	2	430306 	430391 	Leu	GAG	0	0	68.53	39.16	29.37	
NODE_4_length_493167_cov_60.1952  	3	430482 	430558 	Met	CAT	0	0	85.85	60.06	25.79	
NODE_4_length_493167_cov_60.1952  	4	185044 	184958 	Leu	CAG	0	0	73.96	38.54	35.42	
NODE_4_length_493167_cov_60.1952  	5	184828 	184742 	Leu	CAG	0	0	73.96	38.54	35.42	
NODE_5_length_444432_cov_57.7351  	1	70665  	70754  	Ser	GGA	0	0	71.75	34.38	37.37	
NODE_5_length_444432_cov_57.7351  	2	259443 	259519 	Pro	CGG	0	0	88.20	60.26	27.94	
NODE_5_length_444432_cov_57.7351  	3	398436 	398511 	Asn	GTT	0	0	91.73	62.08	29.65	
NODE_5_length_444432_cov_57.7351  	4	389637 	389562 	Ala	GGC	0	0	86.95	68.86	18.09	
NODE_5_length_444432_cov_57.7351  	5	389513 	389438 	Glu	TTC	0	0	66.40	38.20	28.20	
NODE_5_length_444432_cov_57.7351  	6	389344 	389269 	Ala	GGC	0	0	86.95	68.86	18.09	
NODE_5_length_444432_cov_57.7351  	7	389222 	389147 	Glu	TTC	0	0	66.40	38.20	28.20	
NODE_5_length_444432_cov_57.7351  	8	350247 	350172 	Val	TAC	0	0	94.49	73.68	20.81	
NODE_5_length_444432_cov_57.7351  	9	350155 	350079 	Asp	GTC	0	0	94.67	75.49	19.18	
NODE_5_length_444432_cov_57.7351  	10	349964 	349888 	Asp	GTC	0	0	94.67	75.49	19.18	
NODE_5_length_444432_cov_57.7351  	11	38168  	38093  	Glu	TTC	0	0	66.40	38.20	28.20	
NODE_5_length_444432_cov_57.7351  	12	38090  	38015  	Gly	GCC	0	0	93.74	68.41	25.33	
NODE_5_length_444432_cov_57.7351  	13	37930  	37855  	Gly	GCC	0	0	93.74	68.41	25.33	
NODE_6_length_385409_cov_58.7439  	1	91378  	91454  	Met	CAT	0	0	92.87	71.40	21.47	
NODE_7_length_347600_cov_58.0166  	1	182433 	182506 	Arg	ACG	0	0	52.72	27.21	25.51	
NODE_7_length_347600_cov_58.0166  	2	289870 	289944 	Gln	TTG	0	0	66.82	40.36	26.46	
NODE_7_length_347600_cov_58.0166  	3	311464 	311540 	Met	CAT	0	0	87.19	64.42	22.77	
NODE_7_length_347600_cov_58.0166  	4	138526 	138451 	Asn	GTT	0	0	91.73	62.08	29.65	
NODE_7_length_347600_cov_58.0166  	5	138441 	138365 	Pro	TGG	0	0	87.63	64.60	23.03	
NODE_7_length_347600_cov_58.0166  	6	138354 	138279 	Lys	TTT	0	0	95.07	71.82	23.25	
NODE_7_length_347600_cov_58.0166  	7	18165  	18080  	Lys	TTT	0	0	22.00	12.28	9.72	
NODE_8_length_314706_cov_59.0724  	1	242678 	242603 	Phe	GAA	0	0	92.69	68.52	24.17	
NODE_8_length_314706_cov_59.0724  	2	231268 	231193 	Thr	TGT	0	0	93.66	75.64	18.02	
NODE_11_length_265960_cov_59.9445 	1	34638  	34714  	Arg	CCG	0	0	87.81	66.55	21.26	
NODE_15_length_122185_cov_58.057  	1	2483   	2407   	Arg	CCT	0	0	83.71	58.51	25.20	
NODE_16_length_109787_cov_58.051  	1	35997  	36072  	Val	TAC	0	0	94.49	73.68	20.81	
NODE_16_length_109787_cov_58.051  	2	36089  	36165  	Asp	GTC	0	0	94.67	75.49	19.18	
NODE_20_length_65468_cov_59.9813  	1	1220   	1295   	Trp	CCA	0	0	86.73	63.05	23.68	
NODE_24_length_5533_cov_237.119   	1	3588   	3512   	Ile	GAT	0	0	98.83	72.69	26.14	
NODE_24_length_5533_cov_237.119   	2	3483   	3408   	Ala	TGC	0	0	90.68	71.56	19.12	
NODE_26_length_3319_cov_54.1776   	1	2799   	2883   	Tyr	GTA	0	0	71.07	41.76	29.31	
NODE_26_length_3319_cov_54.1776   	2	2910   	2983   	Gly	TCC	0	0	82.75	60.87	21.88	
NODE_26_length_3319_cov_54.1776   	3	3003   	3078   	Thr	GGT	0	0	93.76	67.73	26.03	
