Sequence                         		tRNA  	Bounds	tRNA	Anti	Intron Bounds	Cove	HMM	2'Str	      
Name                             	tRNA #	Begin 	End   	Type	Codon	Begin	End	Score	Score	Score	Note
--------                         	------	----- 	------	----	-----	-----	----	------	-----	-----	------
NODE_1_length_594727_cov_47.9427 	1	477745	477669	Val	GAC	0	0	93.19	67.81	25.38	
NODE_1_length_594727_cov_47.9427 	2	443604	443528	Pro	GGG	0	0	74.89	48.01	26.88	
NODE_1_length_594727_cov_47.9427 	3	292660	292571	Ser	TGA	0	0	72.70	38.95	33.75	
NODE_1_length_594727_cov_47.9427 	4	236536	236461	Gly	GCC	0	0	93.74	68.41	25.33	
NODE_1_length_594727_cov_47.9427 	5	110204	110131	Cys	GCA	0	0	62.38	45.73	16.65	
NODE_1_length_594727_cov_47.9427 	6	97579 	97493 	Leu	TAA	0	0	76.64	42.32	34.32	
NODE_2_length_572597_cov_48.7846 	1	448586	448662	Arg	TCT	0	0	96.39	77.88	18.51	
NODE_2_length_572597_cov_48.7846 	2	448714	448789	His	GTG	0	0	83.51	64.18	19.33	
NODE_2_length_572597_cov_48.7846 	3	448844	448928	Leu	TAG	0	0	76.62	44.97	31.65	
NODE_2_length_572597_cov_48.7846 	4	448995	449070	His	GTG	0	0	83.51	64.18	19.33	
NODE_2_length_572597_cov_48.7846 	5	460354	460430	Asp	GTC	0	0	95.34	76.86	18.48	
NODE_3_length_555603_cov_50.6073 	1	438720	438811	SeC	TCA	0	0	55.75	-18.51	74.26	
NODE_3_length_555603_cov_50.6073 	2	492728	492813	Leu	GAG	0	0	68.53	39.16	29.37	
NODE_3_length_555603_cov_50.6073 	3	492904	492980	Met	CAT	0	0	85.85	60.06	25.79	
NODE_3_length_555603_cov_50.6073 	4	285113	285027	Leu	CAG	0	0	73.96	38.54	35.42	
NODE_3_length_555603_cov_50.6073 	5	284897	284811	Leu	CAG	0	0	73.96	38.54	35.42	
NODE_3_length_555603_cov_50.6073 	6	25829 	25754 	Phe	GAA	0	0	92.69	68.52	24.17	
NODE_3_length_555603_cov_50.6073 	7	11266 	11191 	Thr	TGT	0	0	93.66	75.64	18.02	
NODE_4_length_480603_cov_50.4292 	1	277628	277704	Arg	CCT	0	0	83.71	58.51	25.20	
NODE_4_length_480603_cov_50.4292 	2	406749	406824	Val	TAC	0	0	94.49	73.68	20.81	
NODE_4_length_480603_cov_50.4292 	3	406841	406917	Asp	GTC	0	0	94.67	75.49	19.18	
NODE_5_length_448127_cov_50.5042 	1	210705	210619	Leu	CAA	0	0	69.99	38.33	31.66	
NODE_6_length_427679_cov_50.0228 	1	293288	293212	Met	CAT	0	0	92.87	71.40	21.47	
NODE_7_length_404168_cov_49.7595 	1	42243 	42332 	Ser	GGA	0	0	71.75	34.38	37.37	
NODE_7_length_404168_cov_49.7595 	2	231007	231083	Pro	CGG	0	0	88.20	60.26	27.94	
NODE_7_length_404168_cov_49.7595 	3	359813	359888	Asn	GTT	0	0	91.73	62.08	29.65	
NODE_7_length_404168_cov_49.7595 	4	351014	350939	Ala	GGC	0	0	86.95	68.86	18.09	
NODE_7_length_404168_cov_49.7595 	5	350890	350815	Glu	TTC	0	0	66.40	38.20	28.20	
NODE_7_length_404168_cov_49.7595 	6	350721	350646	Ala	GGC	0	0	86.95	68.86	18.09	
NODE_7_length_404168_cov_49.7595 	7	350599	350524	Glu	TTC	0	0	66.40	38.20	28.20	
NODE_7_length_404168_cov_49.7595 	8	311620	311545	Val	TAC	0	0	94.49	73.68	20.81	
NODE_7_length_404168_cov_49.7595 	9	311528	311452	Asp	GTC	0	0	94.67	75.49	19.18	
NODE_7_length_404168_cov_49.7595 	10	311337	311261	Asp	GTC	0	0	94.67	75.49	19.18	
NODE_7_length_404168_cov_49.7595 	11	9754  	9679  	Glu	TTC	0	0	66.40	38.20	28.20	
NODE_7_length_404168_cov_49.7595 	12	9676  	9601  	Gly	GCC	0	0	93.74	68.41	25.33	
NODE_7_length_404168_cov_49.7595 	13	9516  	9441  	Gly	GCC	0	0	93.74	68.41	25.33	
NODE_9_length_251053_cov_50.9654 	1	56709 	56785 	Met	CAT	0	0	85.06	58.55	26.51	
NODE_9_length_251053_cov_50.9654 	2	162919	162991	Leu	GAG	0	0	20.84	19.28	1.56	
NODE_9_length_251053_cov_50.9654 	3	73252 	73162 	Ser	GCT	0	0	76.69	47.10	29.59	
NODE_9_length_251053_cov_50.9654 	4	73044 	72968 	Arg	ACG	0	0	83.50	58.05	25.45	
NODE_9_length_251053_cov_50.9654 	5	72856 	72780 	Arg	ACG	0	0	83.50	58.05	25.45	
NODE_9_length_251053_cov_50.9654 	6	4155  	4080  	Lys	TTT	0	0	95.07	71.82	23.25	
NODE_14_length_206667_cov_50.139 	1	184295	184370	Asn	GTT	0	0	91.73	62.08	29.65	
NODE_14_length_206667_cov_50.139 	2	184380	184456	Pro	TGG	0	0	87.63	64.60	23.03	
NODE_14_length_206667_cov_50.139 	3	184467	184542	Lys	TTT	0	0	95.07	71.82	23.25	
NODE_14_length_206667_cov_50.139 	4	203860	203935	Thr	CGT	0	0	90.98	74.93	16.05	
NODE_14_length_206667_cov_50.139 	5	140379	140306	Arg	ACG	0	0	52.72	27.21	25.51	
NODE_14_length_206667_cov_50.139 	6	33894 	33820 	Gln	TTG	0	0	66.82	40.36	26.46	
NODE_14_length_206667_cov_50.139 	7	30146 	30070 	Met	CAT	0	0	87.19	64.42	22.77	
NODE_15_length_203991_cov_50.2138	1	160848	160759	Ser	CGA	0	0	68.31	24.88	43.43	
NODE_18_length_151554_cov_51.2851	1	58848 	58775 	Gly	CCC	0	0	60.35	30.06	30.29	
NODE_25_length_65470_cov_52.7702 	1	64251 	64176 	Trp	CCA	0	0	86.73	63.05	23.68	
NODE_30_length_45554_cov_50.5855 	1	10921 	10845 	Arg	CCG	0	0	87.81	66.55	21.26	
NODE_41_length_5569_cov_209.169  	1	1955  	2031  	Ile	GAT	0	0	98.83	72.69	26.14	
NODE_41_length_5569_cov_209.169  	2	2060  	2135  	Ala	TGC	0	0	90.68	71.56	19.12	
NODE_44_length_3292_cov_46.2749  	1	521   	437   	Tyr	GTA	0	0	71.07	41.76	29.31	
NODE_44_length_3292_cov_46.2749  	2	410   	337   	Gly	TCC	0	0	82.75	60.87	21.88	
NODE_44_length_3292_cov_46.2749  	3	317   	242   	Thr	GGT	0	0	93.76	67.73	26.03	
