Sequence                          		tRNA   	Bounds 	tRNA	Anti	Intron Bounds	Cove	HMM	2'Str	      
Name                              	tRNA #	Begin  	End    	Type	Codon	Begin	End	Score	Score	Score	Note
--------                          	------	-----  	------ 	----	-----	-----	----	------	-----	-----	------
NODE_1_length_1023337_cov_36.8712 	1	380720 	380810 	Ser	GCT	0	0	76.69	47.10	29.59	
NODE_1_length_1023337_cov_36.8712 	2	380928 	381004 	Arg	ACG	0	0	83.50	58.05	25.45	
NODE_1_length_1023337_cov_36.8712 	3	381116 	381192 	Arg	ACG	0	0	83.50	58.05	25.45	
NODE_1_length_1023337_cov_36.8712 	4	449814 	449889 	Lys	TTT	0	0	95.07	71.82	23.25	
NODE_1_length_1023337_cov_36.8712 	5	544626 	544715 	Ser	CGA	0	0	68.31	24.88	43.43	
NODE_1_length_1023337_cov_36.8712 	6	397265 	397189 	Met	CAT	0	0	85.06	58.55	26.51	
NODE_1_length_1023337_cov_36.8712 	7	291055 	290983 	Leu	GAG	0	0	20.84	19.28	1.56	
NODE_1_length_1023337_cov_36.8712 	8	145741 	145668 	Gly	CCC	0	0	60.35	30.06	30.29	
NODE_2_length_1001856_cov_36.6447 	1	53266  	53341  	Ala	GGC	0	0	86.95	68.86	18.09	
NODE_2_length_1001856_cov_36.6447 	2	53390  	53465  	Glu	TTC	0	0	66.40	38.20	28.20	
NODE_2_length_1001856_cov_36.6447 	3	53559  	53634  	Ala	GGC	0	0	86.95	68.86	18.09	
NODE_2_length_1001856_cov_36.6447 	4	53681  	53756  	Glu	TTC	0	0	66.40	38.20	28.20	
NODE_2_length_1001856_cov_36.6447 	5	92663  	92738  	Val	TAC	0	0	94.49	73.68	20.81	
NODE_2_length_1001856_cov_36.6447 	6	92755  	92831  	Asp	GTC	0	0	94.67	75.49	19.18	
NODE_2_length_1001856_cov_36.6447 	7	92946  	93022  	Asp	GTC	0	0	94.67	75.49	19.18	
NODE_2_length_1001856_cov_36.6447 	8	394528 	394603 	Glu	TTC	0	0	66.40	38.20	28.20	
NODE_2_length_1001856_cov_36.6447 	9	394606 	394681 	Gly	GCC	0	0	93.74	68.41	25.33	
NODE_2_length_1001856_cov_36.6447 	10	394766 	394841 	Gly	GCC	0	0	93.74	68.41	25.33	
NODE_2_length_1001856_cov_36.6447 	11	506866 	506942 	Val	GAC	0	0	93.19	67.81	25.38	
NODE_2_length_1001856_cov_36.6447 	12	541009 	541085 	Pro	GGG	0	0	74.89	48.01	26.88	
NODE_2_length_1001856_cov_36.6447 	13	736702 	736791 	Ser	TGA	0	0	72.70	38.95	33.75	
NODE_2_length_1001856_cov_36.6447 	14	761079 	761154 	Gly	GCC	0	0	93.74	68.41	25.33	
NODE_2_length_1001856_cov_36.6447 	15	863978 	864051 	Cys	GCA	0	0	62.38	45.73	16.65	
NODE_2_length_1001856_cov_36.6447 	16	876602 	876688 	Leu	TAA	0	0	76.64	42.32	34.32	
NODE_2_length_1001856_cov_36.6447 	17	362031 	361942 	Ser	GGA	0	0	71.75	34.38	37.37	
NODE_2_length_1001856_cov_36.6447 	18	173289 	173213 	Pro	CGG	0	0	88.20	60.26	27.94	
NODE_2_length_1001856_cov_36.6447 	19	44467  	44392  	Asn	GTT	0	0	91.73	62.08	29.65	
NODE_3_length_816448_cov_37.4955  	1	270448 	270534 	Leu	CAG	0	0	73.96	38.54	35.42	
NODE_3_length_816448_cov_37.4955  	2	270664 	270750 	Leu	CAG	0	0	73.96	38.54	35.42	
NODE_3_length_816448_cov_37.4955  	3	527837 	527912 	Phe	GAA	0	0	92.69	68.52	24.17	
NODE_3_length_816448_cov_37.4955  	4	540463 	540537 	Undet	NNN	0	0	23.83	22.17	1.66	
NODE_3_length_816448_cov_37.4955  	5	551872 	551947 	Thr	TGT	0	0	93.66	75.64	18.02	
NODE_3_length_816448_cov_37.4955  	6	116776 	116685 	SeC	TCA	0	0	55.75	-18.51	74.26	
NODE_3_length_816448_cov_37.4955  	7	62835  	62750  	Leu	GAG	0	0	68.53	39.16	29.37	
NODE_3_length_816448_cov_37.4955  	8	62659  	62583  	Met	CAT	0	0	85.85	60.06	25.79	
NODE_4_length_802998_cov_37.2707  	1	800982 	801058 	Arg	CCT	0	0	83.71	58.51	25.20	
NODE_4_length_802998_cov_37.2707  	2	317087 	317001 	Leu	CAA	0	0	69.99	38.33	31.66	
NODE_5_length_612406_cov_36.4941  	1	432728 	432804 	Arg	TCT	0	0	96.39	77.88	18.51	
NODE_5_length_612406_cov_36.4941  	2	432856 	432931 	His	GTG	0	0	83.51	64.18	19.33	
NODE_5_length_612406_cov_36.4941  	3	432986 	433070 	Leu	TAG	0	0	76.62	44.97	31.65	
NODE_5_length_612406_cov_36.4941  	4	459975 	460050 	Met	CAT	0	0	60.05	34.98	25.07	
NODE_5_length_612406_cov_36.4941  	5	460352 	460427 	Gly	TCC	0	0	81.23	54.80	26.43	
NODE_5_length_612406_cov_36.4941  	6	460440 	460514 	Asn	GTT	0	0	76.95	53.18	23.77	
NODE_5_length_612406_cov_36.4941  	7	460519 	460594 	Thr	TGT	0	0	74.27	61.42	12.85	
NODE_5_length_612406_cov_36.4941  	8	487534 	487609 	His	GTG	0	0	83.51	64.18	19.33	
NODE_5_length_612406_cov_36.4941  	9	498900 	498976 	Asp	GTC	0	0	95.34	76.86	18.48	
NODE_6_length_404238_cov_37.4306  	1	293641 	293565 	Met	CAT	0	0	92.87	71.40	21.47	
NODE_8_length_267983_cov_36.8269  	1	233043 	232968 	Thr	CGT	0	0	90.98	74.93	16.05	
NODE_9_length_251584_cov_37.3106  	1	122876 	122949 	Arg	ACG	0	0	52.72	27.21	25.51	
NODE_9_length_251584_cov_37.3106  	2	229344 	229418 	Gln	TTG	0	0	66.82	40.36	26.46	
NODE_9_length_251584_cov_37.3106  	3	233094 	233170 	Met	CAT	0	0	87.19	64.42	22.77	
NODE_9_length_251584_cov_37.3106  	4	78960  	78885  	Asn	GTT	0	0	91.73	62.08	29.65	
NODE_9_length_251584_cov_37.3106  	5	78875  	78799  	Pro	TGG	0	0	87.63	64.60	23.03	
NODE_9_length_251584_cov_37.3106  	6	78788  	78713  	Lys	TTT	0	0	95.07	71.82	23.25	
NODE_12_length_204996_cov_37.1496 	1	131137 	131212 	Val	TAC	0	0	94.49	73.68	20.81	
NODE_12_length_204996_cov_37.1496 	2	131229 	131305 	Asp	GTC	0	0	94.67	75.49	19.18	
NODE_17_length_81680_cov_38.1521  	1	80461  	80386  	Trp	CCA	0	0	86.73	63.05	23.68	
NODE_22_length_36043_cov_37.0189  	1	1412   	1336   	Arg	CCG	0	0	87.81	66.55	21.26	
NODE_25_length_5551_cov_153.25    	1	3581   	3505   	Ile	GAT	0	0	98.83	72.69	26.14	
NODE_25_length_5551_cov_153.25    	2	3476   	3401   	Ala	TGC	0	0	90.68	71.56	19.12	
NODE_27_length_3327_cov_38.9416   	1	521    	437    	Tyr	GTA	0	0	71.07	41.76	29.31	
NODE_27_length_3327_cov_38.9416   	2	410    	337    	Gly	TCC	0	0	82.75	60.87	21.88	
NODE_27_length_3327_cov_38.9416   	3	317    	242    	Thr	GGT	0	0	93.76	67.73	26.03	
