Sequence                         		tRNA  	Bounds	tRNA	Anti	Intron Bounds	Cove	HMM	2'Str	      
Name                             	tRNA #	Begin 	End   	Type	Codon	Begin	End	Score	Score	Score	Note
--------                         	------	----- 	------	----	-----	-----	----	------	-----	-----	------
NODE_1_length_747107_cov_43.9746 	1	385855	385944	Ser	GGA	0	0	71.75	34.38	37.37	
NODE_1_length_747107_cov_43.9746 	2	574662	574738	Pro	CGG	0	0	88.20	60.26	27.94	
NODE_1_length_747107_cov_43.9746 	3	704514	704589	Asn	GTT	0	0	91.73	62.08	29.65	
NODE_1_length_747107_cov_43.9746 	4	695715	695640	Ala	GGC	0	0	86.95	68.86	18.09	
NODE_1_length_747107_cov_43.9746 	5	695591	695516	Glu	TTC	0	0	66.40	38.20	28.20	
NODE_1_length_747107_cov_43.9746 	6	695422	695347	Ala	GGC	0	0	86.95	68.86	18.09	
NODE_1_length_747107_cov_43.9746 	7	695300	695225	Glu	TTC	0	0	66.40	38.20	28.20	
NODE_1_length_747107_cov_43.9746 	8	656308	656233	Val	TAC	0	0	94.49	73.68	20.81	
NODE_1_length_747107_cov_43.9746 	9	656216	656140	Asp	GTC	0	0	94.67	75.49	19.18	
NODE_1_length_747107_cov_43.9746 	10	656025	655949	Asp	GTC	0	0	94.67	75.49	19.18	
NODE_1_length_747107_cov_43.9746 	11	353359	353284	Glu	TTC	0	0	66.40	38.20	28.20	
NODE_1_length_747107_cov_43.9746 	12	353281	353206	Gly	GCC	0	0	93.74	68.41	25.33	
NODE_1_length_747107_cov_43.9746 	13	353121	353046	Gly	GCC	0	0	93.74	68.41	25.33	
NODE_1_length_747107_cov_43.9746 	14	265613	265537	Val	GAC	0	0	93.19	67.81	25.38	
NODE_1_length_747107_cov_43.9746 	15	231472	231396	Pro	GGG	0	0	74.89	48.01	26.88	
NODE_1_length_747107_cov_43.9746 	16	83714 	83625 	Ser	TGA	0	0	72.70	38.95	33.75	
NODE_1_length_747107_cov_43.9746 	17	59337 	59262 	Gly	GCC	0	0	93.74	68.41	25.33	
NODE_1_length_747107_cov_43.9746 	18	52945 	52872 	Cys	GCA	0	0	62.38	45.73	16.65	
NODE_2_length_730126_cov_49.6403 	1	652618	652542	Met	CAT	0	0	92.87	71.40	21.47	
NODE_2_length_730126_cov_49.6403 	2	325155	325079	Arg	CCG	0	0	90.57	71.58	18.99	
NODE_2_length_730126_cov_49.6403 	3	253207	253132	Arg	CCG	0	0	22.41	20.96	1.45	
NODE_3_length_659061_cov_43.5454 	1	643443	643368	Lys	TTT	0	0	95.07	71.82	23.25	
NODE_3_length_659061_cov_43.5454 	2	594639	594550	Ser	CGA	0	0	68.31	24.88	43.43	
NODE_4_length_458650_cov_48.6411 	1	341581	341672	SeC	TCA	0	0	55.75	-18.51	74.26	
NODE_4_length_458650_cov_48.6411 	2	395790	395875	Leu	GAG	0	0	68.53	39.16	29.37	
NODE_4_length_458650_cov_48.6411 	3	395966	396042	Met	CAT	0	0	85.85	60.06	25.79	
NODE_4_length_458650_cov_48.6411 	4	185373	185287	Leu	CAG	0	0	73.96	38.54	35.42	
NODE_4_length_458650_cov_48.6411 	5	185157	185071	Leu	CAG	0	0	73.96	38.54	35.42	
NODE_5_length_447037_cov_45.7515 	1	37216 	37292 	Met	CAT	0	0	85.06	58.55	26.51	
NODE_5_length_447037_cov_45.7515 	2	143527	143599	Leu	GAG	0	0	20.84	19.28	1.56	
NODE_5_length_447037_cov_45.7515 	3	294919	294992	Gly	CCC	0	0	54.49	29.93	24.56	
NODE_5_length_447037_cov_45.7515 	4	53767 	53677 	Ser	GCT	0	0	76.69	47.10	29.59	
NODE_5_length_447037_cov_45.7515 	5	53560 	53484 	Arg	ACG	0	0	83.50	58.05	25.45	
NODE_5_length_447037_cov_45.7515 	6	53372 	53296 	Arg	ACG	0	0	83.50	58.05	25.45	
NODE_6_length_418132_cov_46.4072 	1	384593	384679	Leu	CAA	0	0	69.99	38.33	31.66	
NODE_7_length_304063_cov_45.9434 	1	28553 	28628 	Thr	CGT	0	0	90.98	74.93	16.05	
NODE_8_length_267760_cov_41.2513 	1	144637	144713	Arg	TCT	0	0	96.39	77.88	18.51	
NODE_8_length_267760_cov_41.2513 	2	144765	144840	His	GTG	0	0	83.51	64.18	19.33	
NODE_8_length_267760_cov_41.2513 	3	144895	144979	Leu	TAG	0	0	76.62	44.97	31.65	
NODE_8_length_267760_cov_41.2513 	4	145046	145121	His	GTG	0	0	83.51	64.18	19.33	
NODE_8_length_267760_cov_41.2513 	5	156399	156475	Asp	GTC	0	0	95.34	76.86	18.48	
NODE_10_length_243300_cov_50.0058	1	170746	170671	Phe	GAA	0	0	92.69	68.52	24.17	
NODE_10_length_243300_cov_50.0058	2	159342	159267	Thr	TGT	0	0	95.98	77.96	18.02	
NODE_11_length_214047_cov_46.461 	1	119021	119095	Arg	CCT	0	0	69.71	45.21	24.50	
NODE_14_length_180021_cov_48.5207	1	103957	104032	Asn	GTT	0	0	91.73	62.08	29.65	
NODE_14_length_180021_cov_48.5207	2	104042	104118	Pro	TGG	0	0	87.63	64.60	23.03	
NODE_14_length_180021_cov_48.5207	3	104129	104204	Lys	TTT	0	0	95.07	71.82	23.25	
NODE_14_length_180021_cov_48.5207	4	60042 	59969 	Arg	ACG	0	0	52.72	27.21	25.51	
NODE_18_length_114736_cov_44.4885	1	35997 	36072 	Val	TAC	0	0	94.49	73.68	20.81	
NODE_18_length_114736_cov_44.4885	2	36089 	36165 	Asp	GTC	0	0	94.67	75.49	19.18	
NODE_24_length_70926_cov_46.1884 	1	22240 	22166 	Gln	TTG	0	0	66.82	40.36	26.46	
NODE_24_length_70926_cov_46.1884 	2	18492 	18416 	Met	CAT	0	0	87.19	64.42	22.77	
NODE_26_length_65467_cov_51.3927 	1	64248 	64173 	Trp	CCA	0	0	86.73	63.05	23.68	
NODE_36_length_5519_cov_191.39   	1	1954  	2030  	Ile	GAT	0	0	98.83	72.69	26.14	
NODE_36_length_5519_cov_191.39   	2	2059  	2134  	Ala	TGC	0	0	90.68	71.56	19.12	
NODE_42_length_3342_cov_42.8128  	1	521   	437   	Tyr	GTA	0	0	71.07	41.76	29.31	
NODE_42_length_3342_cov_42.8128  	2	410   	337   	Gly	TCC	0	0	82.75	60.87	21.88	
NODE_42_length_3342_cov_42.8128  	3	317   	242   	Thr	GGT	0	0	93.76	67.73	26.03	
