Sequence                         		tRNA  	Bounds	tRNA	Anti	Intron Bounds	Cove	HMM	2'Str	      
Name                             	tRNA #	Begin 	End   	Type	Codon	Begin	End	Score	Score	Score	Note
--------                         	------	----- 	------	----	-----	-----	----	------	-----	-----	------
NODE_1_length_480184_cov_43.1883 	1	367006	367079	Arg	ACG	0	0	52.72	27.21	25.51	
NODE_1_length_480184_cov_43.1883 	2	474141	474215	Gln	TTG	0	0	66.82	40.36	26.46	
NODE_1_length_480184_cov_43.1883 	3	477889	477965	Met	CAT	0	0	87.19	64.42	22.77	
NODE_1_length_480184_cov_43.1883 	4	323098	323023	Asn	GTT	0	0	91.73	62.08	29.65	
NODE_1_length_480184_cov_43.1883 	5	323013	322937	Pro	TGG	0	0	87.63	64.60	23.03	
NODE_1_length_480184_cov_43.1883 	6	322926	322851	Lys	TTT	0	0	95.07	71.82	23.25	
NODE_1_length_480184_cov_43.1883 	7	304921	304846	Thr	CGT	0	0	90.98	74.93	16.05	
NODE_2_length_457701_cov_42.5024 	1	340736	340827	SeC	TCA	0	0	54.17	-19.49	73.66	
NODE_2_length_457701_cov_42.5024 	2	394773	394858	Leu	GAG	0	0	68.53	39.16	29.37	
NODE_2_length_457701_cov_42.5024 	3	394949	395025	Met	CAT	0	0	85.85	60.06	25.79	
NODE_2_length_457701_cov_42.5024 	4	184665	184579	Leu	CAG	0	0	73.96	38.54	35.42	
NODE_2_length_457701_cov_42.5024 	5	184449	184363	Leu	CAG	0	0	73.96	38.54	35.42	
NODE_3_length_433036_cov_40.7064 	1	71723 	71812 	Ser	GGA	0	0	71.75	34.38	37.37	
NODE_3_length_433036_cov_40.7064 	2	260546	260622	Pro	CGG	0	0	88.20	60.26	27.94	
NODE_3_length_433036_cov_40.7064 	3	390440	390515	Asn	GTT	0	0	91.73	62.08	29.65	
NODE_3_length_433036_cov_40.7064 	4	381641	381566	Ala	GGC	0	0	86.95	68.86	18.09	
NODE_3_length_433036_cov_40.7064 	5	381517	381442	Glu	TTC	0	0	66.40	38.20	28.20	
NODE_3_length_433036_cov_40.7064 	6	381348	381273	Ala	GGC	0	0	86.95	68.86	18.09	
NODE_3_length_433036_cov_40.7064 	7	381226	381151	Glu	TTC	0	0	66.40	38.20	28.20	
NODE_3_length_433036_cov_40.7064 	8	342235	342160	Val	TAC	0	0	94.49	73.68	20.81	
NODE_3_length_433036_cov_40.7064 	9	342143	342067	Asp	GTC	0	0	94.67	75.49	19.18	
NODE_3_length_433036_cov_40.7064 	10	341952	341876	Asp	GTC	0	0	94.67	75.49	19.18	
NODE_3_length_433036_cov_40.7064 	11	39226 	39151 	Glu	TTC	0	0	66.40	38.20	28.20	
NODE_3_length_433036_cov_40.7064 	12	39148 	39073 	Gly	GCC	0	0	93.74	68.41	25.33	
NODE_3_length_433036_cov_40.7064 	13	38988 	38913 	Gly	GCC	0	0	93.74	68.41	25.33	
NODE_4_length_417793_cov_43.5573 	1	89394 	89470 	Met	CAT	0	0	92.87	71.40	21.47	
NODE_4_length_417793_cov_43.5573 	2	416605	416681	Arg	CCG	0	0	87.81	66.55	21.26	
NODE_8_length_269256_cov_39.0288 	1	144528	144604	Arg	TCT	0	0	96.39	77.88	18.51	
NODE_8_length_269256_cov_39.0288 	2	144656	144731	His	GTG	0	0	83.51	64.18	19.33	
NODE_8_length_269256_cov_39.0288 	3	144786	144870	Leu	TAG	0	0	76.62	44.97	31.65	
NODE_8_length_269256_cov_39.0288 	4	144937	145012	His	GTG	0	0	83.51	64.18	19.33	
NODE_8_length_269256_cov_39.0288 	5	156290	156366	Asp	GTC	0	0	95.34	76.86	18.48	
NODE_11_length_229786_cov_39.6992	1	146107	146196	Ser	TGA	0	0	72.70	38.95	33.75	
NODE_11_length_229786_cov_39.6992	2	170488	170563	Gly	GCC	0	0	93.74	68.41	25.33	
NODE_11_length_229786_cov_39.6992	3	176882	176955	Cys	GCA	0	0	62.38	45.73	16.65	
NODE_12_length_228734_cov_40.6106	1	101825	101898	Gly	CCC	0	0	60.35	30.06	30.29	
NODE_13_length_224264_cov_40.1028	1	87106 	87182 	Met	CAT	0	0	85.06	58.55	26.51	
NODE_13_length_224264_cov_40.1028	2	193322	193394	Leu	GAG	0	0	20.84	19.28	1.56	
NODE_13_length_224264_cov_40.1028	3	103651	103561	Ser	GCT	0	0	76.69	47.10	29.59	
NODE_13_length_224264_cov_40.1028	4	103443	103367	Arg	ACG	0	0	83.50	58.05	25.45	
NODE_13_length_224264_cov_40.1028	5	103255	103179	Arg	ACG	0	0	83.50	58.05	25.45	
NODE_13_length_224264_cov_40.1028	6	34532 	34457 	Lys	TTT	0	0	95.07	71.82	23.25	
NODE_14_length_214848_cov_42.2203	1	95487 	95413 	Arg	CCT	0	0	69.71	45.21	24.50	
NODE_16_length_207138_cov_42.9937	1	134747	134672	Phe	GAA	0	0	92.69	68.52	24.17	
NODE_16_length_207138_cov_42.9937	2	123343	123268	Thr	TGT	0	0	93.66	75.64	18.02	
NODE_18_length_193304_cov_40.2679	1	184890	184805	Lys	TTT	0	0	22.00	12.28	9.72	
NODE_18_length_193304_cov_40.2679	2	153889	153800	Ser	CGA	0	0	68.31	24.88	43.43	
NODE_19_length_153069_cov_40.8198	1	75010 	74924 	Leu	CAA	0	0	69.99	38.33	31.66	
NODE_23_length_114944_cov_41.2214	1	78890 	78815 	Val	TAC	0	0	94.49	73.68	20.81	
NODE_23_length_114944_cov_41.2214	2	78798 	78722 	Asp	GTC	0	0	94.67	75.49	19.18	
NODE_27_length_63442_cov_39.7532 	1	34577 	34501 	Val	GAC	0	0	93.19	67.81	25.38	
NODE_27_length_63442_cov_39.7532 	2	745   	669   	Pro	GGG	0	0	74.89	48.01	26.88	
NODE_33_length_31985_cov_45.955  	1	1220  	1295  	Trp	CCA	0	0	86.73	63.05	23.68	
NODE_36_length_27252_cov_45.4402 	1	5078  	5156  	Met	CAT	0	0	30.87	36.29	-5.42	
NODE_39_length_5482_cov_176.767  	1	1894  	1970  	Ile	GAT	0	0	98.83	72.69	26.14	
NODE_39_length_5482_cov_176.767  	2	1999  	2074  	Ala	TGC	0	0	90.68	71.56	19.12	
NODE_42_length_3319_cov_39.4142  	1	2799  	2883  	Tyr	GTA	0	0	71.07	41.76	29.31	
NODE_42_length_3319_cov_39.4142  	2	2910  	2983  	Gly	TCC	0	0	82.75	60.87	21.88	
NODE_42_length_3319_cov_39.4142  	3	3003  	3078  	Thr	GGT	0	0	93.76	67.73	26.03	
