Sequence                         		tRNA  	Bounds	tRNA	Anti	Intron Bounds	Cove	HMM	2'Str	      
Name                             	tRNA #	Begin 	End   	Type	Codon	Begin	End	Score	Score	Score	Note
--------                         	------	----- 	------	----	-----	-----	----	------	-----	-----	------
NODE_1_length_895133_cov_50.6373 	1	687244	687320	Arg	CCT	0	0	83.71	58.51	25.20	
NODE_1_length_895133_cov_50.6373 	2	821263	821338	Val	TAC	0	0	94.49	73.68	20.81	
NODE_1_length_895133_cov_50.6373 	3	821355	821431	Asp	GTC	0	0	94.67	75.49	19.18	
NODE_1_length_895133_cov_50.6373 	4	210681	210595	Leu	CAA	0	0	69.99	38.33	31.66	
NODE_2_length_801660_cov_52.0696 	1	684827	684918	SeC	TCA	0	0	55.75	-18.51	74.26	
NODE_2_length_801660_cov_52.0696 	2	738886	738971	Leu	GAG	0	0	68.53	39.16	29.37	
NODE_2_length_801660_cov_52.0696 	3	739062	739138	Met	CAT	0	0	85.85	60.06	25.79	
NODE_2_length_801660_cov_52.0696 	4	494648	494562	Leu	CAG	0	0	73.96	38.54	35.42	
NODE_2_length_801660_cov_52.0696 	5	494432	494346	Leu	CAG	0	0	73.96	38.54	35.42	
NODE_2_length_801660_cov_52.0696 	6	241158	241083	Phe	GAA	0	0	92.69	68.52	24.17	
NODE_2_length_801660_cov_52.0696 	7	229748	229673	Thr	TGT	0	0	93.66	75.64	18.02	
NODE_3_length_732205_cov_51.1583 	1	93641 	93731 	Ser	GCT	0	0	76.69	47.10	29.59	
NODE_3_length_732205_cov_51.1583 	2	93849 	93925 	Arg	ACG	0	0	83.50	58.05	25.45	
NODE_3_length_732205_cov_51.1583 	3	94038 	94114 	Arg	ACG	0	0	83.50	58.05	25.45	
NODE_3_length_732205_cov_51.1583 	4	162781	162856	Lys	TTT	0	0	95.07	71.82	23.25	
NODE_3_length_732205_cov_51.1583 	5	265909	265994	Lys	TTT	0	0	22.00	12.28	9.72	
NODE_3_length_732205_cov_51.1583 	6	293461	293550	Ser	CGA	0	0	68.31	24.88	43.43	
NODE_3_length_732205_cov_51.1583 	7	110186	110110	Met	CAT	0	0	85.06	58.55	26.51	
NODE_3_length_732205_cov_51.1583 	8	3961  	3889  	Leu	GAG	0	0	20.84	19.28	1.56	
NODE_4_length_728829_cov_49.5381 	1	605462	605551	Ser	GGA	0	0	71.75	34.38	37.37	
NODE_4_length_728829_cov_49.5381 	2	572964	572889	Glu	TTC	0	0	66.40	38.20	28.20	
NODE_4_length_728829_cov_49.5381 	3	572886	572811	Gly	GCC	0	0	93.74	68.41	25.33	
NODE_4_length_728829_cov_49.5381 	4	572726	572651	Gly	GCC	0	0	93.74	68.41	25.33	
NODE_4_length_728829_cov_49.5381 	5	432916	432840	Val	GAC	0	0	93.19	67.81	25.38	
NODE_4_length_728829_cov_49.5381 	6	398773	398697	Pro	GGG	0	0	74.89	48.01	26.88	
NODE_4_length_728829_cov_49.5381 	7	248207	248118	Ser	TGA	0	0	72.70	38.95	33.75	
NODE_4_length_728829_cov_49.5381 	8	192083	192008	Gly	GCC	0	0	93.74	68.41	25.33	
NODE_4_length_728829_cov_49.5381 	9	187461	187388	Cys	GCA	0	0	62.38	45.73	16.65	
NODE_4_length_728829_cov_49.5381 	10	123201	123115	Leu	TAA	0	0	76.64	42.32	34.32	
NODE_5_length_480982_cov_49.6366 	1	388447	388523	Arg	TCT	0	0	96.39	77.88	18.51	
NODE_5_length_480982_cov_49.6366 	2	388575	388650	His	GTG	0	0	83.51	64.18	19.33	
NODE_5_length_480982_cov_49.6366 	3	388705	388789	Leu	TAG	0	0	76.62	44.97	31.65	
NODE_5_length_480982_cov_49.6366 	4	388856	388931	His	GTG	0	0	83.51	64.18	19.33	
NODE_5_length_480982_cov_49.6366 	5	400222	400298	Asp	GTC	0	0	95.34	76.86	18.48	
NODE_6_length_427979_cov_51.6979 	1	173582	173657	Asn	GTT	0	0	91.73	62.08	29.65	
NODE_6_length_427979_cov_51.6979 	2	173667	173743	Pro	TGG	0	0	87.63	64.60	23.03	
NODE_6_length_427979_cov_51.6979 	3	173754	173829	Lys	TTT	0	0	95.07	71.82	23.25	
NODE_6_length_427979_cov_51.6979 	4	193073	193148	Thr	CGT	0	0	90.98	74.93	16.05	
NODE_6_length_427979_cov_51.6979 	5	129666	129593	Arg	ACG	0	0	52.72	27.21	25.51	
NODE_6_length_427979_cov_51.6979 	6	22240 	22166 	Gln	TTG	0	0	66.82	40.36	26.46	
NODE_6_length_427979_cov_51.6979 	7	18491 	18415 	Met	CAT	0	0	87.19	64.42	22.77	
NODE_7_length_371845_cov_52.4335 	1	294579	294503	Met	CAT	0	0	92.87	71.40	21.47	
NODE_9_length_267107_cov_51.5427 	1	94287 	94363 	Pro	CGG	0	0	88.20	60.26	27.94	
NODE_9_length_267107_cov_51.5427 	2	223094	223169	Asn	GTT	0	0	91.73	62.08	29.65	
NODE_9_length_267107_cov_51.5427 	3	214295	214220	Ala	GGC	0	0	86.95	68.86	18.09	
NODE_9_length_267107_cov_51.5427 	4	214171	214096	Glu	TTC	0	0	66.40	38.20	28.20	
NODE_9_length_267107_cov_51.5427 	5	214002	213927	Ala	GGC	0	0	86.95	68.86	18.09	
NODE_9_length_267107_cov_51.5427 	6	213880	213805	Glu	TTC	0	0	66.40	38.20	28.20	
NODE_9_length_267107_cov_51.5427 	7	174905	174830	Val	TAC	0	0	94.49	73.68	20.81	
NODE_9_length_267107_cov_51.5427 	8	174813	174737	Asp	GTC	0	0	94.67	75.49	19.18	
NODE_9_length_267107_cov_51.5427 	9	174622	174546	Asp	GTC	0	0	94.67	75.49	19.18	
NODE_13_length_170503_cov_51.2513	1	99599 	99672 	Gly	CCC	0	0	60.35	30.06	30.29	
NODE_20_length_65371_cov_57.9154 	1	1220  	1295  	Trp	CCA	0	0	86.73	63.05	23.68	
NODE_21_length_60809_cov_49.9326 	1	12730 	12805 	Gly	TCC	0	0	82.79	56.37	26.42	
NODE_27_length_35816_cov_51.6547 	1	1188  	1112  	Arg	CCG	0	0	87.81	66.55	21.26	
NODE_34_length_5618_cov_221.456  	1	2037  	2113  	Ile	GAT	0	0	98.83	72.69	26.14	
NODE_34_length_5618_cov_221.456  	2	2142  	2217  	Ala	TGC	0	0	90.68	71.56	19.12	
NODE_41_length_3326_cov_56.7083  	1	2806  	2890  	Tyr	GTA	0	0	71.07	41.76	29.31	
NODE_41_length_3326_cov_56.7083  	2	2917  	2990  	Gly	TCC	0	0	82.75	60.87	21.88	
NODE_41_length_3326_cov_56.7083  	3	3010  	3085  	Thr	GGT	0	0	93.76	67.73	26.03	
