Sequence                         		tRNA  	Bounds	tRNA	Anti	Intron Bounds	Cove	HMM	2'Str	      
Name                             	tRNA #	Begin 	End   	Type	Codon	Begin	End	Score	Score	Score	Note
--------                         	------	----- 	------	----	-----	-----	----	------	-----	-----	------
NODE_1_length_868880_cov_43.8828 	1	665913	665989	Arg	CCT	0	0	83.71	58.51	25.20	
NODE_1_length_868880_cov_43.8828 	2	795107	795182	Val	TAC	0	0	94.49	73.68	20.81	
NODE_1_length_868880_cov_43.8828 	3	795199	795275	Asp	GTC	0	0	94.67	75.49	19.18	
NODE_1_length_868880_cov_43.8828 	4	163860	163774	Leu	CAA	0	0	69.99	38.33	31.66	
NODE_2_length_783114_cov_43.3668 	1	92262 	92186 	Arg	TCT	0	0	96.39	77.88	18.51	
NODE_2_length_783114_cov_43.3668 	2	92134 	92059 	His	GTG	0	0	83.51	64.18	19.33	
NODE_2_length_783114_cov_43.3668 	3	92004 	91920 	Leu	TAG	0	0	76.62	44.97	31.65	
NODE_2_length_783114_cov_43.3668 	4	91853 	91778 	His	GTG	0	0	83.51	64.18	19.33	
NODE_2_length_783114_cov_43.3668 	5	80500 	80424 	Asp	GTC	0	0	95.34	76.86	18.48	
NODE_3_length_494629_cov_44.2705 	1	36072 	36148 	Arg	CCG	0	0	25.81	24.84	0.97	
NODE_4_length_491345_cov_42.6095 	1	195999	196074	Asn	GTT	0	0	91.73	62.08	29.65	
NODE_4_length_491345_cov_42.6095 	2	196084	196160	Pro	TGG	0	0	87.63	64.60	23.03	
NODE_4_length_491345_cov_42.6095 	3	196171	196246	Lys	TTT	0	0	95.07	71.82	23.25	
NODE_4_length_491345_cov_42.6095 	4	215621	215696	Thr	CGT	0	0	90.98	74.93	16.05	
NODE_4_length_491345_cov_42.6095 	5	152083	152010	Arg	ACG	0	0	52.72	27.21	25.51	
NODE_4_length_491345_cov_42.6095 	6	45599 	45525 	Gln	TTG	0	0	66.82	40.36	26.46	
NODE_4_length_491345_cov_42.6095 	7	18481 	18405 	Met	CAT	0	0	87.19	64.42	22.77	
NODE_5_length_456928_cov_43.6862 	1	339897	339988	SeC	TCA	0	0	55.75	-18.51	74.26	
NODE_5_length_456928_cov_43.6862 	2	393937	394022	Leu	GAG	0	0	68.53	39.16	29.37	
NODE_5_length_456928_cov_43.6862 	3	394113	394189	Met	CAT	0	0	85.85	60.06	25.79	
NODE_5_length_456928_cov_43.6862 	4	186393	186307	Leu	CAG	0	0	73.96	38.54	35.42	
NODE_5_length_456928_cov_43.6862 	5	186177	186091	Leu	CAG	0	0	73.96	38.54	35.42	
NODE_6_length_402136_cov_43.6578 	1	312509	312433	Met	CAT	0	0	92.87	71.40	21.47	
NODE_7_length_350406_cov_43.5501 	1	296848	296773	Phe	GAA	0	0	92.69	68.52	24.17	
NODE_7_length_350406_cov_43.5501 	2	283431	283349	Undet	NNN	0	0	26.15	14.81	11.34	
NODE_7_length_350406_cov_43.5501 	3	272014	271939	Thr	TGT	0	0	93.66	75.64	18.02	
NODE_8_length_294831_cov_43.6577 	1	288448	288538	Ser	GCT	0	0	76.69	47.10	29.59	
NODE_8_length_294831_cov_43.6577 	2	288656	288732	Arg	ACG	0	0	83.50	58.05	25.45	
NODE_8_length_294831_cov_43.6577 	3	288844	288920	Arg	ACG	0	0	83.50	58.05	25.45	
NODE_8_length_294831_cov_43.6577 	4	198763	198691	Leu	GAG	0	0	20.84	19.28	1.56	
NODE_8_length_294831_cov_43.6577 	5	94958 	94885 	Gly	CCC	0	0	60.35	30.06	30.29	
NODE_9_length_272034_cov_42.4952 	1	142597	142686	Ser	TGA	0	0	72.70	38.95	33.75	
NODE_9_length_272034_cov_42.4952 	2	198645	198720	Gly	GCC	0	0	93.74	68.41	25.33	
NODE_10_length_269685_cov_43.3805	1	51558 	51634 	Pro	CGG	0	0	88.20	60.26	27.94	
NODE_10_length_269685_cov_43.3805	2	225235	225310	Asn	GTT	0	0	91.73	62.08	29.65	
NODE_10_length_269685_cov_43.3805	3	216436	216361	Ala	GGC	0	0	86.95	68.86	18.09	
NODE_10_length_269685_cov_43.3805	4	216312	216237	Glu	TTC	0	0	66.40	38.20	28.20	
NODE_10_length_269685_cov_43.3805	5	216143	216068	Ala	GGC	0	0	86.95	68.86	18.09	
NODE_10_length_269685_cov_43.3805	6	216021	215946	Glu	TTC	0	0	66.40	38.20	28.20	
NODE_10_length_269685_cov_43.3805	7	177034	176959	Val	TAC	0	0	94.49	73.68	20.81	
NODE_10_length_269685_cov_43.3805	8	176942	176866	Asp	GTC	0	0	94.67	75.49	19.18	
NODE_10_length_269685_cov_43.3805	9	176751	176675	Asp	GTC	0	0	94.67	75.49	19.18	
NODE_11_length_244296_cov_42.5441	1	62960 	63035 	Lys	TTT	0	0	95.07	71.82	23.25	
NODE_11_length_244296_cov_42.5441	2	90475 	90564 	Ser	CGA	0	0	68.31	24.88	43.43	
NODE_11_length_244296_cov_42.5441	3	10404 	10328 	Met	CAT	0	0	85.06	58.55	26.51	
NODE_12_length_233085_cov_43.3513	1	169945	170020	Glu	TTC	0	0	66.40	38.20	28.20	
NODE_12_length_233085_cov_43.3513	2	170023	170098	Gly	GCC	0	0	93.74	68.41	25.33	
NODE_12_length_233085_cov_43.3513	3	170183	170258	Gly	GCC	0	0	93.74	68.41	25.33	
NODE_12_length_233085_cov_43.3513	4	216581	216657	Val	GAC	0	0	93.19	67.81	25.38	
NODE_12_length_233085_cov_43.3513	5	137440	137351	Ser	GGA	0	0	71.75	34.38	37.37	
NODE_13_length_231567_cov_44.0226	1	18234 	18307 	Cys	GCA	0	0	62.38	45.73	16.65	
NODE_20_length_65518_cov_46.2123 	1	1220  	1295  	Trp	CCA	0	0	86.73	63.05	23.68	
NODE_24_length_39691_cov_42.2664 	1	4967  	4891  	Arg	CCG	0	0	87.89	66.77	21.12	
NODE_26_length_28974_cov_41.6355 	1	17880 	17956 	Pro	GGG	0	0	74.89	48.01	26.88	
NODE_30_length_5301_cov_176.675  	1	1812  	1888  	Ile	GAT	0	0	98.83	72.69	26.14	
NODE_30_length_5301_cov_176.675  	2	1917  	1992  	Ala	TGC	0	0	90.68	71.56	19.12	
NODE_33_length_3418_cov_41.8028  	1	2898  	2982  	Tyr	GTA	0	0	71.07	41.76	29.31	
NODE_33_length_3418_cov_41.8028  	2	3009  	3082  	Gly	TCC	0	0	82.75	60.87	21.88	
NODE_33_length_3418_cov_41.8028  	3	3102  	3177  	Thr	GGT	0	0	93.76	67.73	26.03	
