Sequence                         		tRNA  	Bounds	tRNA	Anti	Intron Bounds	Cove	HMM	2'Str	      
Name                             	tRNA #	Begin 	End   	Type	Codon	Begin	End	Score	Score	Score	Note
--------                         	------	----- 	------	----	-----	-----	----	------	-----	-----	------
NODE_1_length_895133_cov_49.3226 	1	687244	687320	Arg	CCT	0	0	83.71	58.51	25.20	
NODE_1_length_895133_cov_49.3226 	2	821263	821338	Val	TAC	0	0	94.49	73.68	20.81	
NODE_1_length_895133_cov_49.3226 	3	821355	821431	Asp	GTC	0	0	94.67	75.49	19.18	
NODE_1_length_895133_cov_49.3226 	4	210681	210595	Leu	CAA	0	0	69.99	38.33	31.66	
NODE_2_length_801661_cov_49.5483 	1	684828	684919	SeC	TCA	0	0	55.75	-18.51	74.26	
NODE_2_length_801661_cov_49.5483 	2	738887	738972	Leu	GAG	0	0	68.53	39.16	29.37	
NODE_2_length_801661_cov_49.5483 	3	739063	739139	Met	CAT	0	0	85.85	60.06	25.79	
NODE_2_length_801661_cov_49.5483 	4	494649	494563	Leu	CAG	0	0	73.96	38.54	35.42	
NODE_2_length_801661_cov_49.5483 	5	494433	494347	Leu	CAG	0	0	73.96	38.54	35.42	
NODE_2_length_801661_cov_49.5483 	6	241158	241083	Phe	GAA	0	0	92.69	68.52	24.17	
NODE_2_length_801661_cov_49.5483 	7	229748	229673	Thr	TGT	0	0	93.66	75.64	18.02	
NODE_3_length_732205_cov_48.8596 	1	93641 	93731 	Ser	GCT	0	0	76.69	47.10	29.59	
NODE_3_length_732205_cov_48.8596 	2	93849 	93925 	Arg	ACG	0	0	83.50	58.05	25.45	
NODE_3_length_732205_cov_48.8596 	3	94038 	94114 	Arg	ACG	0	0	83.50	58.05	25.45	
NODE_3_length_732205_cov_48.8596 	4	162781	162856	Lys	TTT	0	0	95.07	71.82	23.25	
NODE_3_length_732205_cov_48.8596 	5	265909	265994	Lys	TTT	0	0	22.00	12.28	9.72	
NODE_3_length_732205_cov_48.8596 	6	293461	293550	Ser	CGA	0	0	68.31	24.88	43.43	
NODE_3_length_732205_cov_48.8596 	7	110186	110110	Met	CAT	0	0	85.06	58.55	26.51	
NODE_3_length_732205_cov_48.8596 	8	3961  	3889  	Leu	GAG	0	0	20.84	19.28	1.56	
NODE_4_length_728829_cov_47.7103 	1	605462	605551	Ser	GGA	0	0	71.75	34.38	37.37	
NODE_4_length_728829_cov_47.7103 	2	572964	572889	Glu	TTC	0	0	66.40	38.20	28.20	
NODE_4_length_728829_cov_47.7103 	3	572886	572811	Gly	GCC	0	0	93.74	68.41	25.33	
NODE_4_length_728829_cov_47.7103 	4	572726	572651	Gly	GCC	0	0	93.74	68.41	25.33	
NODE_4_length_728829_cov_47.7103 	5	432916	432840	Val	GAC	0	0	93.19	67.81	25.38	
NODE_4_length_728829_cov_47.7103 	6	398773	398697	Pro	GGG	0	0	74.89	48.01	26.88	
NODE_4_length_728829_cov_47.7103 	7	248207	248118	Ser	TGA	0	0	72.70	38.95	33.75	
NODE_4_length_728829_cov_47.7103 	8	192083	192008	Gly	GCC	0	0	93.74	68.41	25.33	
NODE_4_length_728829_cov_47.7103 	9	187461	187388	Cys	GCA	0	0	62.38	45.73	16.65	
NODE_4_length_728829_cov_47.7103 	10	123201	123115	Leu	TAA	0	0	76.64	42.32	34.32	
NODE_5_length_480982_cov_47.4145 	1	388447	388523	Arg	TCT	0	0	96.39	77.88	18.51	
NODE_5_length_480982_cov_47.4145 	2	388575	388650	His	GTG	0	0	83.51	64.18	19.33	
NODE_5_length_480982_cov_47.4145 	3	388705	388789	Leu	TAG	0	0	76.62	44.97	31.65	
NODE_5_length_480982_cov_47.4145 	4	388856	388931	His	GTG	0	0	83.51	64.18	19.33	
NODE_5_length_480982_cov_47.4145 	5	400222	400298	Asp	GTC	0	0	95.34	76.86	18.48	
NODE_6_length_371845_cov_49.6015 	1	294579	294503	Met	CAT	0	0	92.87	71.40	21.47	
NODE_7_length_356250_cov_48.8234 	1	101853	101928	Asn	GTT	0	0	91.73	62.08	29.65	
NODE_7_length_356250_cov_48.8234 	2	101938	102014	Pro	TGG	0	0	87.63	64.60	23.03	
NODE_7_length_356250_cov_48.8234 	3	102025	102100	Lys	TTT	0	0	95.07	71.82	23.25	
NODE_7_length_356250_cov_48.8234 	4	121344	121419	Thr	CGT	0	0	90.98	74.93	16.05	
NODE_7_length_356250_cov_48.8234 	5	57937 	57864 	Arg	ACG	0	0	52.72	27.21	25.51	
NODE_9_length_267107_cov_48.6526 	1	94287 	94363 	Pro	CGG	0	0	88.20	60.26	27.94	
NODE_9_length_267107_cov_48.6526 	2	223094	223169	Asn	GTT	0	0	91.73	62.08	29.65	
NODE_9_length_267107_cov_48.6526 	3	214295	214220	Ala	GGC	0	0	86.95	68.86	18.09	
NODE_9_length_267107_cov_48.6526 	4	214171	214096	Glu	TTC	0	0	66.40	38.20	28.20	
NODE_9_length_267107_cov_48.6526 	5	214002	213927	Ala	GGC	0	0	86.95	68.86	18.09	
NODE_9_length_267107_cov_48.6526 	6	213880	213805	Glu	TTC	0	0	66.40	38.20	28.20	
NODE_9_length_267107_cov_48.6526 	7	174905	174830	Val	TAC	0	0	94.49	73.68	20.81	
NODE_9_length_267107_cov_48.6526 	8	174813	174737	Asp	GTC	0	0	94.67	75.49	19.18	
NODE_9_length_267107_cov_48.6526 	9	174622	174546	Asp	GTC	0	0	94.67	75.49	19.18	
NODE_13_length_171709_cov_49.2282	1	99599 	99672 	Gly	CCC	0	0	60.35	30.06	30.29	
NODE_14_length_146209_cov_46.7711	1	48080 	48005 	Gly	TCC	0	0	82.79	56.37	26.42	
NODE_20_length_71370_cov_48.1823 	1	22240 	22166 	Gln	TTG	0	0	66.82	40.36	26.46	
NODE_20_length_71370_cov_48.1823 	2	18491 	18415 	Met	CAT	0	0	87.19	64.42	22.77	
NODE_22_length_65371_cov_52.943  	1	64152 	64077 	Trp	CCA	0	0	86.73	63.05	23.68	
NODE_27_length_35816_cov_49.2653 	1	1188  	1112  	Arg	CCG	0	0	87.81	66.55	21.26	
NODE_35_length_5618_cov_200.329  	1	2037  	2113  	Ile	GAT	0	0	98.83	72.69	26.14	
NODE_35_length_5618_cov_200.329  	2	2142  	2217  	Ala	TGC	0	0	90.68	71.56	19.12	
NODE_39_length_3326_cov_49.3901  	1	521   	437   	Tyr	GTA	0	0	71.07	41.76	29.31	
NODE_39_length_3326_cov_49.3901  	2	410   	337   	Gly	TCC	0	0	82.75	60.87	21.88	
NODE_39_length_3326_cov_49.3901  	3	317   	242   	Thr	GGT	0	0	93.76	67.73	26.03	
