Sequence                         		tRNA  	Bounds	tRNA	Anti	Intron Bounds	Cove	HMM	2'Str	      
Name                             	tRNA #	Begin 	End   	Type	Codon	Begin	End	Score	Score	Score	Note
--------                         	------	----- 	------	----	-----	-----	----	------	-----	-----	------
NODE_1_length_856988_cov_38.4859 	1	60835 	60910 	Ala	GGC	0	0	86.95	68.86	18.09	
NODE_1_length_856988_cov_38.4859 	2	60959 	61034 	Glu	TTC	0	0	66.40	38.20	28.20	
NODE_1_length_856988_cov_38.4859 	3	61128 	61203 	Ala	GGC	0	0	86.95	68.86	18.09	
NODE_1_length_856988_cov_38.4859 	4	61250 	61325 	Glu	TTC	0	0	66.40	38.20	28.20	
NODE_1_length_856988_cov_38.4859 	5	100223	100298	Val	TAC	0	0	94.49	73.68	20.81	
NODE_1_length_856988_cov_38.4859 	6	100315	100391	Asp	GTC	0	0	94.67	75.49	19.18	
NODE_1_length_856988_cov_38.4859 	7	100506	100582	Asp	GTC	0	0	94.67	75.49	19.18	
NODE_1_length_856988_cov_38.4859 	8	402113	402188	Glu	TTC	0	0	66.40	38.20	28.20	
NODE_1_length_856988_cov_38.4859 	9	402191	402266	Gly	GCC	0	0	93.74	68.41	25.33	
NODE_1_length_856988_cov_38.4859 	10	402351	402426	Gly	GCC	0	0	93.74	68.41	25.33	
NODE_1_length_856988_cov_38.4859 	11	503800	503876	Val	GAC	0	0	93.19	67.81	25.38	
NODE_1_length_856988_cov_38.4859 	12	537943	538019	Pro	GGG	0	0	74.89	48.01	26.88	
NODE_1_length_856988_cov_38.4859 	13	717877	717966	Ser	TGA	0	0	72.70	38.95	33.75	
NODE_1_length_856988_cov_38.4859 	14	742252	742327	Gly	GCC	0	0	93.74	68.41	25.33	
NODE_1_length_856988_cov_38.4859 	15	746876	746949	Cys	GCA	0	0	62.38	45.73	16.65	
NODE_1_length_856988_cov_38.4859 	16	759500	759586	Leu	TAA	0	0	76.64	42.32	34.32	
NODE_1_length_856988_cov_38.4859 	17	369619	369530	Ser	GGA	0	0	71.75	34.38	37.37	
NODE_1_length_856988_cov_38.4859 	18	180843	180767	Pro	CGG	0	0	88.20	60.26	27.94	
NODE_1_length_856988_cov_38.4859 	19	52028 	51953 	Asn	GTT	0	0	91.73	62.08	29.65	
NODE_2_length_687945_cov_40.2376 	1	571128	571219	SeC	TCA	0	0	55.75	-18.51	74.26	
NODE_2_length_687945_cov_40.2376 	2	625075	625160	Leu	GAG	0	0	68.53	39.16	29.37	
NODE_2_length_687945_cov_40.2376 	3	625251	625327	Met	CAT	0	0	85.85	60.06	25.79	
NODE_2_length_687945_cov_40.2376 	4	417248	417162	Leu	CAG	0	0	73.96	38.54	35.42	
NODE_2_length_687945_cov_40.2376 	5	417032	416946	Leu	CAG	0	0	73.96	38.54	35.42	
NODE_2_length_687945_cov_40.2376 	6	160384	160309	Phe	GAA	0	0	92.69	68.52	24.17	
NODE_2_length_687945_cov_40.2376 	7	148979	148904	Thr	TGT	0	0	93.66	75.64	18.02	
NODE_3_length_599714_cov_39.2113 	1	219992	219906	Leu	CAA	0	0	69.99	38.33	31.66	
NODE_4_length_461379_cov_38.2069 	1	158853	158777	Arg	TCT	0	0	96.39	77.88	18.51	
NODE_4_length_461379_cov_38.2069 	2	158725	158650	His	GTG	0	0	83.51	64.18	19.33	
NODE_4_length_461379_cov_38.2069 	3	158595	158511	Leu	TAG	0	0	76.62	44.97	31.65	
NODE_4_length_461379_cov_38.2069 	4	92327 	92252 	His	GTG	0	0	83.51	64.18	19.33	
NODE_4_length_461379_cov_38.2069 	5	80961 	80885 	Asp	GTC	0	0	95.34	76.86	18.48	
NODE_5_length_421056_cov_40.0486 	1	331429	331353	Met	CAT	0	0	92.87	71.40	21.47	
NODE_5_length_421056_cov_40.0486 	2	1283  	1207  	Arg	CCG	0	0	88.66	67.40	21.26	
NODE_6_length_328966_cov_39.0066 	1	60579 	60655 	Met	CAT	0	0	85.06	58.55	26.51	
NODE_6_length_328966_cov_39.0066 	2	166785	166857	Leu	GAG	0	0	20.84	19.28	1.56	
NODE_6_length_328966_cov_39.0066 	3	270729	270802	Gly	CCC	0	0	60.35	30.06	30.29	
NODE_6_length_328966_cov_39.0066 	4	77121 	77031 	Ser	GCT	0	0	76.69	47.10	29.59	
NODE_6_length_328966_cov_39.0066 	5	76913 	76837 	Arg	ACG	0	0	83.50	58.05	25.45	
NODE_6_length_328966_cov_39.0066 	6	76725 	76649 	Arg	ACG	0	0	83.50	58.05	25.45	
NODE_6_length_328966_cov_39.0066 	7	8026  	7951  	Lys	TTT	0	0	95.07	71.82	23.25	
NODE_7_length_270566_cov_38.5869 	1	33470 	33545 	Thr	CGT	0	0	90.98	74.93	16.05	
NODE_9_length_234981_cov_38.8317 	1	27794 	27883 	Ser	CGA	0	0	68.31	24.88	43.43	
NODE_11_length_214777_cov_39.2442	1	90428 	90352 	Arg	CCT	0	0	83.71	58.51	25.20	
NODE_18_length_113897_cov_38.6961	1	36000 	36075 	Val	TAC	0	0	94.49	73.68	20.81	
NODE_18_length_113897_cov_38.6961	2	36092 	36168 	Asp	GTC	0	0	94.67	75.49	19.18	
NODE_19_length_106311_cov_39.033 	1	48007 	48080 	Arg	ACG	0	0	52.72	27.21	25.51	
NODE_19_length_106311_cov_39.033 	2	4092  	4017  	Asn	GTT	0	0	91.73	62.08	29.65	
NODE_19_length_106311_cov_39.033 	3	4007  	3931  	Pro	TGG	0	0	87.63	64.60	23.03	
NODE_19_length_106311_cov_39.033 	4	3920  	3845  	Lys	TTT	0	0	95.07	71.82	23.25	
NODE_22_length_86234_cov_39.4425 	1	49035 	49109 	Gln	TTG	0	0	66.82	40.36	26.46	
NODE_22_length_86234_cov_39.4425 	2	67744 	67820 	Met	CAT	0	0	87.19	64.42	22.77	
NODE_25_length_65171_cov_42.0588 	1	872   	947   	Trp	CCA	0	0	86.73	63.05	23.68	
NODE_39_length_5512_cov_156.92   	1	1935  	2011  	Ile	GAT	0	0	98.83	72.69	26.14	
NODE_39_length_5512_cov_156.92   	2	2040  	2115  	Ala	TGC	0	0	90.68	71.56	19.12	
NODE_42_length_3678_cov_36.1248  	1	2810  	2894  	Tyr	GTA	0	0	71.07	41.76	29.31	
NODE_42_length_3678_cov_36.1248  	2	2921  	2994  	Gly	TCC	0	0	82.75	60.87	21.88	
NODE_42_length_3678_cov_36.1248  	3	3014  	3089  	Thr	GGT	0	0	93.76	67.73	26.03	
