Sequence                         		tRNA  	Bounds	tRNA	Anti	Intron Bounds	Cove	HMM	2'Str	      
Name                             	tRNA #	Begin 	End   	Type	Codon	Begin	End	Score	Score	Score	Note
--------                         	------	----- 	------	----	-----	-----	----	------	-----	-----	------
NODE_1_length_783937_cov_29.2625 	1	420452	420366	Leu	CAA	0	0	69.99	38.33	31.66	
NODE_2_length_489192_cov_28.7132 	1	195696	195771	Asn	GTT	0	0	91.73	62.08	29.65	
NODE_2_length_489192_cov_28.7132 	2	195781	195857	Pro	TGG	0	0	87.63	64.60	23.03	
NODE_2_length_489192_cov_28.7132 	3	195868	195943	Lys	TTT	0	0	95.07	71.82	23.25	
NODE_2_length_489192_cov_28.7132 	4	213927	214002	Thr	CGT	0	0	90.98	74.93	16.05	
NODE_2_length_489192_cov_28.7132 	5	151781	151708	Arg	ACG	0	0	52.72	27.21	25.51	
NODE_2_length_489192_cov_28.7132 	6	45604 	45530 	Gln	TTG	0	0	66.82	40.36	26.46	
NODE_2_length_489192_cov_28.7132 	7	18485 	18409 	Met	CAT	0	0	87.19	64.42	22.77	
NODE_3_length_458586_cov_28.757  	1	97311 	97400 	Ser	GGA	0	0	71.75	34.38	37.37	
NODE_3_length_458586_cov_28.757  	2	286104	286180	Pro	CGG	0	0	88.20	60.26	27.94	
NODE_3_length_458586_cov_28.757  	3	415987	416062	Asn	GTT	0	0	91.73	62.08	29.65	
NODE_3_length_458586_cov_28.757  	4	407188	407113	Ala	GGC	0	0	86.95	68.86	18.09	
NODE_3_length_458586_cov_28.757  	5	407064	406989	Glu	TTC	0	0	66.40	38.20	28.20	
NODE_3_length_458586_cov_28.757  	6	406895	406820	Ala	GGC	0	0	86.95	68.86	18.09	
NODE_3_length_458586_cov_28.757  	7	406773	406698	Glu	TTC	0	0	66.40	38.20	28.20	
NODE_3_length_458586_cov_28.757  	8	367796	367721	Val	TAC	0	0	94.49	73.68	20.81	
NODE_3_length_458586_cov_28.757  	9	367704	367628	Asp	GTC	0	0	94.67	75.49	19.18	
NODE_3_length_458586_cov_28.757  	10	367513	367437	Asp	GTC	0	0	94.67	75.49	19.18	
NODE_3_length_458586_cov_28.757  	11	64816 	64741 	Glu	TTC	0	0	66.40	38.20	28.20	
NODE_3_length_458586_cov_28.757  	12	64738 	64663 	Gly	GCC	0	0	93.74	68.41	25.33	
NODE_4_length_458007_cov_29.5162 	1	341612	341703	SeC	TCA	0	0	55.75	-18.51	74.26	
NODE_4_length_458007_cov_29.5162 	2	395663	395748	Leu	GAG	0	0	68.53	39.16	29.37	
NODE_4_length_458007_cov_29.5162 	3	395839	395915	Met	CAT	0	0	85.85	60.06	25.79	
NODE_4_length_458007_cov_29.5162 	4	185331	185245	Leu	CAG	0	0	73.96	38.54	35.42	
NODE_4_length_458007_cov_29.5162 	5	185115	185029	Leu	CAG	0	0	73.96	38.54	35.42	
NODE_5_length_360475_cov_28.5544 	1	127564	127640	Met	CAT	0	0	85.06	58.55	26.51	
NODE_5_length_360475_cov_28.5544 	2	233828	233900	Leu	GAG	0	0	20.84	19.28	1.56	
NODE_5_length_360475_cov_28.5544 	3	337254	337327	Gly	CCC	0	0	60.35	30.06	30.29	
NODE_5_length_360475_cov_28.5544 	4	144146	144056	Ser	GCT	0	0	76.69	47.10	29.59	
NODE_5_length_360475_cov_28.5544 	5	143938	143862	Arg	ACG	0	0	83.50	58.05	25.45	
NODE_5_length_360475_cov_28.5544 	6	143750	143674	Arg	ACG	0	0	83.50	58.05	25.45	
NODE_5_length_360475_cov_28.5544 	7	74987 	74912 	Lys	TTT	0	0	95.07	71.82	23.25	
NODE_6_length_327867_cov_31.8474 	1	183367	183291	Arg	TCT	0	0	96.39	77.88	18.51	
NODE_6_length_327867_cov_31.8474 	2	183239	183164	His	GTG	0	0	83.51	64.18	19.33	
NODE_6_length_327867_cov_31.8474 	3	183109	183025	Leu	TAG	0	0	76.62	44.97	31.65	
NODE_6_length_327867_cov_31.8474 	4	152178	152103	Thr	TGT	0	0	74.27	61.42	12.85	
NODE_6_length_327867_cov_31.8474 	5	123544	123469	His	GTG	0	0	83.51	64.18	19.33	
NODE_6_length_327867_cov_31.8474 	6	112191	112115	Asp	GTC	0	0	95.34	76.86	18.48	
NODE_7_length_280112_cov_27.8638 	1	153999	154088	Ser	TGA	0	0	72.70	38.95	33.75	
NODE_7_length_280112_cov_27.8638 	2	178379	178454	Gly	GCC	0	0	93.74	68.41	25.33	
NODE_7_length_280112_cov_27.8638 	3	184772	184845	Cys	GCA	0	0	62.38	45.73	16.65	
NODE_7_length_280112_cov_27.8638 	4	197397	197483	Leu	TAA	0	0	76.64	42.32	34.32	
NODE_10_length_222896_cov_29.4936	1	139553	139477	Met	CAT	0	0	92.87	71.40	21.47	
NODE_14_length_187925_cov_28.3551	1	154210	154121	Ser	CGA	0	0	68.31	24.88	43.43	
NODE_17_length_136180_cov_29.2247	1	100221	100146	Val	TAC	0	0	94.49	73.68	20.81	
NODE_17_length_136180_cov_29.2247	2	100129	100053	Asp	GTC	0	0	94.67	75.49	19.18	
NODE_19_length_124352_cov_28.0738	1	48780 	48704 	Val	GAC	0	0	93.19	67.81	25.38	
NODE_20_length_120640_cov_30.1146	1	919   	843   	Arg	CCT	0	0	83.71	58.51	25.20	
NODE_28_length_76775_cov_29.773  	1	4899  	4824  	Phe	GAA	0	0	92.69	68.52	24.17	
NODE_29_length_65459_cov_30.7954 	1	1220  	1295  	Trp	CCA	0	0	86.73	63.05	23.68	
NODE_30_length_56988_cov_29.3888 	1	21069 	21144 	Thr	TGT	0	0	93.66	75.64	18.02	
NODE_35_length_35831_cov_29.2258 	1	34644 	34720 	Arg	CCG	0	0	87.81	66.55	21.26	
NODE_36_length_34502_cov_26.8274 	1	19614 	19690 	Pro	GGG	0	0	74.89	48.01	26.88	
NODE_48_length_5405_cov_118.011  	1	1829  	1905  	Ile	GAT	0	0	98.83	72.69	26.14	
NODE_48_length_5405_cov_118.011  	2	1934  	2009  	Ala	TGC	0	0	90.68	71.56	19.12	
NODE_51_length_3329_cov_25.8841  	1	2809  	2893  	Tyr	GTA	0	0	71.07	41.76	29.31	
NODE_51_length_3329_cov_25.8841  	2	2920  	2993  	Gly	TCC	0	0	82.75	60.87	21.88	
NODE_51_length_3329_cov_25.8841  	3	3013  	3088  	Thr	GGT	0	0	93.76	67.73	26.03	
