Sequence                        		tRNA  	Bounds	tRNA	Anti	Intron Bounds	Cove	HMM	2'Str	      
Name                            	tRNA #	Begin 	End   	Type	Codon	Begin	End	Score	Score	Score	Note
--------                        	------	----- 	------	----	-----	-----	----	------	-----	-----	------
NODE_1_length_771895_cov_54.471 	1	655076	655167	SeC	TCA	0	0	55.75	-18.51	74.26	
NODE_1_length_771895_cov_54.471 	2	709062	709147	Leu	GAG	0	0	68.53	39.16	29.37	
NODE_1_length_771895_cov_54.471 	3	709238	709314	Met	CAT	0	0	85.85	60.06	25.79	
NODE_1_length_771895_cov_54.471 	4	501579	501493	Leu	CAG	0	0	73.96	38.54	35.42	
NODE_1_length_771895_cov_54.471 	5	501363	501277	Leu	CAG	0	0	73.96	38.54	35.42	
NODE_1_length_771895_cov_54.471 	6	242555	242480	Phe	GAA	0	0	92.69	68.52	24.17	
NODE_1_length_771895_cov_54.471 	7	231145	231070	Thr	TGT	0	0	93.66	75.64	18.02	
NODE_2_length_700933_cov_53.8736	1	698299	698375	Arg	CCT	0	0	83.71	58.51	25.20	
NODE_2_length_700933_cov_53.8736	2	213901	213815	Leu	CAA	0	0	69.99	38.33	31.66	
NODE_3_length_617889_cov_54.1307	1	90416 	90506 	Ser	GCT	0	0	76.69	47.10	29.59	
NODE_3_length_617889_cov_54.1307	2	90624 	90700 	Arg	ACG	0	0	83.50	58.05	25.45	
NODE_3_length_617889_cov_54.1307	3	90812 	90888 	Arg	ACG	0	0	83.50	58.05	25.45	
NODE_3_length_617889_cov_54.1307	4	159508	159583	Lys	TTT	0	0	95.07	71.82	23.25	
NODE_3_length_617889_cov_54.1307	5	187053	187142	Ser	CGA	0	0	68.31	24.88	43.43	
NODE_3_length_617889_cov_54.1307	6	106958	106882	Met	CAT	0	0	85.06	58.55	26.51	
NODE_3_length_617889_cov_54.1307	7	737   	665   	Leu	GAG	0	0	20.84	19.28	1.56	
NODE_5_length_513484_cov_53.7839	1	151511	151600	Ser	GGA	0	0	71.75	34.38	37.37	
NODE_5_length_513484_cov_53.7839	2	340292	340368	Pro	CGG	0	0	88.20	60.26	27.94	
NODE_5_length_513484_cov_53.7839	3	469103	469178	Asn	GTT	0	0	91.73	62.08	29.65	
NODE_5_length_513484_cov_53.7839	4	460304	460229	Ala	GGC	0	0	86.95	68.86	18.09	
NODE_5_length_513484_cov_53.7839	5	460180	460105	Glu	TTC	0	0	66.40	38.20	28.20	
NODE_5_length_513484_cov_53.7839	6	460011	459936	Ala	GGC	0	0	86.95	68.86	18.09	
NODE_5_length_513484_cov_53.7839	7	459889	459814	Glu	TTC	0	0	66.40	38.20	28.20	
NODE_5_length_513484_cov_53.7839	8	420901	420826	Val	TAC	0	0	94.49	73.68	20.81	
NODE_5_length_513484_cov_53.7839	9	420809	420733	Asp	GTC	0	0	94.67	75.49	19.18	
NODE_5_length_513484_cov_53.7839	10	420618	420542	Asp	GTC	0	0	94.67	75.49	19.18	
NODE_5_length_513484_cov_53.7839	11	119015	118940	Glu	TTC	0	0	66.40	38.20	28.20	
NODE_5_length_513484_cov_53.7839	12	118937	118862	Gly	GCC	0	0	93.74	68.41	25.33	
NODE_5_length_513484_cov_53.7839	13	118777	118702	Gly	GCC	0	0	93.74	68.41	25.33	
NODE_5_length_513484_cov_53.7839	14	71504 	71428 	Val	GAC	0	0	93.19	67.81	25.38	
NODE_5_length_513484_cov_53.7839	15	37365 	37289 	Pro	GGG	0	0	74.89	48.01	26.88	
NODE_6_length_511447_cov_53.6287	1	386192	386268	Arg	TCT	0	0	96.39	77.88	18.51	
NODE_6_length_511447_cov_53.6287	2	386320	386395	His	GTG	0	0	83.51	64.18	19.33	
NODE_6_length_511447_cov_53.6287	3	386450	386534	Leu	TAG	0	0	76.62	44.97	31.65	
NODE_6_length_511447_cov_53.6287	4	386601	386676	His	GTG	0	0	83.51	64.18	19.33	
NODE_6_length_511447_cov_53.6287	5	397961	398037	Asp	GTC	0	0	95.34	76.86	18.48	
NODE_7_length_408490_cov_54.0449	1	331186	331110	Met	CAT	0	0	92.87	71.40	21.47	
NODE_7_length_408490_cov_54.0449	2	1471  	1395  	Arg	CCG	0	0	87.81	66.55	21.26	
NODE_8_length_353723_cov_53.7134	1	101416	101491	Asn	GTT	0	0	91.73	62.08	29.65	
NODE_8_length_353723_cov_53.7134	2	101501	101577	Pro	TGG	0	0	87.63	64.60	23.03	
NODE_8_length_353723_cov_53.7134	3	101588	101663	Lys	TTT	0	0	95.07	71.82	23.25	
NODE_8_length_353723_cov_53.7134	4	120984	121059	Thr	CGT	0	0	90.98	74.93	16.05	
NODE_8_length_353723_cov_53.7134	5	57500 	57427 	Arg	ACG	0	0	52.72	27.21	25.51	
NODE_9_length_344299_cov_54.1978	1	202690	202601	Ser	TGA	0	0	72.70	38.95	33.75	
NODE_9_length_344299_cov_54.1978	2	142395	142320	Gly	GCC	0	0	93.74	68.41	25.33	
NODE_9_length_344299_cov_54.1978	3	137773	137700	Cys	GCA	0	0	62.38	45.73	16.65	
NODE_9_length_344299_cov_54.1978	4	125149	125063	Leu	TAA	0	0	76.64	42.32	34.32	
NODE_13_length_206569_cov_54.13 	1	132694	132769	Val	TAC	0	0	94.49	73.68	20.81	
NODE_13_length_206569_cov_54.13 	2	132786	132862	Asp	GTC	0	0	94.67	75.49	19.18	
NODE_14_length_169055_cov_54.7739	1	99612 	99685 	Gly	CCC	0	0	60.35	30.06	30.29	
NODE_17_length_83295_cov_53.9091	1	34184 	34110 	Gln	TTG	0	0	66.82	40.36	26.46	
NODE_17_length_83295_cov_53.9091	2	30435 	30359 	Met	CAT	0	0	87.19	64.42	22.77	
NODE_18_length_65405_cov_55.1388	1	64297 	64222 	Trp	CCA	0	0	86.73	63.05	23.68	
NODE_21_length_5556_cov_214.269 	1	1971  	2047  	Ile	GAT	0	0	98.83	72.69	26.14	
NODE_21_length_5556_cov_214.269 	2	2076  	2151  	Ala	TGC	0	0	90.68	71.56	19.12	
NODE_24_length_3432_cov_51.5014 	1	632   	548   	Tyr	GTA	0	0	71.07	41.76	29.31	
NODE_24_length_3432_cov_51.5014 	2	521   	448   	Gly	TCC	0	0	82.75	60.87	21.88	
NODE_24_length_3432_cov_51.5014 	3	428   	353   	Thr	GGT	0	0	93.76	67.73	26.03	
