Sequence                         		tRNA  	Bounds	tRNA	Anti	Intron Bounds	Cove	HMM	2'Str	      
Name                             	tRNA #	Begin 	End   	Type	Codon	Begin	End	Score	Score	Score	Note
--------                         	------	----- 	------	----	-----	-----	----	------	-----	-----	------
NODE_1_length_579555_cov_39.7853 	1	215240	215154	Leu	CAA	0	0	69.99	38.33	31.66	
NODE_2_length_427401_cov_38.9374 	1	35054 	35143 	Ser	CGA	0	0	68.31	24.88	43.43	
NODE_3_length_359526_cov_40.6824 	1	282104	282028	Met	CAT	0	0	92.87	71.40	21.47	
NODE_4_length_324926_cov_38.3842 	1	252690	252780	Ser	GCT	0	0	76.69	47.10	29.59	
NODE_4_length_324926_cov_38.3842 	2	252898	252974	Arg	ACG	0	0	83.50	58.05	25.45	
NODE_4_length_324926_cov_38.3842 	3	253086	253162	Arg	ACG	0	0	83.50	58.05	25.45	
NODE_4_length_324926_cov_38.3842 	4	321875	321950	Lys	TTT	0	0	95.07	71.82	23.25	
NODE_4_length_324926_cov_38.3842 	5	269236	269160	Met	CAT	0	0	85.06	58.55	26.51	
NODE_4_length_324926_cov_38.3842 	6	163170	163098	Leu	GAG	0	0	20.84	19.28	1.56	
NODE_4_length_324926_cov_38.3842 	7	57561 	57488 	Gly	CCC	0	0	60.35	30.06	30.29	
NODE_5_length_311764_cov_37.8112 	1	169014	168925	Ser	TGA	0	0	72.70	38.95	33.75	
NODE_5_length_311764_cov_37.8112 	2	144634	144559	Gly	GCC	0	0	93.74	68.41	25.33	
NODE_5_length_311764_cov_37.8112 	3	138240	138167	Cys	GCA	0	0	62.38	45.73	16.65	
NODE_5_length_311764_cov_37.8112 	4	125616	125530	Leu	TAA	0	0	76.64	42.32	34.32	
NODE_6_length_293778_cov_40.6954 	1	176653	176744	SeC	TCA	0	0	55.75	-18.51	74.26	
NODE_6_length_293778_cov_40.6954 	2	230860	230945	Leu	GAG	0	0	68.53	39.16	29.37	
NODE_6_length_293778_cov_40.6954 	3	231036	231112	Met	CAT	0	0	85.85	60.06	25.79	
NODE_7_length_280870_cov_38.4326 	1	52679 	52754 	Ala	GGC	0	0	86.95	68.86	18.09	
NODE_7_length_280870_cov_38.4326 	2	52803 	52878 	Glu	TTC	0	0	66.40	38.20	28.20	
NODE_7_length_280870_cov_38.4326 	3	52972 	53047 	Ala	GGC	0	0	86.95	68.86	18.09	
NODE_7_length_280870_cov_38.4326 	4	53094 	53169 	Glu	TTC	0	0	66.40	38.20	28.20	
NODE_7_length_280870_cov_38.4326 	5	92076 	92151 	Val	TAC	0	0	94.49	73.68	20.81	
NODE_7_length_280870_cov_38.4326 	6	92168 	92244 	Asp	GTC	0	0	94.67	75.49	19.18	
NODE_7_length_280870_cov_38.4326 	7	92359 	92435 	Asp	GTC	0	0	94.67	75.49	19.18	
NODE_7_length_280870_cov_38.4326 	8	170560	170484	Pro	CGG	0	0	88.20	60.26	27.94	
NODE_7_length_280870_cov_38.4326 	9	43880 	43805 	Asn	GTT	0	0	91.73	62.08	29.65	
NODE_8_length_276893_cov_41.0791 	1	258173	258087	Leu	CAG	0	0	73.96	38.54	35.42	
NODE_8_length_276893_cov_41.0791 	2	257957	257871	Leu	CAG	0	0	73.96	38.54	35.42	
NODE_8_length_276893_cov_41.0791 	3	1240  	1165  	Phe	GAA	0	0	92.69	68.52	24.17	
NODE_10_length_270062_cov_37.295 	1	144533	144609	Arg	TCT	0	0	96.39	77.88	18.51	
NODE_10_length_270062_cov_37.295 	2	144661	144736	His	GTG	0	0	83.51	64.18	19.33	
NODE_10_length_270062_cov_37.295 	3	144791	144875	Leu	TAG	0	0	76.62	44.97	31.65	
NODE_10_length_270062_cov_37.295 	4	144942	145017	His	GTG	0	0	83.51	64.18	19.33	
NODE_10_length_270062_cov_37.295 	5	156295	156371	Asp	GTC	0	0	95.34	76.86	18.48	
NODE_15_length_210592_cov_39.9082	1	119526	119602	Arg	CCT	0	0	83.71	58.51	25.20	
NODE_17_length_164720_cov_43.6489	1	25801 	25883 	Phe	GAA	0	0	21.74	20.22	1.52	
NODE_17_length_164720_cov_43.6489	2	37212 	37287 	Thr	TGT	0	0	93.66	75.64	18.02	
NODE_19_length_138708_cov_38.7375	1	111245	111320	Glu	TTC	0	0	66.40	38.20	28.20	
NODE_19_length_138708_cov_38.7375	2	111323	111398	Gly	GCC	0	0	93.74	68.41	25.33	
NODE_19_length_138708_cov_38.7375	3	111483	111558	Gly	GCC	0	0	93.74	68.41	25.33	
NODE_19_length_138708_cov_38.7375	4	78744 	78655 	Ser	GGA	0	0	71.75	34.38	37.37	
NODE_21_length_114894_cov_38.9317	1	35959 	36034 	Val	TAC	0	0	94.49	73.68	20.81	
NODE_21_length_114894_cov_38.9317	2	36051 	36127 	Asp	GTC	0	0	94.67	75.49	19.18	
NODE_23_length_76381_cov_39.5873 	1	47129 	47202 	Arg	ACG	0	0	52.72	27.21	25.51	
NODE_23_length_76381_cov_39.5873 	2	3222  	3147  	Asn	GTT	0	0	91.73	62.08	29.65	
NODE_23_length_76381_cov_39.5873 	3	3137  	3061  	Pro	TGG	0	0	87.63	64.60	23.03	
NODE_23_length_76381_cov_39.5873 	4	3050  	2975  	Lys	TTT	0	0	95.07	71.82	23.25	
NODE_24_length_72274_cov_39.6495 	1	50030 	50104 	Gln	TTG	0	0	66.82	40.36	26.46	
NODE_24_length_72274_cov_39.6495 	2	53778 	53854 	Met	CAT	0	0	87.19	64.42	22.77	
NODE_28_length_65931_cov_40.0032 	1	31189 	31113 	Arg	CCG	0	0	87.89	66.77	21.12	
NODE_29_length_65518_cov_42.199  	1	64299 	64224 	Trp	CCA	0	0	86.73	63.05	23.68	
NODE_30_length_62949_cov_36.7845 	1	18885 	18961 	Val	GAC	0	0	93.19	67.81	25.38	
NODE_30_length_62949_cov_36.7845 	2	53042 	53118 	Pro	GGG	0	0	74.89	48.01	26.88	
NODE_37_length_38614_cov_38.6555 	1	3867  	3792  	Thr	CGT	0	0	90.98	74.93	16.05	
NODE_57_length_5475_cov_157.201  	1	1894  	1970  	Ile	GAT	0	0	98.83	72.69	26.14	
NODE_57_length_5475_cov_157.201  	2	1999  	2074  	Ala	TGC	0	0	90.68	71.56	19.12	
NODE_63_length_3327_cov_35.8928  	1	521   	437   	Tyr	GTA	0	0	71.07	41.76	29.31	
NODE_63_length_3327_cov_35.8928  	2	410   	337   	Gly	TCC	0	0	82.75	60.87	21.88	
NODE_63_length_3327_cov_35.8928  	3	317   	242   	Thr	GGT	0	0	93.76	67.73	26.03	
