Sequence                         		tRNA  	Bounds	tRNA	Anti	Intron Bounds	Cove	HMM	2'Str	      
Name                             	tRNA #	Begin 	End   	Type	Codon	Begin	End	Score	Score	Score	Note
--------                         	------	----- 	------	----	-----	-----	----	------	-----	-----	------
NODE_1_length_856995_cov_34.7624 	1	60835 	60910 	Ala	GGC	0	0	86.95	68.86	18.09	
NODE_1_length_856995_cov_34.7624 	2	60959 	61034 	Glu	TTC	0	0	66.40	38.20	28.20	
NODE_1_length_856995_cov_34.7624 	3	61128 	61203 	Ala	GGC	0	0	86.95	68.86	18.09	
NODE_1_length_856995_cov_34.7624 	4	61250 	61325 	Glu	TTC	0	0	66.40	38.20	28.20	
NODE_1_length_856995_cov_34.7624 	5	100223	100298	Val	TAC	0	0	94.49	73.68	20.81	
NODE_1_length_856995_cov_34.7624 	6	100315	100391	Asp	GTC	0	0	94.67	75.49	19.18	
NODE_1_length_856995_cov_34.7624 	7	100506	100582	Asp	GTC	0	0	94.67	75.49	19.18	
NODE_1_length_856995_cov_34.7624 	8	402120	402195	Glu	TTC	0	0	66.40	38.20	28.20	
NODE_1_length_856995_cov_34.7624 	9	402198	402273	Gly	GCC	0	0	93.74	68.41	25.33	
NODE_1_length_856995_cov_34.7624 	10	402358	402433	Gly	GCC	0	0	93.74	68.41	25.33	
NODE_1_length_856995_cov_34.7624 	11	503807	503883	Val	GAC	0	0	93.19	67.81	25.38	
NODE_1_length_856995_cov_34.7624 	12	537950	538026	Pro	GGG	0	0	74.89	48.01	26.88	
NODE_1_length_856995_cov_34.7624 	13	717884	717973	Ser	TGA	0	0	72.70	38.95	33.75	
NODE_1_length_856995_cov_34.7624 	14	742259	742334	Gly	GCC	0	0	93.74	68.41	25.33	
NODE_1_length_856995_cov_34.7624 	15	746883	746956	Cys	GCA	0	0	62.38	45.73	16.65	
NODE_1_length_856995_cov_34.7624 	16	759507	759593	Leu	TAA	0	0	76.64	42.32	34.32	
NODE_1_length_856995_cov_34.7624 	17	369626	369537	Ser	GGA	0	0	71.75	34.38	37.37	
NODE_1_length_856995_cov_34.7624 	18	180850	180774	Pro	CGG	0	0	88.20	60.26	27.94	
NODE_1_length_856995_cov_34.7624 	19	52028 	51953 	Asn	GTT	0	0	91.73	62.08	29.65	
NODE_2_length_687945_cov_34.2318 	1	571128	571219	SeC	TCA	0	0	55.75	-18.51	74.26	
NODE_2_length_687945_cov_34.2318 	2	625075	625160	Leu	GAG	0	0	68.53	39.16	29.37	
NODE_2_length_687945_cov_34.2318 	3	625251	625327	Met	CAT	0	0	85.85	60.06	25.79	
NODE_2_length_687945_cov_34.2318 	4	417248	417162	Leu	CAG	0	0	73.96	38.54	35.42	
NODE_2_length_687945_cov_34.2318 	5	417032	416946	Leu	CAG	0	0	73.96	38.54	35.42	
NODE_2_length_687945_cov_34.2318 	6	160384	160309	Phe	GAA	0	0	92.69	68.52	24.17	
NODE_2_length_687945_cov_34.2318 	7	148979	148904	Thr	TGT	0	0	93.66	75.64	18.02	
NODE_3_length_564621_cov_33.7899 	1	296234	296310	Met	CAT	0	0	85.06	58.55	26.51	
NODE_3_length_564621_cov_33.7899 	2	402440	402512	Leu	GAG	0	0	20.84	19.28	1.56	
NODE_3_length_564621_cov_33.7899 	3	506384	506457	Gly	CCC	0	0	60.35	30.06	30.29	
NODE_3_length_564621_cov_33.7899 	4	312776	312686	Ser	GCT	0	0	76.69	47.10	29.59	
NODE_3_length_564621_cov_33.7899 	5	312568	312492	Arg	ACG	0	0	83.50	58.05	25.45	
NODE_3_length_564621_cov_33.7899 	6	312380	312304	Arg	ACG	0	0	83.50	58.05	25.45	
NODE_3_length_564621_cov_33.7899 	7	243681	243606	Lys	TTT	0	0	95.07	71.82	23.25	
NODE_3_length_564621_cov_33.7899 	8	207188	207099	Ser	CGA	0	0	68.31	24.88	43.43	
NODE_4_length_461385_cov_33.7394 	1	302533	302609	Arg	TCT	0	0	96.39	77.88	18.51	
NODE_4_length_461385_cov_33.7394 	2	302661	302736	His	GTG	0	0	83.51	64.18	19.33	
NODE_4_length_461385_cov_33.7394 	3	302791	302875	Leu	TAG	0	0	76.62	44.97	31.65	
NODE_4_length_461385_cov_33.7394 	4	369059	369134	His	GTG	0	0	83.51	64.18	19.33	
NODE_4_length_461385_cov_33.7394 	5	380425	380501	Asp	GTC	0	0	95.34	76.86	18.48	
NODE_5_length_423903_cov_33.6464 	1	331429	331353	Met	CAT	0	0	92.87	71.40	21.47	
NODE_5_length_423903_cov_33.6464 	2	1283  	1207  	Arg	CCG	0	0	88.66	67.40	21.26	
NODE_6_length_408123_cov_32.8674 	1	379723	379809	Leu	CAA	0	0	69.99	38.33	31.66	
NODE_8_length_265663_cov_33.3434 	1	237097	237022	Thr	CGT	0	0	90.98	74.93	16.05	
NODE_9_length_264391_cov_35.2669 	1	119980	120053	Arg	ACG	0	0	52.72	27.21	25.51	
NODE_9_length_264391_cov_35.2669 	2	227192	227266	Gln	TTG	0	0	66.82	40.36	26.46	
NODE_9_length_264391_cov_35.2669 	3	245901	245977	Met	CAT	0	0	87.19	64.42	22.77	
NODE_9_length_264391_cov_35.2669 	4	76065 	75990 	Asn	GTT	0	0	91.73	62.08	29.65	
NODE_9_length_264391_cov_35.2669 	5	75980 	75904 	Pro	TGG	0	0	87.63	64.60	23.03	
NODE_9_length_264391_cov_35.2669 	6	75893 	75818 	Lys	TTT	0	0	95.07	71.82	23.25	
NODE_13_length_214777_cov_34.4114	1	124350	124426	Arg	CCT	0	0	83.71	58.51	25.20	
NODE_17_length_113897_cov_34.4532	1	36000 	36075 	Val	TAC	0	0	94.49	73.68	20.81	
NODE_17_length_113897_cov_34.4532	2	36092 	36168 	Asp	GTC	0	0	94.67	75.49	19.18	
NODE_19_length_102473_cov_33.3688	1	1136  	1211  	Trp	CCA	0	0	86.73	63.05	23.68	
NODE_33_length_5512_cov_141.904  	1	1935  	2011  	Ile	GAT	0	0	98.83	72.69	26.14	
NODE_33_length_5512_cov_141.904  	2	2040  	2115  	Ala	TGC	0	0	90.68	71.56	19.12	
NODE_36_length_3414_cov_31.5333  	1	2810  	2894  	Tyr	GTA	0	0	71.07	41.76	29.31	
NODE_36_length_3414_cov_31.5333  	2	2921  	2994  	Gly	TCC	0	0	82.75	60.87	21.88	
NODE_36_length_3414_cov_31.5333  	3	3014  	3089  	Thr	GGT	0	0	93.76	67.73	26.03	
