Sequence                        		tRNA  	Bounds	tRNA	Anti	Intron Bounds	Cove	HMM	2'Str	      
Name                            	tRNA #	Begin 	End   	Type	Codon	Begin	End	Score	Score	Score	Note
--------                        	------	----- 	------	----	-----	-----	----	------	-----	-----	------
NODE_1_length_856995_cov_31.731 	1	487370	487459	Ser	GGA	0	0	71.75	34.38	37.37	
NODE_1_length_856995_cov_31.731 	2	676146	676222	Pro	CGG	0	0	88.20	60.26	27.94	
NODE_1_length_856995_cov_31.731 	3	804968	805043	Asn	GTT	0	0	91.73	62.08	29.65	
NODE_1_length_856995_cov_31.731 	4	796161	796086	Ala	GGC	0	0	86.95	68.86	18.09	
NODE_1_length_856995_cov_31.731 	5	796037	795962	Glu	TTC	0	0	66.40	38.20	28.20	
NODE_1_length_856995_cov_31.731 	6	795868	795793	Ala	GGC	0	0	86.95	68.86	18.09	
NODE_1_length_856995_cov_31.731 	7	795746	795671	Glu	TTC	0	0	66.40	38.20	28.20	
NODE_1_length_856995_cov_31.731 	8	756773	756698	Val	TAC	0	0	94.49	73.68	20.81	
NODE_1_length_856995_cov_31.731 	9	756681	756605	Asp	GTC	0	0	94.67	75.49	19.18	
NODE_1_length_856995_cov_31.731 	10	756490	756414	Asp	GTC	0	0	94.67	75.49	19.18	
NODE_1_length_856995_cov_31.731 	11	454876	454801	Glu	TTC	0	0	66.40	38.20	28.20	
NODE_1_length_856995_cov_31.731 	12	454798	454723	Gly	GCC	0	0	93.74	68.41	25.33	
NODE_1_length_856995_cov_31.731 	13	454638	454563	Gly	GCC	0	0	93.74	68.41	25.33	
NODE_1_length_856995_cov_31.731 	14	353189	353113	Val	GAC	0	0	93.19	67.81	25.38	
NODE_1_length_856995_cov_31.731 	15	319046	318970	Pro	GGG	0	0	74.89	48.01	26.88	
NODE_1_length_856995_cov_31.731 	16	139112	139023	Ser	TGA	0	0	72.70	38.95	33.75	
NODE_1_length_856995_cov_31.731 	17	114737	114662	Gly	GCC	0	0	93.74	68.41	25.33	
NODE_1_length_856995_cov_31.731 	18	110113	110040	Cys	GCA	0	0	62.38	45.73	16.65	
NODE_1_length_856995_cov_31.731 	19	97489 	97403 	Leu	TAA	0	0	76.64	42.32	34.32	
NODE_2_length_687945_cov_32.7488	1	571128	571219	SeC	TCA	0	0	55.75	-18.51	74.26	
NODE_2_length_687945_cov_32.7488	2	625075	625160	Leu	GAG	0	0	68.53	39.16	29.37	
NODE_2_length_687945_cov_32.7488	3	625251	625327	Met	CAT	0	0	85.85	60.06	25.79	
NODE_2_length_687945_cov_32.7488	4	417248	417162	Leu	CAG	0	0	73.96	38.54	35.42	
NODE_2_length_687945_cov_32.7488	5	417032	416946	Leu	CAG	0	0	73.96	38.54	35.42	
NODE_2_length_687945_cov_32.7488	6	160384	160309	Phe	GAA	0	0	92.69	68.52	24.17	
NODE_2_length_687945_cov_32.7488	7	148979	148904	Thr	TGT	0	0	93.66	75.64	18.02	
NODE_3_length_564621_cov_31.8856	1	296234	296310	Met	CAT	0	0	85.06	58.55	26.51	
NODE_3_length_564621_cov_31.8856	2	402440	402512	Leu	GAG	0	0	20.84	19.28	1.56	
NODE_3_length_564621_cov_31.8856	3	506384	506457	Gly	CCC	0	0	60.35	30.06	30.29	
NODE_3_length_564621_cov_31.8856	4	312776	312686	Ser	GCT	0	0	76.69	47.10	29.59	
NODE_3_length_564621_cov_31.8856	5	312568	312492	Arg	ACG	0	0	83.50	58.05	25.45	
NODE_3_length_564621_cov_31.8856	6	312380	312304	Arg	ACG	0	0	83.50	58.05	25.45	
NODE_3_length_564621_cov_31.8856	7	243681	243606	Lys	TTT	0	0	95.07	71.82	23.25	
NODE_3_length_564621_cov_31.8856	8	207188	207099	Ser	CGA	0	0	68.31	24.88	43.43	
NODE_4_length_461385_cov_30.8312	1	302533	302609	Arg	TCT	0	0	96.39	77.88	18.51	
NODE_4_length_461385_cov_30.8312	2	302661	302736	His	GTG	0	0	83.51	64.18	19.33	
NODE_4_length_461385_cov_30.8312	3	302791	302875	Leu	TAG	0	0	76.62	44.97	31.65	
NODE_4_length_461385_cov_30.8312	4	369059	369134	His	GTG	0	0	83.51	64.18	19.33	
NODE_4_length_461385_cov_30.8312	5	380425	380501	Asp	GTC	0	0	95.34	76.86	18.48	
NODE_5_length_423903_cov_32.2714	1	331429	331353	Met	CAT	0	0	92.87	71.40	21.47	
NODE_5_length_423903_cov_32.2714	2	1283  	1207  	Arg	CCG	0	0	88.66	67.40	21.26	
NODE_6_length_408123_cov_31.5267	1	28401 	28315 	Leu	CAA	0	0	69.99	38.33	31.66	
NODE_8_length_265663_cov_31.6638	1	28567 	28642 	Thr	CGT	0	0	90.98	74.93	16.05	
NODE_11_length_214625_cov_32.8332	1	124274	124350	Arg	CCT	0	0	83.71	58.51	25.20	
NODE_14_length_177942_cov_33.9401	1	119638	119711	Arg	ACG	0	0	52.72	27.21	25.51	
NODE_14_length_177942_cov_33.9401	2	75723 	75648 	Asn	GTT	0	0	91.73	62.08	29.65	
NODE_14_length_177942_cov_33.9401	3	75638 	75562 	Pro	TGG	0	0	87.63	64.60	23.03	
NODE_14_length_177942_cov_33.9401	4	75551 	75476 	Lys	TTT	0	0	95.07	71.82	23.25	
NODE_17_length_113897_cov_31.8719	1	36000 	36075 	Val	TAC	0	0	94.49	73.68	20.81	
NODE_17_length_113897_cov_31.8719	2	36092 	36168 	Asp	GTC	0	0	94.67	75.49	19.18	
NODE_19_length_102209_cov_33.7878	1	872   	947   	Trp	CCA	0	0	86.73	63.05	23.68	
NODE_21_length_86234_cov_32.0806	1	49035 	49109 	Gln	TTG	0	0	66.82	40.36	26.46	
NODE_21_length_86234_cov_32.0806	2	67744 	67820 	Met	CAT	0	0	87.19	64.42	22.77	
NODE_36_length_5512_cov_131.335 	1	1935  	2011  	Ile	GAT	0	0	98.83	72.69	26.14	
NODE_36_length_5512_cov_131.335 	2	2040  	2115  	Ala	TGC	0	0	90.68	71.56	19.12	
NODE_39_length_3678_cov_31.5444 	1	2810  	2894  	Tyr	GTA	0	0	71.07	41.76	29.31	
NODE_39_length_3678_cov_31.5444 	2	2921  	2994  	Gly	TCC	0	0	82.75	60.87	21.88	
NODE_39_length_3678_cov_31.5444 	3	3014  	3089  	Thr	GGT	0	0	93.76	67.73	26.03	
