Sequence                        		tRNA  	Bounds	tRNA	Anti	Intron Bounds	Cove	HMM	2'Str	      
Name                            	tRNA #	Begin 	End   	Type	Codon	Begin	End	Score	Score	Score	Note
--------                        	------	----- 	------	----	-----	-----	----	------	-----	-----	------
NODE_1_length_479363_cov_52.273 	1	356817	356893	Arg	TCT	0	0	96.39	77.88	18.51	
NODE_1_length_479363_cov_52.273 	2	356945	357020	His	GTG	0	0	83.51	64.18	19.33	
NODE_1_length_479363_cov_52.273 	3	357075	357159	Leu	TAG	0	0	76.62	44.97	31.65	
NODE_1_length_479363_cov_52.273 	4	357226	357301	His	GTG	0	0	83.51	64.18	19.33	
NODE_1_length_479363_cov_52.273 	5	368586	368662	Asp	GTC	0	0	95.34	76.86	18.48	
NODE_2_length_455178_cov_52.322 	1	338186	338277	SeC	TCA	0	0	55.75	-18.51	74.26	
NODE_2_length_455178_cov_52.322 	2	392325	392410	Leu	GAG	0	0	68.53	39.16	29.37	
NODE_2_length_455178_cov_52.322 	3	392501	392577	Met	CAT	0	0	85.85	60.06	25.79	
NODE_2_length_455178_cov_52.322 	4	184677	184591	Leu	CAG	0	0	73.96	38.54	35.42	
NODE_2_length_455178_cov_52.322 	5	184461	184375	Leu	CAG	0	0	73.96	38.54	35.42	
NODE_3_length_416790_cov_52.7879	1	63127 	63202 	Ala	GGC	0	0	86.95	68.86	18.09	
NODE_3_length_416790_cov_52.7879	2	63251 	63326 	Glu	TTC	0	0	66.40	38.20	28.20	
NODE_3_length_416790_cov_52.7879	3	63420 	63495 	Ala	GGC	0	0	86.95	68.86	18.09	
NODE_3_length_416790_cov_52.7879	4	63542 	63617 	Glu	TTC	0	0	66.40	38.20	28.20	
NODE_3_length_416790_cov_52.7879	5	102522	102597	Val	TAC	0	0	94.49	73.68	20.81	
NODE_3_length_416790_cov_52.7879	6	102614	102690	Asp	GTC	0	0	94.67	75.49	19.18	
NODE_3_length_416790_cov_52.7879	7	102805	102881	Asp	GTC	0	0	94.67	75.49	19.18	
NODE_3_length_416790_cov_52.7879	8	404387	404462	Glu	TTC	0	0	66.40	38.20	28.20	
NODE_3_length_416790_cov_52.7879	9	404465	404540	Gly	GCC	0	0	93.74	68.41	25.33	
NODE_3_length_416790_cov_52.7879	10	371890	371801	Ser	GGA	0	0	71.75	34.38	37.37	
NODE_3_length_416790_cov_52.7879	11	183146	183070	Pro	CGG	0	0	88.20	60.26	27.94	
NODE_3_length_416790_cov_52.7879	12	54329 	54254 	Asn	GTT	0	0	91.73	62.08	29.65	
NODE_4_length_377530_cov_51.8635	1	294349	294273	Met	CAT	0	0	92.87	71.40	21.47	
NODE_6_length_340740_cov_52.1659	1	35685 	35760 	Thr	CGT	0	0	90.98	74.93	16.05	
NODE_8_length_265960_cov_52.1646	1	95557 	95643 	Leu	CAA	0	0	69.99	38.33	31.66	
NODE_10_length_223790_cov_52.0599	1	160296	160220	Arg	CCT	0	0	83.71	58.51	25.20	
NODE_10_length_223790_cov_52.0599	2	32452 	32377 	Val	TAC	0	0	94.49	73.68	20.81	
NODE_10_length_223790_cov_52.0599	3	32360 	32284 	Asp	GTC	0	0	94.67	75.49	19.18	
NODE_11_length_222845_cov_51.7936	1	140904	140993	Ser	TGA	0	0	72.70	38.95	33.75	
NODE_11_length_222845_cov_51.7936	2	165281	165356	Gly	GCC	0	0	93.74	68.41	25.33	
NODE_11_length_222845_cov_51.7936	3	169903	169976	Cys	GCA	0	0	62.38	45.73	16.65	
NODE_12_length_215188_cov_52.1818	1	106007	105932	Gly	GCC	0	0	93.74	68.41	25.33	
NODE_12_length_215188_cov_52.1818	2	64472 	64396 	Val	GAC	0	0	93.19	67.81	25.38	
NODE_12_length_215188_cov_52.1818	3	30329 	30253 	Pro	GGG	0	0	74.89	48.01	26.88	
NODE_13_length_207705_cov_51.7597	1	135314	135239	Phe	GAA	0	0	92.69	68.52	24.17	
NODE_13_length_207705_cov_51.7597	2	123909	123834	Thr	TGT	0	0	93.66	75.64	18.02	
NODE_14_length_182545_cov_51.781	1	118583	118656	Gly	CCC	0	0	60.35	30.06	30.29	
NODE_15_length_179845_cov_52.2411	1	110102	110177	Asn	GTT	0	0	91.73	62.08	29.65	
NODE_15_length_179845_cov_52.2411	2	110187	110263	Pro	TGG	0	0	87.63	64.60	23.03	
NODE_15_length_179845_cov_52.2411	3	110274	110349	Lys	TTT	0	0	95.07	71.82	23.25	
NODE_15_length_179845_cov_52.2411	4	66186 	66113 	Arg	ACG	0	0	52.72	27.21	25.51	
NODE_17_length_178589_cov_52.6093	1	46419 	46344 	Gly	TCC	0	0	81.79	61.22	20.57	
NODE_17_length_178589_cov_52.6093	2	46331 	46257 	Asn	GTT	0	0	65.08	47.35	17.73	
NODE_17_length_178589_cov_52.6093	3	46252 	46177 	Thr	TGT	0	0	74.27	61.42	12.85	
NODE_18_length_174017_cov_52.384	1	27736 	27825 	Ser	CGA	0	0	68.31	24.88	43.43	
NODE_19_length_155755_cov_51.7622	1	85327 	85417 	Ser	GCT	0	0	76.69	47.10	29.59	
NODE_19_length_155755_cov_51.7622	2	85535 	85611 	Arg	ACG	0	0	83.50	58.05	25.45	
NODE_19_length_155755_cov_51.7622	3	85723 	85799 	Arg	ACG	0	0	83.50	58.05	25.45	
NODE_19_length_155755_cov_51.7622	4	154417	154492	Lys	TTT	0	0	95.07	71.82	23.25	
NODE_19_length_155755_cov_51.7622	5	101871	101795	Met	CAT	0	0	85.06	58.55	26.51	
NODE_23_length_113928_cov_53.1907	1	39834 	39908 	Gln	TTG	0	0	66.82	40.36	26.46	
NODE_23_length_113928_cov_53.1907	2	80757 	80833 	Met	CAT	0	0	87.19	64.42	22.77	
NODE_24_length_104198_cov_52.1946	1	57855 	57779 	Arg	CCG	0	0	87.89	66.77	21.12	
NODE_45_length_15626_cov_53.5422	1	15413 	15338 	Trp	CCA	0	0	86.73	63.05	23.68	
NODE_51_length_7566_cov_53.6563 	1	7091  	7163  	Leu	GAG	0	0	20.84	19.28	1.56	
NODE_55_length_5543_cov_233.429 	1	1954  	2030  	Ile	GAT	0	0	98.83	72.69	26.14	
NODE_55_length_5543_cov_233.429 	2	2059  	2134  	Ala	TGC	0	0	90.68	71.56	19.12	
NODE_59_length_3319_cov_51.5395 	1	521   	437   	Tyr	GTA	0	0	71.07	41.76	29.31	
NODE_59_length_3319_cov_51.5395 	2	410   	337   	Gly	TCC	0	0	82.75	60.87	21.88	
NODE_59_length_3319_cov_51.5395 	3	317   	242   	Thr	GGT	0	0	93.76	67.73	26.03	
