Sequence                         		tRNA  	Bounds	tRNA	Anti	Intron Bounds	Cove	HMM	2'Str	      
Name                             	tRNA #	Begin 	End   	Type	Codon	Begin	End	Score	Score	Score	Note
--------                         	------	----- 	------	----	-----	-----	----	------	-----	-----	------
NODE_1_length_578228_cov_60.9197 	1	214743	214657	Leu	CAA	0	0	69.99	38.33	31.66	
NODE_2_length_489192_cov_59.6447 	1	195696	195771	Asn	GTT	0	0	91.73	62.08	29.65	
NODE_2_length_489192_cov_59.6447 	2	195781	195857	Pro	TGG	0	0	87.63	64.60	23.03	
NODE_2_length_489192_cov_59.6447 	3	195868	195943	Lys	TTT	0	0	95.07	71.82	23.25	
NODE_2_length_489192_cov_59.6447 	4	213927	214002	Thr	CGT	0	0	90.98	74.93	16.05	
NODE_2_length_489192_cov_59.6447 	5	151781	151708	Arg	ACG	0	0	52.72	27.21	25.51	
NODE_2_length_489192_cov_59.6447 	6	45604 	45530 	Gln	TTG	0	0	66.82	40.36	26.46	
NODE_2_length_489192_cov_59.6447 	7	18485 	18409 	Met	CAT	0	0	87.19	64.42	22.77	
NODE_3_length_458586_cov_58.8843 	1	97311 	97400 	Ser	GGA	0	0	71.75	34.38	37.37	
NODE_3_length_458586_cov_58.8843 	2	286104	286180	Pro	CGG	0	0	88.20	60.26	27.94	
NODE_3_length_458586_cov_58.8843 	3	415987	416062	Asn	GTT	0	0	91.73	62.08	29.65	
NODE_3_length_458586_cov_58.8843 	4	407188	407113	Ala	GGC	0	0	86.95	68.86	18.09	
NODE_3_length_458586_cov_58.8843 	5	407064	406989	Glu	TTC	0	0	66.40	38.20	28.20	
NODE_3_length_458586_cov_58.8843 	6	406895	406820	Ala	GGC	0	0	86.95	68.86	18.09	
NODE_3_length_458586_cov_58.8843 	7	406773	406698	Glu	TTC	0	0	66.40	38.20	28.20	
NODE_3_length_458586_cov_58.8843 	8	367796	367721	Val	TAC	0	0	94.49	73.68	20.81	
NODE_3_length_458586_cov_58.8843 	9	367704	367628	Asp	GTC	0	0	94.67	75.49	19.18	
NODE_3_length_458586_cov_58.8843 	10	367513	367437	Asp	GTC	0	0	94.67	75.49	19.18	
NODE_3_length_458586_cov_58.8843 	11	64816 	64741 	Glu	TTC	0	0	66.40	38.20	28.20	
NODE_3_length_458586_cov_58.8843 	12	64738 	64663 	Gly	GCC	0	0	93.74	68.41	25.33	
NODE_4_length_458012_cov_61.3462 	1	341617	341708	SeC	TCA	0	0	55.75	-18.51	74.26	
NODE_4_length_458012_cov_61.3462 	2	395668	395753	Leu	GAG	0	0	68.53	39.16	29.37	
NODE_4_length_458012_cov_61.3462 	3	395844	395920	Met	CAT	0	0	85.85	60.06	25.79	
NODE_4_length_458012_cov_61.3462 	4	185336	185250	Leu	CAG	0	0	73.96	38.54	35.42	
NODE_4_length_458012_cov_61.3462 	5	185120	185034	Leu	CAG	0	0	73.96	38.54	35.42	
NODE_5_length_340833_cov_58.0975 	1	216330	216420	Ser	GCT	0	0	76.69	47.10	29.59	
NODE_5_length_340833_cov_58.0975 	2	216538	216614	Arg	ACG	0	0	83.50	58.05	25.45	
NODE_5_length_340833_cov_58.0975 	3	216726	216802	Arg	ACG	0	0	83.50	58.05	25.45	
NODE_5_length_340833_cov_58.0975 	4	285477	285552	Lys	TTT	0	0	95.07	71.82	23.25	
NODE_5_length_340833_cov_58.0975 	5	232912	232836	Met	CAT	0	0	85.06	58.55	26.51	
NODE_5_length_340833_cov_58.0975 	6	126648	126576	Leu	GAG	0	0	20.84	19.28	1.56	
NODE_5_length_340833_cov_58.0975 	7	23222 	23149 	Gly	CCC	0	0	60.35	30.06	30.29	
NODE_6_length_328906_cov_63.2149 	1	184406	184330	Arg	TCT	0	0	96.39	77.88	18.51	
NODE_6_length_328906_cov_63.2149 	2	184278	184203	His	GTG	0	0	83.51	64.18	19.33	
NODE_6_length_328906_cov_63.2149 	3	184148	184064	Leu	TAG	0	0	76.62	44.97	31.65	
NODE_6_length_328906_cov_63.2149 	4	153001	152926	Thr	TGT	0	0	74.27	61.42	12.85	
NODE_6_length_328906_cov_63.2149 	5	124367	124292	His	GTG	0	0	83.51	64.18	19.33	
NODE_6_length_328906_cov_63.2149 	6	113014	112938	Asp	GTC	0	0	95.34	76.86	18.48	
NODE_9_length_222896_cov_62.5197 	1	139553	139477	Met	CAT	0	0	92.87	71.40	21.47	
NODE_10_length_216497_cov_57.8589	1	126114	126025	Ser	TGA	0	0	72.70	38.95	33.75	
NODE_10_length_216497_cov_57.8589	2	101734	101659	Gly	GCC	0	0	93.74	68.41	25.33	
NODE_10_length_216497_cov_57.8589	3	95341 	95268 	Cys	GCA	0	0	62.38	45.73	16.65	
NODE_10_length_216497_cov_57.8589	4	82716 	82630 	Leu	TAA	0	0	76.64	42.32	34.32	
NODE_15_length_187925_cov_57.8629	1	154210	154121	Ser	CGA	0	0	68.31	24.88	43.43	
NODE_18_length_136180_cov_60.4348	1	100221	100146	Val	TAC	0	0	94.49	73.68	20.81	
NODE_18_length_136180_cov_60.4348	2	100129	100053	Asp	GTC	0	0	94.67	75.49	19.18	
NODE_20_length_127580_cov_58.1857	1	75798 	75874 	Val	GAC	0	0	93.19	67.81	25.38	
NODE_21_length_120065_cov_61.0916	1	919   	843   	Arg	CCT	0	0	83.71	58.51	25.20	
NODE_28_length_76775_cov_60.6341 	1	4899  	4824  	Phe	GAA	0	0	92.69	68.52	24.17	
NODE_31_length_56869_cov_61.8408 	1	20950 	21025 	Thr	TGT	0	0	93.66	75.64	18.02	
NODE_37_length_35831_cov_61.5224 	1	34644 	34720 	Arg	CCG	0	0	87.81	66.55	21.26	
NODE_38_length_34502_cov_55.8288 	1	14889 	14813 	Pro	GGG	0	0	74.89	48.01	26.88	
NODE_41_length_32051_cov_65.4823 	1	1220  	1295  	Trp	CCA	0	0	86.73	63.05	23.68	
NODE_54_length_5405_cov_255.049  	1	1829  	1905  	Ile	GAT	0	0	98.83	72.69	26.14	
NODE_54_length_5405_cov_255.049  	2	1934  	2009  	Ala	TGC	0	0	90.68	71.56	19.12	
NODE_58_length_3329_cov_58.5753  	1	2809  	2893  	Tyr	GTA	0	0	71.07	41.76	29.31	
NODE_58_length_3329_cov_58.5753  	2	2920  	2993  	Gly	TCC	0	0	82.75	60.87	21.88	
NODE_58_length_3329_cov_58.5753  	3	3013  	3088  	Thr	GGT	0	0	93.76	67.73	26.03	
