Sequence                         		tRNA  	Bounds	tRNA	Anti	Intron Bounds	Cove	HMM	2'Str	      
Name                             	tRNA #	Begin 	End   	Type	Codon	Begin	End	Score	Score	Score	Note
--------                         	------	----- 	------	----	-----	-----	----	------	-----	-----	------
NODE_1_length_856988_cov_58.9582 	1	487370	487459	Ser	GGA	0	0	71.75	34.38	37.37	
NODE_1_length_856988_cov_58.9582 	2	676146	676222	Pro	CGG	0	0	88.20	60.26	27.94	
NODE_1_length_856988_cov_58.9582 	3	804961	805036	Asn	GTT	0	0	91.73	62.08	29.65	
NODE_1_length_856988_cov_58.9582 	4	796154	796079	Ala	GGC	0	0	86.95	68.86	18.09	
NODE_1_length_856988_cov_58.9582 	5	796030	795955	Glu	TTC	0	0	66.40	38.20	28.20	
NODE_1_length_856988_cov_58.9582 	6	795861	795786	Ala	GGC	0	0	86.95	68.86	18.09	
NODE_1_length_856988_cov_58.9582 	7	795739	795664	Glu	TTC	0	0	66.40	38.20	28.20	
NODE_1_length_856988_cov_58.9582 	8	756766	756691	Val	TAC	0	0	94.49	73.68	20.81	
NODE_1_length_856988_cov_58.9582 	9	756674	756598	Asp	GTC	0	0	94.67	75.49	19.18	
NODE_1_length_856988_cov_58.9582 	10	756483	756407	Asp	GTC	0	0	94.67	75.49	19.18	
NODE_1_length_856988_cov_58.9582 	11	454876	454801	Glu	TTC	0	0	66.40	38.20	28.20	
NODE_1_length_856988_cov_58.9582 	12	454798	454723	Gly	GCC	0	0	93.74	68.41	25.33	
NODE_1_length_856988_cov_58.9582 	13	454638	454563	Gly	GCC	0	0	93.74	68.41	25.33	
NODE_1_length_856988_cov_58.9582 	14	353189	353113	Val	GAC	0	0	93.19	67.81	25.38	
NODE_1_length_856988_cov_58.9582 	15	319046	318970	Pro	GGG	0	0	74.89	48.01	26.88	
NODE_1_length_856988_cov_58.9582 	16	139112	139023	Ser	TGA	0	0	72.70	38.95	33.75	
NODE_1_length_856988_cov_58.9582 	17	114737	114662	Gly	GCC	0	0	93.74	68.41	25.33	
NODE_1_length_856988_cov_58.9582 	18	110113	110040	Cys	GCA	0	0	62.38	45.73	16.65	
NODE_1_length_856988_cov_58.9582 	19	97489 	97403 	Leu	TAA	0	0	76.64	42.32	34.32	
NODE_2_length_663413_cov_59.8843 	1	546596	546687	SeC	TCA	0	0	55.75	-18.51	74.26	
NODE_2_length_663413_cov_59.8843 	2	600543	600628	Leu	GAG	0	0	68.53	39.16	29.37	
NODE_2_length_663413_cov_59.8843 	3	600719	600795	Met	CAT	0	0	85.85	60.06	25.79	
NODE_2_length_663413_cov_59.8843 	4	392716	392630	Leu	CAG	0	0	73.96	38.54	35.42	
NODE_2_length_663413_cov_59.8843 	5	392500	392414	Leu	CAG	0	0	73.96	38.54	35.42	
NODE_2_length_663413_cov_59.8843 	6	135852	135777	Phe	GAA	0	0	92.69	68.52	24.17	
NODE_2_length_663413_cov_59.8843 	7	124447	124372	Thr	TGT	0	0	93.66	75.64	18.02	
NODE_3_length_599123_cov_58.5369 	1	219401	219315	Leu	CAA	0	0	69.99	38.33	31.66	
NODE_4_length_461549_cov_58.411  	1	158853	158777	Arg	TCT	0	0	96.39	77.88	18.51	
NODE_4_length_461549_cov_58.411  	2	158725	158650	His	GTG	0	0	83.51	64.18	19.33	
NODE_4_length_461549_cov_58.411  	3	158595	158511	Leu	TAG	0	0	76.62	44.97	31.65	
NODE_4_length_461549_cov_58.411  	4	92327 	92252 	His	GTG	0	0	83.51	64.18	19.33	
NODE_4_length_461549_cov_58.411  	5	80961 	80885 	Asp	GTC	0	0	95.34	76.86	18.48	
NODE_5_length_384483_cov_59.7232 	1	294856	294780	Met	CAT	0	0	92.87	71.40	21.47	
NODE_6_length_329152_cov_58.8469 	1	60765 	60841 	Met	CAT	0	0	85.06	58.55	26.51	
NODE_6_length_329152_cov_58.8469 	2	166971	167043	Leu	GAG	0	0	20.84	19.28	1.56	
NODE_6_length_329152_cov_58.8469 	3	270915	270988	Gly	CCC	0	0	60.35	30.06	30.29	
NODE_6_length_329152_cov_58.8469 	4	77307 	77217 	Ser	GCT	0	0	76.69	47.10	29.59	
NODE_6_length_329152_cov_58.8469 	5	77099 	77023 	Arg	ACG	0	0	83.50	58.05	25.45	
NODE_6_length_329152_cov_58.8469 	6	76911 	76835 	Arg	ACG	0	0	83.50	58.05	25.45	
NODE_6_length_329152_cov_58.8469 	7	8212  	8137  	Lys	TTT	0	0	95.07	71.82	23.25	
NODE_7_length_270569_cov_58.3665 	1	33473 	33548 	Thr	CGT	0	0	90.98	74.93	16.05	
NODE_8_length_234981_cov_59.0803 	1	27794 	27883 	Ser	CGA	0	0	68.31	24.88	43.43	
NODE_10_length_214777_cov_59.2428	1	124350	124426	Arg	CCT	0	0	83.71	58.51	25.20	
NODE_18_length_113897_cov_59.5655	1	36000 	36075 	Val	TAC	0	0	94.49	73.68	20.81	
NODE_18_length_113897_cov_59.5655	2	36092 	36168 	Asp	GTC	0	0	94.67	75.49	19.18	
NODE_19_length_106311_cov_58.2798	1	48007 	48080 	Arg	ACG	0	0	52.72	27.21	25.51	
NODE_19_length_106311_cov_58.2798	2	4092  	4017  	Asn	GTT	0	0	91.73	62.08	29.65	
NODE_19_length_106311_cov_58.2798	3	4007  	3931  	Pro	TGG	0	0	87.63	64.60	23.03	
NODE_19_length_106311_cov_58.2798	4	3920  	3845  	Lys	TTT	0	0	95.07	71.82	23.25	
NODE_21_length_86234_cov_58.9488 	1	49035 	49109 	Gln	TTG	0	0	66.82	40.36	26.46	
NODE_21_length_86234_cov_58.9488 	2	67744 	67820 	Met	CAT	0	0	87.19	64.42	22.77	
NODE_25_length_65171_cov_62.1016 	1	872   	947   	Trp	CCA	0	0	86.73	63.05	23.68	
NODE_30_length_36308_cov_59.7997 	1	1283  	1207  	Arg	CCG	0	0	88.66	67.40	21.26	
NODE_43_length_5512_cov_253.555  	1	1935  	2011  	Ile	GAT	0	0	98.83	72.69	26.14	
NODE_43_length_5512_cov_253.555  	2	2040  	2115  	Ala	TGC	0	0	90.68	71.56	19.12	
NODE_47_length_3678_cov_57.8443  	1	2810  	2894  	Tyr	GTA	0	0	71.07	41.76	29.31	
NODE_47_length_3678_cov_57.8443  	2	2921  	2994  	Gly	TCC	0	0	82.75	60.87	21.88	
NODE_47_length_3678_cov_57.8443  	3	3014  	3089  	Thr	GGT	0	0	93.76	67.73	26.03	
