Sequence                          		tRNA   	Bounds 	tRNA	Anti	Intron Bounds	Cove	HMM	2'Str	      
Name                              	tRNA #	Begin  	End    	Type	Codon	Begin	End	Score	Score	Score	Note
--------                          	------	-----  	------ 	----	-----	-----	----	------	-----	-----	------
NODE_1_length_1076603_cov_110.274 	1	29     	104    	Val	TAC	0	0	94.49	73.68	20.81	
NODE_1_length_1076603_cov_110.274 	2	121    	197    	Asp	GTC	0	0	94.67	75.49	19.18	
NODE_1_length_1076603_cov_110.274 	3	128078 	128153 	Ala	GGC	0	0	86.95	68.86	18.09	
NODE_1_length_1076603_cov_110.274 	4	128202 	128277 	Glu	TTC	0	0	66.40	38.20	28.20	
NODE_1_length_1076603_cov_110.274 	5	128371 	128446 	Ala	GGC	0	0	86.95	68.86	18.09	
NODE_1_length_1076603_cov_110.274 	6	128493 	128568 	Glu	TTC	0	0	66.40	38.20	28.20	
NODE_1_length_1076603_cov_110.274 	7	167475 	167550 	Val	TAC	0	0	94.49	73.68	20.81	
NODE_1_length_1076603_cov_110.274 	8	167567 	167643 	Asp	GTC	0	0	94.67	75.49	19.18	
NODE_1_length_1076603_cov_110.274 	9	167758 	167834 	Asp	GTC	0	0	94.67	75.49	19.18	
NODE_1_length_1076603_cov_110.274 	10	469312 	469387 	Glu	TTC	0	0	66.40	38.20	28.20	
NODE_1_length_1076603_cov_110.274 	11	469390 	469465 	Gly	GCC	0	0	93.74	68.41	25.33	
NODE_1_length_1076603_cov_110.274 	12	679767 	679843 	Val	GAC	0	0	93.19	67.81	25.38	
NODE_1_length_1076603_cov_110.274 	13	713910 	713986 	Pro	GGG	0	0	74.89	48.01	26.88	
NODE_1_length_1076603_cov_110.274 	14	909603 	909692 	Ser	TGA	0	0	72.70	38.95	33.75	
NODE_1_length_1076603_cov_110.274 	15	933980 	934055 	Gly	GCC	0	0	93.74	68.41	25.33	
NODE_1_length_1076603_cov_110.274 	16	938602 	938675 	Cys	GCA	0	0	62.38	45.73	16.65	
NODE_1_length_1076603_cov_110.274 	17	951226 	951312 	Leu	TAA	0	0	76.64	42.32	34.32	
NODE_1_length_1076603_cov_110.274 	18	436843 	436754 	Ser	GGA	0	0	71.75	34.38	37.37	
NODE_1_length_1076603_cov_110.274 	19	248101 	248025 	Pro	CGG	0	0	88.20	60.26	27.94	
NODE_1_length_1076603_cov_110.274 	20	119279 	119204 	Asn	GTT	0	0	91.73	62.08	29.65	
NODE_2_length_929089_cov_111.632  	1	380720 	380810 	Ser	GCT	0	0	76.69	47.10	29.59	
NODE_2_length_929089_cov_111.632  	2	380928 	381004 	Arg	ACG	0	0	83.50	58.05	25.45	
NODE_2_length_929089_cov_111.632  	3	381116 	381192 	Arg	ACG	0	0	83.50	58.05	25.45	
NODE_2_length_929089_cov_111.632  	4	449816 	449891 	Lys	TTT	0	0	95.07	71.82	23.25	
NODE_2_length_929089_cov_111.632  	5	544628 	544717 	Ser	CGA	0	0	68.31	24.88	43.43	
NODE_2_length_929089_cov_111.632  	6	397265 	397189 	Met	CAT	0	0	85.06	58.55	26.51	
NODE_2_length_929089_cov_111.632  	7	291055 	290983 	Leu	GAG	0	0	20.84	19.28	1.56	
NODE_2_length_929089_cov_111.632  	8	145741 	145668 	Gly	CCC	0	0	60.35	30.06	30.29	
NODE_3_length_816448_cov_116.074  	1	270448 	270534 	Leu	CAG	0	0	73.96	38.54	35.42	
NODE_3_length_816448_cov_116.074  	2	270664 	270750 	Leu	CAG	0	0	73.96	38.54	35.42	
NODE_3_length_816448_cov_116.074  	3	527837 	527912 	Phe	GAA	0	0	92.69	68.52	24.17	
NODE_3_length_816448_cov_116.074  	4	540463 	540537 	Undet	NNN	0	0	23.83	22.17	1.66	
NODE_3_length_816448_cov_116.074  	5	551872 	551947 	Thr	TGT	0	0	93.66	75.64	18.02	
NODE_3_length_816448_cov_116.074  	6	116776 	116685 	SeC	TCA	0	0	55.75	-18.51	74.26	
NODE_3_length_816448_cov_116.074  	7	62835  	62750  	Leu	GAG	0	0	68.53	39.16	29.37	
NODE_3_length_816448_cov_116.074  	8	62659  	62583  	Met	CAT	0	0	85.85	60.06	25.79	
NODE_4_length_803098_cov_114.443  	1	801082 	801158 	Arg	CCT	0	0	83.71	58.51	25.20	
NODE_4_length_803098_cov_114.443  	2	317087 	317001 	Leu	CAA	0	0	69.99	38.33	31.66	
NODE_5_length_612409_cov_108.971  	1	432731 	432807 	Arg	TCT	0	0	96.39	77.88	18.51	
NODE_5_length_612409_cov_108.971  	2	432859 	432934 	His	GTG	0	0	83.51	64.18	19.33	
NODE_5_length_612409_cov_108.971  	3	432989 	433073 	Leu	TAG	0	0	76.62	44.97	31.65	
NODE_5_length_612409_cov_108.971  	4	459978 	460053 	Met	CAT	0	0	60.05	34.98	25.07	
NODE_5_length_612409_cov_108.971  	5	460355 	460430 	Gly	TCC	0	0	81.23	54.80	26.43	
NODE_5_length_612409_cov_108.971  	6	460443 	460517 	Asn	GTT	0	0	76.95	53.18	23.77	
NODE_5_length_612409_cov_108.971  	7	460522 	460597 	Thr	TGT	0	0	74.27	61.42	12.85	
NODE_5_length_612409_cov_108.971  	8	487537 	487612 	His	GTG	0	0	83.51	64.18	19.33	
NODE_5_length_612409_cov_108.971  	9	498903 	498979 	Asp	GTC	0	0	95.34	76.86	18.48	
NODE_6_length_407246_cov_116.06   	1	293637 	293561 	Met	CAT	0	0	92.87	71.40	21.47	
NODE_8_length_267983_cov_111.61   	1	233043 	232968 	Thr	CGT	0	0	90.98	74.93	16.05	
NODE_9_length_251455_cov_114.027  	1	122990 	123063 	Arg	ACG	0	0	52.72	27.21	25.51	
NODE_9_length_251455_cov_114.027  	2	229215 	229289 	Gln	TTG	0	0	66.82	40.36	26.46	
NODE_9_length_251455_cov_114.027  	3	232965 	233041 	Met	CAT	0	0	87.19	64.42	22.77	
NODE_9_length_251455_cov_114.027  	4	79074  	78999  	Asn	GTT	0	0	91.73	62.08	29.65	
NODE_9_length_251455_cov_114.027  	5	78989  	78913  	Pro	TGG	0	0	87.63	64.60	23.03	
NODE_9_length_251455_cov_114.027  	6	78902  	78827  	Lys	TTT	0	0	95.07	71.82	23.25	
NODE_13_length_131358_cov_114.097 	1	131260 	131335 	Val	TAC	0	0	94.49	73.68	20.81	
NODE_16_length_81680_cov_119.86   	1	80461  	80386  	Trp	CCA	0	0	86.73	63.05	23.68	
NODE_21_length_36027_cov_115.557  	1	1412   	1336   	Arg	CCG	0	0	87.81	66.55	21.26	
NODE_24_length_5551_cov_468.473   	1	3581   	3505   	Ile	GAT	0	0	98.83	72.69	26.14	
NODE_24_length_5551_cov_468.473   	2	3476   	3401   	Ala	TGC	0	0	90.68	71.56	19.12	
NODE_26_length_3327_cov_113.373   	1	521    	437    	Tyr	GTA	0	0	71.07	41.76	29.31	
NODE_26_length_3327_cov_113.373   	2	410    	337    	Gly	TCC	0	0	82.75	60.87	21.88	
NODE_26_length_3327_cov_113.373   	3	317    	242    	Thr	GGT	0	0	93.76	67.73	26.03	
