Sequence                         		tRNA  	Bounds	tRNA	Anti	Intron Bounds	Cove	HMM	2'Str	      
Name                             	tRNA #	Begin 	End   	Type	Codon	Begin	End	Score	Score	Score	Note
--------                         	------	----- 	------	----	-----	-----	----	------	-----	-----	------
NODE_1_length_851123_cov_79.7632 	1	541367	541443	Met	CAT	0	0	85.06	58.55	26.51	
NODE_1_length_851123_cov_79.7632 	2	647577	647649	Leu	GAG	0	0	20.84	19.28	1.56	
NODE_1_length_851123_cov_79.7632 	3	792891	792964	Gly	CCC	0	0	60.35	30.06	30.29	
NODE_1_length_851123_cov_79.7632 	4	557912	557822	Ser	GCT	0	0	76.69	47.10	29.59	
NODE_1_length_851123_cov_79.7632 	5	557704	557628	Arg	ACG	0	0	83.50	58.05	25.45	
NODE_1_length_851123_cov_79.7632 	6	557516	557440	Arg	ACG	0	0	83.50	58.05	25.45	
NODE_1_length_851123_cov_79.7632 	7	488819	488744	Lys	TTT	0	0	95.07	71.82	23.25	
NODE_1_length_851123_cov_79.7632 	8	394007	393918	Ser	CGA	0	0	68.31	24.88	43.43	
NODE_2_length_802983_cov_84.0273 	1	800967	801043	Arg	CCT	0	0	83.71	58.51	25.20	
NODE_2_length_802983_cov_84.0273 	2	317087	317001	Leu	CAA	0	0	69.99	38.33	31.66	
NODE_3_length_612409_cov_79.1565 	1	432731	432807	Arg	TCT	0	0	96.39	77.88	18.51	
NODE_3_length_612409_cov_79.1565 	2	432859	432934	His	GTG	0	0	83.51	64.18	19.33	
NODE_3_length_612409_cov_79.1565 	3	432989	433073	Leu	TAG	0	0	76.62	44.97	31.65	
NODE_3_length_612409_cov_79.1565 	4	459978	460053	Met	CAT	0	0	60.05	34.98	25.07	
NODE_3_length_612409_cov_79.1565 	5	460355	460430	Gly	TCC	0	0	81.23	54.80	26.43	
NODE_3_length_612409_cov_79.1565 	6	460443	460517	Asn	GTT	0	0	76.95	53.18	23.77	
NODE_3_length_612409_cov_79.1565 	7	460522	460597	Thr	TGT	0	0	74.27	61.42	12.85	
NODE_3_length_612409_cov_79.1565 	8	487537	487612	His	GTG	0	0	83.51	64.18	19.33	
NODE_3_length_612409_cov_79.1565 	9	498903	498979	Asp	GTC	0	0	95.34	76.86	18.48	
NODE_4_length_524650_cov_80.9294 	1	162620	162709	Ser	GGA	0	0	71.75	34.38	37.37	
NODE_4_length_524650_cov_80.9294 	2	351362	351438	Pro	CGG	0	0	88.20	60.26	27.94	
NODE_4_length_524650_cov_80.9294 	3	480184	480259	Asn	GTT	0	0	91.73	62.08	29.65	
NODE_4_length_524650_cov_80.9294 	4	471385	471310	Ala	GGC	0	0	86.95	68.86	18.09	
NODE_4_length_524650_cov_80.9294 	5	471261	471186	Glu	TTC	0	0	66.40	38.20	28.20	
NODE_4_length_524650_cov_80.9294 	6	471092	471017	Ala	GGC	0	0	86.95	68.86	18.09	
NODE_4_length_524650_cov_80.9294 	7	470970	470895	Glu	TTC	0	0	66.40	38.20	28.20	
NODE_4_length_524650_cov_80.9294 	8	431988	431913	Val	TAC	0	0	94.49	73.68	20.81	
NODE_4_length_524650_cov_80.9294 	9	431896	431820	Asp	GTC	0	0	94.67	75.49	19.18	
NODE_4_length_524650_cov_80.9294 	10	431705	431629	Asp	GTC	0	0	94.67	75.49	19.18	
NODE_4_length_524650_cov_80.9294 	11	130123	130048	Glu	TTC	0	0	66.40	38.20	28.20	
NODE_4_length_524650_cov_80.9294 	12	130045	129970	Gly	GCC	0	0	93.74	68.41	25.33	
NODE_4_length_524650_cov_80.9294 	13	31608 	31533 	Gly	GCC	0	0	93.74	68.41	25.33	
NODE_5_length_474593_cov_81.5219 	1	185982	186057	Phe	GAA	0	0	92.69	68.52	24.17	
NODE_5_length_474593_cov_81.5219 	2	198608	198682	Undet	NNN	0	0	23.83	22.17	1.66	
NODE_5_length_474593_cov_81.5219 	3	210017	210092	Thr	TGT	0	0	93.66	75.64	18.02	
NODE_6_length_404234_cov_80.1265 	1	293637	293561	Met	CAT	0	0	92.87	71.40	21.47	
NODE_7_length_342118_cov_83.0975 	1	270448	270534	Leu	CAG	0	0	73.96	38.54	35.42	
NODE_7_length_342118_cov_83.0975 	2	270664	270750	Leu	CAG	0	0	73.96	38.54	35.42	
NODE_7_length_342118_cov_83.0975 	3	116776	116685	SeC	TCA	0	0	55.75	-18.51	74.26	
NODE_7_length_342118_cov_83.0975 	4	62835 	62750 	Leu	GAG	0	0	68.53	39.16	29.37	
NODE_7_length_342118_cov_83.0975 	5	62659 	62583 	Met	CAT	0	0	85.85	60.06	25.79	
NODE_8_length_307372_cov_77.2934 	1	73934 	74010 	Val	GAC	0	0	93.19	67.81	25.38	
NODE_8_length_307372_cov_77.2934 	2	108077	108153	Pro	GGG	0	0	74.89	48.01	26.88	
NODE_8_length_307372_cov_77.2934 	3	303770	303859	Ser	TGA	0	0	72.99	31.35	41.64	
NODE_10_length_267983_cov_79.3556	1	233043	232968	Thr	CGT	0	0	90.98	74.93	16.05	
NODE_11_length_251515_cov_77.1159	1	123047	123120	Arg	ACG	0	0	52.72	27.21	25.51	
NODE_11_length_251515_cov_77.1159	2	229275	229349	Gln	TTG	0	0	66.82	40.36	26.46	
NODE_11_length_251515_cov_77.1159	3	233025	233101	Met	CAT	0	0	87.19	64.42	22.77	
NODE_11_length_251515_cov_77.1159	4	79131 	79056 	Asn	GTT	0	0	91.73	62.08	29.65	
NODE_11_length_251515_cov_77.1159	5	79046 	78970 	Pro	TGG	0	0	87.63	64.60	23.03	
NODE_11_length_251515_cov_77.1159	6	78959 	78884 	Lys	TTT	0	0	95.07	71.82	23.25	
NODE_14_length_207526_cov_82.0978	1	142624	142549	Gly	GCC	0	0	93.74	68.41	25.33	
NODE_14_length_207526_cov_82.0978	2	138002	137929	Cys	GCA	0	0	62.38	45.73	16.65	
NODE_14_length_207526_cov_82.0978	3	125378	125292	Leu	TAA	0	0	76.64	42.32	34.32	
NODE_15_length_205119_cov_81.6272	1	131260	131335	Val	TAC	0	0	94.49	73.68	20.81	
NODE_15_length_205119_cov_81.6272	2	131352	131428	Asp	GTC	0	0	94.67	75.49	19.18	
NODE_21_length_81680_cov_74.763  	1	1220  	1295  	Trp	CCA	0	0	86.73	63.05	23.68	
NODE_26_length_36130_cov_80.7191 	1	1499  	1423  	Arg	CCG	0	0	87.81	66.55	21.26	
NODE_30_length_5551_cov_217.935  	1	3581  	3505  	Ile	GAT	0	0	98.83	72.69	26.14	
NODE_30_length_5551_cov_217.935  	2	3476  	3401  	Ala	TGC	0	0	90.68	71.56	19.12	
NODE_32_length_3327_cov_61.1244  	1	2807  	2891  	Tyr	GTA	0	0	71.07	41.76	29.31	
NODE_32_length_3327_cov_61.1244  	2	2918  	2991  	Gly	TCC	0	0	82.75	60.87	21.88	
NODE_32_length_3327_cov_61.1244  	3	3011  	3086  	Thr	GGT	0	0	93.76	67.73	26.03	
