Sequence                         		tRNA  	Bounds	tRNA	Anti	Intron Bounds	Cove	HMM	2'Str	      
Name                             	tRNA #	Begin 	End   	Type	Codon	Begin	End	Score	Score	Score	Note
--------                         	------	----- 	------	----	-----	-----	----	------	-----	-----	------
NODE_1_length_851123_cov_50.3639 	1	541367	541443	Met	CAT	0	0	85.06	58.55	26.51	
NODE_1_length_851123_cov_50.3639 	2	647577	647649	Leu	GAG	0	0	20.84	19.28	1.56	
NODE_1_length_851123_cov_50.3639 	3	792891	792964	Gly	CCC	0	0	60.35	30.06	30.29	
NODE_1_length_851123_cov_50.3639 	4	557912	557822	Ser	GCT	0	0	76.69	47.10	29.59	
NODE_1_length_851123_cov_50.3639 	5	557704	557628	Arg	ACG	0	0	83.50	58.05	25.45	
NODE_1_length_851123_cov_50.3639 	6	557516	557440	Arg	ACG	0	0	83.50	58.05	25.45	
NODE_1_length_851123_cov_50.3639 	7	488819	488744	Lys	TTT	0	0	95.07	71.82	23.25	
NODE_1_length_851123_cov_50.3639 	8	394007	393918	Ser	CGA	0	0	68.31	24.88	43.43	
NODE_2_length_803084_cov_51.4546 	1	801068	801144	Arg	CCT	0	0	83.71	58.51	25.20	
NODE_2_length_803084_cov_51.4546 	2	317087	317001	Leu	CAA	0	0	69.99	38.33	31.66	
NODE_3_length_612409_cov_49.2913 	1	432731	432807	Arg	TCT	0	0	96.39	77.88	18.51	
NODE_3_length_612409_cov_49.2913 	2	432859	432934	His	GTG	0	0	83.51	64.18	19.33	
NODE_3_length_612409_cov_49.2913 	3	432989	433073	Leu	TAG	0	0	76.62	44.97	31.65	
NODE_3_length_612409_cov_49.2913 	4	459978	460053	Met	CAT	0	0	60.05	34.98	25.07	
NODE_3_length_612409_cov_49.2913 	5	460355	460430	Gly	TCC	0	0	81.23	54.80	26.43	
NODE_3_length_612409_cov_49.2913 	6	460443	460517	Asn	GTT	0	0	76.95	53.18	23.77	
NODE_3_length_612409_cov_49.2913 	7	460522	460597	Thr	TGT	0	0	74.27	61.42	12.85	
NODE_3_length_612409_cov_49.2913 	8	487537	487612	His	GTG	0	0	83.51	64.18	19.33	
NODE_3_length_612409_cov_49.2913 	9	498903	498979	Asp	GTC	0	0	95.34	76.86	18.48	
NODE_4_length_524650_cov_49.6514 	1	162620	162709	Ser	GGA	0	0	71.75	34.38	37.37	
NODE_4_length_524650_cov_49.6514 	2	351362	351438	Pro	CGG	0	0	88.20	60.26	27.94	
NODE_4_length_524650_cov_49.6514 	3	480184	480259	Asn	GTT	0	0	91.73	62.08	29.65	
NODE_4_length_524650_cov_49.6514 	4	471385	471310	Ala	GGC	0	0	86.95	68.86	18.09	
NODE_4_length_524650_cov_49.6514 	5	471261	471186	Glu	TTC	0	0	66.40	38.20	28.20	
NODE_4_length_524650_cov_49.6514 	6	471092	471017	Ala	GGC	0	0	86.95	68.86	18.09	
NODE_4_length_524650_cov_49.6514 	7	470970	470895	Glu	TTC	0	0	66.40	38.20	28.20	
NODE_4_length_524650_cov_49.6514 	8	431988	431913	Val	TAC	0	0	94.49	73.68	20.81	
NODE_4_length_524650_cov_49.6514 	9	431896	431820	Asp	GTC	0	0	94.67	75.49	19.18	
NODE_4_length_524650_cov_49.6514 	10	431705	431629	Asp	GTC	0	0	94.67	75.49	19.18	
NODE_4_length_524650_cov_49.6514 	11	130123	130048	Glu	TTC	0	0	66.40	38.20	28.20	
NODE_4_length_524650_cov_49.6514 	12	130045	129970	Gly	GCC	0	0	93.74	68.41	25.33	
NODE_4_length_524650_cov_49.6514 	13	31608 	31533 	Gly	GCC	0	0	93.74	68.41	25.33	
NODE_5_length_474593_cov_51.8203 	1	185982	186057	Phe	GAA	0	0	92.69	68.52	24.17	
NODE_5_length_474593_cov_51.8203 	2	198608	198682	Undet	NNN	0	0	23.83	22.17	1.66	
NODE_5_length_474593_cov_51.8203 	3	210017	210092	Thr	TGT	0	0	93.66	75.64	18.02	
NODE_6_length_404234_cov_51.5263 	1	293637	293561	Met	CAT	0	0	92.87	71.40	21.47	
NODE_7_length_342118_cov_52.0701 	1	270448	270534	Leu	CAG	0	0	73.96	38.54	35.42	
NODE_7_length_342118_cov_52.0701 	2	270664	270750	Leu	CAG	0	0	73.96	38.54	35.42	
NODE_7_length_342118_cov_52.0701 	3	116776	116685	SeC	TCA	0	0	55.75	-18.51	74.26	
NODE_7_length_342118_cov_52.0701 	4	62835 	62750 	Leu	GAG	0	0	68.53	39.16	29.37	
NODE_7_length_342118_cov_52.0701 	5	62659 	62583 	Met	CAT	0	0	85.85	60.06	25.79	
NODE_8_length_307616_cov_49.0635 	1	74178 	74254 	Val	GAC	0	0	93.19	67.81	25.38	
NODE_8_length_307616_cov_49.0635 	2	108321	108397	Pro	GGG	0	0	74.89	48.01	26.88	
NODE_8_length_307616_cov_49.0635 	3	304014	304103	Ser	TGA	0	0	72.99	31.35	41.64	
NODE_10_length_267983_cov_50.3   	1	233043	232968	Thr	CGT	0	0	90.98	74.93	16.05	
NODE_11_length_251158_cov_50.9874	1	122933	123006	Arg	ACG	0	0	52.72	27.21	25.51	
NODE_11_length_251158_cov_50.9874	2	228918	228992	Gln	TTG	0	0	66.82	40.36	26.46	
NODE_11_length_251158_cov_50.9874	3	232668	232744	Met	CAT	0	0	87.19	64.42	22.77	
NODE_11_length_251158_cov_50.9874	4	79017 	78942 	Asn	GTT	0	0	91.73	62.08	29.65	
NODE_11_length_251158_cov_50.9874	5	78932 	78856 	Pro	TGG	0	0	87.63	64.60	23.03	
NODE_11_length_251158_cov_50.9874	6	78845 	78770 	Lys	TTT	0	0	95.07	71.82	23.25	
NODE_14_length_207446_cov_50.0733	1	142624	142549	Gly	GCC	0	0	93.74	68.41	25.33	
NODE_14_length_207446_cov_50.0733	2	138002	137929	Cys	GCA	0	0	62.38	45.73	16.65	
NODE_14_length_207446_cov_50.0733	3	125378	125292	Leu	TAA	0	0	76.64	42.32	34.32	
NODE_15_length_205119_cov_50.2528	1	131260	131335	Val	TAC	0	0	94.49	73.68	20.81	
NODE_15_length_205119_cov_50.2528	2	131352	131428	Asp	GTC	0	0	94.67	75.49	19.18	
NODE_21_length_81680_cov_52.952  	1	1220  	1295  	Trp	CCA	0	0	86.73	63.05	23.68	
NODE_26_length_36130_cov_52.2011 	1	1499  	1423  	Arg	CCG	0	0	87.81	66.55	21.26	
NODE_30_length_5551_cov_213.091  	1	3581  	3505  	Ile	GAT	0	0	98.83	72.69	26.14	
NODE_30_length_5551_cov_213.091  	2	3476  	3401  	Ala	TGC	0	0	90.68	71.56	19.12	
NODE_32_length_3327_cov_50.6094  	1	2807  	2891  	Tyr	GTA	0	0	71.07	41.76	29.31	
NODE_32_length_3327_cov_50.6094  	2	2918  	2991  	Gly	TCC	0	0	82.75	60.87	21.88	
NODE_32_length_3327_cov_50.6094  	3	3011  	3086  	Thr	GGT	0	0	93.76	67.73	26.03	
