Sequence                         		tRNA  	Bounds	tRNA	Anti	Intron Bounds	Cove	HMM	2'Str	      
Name                             	tRNA #	Begin 	End   	Type	Codon	Begin	End	Score	Score	Score	Note
--------                         	------	----- 	------	----	-----	-----	----	------	-----	-----	------
NODE_1_length_578241_cov_69.9185 	1	214743	214657	Leu	CAA	0	0	69.99	38.33	31.66	
NODE_2_length_542164_cov_71.8741 	1	357759	357835	Arg	TCT	0	0	96.39	77.88	18.51	
NODE_2_length_542164_cov_71.8741 	2	357887	357962	His	GTG	0	0	83.51	64.18	19.33	
NODE_2_length_542164_cov_71.8741 	3	358017	358101	Leu	TAG	0	0	76.62	44.97	31.65	
NODE_2_length_542164_cov_71.8741 	4	389164	389239	Thr	TGT	0	0	74.27	61.42	12.85	
NODE_2_length_542164_cov_71.8741 	5	417798	417873	His	GTG	0	0	83.51	64.18	19.33	
NODE_2_length_542164_cov_71.8741 	6	429151	429227	Asp	GTC	0	0	95.34	76.86	18.48	
NODE_3_length_492883_cov_69.3118 	1	199387	199462	Asn	GTT	0	0	91.73	62.08	29.65	
NODE_3_length_492883_cov_69.3118 	2	199472	199548	Pro	TGG	0	0	87.63	64.60	23.03	
NODE_3_length_492883_cov_69.3118 	3	199559	199634	Lys	TTT	0	0	95.07	71.82	23.25	
NODE_3_length_492883_cov_69.3118 	4	217618	217693	Thr	CGT	0	0	90.98	74.93	16.05	
NODE_3_length_492883_cov_69.3118 	5	155472	155399	Arg	ACG	0	0	52.72	27.21	25.51	
NODE_3_length_492883_cov_69.3118 	6	49295 	49221 	Gln	TTG	0	0	66.82	40.36	26.46	
NODE_3_length_492883_cov_69.3118 	7	22176 	22100 	Met	CAT	0	0	87.19	64.42	22.77	
NODE_4_length_458586_cov_69.0565 	1	51399 	51474 	Ala	GGC	0	0	86.95	68.86	18.09	
NODE_4_length_458586_cov_69.0565 	2	51523 	51598 	Glu	TTC	0	0	66.40	38.20	28.20	
NODE_4_length_458586_cov_69.0565 	3	51692 	51767 	Ala	GGC	0	0	86.95	68.86	18.09	
NODE_4_length_458586_cov_69.0565 	4	51814 	51889 	Glu	TTC	0	0	66.40	38.20	28.20	
NODE_4_length_458586_cov_69.0565 	5	90791 	90866 	Val	TAC	0	0	94.49	73.68	20.81	
NODE_4_length_458586_cov_69.0565 	6	90883 	90959 	Asp	GTC	0	0	94.67	75.49	19.18	
NODE_4_length_458586_cov_69.0565 	7	91074 	91150 	Asp	GTC	0	0	94.67	75.49	19.18	
NODE_4_length_458586_cov_69.0565 	8	393771	393846	Glu	TTC	0	0	66.40	38.20	28.20	
NODE_4_length_458586_cov_69.0565 	9	393849	393924	Gly	GCC	0	0	93.74	68.41	25.33	
NODE_4_length_458586_cov_69.0565 	10	361276	361187	Ser	GGA	0	0	71.75	34.38	37.37	
NODE_4_length_458586_cov_69.0565 	11	172483	172407	Pro	CGG	0	0	88.20	60.26	27.94	
NODE_4_length_458586_cov_69.0565 	12	42600 	42525 	Asn	GTT	0	0	91.73	62.08	29.65	
NODE_5_length_458007_cov_70.6171 	1	341612	341703	SeC	TCA	0	0	55.75	-18.51	74.26	
NODE_5_length_458007_cov_70.6171 	2	395663	395748	Leu	GAG	0	0	68.53	39.16	29.37	
NODE_5_length_458007_cov_70.6171 	3	395839	395915	Met	CAT	0	0	85.85	60.06	25.79	
NODE_5_length_458007_cov_70.6171 	4	185331	185245	Leu	CAG	0	0	73.96	38.54	35.42	
NODE_5_length_458007_cov_70.6171 	5	185115	185029	Leu	CAG	0	0	73.96	38.54	35.42	
NODE_6_length_340845_cov_68.9113 	1	216330	216420	Ser	GCT	0	0	76.69	47.10	29.59	
NODE_6_length_340845_cov_68.9113 	2	216538	216614	Arg	ACG	0	0	83.50	58.05	25.45	
NODE_6_length_340845_cov_68.9113 	3	216726	216802	Arg	ACG	0	0	83.50	58.05	25.45	
NODE_6_length_340845_cov_68.9113 	4	285489	285564	Lys	TTT	0	0	95.07	71.82	23.25	
NODE_6_length_340845_cov_68.9113 	5	232912	232836	Met	CAT	0	0	85.06	58.55	26.51	
NODE_6_length_340845_cov_68.9113 	6	126648	126576	Leu	GAG	0	0	20.84	19.28	1.56	
NODE_6_length_340845_cov_68.9113 	7	23222 	23149 	Gly	CCC	0	0	60.35	30.06	30.29	
NODE_7_length_280112_cov_67.2791 	1	153999	154088	Ser	TGA	0	0	72.70	38.95	33.75	
NODE_7_length_280112_cov_67.2791 	2	178379	178454	Gly	GCC	0	0	93.74	68.41	25.33	
NODE_7_length_280112_cov_67.2791 	3	184772	184845	Cys	GCA	0	0	62.38	45.73	16.65	
NODE_7_length_280112_cov_67.2791 	4	197397	197483	Leu	TAA	0	0	76.64	42.32	34.32	
NODE_11_length_222896_cov_70.5747	1	139553	139477	Met	CAT	0	0	92.87	71.40	21.47	
NODE_13_length_187925_cov_68.8555	1	154210	154121	Ser	CGA	0	0	68.31	24.88	43.43	
NODE_16_length_136180_cov_70.8768	1	100221	100146	Val	TAC	0	0	94.49	73.68	20.81	
NODE_16_length_136180_cov_70.8768	2	100129	100053	Asp	GTC	0	0	94.67	75.49	19.18	
NODE_19_length_124577_cov_68.9583	1	75798 	75874 	Val	GAC	0	0	93.19	67.81	25.38	
NODE_20_length_120640_cov_69.5479	1	919   	843   	Arg	CCT	0	0	83.71	58.51	25.20	
NODE_28_length_76775_cov_70.956  	1	4899  	4824  	Phe	GAA	0	0	92.69	68.52	24.17	
NODE_29_length_59071_cov_71.6244 	1	23152 	23227 	Thr	TGT	0	0	93.66	75.64	18.02	
NODE_36_length_35831_cov_69.4973 	1	34644 	34720 	Arg	CCG	0	0	87.81	66.55	21.26	
NODE_39_length_32051_cov_76.5834 	1	1220  	1295  	Trp	CCA	0	0	86.73	63.05	23.68	
NODE_40_length_28039_cov_66.8542 	1	14889 	14813 	Pro	GGG	0	0	74.89	48.01	26.88	
NODE_51_length_5405_cov_306.595  	1	1829  	1905  	Ile	GAT	0	0	98.83	72.69	26.14	
NODE_51_length_5405_cov_306.595  	2	1934  	2009  	Ala	TGC	0	0	90.68	71.56	19.12	
NODE_54_length_3329_cov_65.8417  	1	2809  	2893  	Tyr	GTA	0	0	71.07	41.76	29.31	
NODE_54_length_3329_cov_65.8417  	2	2920  	2993  	Gly	TCC	0	0	82.75	60.87	21.88	
NODE_54_length_3329_cov_65.8417  	3	3013  	3088  	Thr	GGT	0	0	93.76	67.73	26.03	
