Sequence                         		tRNA  	Bounds	tRNA	Anti	Intron Bounds	Cove	HMM	2'Str	      
Name                             	tRNA #	Begin 	End   	Type	Codon	Begin	End	Score	Score	Score	Note
--------                         	------	----- 	------	----	-----	-----	----	------	-----	-----	------
NODE_1_length_817570_cov_51.0456 	1	509919	509995	Arg	CCT	0	0	83.71	58.51	25.20	
NODE_1_length_817570_cov_51.0456 	2	645924	645999	Val	TAC	0	0	94.49	73.68	20.81	
NODE_1_length_817570_cov_51.0456 	3	646016	646092	Asp	GTC	0	0	94.67	75.49	19.18	
NODE_1_length_817570_cov_51.0456 	4	777989	778064	Ala	GGC	0	0	86.95	68.86	18.09	
NODE_1_length_817570_cov_51.0456 	5	778113	778188	Glu	TTC	0	0	66.40	38.20	28.20	
NODE_1_length_817570_cov_51.0456 	6	778282	778357	Ala	GGC	0	0	86.95	68.86	18.09	
NODE_1_length_817570_cov_51.0456 	7	778404	778479	Glu	TTC	0	0	66.40	38.20	28.20	
NODE_1_length_817570_cov_51.0456 	8	817400	817475	Val	TAC	0	0	94.49	73.68	20.81	
NODE_1_length_817570_cov_51.0456 	9	817492	817568	Asp	GTC	0	0	94.67	75.49	19.18	
NODE_1_length_817570_cov_51.0456 	10	769190	769115	Asn	GTT	0	0	91.73	62.08	29.65	
NODE_1_length_817570_cov_51.0456 	11	25997 	25911 	Leu	CAA	0	0	69.99	38.33	31.66	
NODE_2_length_755116_cov_51.2737 	1	49    	125   	Asp	GTC	0	0	94.67	75.49	19.18	
NODE_2_length_755116_cov_51.2737 	2	240   	316   	Asp	GTC	0	0	94.67	75.49	19.18	
NODE_2_length_755116_cov_51.2737 	3	301855	301930	Glu	TTC	0	0	66.40	38.20	28.20	
NODE_2_length_755116_cov_51.2737 	4	301933	302008	Gly	GCC	0	0	93.74	68.41	25.33	
NODE_2_length_755116_cov_51.2737 	5	302093	302168	Gly	GCC	0	0	93.74	68.41	25.33	
NODE_2_length_755116_cov_51.2737 	6	349325	349401	Val	GAC	0	0	93.19	67.81	25.38	
NODE_2_length_755116_cov_51.2737 	7	383463	383539	Pro	GGG	0	0	74.89	48.01	26.88	
NODE_2_length_755116_cov_51.2737 	8	537117	537206	Ser	TGA	0	0	72.99	31.35	41.64	
NODE_2_length_755116_cov_51.2737 	9	614662	614737	Gly	GCC	0	0	93.74	68.41	25.33	
NODE_2_length_755116_cov_51.2737 	10	619284	619357	Cys	GCA	0	0	62.38	45.73	16.65	
NODE_2_length_755116_cov_51.2737 	11	631908	631994	Leu	TAA	0	0	76.64	42.32	34.32	
NODE_2_length_755116_cov_51.2737 	12	269359	269270	Ser	GGA	0	0	71.75	34.38	37.37	
NODE_2_length_755116_cov_51.2737 	13	80580 	80504 	Pro	CGG	0	0	88.20	60.26	27.94	
NODE_3_length_453352_cov_50.1462 	1	197569	197659	Ser	GCT	0	0	76.69	47.10	29.59	
NODE_3_length_453352_cov_50.1462 	2	197777	197853	Arg	ACG	0	0	83.50	58.05	25.45	
NODE_3_length_453352_cov_50.1462 	3	197966	198042	Arg	ACG	0	0	83.50	58.05	25.45	
NODE_3_length_453352_cov_50.1462 	4	266647	266722	Lys	TTT	0	0	95.07	71.82	23.25	
NODE_3_length_453352_cov_50.1462 	5	294190	294279	Ser	CGA	0	0	68.31	24.88	43.43	
NODE_3_length_453352_cov_50.1462 	6	214113	214037	Met	CAT	0	0	85.06	58.55	26.51	
NODE_3_length_453352_cov_50.1462 	7	107902	107830	Leu	GAG	0	0	20.84	19.28	1.56	
NODE_3_length_453352_cov_50.1462 	8	3972  	3899  	Gly	CCC	0	0	60.35	30.06	30.29	
NODE_4_length_429598_cov_51.6322 	1	241157	241082	Phe	GAA	0	0	92.69	68.52	24.17	
NODE_4_length_429598_cov_51.6322 	2	229747	229672	Thr	TGT	0	0	93.66	75.64	18.02	
NODE_5_length_395323_cov_50.459  	1	302777	302853	Arg	TCT	0	0	96.39	77.88	18.51	
NODE_5_length_395323_cov_50.459  	2	302905	302980	His	GTG	0	0	83.51	64.18	19.33	
NODE_5_length_395323_cov_50.459  	3	303035	303119	Leu	TAG	0	0	76.62	44.97	31.65	
NODE_5_length_395323_cov_50.459  	4	303186	303261	His	GTG	0	0	83.51	64.18	19.33	
NODE_5_length_395323_cov_50.459  	5	314558	314634	Asp	GTC	0	0	95.34	76.86	18.48	
NODE_8_length_286206_cov_50.4478 	1	171697	171770	Arg	ACG	0	0	52.72	27.21	25.51	
NODE_8_length_286206_cov_50.4478 	2	278882	278956	Gln	TTG	0	0	66.82	40.36	26.46	
NODE_8_length_286206_cov_50.4478 	3	282631	282707	Met	CAT	0	0	87.19	64.42	22.77	
NODE_8_length_286206_cov_50.4478 	4	127781	127706	Asn	GTT	0	0	91.73	62.08	29.65	
NODE_8_length_286206_cov_50.4478 	5	127696	127620	Pro	TGG	0	0	87.63	64.60	23.03	
NODE_8_length_286206_cov_50.4478 	6	127609	127534	Lys	TTT	0	0	95.07	71.82	23.25	
NODE_10_length_227590_cov_52.3167	1	224458	224549	SeC	TCA	0	0	55.75	-18.51	74.26	
NODE_10_length_227590_cov_52.3167	2	70958 	70872 	Leu	CAG	0	0	73.96	38.54	35.42	
NODE_10_length_227590_cov_52.3167	3	70742 	70656 	Leu	CAG	0	0	73.96	38.54	35.42	
NODE_12_length_213342_cov_51.0908	1	2405  	2480  	Thr	CGT	0	0	90.98	74.93	16.05	
NODE_16_length_122014_cov_51.0564	1	59111 	59196 	Leu	GAG	0	0	68.53	39.16	29.37	
NODE_16_length_122014_cov_51.0564	2	59287 	59363 	Met	CAT	0	0	85.85	60.06	25.79	
NODE_19_length_78983_cov_50.1261 	1	1444  	1368  	Met	CAT	0	0	92.87	71.40	21.47	
NODE_20_length_65605_cov_52.9117 	1	64386 	64311 	Trp	CCA	0	0	86.73	63.05	23.68	
NODE_25_length_47490_cov_50.5941 	1	12851 	12775 	Arg	CCG	0	0	87.81	66.55	21.26	
NODE_30_length_23587_cov_50.2387 	1	5095  	5173  	Met	CAT	0	0	21.65	31.58	-9.93	
NODE_33_length_5491_cov_209.054  	1	3589  	3513  	Ile	GAT	0	0	98.83	72.69	26.14	
NODE_33_length_5491_cov_209.054  	2	3484  	3409  	Ala	TGC	0	0	90.68	71.56	19.12	
NODE_37_length_3319_cov_52.0789  	1	521   	437   	Tyr	GTA	0	0	71.07	41.76	29.31	
NODE_37_length_3319_cov_52.0789  	2	410   	337   	Gly	TCC	0	0	82.75	60.87	21.88	
NODE_37_length_3319_cov_52.0789  	3	317   	242   	Thr	GGT	0	0	93.76	67.73	26.03	
