Sequence                         		tRNA  	Bounds	tRNA	Anti	Intron Bounds	Cove	HMM	2'Str	      
Name                             	tRNA #	Begin 	End   	Type	Codon	Begin	End	Score	Score	Score	Note
--------                         	------	----- 	------	----	-----	-----	----	------	-----	-----	------
NODE_1_length_703451_cov_41.9267 	1	12463 	12387 	Arg	TCT	0	0	96.39	77.88	18.51	
NODE_1_length_703451_cov_41.9267 	2	12335 	12260 	His	GTG	0	0	83.51	64.18	19.33	
NODE_1_length_703451_cov_41.9267 	3	12205 	12121 	Leu	TAG	0	0	76.62	44.97	31.65	
NODE_2_length_547302_cov_43.3425 	1	34725 	34801 	Arg	CCG	0	0	87.89	66.77	21.12	
NODE_2_length_547302_cov_43.3425 	2	75501 	75577 	Arg	CCG	0	0	25.81	24.84	0.97	
NODE_3_length_504508_cov_42.9852 	1	340488	340579	SeC	TCA	0	0	55.75	-18.51	74.26	
NODE_3_length_504508_cov_42.9852 	2	394532	394617	Leu	GAG	0	0	68.53	39.16	29.37	
NODE_3_length_504508_cov_42.9852 	3	394708	394784	Met	CAT	0	0	85.85	60.06	25.79	
NODE_3_length_504508_cov_42.9852 	4	186984	186898	Leu	CAG	0	0	73.96	38.54	35.42	
NODE_3_length_504508_cov_42.9852 	5	186768	186682	Leu	CAG	0	0	73.96	38.54	35.42	
NODE_4_length_500932_cov_41.0516 	1	358336	358247	Ser	TGA	0	0	72.70	38.95	33.75	
NODE_4_length_500932_cov_41.0516 	2	302288	302213	Gly	GCC	0	0	93.74	68.41	25.33	
NODE_4_length_500932_cov_41.0516 	3	213334	213261	Cys	GCA	0	0	62.38	45.73	16.65	
NODE_5_length_403204_cov_42.044  	1	32104 	32018 	Leu	CAA	0	0	69.99	38.33	31.66	
NODE_6_length_382453_cov_42.182  	1	171705	171781	Arg	CCT	0	0	83.71	58.51	25.20	
NODE_6_length_382453_cov_42.182  	2	308680	308755	Val	TAC	0	0	94.49	73.68	20.81	
NODE_6_length_382453_cov_42.182  	3	308772	308848	Asp	GTC	0	0	94.67	75.49	19.18	
NODE_7_length_373386_cov_42.3418 	1	280895	280819	Met	CAT	0	0	92.87	71.40	21.47	
NODE_8_length_305427_cov_41.6309 	1	29703 	29778 	Thr	CGT	0	0	90.98	74.93	16.05	
NODE_9_length_294820_cov_43.4009 	1	288437	288527	Ser	GCT	0	0	76.69	47.10	29.59	
NODE_9_length_294820_cov_43.4009 	2	288645	288721	Arg	ACG	0	0	83.50	58.05	25.45	
NODE_9_length_294820_cov_43.4009 	3	288833	288909	Arg	ACG	0	0	83.50	58.05	25.45	
NODE_9_length_294820_cov_43.4009 	4	198763	198691	Leu	GAG	0	0	20.84	19.28	1.56	
NODE_9_length_294820_cov_43.4009 	5	94958 	94885 	Gly	CCC	0	0	60.35	30.06	30.29	
NODE_10_length_244308_cov_41.3523	1	233905	233981	Met	CAT	0	0	85.06	58.55	26.51	
NODE_10_length_244308_cov_41.3523	2	181351	181276	Lys	TTT	0	0	95.07	71.82	23.25	
NODE_10_length_244308_cov_41.3523	3	153836	153747	Ser	CGA	0	0	68.31	24.88	43.43	
NODE_11_length_233084_cov_41.4542	1	169944	170019	Glu	TTC	0	0	66.40	38.20	28.20	
NODE_11_length_233084_cov_41.4542	2	170022	170097	Gly	GCC	0	0	93.74	68.41	25.33	
NODE_11_length_233084_cov_41.4542	3	170182	170257	Gly	GCC	0	0	93.74	68.41	25.33	
NODE_11_length_233084_cov_41.4542	4	216580	216656	Val	GAC	0	0	93.19	67.81	25.38	
NODE_11_length_233084_cov_41.4542	5	137440	137351	Ser	GGA	0	0	71.75	34.38	37.37	
NODE_12_length_228957_cov_42.8151	1	175440	175365	Phe	GAA	0	0	92.69	68.52	24.17	
NODE_12_length_228957_cov_42.8151	2	162023	161941	Undet	NNN	0	0	26.15	14.81	11.34	
NODE_12_length_228957_cov_42.8151	3	150606	150531	Thr	TGT	0	0	93.66	75.64	18.02	
NODE_13_length_222817_cov_40.9658	1	51558 	51634 	Pro	CGG	0	0	88.20	60.26	27.94	
NODE_13_length_222817_cov_40.9658	2	178262	178337	Asn	GTT	0	0	91.73	62.08	29.65	
NODE_13_length_222817_cov_40.9658	3	169463	169388	Ala	GGC	0	0	86.95	68.86	18.09	
NODE_13_length_222817_cov_40.9658	4	169339	169264	Glu	TTC	0	0	66.40	38.20	28.20	
NODE_13_length_222817_cov_40.9658	5	169170	169095	Ala	GGC	0	0	86.95	68.86	18.09	
NODE_13_length_222817_cov_40.9658	6	169048	168973	Glu	TTC	0	0	66.40	38.20	28.20	
NODE_13_length_222817_cov_40.9658	7	130061	129986	Val	TAC	0	0	94.49	73.68	20.81	
NODE_13_length_222817_cov_40.9658	8	129969	129893	Asp	GTC	0	0	94.67	75.49	19.18	
NODE_13_length_222817_cov_40.9658	9	129778	129702	Asp	GTC	0	0	94.67	75.49	19.18	
NODE_16_length_192349_cov_44.8548	1	122252	122327	Asn	GTT	0	0	91.73	62.08	29.65	
NODE_16_length_192349_cov_44.8548	2	122337	122413	Pro	TGG	0	0	87.63	64.60	23.03	
NODE_16_length_192349_cov_44.8548	3	122424	122499	Lys	TTT	0	0	95.07	71.82	23.25	
NODE_16_length_192349_cov_44.8548	4	78336 	78263 	Arg	ACG	0	0	52.72	27.21	25.51	
NODE_20_length_94584_cov_41.6517 	1	2638  	2713  	His	GTG	0	0	83.51	64.18	19.33	
NODE_20_length_94584_cov_41.6517 	2	13991 	14067 	Asp	GTC	0	0	95.34	76.86	18.48	
NODE_24_length_65518_cov_43.7686 	1	1220  	1295  	Trp	CCA	0	0	86.73	63.05	23.68	
NODE_25_length_64882_cov_41.0986 	1	36491 	36417 	Gln	TTG	0	0	66.82	40.36	26.46	
NODE_25_length_64882_cov_41.0986 	2	18481 	18405 	Met	CAT	0	0	87.19	64.42	22.77	
NODE_26_length_64502_cov_42.1592 	1	17880 	17956 	Pro	GGG	0	0	74.89	48.01	26.88	
NODE_40_length_5301_cov_178.249  	1	1812  	1888  	Ile	GAT	0	0	98.83	72.69	26.14	
NODE_40_length_5301_cov_178.249  	2	1917  	1992  	Ala	TGC	0	0	90.68	71.56	19.12	
NODE_45_length_3418_cov_42.6092  	1	2898  	2982  	Tyr	GTA	0	0	71.07	41.76	29.31	
NODE_45_length_3418_cov_42.6092  	2	3009  	3082  	Gly	TCC	0	0	82.75	60.87	21.88	
NODE_45_length_3418_cov_42.6092  	3	3102  	3177  	Thr	GGT	0	0	93.76	67.73	26.03	
