Sequence                         		tRNA  	Bounds	tRNA	Anti	Intron Bounds	Cove	HMM	2'Str	      
Name                             	tRNA #	Begin 	End   	Type	Codon	Begin	End	Score	Score	Score	Note
--------                         	------	----- 	------	----	-----	-----	----	------	-----	-----	------
NODE_1_length_728984_cov_45.2229 	1	156010	156085	Glu	TTC	0	0	66.40	38.20	28.20	
NODE_1_length_728984_cov_45.2229 	2	156088	156163	Gly	GCC	0	0	93.74	68.41	25.33	
NODE_1_length_728984_cov_45.2229 	3	156248	156323	Gly	GCC	0	0	93.74	68.41	25.33	
NODE_1_length_728984_cov_45.2229 	4	197780	197856	Val	GAC	0	0	93.19	67.81	25.38	
NODE_1_length_728984_cov_45.2229 	5	231923	231999	Pro	GGG	0	0	74.89	48.01	26.88	
NODE_1_length_728984_cov_45.2229 	6	382489	382578	Ser	TGA	0	0	72.70	38.95	33.75	
NODE_1_length_728984_cov_45.2229 	7	438613	438688	Gly	GCC	0	0	93.74	68.41	25.33	
NODE_1_length_728984_cov_45.2229 	8	541513	541586	Cys	GCA	0	0	62.38	45.73	16.65	
NODE_1_length_728984_cov_45.2229 	9	605773	605859	Leu	TAA	0	0	76.64	42.32	34.32	
NODE_1_length_728984_cov_45.2229 	10	123512	123423	Ser	GGA	0	0	71.75	34.38	37.37	
NODE_2_length_695753_cov_46.8756 	1	306925	307011	Leu	CAG	0	0	73.96	38.54	35.42	
NODE_2_length_695753_cov_46.8756 	2	307141	307227	Leu	CAG	0	0	73.96	38.54	35.42	
NODE_2_length_695753_cov_46.8756 	3	561293	561368	Phe	GAA	0	0	92.69	68.52	24.17	
NODE_2_length_695753_cov_46.8756 	4	572703	572778	Thr	TGT	0	0	93.66	75.64	18.02	
NODE_2_length_695753_cov_46.8756 	5	116746	116655	SeC	TCA	0	0	55.75	-18.51	74.26	
NODE_2_length_695753_cov_46.8756 	6	62687 	62602 	Leu	GAG	0	0	68.53	39.16	29.37	
NODE_2_length_695753_cov_46.8756 	7	62511 	62435 	Met	CAT	0	0	85.85	60.06	25.79	
NODE_3_length_511200_cov_46.1847 	1	304103	304179	Arg	CCT	0	0	83.71	58.51	25.20	
NODE_3_length_511200_cov_46.1847 	2	437330	437405	Val	TAC	0	0	94.49	73.68	20.81	
NODE_3_length_511200_cov_46.1847 	3	437422	437498	Asp	GTC	0	0	94.67	75.49	19.18	
NODE_4_length_480222_cov_44.7001 	1	388435	388511	Arg	TCT	0	0	96.39	77.88	18.51	
NODE_4_length_480222_cov_44.7001 	2	388563	388638	His	GTG	0	0	83.51	64.18	19.33	
NODE_4_length_480222_cov_44.7001 	3	388693	388777	Leu	TAG	0	0	76.62	44.97	31.65	
NODE_4_length_480222_cov_44.7001 	4	388844	388919	His	GTG	0	0	83.51	64.18	19.33	
NODE_4_length_480222_cov_44.7001 	5	400210	400286	Asp	GTC	0	0	95.34	76.86	18.48	
NODE_5_length_467272_cov_45.4072 	1	438726	438637	Ser	CGA	0	0	68.31	24.88	43.43	
NODE_6_length_371757_cov_47.3618 	1	294579	294503	Met	CAT	0	0	92.87	71.40	21.47	
NODE_7_length_269959_cov_45.6581 	1	94287 	94363 	Pro	CGG	0	0	88.20	60.26	27.94	
NODE_7_length_269959_cov_45.6581 	2	265919	265994	Asn	GTT	0	0	91.73	62.08	29.65	
NODE_7_length_269959_cov_45.6581 	3	257120	257045	Ala	GGC	0	0	86.95	68.86	18.09	
NODE_7_length_269959_cov_45.6581 	4	256996	256921	Glu	TTC	0	0	66.40	38.20	28.20	
NODE_7_length_269959_cov_45.6581 	5	256827	256752	Ala	GGC	0	0	86.95	68.86	18.09	
NODE_7_length_269959_cov_45.6581 	6	256705	256630	Glu	TTC	0	0	66.40	38.20	28.20	
NODE_7_length_269959_cov_45.6581 	7	217730	217655	Val	TAC	0	0	94.49	73.68	20.81	
NODE_7_length_269959_cov_45.6581 	8	217638	217562	Asp	GTC	0	0	94.67	75.49	19.18	
NODE_7_length_269959_cov_45.6581 	9	217447	217371	Asp	GTC	0	0	94.67	75.49	19.18	
NODE_8_length_254443_cov_46.3562 	1	254221	254136	Lys	TTT	0	0	22.00	12.28	9.72	
NODE_8_length_254443_cov_46.3562 	2	234908	234833	Thr	CGT	0	0	90.98	74.93	16.05	
NODE_9_length_240304_cov_45.7515 	1	25984 	25898 	Leu	CAA	0	0	69.99	38.33	31.66	
NODE_13_length_196465_cov_47.2935	1	173594	173669	Asn	GTT	0	0	91.73	62.08	29.65	
NODE_13_length_196465_cov_47.2935	2	173679	173755	Pro	TGG	0	0	87.63	64.60	23.03	
NODE_13_length_196465_cov_47.2935	3	173766	173841	Lys	TTT	0	0	95.07	71.82	23.25	
NODE_13_length_196465_cov_47.2935	4	129678	129605	Arg	ACG	0	0	52.72	27.21	25.51	
NODE_13_length_196465_cov_47.2935	5	22240 	22166 	Gln	TTG	0	0	66.82	40.36	26.46	
NODE_13_length_196465_cov_47.2935	6	18491 	18415 	Met	CAT	0	0	87.19	64.42	22.77	
NODE_14_length_193842_cov_45.7282	1	99599 	99672 	Gly	CCC	0	0	60.35	30.06	30.29	
NODE_17_length_171927_cov_46.526 	1	93497 	93587 	Ser	GCT	0	0	76.69	47.10	29.59	
NODE_17_length_171927_cov_46.526 	2	93705 	93781 	Arg	ACG	0	0	83.50	58.05	25.45	
NODE_17_length_171927_cov_46.526 	3	93894 	93970 	Arg	ACG	0	0	83.50	58.05	25.45	
NODE_17_length_171927_cov_46.526 	4	162636	162711	Lys	TTT	0	0	95.07	71.82	23.25	
NODE_17_length_171927_cov_46.526 	5	110042	109966	Met	CAT	0	0	85.06	58.55	26.51	
NODE_17_length_171927_cov_46.526 	6	3817  	3745  	Leu	GAG	0	0	20.84	19.28	1.56	
NODE_26_length_65377_cov_50.3143 	1	1220  	1295  	Trp	CCA	0	0	86.73	63.05	23.68	
NODE_27_length_61110_cov_32.215  	1	13031 	13106 	Gly	TCC	0	0	82.79	56.37	26.42	
NODE_33_length_35816_cov_47.1064 	1	1188  	1112  	Arg	CCG	0	0	87.81	66.55	21.26	
NODE_42_length_5706_cov_201.586  	1	2125  	2201  	Ile	GAT	0	0	98.83	72.69	26.14	
NODE_42_length_5706_cov_201.586  	2	2230  	2305  	Ala	TGC	0	0	90.68	71.56	19.12	
NODE_57_length_3326_cov_46.9206  	1	2806  	2890  	Tyr	GTA	0	0	71.07	41.76	29.31	
NODE_57_length_3326_cov_46.9206  	2	2917  	2990  	Gly	TCC	0	0	82.75	60.87	21.88	
NODE_57_length_3326_cov_46.9206  	3	3010  	3085  	Thr	GGT	0	0	93.76	67.73	26.03	
