Sequence                         		tRNA  	Bounds	tRNA	Anti	Intron Bounds	Cove	HMM	2'Str	      
Name                             	tRNA #	Begin 	End   	Type	Codon	Begin	End	Score	Score	Score	Note
--------                         	------	----- 	------	----	-----	-----	----	------	-----	-----	------
NODE_1_length_694865_cov_40.9752 	1	51399 	51474 	Ala	GGC	0	0	86.95	68.86	18.09	
NODE_1_length_694865_cov_40.9752 	2	51523 	51598 	Glu	TTC	0	0	66.40	38.20	28.20	
NODE_1_length_694865_cov_40.9752 	3	51692 	51767 	Ala	GGC	0	0	86.95	68.86	18.09	
NODE_1_length_694865_cov_40.9752 	4	51814 	51889 	Glu	TTC	0	0	66.40	38.20	28.20	
NODE_1_length_694865_cov_40.9752 	5	90791 	90866 	Val	TAC	0	0	94.49	73.68	20.81	
NODE_1_length_694865_cov_40.9752 	6	90883 	90959 	Asp	GTC	0	0	94.67	75.49	19.18	
NODE_1_length_694865_cov_40.9752 	7	91074 	91150 	Asp	GTC	0	0	94.67	75.49	19.18	
NODE_1_length_694865_cov_40.9752 	8	393771	393846	Glu	TTC	0	0	66.40	38.20	28.20	
NODE_1_length_694865_cov_40.9752 	9	393849	393924	Gly	GCC	0	0	93.74	68.41	25.33	
NODE_1_length_694865_cov_40.9752 	10	488382	488457	Gly	GCC	0	0	93.74	68.41	25.33	
NODE_1_length_694865_cov_40.9752 	11	646087	646163	Val	GAC	0	0	93.19	67.81	25.38	
NODE_1_length_694865_cov_40.9752 	12	361276	361187	Ser	GGA	0	0	71.75	34.38	37.37	
NODE_1_length_694865_cov_40.9752 	13	172483	172407	Pro	CGG	0	0	88.20	60.26	27.94	
NODE_1_length_694865_cov_40.9752 	14	42600 	42525 	Asn	GTT	0	0	91.73	62.08	29.65	
NODE_2_length_578673_cov_37.5767 	1	215175	215089	Leu	CAA	0	0	69.99	38.33	31.66	
NODE_3_length_489182_cov_37.5048 	1	195686	195761	Asn	GTT	0	0	91.73	62.08	29.65	
NODE_3_length_489182_cov_37.5048 	2	195771	195847	Pro	TGG	0	0	87.63	64.60	23.03	
NODE_3_length_489182_cov_37.5048 	3	195858	195933	Lys	TTT	0	0	95.07	71.82	23.25	
NODE_3_length_489182_cov_37.5048 	4	213917	213992	Thr	CGT	0	0	90.98	74.93	16.05	
NODE_3_length_489182_cov_37.5048 	5	151771	151698	Arg	ACG	0	0	52.72	27.21	25.51	
NODE_3_length_489182_cov_37.5048 	6	45604 	45530 	Gln	TTG	0	0	66.82	40.36	26.46	
NODE_3_length_489182_cov_37.5048 	7	18485 	18409 	Met	CAT	0	0	87.19	64.42	22.77	
NODE_4_length_457795_cov_37.9314 	1	341400	341491	SeC	TCA	0	0	55.75	-18.51	74.26	
NODE_4_length_457795_cov_37.9314 	2	395451	395536	Leu	GAG	0	0	68.53	39.16	29.37	
NODE_4_length_457795_cov_37.9314 	3	395627	395703	Met	CAT	0	0	85.85	60.06	25.79	
NODE_4_length_457795_cov_37.9314 	4	185331	185245	Leu	CAG	0	0	73.96	38.54	35.42	
NODE_4_length_457795_cov_37.9314 	5	185115	185029	Leu	CAG	0	0	73.96	38.54	35.42	
NODE_5_length_375263_cov_37.3873 	1	250748	250838	Ser	GCT	0	0	76.69	47.10	29.59	
NODE_5_length_375263_cov_37.3873 	2	250956	251032	Arg	ACG	0	0	83.50	58.05	25.45	
NODE_5_length_375263_cov_37.3873 	3	251144	251220	Arg	ACG	0	0	83.50	58.05	25.45	
NODE_5_length_375263_cov_37.3873 	4	319907	319982	Lys	TTT	0	0	95.07	71.82	23.25	
NODE_5_length_375263_cov_37.3873 	5	267330	267254	Met	CAT	0	0	85.06	58.55	26.51	
NODE_5_length_375263_cov_37.3873 	6	161207	161135	Leu	GAG	0	0	20.84	19.28	1.56	
NODE_5_length_375263_cov_37.3873 	7	57781 	57708 	Gly	CCC	0	0	60.35	30.06	30.29	
NODE_6_length_369455_cov_38.0802 	1	291949	291873	Met	CAT	0	0	92.87	71.40	21.47	
NODE_7_length_360741_cov_37.0364 	1	358121	358197	Arg	TCT	0	0	96.39	77.88	18.51	
NODE_7_length_360741_cov_37.0364 	2	358249	358324	His	GTG	0	0	83.51	64.18	19.33	
NODE_7_length_360741_cov_37.0364 	3	358379	358463	Leu	TAG	0	0	77.85	46.20	31.65	
NODE_7_length_360741_cov_37.0364 	4	358530	358605	His	GTG	0	0	83.51	64.18	19.33	
NODE_9_length_206722_cov_37.2593 	1	154210	154121	Ser	CGA	0	0	68.31	24.88	43.43	
NODE_15_length_145245_cov_36.9381	1	138801	138728	Cys	GCA	0	0	62.38	45.73	16.65	
NODE_15_length_145245_cov_36.9381	2	126176	126090	Leu	TAA	0	0	76.64	42.32	34.32	
NODE_17_length_136180_cov_37.6865	1	100221	100146	Val	TAC	0	0	94.49	73.68	20.81	
NODE_17_length_136180_cov_37.6865	2	100129	100053	Asp	GTC	0	0	94.67	75.49	19.18	
NODE_18_length_122408_cov_37.4499	1	113014	112938	Asp	GTC	0	0	95.34	76.86	18.48	
NODE_19_length_120065_cov_37.6968	1	919   	843   	Arg	CCT	0	0	83.71	58.51	25.20	
NODE_20_length_115219_cov_36.7793	1	24507 	24418 	Ser	TGA	0	0	72.70	38.95	33.75	
NODE_20_length_115219_cov_36.7793	2	127   	52    	Gly	GCC	0	0	93.74	68.41	25.33	
NODE_21_length_111791_cov_37.9365	1	60967 	61042 	Gly	TCC	0	0	80.67	54.25	26.42	
NODE_21_length_111791_cov_37.9365	2	61055 	61129 	Asn	GTT	0	0	77.66	51.70	25.96	
NODE_21_length_111791_cov_37.9365	3	61134 	61209 	Thr	TGT	0	0	66.30	53.45	12.85	
NODE_26_length_76775_cov_37.8387 	1	4899  	4824  	Phe	GAA	0	0	92.69	68.52	24.17	
NODE_27_length_76363_cov_37.6286 	1	5299  	5374  	Thr	TGT	0	0	93.66	75.64	18.02	
NODE_34_length_35831_cov_37.4897 	1	34644 	34720 	Arg	CCG	0	0	87.81	66.55	21.26	
NODE_35_length_34501_cov_36.631  	1	19613 	19689 	Pro	GGG	0	0	74.89	48.01	26.88	
NODE_37_length_32051_cov_39.4862 	1	1220  	1295  	Trp	CCA	0	0	86.73	63.05	23.68	
NODE_51_length_5405_cov_149.207  	1	1829  	1905  	Ile	GAT	0	0	98.83	72.69	26.14	
NODE_51_length_5405_cov_149.207  	2	1934  	2009  	Ala	TGC	0	0	90.68	71.56	19.12	
NODE_56_length_3329_cov_34.5528  	1	2809  	2893  	Tyr	GTA	0	0	71.07	41.76	29.31	
NODE_56_length_3329_cov_34.5528  	2	2920  	2993  	Gly	TCC	0	0	82.75	60.87	21.88	
NODE_56_length_3329_cov_34.5528  	3	3013  	3088  	Thr	GGT	0	0	93.76	67.73	26.03	
