Sequence                         		tRNA  	Bounds	tRNA	Anti	Intron Bounds	Cove	HMM	2'Str	      
Name                             	tRNA #	Begin 	End   	Type	Codon	Begin	End	Score	Score	Score	Note
--------                         	------	----- 	------	----	-----	-----	----	------	-----	-----	------
NODE_1_length_770191_cov_40.2283 	1	653374	653465	SeC	TCA	0	0	55.75	-18.51	74.26	
NODE_1_length_770191_cov_40.2283 	2	707321	707406	Leu	GAG	0	0	68.53	39.16	29.37	
NODE_1_length_770191_cov_40.2283 	3	707497	707573	Met	CAT	0	0	85.85	60.06	25.79	
NODE_1_length_770191_cov_40.2283 	4	499494	499408	Leu	CAG	0	0	73.96	38.54	35.42	
NODE_1_length_770191_cov_40.2283 	5	499278	499192	Leu	CAG	0	0	73.96	38.54	35.42	
NODE_1_length_770191_cov_40.2283 	6	242540	242465	Phe	GAA	0	0	92.69	68.52	24.17	
NODE_1_length_770191_cov_40.2283 	7	231135	231060	Thr	TGT	0	0	93.66	75.64	18.02	
NODE_2_length_554927_cov_39.6887 	1	27795 	27884 	Ser	CGA	0	0	68.31	24.88	43.43	
NODE_3_length_480274_cov_39.0406 	1	60835 	60910 	Ala	GGC	0	0	86.95	68.86	18.09	
NODE_3_length_480274_cov_39.0406 	2	60959 	61034 	Glu	TTC	0	0	66.40	38.20	28.20	
NODE_3_length_480274_cov_39.0406 	3	61128 	61203 	Ala	GGC	0	0	86.95	68.86	18.09	
NODE_3_length_480274_cov_39.0406 	4	61250 	61325 	Glu	TTC	0	0	66.40	38.20	28.20	
NODE_3_length_480274_cov_39.0406 	5	100223	100298	Val	TAC	0	0	94.49	73.68	20.81	
NODE_3_length_480274_cov_39.0406 	6	100315	100391	Asp	GTC	0	0	94.67	75.49	19.18	
NODE_3_length_480274_cov_39.0406 	7	100506	100582	Asp	GTC	0	0	94.67	75.49	19.18	
NODE_3_length_480274_cov_39.0406 	8	402113	402188	Glu	TTC	0	0	66.40	38.20	28.20	
NODE_3_length_480274_cov_39.0406 	9	402191	402266	Gly	GCC	0	0	93.74	68.41	25.33	
NODE_3_length_480274_cov_39.0406 	10	402351	402426	Gly	GCC	0	0	93.74	68.41	25.33	
NODE_3_length_480274_cov_39.0406 	11	369619	369530	Ser	GGA	0	0	71.75	34.38	37.37	
NODE_3_length_480274_cov_39.0406 	12	180843	180767	Pro	CGG	0	0	88.20	60.26	27.94	
NODE_3_length_480274_cov_39.0406 	13	52028 	51953 	Asn	GTT	0	0	91.73	62.08	29.65	
NODE_4_length_451377_cov_39.1093 	1	421792	421878	Leu	CAA	0	0	69.99	38.33	31.66	
NODE_5_length_420548_cov_40.1058 	1	330922	330846	Met	CAT	0	0	92.87	71.40	21.47	
NODE_5_length_420548_cov_40.1058 	2	1283  	1207  	Arg	CCG	0	0	88.66	67.40	21.26	
NODE_6_length_372345_cov_38.277  	1	352037	351961	Val	GAC	0	0	93.19	67.81	25.38	
NODE_6_length_372345_cov_38.277  	2	317894	317818	Pro	GGG	0	0	74.89	48.01	26.88	
NODE_6_length_372345_cov_38.277  	3	139112	139023	Ser	TGA	0	0	72.70	38.95	33.75	
NODE_6_length_372345_cov_38.277  	4	114737	114662	Gly	GCC	0	0	93.74	68.41	25.33	
NODE_6_length_372345_cov_38.277  	5	110113	110040	Cys	GCA	0	0	62.38	45.73	16.65	
NODE_6_length_372345_cov_38.277  	6	97489 	97403 	Leu	TAA	0	0	76.64	42.32	34.32	
NODE_7_length_365907_cov_37.8983 	1	302593	302669	Arg	TCT	0	0	96.39	77.88	18.51	
NODE_7_length_365907_cov_37.8983 	2	302721	302796	His	GTG	0	0	83.51	64.18	19.33	
NODE_7_length_365907_cov_37.8983 	3	302851	302935	Leu	TAG	0	0	76.62	44.97	31.65	
NODE_8_length_357702_cov_39.2202 	1	251843	251933	Ser	GCT	0	0	76.69	47.10	29.59	
NODE_8_length_357702_cov_39.2202 	2	252051	252127	Arg	ACG	0	0	83.50	58.05	25.45	
NODE_8_length_357702_cov_39.2202 	3	252239	252315	Arg	ACG	0	0	83.50	58.05	25.45	
NODE_8_length_357702_cov_39.2202 	4	320939	321014	Lys	TTT	0	0	95.07	71.82	23.25	
NODE_8_length_357702_cov_39.2202 	5	268385	268309	Met	CAT	0	0	85.06	58.55	26.51	
NODE_8_length_357702_cov_39.2202 	6	162179	162107	Leu	GAG	0	0	20.84	19.28	1.56	
NODE_8_length_357702_cov_39.2202 	7	58235 	58162 	Gly	CCC	0	0	60.35	30.06	30.29	
NODE_9_length_357451_cov_39.1303 	1	299154	299227	Arg	ACG	0	0	52.72	27.21	25.51	
NODE_9_length_357451_cov_39.1303 	2	255239	255164	Asn	GTT	0	0	91.73	62.08	29.65	
NODE_9_length_357451_cov_39.1303 	3	255154	255078	Pro	TGG	0	0	87.63	64.60	23.03	
NODE_9_length_357451_cov_39.1303 	4	255067	254992	Lys	TTT	0	0	95.07	71.82	23.25	
NODE_9_length_357451_cov_39.1303 	5	237098	237023	Thr	CGT	0	0	90.98	74.93	16.05	
NODE_14_length_214777_cov_40.3912	1	90428 	90352 	Arg	CCT	0	0	83.71	58.51	25.20	
NODE_17_length_113897_cov_38.6822	1	36000 	36075 	Val	TAC	0	0	94.49	73.68	20.81	
NODE_17_length_113897_cov_38.6822	2	36092 	36168 	Asp	GTC	0	0	94.67	75.49	19.18	
NODE_19_length_92744_cov_38.9933 	1	92327 	92252 	His	GTG	0	0	83.51	64.18	19.33	
NODE_19_length_92744_cov_38.9933 	2	80961 	80885 	Asp	GTC	0	0	95.34	76.86	18.48	
NODE_21_length_86234_cov_38.5726 	1	49035 	49109 	Gln	TTG	0	0	66.82	40.36	26.46	
NODE_21_length_86234_cov_38.5726 	2	67744 	67820 	Met	CAT	0	0	87.19	64.42	22.77	
NODE_24_length_65239_cov_41.8009 	1	940   	1015  	Trp	CCA	0	0	86.73	63.05	23.68	
NODE_34_length_5513_cov_156.923  	1	1935  	2011  	Ile	GAT	0	0	98.83	72.69	26.14	
NODE_34_length_5513_cov_156.923  	2	2040  	2115  	Ala	TGC	0	0	90.68	71.56	19.12	
NODE_36_length_3610_cov_34.8461  	1	2810  	2894  	Tyr	GTA	0	0	71.07	41.76	29.31	
NODE_36_length_3610_cov_34.8461  	2	2921  	2994  	Gly	TCC	0	0	82.75	60.87	21.88	
NODE_36_length_3610_cov_34.8461  	3	3014  	3089  	Thr	GGT	0	0	93.76	67.73	26.03	
