Sequence                        		tRNA  	Bounds	tRNA	Anti	Intron Bounds	Cove	HMM	2'Str	      
Name                            	tRNA #	Begin 	End   	Type	Codon	Begin	End	Score	Score	Score	Note
--------                        	------	----- 	------	----	-----	-----	----	------	-----	-----	------
NODE_1_length_802537_cov_32.349 	1	685704	685795	SeC	TCA	0	0	55.75	-18.51	74.26	
NODE_1_length_802537_cov_32.349 	2	739763	739848	Leu	GAG	0	0	68.53	39.16	29.37	
NODE_1_length_802537_cov_32.349 	3	739939	740015	Met	CAT	0	0	85.85	60.06	25.79	
NODE_1_length_802537_cov_32.349 	4	495525	495439	Leu	CAG	0	0	73.96	38.54	35.42	
NODE_1_length_802537_cov_32.349 	5	495309	495223	Leu	CAG	0	0	73.96	38.54	35.42	
NODE_1_length_802537_cov_32.349 	6	241157	241082	Phe	GAA	0	0	92.69	68.52	24.17	
NODE_1_length_802537_cov_32.349 	7	229747	229672	Thr	TGT	0	0	93.66	75.64	18.02	
NODE_2_length_728984_cov_29.6248	1	605473	605562	Ser	GGA	0	0	71.75	34.38	37.37	
NODE_2_length_728984_cov_29.6248	2	572975	572900	Glu	TTC	0	0	66.40	38.20	28.20	
NODE_2_length_728984_cov_29.6248	3	572897	572822	Gly	GCC	0	0	93.74	68.41	25.33	
NODE_2_length_728984_cov_29.6248	4	572737	572662	Gly	GCC	0	0	93.74	68.41	25.33	
NODE_2_length_728984_cov_29.6248	5	432927	432851	Val	GAC	0	0	93.19	67.81	25.38	
NODE_2_length_728984_cov_29.6248	6	398784	398708	Pro	GGG	0	0	74.89	48.01	26.88	
NODE_2_length_728984_cov_29.6248	7	248218	248129	Ser	TGA	0	0	72.70	38.95	33.75	
NODE_2_length_728984_cov_29.6248	8	192094	192019	Gly	GCC	0	0	93.74	68.41	25.33	
NODE_2_length_728984_cov_29.6248	9	187472	187399	Cys	GCA	0	0	62.38	45.73	16.65	
NODE_2_length_728984_cov_29.6248	10	123212	123126	Leu	TAA	0	0	76.64	42.32	34.32	
NODE_3_length_524086_cov_28.8076	1	431551	431627	Arg	TCT	0	0	96.39	77.88	18.51	
NODE_3_length_524086_cov_28.8076	2	431679	431754	His	GTG	0	0	83.51	64.18	19.33	
NODE_3_length_524086_cov_28.8076	3	431809	431893	Leu	TAG	0	0	76.62	44.97	31.65	
NODE_3_length_524086_cov_28.8076	4	431960	432035	His	GTG	0	0	83.51	64.18	19.33	
NODE_3_length_524086_cov_28.8076	5	443326	443402	Asp	GTC	0	0	95.34	76.86	18.48	
NODE_4_length_483272_cov_31.263 	1	272592	272678	Leu	CAA	0	0	69.99	38.33	31.66	
NODE_5_length_469085_cov_30.072 	1	441212	441123	Ser	CGA	0	0	68.31	24.88	43.43	
NODE_6_length_411594_cov_30.9398	1	203705	203781	Arg	CCT	0	0	83.71	58.51	25.20	
NODE_6_length_411594_cov_30.9398	2	337724	337799	Val	TAC	0	0	94.49	73.68	20.81	
NODE_6_length_411594_cov_30.9398	3	337816	337892	Asp	GTC	0	0	94.67	75.49	19.18	
NODE_7_length_371845_cov_32.4672	1	294579	294503	Met	CAT	0	0	92.87	71.40	21.47	
NODE_8_length_287904_cov_30.9135	1	99599 	99672 	Gly	CCC	0	0	60.35	30.06	30.29	
NODE_9_length_267055_cov_31.4514	1	94236 	94312 	Pro	CGG	0	0	88.20	60.26	27.94	
NODE_9_length_267055_cov_31.4514	2	223043	223118	Asn	GTT	0	0	91.73	62.08	29.65	
NODE_9_length_267055_cov_31.4514	3	214244	214169	Ala	GGC	0	0	86.95	68.86	18.09	
NODE_9_length_267055_cov_31.4514	4	214120	214045	Glu	TTC	0	0	66.40	38.20	28.20	
NODE_9_length_267055_cov_31.4514	5	213951	213876	Ala	GGC	0	0	86.95	68.86	18.09	
NODE_9_length_267055_cov_31.4514	6	213829	213754	Glu	TTC	0	0	66.40	38.20	28.20	
NODE_9_length_267055_cov_31.4514	7	174854	174779	Val	TAC	0	0	94.49	73.68	20.81	
NODE_9_length_267055_cov_31.4514	8	174762	174686	Asp	GTC	0	0	94.67	75.49	19.18	
NODE_9_length_267055_cov_31.4514	9	174571	174495	Asp	GTC	0	0	94.67	75.49	19.18	
NODE_10_length_254551_cov_31.4863	1	316   	401   	Lys	TTT	0	0	22.00	12.28	9.72	
NODE_10_length_254551_cov_31.4863	2	19645 	19720 	Thr	CGT	0	0	90.98	74.93	16.05	
NODE_15_length_174546_cov_31.6231	1	173602	173677	Asn	GTT	0	0	91.73	62.08	29.65	
NODE_15_length_174546_cov_31.6231	2	173687	173763	Pro	TGG	0	0	87.63	64.60	23.03	
NODE_15_length_174546_cov_31.6231	3	173774	173849	Lys	TTT	0	0	95.07	71.82	23.25	
NODE_15_length_174546_cov_31.6231	4	129686	129613	Arg	ACG	0	0	52.72	27.21	25.51	
NODE_15_length_174546_cov_31.6231	5	22240 	22166 	Gln	TTG	0	0	66.82	40.36	26.46	
NODE_15_length_174546_cov_31.6231	6	18491 	18415 	Met	CAT	0	0	87.19	64.42	22.77	
NODE_16_length_163410_cov_30.1111	1	93498 	93588 	Ser	GCT	0	0	76.69	47.10	29.59	
NODE_16_length_163410_cov_30.1111	2	93706 	93782 	Arg	ACG	0	0	83.50	58.05	25.45	
NODE_16_length_163410_cov_30.1111	3	93895 	93971 	Arg	ACG	0	0	83.50	58.05	25.45	
NODE_16_length_163410_cov_30.1111	4	162638	162713	Lys	TTT	0	0	95.07	71.82	23.25	
NODE_16_length_163410_cov_30.1111	5	110043	109967	Met	CAT	0	0	85.06	58.55	26.51	
NODE_16_length_163410_cov_30.1111	6	3818  	3746  	Leu	GAG	0	0	20.84	19.28	1.56	
NODE_17_length_146209_cov_29.4831	1	48080 	48005 	Gly	TCC	0	0	82.79	56.37	26.42	
NODE_20_length_65370_cov_35.1609	1	1220  	1295  	Trp	CCA	0	0	86.73	63.05	23.68	
NODE_27_length_35816_cov_32.0205	1	1188  	1112  	Arg	CCG	0	0	87.81	66.55	21.26	
NODE_39_length_5618_cov_140.32  	1	2037  	2113  	Ile	GAT	0	0	98.83	72.69	26.14	
NODE_39_length_5618_cov_140.32  	2	2142  	2217  	Ala	TGC	0	0	90.68	71.56	19.12	
NODE_50_length_3326_cov_32.8806 	1	2806  	2890  	Tyr	GTA	0	0	71.07	41.76	29.31	
NODE_50_length_3326_cov_32.8806 	2	2917  	2990  	Gly	TCC	0	0	82.75	60.87	21.88	
NODE_50_length_3326_cov_32.8806 	3	3010  	3085  	Thr	GGT	0	0	93.76	67.73	26.03	
NODE_155_length_208_cov_15.4074 	1	158   	83    	Lys	TTT	0	0	95.07	71.82	23.25	
