Sequence                         		tRNA  	Bounds	tRNA	Anti	Intron Bounds	Cove	HMM	2'Str	      
Name                             	tRNA #	Begin 	End   	Type	Codon	Begin	End	Score	Score	Score	Note
--------                         	------	----- 	------	----	-----	-----	----	------	-----	-----	------
NODE_1_length_856977_cov_37.9119 	1	487352	487441	Ser	GGA	0	0	71.75	34.38	37.37	
NODE_1_length_856977_cov_37.9119 	2	676128	676204	Pro	CGG	0	0	88.20	60.26	27.94	
NODE_1_length_856977_cov_37.9119 	3	804950	805025	Asn	GTT	0	0	91.73	62.08	29.65	
NODE_1_length_856977_cov_37.9119 	4	796143	796068	Ala	GGC	0	0	86.95	68.86	18.09	
NODE_1_length_856977_cov_37.9119 	5	796019	795944	Glu	TTC	0	0	66.40	38.20	28.20	
NODE_1_length_856977_cov_37.9119 	6	795850	795775	Ala	GGC	0	0	86.95	68.86	18.09	
NODE_1_length_856977_cov_37.9119 	7	795728	795653	Glu	TTC	0	0	66.40	38.20	28.20	
NODE_1_length_856977_cov_37.9119 	8	756755	756680	Val	TAC	0	0	94.49	73.68	20.81	
NODE_1_length_856977_cov_37.9119 	9	756663	756587	Asp	GTC	0	0	94.67	75.49	19.18	
NODE_1_length_856977_cov_37.9119 	10	756472	756396	Asp	GTC	0	0	94.67	75.49	19.18	
NODE_1_length_856977_cov_37.9119 	11	454858	454783	Glu	TTC	0	0	66.40	38.20	28.20	
NODE_1_length_856977_cov_37.9119 	12	454780	454705	Gly	GCC	0	0	93.74	68.41	25.33	
NODE_1_length_856977_cov_37.9119 	13	454620	454545	Gly	GCC	0	0	93.74	68.41	25.33	
NODE_1_length_856977_cov_37.9119 	14	353171	353095	Val	GAC	0	0	93.19	67.81	25.38	
NODE_1_length_856977_cov_37.9119 	15	319028	318952	Pro	GGG	0	0	74.89	48.01	26.88	
NODE_1_length_856977_cov_37.9119 	16	139094	139005	Ser	TGA	0	0	72.70	38.95	33.75	
NODE_1_length_856977_cov_37.9119 	17	114719	114644	Gly	GCC	0	0	93.74	68.41	25.33	
NODE_1_length_856977_cov_37.9119 	18	110095	110022	Cys	GCA	0	0	62.38	45.73	16.65	
NODE_1_length_856977_cov_37.9119 	19	97471 	97385 	Leu	TAA	0	0	76.64	42.32	34.32	
NODE_2_length_663413_cov_38.8634 	1	546596	546687	SeC	TCA	0	0	55.75	-18.51	74.26	
NODE_2_length_663413_cov_38.8634 	2	600543	600628	Leu	GAG	0	0	68.53	39.16	29.37	
NODE_2_length_663413_cov_38.8634 	3	600719	600795	Met	CAT	0	0	85.85	60.06	25.79	
NODE_2_length_663413_cov_38.8634 	4	392716	392630	Leu	CAG	0	0	73.96	38.54	35.42	
NODE_2_length_663413_cov_38.8634 	5	392500	392414	Leu	CAG	0	0	73.96	38.54	35.42	
NODE_2_length_663413_cov_38.8634 	6	135852	135777	Phe	GAA	0	0	92.69	68.52	24.17	
NODE_2_length_663413_cov_38.8634 	7	124447	124372	Thr	TGT	0	0	93.66	75.64	18.02	
NODE_3_length_461385_cov_37.5399 	1	158853	158777	Arg	TCT	0	0	96.39	77.88	18.51	
NODE_3_length_461385_cov_37.5399 	2	158725	158650	His	GTG	0	0	83.51	64.18	19.33	
NODE_3_length_461385_cov_37.5399 	3	158595	158511	Leu	TAG	0	0	76.62	44.97	31.65	
NODE_3_length_461385_cov_37.5399 	4	92327 	92252 	His	GTG	0	0	83.51	64.18	19.33	
NODE_3_length_461385_cov_37.5399 	5	80961 	80885 	Asp	GTC	0	0	95.34	76.86	18.48	
NODE_4_length_408123_cov_37.4192 	1	379723	379809	Leu	CAA	0	0	69.99	38.33	31.66	
NODE_5_length_387330_cov_38.7544 	1	294856	294780	Met	CAT	0	0	92.87	71.40	21.47	
NODE_7_length_323839_cov_37.5984 	1	55452 	55528 	Met	CAT	0	0	85.06	58.55	26.51	
NODE_7_length_323839_cov_37.5984 	2	161658	161730	Leu	GAG	0	0	20.84	19.28	1.56	
NODE_7_length_323839_cov_37.5984 	3	265602	265675	Gly	CCC	0	0	60.35	30.06	30.29	
NODE_7_length_323839_cov_37.5984 	4	71994 	71904 	Ser	GCT	0	0	76.69	47.10	29.59	
NODE_7_length_323839_cov_37.5984 	5	71786 	71710 	Arg	ACG	0	0	83.50	58.05	25.45	
NODE_7_length_323839_cov_37.5984 	6	71598 	71522 	Arg	ACG	0	0	83.50	58.05	25.45	
NODE_7_length_323839_cov_37.5984 	7	2899  	2824  	Lys	TTT	0	0	95.07	71.82	23.25	
NODE_8_length_265663_cov_37.7585 	1	237097	237022	Thr	CGT	0	0	90.98	74.93	16.05	
NODE_9_length_240412_cov_37.7048 	1	33225 	33314 	Ser	CGA	0	0	68.31	24.88	43.43	
NODE_11_length_214777_cov_37.8001	1	124350	124426	Arg	CCT	0	0	83.71	58.51	25.20	
NODE_18_length_114519_cov_37.4494	1	56215 	56288 	Arg	ACG	0	0	52.72	27.21	25.51	
NODE_18_length_114519_cov_37.4494	2	12300 	12225 	Asn	GTT	0	0	91.73	62.08	29.65	
NODE_18_length_114519_cov_37.4494	3	12215 	12139 	Pro	TGG	0	0	87.63	64.60	23.03	
NODE_18_length_114519_cov_37.4494	4	12128 	12053 	Lys	TTT	0	0	95.07	71.82	23.25	
NODE_19_length_113897_cov_38.7332	1	36000 	36075 	Val	TAC	0	0	94.49	73.68	20.81	
NODE_19_length_113897_cov_38.7332	2	36092 	36168 	Asp	GTC	0	0	94.67	75.49	19.18	
NODE_21_length_86234_cov_38.4917 	1	49035 	49109 	Gln	TTG	0	0	66.82	40.36	26.46	
NODE_21_length_86234_cov_38.4917 	2	67744 	67820 	Met	CAT	0	0	87.19	64.42	22.77	
NODE_25_length_65435_cov_40.1791 	1	1136  	1211  	Trp	CCA	0	0	86.73	63.05	23.68	
NODE_31_length_35641_cov_39.6606 	1	1283  	1207  	Arg	CCG	0	0	88.66	67.40	21.26	
NODE_40_length_5512_cov_173.547  	1	1935  	2011  	Ile	GAT	0	0	98.83	72.69	26.14	
NODE_40_length_5512_cov_173.547  	2	2040  	2115  	Ala	TGC	0	0	90.68	71.56	19.12	
NODE_43_length_3414_cov_36.0186  	1	2810  	2894  	Tyr	GTA	0	0	71.07	41.76	29.31	
NODE_43_length_3414_cov_36.0186  	2	2921  	2994  	Gly	TCC	0	0	82.75	60.87	21.88	
NODE_43_length_3414_cov_36.0186  	3	3014  	3089  	Thr	GGT	0	0	93.76	67.73	26.03	
