Sequence                        		tRNA  	Bounds	tRNA	Anti	Intron Bounds	Cove	HMM	2'Str	      
Name                            	tRNA #	Begin 	End   	Type	Codon	Begin	End	Score	Score	Score	Note
--------                        	------	----- 	------	----	-----	-----	----	------	-----	-----	------
NODE_1_length_966277_cov_28.867 	1	596540	596629	Ser	GGA	0	0	71.75	34.38	37.37	
NODE_1_length_966277_cov_28.867 	2	785347	785423	Pro	CGG	0	0	88.20	60.26	27.94	
NODE_1_length_966277_cov_28.867 	3	914160	914235	Asn	GTT	0	0	91.73	62.08	29.65	
NODE_1_length_966277_cov_28.867 	4	905361	905286	Ala	GGC	0	0	86.95	68.86	18.09	
NODE_1_length_966277_cov_28.867 	5	905237	905162	Glu	TTC	0	0	66.40	38.20	28.20	
NODE_1_length_966277_cov_28.867 	6	905068	904993	Ala	GGC	0	0	86.95	68.86	18.09	
NODE_1_length_966277_cov_28.867 	7	904946	904871	Glu	TTC	0	0	66.40	38.20	28.20	
NODE_1_length_966277_cov_28.867 	8	865958	865883	Val	TAC	0	0	94.49	73.68	20.81	
NODE_1_length_966277_cov_28.867 	9	865866	865790	Asp	GTC	0	0	94.67	75.49	19.18	
NODE_1_length_966277_cov_28.867 	10	865675	865599	Asp	GTC	0	0	94.67	75.49	19.18	
NODE_1_length_966277_cov_28.867 	11	564042	563967	Glu	TTC	0	0	66.40	38.20	28.20	
NODE_1_length_966277_cov_28.867 	12	563964	563889	Gly	GCC	0	0	93.74	68.41	25.33	
NODE_1_length_966277_cov_28.867 	13	563804	563729	Gly	GCC	0	0	93.74	68.41	25.33	
NODE_1_length_966277_cov_28.867 	14	518791	518715	Val	GAC	0	0	93.19	67.81	25.38	
NODE_1_length_966277_cov_28.867 	15	484647	484571	Pro	GGG	0	0	74.89	48.01	26.88	
NODE_1_length_966277_cov_28.867 	16	289109	289020	Ser	TGA	0	0	72.70	38.95	33.75	
NODE_1_length_966277_cov_28.867 	17	264732	264657	Gly	GCC	0	0	93.74	68.41	25.33	
NODE_1_length_966277_cov_28.867 	18	147540	147467	Cys	GCA	0	0	62.38	45.73	16.65	
NODE_1_length_966277_cov_28.867 	19	134916	134830	Leu	TAA	0	0	76.64	42.32	34.32	
NODE_2_length_745823_cov_30.662 	1	628947	629038	SeC	TCA	0	0	55.75	-18.51	74.26	
NODE_2_length_745823_cov_30.662 	2	682986	683071	Leu	GAG	0	0	68.53	39.16	29.37	
NODE_2_length_745823_cov_30.662 	3	683162	683238	Met	CAT	0	0	85.85	60.06	25.79	
NODE_2_length_745823_cov_30.662 	4	476300	476214	Leu	CAG	0	0	73.96	38.54	35.42	
NODE_2_length_745823_cov_30.662 	5	476084	475998	Leu	CAG	0	0	73.96	38.54	35.42	
NODE_2_length_745823_cov_30.662 	6	220335	220260	Phe	GAA	0	0	92.69	68.52	24.17	
NODE_2_length_745823_cov_30.662 	7	208925	208850	Thr	TGT	0	0	93.66	75.64	18.02	
NODE_3_length_519027_cov_29.5424	1	487584	487495	Ser	CGA	0	0	32.37	1.80	30.57	
NODE_4_length_495224_cov_29.8443	1	480127	480213	Leu	CAA	0	0	69.99	38.33	31.66	
NODE_4_length_495224_cov_29.8443	2	3410  	3334  	Arg	CCT	0	0	83.71	58.51	25.20	
NODE_5_length_441882_cov_30.7972	1	91178 	91254 	Met	CAT	0	0	92.87	71.40	21.47	
NODE_5_length_441882_cov_30.7972	2	429102	429178	Arg	CCG	0	0	87.81	66.55	21.26	
NODE_6_length_320532_cov_29.9278	1	53602 	53678 	Met	CAT	0	0	85.06	58.55	26.51	
NODE_6_length_320532_cov_29.9278	2	159889	159961	Leu	GAG	0	0	20.84	19.28	1.56	
NODE_6_length_320532_cov_29.9278	3	262322	262395	Gly	CCC	0	0	60.35	30.06	30.29	
NODE_6_length_320532_cov_29.9278	4	70144 	70054 	Ser	GCT	0	0	76.69	47.10	29.59	
NODE_6_length_320532_cov_29.9278	5	69936 	69860 	Arg	ACG	0	0	83.50	58.05	25.45	
NODE_6_length_320532_cov_29.9278	6	69748 	69672 	Arg	ACG	0	0	83.50	58.05	25.45	
NODE_6_length_320532_cov_29.9278	7	1026  	951   	Lys	TTT	0	0	95.07	71.82	23.25	
NODE_7_length_306248_cov_28.476 	1	303000	303076	Arg	TCT	0	0	96.39	77.88	18.51	
NODE_7_length_306248_cov_28.476 	2	303128	303203	His	GTG	0	0	83.51	64.18	19.33	
NODE_7_length_306248_cov_28.476 	3	303258	303342	Leu	TAG	0	0	76.62	44.97	31.65	
NODE_12_length_202827_cov_29.9023	1	1131  	1205  	Arg	CCT	0	0	69.69	51.80	17.89	
NODE_12_length_202827_cov_29.9023	2	128968	129043	Val	TAC	0	0	94.49	73.68	20.81	
NODE_12_length_202827_cov_29.9023	3	129060	129136	Asp	GTC	0	0	94.67	75.49	19.18	
NODE_15_length_164803_cov_28.3211	1	150824	150749	Gly	TCC	0	0	83.32	56.90	26.42	
NODE_15_length_164803_cov_28.3211	2	150736	150661	Asn	GTT	0	0	67.11	42.15	24.96	
NODE_15_length_164803_cov_28.3211	3	150656	150581	Thr	TGT	0	0	74.27	61.42	12.85	
NODE_15_length_164803_cov_28.3211	4	124126	124051	His	GTG	0	0	83.51	64.18	19.33	
NODE_15_length_164803_cov_28.3211	5	112766	112690	Asp	GTC	0	0	95.34	76.86	18.48	
NODE_17_length_120393_cov_30.1955	1	63545 	63618 	Arg	ACG	0	0	52.72	27.21	25.51	
NODE_17_length_120393_cov_30.1955	2	19629 	19554 	Asn	GTT	0	0	91.73	62.08	29.65	
NODE_17_length_120393_cov_30.1955	3	19544 	19468 	Pro	TGG	0	0	87.63	64.60	23.03	
NODE_17_length_120393_cov_30.1955	4	19457 	19382 	Lys	TTT	0	0	95.07	71.82	23.25	
NODE_17_length_120393_cov_30.1955	5	1678  	1603  	Thr	CGT	0	0	90.98	74.93	16.05	
NODE_20_length_71501_cov_30.3426	1	49263 	49337 	Gln	TTG	0	0	66.82	40.36	26.46	
NODE_20_length_71501_cov_30.3426	2	53011 	53087 	Met	CAT	0	0	87.19	64.42	22.77	
NODE_22_length_65528_cov_31.67  	1	64309 	64234 	Trp	CCA	0	0	86.73	63.05	23.68	
NODE_29_length_37228_cov_29.5866	1	2635  	2546  	Ser	CGA	0	0	68.31	24.88	43.43	
NODE_34_length_5560_cov_126.121 	1	1971  	2047  	Ile	GAT	0	0	98.83	72.69	26.14	
NODE_34_length_5560_cov_126.121 	2	2076  	2151  	Ala	TGC	0	0	90.68	71.56	19.12	
NODE_38_length_3319_cov_29.2456 	1	521   	437   	Tyr	GTA	0	0	71.07	41.76	29.31	
NODE_38_length_3319_cov_29.2456 	2	410   	337   	Gly	TCC	0	0	82.75	60.87	21.88	
NODE_38_length_3319_cov_29.2456 	3	317   	242   	Thr	GGT	0	0	93.76	67.73	26.03	
