Sequence                         		tRNA  	Bounds	tRNA	Anti	Intron Bounds	Cove	HMM	2'Str	      
Name                             	tRNA #	Begin 	End   	Type	Codon	Begin	End	Score	Score	Score	Note
--------                         	------	----- 	------	----	-----	-----	----	------	-----	-----	------
NODE_1_length_728984_cov_69.6845 	1	156010	156085	Glu	TTC	0	0	66.40	38.20	28.20	
NODE_1_length_728984_cov_69.6845 	2	156088	156163	Gly	GCC	0	0	93.74	68.41	25.33	
NODE_1_length_728984_cov_69.6845 	3	156248	156323	Gly	GCC	0	0	93.74	68.41	25.33	
NODE_1_length_728984_cov_69.6845 	4	197780	197856	Val	GAC	0	0	93.19	67.81	25.38	
NODE_1_length_728984_cov_69.6845 	5	231923	231999	Pro	GGG	0	0	74.89	48.01	26.88	
NODE_1_length_728984_cov_69.6845 	6	382489	382578	Ser	TGA	0	0	72.70	38.95	33.75	
NODE_1_length_728984_cov_69.6845 	7	438613	438688	Gly	GCC	0	0	93.74	68.41	25.33	
NODE_1_length_728984_cov_69.6845 	8	541513	541586	Cys	GCA	0	0	62.38	45.73	16.65	
NODE_1_length_728984_cov_69.6845 	9	605773	605859	Leu	TAA	0	0	76.64	42.32	34.32	
NODE_1_length_728984_cov_69.6845 	10	123512	123423	Ser	GGA	0	0	71.75	34.38	37.37	
NODE_2_length_695841_cov_73.5415 	1	579008	579099	SeC	TCA	0	0	55.75	-18.51	74.26	
NODE_2_length_695841_cov_73.5415 	2	633067	633152	Leu	GAG	0	0	68.53	39.16	29.37	
NODE_2_length_695841_cov_73.5415 	3	633243	633319	Met	CAT	0	0	85.85	60.06	25.79	
NODE_2_length_695841_cov_73.5415 	4	388829	388743	Leu	CAG	0	0	73.96	38.54	35.42	
NODE_2_length_695841_cov_73.5415 	5	388613	388527	Leu	CAG	0	0	73.96	38.54	35.42	
NODE_2_length_695841_cov_73.5415 	6	134461	134386	Phe	GAA	0	0	92.69	68.52	24.17	
NODE_2_length_695841_cov_73.5415 	7	123051	122976	Thr	TGT	0	0	93.66	75.64	18.02	
NODE_3_length_480970_cov_68.7698 	1	388435	388511	Arg	TCT	0	0	96.39	77.88	18.51	
NODE_3_length_480970_cov_68.7698 	2	388563	388638	His	GTG	0	0	83.51	64.18	19.33	
NODE_3_length_480970_cov_68.7698 	3	388693	388777	Leu	TAG	0	0	76.62	44.97	31.65	
NODE_3_length_480970_cov_68.7698 	4	388844	388919	His	GTG	0	0	83.51	64.18	19.33	
NODE_3_length_480970_cov_68.7698 	5	400210	400286	Asp	GTC	0	0	95.34	76.86	18.48	
NODE_4_length_467272_cov_70.3961 	1	438726	438637	Ser	CGA	0	0	68.31	24.88	43.43	
NODE_5_length_410802_cov_71.596  	1	203705	203781	Arg	CCT	0	0	83.71	58.51	25.20	
NODE_5_length_410802_cov_71.596  	2	336932	337007	Val	TAC	0	0	94.49	73.68	20.81	
NODE_5_length_410802_cov_71.596  	3	337024	337100	Asp	GTC	0	0	94.67	75.49	19.18	
NODE_6_length_371845_cov_73.7203 	1	294579	294503	Met	CAT	0	0	92.87	71.40	21.47	
NODE_7_length_269959_cov_70.6607 	1	94287 	94363 	Pro	CGG	0	0	88.20	60.26	27.94	
NODE_7_length_269959_cov_70.6607 	2	265919	265994	Asn	GTT	0	0	91.73	62.08	29.65	
NODE_7_length_269959_cov_70.6607 	3	257120	257045	Ala	GGC	0	0	86.95	68.86	18.09	
NODE_7_length_269959_cov_70.6607 	4	256996	256921	Glu	TTC	0	0	66.40	38.20	28.20	
NODE_7_length_269959_cov_70.6607 	5	256827	256752	Ala	GGC	0	0	86.95	68.86	18.09	
NODE_7_length_269959_cov_70.6607 	6	256705	256630	Glu	TTC	0	0	66.40	38.20	28.20	
NODE_7_length_269959_cov_70.6607 	7	217730	217655	Val	TAC	0	0	94.49	73.68	20.81	
NODE_7_length_269959_cov_70.6607 	8	217638	217562	Asp	GTC	0	0	94.67	75.49	19.18	
NODE_7_length_269959_cov_70.6607 	9	217447	217371	Asp	GTC	0	0	94.67	75.49	19.18	
NODE_8_length_254443_cov_71.0179 	1	254221	254136	Lys	TTT	0	0	22.00	12.28	9.72	
NODE_8_length_254443_cov_71.0179 	2	234908	234833	Thr	CGT	0	0	90.98	74.93	16.05	
NODE_9_length_240304_cov_72.3287 	1	25984 	25898 	Leu	CAA	0	0	69.99	38.33	31.66	
NODE_13_length_196465_cov_71.7407	1	173594	173669	Asn	GTT	0	0	91.73	62.08	29.65	
NODE_13_length_196465_cov_71.7407	2	173679	173755	Pro	TGG	0	0	87.63	64.60	23.03	
NODE_13_length_196465_cov_71.7407	3	173766	173841	Lys	TTT	0	0	95.07	71.82	23.25	
NODE_13_length_196465_cov_71.7407	4	129678	129605	Arg	ACG	0	0	52.72	27.21	25.51	
NODE_13_length_196465_cov_71.7407	5	22240 	22166 	Gln	TTG	0	0	66.82	40.36	26.46	
NODE_13_length_196465_cov_71.7407	6	18491 	18415 	Met	CAT	0	0	87.19	64.42	22.77	
NODE_14_length_193842_cov_70.5247	1	99599 	99672 	Gly	CCC	0	0	60.35	30.06	30.29	
NODE_17_length_171927_cov_69.0304	1	93497 	93587 	Ser	GCT	0	0	76.69	47.10	29.59	
NODE_17_length_171927_cov_69.0304	2	93705 	93781 	Arg	ACG	0	0	83.50	58.05	25.45	
NODE_17_length_171927_cov_69.0304	3	93894 	93970 	Arg	ACG	0	0	83.50	58.05	25.45	
NODE_17_length_171927_cov_69.0304	4	162636	162711	Lys	TTT	0	0	95.07	71.82	23.25	
NODE_17_length_171927_cov_69.0304	5	110042	109966	Met	CAT	0	0	85.06	58.55	26.51	
NODE_17_length_171927_cov_69.0304	6	3817  	3745  	Leu	GAG	0	0	20.84	19.28	1.56	
NODE_18_length_146614_cov_67.862 	1	48080 	48005 	Gly	TCC	0	0	82.79	56.37	26.42	
NODE_26_length_65377_cov_75.6735 	1	1220  	1295  	Trp	CCA	0	0	86.73	63.05	23.68	
NODE_33_length_35816_cov_73.1984 	1	1188  	1112  	Arg	CCG	0	0	87.81	66.55	21.26	
NODE_44_length_5618_cov_282.148  	1	2037  	2113  	Ile	GAT	0	0	98.83	72.69	26.14	
NODE_44_length_5618_cov_282.148  	2	2142  	2217  	Ala	TGC	0	0	90.68	71.56	19.12	
NODE_57_length_3326_cov_64.4961  	1	2806  	2890  	Tyr	GTA	0	0	71.07	41.76	29.31	
NODE_57_length_3326_cov_64.4961  	2	2917  	2990  	Gly	TCC	0	0	82.75	60.87	21.88	
NODE_57_length_3326_cov_64.4961  	3	3010  	3085  	Thr	GGT	0	0	93.76	67.73	26.03	
