Sequence                         		tRNA  	Bounds	tRNA	Anti	Intron Bounds	Cove	HMM	2'Str	      
Name                             	tRNA #	Begin 	End   	Type	Codon	Begin	End	Score	Score	Score	Note
--------                         	------	----- 	------	----	-----	-----	----	------	-----	-----	------
NODE_1_length_913797_cov_65.3491 	1	260086	260176	Ser	GCT	0	0	76.69	47.10	29.59	
NODE_1_length_913797_cov_65.3491 	2	260294	260370	Arg	ACG	0	0	83.50	58.05	25.45	
NODE_1_length_913797_cov_65.3491 	3	260482	260558	Arg	ACG	0	0	83.50	58.05	25.45	
NODE_1_length_913797_cov_65.3491 	4	329184	329259	Lys	TTT	0	0	95.07	71.82	23.25	
NODE_1_length_913797_cov_65.3491 	5	455502	455591	Ser	CGA	0	0	68.31	24.88	43.43	
NODE_1_length_913797_cov_65.3491 	6	276630	276554	Met	CAT	0	0	85.06	58.55	26.51	
NODE_1_length_913797_cov_65.3491 	7	170406	170334	Leu	GAG	0	0	20.84	19.28	1.56	
NODE_1_length_913797_cov_65.3491 	8	67833 	67760 	Gly	CCC	0	0	60.35	30.06	30.29	
NODE_2_length_893657_cov_64.063  	1	533865	533954	Ser	GGA	0	0	71.75	34.38	37.37	
NODE_2_length_893657_cov_64.063  	2	722615	722691	Pro	CGG	0	0	88.20	60.26	27.94	
NODE_2_length_893657_cov_64.063  	3	849288	849363	Asn	GTT	0	0	91.73	62.08	29.65	
NODE_2_length_893657_cov_64.063  	4	840489	840414	Ala	GGC	0	0	86.95	68.86	18.09	
NODE_2_length_893657_cov_64.063  	5	840365	840290	Glu	TTC	0	0	66.40	38.20	28.20	
NODE_2_length_893657_cov_64.063  	6	840196	840121	Ala	GGC	0	0	86.95	68.86	18.09	
NODE_2_length_893657_cov_64.063  	7	840074	839999	Glu	TTC	0	0	66.40	38.20	28.20	
NODE_2_length_893657_cov_64.063  	8	801092	801017	Val	TAC	0	0	94.49	73.68	20.81	
NODE_2_length_893657_cov_64.063  	9	801000	800924	Asp	GTC	0	0	94.67	75.49	19.18	
NODE_2_length_893657_cov_64.063  	10	800809	800733	Asp	GTC	0	0	94.67	75.49	19.18	
NODE_2_length_893657_cov_64.063  	11	501375	501300	Glu	TTC	0	0	66.40	38.20	28.20	
NODE_2_length_893657_cov_64.063  	12	501297	501222	Gly	GCC	0	0	93.74	68.41	25.33	
NODE_2_length_893657_cov_64.063  	13	501137	501062	Gly	GCC	0	0	93.74	68.41	25.33	
NODE_2_length_893657_cov_64.063  	14	354791	354715	Val	GAC	0	0	93.19	67.81	25.38	
NODE_2_length_893657_cov_64.063  	15	320649	320573	Pro	GGG	0	0	74.89	48.01	26.88	
NODE_2_length_893657_cov_64.063  	16	170987	170898	Ser	TGA	0	0	72.70	38.95	33.75	
NODE_2_length_893657_cov_64.063  	17	114863	114788	Gly	GCC	0	0	93.74	68.41	25.33	
NODE_2_length_893657_cov_64.063  	18	110240	110167	Cys	GCA	0	0	62.38	45.73	16.65	
NODE_2_length_893657_cov_64.063  	19	97617 	97531 	Leu	TAA	0	0	76.64	42.32	34.32	
NODE_3_length_773826_cov_66.5434 	1	271148	271234	Leu	CAG	0	0	73.96	38.54	35.42	
NODE_3_length_773826_cov_66.5434 	2	271364	271450	Leu	CAG	0	0	73.96	38.54	35.42	
NODE_3_length_773826_cov_66.5434 	3	531247	531322	Phe	GAA	0	0	92.69	68.52	24.17	
NODE_3_length_773826_cov_66.5434 	4	542645	542720	Thr	TGT	0	0	93.66	75.64	18.02	
NODE_3_length_773826_cov_66.5434 	5	117103	117012	SeC	TCA	0	0	55.75	-18.51	74.26	
NODE_3_length_773826_cov_66.5434 	6	62826 	62741 	Leu	GAG	0	0	68.53	39.16	29.37	
NODE_3_length_773826_cov_66.5434 	7	62650 	62574 	Met	CAT	0	0	85.85	60.06	25.79	
NODE_4_length_499734_cov_64.1678 	1	296688	296764	Arg	CCT	0	0	83.71	58.51	25.20	
NODE_4_length_499734_cov_64.1678 	2	425880	425955	Val	TAC	0	0	94.49	73.68	20.81	
NODE_4_length_499734_cov_64.1678 	3	425972	426048	Asp	GTC	0	0	94.67	75.49	19.18	
NODE_5_length_457246_cov_64.9928 	1	217070	216984	Leu	CAA	0	0	69.99	38.33	31.66	
NODE_6_length_400201_cov_64.078  	1	4523  	4447  	Arg	TCT	0	0	96.39	77.88	18.51	
NODE_6_length_400201_cov_64.078  	2	4395  	4320  	His	GTG	0	0	83.51	64.18	19.33	
NODE_6_length_400201_cov_64.078  	3	4265  	4181  	Leu	TAG	0	0	76.62	44.97	31.65	
NODE_7_length_371954_cov_66.4493 	1	77420 	77496 	Met	CAT	0	0	92.87	71.40	21.47	
NODE_8_length_351422_cov_63.5117 	1	294628	294701	Arg	ACG	0	0	52.72	27.21	25.51	
NODE_8_length_351422_cov_63.5117 	2	250712	250637	Asn	GTT	0	0	91.73	62.08	29.65	
NODE_8_length_351422_cov_63.5117 	3	250627	250551	Pro	TGG	0	0	87.63	64.60	23.03	
NODE_8_length_351422_cov_63.5117 	4	250540	250465	Lys	TTT	0	0	95.07	71.82	23.25	
NODE_8_length_351422_cov_63.5117 	5	231157	231082	Thr	CGT	0	0	90.98	74.93	16.05	
NODE_14_length_119211_cov_62.9784	1	27056 	27131 	His	GTG	0	0	83.51	64.18	19.33	
NODE_14_length_119211_cov_62.9784	2	38415 	38491 	Asp	GTC	0	0	95.34	76.86	18.48	
NODE_18_length_86940_cov_62.758  	1	49089 	49163 	Gln	TTG	0	0	66.82	40.36	26.46	
NODE_18_length_86940_cov_62.758  	2	68450 	68526 	Met	CAT	0	0	87.19	64.42	22.77	
NODE_20_length_65520_cov_67.8604 	1	64301 	64226 	Trp	CCA	0	0	86.73	63.05	23.68	
NODE_22_length_45859_cov_62.9338 	1	11225 	11149 	Arg	CCG	0	0	87.81	66.55	21.26	
NODE_28_length_5540_cov_216.595  	1	3563  	3487  	Ile	GAT	0	0	98.83	72.69	26.14	
NODE_28_length_5540_cov_216.595  	2	3458  	3383  	Ala	TGC	0	0	90.68	71.56	19.12	
NODE_36_length_3345_cov_59.363   	1	521   	437   	Tyr	GTA	0	0	71.07	41.76	29.31	
NODE_36_length_3345_cov_59.363   	2	410   	337   	Gly	TCC	0	0	82.75	60.87	21.88	
NODE_36_length_3345_cov_59.363   	3	317   	242   	Thr	GGT	0	0	93.76	67.73	26.03	
