Sequence                         		tRNA  	Bounds	tRNA	Anti	Intron Bounds	Cove	HMM	2'Str	      
Name                             	tRNA #	Begin 	End   	Type	Codon	Begin	End	Score	Score	Score	Note
--------                         	------	----- 	------	----	-----	-----	----	------	-----	-----	------
NODE_1_length_629788_cov_49.8209 	1	104844	104933	Ser	CGA	0	0	68.31	24.88	43.43	
NODE_2_length_561635_cov_49.5715 	1	192517	192606	Ser	GGA	0	0	71.75	34.38	37.37	
NODE_2_length_561635_cov_49.5715 	2	381292	381368	Pro	CGG	0	0	88.20	60.26	27.94	
NODE_2_length_561635_cov_49.5715 	3	513297	513372	Asn	GTT	0	0	91.73	62.08	29.65	
NODE_2_length_561635_cov_49.5715 	4	504498	504423	Ala	GGC	0	0	86.95	68.86	18.09	
NODE_2_length_561635_cov_49.5715 	5	504374	504299	Glu	TTC	0	0	66.40	38.20	28.20	
NODE_2_length_561635_cov_49.5715 	6	504205	504130	Ala	GGC	0	0	86.95	68.86	18.09	
NODE_2_length_561635_cov_49.5715 	7	504083	504008	Glu	TTC	0	0	66.40	38.20	28.20	
NODE_2_length_561635_cov_49.5715 	8	465096	465021	Val	TAC	0	0	94.49	73.68	20.81	
NODE_2_length_561635_cov_49.5715 	9	465004	464928	Asp	GTC	0	0	94.67	75.49	19.18	
NODE_2_length_561635_cov_49.5715 	10	464813	464737	Asp	GTC	0	0	94.67	75.49	19.18	
NODE_2_length_561635_cov_49.5715 	11	160020	159945	Glu	TTC	0	0	66.40	38.20	28.20	
NODE_2_length_561635_cov_49.5715 	12	159942	159867	Gly	GCC	0	0	93.74	68.41	25.33	
NODE_2_length_561635_cov_49.5715 	13	82511 	82436 	Gly	GCC	0	0	93.74	68.41	25.33	
NODE_2_length_561635_cov_49.5715 	14	37497 	37421 	Val	GAC	0	0	93.19	67.81	25.38	
NODE_2_length_561635_cov_49.5715 	15	3656  	3580  	Pro	GGG	0	0	74.89	48.01	26.88	
NODE_3_length_456086_cov_70.7901 	1	339225	339316	SeC	TCA	0	0	55.75	-18.51	74.26	
NODE_3_length_456086_cov_70.7901 	2	393102	393187	Leu	GAG	0	0	68.53	39.16	29.37	
NODE_3_length_456086_cov_70.7901 	3	393278	393354	Met	CAT	0	0	85.85	60.06	25.79	
NODE_3_length_456086_cov_70.7901 	4	184670	184584	Leu	CAG	0	0	73.96	38.54	35.42	
NODE_3_length_456086_cov_70.7901 	5	184454	184368	Leu	CAG	0	0	73.96	38.54	35.42	
NODE_4_length_383296_cov_61.6921 	1	15188 	15102 	Leu	CAA	0	0	69.99	38.33	31.66	
NODE_5_length_380866_cov_73.05   	1	83328 	83404 	Met	CAT	0	0	92.87	71.40	21.47	
NODE_6_length_372577_cov_61.747  	1	97606 	97681 	Thr	CGT	0	0	90.98	74.93	16.05	
NODE_7_length_352021_cov_75.6951 	1	279488	279413	Phe	GAA	0	0	92.69	68.52	24.17	
NODE_7_length_352021_cov_75.6951 	2	268078	268003	Thr	TGT	0	0	93.66	75.64	18.02	
NODE_8_length_331356_cov_56.0854 	1	55291 	55367 	Met	CAT	0	0	85.06	58.55	26.51	
NODE_8_length_331356_cov_56.0854 	2	161439	161511	Leu	GAG	0	0	20.84	19.28	1.56	
NODE_8_length_331356_cov_56.0854 	3	273168	273241	Gly	CCC	0	0	60.35	30.06	30.29	
NODE_8_length_331356_cov_56.0854 	4	71870 	71780 	Ser	GCT	0	0	76.69	47.10	29.59	
NODE_8_length_331356_cov_56.0854 	5	71662 	71586 	Arg	ACG	0	0	83.50	58.05	25.45	
NODE_8_length_331356_cov_56.0854 	6	71474 	71398 	Arg	ACG	0	0	83.50	58.05	25.45	
NODE_8_length_331356_cov_56.0854 	7	2721  	2646  	Lys	TTT	0	0	95.07	71.82	23.25	
NODE_9_length_311162_cov_43.8958 	1	152608	152697	Ser	TGA	0	0	72.70	38.95	33.75	
NODE_9_length_311162_cov_43.8958 	2	166041	166116	Gly	GCC	0	0	93.74	68.41	25.33	
NODE_9_length_311162_cov_43.8958 	3	172434	172507	Cys	GCA	0	0	62.38	45.73	16.65	
NODE_9_length_311162_cov_43.8958 	4	185060	185146	Leu	TAA	0	0	76.64	42.32	34.32	
NODE_10_length_304304_cov_39.4174	1	144520	144596	Arg	TCT	0	0	96.39	77.88	18.51	
NODE_10_length_304304_cov_39.4174	2	144648	144723	His	GTG	0	0	83.51	64.18	19.33	
NODE_10_length_304304_cov_39.4174	3	144778	144862	Leu	TAG	0	0	76.62	44.97	31.65	
NODE_10_length_304304_cov_39.4174	4	210399	210474	His	GTG	0	0	83.51	64.18	19.33	
NODE_10_length_304304_cov_39.4174	5	221752	221828	Asp	GTC	0	0	95.34	76.86	18.48	
NODE_12_length_209578_cov_57.9118	1	90543 	90467 	Arg	CCT	0	0	83.71	58.51	25.20	
NODE_19_length_115688_cov_66.8669	1	59383 	59456 	Arg	ACG	0	0	52.72	27.21	25.51	
NODE_19_length_115688_cov_66.8669	2	15472 	15397 	Asn	GTT	0	0	91.73	62.08	29.65	
NODE_19_length_115688_cov_66.8669	3	15387 	15311 	Pro	TGG	0	0	87.63	64.60	23.03	
NODE_19_length_115688_cov_66.8669	4	15300 	15225 	Lys	TTT	0	0	95.07	71.82	23.25	
NODE_20_length_115086_cov_54.3892	1	79032 	78957 	Val	TAC	0	0	94.49	73.68	20.81	
NODE_20_length_115086_cov_54.3892	2	78940 	78864 	Asp	GTC	0	0	94.67	75.49	19.18	
NODE_23_length_81246_cov_66.2942 	1	50631 	50705 	Gln	TTG	0	0	66.82	40.36	26.46	
NODE_23_length_81246_cov_66.2942 	2	54379 	54455 	Met	CAT	0	0	87.19	64.42	22.77	
NODE_24_length_65610_cov_73.2778 	1	1220  	1295  	Trp	CCA	0	0	86.73	63.05	23.68	
NODE_29_length_35890_cov_77.7368 	1	34612 	34688 	Arg	CCG	0	0	87.81	66.55	21.26	
NODE_35_length_5408_cov_258.158  	1	3583  	3507  	Ile	GAT	0	0	98.83	72.69	26.14	
NODE_35_length_5408_cov_258.158  	2	3478  	3403  	Ala	TGC	0	0	90.68	71.56	19.12	
NODE_40_length_3326_cov_65.5949  	1	2806  	2890  	Tyr	GTA	0	0	71.07	41.76	29.31	
NODE_40_length_3326_cov_65.5949  	2	2917  	2990  	Gly	TCC	0	0	82.75	60.87	21.88	
NODE_40_length_3326_cov_65.5949  	3	3010  	3085  	Thr	GGT	0	0	93.76	67.73	26.03	
