Sequence                         		tRNA  	Bounds	tRNA	Anti	Intron Bounds	Cove	HMM	2'Str	      
Name                             	tRNA #	Begin 	End   	Type	Codon	Begin	End	Score	Score	Score	Note
--------                         	------	----- 	------	----	-----	-----	----	------	-----	-----	------
NODE_1_length_941561_cov_59.3783 	1	739680	739756	Arg	CCT	0	0	83.71	58.51	25.20	
NODE_1_length_941561_cov_59.3783 	2	867513	867588	Val	TAC	0	0	94.49	73.68	20.81	
NODE_1_length_941561_cov_59.3783 	3	867605	867681	Asp	GTC	0	0	94.67	75.49	19.18	
NODE_1_length_941561_cov_59.3783 	4	240649	240563	Leu	CAA	0	0	69.99	38.33	31.66	
NODE_2_length_694307_cov_56.4177 	1	329587	329676	Ser	GGA	0	0	71.75	34.38	37.37	
NODE_2_length_694307_cov_56.4177 	2	518378	518454	Pro	CGG	0	0	88.20	60.26	27.94	
NODE_2_length_694307_cov_56.4177 	3	647207	647282	Asn	GTT	0	0	91.73	62.08	29.65	
NODE_2_length_694307_cov_56.4177 	4	638408	638333	Ala	GGC	0	0	86.95	68.86	18.09	
NODE_2_length_694307_cov_56.4177 	5	638284	638209	Glu	TTC	0	0	66.40	38.20	28.20	
NODE_2_length_694307_cov_56.4177 	6	638115	638040	Ala	GGC	0	0	86.95	68.86	18.09	
NODE_2_length_694307_cov_56.4177 	7	637993	637918	Glu	TTC	0	0	66.40	38.20	28.20	
NODE_2_length_694307_cov_56.4177 	8	599011	598936	Val	TAC	0	0	94.49	73.68	20.81	
NODE_2_length_694307_cov_56.4177 	9	598919	598843	Asp	GTC	0	0	94.67	75.49	19.18	
NODE_2_length_694307_cov_56.4177 	10	598728	598652	Asp	GTC	0	0	94.67	75.49	19.18	
NODE_2_length_694307_cov_56.4177 	11	297123	297048	Glu	TTC	0	0	66.40	38.20	28.20	
NODE_2_length_694307_cov_56.4177 	12	297045	296970	Gly	GCC	0	0	93.74	68.41	25.33	
NODE_2_length_694307_cov_56.4177 	13	296885	296810	Gly	GCC	0	0	93.74	68.41	25.33	
NODE_2_length_694307_cov_56.4177 	14	127934	127858	Val	GAC	0	0	93.19	67.81	25.38	
NODE_2_length_694307_cov_56.4177 	15	93796 	93720 	Pro	GGG	0	0	74.89	48.01	26.88	
NODE_3_length_547402_cov_58.9611 	1	22232 	22321 	Ser	CGA	0	0	68.31	24.88	43.43	
NODE_4_length_539272_cov_61.1085 	1	270730	270816	Leu	CAG	0	0	73.96	38.54	35.42	
NODE_4_length_539272_cov_61.1085 	2	270946	271032	Leu	CAG	0	0	73.96	38.54	35.42	
NODE_4_length_539272_cov_61.1085 	3	525755	525830	Phe	GAA	0	0	92.69	68.52	24.17	
NODE_4_length_539272_cov_61.1085 	4	117165	117074	SeC	TCA	0	0	55.75	-18.51	74.26	
NODE_4_length_539272_cov_61.1085 	5	62920 	62835 	Leu	GAG	0	0	68.53	39.16	29.37	
NODE_4_length_539272_cov_61.1085 	6	62744 	62668 	Met	CAT	0	0	85.85	60.06	25.79	
NODE_5_length_471535_cov_59.1402 	1	338408	338481	Arg	ACG	0	0	52.72	27.21	25.51	
NODE_5_length_471535_cov_59.1402 	2	445614	445688	Gln	TTG	0	0	66.82	40.36	26.46	
NODE_5_length_471535_cov_59.1402 	3	449363	449439	Met	CAT	0	0	87.19	64.42	22.77	
NODE_5_length_471535_cov_59.1402 	4	294492	294417	Asn	GTT	0	0	91.73	62.08	29.65	
NODE_5_length_471535_cov_59.1402 	5	294407	294331	Pro	TGG	0	0	87.63	64.60	23.03	
NODE_5_length_471535_cov_59.1402 	6	294320	294245	Lys	TTT	0	0	95.07	71.82	23.25	
NODE_5_length_471535_cov_59.1402 	7	275100	275025	Thr	CGT	0	0	90.98	74.93	16.05	
NODE_6_length_426839_cov_56.8074 	1	302818	302894	Arg	TCT	0	0	96.39	77.88	18.51	
NODE_6_length_426839_cov_56.8074 	2	302946	303021	His	GTG	0	0	83.51	64.18	19.33	
NODE_6_length_426839_cov_56.8074 	3	303076	303160	Leu	TAG	0	0	76.62	44.97	31.65	
NODE_6_length_426839_cov_56.8074 	4	303227	303302	His	GTG	0	0	83.51	64.18	19.33	
NODE_6_length_426839_cov_56.8074 	5	314592	314668	Asp	GTC	0	0	95.34	76.86	18.48	
NODE_7_length_424436_cov_56.0738 	1	251468	251558	Ser	GCT	0	0	76.69	47.10	29.59	
NODE_7_length_424436_cov_56.0738 	2	251676	251752	Arg	ACG	0	0	83.50	58.05	25.45	
NODE_7_length_424436_cov_56.0738 	3	251864	251940	Arg	ACG	0	0	83.50	58.05	25.45	
NODE_7_length_424436_cov_56.0738 	4	320548	320623	Lys	TTT	0	0	95.07	71.82	23.25	
NODE_7_length_424436_cov_56.0738 	5	268012	267936	Met	CAT	0	0	85.06	58.55	26.51	
NODE_7_length_424436_cov_56.0738 	6	161803	161731	Leu	GAG	0	0	20.84	19.28	1.56	
NODE_7_length_424436_cov_56.0738 	7	57928 	57855 	Gly	CCC	0	0	60.35	30.06	30.29	
NODE_8_length_378743_cov_60.5812 	1	85145 	85221 	Met	CAT	0	0	92.87	71.40	21.47	
NODE_9_length_309783_cov_57.3693 	1	167212	167123	Ser	TGA	0	0	72.70	38.95	33.75	
NODE_9_length_309783_cov_57.3693 	2	142836	142761	Gly	GCC	0	0	93.74	68.41	25.33	
NODE_9_length_309783_cov_57.3693 	3	138214	138141	Cys	GCA	0	0	62.38	45.73	16.65	
NODE_9_length_309783_cov_57.3693 	4	125591	125505	Leu	TAA	0	0	76.64	42.32	34.32	
NODE_10_length_281089_cov_60.9768	1	13327 	13402 	Thr	TGT	0	0	93.66	75.64	18.02	
NODE_18_length_65469_cov_61.9989 	1	64250 	64175 	Trp	CCA	0	0	86.73	63.05	23.68	
NODE_21_length_35918_cov_61.6966 	1	1283  	1207  	Arg	CCG	0	0	87.81	66.55	21.26	
NODE_25_length_5480_cov_151.412  	1	1894  	1970  	Ile	GAT	0	0	98.83	72.69	26.14	
NODE_25_length_5480_cov_151.412  	2	1999  	2074  	Ala	TGC	0	0	90.68	71.56	19.12	
NODE_28_length_3321_cov_42.2642  	1	521   	437   	Tyr	GTA	0	0	71.07	41.76	29.31	
NODE_28_length_3321_cov_42.2642  	2	410   	337   	Gly	TCC	0	0	82.75	60.87	21.88	
NODE_28_length_3321_cov_42.2642  	3	317   	242   	Thr	GGT	0	0	93.76	67.73	26.03	
