Sequence                        		tRNA  	Bounds	tRNA	Anti	Intron Bounds	Cove	HMM	2'Str	      
Name                            	tRNA #	Begin 	End   	Type	Codon	Begin	End	Score	Score	Score	Note
--------                        	------	----- 	------	----	-----	-----	----	------	-----	-----	------
NODE_2_length_238475_cov_44.082 	1	156962	157048	Leu	CAA	0	0	69.99	38.33	31.66	
NODE_6_length_200845_cov_41.8748	1	28363 	28439 	Pro	CGG	0	0	88.20	60.26	27.94	
NODE_6_length_200845_cov_41.8748	2	158246	158321	Asn	GTT	0	0	91.73	62.08	29.65	
NODE_6_length_200845_cov_41.8748	3	149447	149372	Ala	GGC	0	0	86.95	68.86	18.09	
NODE_6_length_200845_cov_41.8748	4	149323	149248	Glu	TTC	0	0	66.40	38.20	28.20	
NODE_6_length_200845_cov_41.8748	5	149154	149079	Ala	GGC	0	0	86.95	68.86	18.09	
NODE_6_length_200845_cov_41.8748	6	149032	148957	Glu	TTC	0	0	66.40	38.20	28.20	
NODE_6_length_200845_cov_41.8748	7	110055	109980	Val	TAC	0	0	94.49	73.68	20.81	
NODE_6_length_200845_cov_41.8748	8	109963	109887	Asp	GTC	0	0	94.67	75.49	19.18	
NODE_6_length_200845_cov_41.8748	9	109772	109696	Asp	GTC	0	0	94.67	75.49	19.18	
NODE_9_length_145402_cov_41.676 	1	57781 	57708 	Gly	CCC	0	0	60.35	30.06	30.29	
NODE_10_length_142558_cov_43.1408	1	96955 	97029 	Gln	TTG	0	0	66.82	40.36	26.46	
NODE_10_length_142558_cov_43.1408	2	124074	124150	Met	CAT	0	0	87.19	64.42	22.77	
NODE_11_length_133357_cov_42.5071	1	33758 	33847 	Ser	GGA	0	0	71.75	34.38	37.37	
NODE_11_length_133357_cov_42.5071	2	1263  	1188  	Glu	TTC	0	0	66.40	38.20	28.20	
NODE_11_length_133357_cov_42.5071	3	1185  	1110  	Gly	GCC	0	0	93.74	68.41	25.33	
NODE_13_length_128520_cov_44.8544	1	7320  	7234  	Leu	CAG	0	0	73.96	38.54	35.42	
NODE_13_length_128520_cov_44.8544	2	7104  	7018  	Leu	CAG	0	0	73.96	38.54	35.42	
NODE_16_length_110221_cov_40.7469	1	80807 	80718 	Ser	CGA	0	0	68.31	24.88	43.43	
NODE_18_length_106470_cov_43.8862	1	71140 	71049 	SeC	TCA	0	0	55.75	-18.51	74.26	
NODE_18_length_106470_cov_43.8862	2	17101 	17016 	Leu	GAG	0	0	68.53	39.16	29.37	
NODE_18_length_106470_cov_43.8862	3	16925 	16849 	Met	CAT	0	0	85.85	60.06	25.79	
NODE_24_length_87075_cov_37.0441	1	43999 	43923 	Arg	TCT	0	0	96.39	77.88	18.51	
NODE_24_length_87075_cov_37.0441	2	43871 	43796 	His	GTG	0	0	83.51	64.18	19.33	
NODE_24_length_87075_cov_37.0441	3	43741 	43657 	Leu	TAG	0	0	76.62	44.97	31.65	
NODE_24_length_87075_cov_37.0441	4	43590 	43515 	His	GTG	0	0	83.51	64.18	19.33	
NODE_24_length_87075_cov_37.0441	5	32237 	32161 	Asp	GTC	0	0	95.34	76.86	18.48	
NODE_25_length_86954_cov_42.0445	1	6458  	6382  	Met	CAT	0	0	92.87	71.40	21.47	
NODE_30_length_79778_cov_40.8255	1	25565 	25476 	Ser	TGA	0	0	72.70	38.95	33.75	
NODE_30_length_79778_cov_40.8255	2	1185  	1110  	Gly	GCC	0	0	93.74	68.41	25.33	
NODE_32_length_78544_cov_44.2576	1	4899  	4824  	Phe	GAA	0	0	92.69	68.52	24.17	
NODE_36_length_68841_cov_39.8468	1	55519 	55595 	Met	CAT	0	0	85.06	58.55	26.51	
NODE_36_length_68841_cov_39.8468	2	2942  	2867  	Lys	TTT	0	0	95.07	71.82	23.25	
NODE_37_length_67031_cov_41.7831	1	32780 	32705 	Asn	GTT	0	0	91.73	62.08	29.65	
NODE_37_length_67031_cov_41.7831	2	32695 	32619 	Pro	TGG	0	0	87.63	64.60	23.03	
NODE_37_length_67031_cov_41.7831	3	32608 	32533 	Lys	TTT	0	0	95.07	71.82	23.25	
NODE_37_length_67031_cov_41.7831	4	14549 	14474 	Thr	CGT	0	0	90.98	74.93	16.05	
NODE_38_length_65419_cov_41.9084	1	62350 	62264 	Leu	TAA	0	0	76.64	42.32	34.32	
NODE_42_length_62592_cov_42.111 	1	35965 	36040 	Val	TAC	0	0	94.49	73.68	20.81	
NODE_42_length_62592_cov_42.111 	2	36057 	36133 	Asp	GTC	0	0	94.67	75.49	19.18	
NODE_44_length_60492_cov_40.2321	1	14011 	13935 	Val	GAC	0	0	93.19	67.81	25.38	
NODE_45_length_59174_cov_43.9232	1	23255 	23330 	Thr	TGT	0	0	93.66	75.64	18.02	
NODE_63_length_36657_cov_41.5687	1	33148 	33238 	Ser	GCT	0	0	76.69	47.10	29.59	
NODE_63_length_36657_cov_41.5687	2	33356 	33432 	Arg	ACG	0	0	83.50	58.05	25.45	
NODE_63_length_36657_cov_41.5687	3	33544 	33620 	Arg	ACG	0	0	83.50	58.05	25.45	
NODE_64_length_36260_cov_44.6082	1	34644 	34720 	Arg	CCG	0	0	87.81	66.55	21.26	
NODE_71_length_31934_cov_45.2999	1	30715 	30640 	Trp	CCA	0	0	86.73	63.05	23.68	
NODE_78_length_28743_cov_39.1168	1	14000 	14076 	Pro	GGG	0	0	74.89	48.01	26.88	
NODE_79_length_28069_cov_39.6456	1	27631 	27703 	Leu	GAG	0	0	20.84	19.28	1.56	
NODE_90_length_16250_cov_37.2632	1	6445  	6518  	Cys	GCA	0	0	62.38	45.73	16.65	
NODE_95_length_13352_cov_42.5529	1	9481  	9408  	Arg	ACG	0	0	52.72	27.21	25.51	
NODE_99_length_12431_cov_43.3828	1	919   	843   	Arg	CCT	0	0	83.71	58.51	25.20	
NODE_120_length_5405_cov_145.492	1	3577  	3501  	Ile	GAT	0	0	98.83	72.69	26.14	
NODE_120_length_5405_cov_145.492	2	3472  	3397  	Ala	TGC	0	0	90.68	71.56	19.12	
NODE_133_length_3329_cov_36.5434	1	521   	437   	Tyr	GTA	0	0	71.07	41.76	29.31	
NODE_133_length_3329_cov_36.5434	2	410   	337   	Gly	TCC	0	0	82.75	60.87	21.88	
NODE_133_length_3329_cov_36.5434	3	317   	242   	Thr	GGT	0	0	93.76	67.73	26.03	
