Sequence                          		tRNA   	Bounds 	tRNA	Anti	Intron Bounds	Cove	HMM	2'Str	      
Name                              	tRNA #	Begin  	End    	Type	Codon	Begin	End	Score	Score	Score	Note
--------                          	------	-----  	------ 	----	-----	-----	----	------	-----	-----	------
NODE_1_length_1083862_cov_57.7518 	1	53266  	53341  	Ala	GGC	0	0	86.95	68.86	18.09	
NODE_1_length_1083862_cov_57.7518 	2	53390  	53465  	Glu	TTC	0	0	66.40	38.20	28.20	
NODE_1_length_1083862_cov_57.7518 	3	53559  	53634  	Ala	GGC	0	0	86.95	68.86	18.09	
NODE_1_length_1083862_cov_57.7518 	4	53681  	53756  	Glu	TTC	0	0	66.40	38.20	28.20	
NODE_1_length_1083862_cov_57.7518 	5	92663  	92738  	Val	TAC	0	0	94.49	73.68	20.81	
NODE_1_length_1083862_cov_57.7518 	6	92755  	92831  	Asp	GTC	0	0	94.67	75.49	19.18	
NODE_1_length_1083862_cov_57.7518 	7	92946  	93022  	Asp	GTC	0	0	94.67	75.49	19.18	
NODE_1_length_1083862_cov_57.7518 	8	394528 	394603 	Glu	TTC	0	0	66.40	38.20	28.20	
NODE_1_length_1083862_cov_57.7518 	9	394606 	394681 	Gly	GCC	0	0	93.74	68.41	25.33	
NODE_1_length_1083862_cov_57.7518 	10	394766 	394841 	Gly	GCC	0	0	93.74	68.41	25.33	
NODE_1_length_1083862_cov_57.7518 	11	538527 	538603 	Val	GAC	0	0	93.19	67.81	25.38	
NODE_1_length_1083862_cov_57.7518 	12	572670 	572746 	Pro	GGG	0	0	74.89	48.01	26.88	
NODE_1_length_1083862_cov_57.7518 	13	768381 	768470 	Ser	TGA	0	0	72.99	31.35	41.64	
NODE_1_length_1083862_cov_57.7518 	14	842962 	843037 	Gly	GCC	0	0	93.74	68.41	25.33	
NODE_1_length_1083862_cov_57.7518 	15	945861 	945934 	Cys	GCA	0	0	62.38	45.73	16.65	
NODE_1_length_1083862_cov_57.7518 	16	958485 	958571 	Leu	TAA	0	0	76.64	42.32	34.32	
NODE_1_length_1083862_cov_57.7518 	17	362031 	361942 	Ser	GGA	0	0	71.75	34.38	37.37	
NODE_1_length_1083862_cov_57.7518 	18	173289 	173213 	Pro	CGG	0	0	88.20	60.26	27.94	
NODE_1_length_1083862_cov_57.7518 	19	44467  	44392  	Asn	GTT	0	0	91.73	62.08	29.65	
NODE_2_length_833064_cov_64.1227  	1	275098 	275184 	Leu	CAG	0	0	73.96	38.54	35.42	
NODE_2_length_833064_cov_64.1227  	2	275314 	275400 	Leu	CAG	0	0	73.96	38.54	35.42	
NODE_2_length_833064_cov_64.1227  	3	530729 	530804 	Phe	GAA	0	0	92.69	68.52	24.17	
NODE_2_length_833064_cov_64.1227  	4	556967 	557041 	Undet	NNN	0	0	23.83	22.17	1.66	
NODE_2_length_833064_cov_64.1227  	5	568376 	568451 	Thr	TGT	0	0	93.66	75.64	18.02	
NODE_2_length_833064_cov_64.1227  	6	116776 	116685 	SeC	TCA	0	0	55.75	-18.51	74.26	
NODE_2_length_833064_cov_64.1227  	7	62835  	62750  	Leu	GAG	0	0	68.53	39.16	29.37	
NODE_2_length_833064_cov_64.1227  	8	62659  	62583  	Met	CAT	0	0	85.85	60.06	25.79	
NODE_3_length_617232_cov_56.3203  	1	437555 	437631 	Arg	TCT	0	0	96.39	77.88	18.51	
NODE_3_length_617232_cov_56.3203  	2	437683 	437758 	His	GTG	0	0	83.51	64.18	19.33	
NODE_3_length_617232_cov_56.3203  	3	437813 	437897 	Leu	TAG	0	0	76.62	44.97	31.65	
NODE_3_length_617232_cov_56.3203  	4	464802 	464877 	Met	CAT	0	0	60.05	34.98	25.07	
NODE_3_length_617232_cov_56.3203  	5	465179 	465254 	Gly	TCC	0	0	81.23	54.80	26.43	
NODE_3_length_617232_cov_56.3203  	6	465267 	465341 	Asn	GTT	0	0	76.95	53.18	23.77	
NODE_3_length_617232_cov_56.3203  	7	465346 	465421 	Thr	TGT	0	0	74.27	61.42	12.85	
NODE_3_length_617232_cov_56.3203  	8	492361 	492436 	His	GTG	0	0	83.51	64.18	19.33	
NODE_3_length_617232_cov_56.3203  	9	503726 	503802 	Asp	GTC	0	0	95.34	76.86	18.48	
NODE_4_length_519455_cov_59.864   	1	486013 	486099 	Leu	CAA	0	0	69.99	38.33	31.66	
NODE_4_length_519455_cov_59.864   	2	2017   	1941   	Arg	CCT	0	0	83.71	58.51	25.20	
NODE_5_length_491555_cov_58.7232  	1	19124  	19213  	Ser	CGA	0	0	68.31	24.88	43.43	
NODE_6_length_376958_cov_63.8618  	1	293642 	293566 	Met	CAT	0	0	92.87	71.40	21.47	
NODE_7_length_344496_cov_57.3258  	1	196465 	196555 	Ser	GCT	0	0	76.69	47.10	29.59	
NODE_7_length_344496_cov_57.3258  	2	196673 	196749 	Arg	ACG	0	0	83.50	58.05	25.45	
NODE_7_length_344496_cov_57.3258  	3	196861 	196937 	Arg	ACG	0	0	83.50	58.05	25.45	
NODE_7_length_344496_cov_57.3258  	4	265555 	265630 	Lys	TTT	0	0	95.07	71.82	23.25	
NODE_7_length_344496_cov_57.3258  	5	213010 	212934 	Met	CAT	0	0	85.06	58.55	26.51	
NODE_7_length_344496_cov_57.3258  	6	106791 	106719 	Leu	GAG	0	0	20.84	19.28	1.56	
NODE_7_length_344496_cov_57.3258  	7	2863   	2790   	Gly	CCC	0	0	60.35	30.06	30.29	
NODE_8_length_336056_cov_59.6875  	1	222985 	223058 	Arg	ACG	0	0	52.72	27.21	25.51	
NODE_8_length_336056_cov_59.6875  	2	329214 	329288 	Gln	TTG	0	0	66.82	40.36	26.46	
NODE_8_length_336056_cov_59.6875  	3	332964 	333040 	Met	CAT	0	0	87.19	64.42	22.77	
NODE_8_length_336056_cov_59.6875  	4	179069 	178994 	Asn	GTT	0	0	91.73	62.08	29.65	
NODE_8_length_336056_cov_59.6875  	5	178984 	178908 	Pro	TGG	0	0	87.63	64.60	23.03	
NODE_8_length_336056_cov_59.6875  	6	178897 	178822 	Lys	TTT	0	0	95.07	71.82	23.25	
NODE_8_length_336056_cov_59.6875  	7	159557 	159482 	Thr	CGT	0	0	90.98	74.93	16.05	
NODE_12_length_205119_cov_57.4328 	1	131260 	131335 	Val	TAC	0	0	94.49	73.68	20.81	
NODE_12_length_205119_cov_57.4328 	2	131352 	131428 	Asp	GTC	0	0	94.67	75.49	19.18	
NODE_19_length_81567_cov_62.7476  	1	80348  	80273  	Trp	CCA	0	0	86.73	63.05	23.68	
NODE_25_length_36043_cov_65.2425  	1	1412   	1336   	Arg	CCG	0	0	87.81	66.55	21.26	
NODE_35_length_5550_cov_216.828   	1	3580   	3504   	Ile	GAT	0	0	98.83	72.69	26.14	
NODE_35_length_5550_cov_216.828   	2	3475   	3400   	Ala	TGC	0	0	90.68	71.56	19.12	
NODE_40_length_3327_cov_53.7369   	1	521    	437    	Tyr	GTA	0	0	71.07	41.76	29.31	
NODE_40_length_3327_cov_53.7369   	2	410    	337    	Gly	TCC	0	0	82.75	60.87	21.88	
NODE_40_length_3327_cov_53.7369   	3	317    	242    	Thr	GGT	0	0	93.76	67.73	26.03	
