Sequence                         		tRNA  	Bounds	tRNA	Anti	Intron Bounds	Cove	HMM	2'Str	      
Name                             	tRNA #	Begin 	End   	Type	Codon	Begin	End	Score	Score	Score	Note
--------                         	------	----- 	------	----	-----	-----	----	------	-----	-----	------
NODE_1_length_892407_cov_53.0046 	1	17299 	17374 	Ala	GGC	0	0	86.95	68.86	18.09	
NODE_1_length_892407_cov_53.0046 	2	17423 	17498 	Glu	TTC	0	0	66.40	38.20	28.20	
NODE_1_length_892407_cov_53.0046 	3	17592 	17667 	Ala	GGC	0	0	86.95	68.86	18.09	
NODE_1_length_892407_cov_53.0046 	4	17714 	17789 	Glu	TTC	0	0	66.40	38.20	28.20	
NODE_1_length_892407_cov_53.0046 	5	56711 	56786 	Val	TAC	0	0	94.49	73.68	20.81	
NODE_1_length_892407_cov_53.0046 	6	56803 	56879 	Asp	GTC	0	0	94.67	75.49	19.18	
NODE_1_length_892407_cov_53.0046 	7	56994 	57070 	Asp	GTC	0	0	94.67	75.49	19.18	
NODE_1_length_892407_cov_53.0046 	8	405588	405663	Glu	TTC	0	0	66.40	38.20	28.20	
NODE_1_length_892407_cov_53.0046 	9	405666	405741	Gly	GCC	0	0	93.74	68.41	25.33	
NODE_1_length_892407_cov_53.0046 	10	405826	405901	Gly	GCC	0	0	93.74	68.41	25.33	
NODE_1_length_892407_cov_53.0046 	11	452218	452294	Val	GAC	0	0	93.19	67.81	25.38	
NODE_1_length_892407_cov_53.0046 	12	486359	486435	Pro	GGG	0	0	74.89	48.01	26.88	
NODE_1_length_892407_cov_53.0046 	13	672472	672561	Ser	TGA	0	0	72.70	38.95	33.75	
NODE_1_length_892407_cov_53.0046 	14	696849	696924	Gly	GCC	0	0	93.74	68.41	25.33	
NODE_1_length_892407_cov_53.0046 	15	816670	816743	Cys	GCA	0	0	62.38	45.73	16.65	
NODE_1_length_892407_cov_53.0046 	16	373092	373003	Ser	GGA	0	0	71.75	34.38	37.37	
NODE_1_length_892407_cov_53.0046 	17	184315	184239	Pro	CGG	0	0	88.20	60.26	27.94	
NODE_1_length_892407_cov_53.0046 	18	8500  	8425  	Asn	GTT	0	0	91.73	62.08	29.65	
NODE_2_length_765182_cov_54.7731 	1	660867	660958	SeC	TCA	0	0	55.75	-18.51	74.26	
NODE_2_length_765182_cov_54.7731 	2	715057	715142	Leu	GAG	0	0	68.53	39.16	29.37	
NODE_2_length_765182_cov_54.7731 	3	715233	715309	Met	CAT	0	0	85.85	60.06	25.79	
NODE_2_length_765182_cov_54.7731 	4	507195	507109	Leu	CAG	0	0	73.96	38.54	35.42	
NODE_2_length_765182_cov_54.7731 	5	506979	506893	Leu	CAG	0	0	73.96	38.54	35.42	
NODE_2_length_765182_cov_54.7731 	6	250256	250181	Phe	GAA	0	0	92.69	68.52	24.17	
NODE_2_length_765182_cov_54.7731 	7	238851	238776	Thr	TGT	0	0	93.66	75.64	18.02	
NODE_3_length_758106_cov_53.4799 	1	634092	634168	Arg	TCT	0	0	96.39	77.88	18.51	
NODE_3_length_758106_cov_53.4799 	2	634220	634295	His	GTG	0	0	83.51	64.18	19.33	
NODE_3_length_758106_cov_53.4799 	3	634350	634434	Leu	TAG	0	0	76.62	44.97	31.65	
NODE_3_length_758106_cov_53.4799 	4	634501	634576	His	GTG	0	0	83.51	64.18	19.33	
NODE_3_length_758106_cov_53.4799 	5	645860	645936	Asp	GTC	0	0	95.34	76.86	18.48	
NODE_5_length_434937_cov_52.9258 	1	59102 	59178 	Met	CAT	0	0	85.06	58.55	26.51	
NODE_5_length_434937_cov_52.9258 	2	165329	165401	Leu	GAG	0	0	20.84	19.28	1.56	
NODE_5_length_434937_cov_52.9258 	3	276640	276713	Gly	CCC	0	0	60.35	30.06	30.29	
NODE_5_length_434937_cov_52.9258 	4	75648 	75558 	Ser	GCT	0	0	76.69	47.10	29.59	
NODE_5_length_434937_cov_52.9258 	5	75440 	75364 	Arg	ACG	0	0	83.50	58.05	25.45	
NODE_5_length_434937_cov_52.9258 	6	75252 	75176 	Arg	ACG	0	0	83.50	58.05	25.45	
NODE_5_length_434937_cov_52.9258 	7	6551  	6476  	Lys	TTT	0	0	95.07	71.82	23.25	
NODE_6_length_377743_cov_54.1708 	1	298378	298302	Met	CAT	0	0	92.87	71.40	21.47	
NODE_7_length_330454_cov_53.8468 	1	80129 	80214 	Lys	TTT	0	0	22.00	12.28	9.72	
NODE_7_length_330454_cov_53.8468 	2	98060 	98135 	Thr	CGT	0	0	90.98	74.93	16.05	
NODE_9_length_242247_cov_53.6238 	1	207250	207161	Ser	CGA	0	0	68.31	24.88	43.43	
NODE_11_length_205046_cov_52.6107	1	131173	131248	Val	TAC	0	0	94.49	73.68	20.81	
NODE_11_length_205046_cov_52.6107	2	131265	131341	Asp	GTC	0	0	94.67	75.49	19.18	
NODE_15_length_146102_cov_55.7398	1	58959 	59045 	Leu	CAA	0	0	69.99	38.33	31.66	
NODE_17_length_123604_cov_54.1869	1	66701 	66774 	Arg	ACG	0	0	52.72	27.21	25.51	
NODE_17_length_123604_cov_54.1869	2	22785 	22710 	Asn	GTT	0	0	91.73	62.08	29.65	
NODE_17_length_123604_cov_54.1869	3	22700 	22624 	Pro	TGG	0	0	87.63	64.60	23.03	
NODE_17_length_123604_cov_54.1869	4	22613 	22538 	Lys	TTT	0	0	95.07	71.82	23.25	
NODE_20_length_91692_cov_54.2369 	1	56955 	56879 	Arg	CCG	0	0	90.57	71.58	18.99	
NODE_22_length_88872_cov_52.0401 	1	3121  	3045  	Arg	CCT	0	0	83.71	58.51	25.20	
NODE_24_length_65470_cov_55.1009 	1	64251 	64176 	Trp	CCA	0	0	86.73	63.05	23.68	
NODE_25_length_60941_cov_54.843  	1	49824 	49898 	Gln	TTG	0	0	66.82	40.36	26.46	
NODE_25_length_60941_cov_54.843  	2	53573 	53649 	Met	CAT	0	0	87.19	64.42	22.77	
NODE_35_length_5317_cov_206.171  	1	3489  	3413  	Ile	GAT	0	0	98.83	72.69	26.14	
NODE_35_length_5317_cov_206.171  	2	3384  	3309  	Ala	TGC	0	0	90.68	71.56	19.12	
NODE_37_length_3418_cov_55.5239  	1	521   	437   	Tyr	GTA	0	0	71.07	41.76	29.31	
NODE_37_length_3418_cov_55.5239  	2	410   	337   	Gly	TCC	0	0	82.75	60.87	21.88	
NODE_37_length_3418_cov_55.5239  	3	317   	242   	Thr	GGT	0	0	93.76	67.73	26.03	
