Sequence                         		tRNA  	Bounds	tRNA	Anti	Intron Bounds	Cove	HMM	2'Str	      
Name                             	tRNA #	Begin 	End   	Type	Codon	Begin	End	Score	Score	Score	Note
--------                         	------	----- 	------	----	-----	-----	----	------	-----	-----	------
NODE_1_length_954747_cov_46.1924 	1	592717	592806	Ser	GGA	0	0	71.75	34.38	37.37	
NODE_1_length_954747_cov_46.1924 	2	781459	781535	Pro	CGG	0	0	88.20	60.26	27.94	
NODE_1_length_954747_cov_46.1924 	3	910281	910356	Asn	GTT	0	0	91.73	62.08	29.65	
NODE_1_length_954747_cov_46.1924 	4	901482	901407	Ala	GGC	0	0	86.95	68.86	18.09	
NODE_1_length_954747_cov_46.1924 	5	901358	901283	Glu	TTC	0	0	66.40	38.20	28.20	
NODE_1_length_954747_cov_46.1924 	6	901189	901114	Ala	GGC	0	0	86.95	68.86	18.09	
NODE_1_length_954747_cov_46.1924 	7	901067	900992	Glu	TTC	0	0	66.40	38.20	28.20	
NODE_1_length_954747_cov_46.1924 	8	862085	862010	Val	TAC	0	0	94.49	73.68	20.81	
NODE_1_length_954747_cov_46.1924 	9	861993	861917	Asp	GTC	0	0	94.67	75.49	19.18	
NODE_1_length_954747_cov_46.1924 	10	861802	861726	Asp	GTC	0	0	94.67	75.49	19.18	
NODE_1_length_954747_cov_46.1924 	11	560220	560145	Glu	TTC	0	0	66.40	38.20	28.20	
NODE_1_length_954747_cov_46.1924 	12	560142	560067	Gly	GCC	0	0	93.74	68.41	25.33	
NODE_1_length_954747_cov_46.1924 	13	559982	559907	Gly	GCC	0	0	93.74	68.41	25.33	
NODE_1_length_954747_cov_46.1924 	14	512728	512652	Val	GAC	0	0	93.19	67.81	25.38	
NODE_1_length_954747_cov_46.1924 	15	478585	478509	Pro	GGG	0	0	74.89	48.01	26.88	
NODE_1_length_954747_cov_46.1924 	16	314617	314528	Ser	TGA	0	0	72.99	31.35	41.64	
NODE_1_length_954747_cov_46.1924 	17	240900	240825	Gly	GCC	0	0	93.74	68.41	25.33	
NODE_1_length_954747_cov_46.1924 	18	138002	137929	Cys	GCA	0	0	62.38	45.73	16.65	
NODE_1_length_954747_cov_46.1924 	19	125378	125292	Leu	TAA	0	0	76.64	42.32	34.32	
NODE_2_length_730489_cov_47.7063 	1	485907	485993	Leu	CAA	0	0	69.99	38.33	31.66	
NODE_2_length_730489_cov_47.7063 	2	2017  	1941  	Arg	CCT	0	0	83.71	58.51	25.20	
NODE_3_length_657973_cov_49.7642 	1	70142 	70228 	Leu	CAG	0	0	73.96	38.54	35.42	
NODE_3_length_657973_cov_49.7642 	2	70358 	70444 	Leu	CAG	0	0	73.96	38.54	35.42	
NODE_3_length_657973_cov_49.7642 	3	327531	327606	Phe	GAA	0	0	92.69	68.52	24.17	
NODE_3_length_657973_cov_49.7642 	4	340157	340231	Undet	NNN	0	0	23.83	22.17	1.66	
NODE_3_length_657973_cov_49.7642 	5	351566	351641	Thr	TGT	0	0	93.66	75.64	18.02	
NODE_5_length_413761_cov_49.3677 	1	330450	330374	Met	CAT	0	0	92.87	71.40	21.47	
NODE_5_length_413761_cov_49.3677 	2	1499  	1423  	Arg	CCG	0	0	87.81	66.55	21.26	
NODE_6_length_393111_cov_45.1118 	1	390077	390153	Arg	TCT	0	0	96.39	77.88	18.51	
NODE_6_length_393111_cov_45.1118 	2	390205	390280	His	GTG	0	0	83.51	64.18	19.33	
NODE_6_length_393111_cov_45.1118 	3	390335	390419	Leu	TAG	0	0	76.62	44.97	31.65	
NODE_8_length_387608_cov_46.904  	1	82171 	82247 	Met	CAT	0	0	85.06	58.55	26.51	
NODE_8_length_387608_cov_46.904  	2	188381	188453	Leu	GAG	0	0	20.84	19.28	1.56	
NODE_8_length_387608_cov_46.904  	3	292309	292382	Gly	CCC	0	0	60.35	30.06	30.29	
NODE_8_length_387608_cov_46.904  	4	98716 	98626 	Ser	GCT	0	0	76.69	47.10	29.59	
NODE_8_length_387608_cov_46.904  	5	98508 	98432 	Arg	ACG	0	0	83.50	58.05	25.45	
NODE_8_length_387608_cov_46.904  	6	98320 	98244 	Arg	ACG	0	0	83.50	58.05	25.45	
NODE_8_length_387608_cov_46.904  	7	29622 	29547 	Lys	TTT	0	0	95.07	71.82	23.25	
NODE_8_length_387608_cov_46.904  	8	2080  	1991  	Ser	CGA	0	0	68.31	24.88	43.43	
NODE_11_length_236061_cov_46.9151	1	122990	123063	Arg	ACG	0	0	52.72	27.21	25.51	
NODE_11_length_236061_cov_46.9151	2	229219	229293	Gln	TTG	0	0	66.82	40.36	26.46	
NODE_11_length_236061_cov_46.9151	3	232969	233045	Met	CAT	0	0	87.19	64.42	22.77	
NODE_11_length_236061_cov_46.9151	4	79074 	78999 	Asn	GTT	0	0	91.73	62.08	29.65	
NODE_11_length_236061_cov_46.9151	5	78989 	78913 	Pro	TGG	0	0	87.63	64.60	23.03	
NODE_11_length_236061_cov_46.9151	6	78902 	78827 	Lys	TTT	0	0	95.07	71.82	23.25	
NODE_12_length_205119_cov_47.1842	1	131260	131335	Val	TAC	0	0	94.49	73.68	20.81	
NODE_12_length_205119_cov_47.1842	2	131352	131428	Asp	GTC	0	0	94.67	75.49	19.18	
NODE_13_length_192053_cov_47.1513	1	157113	157038	Thr	CGT	0	0	90.98	74.93	16.05	
NODE_14_length_184291_cov_49.0512	1	116776	116685	SeC	TCA	0	0	55.75	-18.51	74.26	
NODE_14_length_184291_cov_49.0512	2	62835 	62750 	Leu	GAG	0	0	68.53	39.16	29.37	
NODE_14_length_184291_cov_49.0512	3	62659 	62583 	Met	CAT	0	0	85.85	60.06	25.79	
NODE_16_length_169673_cov_44.314 	1	17243 	17318 	Met	CAT	0	0	60.05	34.98	25.07	
NODE_16_length_169673_cov_44.314 	2	17620 	17695 	Gly	TCC	0	0	81.23	54.80	26.43	
NODE_16_length_169673_cov_44.314 	3	17708 	17782 	Asn	GTT	0	0	76.95	53.18	23.77	
NODE_16_length_169673_cov_44.314 	4	17787 	17862 	Thr	TGT	0	0	74.27	61.42	12.85	
NODE_16_length_169673_cov_44.314 	5	44802 	44877 	His	GTG	0	0	83.51	64.18	19.33	
NODE_16_length_169673_cov_44.314 	6	56167 	56243 	Asp	GTC	0	0	95.34	76.86	18.48	
NODE_20_length_81680_cov_47.5149 	1	80461 	80386 	Trp	CCA	0	0	86.73	63.05	23.68	
NODE_30_length_5551_cov_169.84   	1	3581  	3505  	Ile	GAT	0	0	98.83	72.69	26.14	
NODE_30_length_5551_cov_169.84   	2	3476  	3401  	Ala	TGC	0	0	90.68	71.56	19.12	
NODE_34_length_3327_cov_42.7269  	1	521   	437   	Tyr	GTA	0	0	71.07	41.76	29.31	
NODE_34_length_3327_cov_42.7269  	2	410   	337   	Gly	TCC	0	0	82.75	60.87	21.88	
NODE_34_length_3327_cov_42.7269  	3	317   	242   	Thr	GGT	0	0	93.76	67.73	26.03	
