Sequence                         		tRNA  	Bounds	tRNA	Anti	Intron Bounds	Cove	HMM	2'Str	      
Name                             	tRNA #	Begin 	End   	Type	Codon	Begin	End	Score	Score	Score	Note
--------                         	------	----- 	------	----	-----	-----	----	------	-----	-----	------
NODE_1_length_803180_cov_73.5648 	1	695991	696067	Met	CAT	0	0	85.06	58.55	26.51	
NODE_1_length_803180_cov_73.5648 	2	802301	802373	Leu	GAG	0	0	20.84	19.28	1.56	
NODE_1_length_803180_cov_73.5648 	3	712541	712451	Ser	GCT	0	0	76.69	47.10	29.59	
NODE_1_length_803180_cov_73.5648 	4	712334	712258	Arg	ACG	0	0	83.50	58.05	25.45	
NODE_1_length_803180_cov_73.5648 	5	712146	712070	Arg	ACG	0	0	83.50	58.05	25.45	
NODE_1_length_803180_cov_73.5648 	6	643420	643345	Lys	TTT	0	0	95.07	71.82	23.25	
NODE_1_length_803180_cov_73.5648 	7	594616	594527	Ser	CGA	0	0	68.31	24.88	43.43	
NODE_2_length_747107_cov_72.4749 	1	51393 	51468 	Ala	GGC	0	0	86.95	68.86	18.09	
NODE_2_length_747107_cov_72.4749 	2	51517 	51592 	Glu	TTC	0	0	66.40	38.20	28.20	
NODE_2_length_747107_cov_72.4749 	3	51686 	51761 	Ala	GGC	0	0	86.95	68.86	18.09	
NODE_2_length_747107_cov_72.4749 	4	51808 	51883 	Glu	TTC	0	0	66.40	38.20	28.20	
NODE_2_length_747107_cov_72.4749 	5	90800 	90875 	Val	TAC	0	0	94.49	73.68	20.81	
NODE_2_length_747107_cov_72.4749 	6	90892 	90968 	Asp	GTC	0	0	94.67	75.49	19.18	
NODE_2_length_747107_cov_72.4749 	7	91083 	91159 	Asp	GTC	0	0	94.67	75.49	19.18	
NODE_2_length_747107_cov_72.4749 	8	393750	393825	Glu	TTC	0	0	66.40	38.20	28.20	
NODE_2_length_747107_cov_72.4749 	9	393828	393903	Gly	GCC	0	0	93.74	68.41	25.33	
NODE_2_length_747107_cov_72.4749 	10	393988	394063	Gly	GCC	0	0	93.74	68.41	25.33	
NODE_2_length_747107_cov_72.4749 	11	481496	481572	Val	GAC	0	0	93.19	67.81	25.38	
NODE_2_length_747107_cov_72.4749 	12	515637	515713	Pro	GGG	0	0	74.89	48.01	26.88	
NODE_2_length_747107_cov_72.4749 	13	663394	663483	Ser	TGA	0	0	72.70	38.95	33.75	
NODE_2_length_747107_cov_72.4749 	14	687771	687846	Gly	GCC	0	0	93.74	68.41	25.33	
NODE_2_length_747107_cov_72.4749 	15	694163	694236	Cys	GCA	0	0	62.38	45.73	16.65	
NODE_2_length_747107_cov_72.4749 	16	361253	361164	Ser	GGA	0	0	71.75	34.38	37.37	
NODE_2_length_747107_cov_72.4749 	17	172446	172370	Pro	CGG	0	0	88.20	60.26	27.94	
NODE_2_length_747107_cov_72.4749 	18	42594 	42519 	Asn	GTT	0	0	91.73	62.08	29.65	
NODE_3_length_463366_cov_76.2787 	1	277994	278080	Leu	CAG	0	0	73.96	38.54	35.42	
NODE_3_length_463366_cov_76.2787 	2	278210	278296	Leu	CAG	0	0	73.96	38.54	35.42	
NODE_3_length_463366_cov_76.2787 	3	117070	116979	SeC	TCA	0	0	55.75	-18.51	74.26	
NODE_3_length_463366_cov_76.2787 	4	62861 	62776 	Leu	GAG	0	0	68.53	39.16	29.37	
NODE_3_length_463366_cov_76.2787 	5	62685 	62609 	Met	CAT	0	0	85.85	60.06	25.79	
NODE_4_length_424978_cov_75.6838 	1	224319	224233	Leu	CAA	0	0	69.99	38.33	31.66	
NODE_5_length_415398_cov_77.0019 	1	337891	337815	Met	CAT	0	0	92.87	71.40	21.47	
NODE_5_length_415398_cov_77.0019 	2	10415 	10339 	Arg	CCG	0	0	90.57	71.58	18.99	
NODE_6_length_315792_cov_79.5434 	1	61796 	61871 	Arg	CCG	0	0	22.41	20.96	1.45	
NODE_7_length_311215_cov_73.9939 	1	17543 	17618 	Asn	GTT	0	0	91.73	62.08	29.65	
NODE_7_length_311215_cov_73.9939 	2	17628 	17704 	Pro	TGG	0	0	87.63	64.60	23.03	
NODE_7_length_311215_cov_73.9939 	3	17715 	17790 	Lys	TTT	0	0	95.07	71.82	23.25	
NODE_7_length_311215_cov_73.9939 	4	35705 	35780 	Thr	CGT	0	0	90.98	74.93	16.05	
NODE_9_length_243375_cov_76.6539 	1	72555 	72630 	Phe	GAA	0	0	92.69	68.52	24.17	
NODE_9_length_243375_cov_76.6539 	2	83959 	84034 	Thr	TGT	0	0	95.98	77.96	18.02	
NODE_10_length_235028_cov_71.8086	1	144649	144725	Arg	TCT	0	0	96.39	77.88	18.51	
NODE_10_length_235028_cov_71.8086	2	144777	144852	His	GTG	0	0	83.51	64.18	19.33	
NODE_10_length_235028_cov_71.8086	3	144907	144991	Leu	TAG	0	0	76.62	44.97	31.65	
NODE_10_length_235028_cov_71.8086	4	145058	145133	His	GTG	0	0	83.51	64.18	19.33	
NODE_10_length_235028_cov_71.8086	5	156411	156487	Asp	GTC	0	0	95.34	76.86	18.48	
NODE_11_length_214062_cov_73.7202	1	119036	119110	Arg	CCT	0	0	69.71	45.21	24.50	
NODE_14_length_185463_cov_74.882 	1	127677	127750	Gly	CCC	0	0	54.49	29.93	24.56	
NODE_16_length_156259_cov_74.7006	1	26627 	26700 	Arg	ACG	0	0	52.72	27.21	25.51	
NODE_16_length_156259_cov_74.7006	2	134020	134094	Gln	TTG	0	0	66.82	40.36	26.46	
NODE_16_length_156259_cov_74.7006	3	137768	137844	Met	CAT	0	0	87.19	64.42	22.77	
NODE_19_length_114736_cov_72.6169	1	78740 	78665 	Val	TAC	0	0	94.49	73.68	20.81	
NODE_19_length_114736_cov_72.6169	2	78648 	78572 	Asp	GTC	0	0	94.67	75.49	19.18	
NODE_28_length_65467_cov_76.0375 	1	64248 	64173 	Trp	CCA	0	0	86.73	63.05	23.68	
NODE_29_length_64752_cov_75.797  	1	50470 	50395 	Gly	TCC	0	0	82.79	56.37	26.42	
NODE_29_length_64752_cov_75.797  	2	50382 	50308 	Asn	GTT	0	0	77.66	51.70	25.96	
NODE_29_length_64752_cov_75.797  	3	50303 	50228 	Thr	TGT	0	0	74.27	61.42	12.85	
NODE_43_length_5519_cov_213.292  	1	1954  	2030  	Ile	GAT	0	0	98.83	72.69	26.14	
NODE_43_length_5519_cov_213.292  	2	2059  	2134  	Ala	TGC	0	0	90.68	71.56	19.12	
NODE_48_length_3342_cov_63.3621  	1	521   	437   	Tyr	GTA	0	0	71.07	41.76	29.31	
NODE_48_length_3342_cov_63.3621  	2	410   	337   	Gly	TCC	0	0	82.75	60.87	21.88	
NODE_48_length_3342_cov_63.3621  	3	317   	242   	Thr	GGT	0	0	93.76	67.73	26.03	
NODE_50_length_2880_cov_145.823  	1	633   	707   	Asn	GTT	0	0	61.33	49.24	12.09	
NODE_50_length_2880_cov_145.823  	2	712   	787   	Thr	TGT	0	0	74.27	61.42	12.85	
