Sequence                         		tRNA  	Bounds	tRNA	Anti	Intron Bounds	Cove	HMM	2'Str	      
Name                             	tRNA #	Begin 	End   	Type	Codon	Begin	End	Score	Score	Score	Note
--------                         	------	----- 	------	----	-----	-----	----	------	-----	-----	------
NODE_1_length_902529_cov_56.8272 	1	18809 	18884 	Ala	GGC	0	0	86.95	68.86	18.09	
NODE_1_length_902529_cov_56.8272 	2	18933 	19008 	Glu	TTC	0	0	66.40	38.20	28.20	
NODE_1_length_902529_cov_56.8272 	3	19102 	19177 	Ala	GGC	0	0	86.95	68.86	18.09	
NODE_1_length_902529_cov_56.8272 	4	19224 	19299 	Glu	TTC	0	0	66.40	38.20	28.20	
NODE_1_length_902529_cov_56.8272 	5	58206 	58281 	Val	TAC	0	0	94.49	73.68	20.81	
NODE_1_length_902529_cov_56.8272 	6	58298 	58374 	Asp	GTC	0	0	94.67	75.49	19.18	
NODE_1_length_902529_cov_56.8272 	7	58489 	58565 	Asp	GTC	0	0	94.67	75.49	19.18	
NODE_1_length_902529_cov_56.8272 	8	360066	360141	Glu	TTC	0	0	66.40	38.20	28.20	
NODE_1_length_902529_cov_56.8272 	9	360144	360219	Gly	GCC	0	0	93.74	68.41	25.33	
NODE_1_length_902529_cov_56.8272 	10	407398	407474	Val	GAC	0	0	93.19	67.81	25.38	
NODE_1_length_902529_cov_56.8272 	11	441541	441617	Pro	GGG	0	0	74.89	48.01	26.88	
NODE_1_length_902529_cov_56.8272 	12	637252	637341	Ser	TGA	0	0	72.70	38.95	33.75	
NODE_1_length_902529_cov_56.8272 	13	661629	661704	Gly	GCC	0	0	93.74	68.41	25.33	
NODE_1_length_902529_cov_56.8272 	14	764528	764601	Cys	GCA	0	0	62.38	45.73	16.65	
NODE_1_length_902529_cov_56.8272 	15	777152	777238	Leu	TAA	0	0	76.64	42.32	34.32	
NODE_1_length_902529_cov_56.8272 	16	327569	327480	Ser	GGA	0	0	71.75	34.38	37.37	
NODE_1_length_902529_cov_56.8272 	17	138832	138756	Pro	CGG	0	0	88.20	60.26	27.94	
NODE_1_length_902529_cov_56.8272 	18	10010 	9935  	Asn	GTT	0	0	91.73	62.08	29.65	
NODE_2_length_781510_cov_62.0507 	1	270356	270442	Leu	CAG	0	0	73.96	38.54	35.42	
NODE_2_length_781510_cov_62.0507 	2	270572	270658	Leu	CAG	0	0	73.96	38.54	35.42	
NODE_2_length_781510_cov_62.0507 	3	527741	527816	Phe	GAA	0	0	92.69	68.52	24.17	
NODE_2_length_781510_cov_62.0507 	4	540367	540441	Undet	NNN	0	0	23.83	22.17	1.66	
NODE_2_length_781510_cov_62.0507 	5	551776	551851	Thr	TGT	0	0	93.66	75.64	18.02	
NODE_2_length_781510_cov_62.0507 	6	116683	116592	SeC	TCA	0	0	55.75	-18.51	74.26	
NODE_2_length_781510_cov_62.0507 	7	62742 	62657 	Leu	GAG	0	0	68.53	39.16	29.37	
NODE_2_length_781510_cov_62.0507 	8	62566 	62490 	Met	CAT	0	0	85.85	60.06	25.79	
NODE_3_length_569861_cov_56.0336 	1	390183	390259	Arg	TCT	0	0	96.39	77.88	18.51	
NODE_3_length_569861_cov_56.0336 	2	390311	390386	His	GTG	0	0	83.51	64.18	19.33	
NODE_3_length_569861_cov_56.0336 	3	390441	390525	Leu	TAG	0	0	76.62	44.97	31.65	
NODE_3_length_569861_cov_56.0336 	4	417430	417505	Met	CAT	0	0	60.05	34.98	25.07	
NODE_3_length_569861_cov_56.0336 	5	417807	417882	Gly	TCC	0	0	81.23	54.80	26.43	
NODE_3_length_569861_cov_56.0336 	6	417895	417969	Asn	GTT	0	0	76.95	53.18	23.77	
NODE_3_length_569861_cov_56.0336 	7	417974	418049	Thr	TGT	0	0	74.27	61.42	12.85	
NODE_3_length_569861_cov_56.0336 	8	444989	445064	His	GTG	0	0	83.51	64.18	19.33	
NODE_3_length_569861_cov_56.0336 	9	456355	456431	Asp	GTC	0	0	95.34	76.86	18.48	
NODE_4_length_529674_cov_57.2996 	1	496232	496318	Leu	CAA	0	0	69.99	38.33	31.66	
NODE_4_length_529674_cov_57.2996 	2	2017  	1941  	Arg	CCT	0	0	83.71	58.51	25.20	
NODE_5_length_498114_cov_58.1579 	1	267748	267838	Ser	GCT	0	0	76.69	47.10	29.59	
NODE_5_length_498114_cov_58.1579 	2	267956	268032	Arg	ACG	0	0	83.50	58.05	25.45	
NODE_5_length_498114_cov_58.1579 	3	268144	268220	Arg	ACG	0	0	83.50	58.05	25.45	
NODE_5_length_498114_cov_58.1579 	4	336843	336918	Lys	TTT	0	0	95.07	71.82	23.25	
NODE_5_length_498114_cov_58.1579 	5	364385	364474	Ser	CGA	0	0	68.31	24.88	43.43	
NODE_5_length_498114_cov_58.1579 	6	284293	284217	Met	CAT	0	0	85.06	58.55	26.51	
NODE_5_length_498114_cov_58.1579 	7	178083	178011	Leu	GAG	0	0	20.84	19.28	1.56	
NODE_5_length_498114_cov_58.1579 	8	74155 	74082 	Gly	CCC	0	0	60.35	30.06	30.29	
NODE_6_length_376867_cov_62.5256 	1	293648	293572	Met	CAT	0	0	92.87	71.40	21.47	
NODE_9_length_237862_cov_58.9707 	1	109393	109466	Arg	ACG	0	0	52.72	27.21	25.51	
NODE_9_length_237862_cov_58.9707 	2	215622	215696	Gln	TTG	0	0	66.82	40.36	26.46	
NODE_9_length_237862_cov_58.9707 	3	219372	219448	Met	CAT	0	0	87.19	64.42	22.77	
NODE_9_length_237862_cov_58.9707 	4	65477 	65402 	Asn	GTT	0	0	91.73	62.08	29.65	
NODE_9_length_237862_cov_58.9707 	5	65392 	65316 	Pro	TGG	0	0	87.63	64.60	23.03	
NODE_9_length_237862_cov_58.9707 	6	65305 	65230 	Lys	TTT	0	0	95.07	71.82	23.25	
NODE_13_length_205119_cov_56.9613	1	131260	131335	Val	TAC	0	0	94.49	73.68	20.81	
NODE_13_length_205119_cov_56.9613	2	131352	131428	Asp	GTC	0	0	94.67	75.49	19.18	
NODE_20_length_81531_cov_57.9688 	1	80312 	80237 	Trp	CCA	0	0	86.73	63.05	23.68	
NODE_21_length_77791_cov_58.3809 	1	43057 	42981 	Arg	CCG	0	0	90.57	71.58	18.99	
NODE_31_length_31235_cov_56.3353 	1	29593 	29668 	Thr	CGT	0	0	90.98	74.93	16.05	
NODE_41_length_5644_cov_194.93   	1	3581  	3505  	Ile	GAT	0	0	98.83	72.69	26.14	
NODE_41_length_5644_cov_194.93   	2	3476  	3401  	Ala	TGC	0	0	90.68	71.56	19.12	
NODE_46_length_3327_cov_51.79    	1	521   	437   	Tyr	GTA	0	0	71.07	41.76	29.31	
NODE_46_length_3327_cov_51.79    	2	410   	337   	Gly	TCC	0	0	82.75	60.87	21.88	
NODE_46_length_3327_cov_51.79    	3	317   	242   	Thr	GGT	0	0	93.76	67.73	26.03	
