Sequence                         		tRNA  	Bounds	tRNA	Anti	Intron Bounds	Cove	HMM	2'Str	      
Name                             	tRNA #	Begin 	End   	Type	Codon	Begin	End	Score	Score	Score	Note
--------                         	------	----- 	------	----	-----	-----	----	------	-----	-----	------
NODE_1_length_942112_cov_64.8183 	1	580159	580248	Ser	GGA	0	0	71.75	34.38	37.37	
NODE_1_length_942112_cov_64.8183 	2	768928	769004	Pro	CGG	0	0	88.20	60.26	27.94	
NODE_1_length_942112_cov_64.8183 	3	897730	897805	Asn	GTT	0	0	91.73	62.08	29.65	
NODE_1_length_942112_cov_64.8183 	4	888931	888856	Ala	GGC	0	0	86.95	68.86	18.09	
NODE_1_length_942112_cov_64.8183 	5	888807	888732	Glu	TTC	0	0	66.40	38.20	28.20	
NODE_1_length_942112_cov_64.8183 	6	888638	888563	Ala	GGC	0	0	86.95	68.86	18.09	
NODE_1_length_942112_cov_64.8183 	7	888516	888441	Glu	TTC	0	0	66.40	38.20	28.20	
NODE_1_length_942112_cov_64.8183 	8	849534	849459	Val	TAC	0	0	94.49	73.68	20.81	
NODE_1_length_942112_cov_64.8183 	9	849442	849366	Asp	GTC	0	0	94.67	75.49	19.18	
NODE_1_length_942112_cov_64.8183 	10	849251	849175	Asp	GTC	0	0	94.67	75.49	19.18	
NODE_1_length_942112_cov_64.8183 	11	547662	547587	Glu	TTC	0	0	66.40	38.20	28.20	
NODE_1_length_942112_cov_64.8183 	12	547584	547509	Gly	GCC	0	0	93.74	68.41	25.33	
NODE_1_length_942112_cov_64.8183 	13	547424	547349	Gly	GCC	0	0	93.74	68.41	25.33	
NODE_1_length_942112_cov_64.8183 	14	442701	442625	Val	GAC	0	0	93.19	67.81	25.38	
NODE_1_length_942112_cov_64.8183 	15	408560	408484	Pro	GGG	0	0	74.89	48.01	26.88	
NODE_1_length_942112_cov_64.8183 	16	253353	253264	Ser	TGA	0	0	72.70	38.95	33.75	
NODE_1_length_942112_cov_64.8183 	17	197229	197154	Gly	GCC	0	0	93.74	68.41	25.33	
NODE_1_length_942112_cov_64.8183 	18	159230	159157	Cys	GCA	0	0	62.38	45.73	16.65	
NODE_1_length_942112_cov_64.8183 	19	146606	146520	Leu	TAA	0	0	76.64	42.32	34.32	
NODE_2_length_828129_cov_66.0841 	1	546296	546372	Met	CAT	0	0	85.06	58.55	26.51	
NODE_2_length_828129_cov_66.0841 	2	652506	652578	Leu	GAG	0	0	20.84	19.28	1.56	
NODE_2_length_828129_cov_66.0841 	3	769242	769315	Gly	CCC	0	0	60.35	30.06	30.29	
NODE_2_length_828129_cov_66.0841 	4	562840	562750	Ser	GCT	0	0	76.69	47.10	29.59	
NODE_2_length_828129_cov_66.0841 	5	562632	562556	Arg	ACG	0	0	83.50	58.05	25.45	
NODE_2_length_828129_cov_66.0841 	6	562444	562368	Arg	ACG	0	0	83.50	58.05	25.45	
NODE_2_length_828129_cov_66.0841 	7	493744	493669	Lys	TTT	0	0	95.07	71.82	23.25	
NODE_2_length_828129_cov_66.0841 	8	466203	466114	Ser	CGA	0	0	68.31	24.88	43.43	
NODE_3_length_772207_cov_67.7233 	1	655346	655437	SeC	TCA	0	0	55.75	-18.51	74.26	
NODE_3_length_772207_cov_67.7233 	2	709346	709431	Leu	GAG	0	0	68.53	39.16	29.37	
NODE_3_length_772207_cov_67.7233 	3	709522	709598	Met	CAT	0	0	85.85	60.06	25.79	
NODE_3_length_772207_cov_67.7233 	4	501769	501683	Leu	CAG	0	0	73.96	38.54	35.42	
NODE_3_length_772207_cov_67.7233 	5	501553	501467	Leu	CAG	0	0	73.96	38.54	35.42	
NODE_3_length_772207_cov_67.7233 	6	242492	242417	Phe	GAA	0	0	92.69	68.52	24.17	
NODE_3_length_772207_cov_67.7233 	7	231082	231007	Thr	TGT	0	0	93.66	75.64	18.02	
NODE_4_length_718783_cov_65.9668 	1	515489	515565	Arg	CCT	0	0	83.71	58.51	25.20	
NODE_4_length_718783_cov_65.9668 	2	644675	644750	Val	TAC	0	0	94.49	73.68	20.81	
NODE_4_length_718783_cov_65.9668 	3	644767	644843	Asp	GTC	0	0	94.67	75.49	19.18	
NODE_4_length_718783_cov_65.9668 	4	31641 	31555 	Leu	CAA	0	0	69.99	38.33	31.66	
NODE_5_length_482498_cov_65.0228 	1	389967	390043	Arg	TCT	0	0	96.39	77.88	18.51	
NODE_5_length_482498_cov_65.0228 	2	390095	390170	His	GTG	0	0	83.51	64.18	19.33	
NODE_5_length_482498_cov_65.0228 	3	390225	390309	Leu	TAG	0	0	73.51	45.73	27.78	
NODE_5_length_482498_cov_65.0228 	4	390376	390451	His	GTG	0	0	83.51	64.18	19.33	
NODE_5_length_482498_cov_65.0228 	5	401742	401818	Asp	GTC	0	0	95.34	76.86	18.48	
NODE_6_length_371903_cov_68.9645 	1	294328	294252	Met	CAT	0	0	92.87	71.40	21.47	
NODE_7_length_285014_cov_67.2798 	1	141871	141944	Arg	ACG	0	0	52.72	27.21	25.51	
NODE_7_length_285014_cov_67.2798 	2	249318	249392	Gln	TTG	0	0	66.82	40.36	26.46	
NODE_7_length_285014_cov_67.2798 	3	253066	253142	Met	CAT	0	0	87.19	64.42	22.77	
NODE_7_length_285014_cov_67.2798 	4	97955 	97880 	Asn	GTT	0	0	91.73	62.08	29.65	
NODE_7_length_285014_cov_67.2798 	5	97870 	97794 	Pro	TGG	0	0	87.63	64.60	23.03	
NODE_7_length_285014_cov_67.2798 	6	97783 	97708 	Lys	TTT	0	0	95.07	71.82	23.25	
NODE_17_length_65516_cov_69.4263 	1	64297 	64222 	Trp	CCA	0	0	86.73	63.05	23.68	
NODE_22_length_36127_cov_68.2732 	1	34635 	34711 	Arg	CCG	0	0	87.81	66.55	21.26	
NODE_24_length_5543_cov_208.781  	1	3590  	3514  	Ile	GAT	0	0	98.83	72.69	26.14	
NODE_24_length_5543_cov_208.781  	2	3485  	3410  	Ala	TGC	0	0	90.68	71.56	19.12	
NODE_26_length_3319_cov_54.5648  	1	521   	437   	Tyr	GTA	0	0	71.07	41.76	29.31	
NODE_26_length_3319_cov_54.5648  	2	410   	337   	Gly	TCC	0	0	82.75	60.87	21.88	
NODE_26_length_3319_cov_54.5648  	3	317   	242   	Thr	GGT	0	0	93.76	67.73	26.03	
