Sequence                         		tRNA  	Bounds	tRNA	Anti	Intron Bounds	Cove	HMM	2'Str	      
Name                             	tRNA #	Begin 	End   	Type	Codon	Begin	End	Score	Score	Score	Note
--------                         	------	----- 	------	----	-----	-----	----	------	-----	-----	------
NODE_1_length_986581_cov_53.2341 	1	53189 	53264 	Ala	GGC	0	0	86.95	68.86	18.09	
NODE_1_length_986581_cov_53.2341 	2	53313 	53388 	Glu	TTC	0	0	66.40	38.20	28.20	
NODE_1_length_986581_cov_53.2341 	3	53482 	53557 	Ala	GGC	0	0	86.95	68.86	18.09	
NODE_1_length_986581_cov_53.2341 	4	53604 	53679 	Glu	TTC	0	0	66.40	38.20	28.20	
NODE_1_length_986581_cov_53.2341 	5	92586 	92661 	Val	TAC	0	0	94.49	73.68	20.81	
NODE_1_length_986581_cov_53.2341 	6	92678 	92754 	Asp	GTC	0	0	94.67	75.49	19.18	
NODE_1_length_986581_cov_53.2341 	7	92869 	92945 	Asp	GTC	0	0	94.67	75.49	19.18	
NODE_1_length_986581_cov_53.2341 	8	394451	394526	Glu	TTC	0	0	66.40	38.20	28.20	
NODE_1_length_986581_cov_53.2341 	9	394529	394604	Gly	GCC	0	0	93.74	68.41	25.33	
NODE_1_length_986581_cov_53.2341 	10	394689	394764	Gly	GCC	0	0	93.74	68.41	25.33	
NODE_1_length_986581_cov_53.2341 	11	441943	442019	Val	GAC	0	0	93.19	67.81	25.38	
NODE_1_length_986581_cov_53.2341 	12	476086	476162	Pro	GGG	0	0	74.89	48.01	26.88	
NODE_1_length_986581_cov_53.2341 	13	671765	671854	Ser	TGA	0	0	72.99	31.35	41.64	
NODE_1_length_986581_cov_53.2341 	14	745681	745756	Gly	GCC	0	0	93.74	68.41	25.33	
NODE_1_length_986581_cov_53.2341 	15	848580	848653	Cys	GCA	0	0	62.38	45.73	16.65	
NODE_1_length_986581_cov_53.2341 	16	861204	861290	Leu	TAA	0	0	76.64	42.32	34.32	
NODE_1_length_986581_cov_53.2341 	17	361954	361865	Ser	GGA	0	0	71.75	34.38	37.37	
NODE_1_length_986581_cov_53.2341 	18	173212	173136	Pro	CGG	0	0	88.20	60.26	27.94	
NODE_1_length_986581_cov_53.2341 	19	44390 	44315 	Asn	GTT	0	0	91.73	62.08	29.65	
NODE_2_length_953778_cov_55.0781 	1	596832	596908	Met	CAT	0	0	85.06	58.55	26.51	
NODE_2_length_953778_cov_55.0781 	2	703042	703114	Leu	GAG	0	0	20.84	19.28	1.56	
NODE_2_length_953778_cov_55.0781 	3	806970	807043	Gly	CCC	0	0	60.35	30.06	30.29	
NODE_2_length_953778_cov_55.0781 	4	613377	613287	Ser	GCT	0	0	76.69	47.10	29.59	
NODE_2_length_953778_cov_55.0781 	5	613169	613093	Arg	ACG	0	0	83.50	58.05	25.45	
NODE_2_length_953778_cov_55.0781 	6	612981	612905	Arg	ACG	0	0	83.50	58.05	25.45	
NODE_2_length_953778_cov_55.0781 	7	544286	544211	Lys	TTT	0	0	95.07	71.82	23.25	
NODE_2_length_953778_cov_55.0781 	8	516744	516655	Ser	CGA	0	0	68.31	24.88	43.43	
NODE_3_length_720474_cov_65.322  	1	270443	270529	Leu	CAG	0	0	73.96	38.54	35.42	
NODE_3_length_720474_cov_65.322  	2	270659	270745	Leu	CAG	0	0	73.96	38.54	35.42	
NODE_3_length_720474_cov_65.322  	3	573406	573481	Phe	GAA	0	0	92.69	68.52	24.17	
NODE_3_length_720474_cov_65.322  	4	586032	586106	Undet	NNN	0	0	23.83	22.17	1.66	
NODE_3_length_720474_cov_65.322  	5	597441	597516	Thr	TGT	0	0	93.66	75.64	18.02	
NODE_3_length_720474_cov_65.322  	6	116770	116679	SeC	TCA	0	0	55.75	-18.51	74.26	
NODE_3_length_720474_cov_65.322  	7	62829 	62744 	Leu	GAG	0	0	68.53	39.16	29.37	
NODE_3_length_720474_cov_65.322  	8	62653 	62577 	Met	CAT	0	0	85.85	60.06	25.79	
NODE_4_length_705941_cov_58.0555 	1	486006	486092	Leu	CAA	0	0	69.99	38.33	31.66	
NODE_4_length_705941_cov_58.0555 	2	2017  	1941  	Arg	CCT	0	0	83.71	58.51	25.20	
NODE_5_length_532359_cov_50.2536 	1	352681	352757	Arg	TCT	0	0	96.39	77.88	18.51	
NODE_5_length_532359_cov_50.2536 	2	352809	352884	His	GTG	0	0	83.51	64.18	19.33	
NODE_5_length_532359_cov_50.2536 	3	352939	353023	Leu	TAG	0	0	76.62	44.97	31.65	
NODE_5_length_532359_cov_50.2536 	4	379928	380003	Met	CAT	0	0	60.05	34.98	25.07	
NODE_5_length_532359_cov_50.2536 	5	380305	380380	Gly	TCC	0	0	81.23	54.80	26.43	
NODE_5_length_532359_cov_50.2536 	6	380393	380467	Asn	GTT	0	0	76.95	53.18	23.77	
NODE_5_length_532359_cov_50.2536 	7	380472	380547	Thr	TGT	0	0	74.27	61.42	12.85	
NODE_5_length_532359_cov_50.2536 	8	407487	407562	His	GTG	0	0	83.51	64.18	19.33	
NODE_5_length_532359_cov_50.2536 	9	418853	418929	Asp	GTC	0	0	95.34	76.86	18.48	
NODE_6_length_374108_cov_61.6328 	1	293643	293567	Met	CAT	0	0	92.87	71.40	21.47	
NODE_7_length_310262_cov_57.6548 	1	34845 	34920 	Thr	CGT	0	0	90.98	74.93	16.05	
NODE_8_length_292980_cov_58.3482 	1	216372	216447	Asn	GTT	0	0	91.73	62.08	29.65	
NODE_8_length_292980_cov_58.3482 	2	216457	216533	Pro	TGG	0	0	87.63	64.60	23.03	
NODE_8_length_292980_cov_58.3482 	3	216544	216619	Lys	TTT	0	0	95.07	71.82	23.25	
NODE_8_length_292980_cov_58.3482 	4	172456	172383	Arg	ACG	0	0	52.72	27.21	25.51	
NODE_8_length_292980_cov_58.3482 	5	66230 	66156 	Gln	TTG	0	0	66.82	40.36	26.46	
NODE_8_length_292980_cov_58.3482 	6	30120 	30044 	Met	CAT	0	0	87.19	64.42	22.77	
NODE_12_length_205119_cov_56.162 	1	131260	131335	Val	TAC	0	0	94.49	73.68	20.81	
NODE_12_length_205119_cov_56.162 	2	131352	131428	Asp	GTC	0	0	94.67	75.49	19.18	
NODE_18_length_81531_cov_57.1323 	1	80312 	80237 	Trp	CCA	0	0	86.73	63.05	23.68	
NODE_19_length_78558_cov_58.5456 	1	43824 	43748 	Arg	CCG	0	0	90.57	71.58	18.99	
NODE_32_length_5550_cov_190.604  	1	3580  	3504  	Ile	GAT	0	0	98.83	72.69	26.14	
NODE_32_length_5550_cov_190.604  	2	3475  	3400  	Ala	TGC	0	0	90.68	71.56	19.12	
NODE_34_length_3327_cov_48.1322  	1	521   	437   	Tyr	GTA	0	0	71.07	41.76	29.31	
NODE_34_length_3327_cov_48.1322  	2	410   	337   	Gly	TCC	0	0	82.75	60.87	21.88	
NODE_34_length_3327_cov_48.1322  	3	317   	242   	Thr	GGT	0	0	93.76	67.73	26.03	
