Sequence                         		tRNA  	Bounds	tRNA	Anti	Intron Bounds	Cove	HMM	2'Str	      
Name                             	tRNA #	Begin 	End   	Type	Codon	Begin	End	Score	Score	Score	Note
--------                         	------	----- 	------	----	-----	-----	----	------	-----	-----	------
NODE_1_length_768888_cov_52.6152 	1	651813	651904	SeC	TCA	0	0	55.75	-18.51	74.26	
NODE_1_length_768888_cov_52.6152 	2	706037	706122	Leu	GAG	0	0	68.53	39.16	29.37	
NODE_1_length_768888_cov_52.6152 	3	706213	706289	Met	CAT	0	0	85.85	60.06	25.79	
NODE_1_length_768888_cov_52.6152 	4	498154	498068	Leu	CAG	0	0	73.96	38.54	35.42	
NODE_1_length_768888_cov_52.6152 	5	497938	497852	Leu	CAG	0	0	73.96	38.54	35.42	
NODE_1_length_768888_cov_52.6152 	6	241211	241136	Phe	GAA	0	0	92.69	68.52	24.17	
NODE_1_length_768888_cov_52.6152 	7	229801	229726	Thr	TGT	0	0	93.66	75.64	18.02	
NODE_2_length_735723_cov_51.5765 	1	100747	100837	Ser	GCT	0	0	76.69	47.10	29.59	
NODE_2_length_735723_cov_51.5765 	2	100955	101031	Arg	ACG	0	0	83.50	58.05	25.45	
NODE_2_length_735723_cov_51.5765 	3	101143	101219	Arg	ACG	0	0	83.50	58.05	25.45	
NODE_2_length_735723_cov_51.5765 	4	169842	169917	Lys	TTT	0	0	95.07	71.82	23.25	
NODE_2_length_735723_cov_51.5765 	5	197386	197475	Ser	CGA	0	0	68.31	24.88	43.43	
NODE_2_length_735723_cov_51.5765 	6	117290	117214	Met	CAT	0	0	85.06	58.55	26.51	
NODE_2_length_735723_cov_51.5765 	7	11078 	11006 	Leu	GAG	0	0	20.84	19.28	1.56	
NODE_3_length_499679_cov_51.3555 	1	225296	225210	Leu	CAA	0	0	69.99	38.33	31.66	
NODE_4_length_481822_cov_50.8896 	1	115264	115353	Ser	GGA	0	0	71.75	34.38	37.37	
NODE_4_length_481822_cov_50.8896 	2	304065	304141	Pro	CGG	0	0	88.20	60.26	27.94	
NODE_4_length_481822_cov_50.8896 	3	432878	432953	Asn	GTT	0	0	91.73	62.08	29.65	
NODE_4_length_481822_cov_50.8896 	4	424079	424004	Ala	GGC	0	0	86.95	68.86	18.09	
NODE_4_length_481822_cov_50.8896 	5	423955	423880	Glu	TTC	0	0	66.40	38.20	28.20	
NODE_4_length_481822_cov_50.8896 	6	423786	423711	Ala	GGC	0	0	86.95	68.86	18.09	
NODE_4_length_481822_cov_50.8896 	7	423664	423589	Glu	TTC	0	0	66.40	38.20	28.20	
NODE_4_length_481822_cov_50.8896 	8	384683	384608	Val	TAC	0	0	94.49	73.68	20.81	
NODE_4_length_481822_cov_50.8896 	9	384591	384515	Asp	GTC	0	0	94.67	75.49	19.18	
NODE_4_length_481822_cov_50.8896 	10	384400	384324	Asp	GTC	0	0	94.67	75.49	19.18	
NODE_4_length_481822_cov_50.8896 	11	82768 	82693 	Glu	TTC	0	0	66.40	38.20	28.20	
NODE_4_length_481822_cov_50.8896 	12	82690 	82615 	Gly	GCC	0	0	93.74	68.41	25.33	
NODE_4_length_481822_cov_50.8896 	13	82530 	82455 	Gly	GCC	0	0	93.74	68.41	25.33	
NODE_4_length_481822_cov_50.8896 	14	35259 	35183 	Val	GAC	0	0	93.19	67.81	25.38	
NODE_4_length_481822_cov_50.8896 	15	1120  	1044  	Pro	GGG	0	0	74.89	48.01	26.88	
NODE_6_length_426986_cov_50.0031 	1	302969	303045	Arg	TCT	0	0	96.39	77.88	18.51	
NODE_6_length_426986_cov_50.0031 	2	303097	303172	His	GTG	0	0	83.51	64.18	19.33	
NODE_6_length_426986_cov_50.0031 	3	303227	303311	Leu	TAG	0	0	76.62	44.97	31.65	
NODE_6_length_426986_cov_50.0031 	4	303378	303453	His	GTG	0	0	83.51	64.18	19.33	
NODE_6_length_426986_cov_50.0031 	5	314738	314814	Asp	GTC	0	0	95.34	76.86	18.48	
NODE_7_length_410378_cov_52.5909 	1	78908 	78984 	Met	CAT	0	0	92.87	71.40	21.47	
NODE_7_length_410378_cov_52.5909 	2	408851	408927	Arg	CCG	0	0	87.81	66.55	21.26	
NODE_8_length_340899_cov_49.0784 	1	91613 	91698 	Lys	TTT	0	0	22.00	12.28	9.72	
NODE_8_length_340899_cov_49.0784 	2	110527	110602	Thr	CGT	0	0	90.98	74.93	16.05	
NODE_9_length_332060_cov_51.9851 	1	140275	140364	Ser	TGA	0	0	72.70	38.95	33.75	
NODE_9_length_332060_cov_51.9851 	2	164651	164726	Gly	GCC	0	0	93.74	68.41	25.33	
NODE_9_length_332060_cov_51.9851 	3	169262	169335	Cys	GCA	0	0	62.38	45.73	16.65	
NODE_9_length_332060_cov_51.9851 	4	181885	181971	Leu	TAA	0	0	76.64	42.32	34.32	
NODE_12_length_208195_cov_50.5368	1	205631	205707	Arg	CCT	0	0	83.71	58.51	25.20	
NODE_13_length_204805_cov_50.8101	1	130951	131026	Val	TAC	0	0	94.49	73.68	20.81	
NODE_13_length_204805_cov_50.8101	2	131043	131119	Asp	GTC	0	0	94.67	75.49	19.18	
NODE_14_length_197264_cov_49.9649	1	63884 	63957 	Arg	ACG	0	0	52.72	27.21	25.51	
NODE_14_length_197264_cov_49.9649	2	171339	171413	Gln	TTG	0	0	66.82	40.36	26.46	
NODE_14_length_197264_cov_49.9649	3	175087	175163	Met	CAT	0	0	87.19	64.42	22.77	
NODE_14_length_197264_cov_49.9649	4	19977 	19902 	Asn	GTT	0	0	91.73	62.08	29.65	
NODE_14_length_197264_cov_49.9649	5	19892 	19816 	Pro	TGG	0	0	87.63	64.60	23.03	
NODE_14_length_197264_cov_49.9649	6	19805 	19730 	Lys	TTT	0	0	95.07	71.82	23.25	
NODE_15_length_172273_cov_50.652 	1	73177 	73104 	Gly	CCC	0	0	60.35	30.06	30.29	
NODE_18_length_65474_cov_52.989  	1	64255 	64180 	Trp	CCA	0	0	86.73	63.05	23.68	
NODE_25_length_5543_cov_170.248  	1	1954  	2030  	Ile	GAT	0	0	98.83	72.69	26.14	
NODE_25_length_5543_cov_170.248  	2	2059  	2134  	Ala	TGC	0	0	90.68	71.56	19.12	
NODE_28_length_3319_cov_42.0883  	1	521   	437   	Tyr	GTA	0	0	71.07	41.76	29.31	
NODE_28_length_3319_cov_42.0883  	2	410   	337   	Gly	TCC	0	0	82.75	60.87	21.88	
NODE_28_length_3319_cov_42.0883  	3	317   	242   	Thr	GGT	0	0	93.76	67.73	26.03	
