Sequence                         		tRNA  	Bounds	tRNA	Anti	Intron Bounds	Cove	HMM	2'Str	      
Name                             	tRNA #	Begin 	End   	Type	Codon	Begin	End	Score	Score	Score	Note
--------                         	------	----- 	------	----	-----	-----	----	------	-----	-----	------
NODE_1_length_586800_cov_58.2048 	1	220292	220367	Asn	GTT	0	0	91.73	62.08	29.65	
NODE_1_length_586800_cov_58.2048 	2	220377	220453	Pro	TGG	0	0	87.63	64.60	23.03	
NODE_1_length_586800_cov_58.2048 	3	220464	220539	Lys	TTT	0	0	95.07	71.82	23.25	
NODE_1_length_586800_cov_58.2048 	4	324659	324734	Thr	CGT	0	0	90.98	74.93	16.05	
NODE_1_length_586800_cov_58.2048 	5	176418	176345	Arg	ACG	0	0	52.72	27.21	25.51	
NODE_1_length_586800_cov_58.2048 	6	70415 	70341 	Gln	TTG	0	0	66.82	40.36	26.46	
NODE_1_length_586800_cov_58.2048 	7	29492 	29416 	Met	CAT	0	0	87.19	64.42	22.77	
NODE_2_length_455178_cov_65.7706 	1	338186	338277	SeC	TCA	0	0	55.75	-18.51	74.26	
NODE_2_length_455178_cov_65.7706 	2	392325	392410	Leu	GAG	0	0	68.53	39.16	29.37	
NODE_2_length_455178_cov_65.7706 	3	392501	392577	Met	CAT	0	0	85.85	60.06	25.79	
NODE_2_length_455178_cov_65.7706 	4	184677	184591	Leu	CAG	0	0	73.96	38.54	35.42	
NODE_2_length_455178_cov_65.7706 	5	184461	184375	Leu	CAG	0	0	73.96	38.54	35.42	
NODE_3_length_432378_cov_49.0661 	1	309832	309908	Arg	TCT	0	0	96.39	77.88	18.51	
NODE_3_length_432378_cov_49.0661 	2	309960	310035	His	GTG	0	0	83.51	64.18	19.33	
NODE_3_length_432378_cov_49.0661 	3	310090	310174	Leu	TAG	0	0	76.62	44.97	31.65	
NODE_3_length_432378_cov_49.0661 	4	310241	310316	His	GTG	0	0	83.51	64.18	19.33	
NODE_3_length_432378_cov_49.0661 	5	321601	321677	Asp	GTC	0	0	95.34	76.86	18.48	
NODE_4_length_416795_cov_50.5077 	1	44901 	44990 	Ser	GGA	0	0	71.75	34.38	37.37	
NODE_4_length_416795_cov_50.5077 	2	233645	233721	Pro	CGG	0	0	88.20	60.26	27.94	
NODE_4_length_416795_cov_50.5077 	3	362462	362537	Asn	GTT	0	0	91.73	62.08	29.65	
NODE_4_length_416795_cov_50.5077 	4	353664	353589	Ala	GGC	0	0	86.95	68.86	18.09	
NODE_4_length_416795_cov_50.5077 	5	353540	353465	Glu	TTC	0	0	66.40	38.20	28.20	
NODE_4_length_416795_cov_50.5077 	6	353371	353296	Ala	GGC	0	0	86.95	68.86	18.09	
NODE_4_length_416795_cov_50.5077 	7	353249	353174	Glu	TTC	0	0	66.40	38.20	28.20	
NODE_4_length_416795_cov_50.5077 	8	314269	314194	Val	TAC	0	0	94.49	73.68	20.81	
NODE_4_length_416795_cov_50.5077 	9	314177	314101	Asp	GTC	0	0	94.67	75.49	19.18	
NODE_4_length_416795_cov_50.5077 	10	313986	313910	Asp	GTC	0	0	94.67	75.49	19.18	
NODE_4_length_416795_cov_50.5077 	11	12404 	12329 	Glu	TTC	0	0	66.40	38.20	28.20	
NODE_4_length_416795_cov_50.5077 	12	12326 	12251 	Gly	GCC	0	0	93.74	68.41	25.33	
NODE_6_length_377531_cov_66.6272 	1	294350	294274	Met	CAT	0	0	92.87	71.40	21.47	
NODE_10_length_223675_cov_56.1232	1	160278	160202	Arg	CCT	0	0	83.71	58.51	25.20	
NODE_10_length_223675_cov_56.1232	2	32452 	32377 	Val	TAC	0	0	94.49	73.68	20.81	
NODE_10_length_223675_cov_56.1232	3	32360 	32284 	Asp	GTC	0	0	94.67	75.49	19.18	
NODE_11_length_215188_cov_48.021 	1	106007	105932	Gly	GCC	0	0	93.74	68.41	25.33	
NODE_11_length_215188_cov_48.021 	2	64472 	64396 	Val	GAC	0	0	93.19	67.81	25.38	
NODE_11_length_215188_cov_48.021 	3	30329 	30253 	Pro	GGG	0	0	74.89	48.01	26.88	
NODE_13_length_192643_cov_47.3592	1	110702	110791	Ser	TGA	0	0	72.70	38.95	33.75	
NODE_13_length_192643_cov_47.3592	2	135079	135154	Gly	GCC	0	0	93.74	68.41	25.33	
NODE_13_length_192643_cov_47.3592	3	139701	139774	Cys	GCA	0	0	62.38	45.73	16.65	
NODE_14_length_189419_cov_68.5234	1	117028	116953	Phe	GAA	0	0	92.69	68.52	24.17	
NODE_14_length_189419_cov_68.5234	2	105623	105548	Thr	TGT	0	0	93.66	75.64	18.02	
NODE_16_length_184546_cov_57.2906	1	127440	127513	Gly	CCC	0	0	60.35	30.06	30.29	
NODE_18_length_173898_cov_54.709 	1	27617 	27706 	Ser	CGA	0	0	68.31	24.88	43.43	
NODE_19_length_159892_cov_53.3673	1	89725 	89815 	Ser	GCT	0	0	76.69	47.10	29.59	
NODE_19_length_159892_cov_53.3673	2	89933 	90009 	Arg	ACG	0	0	83.50	58.05	25.45	
NODE_19_length_159892_cov_53.3673	3	90121 	90197 	Arg	ACG	0	0	83.50	58.05	25.45	
NODE_19_length_159892_cov_53.3673	4	158814	158889	Lys	TTT	0	0	95.07	71.82	23.25	
NODE_19_length_159892_cov_53.3673	5	106269	106193	Met	CAT	0	0	85.06	58.55	26.51	
NODE_21_length_105014_cov_58.4086	1	9458  	9372  	Leu	CAA	0	0	69.99	38.33	31.66	
NODE_22_length_104025_cov_63.0109	1	57682 	57606 	Arg	CCG	0	0	87.89	66.77	21.12	
NODE_31_length_65444_cov_65.5076 	1	64225 	64150 	Trp	CCA	0	0	86.73	63.05	23.68	
NODE_52_length_7447_cov_45.125   	1	476   	404   	Leu	GAG	0	0	20.84	19.28	1.56	
NODE_59_length_5542_cov_168.38   	1	1954  	2030  	Ile	GAT	0	0	98.83	72.69	26.14	
NODE_59_length_5542_cov_168.38   	2	2059  	2134  	Ala	TGC	0	0	90.68	71.56	19.12	
NODE_70_length_3319_cov_49.3195  	1	521   	437   	Tyr	GTA	0	0	71.07	41.76	29.31	
NODE_70_length_3319_cov_49.3195  	2	410   	337   	Gly	TCC	0	0	82.75	60.87	21.88	
NODE_70_length_3319_cov_49.3195  	3	317   	242   	Thr	GGT	0	0	93.76	67.73	26.03	
