Sequence                         		tRNA  	Bounds	tRNA	Anti	Intron Bounds	Cove	HMM	2'Str	      
Name                             	tRNA #	Begin 	End   	Type	Codon	Begin	End	Score	Score	Score	Note
--------                         	------	----- 	------	----	-----	-----	----	------	-----	-----	------
NODE_1_length_899339_cov_66.4858 	1	697652	697728	Arg	CCT	0	0	83.71	58.51	25.20	
NODE_1_length_899339_cov_66.4858 	2	825484	825559	Val	TAC	0	0	94.49	73.68	20.81	
NODE_1_length_899339_cov_66.4858 	3	825576	825652	Asp	GTC	0	0	94.67	75.49	19.18	
NODE_1_length_899339_cov_66.4858 	4	218585	218499	Leu	CAA	0	0	69.99	38.33	31.66	
NODE_2_length_799173_cov_64.9321 	1	432586	432675	Ser	GGA	0	0	71.75	34.38	37.37	
NODE_2_length_799173_cov_64.9321 	2	621340	621416	Pro	CGG	0	0	88.20	60.26	27.94	
NODE_2_length_799173_cov_64.9321 	3	750161	750236	Asn	GTT	0	0	91.73	62.08	29.65	
NODE_2_length_799173_cov_64.9321 	4	741362	741287	Ala	GGC	0	0	86.95	68.86	18.09	
NODE_2_length_799173_cov_64.9321 	5	741238	741163	Glu	TTC	0	0	66.40	38.20	28.20	
NODE_2_length_799173_cov_64.9321 	6	741069	740994	Ala	GGC	0	0	86.95	68.86	18.09	
NODE_2_length_799173_cov_64.9321 	7	740947	740872	Glu	TTC	0	0	66.40	38.20	28.20	
NODE_2_length_799173_cov_64.9321 	8	701969	701894	Val	TAC	0	0	94.49	73.68	20.81	
NODE_2_length_799173_cov_64.9321 	9	701877	701801	Asp	GTC	0	0	94.67	75.49	19.18	
NODE_2_length_799173_cov_64.9321 	10	701686	701610	Asp	GTC	0	0	94.67	75.49	19.18	
NODE_2_length_799173_cov_64.9321 	11	400091	400016	Glu	TTC	0	0	66.40	38.20	28.20	
NODE_2_length_799173_cov_64.9321 	12	400013	399938	Gly	GCC	0	0	93.74	68.41	25.33	
NODE_2_length_799173_cov_64.9321 	13	399853	399778	Gly	GCC	0	0	93.74	68.41	25.33	
NODE_2_length_799173_cov_64.9321 	14	356073	355997	Val	GAC	0	0	93.19	67.81	25.38	
NODE_2_length_799173_cov_64.9321 	15	321930	321854	Pro	GGG	0	0	74.89	48.01	26.88	
NODE_2_length_799173_cov_64.9321 	16	141644	141555	Ser	TGA	0	0	72.70	38.95	33.75	
NODE_2_length_799173_cov_64.9321 	17	117266	117191	Gly	GCC	0	0	93.74	68.41	25.33	
NODE_2_length_799173_cov_64.9321 	18	112644	112571	Cys	GCA	0	0	62.38	45.73	16.65	
NODE_2_length_799173_cov_64.9321 	19	100013	99927 	Leu	TAA	0	0	76.64	42.32	34.32	
NODE_3_length_769676_cov_68.6717 	1	271767	271853	Leu	CAG	0	0	73.96	38.54	35.42	
NODE_3_length_769676_cov_68.6717 	2	271983	272069	Leu	CAG	0	0	73.96	38.54	35.42	
NODE_3_length_769676_cov_68.6717 	3	528560	528635	Phe	GAA	0	0	92.69	68.52	24.17	
NODE_3_length_769676_cov_68.6717 	4	539970	540045	Thr	TGT	0	0	93.66	75.64	18.02	
NODE_3_length_769676_cov_68.6717 	5	117034	116943	SeC	TCA	0	0	55.75	-18.51	74.26	
NODE_3_length_769676_cov_68.6717 	6	62793 	62708 	Leu	GAG	0	0	68.53	39.16	29.37	
NODE_3_length_769676_cov_68.6717 	7	62617 	62541 	Met	CAT	0	0	85.85	60.06	25.79	
NODE_4_length_721560_cov_65.7639 	1	93715 	93805 	Ser	GCT	0	0	76.69	47.10	29.59	
NODE_4_length_721560_cov_65.7639 	2	93923 	93999 	Arg	ACG	0	0	83.50	58.05	25.45	
NODE_4_length_721560_cov_65.7639 	3	94112 	94188 	Arg	ACG	0	0	83.50	58.05	25.45	
NODE_4_length_721560_cov_65.7639 	4	162811	162886	Lys	TTT	0	0	95.07	71.82	23.25	
NODE_4_length_721560_cov_65.7639 	5	190372	190461	Ser	CGA	0	0	68.31	24.88	43.43	
NODE_4_length_721560_cov_65.7639 	6	110257	110181	Met	CAT	0	0	85.06	58.55	26.51	
NODE_4_length_721560_cov_65.7639 	7	4049  	3977  	Leu	GAG	0	0	20.84	19.28	1.56	
NODE_5_length_484523_cov_64.3289 	1	190270	190345	Asn	GTT	0	0	91.73	62.08	29.65	
NODE_5_length_484523_cov_64.3289 	2	190355	190431	Pro	TGG	0	0	87.63	64.60	23.03	
NODE_5_length_484523_cov_64.3289 	3	190442	190517	Lys	TTT	0	0	95.07	71.82	23.25	
NODE_5_length_484523_cov_64.3289 	4	209187	209262	Thr	CGT	0	0	90.98	74.93	16.05	
NODE_5_length_484523_cov_64.3289 	5	146363	146290	Arg	ACG	0	0	52.72	27.21	25.51	
NODE_5_length_484523_cov_64.3289 	6	40359 	40285 	Gln	TTG	0	0	66.82	40.36	26.46	
NODE_5_length_484523_cov_64.3289 	7	36610 	36534 	Met	CAT	0	0	87.19	64.42	22.77	
NODE_6_length_428068_cov_65.5533 	1	302857	302933	Arg	TCT	0	0	96.39	77.88	18.51	
NODE_6_length_428068_cov_65.5533 	2	302985	303060	His	GTG	0	0	83.51	64.18	19.33	
NODE_6_length_428068_cov_65.5533 	3	303115	303199	Leu	TAG	0	0	76.62	44.97	31.65	
NODE_6_length_428068_cov_65.5533 	4	303266	303341	His	GTG	0	0	83.51	64.18	19.33	
NODE_6_length_428068_cov_65.5533 	5	314626	314702	Asp	GTC	0	0	95.34	76.86	18.48	
NODE_7_length_370610_cov_68.0449 	1	77838 	77914 	Met	CAT	0	0	92.87	71.40	21.47	
NODE_11_length_194125_cov_66.1546	1	95410 	95337 	Gly	CCC	0	0	60.35	30.06	30.29	
NODE_16_length_65517_cov_69.5358 	1	64298 	64223 	Trp	CCA	0	0	86.73	63.05	23.68	
NODE_20_length_35993_cov_69.3458 	1	1356  	1280  	Arg	CCG	0	0	87.81	66.55	21.26	
NODE_24_length_5500_cov_189.46   	1	3489  	3413  	Ile	GAT	0	0	98.83	72.69	26.14	
NODE_24_length_5500_cov_189.46   	2	3384  	3309  	Ala	TGC	0	0	90.68	71.56	19.12	
NODE_29_length_3290_cov_49.9842  	1	521   	437   	Tyr	GTA	0	0	71.07	41.76	29.31	
NODE_29_length_3290_cov_49.9842  	2	410   	337   	Gly	TCC	0	0	82.75	60.87	21.88	
NODE_29_length_3290_cov_49.9842  	3	317   	242   	Thr	GGT	0	0	93.76	67.73	26.03	
