Sequence                         		tRNA  	Bounds	tRNA	Anti	Intron Bounds	Cove	HMM	2'Str	      
Name                             	tRNA #	Begin 	End   	Type	Codon	Begin	End	Score	Score	Score	Note
--------                         	------	----- 	------	----	-----	-----	----	------	-----	-----	------
NODE_1_length_823918_cov_53.4258 	1	462026	462115	Ser	GGA	0	0	71.75	34.38	37.37	
NODE_1_length_823918_cov_53.4258 	2	650731	650807	Pro	CGG	0	0	88.20	60.26	27.94	
NODE_1_length_823918_cov_53.4258 	3	779546	779621	Asn	GTT	0	0	91.73	62.08	29.65	
NODE_1_length_823918_cov_53.4258 	4	770747	770672	Ala	GGC	0	0	86.95	68.86	18.09	
NODE_1_length_823918_cov_53.4258 	5	770623	770548	Glu	TTC	0	0	66.40	38.20	28.20	
NODE_1_length_823918_cov_53.4258 	6	770454	770379	Ala	GGC	0	0	86.95	68.86	18.09	
NODE_1_length_823918_cov_53.4258 	7	770332	770257	Glu	TTC	0	0	66.40	38.20	28.20	
NODE_1_length_823918_cov_53.4258 	8	731349	731274	Val	TAC	0	0	94.49	73.68	20.81	
NODE_1_length_823918_cov_53.4258 	9	731257	731181	Asp	GTC	0	0	94.67	75.49	19.18	
NODE_1_length_823918_cov_53.4258 	10	731066	730990	Asp	GTC	0	0	94.67	75.49	19.18	
NODE_1_length_823918_cov_53.4258 	11	429529	429454	Glu	TTC	0	0	66.40	38.20	28.20	
NODE_1_length_823918_cov_53.4258 	12	429451	429376	Gly	GCC	0	0	93.74	68.41	25.33	
NODE_1_length_823918_cov_53.4258 	13	429291	429216	Gly	GCC	0	0	93.74	68.41	25.33	
NODE_1_length_823918_cov_53.4258 	14	387758	387682	Val	GAC	0	0	93.19	67.81	25.38	
NODE_1_length_823918_cov_53.4258 	15	353618	353542	Pro	GGG	0	0	74.89	48.01	26.88	
NODE_1_length_823918_cov_53.4258 	16	201529	201440	Ser	TGA	0	0	72.70	38.95	33.75	
NODE_1_length_823918_cov_53.4258 	17	145406	145331	Gly	GCC	0	0	93.74	68.41	25.33	
NODE_1_length_823918_cov_53.4258 	18	140784	140711	Cys	GCA	0	0	62.38	45.73	16.65	
NODE_1_length_823918_cov_53.4258 	19	128160	128074	Leu	TAA	0	0	76.64	42.32	34.32	
NODE_2_length_718669_cov_55.6561 	1	715698	715774	Arg	CCT	0	0	83.71	58.51	25.20	
NODE_2_length_718669_cov_55.6561 	2	224432	224346	Leu	CAA	0	0	69.99	38.33	31.66	
NODE_3_length_512957_cov_53.6752 	1	387389	387465	Arg	TCT	0	0	96.39	77.88	18.51	
NODE_3_length_512957_cov_53.6752 	2	387517	387592	His	GTG	0	0	83.51	64.18	19.33	
NODE_3_length_512957_cov_53.6752 	3	387647	387731	Leu	TAG	0	0	76.62	44.97	31.65	
NODE_3_length_512957_cov_53.6752 	4	387798	387873	His	GTG	0	0	83.51	64.18	19.33	
NODE_3_length_512957_cov_53.6752 	5	399158	399234	Asp	GTC	0	0	95.34	76.86	18.48	
NODE_4_length_474091_cov_54.8735 	1	464195	464106	Ser	CGA	0	0	68.31	24.88	43.43	
NODE_6_length_418389_cov_56.5988 	1	295007	295098	SeC	TCA	0	0	55.75	-18.51	74.26	
NODE_6_length_418389_cov_56.5988 	2	355502	355587	Leu	GAG	0	0	68.53	39.16	29.37	
NODE_6_length_418389_cov_56.5988 	3	355678	355754	Met	CAT	0	0	85.85	60.06	25.79	
NODE_6_length_418389_cov_56.5988 	4	141523	141437	Leu	CAG	0	0	73.96	38.54	35.42	
NODE_6_length_418389_cov_56.5988 	5	141307	141221	Leu	CAG	0	0	73.96	38.54	35.42	
NODE_7_length_409874_cov_57.0397 	1	332331	332255	Met	CAT	0	0	92.87	71.40	21.47	
NODE_7_length_409874_cov_57.0397 	2	2581  	2505  	Arg	CCG	0	0	87.81	66.55	21.26	
NODE_9_length_315282_cov_54.7005 	1	228268	228358	Ser	GCT	0	0	76.69	47.10	29.59	
NODE_9_length_315282_cov_54.7005 	2	228476	228552	Arg	ACG	0	0	83.50	58.05	25.45	
NODE_9_length_315282_cov_54.7005 	3	228664	228740	Arg	ACG	0	0	83.50	58.05	25.45	
NODE_9_length_315282_cov_54.7005 	4	297368	297443	Lys	TTT	0	0	95.07	71.82	23.25	
NODE_9_length_315282_cov_54.7005 	5	244812	244736	Met	CAT	0	0	85.06	58.55	26.51	
NODE_9_length_315282_cov_54.7005 	6	138600	138528	Leu	GAG	0	0	20.84	19.28	1.56	
NODE_9_length_315282_cov_54.7005 	7	34710 	34637 	Gly	CCC	0	0	60.35	30.06	30.29	
NODE_10_length_298169_cov_55.3403	1	41963 	42032 	Lys	TTT	0	0	26.12	11.05	15.07	
NODE_10_length_298169_cov_55.3403	2	61407 	61482 	Thr	CGT	0	0	90.98	74.93	16.05	
NODE_11_length_249240_cov_57.4487	1	8532  	8614  	Undet	NNN	0	0	26.15	14.81	11.34	
NODE_11_length_249240_cov_57.4487	2	19907 	19982 	Thr	TGT	0	0	93.66	75.64	18.02	
NODE_13_length_204697_cov_55.4247	1	1016  	1090  	Arg	CCT	0	0	69.69	51.80	17.89	
NODE_13_length_204697_cov_55.4247	2	130812	130887	Val	TAC	0	0	94.49	73.68	20.81	
NODE_13_length_204697_cov_55.4247	3	130904	130980	Asp	GTC	0	0	94.67	75.49	19.18	
NODE_14_length_139077_cov_55.1134	1	81275 	81348 	Arg	ACG	0	0	52.72	27.21	25.51	
NODE_14_length_139077_cov_55.1134	2	37359 	37284 	Asn	GTT	0	0	91.73	62.08	29.65	
NODE_14_length_139077_cov_55.1134	3	37274 	37198 	Pro	TGG	0	0	87.63	64.60	23.03	
NODE_14_length_139077_cov_55.1134	4	37187 	37112 	Lys	TTT	0	0	95.07	71.82	23.25	
NODE_16_length_124358_cov_56.1092	1	6368  	6293  	Phe	GAA	0	0	92.69	68.52	24.17	
NODE_17_length_102217_cov_53.5585	1	48808 	48882 	Gln	TTG	0	0	66.82	40.36	26.46	
NODE_17_length_102217_cov_53.5585	2	68118 	68194 	Met	CAT	0	0	87.19	64.42	22.77	
NODE_20_length_65510_cov_57.6804 	1	64291 	64216 	Trp	CCA	0	0	86.73	63.05	23.68	
NODE_28_length_5515_cov_169.837  	1	1928  	2004  	Ile	GAT	0	0	98.83	72.69	26.14	
NODE_28_length_5515_cov_169.837  	2	2033  	2108  	Ala	TGC	0	0	90.68	71.56	19.12	
NODE_31_length_3319_cov_44.11    	1	521   	437   	Tyr	GTA	0	0	71.07	41.76	29.31	
NODE_31_length_3319_cov_44.11    	2	410   	337   	Gly	TCC	0	0	82.75	60.87	21.88	
NODE_31_length_3319_cov_44.11    	3	317   	242   	Thr	GGT	0	0	93.76	67.73	26.03	
