Sequence                         		tRNA  	Bounds	tRNA	Anti	Intron Bounds	Cove	HMM	2'Str	      
Name                             	tRNA #	Begin 	End   	Type	Codon	Begin	End	Score	Score	Score	Note
--------                         	------	----- 	------	----	-----	-----	----	------	-----	-----	------
NODE_1_length_999797_cov_48.8256 	1	33854 	33943 	Ser	CGA	0	0	68.31	24.88	43.43	
NODE_1_length_999797_cov_48.8256 	2	875780	875856	Arg	TCT	0	0	96.39	77.88	18.51	
NODE_1_length_999797_cov_48.8256 	3	875908	875983	His	GTG	0	0	83.51	64.18	19.33	
NODE_1_length_999797_cov_48.8256 	4	876038	876122	Leu	TAG	0	0	76.62	44.97	31.65	
NODE_1_length_999797_cov_48.8256 	5	876189	876264	His	GTG	0	0	83.51	64.18	19.33	
NODE_1_length_999797_cov_48.8256 	6	887548	887624	Asp	GTC	0	0	95.34	76.86	18.48	
NODE_2_length_993376_cov_46.7062 	1	55891 	55966 	Ala	GGC	0	0	86.95	68.86	18.09	
NODE_2_length_993376_cov_46.7062 	2	56015 	56090 	Glu	TTC	0	0	66.40	38.20	28.20	
NODE_2_length_993376_cov_46.7062 	3	56184 	56259 	Ala	GGC	0	0	86.95	68.86	18.09	
NODE_2_length_993376_cov_46.7062 	4	56306 	56381 	Glu	TTC	0	0	66.40	38.20	28.20	
NODE_2_length_993376_cov_46.7062 	5	95301 	95376 	Val	TAC	0	0	94.49	73.68	20.81	
NODE_2_length_993376_cov_46.7062 	6	95393 	95469 	Asp	GTC	0	0	94.67	75.49	19.18	
NODE_2_length_993376_cov_46.7062 	7	95584 	95660 	Asp	GTC	0	0	94.67	75.49	19.18	
NODE_2_length_993376_cov_46.7062 	8	397197	397272	Glu	TTC	0	0	66.40	38.20	28.20	
NODE_2_length_993376_cov_46.7062 	9	397275	397350	Gly	GCC	0	0	93.74	68.41	25.33	
NODE_2_length_993376_cov_46.7062 	10	397435	397510	Gly	GCC	0	0	93.74	68.41	25.33	
NODE_2_length_993376_cov_46.7062 	11	443826	443902	Val	GAC	0	0	93.19	67.81	25.38	
NODE_2_length_993376_cov_46.7062 	12	477967	478043	Pro	GGG	0	0	74.89	48.01	26.88	
NODE_2_length_993376_cov_46.7062 	13	664083	664172	Ser	TGA	0	0	72.70	38.95	33.75	
NODE_2_length_993376_cov_46.7062 	14	688459	688534	Gly	GCC	0	0	93.74	68.41	25.33	
NODE_2_length_993376_cov_46.7062 	15	808278	808351	Cys	GCA	0	0	62.38	45.73	16.65	
NODE_2_length_993376_cov_46.7062 	16	364701	364612	Ser	GGA	0	0	71.75	34.38	37.37	
NODE_2_length_993376_cov_46.7062 	17	175925	175849	Pro	CGG	0	0	88.20	60.26	27.94	
NODE_2_length_993376_cov_46.7062 	18	47095 	47020 	Asn	GTT	0	0	91.73	62.08	29.65	
NODE_3_length_777692_cov_55.2796 	1	660524	660615	SeC	TCA	0	0	55.75	-18.51	74.26	
NODE_3_length_777692_cov_55.2796 	2	714713	714798	Leu	GAG	0	0	68.53	39.16	29.37	
NODE_3_length_777692_cov_55.2796 	3	714889	714965	Met	CAT	0	0	85.85	60.06	25.79	
NODE_3_length_777692_cov_55.2796 	4	507101	507015	Leu	CAG	0	0	73.96	38.54	35.42	
NODE_3_length_777692_cov_55.2796 	5	506885	506799	Leu	CAG	0	0	73.96	38.54	35.42	
NODE_3_length_777692_cov_55.2796 	6	250183	250108	Phe	GAA	0	0	92.69	68.52	24.17	
NODE_3_length_777692_cov_55.2796 	7	238779	238704	Thr	TGT	0	0	93.66	75.64	18.02	
NODE_4_length_761148_cov_55.0408 	1	550271	550357	Leu	CAA	0	0	69.99	38.33	31.66	
NODE_4_length_761148_cov_55.0408 	2	3121  	3045  	Arg	CCT	0	0	83.71	58.51	25.20	
NODE_5_length_413820_cov_52.0287 	1	163332	163407	Asn	GTT	0	0	91.73	62.08	29.65	
NODE_5_length_413820_cov_52.0287 	2	163417	163493	Pro	TGG	0	0	87.63	64.60	23.03	
NODE_5_length_413820_cov_52.0287 	3	163504	163579	Lys	TTT	0	0	95.07	71.82	23.25	
NODE_5_length_413820_cov_52.0287 	4	181425	181500	Thr	CGT	0	0	90.98	74.93	16.05	
NODE_5_length_413820_cov_52.0287 	5	119416	119343	Arg	ACG	0	0	52.72	27.21	25.51	
NODE_5_length_413820_cov_52.0287 	6	13891 	13817 	Gln	TTG	0	0	66.82	40.36	26.46	
NODE_5_length_413820_cov_52.0287 	7	10142 	10066 	Met	CAT	0	0	87.19	64.42	22.77	
NODE_6_length_377731_cov_54.8178 	1	79368 	79444 	Met	CAT	0	0	92.87	71.40	21.47	
NODE_7_length_356625_cov_52.6417 	1	21409 	21485 	Met	CAT	0	0	85.06	58.55	26.51	
NODE_7_length_356625_cov_52.6417 	2	127636	127708	Leu	GAG	0	0	20.84	19.28	1.56	
NODE_7_length_356625_cov_52.6417 	3	238946	239019	Gly	CCC	0	0	60.35	30.06	30.29	
NODE_7_length_356625_cov_52.6417 	4	37955 	37865 	Ser	GCT	0	0	76.69	47.10	29.59	
NODE_7_length_356625_cov_52.6417 	5	37747 	37671 	Arg	ACG	0	0	83.50	58.05	25.45	
NODE_7_length_356625_cov_52.6417 	6	37559 	37483 	Arg	ACG	0	0	83.50	58.05	25.45	
NODE_10_length_205028_cov_49.4877	1	131173	131248	Val	TAC	0	0	94.49	73.68	20.81	
NODE_10_length_205028_cov_49.4877	2	131265	131341	Asp	GTC	0	0	94.67	75.49	19.18	
NODE_12_length_192418_cov_65.0561	1	34738 	34814 	Arg	CCG	0	0	90.57	71.58	18.99	
NODE_17_length_79242_cov_48.0113 	1	1246  	1161  	Lys	TTT	0	0	22.00	12.28	9.72	
NODE_18_length_65470_cov_55.0785 	1	64251 	64176 	Trp	CCA	0	0	86.73	63.05	23.68	
NODE_23_length_33093_cov_49.4357 	1	1239  	1164  	Lys	TTT	0	0	95.07	71.82	23.25	
NODE_28_length_5317_cov_186.895  	1	1829  	1905  	Ile	GAT	0	0	98.83	72.69	26.14	
NODE_28_length_5317_cov_186.895  	2	1934  	2009  	Ala	TGC	0	0	90.68	71.56	19.12	
NODE_30_length_3418_cov_45.2786  	1	521   	437   	Tyr	GTA	0	0	71.07	41.76	29.31	
NODE_30_length_3418_cov_45.2786  	2	410   	337   	Gly	TCC	0	0	82.75	60.87	21.88	
NODE_30_length_3418_cov_45.2786  	3	317   	242   	Thr	GGT	0	0	93.76	67.73	26.03	
