Sequence                          		tRNA   	Bounds 	tRNA	Anti	Intron Bounds	Cove	HMM	2'Str	      
Name                              	tRNA #	Begin  	End    	Type	Codon	Begin	End	Score	Score	Score	Note
--------                          	------	-----  	------ 	----	-----	-----	----	------	-----	-----	------
NODE_1_length_1370174_cov_74.6309 	1	113233 	113322 	Ser	GGA	0	0	71.75	34.38	37.37	
NODE_1_length_1370174_cov_74.6309 	2	301935 	302011 	Pro	CGG	0	0	88.20	60.26	27.94	
NODE_1_length_1370174_cov_74.6309 	3	430739 	430814 	Asn	GTT	0	0	91.73	62.08	29.65	
NODE_1_length_1370174_cov_74.6309 	4	1159239	1159325	Leu	CAA	0	0	69.99	38.33	31.66	
NODE_1_length_1370174_cov_74.6309 	5	681778 	681702 	Arg	CCT	0	0	83.71	58.51	25.20	
NODE_1_length_1370174_cov_74.6309 	6	553955 	553880 	Val	TAC	0	0	94.49	73.68	20.81	
NODE_1_length_1370174_cov_74.6309 	7	553863 	553787 	Asp	GTC	0	0	94.67	75.49	19.18	
NODE_1_length_1370174_cov_74.6309 	8	421940 	421865 	Ala	GGC	0	0	86.95	68.86	18.09	
NODE_1_length_1370174_cov_74.6309 	9	421816 	421741 	Glu	TTC	0	0	66.40	38.20	28.20	
NODE_1_length_1370174_cov_74.6309 	10	421647 	421572 	Ala	GGC	0	0	86.95	68.86	18.09	
NODE_1_length_1370174_cov_74.6309 	11	421525 	421450 	Glu	TTC	0	0	66.40	38.20	28.20	
NODE_1_length_1370174_cov_74.6309 	12	382555 	382480 	Val	TAC	0	0	94.49	73.68	20.81	
NODE_1_length_1370174_cov_74.6309 	13	382463 	382387 	Asp	GTC	0	0	94.67	75.49	19.18	
NODE_1_length_1370174_cov_74.6309 	14	382272 	382196 	Asp	GTC	0	0	94.67	75.49	19.18	
NODE_1_length_1370174_cov_74.6309 	15	80728  	80653  	Glu	TTC	0	0	66.40	38.20	28.20	
NODE_1_length_1370174_cov_74.6309 	16	80650  	80575  	Gly	GCC	0	0	93.74	68.41	25.33	
NODE_1_length_1370174_cov_74.6309 	17	80490  	80415  	Gly	GCC	0	0	93.74	68.41	25.33	
NODE_1_length_1370174_cov_74.6309 	18	38957  	38881  	Val	GAC	0	0	93.19	67.81	25.38	
NODE_1_length_1370174_cov_74.6309 	19	4815   	4739   	Pro	GGG	0	0	74.89	48.01	26.88	
NODE_2_length_775114_cov_74.172   	1	276991 	277077 	Leu	CAG	0	0	73.96	38.54	35.42	
NODE_2_length_775114_cov_74.172   	2	277207 	277293 	Leu	CAG	0	0	73.96	38.54	35.42	
NODE_2_length_775114_cov_74.172   	3	533874 	533949 	Phe	GAA	0	0	92.69	68.52	24.17	
NODE_2_length_775114_cov_74.172   	4	545284 	545359 	Thr	TGT	0	0	93.66	75.64	18.02	
NODE_2_length_775114_cov_74.172   	5	116830 	116739 	SeC	TCA	0	0	55.75	-18.51	74.26	
NODE_2_length_775114_cov_74.172   	6	62827  	62742  	Leu	GAG	0	0	68.53	39.16	29.37	
NODE_2_length_775114_cov_74.172   	7	62651  	62575  	Met	CAT	0	0	85.85	60.06	25.79	
NODE_3_length_573063_cov_62.9609  	1	34679  	34768  	Ser	CGA	0	0	68.31	24.88	43.43	
NODE_4_length_468145_cov_66.346   	1	173579 	173654 	Asn	GTT	0	0	91.73	62.08	29.65	
NODE_4_length_468145_cov_66.346   	2	173664 	173740 	Pro	TGG	0	0	87.63	64.60	23.03	
NODE_4_length_468145_cov_66.346   	3	173751 	173826 	Lys	TTT	0	0	95.07	71.82	23.25	
NODE_4_length_468145_cov_66.346   	4	193123 	193198 	Thr	CGT	0	0	90.98	74.93	16.05	
NODE_4_length_468145_cov_66.346   	5	129663 	129590 	Arg	ACG	0	0	52.72	27.21	25.51	
NODE_4_length_468145_cov_66.346   	6	22239  	22165  	Gln	TTG	0	0	66.82	40.36	26.46	
NODE_4_length_468145_cov_66.346   	7	18491  	18415  	Met	CAT	0	0	87.19	64.42	22.77	
NODE_6_length_397750_cov_55.9121  	1	302974 	303050 	Arg	TCT	0	0	96.39	77.88	18.51	
NODE_6_length_397750_cov_55.9121  	2	303102 	303177 	His	GTG	0	0	83.51	64.18	19.33	
NODE_6_length_397750_cov_55.9121  	3	303232 	303316 	Leu	TAG	0	0	76.62	44.97	31.65	
NODE_6_length_397750_cov_55.9121  	4	303383 	303458 	His	GTG	0	0	83.51	64.18	19.33	
NODE_6_length_397750_cov_55.9121  	5	314737 	314813 	Asp	GTC	0	0	95.34	76.86	18.48	
NODE_7_length_371909_cov_82.8758  	1	77306  	77382  	Met	CAT	0	0	92.87	71.40	21.47	
NODE_8_length_354811_cov_67.7921  	1	159576 	159665 	Ser	TGA	0	0	72.70	38.95	33.75	
NODE_8_length_354811_cov_67.7921  	2	215701 	215776 	Gly	GCC	0	0	93.74	68.41	25.33	
NODE_8_length_354811_cov_67.7921  	3	220325 	220398 	Cys	GCA	0	0	62.38	45.73	16.65	
NODE_8_length_354811_cov_67.7921  	4	232948 	233034 	Leu	TAA	0	0	76.64	42.32	34.32	
NODE_9_length_329044_cov_63.2204  	1	53892  	53968  	Met	CAT	0	0	85.06	58.55	26.51	
NODE_9_length_329044_cov_63.2204  	2	160068 	160140 	Leu	GAG	0	0	20.84	19.28	1.56	
NODE_9_length_329044_cov_63.2204  	3	263477 	263550 	Gly	CCC	0	0	60.35	30.06	30.29	
NODE_9_length_329044_cov_63.2204  	4	70434  	70344  	Ser	GCT	0	0	76.69	47.10	29.59	
NODE_9_length_329044_cov_63.2204  	5	70226  	70150  	Arg	ACG	0	0	83.50	58.05	25.45	
NODE_9_length_329044_cov_63.2204  	6	70038  	69962  	Arg	ACG	0	0	83.50	58.05	25.45	
NODE_9_length_329044_cov_63.2204  	7	1336   	1261   	Lys	TTT	0	0	95.07	71.82	23.25	
NODE_15_length_65530_cov_94.9549  	1	64311  	64236  	Trp	CCA	0	0	86.73	63.05	23.68	
NODE_18_length_36176_cov_89.9269  	1	34612  	34688  	Arg	CCG	0	0	88.66	67.40	21.26	
NODE_21_length_5571_cov_303.364   	1	3589   	3513   	Ile	GAT	0	0	98.83	72.69	26.14	
NODE_21_length_5571_cov_303.364   	2	3484   	3409   	Ala	TGC	0	0	90.68	71.56	19.12	
NODE_23_length_3319_cov_81.1366   	1	521    	437    	Tyr	GTA	0	0	71.07	41.76	29.31	
NODE_23_length_3319_cov_81.1366   	2	410    	337    	Gly	TCC	0	0	82.75	60.87	21.88	
NODE_23_length_3319_cov_81.1366   	3	317    	242    	Thr	GGT	0	0	93.76	67.73	26.03	
