Sequence                         		tRNA  	Bounds	tRNA	Anti	Intron Bounds	Cove	HMM	2'Str	      
Name                             	tRNA #	Begin 	End   	Type	Codon	Begin	End	Score	Score	Score	Note
--------                         	------	----- 	------	----	-----	-----	----	------	-----	-----	------
NODE_1_length_663848_cov_54.3021 	1	454364	454440	Arg	CCT	0	0	83.71	58.51	25.20	
NODE_1_length_663848_cov_54.3021 	2	460348	460422	Arg	CCT	0	0	69.69	51.80	17.89	
NODE_1_length_663848_cov_54.3021 	3	589998	590073	Val	TAC	0	0	94.49	73.68	20.81	
NODE_1_length_663848_cov_54.3021 	4	590090	590166	Asp	GTC	0	0	94.67	75.49	19.18	
NODE_2_length_506492_cov_48.5151 	1	144462	144551	Ser	GGA	0	0	71.75	34.38	37.37	
NODE_2_length_506492_cov_48.5151 	2	333217	333293	Pro	CGG	0	0	88.20	60.26	27.94	
NODE_2_length_506492_cov_48.5151 	3	462038	462113	Asn	GTT	0	0	91.73	62.08	29.65	
NODE_2_length_506492_cov_48.5151 	4	453238	453163	Ala	GGC	0	0	86.95	68.86	18.09	
NODE_2_length_506492_cov_48.5151 	5	453114	453039	Glu	TTC	0	0	66.40	38.20	28.20	
NODE_2_length_506492_cov_48.5151 	6	452945	452870	Ala	GGC	0	0	86.95	68.86	18.09	
NODE_2_length_506492_cov_48.5151 	7	452823	452748	Glu	TTC	0	0	66.40	38.20	28.20	
NODE_2_length_506492_cov_48.5151 	8	413840	413765	Val	TAC	0	0	94.49	73.68	20.81	
NODE_2_length_506492_cov_48.5151 	9	413748	413672	Asp	GTC	0	0	94.67	75.49	19.18	
NODE_2_length_506492_cov_48.5151 	10	413557	413481	Asp	GTC	0	0	94.67	75.49	19.18	
NODE_2_length_506492_cov_48.5151 	11	111969	111894	Glu	TTC	0	0	66.40	38.20	28.20	
NODE_2_length_506492_cov_48.5151 	12	111891	111816	Gly	GCC	0	0	93.74	68.41	25.33	
NODE_2_length_506492_cov_48.5151 	13	111731	111656	Gly	GCC	0	0	93.74	68.41	25.33	
NODE_2_length_506492_cov_48.5151 	14	67942 	67866 	Val	GAC	0	0	93.19	67.81	25.38	
NODE_2_length_506492_cov_48.5151 	15	739   	663   	Pro	GGG	0	0	74.89	48.01	26.88	
NODE_3_length_484933_cov_44.4867 	1	391653	391729	Arg	TCT	0	0	96.39	77.88	18.51	
NODE_3_length_484933_cov_44.4867 	2	391781	391856	His	GTG	0	0	83.51	64.18	19.33	
NODE_3_length_484933_cov_44.4867 	3	391911	391995	Leu	TAG	0	0	72.54	46.15	26.39	
NODE_3_length_484933_cov_44.4867 	4	392062	392137	His	GTG	0	0	83.51	64.18	19.33	
NODE_3_length_484933_cov_44.4867 	5	403431	403507	Asp	GTC	0	0	95.34	76.86	18.48	
NODE_4_length_455908_cov_60.7729 	1	268937	269023	Leu	CAG	0	0	73.96	38.54	35.42	
NODE_4_length_455908_cov_60.7729 	2	269153	269239	Leu	CAG	0	0	73.96	38.54	35.42	
NODE_4_length_455908_cov_60.7729 	3	116201	116110	SeC	TCA	0	0	55.75	-18.51	74.26	
NODE_4_length_455908_cov_60.7729 	4	62833 	62748 	Leu	GAG	0	0	68.53	39.16	29.37	
NODE_4_length_455908_cov_60.7729 	5	62657 	62581 	Met	CAT	0	0	85.85	60.06	25.79	
NODE_5_length_374723_cov_65.2586 	1	294260	294184	Met	CAT	0	0	92.87	71.40	21.47	
NODE_6_length_352060_cov_55.2164 	1	101469	101544	Asn	GTT	0	0	91.73	62.08	29.65	
NODE_6_length_352060_cov_55.2164 	2	101554	101630	Pro	TGG	0	0	87.63	64.60	23.03	
NODE_6_length_352060_cov_55.2164 	3	101641	101716	Lys	TTT	0	0	95.07	71.82	23.25	
NODE_6_length_352060_cov_55.2164 	4	121022	121097	Thr	CGT	0	0	90.98	74.93	16.05	
NODE_6_length_352060_cov_55.2164 	5	57554 	57481 	Arg	ACG	0	0	52.72	27.21	25.51	
NODE_8_length_341664_cov_52.9858 	1	233643	233719	Met	CAT	0	0	85.06	58.55	26.51	
NODE_8_length_341664_cov_52.9858 	2	339854	339926	Leu	GAG	0	0	20.84	19.28	1.56	
NODE_8_length_341664_cov_52.9858 	3	250174	250084	Ser	GCT	0	0	76.69	47.10	29.59	
NODE_8_length_341664_cov_52.9858 	4	249966	249890	Arg	ACG	0	0	83.50	58.05	25.45	
NODE_8_length_341664_cov_52.9858 	5	249778	249702	Arg	ACG	0	0	83.50	58.05	25.45	
NODE_8_length_341664_cov_52.9858 	6	181091	181016	Lys	TTT	0	0	95.07	71.82	23.25	
NODE_8_length_341664_cov_52.9858 	7	153549	153460	Ser	CGA	0	0	68.31	24.88	43.43	
NODE_9_length_324385_cov_60.701  	1	71584 	71659 	Phe	GAA	0	0	92.69	68.52	24.17	
NODE_9_length_324385_cov_60.701  	2	83372 	83454 	Undet	NNN	0	0	25.90	17.87	8.03	
NODE_9_length_324385_cov_60.701  	3	94590 	94665 	Thr	TGT	0	0	93.66	75.64	18.02	
NODE_10_length_292766_cov_46.0504	1	56358 	56433 	Gly	GCC	0	0	93.74	68.41	25.33	
NODE_10_length_292766_cov_46.0504	2	182680	182753	Cys	GCA	0	0	62.38	45.73	16.65	
NODE_10_length_292766_cov_46.0504	3	195305	195391	Leu	TAA	0	0	76.64	42.32	34.32	
NODE_11_length_279400_cov_60.3839	1	214253	214167	Leu	CAA	0	0	69.99	38.33	31.66	
NODE_12_length_245221_cov_53.7111	1	99467 	99540 	Gly	CCC	0	0	60.35	30.06	30.29	
NODE_16_length_177356_cov_46.1209	1	37070 	36981 	Ser	TGA	0	0	72.70	38.95	33.75	
NODE_19_length_103306_cov_56.4286	1	54566 	54492 	Gln	TTG	0	0	66.82	40.36	26.46	
NODE_19_length_103306_cov_56.4286	2	30500 	30424 	Met	CAT	0	0	87.19	64.42	22.77	
NODE_23_length_65462_cov_65.9333 	1	64243 	64168 	Trp	CCA	0	0	86.73	63.05	23.68	
NODE_32_length_35934_cov_69.5141 	1	1313  	1237  	Arg	CCG	0	0	87.81	66.55	21.26	
NODE_40_length_5533_cov_226.887  	1	3563  	3487  	Ile	GAT	0	0	98.83	72.69	26.14	
NODE_40_length_5533_cov_226.887  	2	3458  	3383  	Ala	TGC	0	0	90.68	71.56	19.12	
NODE_44_length_3345_cov_58.2222  	1	521   	437   	Tyr	GTA	0	0	71.07	41.76	29.31	
NODE_44_length_3345_cov_58.2222  	2	410   	337   	Gly	TCC	0	0	82.75	60.87	21.88	
NODE_44_length_3345_cov_58.2222  	3	317   	242   	Thr	GGT	0	0	93.76	67.73	26.03	
