Sequence                         		tRNA  	Bounds	tRNA	Anti	Intron Bounds	Cove	HMM	2'Str	      
Name                             	tRNA #	Begin 	End   	Type	Codon	Begin	End	Score	Score	Score	Note
--------                         	------	----- 	------	----	-----	-----	----	------	-----	-----	------
NODE_1_length_778073_cov_77.2929 	1	654780	654871	SeC	TCA	0	0	55.75	-18.51	74.26	
NODE_1_length_778073_cov_77.2929 	2	715122	715207	Leu	GAG	0	0	68.53	39.16	29.37	
NODE_1_length_778073_cov_77.2929 	3	715298	715374	Met	CAT	0	0	85.85	60.06	25.79	
NODE_1_length_778073_cov_77.2929 	4	500451	500365	Leu	CAG	0	0	73.96	38.54	35.42	
NODE_1_length_778073_cov_77.2929 	5	500235	500149	Leu	CAG	0	0	73.96	38.54	35.42	
NODE_1_length_778073_cov_77.2929 	6	241162	241087	Phe	GAA	0	0	92.69	68.52	24.17	
NODE_1_length_778073_cov_77.2929 	7	229752	229677	Thr	TGT	0	0	93.66	75.64	18.02	
NODE_2_length_705812_cov_74.2735 	1	492991	493077	Leu	CAA	0	0	69.99	38.33	31.66	
NODE_2_length_705812_cov_74.2735 	2	6627  	6551  	Arg	CCT	0	0	83.71	58.51	25.20	
NODE_3_length_489638_cov_75.1502 	1	461718	461629	Ser	CGA	0	0	68.31	24.88	43.43	
NODE_4_length_480656_cov_69.7395 	1	385868	385944	Arg	TCT	0	0	96.39	77.88	18.51	
NODE_4_length_480656_cov_69.7395 	2	385996	386071	His	GTG	0	0	83.51	64.18	19.33	
NODE_4_length_480656_cov_69.7395 	3	386126	386210	Leu	TAG	0	0	76.62	44.97	31.65	
NODE_4_length_480656_cov_69.7395 	4	386277	386352	His	GTG	0	0	83.51	64.18	19.33	
NODE_4_length_480656_cov_69.7395 	5	397643	397719	Asp	GTC	0	0	95.34	76.86	18.48	
NODE_5_length_468272_cov_73.5344 	1	173062	173137	Asn	GTT	0	0	91.73	62.08	29.65	
NODE_5_length_468272_cov_73.5344 	2	173147	173223	Pro	TGG	0	0	87.63	64.60	23.03	
NODE_5_length_468272_cov_73.5344 	3	173234	173309	Lys	TTT	0	0	95.07	71.82	23.25	
NODE_5_length_468272_cov_73.5344 	4	192616	192691	Thr	CGT	0	0	90.98	74.93	16.05	
NODE_5_length_468272_cov_73.5344 	5	129146	129073	Arg	ACG	0	0	52.72	27.21	25.51	
NODE_5_length_468272_cov_73.5344 	6	21744 	21670 	Gln	TTG	0	0	66.82	40.36	26.46	
NODE_5_length_468272_cov_73.5344 	7	3096  	3020  	Met	CAT	0	0	87.19	64.42	22.77	
NODE_6_length_444337_cov_72.2213 	1	18609 	18684 	Ala	GGC	0	0	86.95	68.86	18.09	
NODE_6_length_444337_cov_72.2213 	2	18733 	18808 	Glu	TTC	0	0	66.40	38.20	28.20	
NODE_6_length_444337_cov_72.2213 	3	18902 	18977 	Ala	GGC	0	0	86.95	68.86	18.09	
NODE_6_length_444337_cov_72.2213 	4	19024 	19099 	Glu	TTC	0	0	66.40	38.20	28.20	
NODE_6_length_444337_cov_72.2213 	5	58012 	58087 	Val	TAC	0	0	94.49	73.68	20.81	
NODE_6_length_444337_cov_72.2213 	6	58104 	58180 	Asp	GTC	0	0	94.67	75.49	19.18	
NODE_6_length_444337_cov_72.2213 	7	58295 	58371 	Asp	GTC	0	0	94.67	75.49	19.18	
NODE_6_length_444337_cov_72.2213 	8	359912	359987	Glu	TTC	0	0	66.40	38.20	28.20	
NODE_6_length_444337_cov_72.2213 	9	359990	360065	Gly	GCC	0	0	93.74	68.41	25.33	
NODE_6_length_444337_cov_72.2213 	10	360150	360225	Gly	GCC	0	0	93.74	68.41	25.33	
NODE_6_length_444337_cov_72.2213 	11	408803	408879	Val	GAC	0	0	93.19	67.81	25.38	
NODE_6_length_444337_cov_72.2213 	12	442944	443020	Pro	GGG	0	0	74.89	48.01	26.88	
NODE_6_length_444337_cov_72.2213 	13	327415	327326	Ser	GGA	0	0	71.75	34.38	37.37	
NODE_6_length_444337_cov_72.2213 	14	138629	138553	Pro	CGG	0	0	88.20	60.26	27.94	
NODE_6_length_444337_cov_72.2213 	15	9810  	9735  	Asn	GTT	0	0	91.73	62.08	29.65	
NODE_7_length_421155_cov_75.2869 	1	90177 	90253 	Met	CAT	0	0	92.87	71.40	21.47	
NODE_7_length_421155_cov_75.2869 	2	419822	419898	Arg	CCG	0	0	87.81	66.55	21.26	
NODE_8_length_307658_cov_70.522  	1	167268	167179	Ser	TGA	0	0	72.70	38.95	33.75	
NODE_8_length_307658_cov_70.522  	2	142892	142817	Gly	GCC	0	0	93.74	68.41	25.33	
NODE_8_length_307658_cov_70.522  	3	138270	138197	Cys	GCA	0	0	62.38	45.73	16.65	
NODE_8_length_307658_cov_70.522  	4	125647	125561	Leu	TAA	0	0	76.64	42.32	34.32	
NODE_10_length_264815_cov_73.8916	1	53754 	53830 	Met	CAT	0	0	85.06	58.55	26.51	
NODE_10_length_264815_cov_73.8916	2	159961	160033	Leu	GAG	0	0	20.84	19.28	1.56	
NODE_10_length_264815_cov_73.8916	3	261324	261397	Gly	CCC	0	0	60.35	30.06	30.29	
NODE_10_length_264815_cov_73.8916	4	70299 	70209 	Ser	GCT	0	0	76.69	47.10	29.59	
NODE_10_length_264815_cov_73.8916	5	70091 	70015 	Arg	ACG	0	0	83.50	58.05	25.45	
NODE_10_length_264815_cov_73.8916	6	69903 	69827 	Arg	ACG	0	0	83.50	58.05	25.45	
NODE_10_length_264815_cov_73.8916	7	1223  	1148  	Lys	TTT	0	0	95.07	71.82	23.25	
NODE_13_length_204323_cov_73.1434	1	130263	130338	Val	TAC	0	0	94.49	73.68	20.81	
NODE_13_length_204323_cov_73.1434	2	130355	130431	Asp	GTC	0	0	94.67	75.49	19.18	
NODE_16_length_80958_cov_72.9729 	1	1220  	1295  	Trp	CCA	0	0	86.73	63.05	23.68	
NODE_30_length_5447_cov_273.883  	1	1858  	1934  	Ile	GAT	0	0	98.83	72.69	26.14	
NODE_30_length_5447_cov_273.883  	2	1963  	2038  	Ala	TGC	0	0	90.68	71.56	19.12	
NODE_36_length_3319_cov_66.1056  	1	2799  	2883  	Tyr	GTA	0	0	71.07	41.76	29.31	
NODE_36_length_3319_cov_66.1056  	2	2910  	2983  	Gly	TCC	0	0	82.75	60.87	21.88	
NODE_36_length_3319_cov_66.1056  	3	3003  	3078  	Thr	GGT	0	0	93.76	67.73	26.03	
