Sequence                         		tRNA  	Bounds	tRNA	Anti	Intron Bounds	Cove	HMM	2'Str	      
Name                             	tRNA #	Begin 	End   	Type	Codon	Begin	End	Score	Score	Score	Note
--------                         	------	----- 	------	----	-----	-----	----	------	-----	-----	------
NODE_1_length_890944_cov_37.6391 	1	708176	708252	Arg	TCT	0	0	96.39	77.88	18.51	
NODE_1_length_890944_cov_37.6391 	2	708304	708379	His	GTG	0	0	83.51	64.18	19.33	
NODE_1_length_890944_cov_37.6391 	3	708434	708518	Leu	TAG	0	0	76.74	45.09	31.65	
NODE_1_length_890944_cov_37.6391 	4	736956	737031	Gly	TCC	0	0	80.67	54.25	26.42	
NODE_1_length_890944_cov_37.6391 	5	737044	737118	Asn	GTT	0	0	77.66	51.70	25.96	
NODE_1_length_890944_cov_37.6391 	6	737123	737198	Thr	TGT	0	0	74.27	61.42	12.85	
NODE_1_length_890944_cov_37.6391 	7	766591	766666	His	GTG	0	0	83.51	64.18	19.33	
NODE_1_length_890944_cov_37.6391 	8	777944	778020	Asp	GTC	0	0	95.34	76.86	18.48	
NODE_2_length_651384_cov_39.2414 	1	80319 	80395 	Met	CAT	0	0	92.87	71.40	21.47	
NODE_2_length_651384_cov_39.2414 	2	94517 	94584 	Undet	NNN	0	0	23.91	17.16	6.75	
NODE_2_length_651384_cov_39.2414 	3	420276	420352	Arg	CCG	0	0	87.81	66.55	21.26	
NODE_3_length_620999_cov_38.9253 	1	261130	261044	Leu	CAA	0	0	69.99	38.33	31.66	
NODE_4_length_472914_cov_37.647  	1	163499	163585	Leu	CAG	0	0	73.96	38.54	35.42	
NODE_4_length_472914_cov_37.647  	2	163715	163801	Leu	CAG	0	0	73.96	38.54	35.42	
NODE_4_length_472914_cov_37.647  	3	420436	420511	Phe	GAA	0	0	92.69	68.52	24.17	
NODE_4_length_472914_cov_37.647  	4	431841	431916	Thr	TGT	0	0	93.66	75.64	18.02	
NODE_5_length_321880_cov_36.624  	1	117267	117342	Glu	TTC	0	0	66.40	38.20	28.20	
NODE_5_length_321880_cov_36.624  	2	117345	117420	Gly	GCC	0	0	93.74	68.41	25.33	
NODE_5_length_321880_cov_36.624  	3	117505	117580	Gly	GCC	0	0	93.74	68.41	25.33	
NODE_5_length_321880_cov_36.624  	4	286440	286516	Val	GAC	0	0	93.19	67.81	25.38	
NODE_5_length_321880_cov_36.624  	5	320285	320361	Pro	GGG	0	0	74.89	48.01	26.88	
NODE_5_length_321880_cov_36.624  	6	84768 	84679 	Ser	GGA	0	0	71.75	34.38	37.37	
NODE_6_length_305056_cov_38.0623 	1	31781 	31856 	Thr	CGT	0	0	90.98	74.93	16.05	
NODE_8_length_252755_cov_37.9335 	1	157686	157760	Arg	CCT	0	0	69.71	45.21	24.50	
NODE_9_length_241122_cov_37.5383 	1	104288	104364	Pro	CGG	0	0	88.20	60.26	27.94	
NODE_9_length_241122_cov_37.5383 	2	230958	231033	Asn	GTT	0	0	91.73	62.08	29.65	
NODE_9_length_241122_cov_37.5383 	3	222159	222084	Ala	GGC	0	0	86.95	68.86	18.09	
NODE_9_length_241122_cov_37.5383 	4	222035	221960	Glu	TTC	0	0	66.40	38.20	28.20	
NODE_9_length_241122_cov_37.5383 	5	221866	221791	Ala	GGC	0	0	86.95	68.86	18.09	
NODE_9_length_241122_cov_37.5383 	6	221744	221669	Glu	TTC	0	0	66.40	38.20	28.20	
NODE_9_length_241122_cov_37.5383 	7	182756	182681	Val	TAC	0	0	94.49	73.68	20.81	
NODE_9_length_241122_cov_37.5383 	8	182664	182588	Asp	GTC	0	0	94.67	75.49	19.18	
NODE_9_length_241122_cov_37.5383 	9	182473	182397	Asp	GTC	0	0	94.67	75.49	19.18	
NODE_11_length_186172_cov_38.1292	1	155163	155074	Ser	CGA	0	0	68.31	24.88	43.43	
NODE_12_length_175277_cov_37.6593	1	45016 	45089 	Arg	ACG	0	0	52.72	27.21	25.51	
NODE_12_length_175277_cov_37.6593	2	151937	152011	Gln	TTG	0	0	66.82	40.36	26.46	
NODE_12_length_175277_cov_37.6593	3	155685	155761	Met	CAT	0	0	87.19	64.42	22.77	
NODE_12_length_175277_cov_37.6593	4	1108  	1033  	Asn	GTT	0	0	91.73	62.08	29.65	
NODE_12_length_175277_cov_37.6593	5	1023  	947   	Pro	TGG	0	0	87.63	64.60	23.03	
NODE_12_length_175277_cov_37.6593	6	936   	861   	Lys	TTT	0	0	95.07	71.82	23.25	
NODE_13_length_166340_cov_37.3822	1	140556	140645	Ser	TGA	0	0	72.70	38.95	33.75	
NODE_13_length_166340_cov_37.3822	2	164936	165011	Gly	GCC	0	0	93.74	68.41	25.33	
NODE_14_length_160677_cov_36.9815	1	53505 	53581 	Met	CAT	0	0	85.06	58.55	26.51	
NODE_14_length_160677_cov_36.9815	2	159606	159678	Leu	GAG	0	0	20.84	19.28	1.56	
NODE_14_length_160677_cov_36.9815	3	70037 	69947 	Ser	GCT	0	0	76.69	47.10	29.59	
NODE_14_length_160677_cov_36.9815	4	69829 	69753 	Arg	ACG	0	0	83.50	58.05	25.45	
NODE_14_length_160677_cov_36.9815	5	69641 	69565 	Arg	ACG	0	0	83.50	58.05	25.45	
NODE_14_length_160677_cov_36.9815	6	937   	862   	Lys	TTT	0	0	95.07	71.82	23.25	
NODE_16_length_132116_cov_37.3088	1	95418 	95491 	Gly	CCC	0	0	60.35	30.06	30.29	
NODE_18_length_118866_cov_37.0729	1	1531  	1622  	SeC	TCA	0	0	55.75	-18.51	74.26	
NODE_18_length_118866_cov_37.0729	2	55917 	56002 	Leu	GAG	0	0	68.53	39.16	29.37	
NODE_18_length_118866_cov_37.0729	3	56093 	56169 	Met	CAT	0	0	85.85	60.06	25.79	
NODE_20_length_117040_cov_38.551 	1	112553	112480	Cys	GCA	0	0	62.38	45.73	16.65	
NODE_20_length_117040_cov_38.551 	2	99928 	99842 	Leu	TAA	0	0	76.64	42.32	34.32	
NODE_21_length_114957_cov_37.5604	1	36054 	36129 	Val	TAC	0	0	94.49	73.68	20.81	
NODE_21_length_114957_cov_37.5604	2	36146 	36222 	Asp	GTC	0	0	94.67	75.49	19.18	
NODE_32_length_42328_cov_40.7979 	1	1220  	1295  	Trp	CCA	0	0	86.73	63.05	23.68	
NODE_47_length_5419_cov_129.158  	1	1858  	1934  	Ile	GAT	0	0	98.83	72.69	26.14	
NODE_47_length_5419_cov_129.158  	2	1963  	2038  	Ala	TGC	0	0	90.68	71.56	19.12	
NODE_53_length_3346_cov_35.507   	1	2826  	2910  	Tyr	GTA	0	0	71.07	41.76	29.31	
NODE_53_length_3346_cov_35.507   	2	2937  	3010  	Gly	TCC	0	0	82.75	60.87	21.88	
NODE_53_length_3346_cov_35.507   	3	3030  	3105  	Thr	GGT	0	0	93.76	67.73	26.03	
