Sequence                        		tRNA  	Bounds	tRNA	Anti	Intron Bounds	Cove	HMM	2'Str	      
Name                            	tRNA #	Begin 	End   	Type	Codon	Begin	End	Score	Score	Score	Note
--------                        	------	----- 	------	----	-----	-----	----	------	-----	-----	------
NODE_1_length_772765_cov_59.002 	1	655897	655988	SeC	TCA	0	0	55.75	-18.51	74.26	
NODE_1_length_772765_cov_59.002 	2	709905	709990	Leu	GAG	0	0	68.53	39.16	29.37	
NODE_1_length_772765_cov_59.002 	3	710081	710157	Met	CAT	0	0	85.85	60.06	25.79	
NODE_1_length_772765_cov_59.002 	4	502216	502130	Leu	CAG	0	0	73.96	38.54	35.42	
NODE_1_length_772765_cov_59.002 	5	502000	501914	Leu	CAG	0	0	73.96	38.54	35.42	
NODE_1_length_772765_cov_59.002 	6	242932	242857	Phe	GAA	0	0	92.69	68.52	24.17	
NODE_1_length_772765_cov_59.002 	7	228369	228294	Thr	TGT	0	0	93.66	75.64	18.02	
NODE_2_length_674141_cov_57.6764	1	298323	298412	Ser	GGA	0	0	71.75	34.38	37.37	
NODE_2_length_674141_cov_57.6764	2	487087	487163	Pro	CGG	0	0	88.20	60.26	27.94	
NODE_2_length_674141_cov_57.6764	3	658352	658427	Asn	GTT	0	0	91.73	62.08	29.65	
NODE_2_length_674141_cov_57.6764	4	649553	649478	Ala	GGC	0	0	86.95	68.86	18.09	
NODE_2_length_674141_cov_57.6764	5	649429	649354	Glu	TTC	0	0	66.40	38.20	28.20	
NODE_2_length_674141_cov_57.6764	6	649260	649185	Ala	GGC	0	0	86.95	68.86	18.09	
NODE_2_length_674141_cov_57.6764	7	649138	649063	Glu	TTC	0	0	66.40	38.20	28.20	
NODE_2_length_674141_cov_57.6764	8	610159	610084	Val	TAC	0	0	94.49	73.68	20.81	
NODE_2_length_674141_cov_57.6764	9	610067	609991	Asp	GTC	0	0	94.67	75.49	19.18	
NODE_2_length_674141_cov_57.6764	10	609876	609800	Asp	GTC	0	0	94.67	75.49	19.18	
NODE_2_length_674141_cov_57.6764	11	265834	265759	Glu	TTC	0	0	66.40	38.20	28.20	
NODE_2_length_674141_cov_57.6764	12	265756	265681	Gly	GCC	0	0	93.74	68.41	25.33	
NODE_2_length_674141_cov_57.6764	13	265596	265521	Gly	GCC	0	0	93.74	68.41	25.33	
NODE_2_length_674141_cov_57.6764	14	54089 	54013 	Val	GAC	0	0	93.19	67.81	25.38	
NODE_2_length_674141_cov_57.6764	15	19948 	19872 	Pro	GGG	0	0	74.89	48.01	26.88	
NODE_3_length_390746_cov_58.0087	1	187771	187847	Arg	CCT	0	0	83.71	58.51	25.20	
NODE_3_length_390746_cov_58.0087	2	316892	316967	Val	TAC	0	0	94.49	73.68	20.81	
NODE_3_length_390746_cov_58.0087	3	316984	317060	Asp	GTC	0	0	94.67	75.49	19.18	
NODE_4_length_384107_cov_58.1943	1	64863 	64939 	Met	CAT	0	0	85.06	58.55	26.51	
NODE_4_length_384107_cov_58.1943	2	171078	171150	Leu	GAG	0	0	20.84	19.28	1.56	
NODE_4_length_384107_cov_58.1943	3	377578	377651	Gly	CCC	0	0	60.35	30.06	30.29	
NODE_4_length_384107_cov_58.1943	4	81406 	81316 	Ser	GCT	0	0	76.69	47.10	29.59	
NODE_4_length_384107_cov_58.1943	5	81198 	81122 	Arg	ACG	0	0	83.50	58.05	25.45	
NODE_4_length_384107_cov_58.1943	6	81010 	80934 	Arg	ACG	0	0	83.50	58.05	25.45	
NODE_4_length_384107_cov_58.1943	7	12309 	12234 	Lys	TTT	0	0	95.07	71.82	23.25	
NODE_6_length_364739_cov_58.2371	1	26118 	26032 	Leu	CAA	0	0	69.99	38.33	31.66	
NODE_7_length_338183_cov_57.2992	1	250123	250196	Arg	ACG	0	0	52.72	27.21	25.51	
NODE_7_length_338183_cov_57.2992	2	206207	206132	Asn	GTT	0	0	91.73	62.08	29.65	
NODE_7_length_338183_cov_57.2992	3	206122	206046	Pro	TGG	0	0	87.63	64.60	23.03	
NODE_7_length_338183_cov_57.2992	4	206035	205960	Lys	TTT	0	0	95.07	71.82	23.25	
NODE_7_length_338183_cov_57.2992	5	186642	186567	Thr	CGT	0	0	90.98	74.93	16.05	
NODE_9_length_295367_cov_58.5709	1	293319	293243	Met	CAT	0	0	92.87	71.40	21.47	
NODE_10_length_279410_cov_58.1016	1	236623	236534	Ser	CGA	0	0	68.31	24.88	43.43	
NODE_13_length_203678_cov_56.3494	1	88852 	88927 	Gly	GCC	0	0	93.74	68.41	25.33	
NODE_13_length_203678_cov_56.3494	2	93476 	93549 	Cys	GCA	0	0	62.38	45.73	16.65	
NODE_13_length_203678_cov_56.3494	3	106101	106187	Leu	TAA	0	0	76.64	42.32	34.32	
NODE_15_length_181408_cov_56.3456	1	10954 	10865 	Ser	TGA	0	0	68.83	34.50	34.33	
NODE_16_length_176333_cov_55.2865	1	52733 	52808 	His	GTG	0	0	83.51	64.18	19.33	
NODE_16_length_176333_cov_55.2865	2	64092 	64168 	Asp	GTC	0	0	95.34	76.86	18.48	
NODE_26_length_65469_cov_59.1381	1	64250 	64175 	Trp	CCA	0	0	86.73	63.05	23.68	
NODE_28_length_51600_cov_59.311 	1	29362 	29436 	Gln	TTG	0	0	66.82	40.36	26.46	
NODE_28_length_51600_cov_59.311 	2	33110 	33186 	Met	CAT	0	0	87.19	64.42	22.77	
NODE_29_length_51083_cov_54.4505	1	38276 	38352 	Arg	TCT	0	0	96.39	77.88	18.51	
NODE_29_length_51083_cov_54.4505	2	38404 	38479 	His	GTG	0	0	83.51	64.18	19.33	
NODE_29_length_51083_cov_54.4505	3	38534 	38618 	Leu	TAG	0	0	76.62	44.97	31.65	
NODE_34_length_47118_cov_61.0508	1	10921 	10845 	Arg	CCG	0	0	87.81	66.55	21.26	
NODE_49_length_5570_cov_241.83  	1	1955  	2031  	Ile	GAT	0	0	98.83	72.69	26.14	
NODE_49_length_5570_cov_241.83  	2	2060  	2135  	Ala	TGC	0	0	90.68	71.56	19.12	
NODE_58_length_3292_cov_55.3346 	1	521   	437   	Tyr	GTA	0	0	71.07	41.76	29.31	
NODE_58_length_3292_cov_55.3346 	2	410   	337   	Gly	TCC	0	0	82.75	60.87	21.88	
NODE_58_length_3292_cov_55.3346 	3	317   	242   	Thr	GGT	0	0	93.76	67.73	26.03	
