Sequence                         		tRNA  	Bounds	tRNA	Anti	Intron Bounds	Cove	HMM	2'Str	      
Name                             	tRNA #	Begin 	End   	Type	Codon	Begin	End	Score	Score	Score	Note
--------                         	------	----- 	------	----	-----	-----	----	------	-----	-----	------
NODE_1_length_811939_cov_25.0297 	1	310674	310760	Leu	CAG	0	0	73.96	38.54	35.42	
NODE_1_length_811939_cov_25.0297 	2	310890	310976	Leu	CAG	0	0	73.96	38.54	35.42	
NODE_1_length_811939_cov_25.0297 	3	570724	570799	Phe	GAA	0	0	92.69	68.52	24.17	
NODE_1_length_811939_cov_25.0297 	4	582134	582209	Thr	TGT	0	0	93.66	75.64	18.02	
NODE_1_length_811939_cov_25.0297 	5	157075	156984	SeC	TCA	0	0	55.75	-18.51	74.26	
NODE_1_length_811939_cov_25.0297 	6	62915 	62830 	Leu	GAG	0	0	68.53	39.16	29.37	
NODE_1_length_811939_cov_25.0297 	7	62739 	62663 	Met	CAT	0	0	85.85	60.06	25.79	
NODE_2_length_800847_cov_23.1272 	1	438758	438847	Ser	GGA	0	0	71.75	34.38	37.37	
NODE_2_length_800847_cov_23.1272 	2	627547	627623	Pro	CGG	0	0	88.20	60.26	27.94	
NODE_2_length_800847_cov_23.1272 	3	756388	756463	Asn	GTT	0	0	91.73	62.08	29.65	
NODE_2_length_800847_cov_23.1272 	4	747589	747514	Ala	GGC	0	0	86.95	68.86	18.09	
NODE_2_length_800847_cov_23.1272 	5	747465	747390	Glu	TTC	0	0	66.40	38.20	28.20	
NODE_2_length_800847_cov_23.1272 	6	747296	747221	Ala	GGC	0	0	86.95	68.86	18.09	
NODE_2_length_800847_cov_23.1272 	7	747174	747099	Glu	TTC	0	0	66.40	38.20	28.20	
NODE_2_length_800847_cov_23.1272 	8	708179	708104	Val	TAC	0	0	94.49	73.68	20.81	
NODE_2_length_800847_cov_23.1272 	9	708087	708011	Asp	GTC	0	0	94.67	75.49	19.18	
NODE_2_length_800847_cov_23.1272 	10	707896	707820	Asp	GTC	0	0	94.67	75.49	19.18	
NODE_2_length_800847_cov_23.1272 	11	406263	406188	Glu	TTC	0	0	66.40	38.20	28.20	
NODE_2_length_800847_cov_23.1272 	12	406185	406110	Gly	GCC	0	0	93.74	68.41	25.33	
NODE_2_length_800847_cov_23.1272 	13	406025	405950	Gly	GCC	0	0	93.74	68.41	25.33	
NODE_2_length_800847_cov_23.1272 	14	359996	359920	Val	GAC	0	0	93.19	67.81	25.38	
NODE_2_length_800847_cov_23.1272 	15	325860	325784	Pro	GGG	0	0	74.89	48.01	26.88	
NODE_2_length_800847_cov_23.1272 	16	164818	164729	Ser	TGA	0	0	72.70	38.95	33.75	
NODE_2_length_800847_cov_23.1272 	17	140443	140368	Gly	GCC	0	0	93.74	68.41	25.33	
NODE_2_length_800847_cov_23.1272 	18	135820	135747	Cys	GCA	0	0	62.38	45.73	16.65	
NODE_2_length_800847_cov_23.1272 	19	123197	123111	Leu	TAA	0	0	76.64	42.32	34.32	
NODE_3_length_774265_cov_25.2775 	1	770399	770475	Arg	CCT	0	0	83.71	58.51	25.20	
NODE_3_length_774265_cov_25.2775 	2	216585	216499	Leu	CAA	0	0	69.99	38.33	31.66	
NODE_4_length_563769_cov_24.0644 	1	14718 	14803 	Lys	TTT	0	0	22.00	12.28	9.72	
NODE_4_length_563769_cov_24.0644 	2	42268 	42357 	Ser	CGA	0	0	68.31	24.88	43.43	
NODE_5_length_431711_cov_24.3162 	1	274440	274530	Ser	GCT	0	0	76.69	47.10	29.59	
NODE_5_length_431711_cov_24.3162 	2	274648	274724	Arg	ACG	0	0	83.50	58.05	25.45	
NODE_5_length_431711_cov_24.3162 	3	274836	274912	Arg	ACG	0	0	83.50	58.05	25.45	
NODE_5_length_431711_cov_24.3162 	4	343533	343608	Lys	TTT	0	0	95.07	71.82	23.25	
NODE_5_length_431711_cov_24.3162 	5	290982	290906	Met	CAT	0	0	85.06	58.55	26.51	
NODE_5_length_431711_cov_24.3162 	6	184768	184696	Leu	GAG	0	0	20.84	19.28	1.56	
NODE_5_length_431711_cov_24.3162 	7	69293 	69220 	Gly	CCC	0	0	60.35	30.06	30.29	
NODE_6_length_427281_cov_22.5485 	1	302864	302940	Arg	TCT	0	0	96.39	77.88	18.51	
NODE_6_length_427281_cov_22.5485 	2	302992	303067	His	GTG	0	0	83.51	64.18	19.33	
NODE_6_length_427281_cov_22.5485 	3	303122	303206	Leu	TAG	0	0	76.62	44.97	31.65	
NODE_6_length_427281_cov_22.5485 	4	303273	303348	His	GTG	0	0	83.51	64.18	19.33	
NODE_6_length_427281_cov_22.5485 	5	314633	314709	Asp	GTC	0	0	95.34	76.86	18.48	
NODE_7_length_422151_cov_23.8585 	1	171916	171991	Asn	GTT	0	0	91.73	62.08	29.65	
NODE_7_length_422151_cov_23.8585 	2	172001	172077	Pro	TGG	0	0	87.63	64.60	23.03	
NODE_7_length_422151_cov_23.8585 	3	172088	172163	Lys	TTT	0	0	95.07	71.82	23.25	
NODE_7_length_422151_cov_23.8585 	4	191471	191546	Thr	CGT	0	0	90.98	74.93	16.05	
NODE_7_length_422151_cov_23.8585 	5	128000	127927	Arg	ACG	0	0	52.72	27.21	25.51	
NODE_7_length_422151_cov_23.8585 	6	22228 	22154 	Gln	TTG	0	0	66.82	40.36	26.46	
NODE_7_length_422151_cov_23.8585 	7	18480 	18404 	Met	CAT	0	0	87.19	64.42	22.77	
NODE_8_length_371941_cov_25.4976 	1	294393	294317	Met	CAT	0	0	92.87	71.40	21.47	
NODE_12_length_204646_cov_23.8387	1	1016  	1090  	Arg	CCT	0	0	69.69	51.80	17.89	
NODE_12_length_204646_cov_23.8387	2	130803	130878	Val	TAC	0	0	94.49	73.68	20.81	
NODE_12_length_204646_cov_23.8387	3	130895	130971	Asp	GTC	0	0	94.67	75.49	19.18	
NODE_18_length_65479_cov_26.2461 	1	1220  	1295  	Trp	CCA	0	0	86.73	63.05	23.68	
NODE_22_length_35926_cov_26.0764 	1	34635 	34711 	Arg	CCG	0	0	87.81	66.55	21.26	
NODE_27_length_5417_cov_107.33   	1	3524  	3448  	Ile	GAT	0	0	98.83	72.69	26.14	
NODE_27_length_5417_cov_107.33   	2	3419  	3344  	Ala	TGC	0	0	90.68	71.56	19.12	
NODE_29_length_3383_cov_24.2666  	1	2863  	2947  	Tyr	GTA	0	0	71.07	41.76	29.31	
NODE_29_length_3383_cov_24.2666  	2	2974  	3047  	Gly	TCC	0	0	82.75	60.87	21.88	
NODE_29_length_3383_cov_24.2666  	3	3067  	3142  	Thr	GGT	0	0	93.76	67.73	26.03	
