Sequence                         		tRNA  	Bounds	tRNA	Anti	Intron Bounds	Cove	HMM	2'Str	      
Name                             	tRNA #	Begin 	End   	Type	Codon	Begin	End	Score	Score	Score	Note
--------                         	------	----- 	------	----	-----	-----	----	------	-----	-----	------
NODE_1_length_688985_cov_45.3741 	1	273668	273754	Leu	CAG	0	0	73.96	38.54	35.42	
NODE_1_length_688985_cov_45.3741 	2	273884	273970	Leu	CAG	0	0	73.96	38.54	35.42	
NODE_1_length_688985_cov_45.3741 	3	530738	530813	Phe	GAA	0	0	92.69	68.52	24.17	
NODE_1_length_688985_cov_45.3741 	4	542143	542218	Thr	TGT	0	0	93.66	75.64	18.02	
NODE_1_length_688985_cov_45.3741 	5	117023	116932	SeC	TCA	0	0	55.75	-18.51	74.26	
NODE_1_length_688985_cov_45.3741 	6	62713 	62628 	Leu	GAG	0	0	68.53	39.16	29.37	
NODE_1_length_688985_cov_45.3741 	7	62537 	62461 	Met	CAT	0	0	85.85	60.06	25.79	
NODE_2_length_600911_cov_42.8635 	1	237312	237226	Leu	CAA	0	0	69.99	38.33	31.66	
NODE_3_length_498106_cov_37.4319 	1	466059	465984	Lys	TTT	0	0	95.07	71.82	23.25	
NODE_3_length_498106_cov_37.4319 	2	407120	407031	Ser	CGA	0	0	68.31	24.88	43.43	
NODE_4_length_439002_cov_36.2979 	1	77689 	77778 	Ser	GGA	0	0	71.75	34.38	37.37	
NODE_4_length_439002_cov_36.2979 	2	266509	266585	Pro	CGG	0	0	88.20	60.26	27.94	
NODE_4_length_439002_cov_36.2979 	3	396403	396478	Asn	GTT	0	0	91.73	62.08	29.65	
NODE_4_length_439002_cov_36.2979 	4	387604	387529	Ala	GGC	0	0	86.95	68.86	18.09	
NODE_4_length_439002_cov_36.2979 	5	387480	387405	Glu	TTC	0	0	66.40	38.20	28.20	
NODE_4_length_439002_cov_36.2979 	6	387311	387236	Ala	GGC	0	0	86.95	68.86	18.09	
NODE_4_length_439002_cov_36.2979 	7	387189	387114	Glu	TTC	0	0	66.40	38.20	28.20	
NODE_4_length_439002_cov_36.2979 	8	348187	348112	Val	TAC	0	0	94.49	73.68	20.81	
NODE_4_length_439002_cov_36.2979 	9	348095	348019	Asp	GTC	0	0	94.67	75.49	19.18	
NODE_4_length_439002_cov_36.2979 	10	347904	347828	Asp	GTC	0	0	94.67	75.49	19.18	
NODE_4_length_439002_cov_36.2979 	11	45195 	45120 	Glu	TTC	0	0	66.40	38.20	28.20	
NODE_4_length_439002_cov_36.2979 	12	45117 	45042 	Gly	GCC	0	0	93.74	68.41	25.33	
NODE_4_length_439002_cov_36.2979 	13	44957 	44882 	Gly	GCC	0	0	93.74	68.41	25.33	
NODE_5_length_431711_cov_40.9813 	1	177230	177305	Asn	GTT	0	0	91.73	62.08	29.65	
NODE_5_length_431711_cov_40.9813 	2	177315	177391	Pro	TGG	0	0	87.63	64.60	23.03	
NODE_5_length_431711_cov_40.9813 	3	177402	177477	Lys	TTT	0	0	95.07	71.82	23.25	
NODE_5_length_431711_cov_40.9813 	4	196203	196278	Thr	CGT	0	0	90.98	74.93	16.05	
NODE_5_length_431711_cov_40.9813 	5	133324	133251	Arg	ACG	0	0	52.72	27.21	25.51	
NODE_5_length_431711_cov_40.9813 	6	25932 	25858 	Gln	TTG	0	0	66.82	40.36	26.46	
NODE_5_length_431711_cov_40.9813 	7	22184 	22108 	Met	CAT	0	0	87.19	64.42	22.77	
NODE_8_length_218442_cov_37.9533 	1	122948	123022	Arg	CCT	0	0	69.71	45.21	24.50	
NODE_9_length_188592_cov_31.5132 	1	144591	144667	Arg	TCT	0	0	96.39	77.88	18.51	
NODE_9_length_188592_cov_31.5132 	2	144719	144794	His	GTG	0	0	83.51	64.18	19.33	
NODE_9_length_188592_cov_31.5132 	3	144849	144933	Leu	TAG	0	0	76.62	44.97	31.65	
NODE_9_length_188592_cov_31.5132 	4	145000	145075	His	GTG	0	0	83.51	64.18	19.33	
NODE_9_length_188592_cov_31.5132 	5	156353	156429	Asp	GTC	0	0	95.34	76.86	18.48	
NODE_12_length_180810_cov_32.6559	1	34535 	34446 	Ser	TGA	0	0	72.70	38.95	33.75	
NODE_12_length_180810_cov_32.6559	2	10155 	10080 	Gly	GCC	0	0	93.74	68.41	25.33	
NODE_14_length_159252_cov_32.7462	1	125603	125517	Leu	TAA	0	0	76.64	42.32	34.32	
NODE_15_length_158019_cov_39.9623	1	108380	108453	Gly	CCC	0	0	60.35	30.06	30.29	
NODE_17_length_130605_cov_39.502 	1	20780 	20856 	Met	CAT	0	0	85.06	58.55	26.51	
NODE_17_length_130605_cov_39.502 	2	126929	127001	Leu	GAG	0	0	20.84	19.28	1.56	
NODE_17_length_130605_cov_39.502 	3	37357 	37267 	Ser	GCT	0	0	76.69	47.10	29.59	
NODE_17_length_130605_cov_39.502 	4	37149 	37073 	Arg	ACG	0	0	83.50	58.05	25.45	
NODE_17_length_130605_cov_39.502 	5	36961 	36885 	Arg	ACG	0	0	83.50	58.05	25.45	
NODE_19_length_115021_cov_37.6123	1	36099 	36174 	Val	TAC	0	0	94.49	73.68	20.81	
NODE_19_length_115021_cov_37.6123	2	36191 	36267 	Asp	GTC	0	0	94.67	75.49	19.18	
NODE_24_length_90155_cov_47.1997 	1	633   	557   	Met	CAT	0	0	92.87	71.40	21.47	
NODE_25_length_88494_cov_33.8945 	1	39767 	39843 	Val	GAC	0	0	93.19	67.81	25.38	
NODE_25_length_88494_cov_33.8945 	2	73606 	73682 	Pro	GGG	0	0	74.89	48.01	26.88	
NODE_27_length_65525_cov_48.2256 	1	1220  	1295  	Trp	CCA	0	0	86.73	63.05	23.68	
NODE_31_length_53030_cov_33.5799 	1	27417 	27490 	Cys	GCA	0	0	62.38	45.73	16.65	
NODE_35_length_35822_cov_47.7202 	1	34635 	34711 	Arg	CCG	0	0	87.81	66.55	21.26	
NODE_49_length_5676_cov_194.193  	1	2097  	2173  	Ile	GAT	0	0	98.83	72.69	26.14	
NODE_49_length_5676_cov_194.193  	2	2202  	2277  	Ala	TGC	0	0	90.68	71.56	19.12	
NODE_55_length_3326_cov_48.613   	1	2806  	2890  	Tyr	GTA	0	0	71.07	41.76	29.31	
NODE_55_length_3326_cov_48.613   	2	2917  	2990  	Gly	TCC	0	0	82.75	60.87	21.88	
NODE_55_length_3326_cov_48.613   	3	3010  	3085  	Thr	GGT	0	0	93.76	67.73	26.03	
