Sequence                        		tRNA  	Bounds	tRNA	Anti	Intron Bounds	Cove	HMM	2'Str	      
Name                            	tRNA #	Begin 	End   	Type	Codon	Begin	End	Score	Score	Score	Note
--------                        	------	----- 	------	----	-----	-----	----	------	-----	-----	------
NODE_1_length_908243_cov_52.533 	1	665459	665535	Arg	CCT	0	0	83.71	58.51	25.20	
NODE_1_length_908243_cov_52.533 	2	834393	834468	Val	TAC	0	0	94.49	73.68	20.81	
NODE_1_length_908243_cov_52.533 	3	834485	834561	Asp	GTC	0	0	94.67	75.49	19.18	
NODE_1_length_908243_cov_52.533 	4	164016	163930	Leu	CAA	0	0	69.99	38.33	31.66	
NODE_2_length_837889_cov_52.8585	1	146825	146749	Arg	TCT	0	0	96.39	77.88	18.51	
NODE_2_length_837889_cov_52.8585	2	146697	146622	His	GTG	0	0	83.51	64.18	19.33	
NODE_2_length_837889_cov_52.8585	3	146567	146483	Leu	TAG	0	0	76.62	44.97	31.65	
NODE_2_length_837889_cov_52.8585	4	118291	118216	Met	CAT	0	0	65.44	40.37	25.07	
NODE_2_length_837889_cov_52.8585	5	117816	117741	Gly	TCC	0	0	78.65	52.22	26.43	
NODE_2_length_837889_cov_52.8585	6	117728	117654	Asn	GTT	0	0	77.66	51.70	25.96	
NODE_2_length_837889_cov_52.8585	7	117649	117574	Thr	TGT	0	0	74.27	61.42	12.85	
NODE_2_length_837889_cov_52.8585	8	92111 	92036 	His	GTG	0	0	83.51	64.18	19.33	
NODE_2_length_837889_cov_52.8585	9	80758 	80682 	Asp	GTC	0	0	95.34	76.86	18.48	
NODE_3_length_457374_cov_53.8522	1	340466	340557	SeC	TCA	0	0	55.75	-18.51	74.26	
NODE_3_length_457374_cov_53.8522	2	394506	394591	Leu	GAG	0	0	68.53	39.16	29.37	
NODE_3_length_457374_cov_53.8522	3	394682	394758	Met	CAT	0	0	85.85	60.06	25.79	
NODE_3_length_457374_cov_53.8522	4	186984	186898	Leu	CAG	0	0	73.96	38.54	35.42	
NODE_3_length_457374_cov_53.8522	5	186768	186682	Leu	CAG	0	0	73.96	38.54	35.42	
NODE_4_length_410316_cov_51.8325	1	50408 	50497 	Ser	GGA	0	0	71.75	34.38	37.37	
NODE_4_length_410316_cov_51.8325	2	239162	239238	Pro	CGG	0	0	88.20	60.26	27.94	
NODE_4_length_410316_cov_51.8325	3	365866	365941	Asn	GTT	0	0	91.73	62.08	29.65	
NODE_4_length_410316_cov_51.8325	4	357067	356992	Ala	GGC	0	0	86.95	68.86	18.09	
NODE_4_length_410316_cov_51.8325	5	356943	356868	Glu	TTC	0	0	66.40	38.20	28.20	
NODE_4_length_410316_cov_51.8325	6	356774	356699	Ala	GGC	0	0	86.95	68.86	18.09	
NODE_4_length_410316_cov_51.8325	7	356652	356577	Glu	TTC	0	0	66.40	38.20	28.20	
NODE_4_length_410316_cov_51.8325	8	317665	317590	Val	TAC	0	0	94.49	73.68	20.81	
NODE_4_length_410316_cov_51.8325	9	317573	317497	Asp	GTC	0	0	94.67	75.49	19.18	
NODE_4_length_410316_cov_51.8325	10	317382	317306	Asp	GTC	0	0	94.67	75.49	19.18	
NODE_4_length_410316_cov_51.8325	11	17904 	17829 	Glu	TTC	0	0	66.40	38.20	28.20	
NODE_4_length_410316_cov_51.8325	12	17826 	17751 	Gly	GCC	0	0	93.74	68.41	25.33	
NODE_4_length_410316_cov_51.8325	13	17666 	17591 	Gly	GCC	0	0	93.74	68.41	25.33	
NODE_5_length_383039_cov_52.8489	1	89664 	89740 	Met	CAT	0	0	92.87	71.40	21.47	
NODE_6_length_373452_cov_53.6128	1	338831	338755	Arg	CCG	0	0	87.81	66.55	21.26	
NODE_7_length_337121_cov_52.7493	1	263635	263725	Ser	GCT	0	0	76.69	47.10	29.59	
NODE_7_length_337121_cov_52.7493	2	263843	263919	Arg	ACG	0	0	83.50	58.05	25.45	
NODE_7_length_337121_cov_52.7493	3	264031	264107	Arg	ACG	0	0	83.50	58.05	25.45	
NODE_7_length_337121_cov_52.7493	4	332733	332808	Lys	TTT	0	0	95.07	71.82	23.25	
NODE_7_length_337121_cov_52.7493	5	280179	280103	Met	CAT	0	0	85.06	58.55	26.51	
NODE_7_length_337121_cov_52.7493	6	161968	161896	Leu	GAG	0	0	20.84	19.28	1.56	
NODE_7_length_337121_cov_52.7493	7	58163 	58090 	Gly	CCC	0	0	60.35	30.06	30.29	
NODE_9_length_268066_cov_51.9862	1	125307	125218	Ser	TGA	0	0	72.70	38.95	33.75	
NODE_9_length_268066_cov_51.9862	2	69259 	69184 	Gly	GCC	0	0	93.74	68.41	25.33	
NODE_10_length_253736_cov_52.6217	1	213206	213133	Cys	GCA	0	0	62.38	45.73	16.65	
NODE_11_length_239154_cov_53.8107	1	166763	166688	Phe	GAA	0	0	92.69	68.52	24.17	
NODE_11_length_239154_cov_53.8107	2	155353	155278	Thr	TGT	0	0	93.66	75.64	18.02	
NODE_12_length_231542_cov_52.7533	1	1196  	1271  	Thr	CGT	0	0	90.98	74.93	16.05	
NODE_13_length_205799_cov_53.2387	1	62593 	62666 	Arg	ACG	0	0	52.72	27.21	25.51	
NODE_13_length_205799_cov_53.2387	2	169077	169151	Gln	TTG	0	0	66.82	40.36	26.46	
NODE_13_length_205799_cov_53.2387	3	172824	172900	Met	CAT	0	0	87.19	64.42	22.77	
NODE_13_length_205799_cov_53.2387	4	187317	187395	Met	CAT	0	0	29.05	36.16	-7.11	
NODE_13_length_205799_cov_53.2387	5	18677 	18602 	Asn	GTT	0	0	91.73	62.08	29.65	
NODE_13_length_205799_cov_53.2387	6	18592 	18516 	Pro	TGG	0	0	87.63	64.60	23.03	
NODE_13_length_205799_cov_53.2387	7	18505 	18430 	Lys	TTT	0	0	95.07	71.82	23.25	
NODE_15_length_196055_cov_53.9781	1	154240	154151	Ser	CGA	0	0	68.31	24.88	43.43	
NODE_19_length_118012_cov_52.2239	1	45154 	45078 	Val	GAC	0	0	93.19	67.81	25.38	
NODE_19_length_118012_cov_52.2239	2	11013 	10937 	Pro	GGG	0	0	74.89	48.01	26.88	
NODE_23_length_65498_cov_53.582 	1	64279 	64204 	Trp	CCA	0	0	86.73	63.05	23.68	
NODE_35_length_5550_cov_196.457 	1	1935  	2011  	Ile	GAT	0	0	98.83	72.69	26.14	
NODE_35_length_5550_cov_196.457 	2	2040  	2115  	Ala	TGC	0	0	90.68	71.56	19.12	
NODE_39_length_3292_cov_48.9902 	1	521   	437   	Tyr	GTA	0	0	71.07	41.76	29.31	
NODE_39_length_3292_cov_48.9902 	2	410   	337   	Gly	TCC	0	0	82.75	60.87	21.88	
NODE_39_length_3292_cov_48.9902 	3	317   	242   	Thr	GGT	0	0	93.76	67.73	26.03	
