Sequence                        		tRNA  	Bounds	tRNA	Anti	Intron Bounds	Cove	HMM	2'Str	      
Name                            	tRNA #	Begin 	End   	Type	Codon	Begin	End	Score	Score	Score	Note
--------                        	------	----- 	------	----	-----	-----	----	------	-----	-----	------
NODE_1_length_503376_cov_55.866 	1	386422	386513	SeC	TCA	0	0	54.17	-19.49	73.66	
NODE_1_length_503376_cov_55.866 	2	440458	440543	Leu	GAG	0	0	68.53	39.16	29.37	
NODE_1_length_503376_cov_55.866 	3	440634	440710	Met	CAT	0	0	85.85	60.06	25.79	
NODE_1_length_503376_cov_55.866 	4	230340	230254	Leu	CAG	0	0	73.96	38.54	35.42	
NODE_1_length_503376_cov_55.866 	5	230124	230038	Leu	CAG	0	0	73.96	38.54	35.42	
NODE_2_length_433035_cov_52.2469	1	71719 	71808 	Ser	GGA	0	0	71.75	34.38	37.37	
NODE_2_length_433035_cov_52.2469	2	260545	260621	Pro	CGG	0	0	88.20	60.26	27.94	
NODE_2_length_433035_cov_52.2469	3	390435	390510	Asn	GTT	0	0	91.73	62.08	29.65	
NODE_2_length_433035_cov_52.2469	4	381636	381561	Ala	GGC	0	0	86.95	68.86	18.09	
NODE_2_length_433035_cov_52.2469	5	381512	381437	Glu	TTC	0	0	66.40	38.20	28.20	
NODE_2_length_433035_cov_52.2469	6	381343	381268	Ala	GGC	0	0	86.95	68.86	18.09	
NODE_2_length_433035_cov_52.2469	7	381221	381146	Glu	TTC	0	0	66.40	38.20	28.20	
NODE_2_length_433035_cov_52.2469	8	342230	342155	Val	TAC	0	0	94.49	73.68	20.81	
NODE_2_length_433035_cov_52.2469	9	342138	342062	Asp	GTC	0	0	94.67	75.49	19.18	
NODE_2_length_433035_cov_52.2469	10	341947	341871	Asp	GTC	0	0	94.67	75.49	19.18	
NODE_2_length_433035_cov_52.2469	11	39226 	39151 	Glu	TTC	0	0	66.40	38.20	28.20	
NODE_2_length_433035_cov_52.2469	12	39148 	39073 	Gly	GCC	0	0	93.74	68.41	25.33	
NODE_2_length_433035_cov_52.2469	13	38988 	38913 	Gly	GCC	0	0	93.74	68.41	25.33	
NODE_3_length_415763_cov_58.1503	1	326366	326290	Met	CAT	0	0	92.87	71.40	21.47	
NODE_3_length_415763_cov_58.1503	2	1189  	1113  	Arg	CCG	0	0	87.81	66.55	21.26	
NODE_4_length_371367_cov_52.1696	1	100989	101064	Asn	GTT	0	0	91.73	62.08	29.65	
NODE_4_length_371367_cov_52.1696	2	101074	101150	Pro	TGG	0	0	87.63	64.60	23.03	
NODE_4_length_371367_cov_52.1696	3	101161	101236	Lys	TTT	0	0	95.07	71.82	23.25	
NODE_4_length_371367_cov_52.1696	4	119166	119241	Thr	CGT	0	0	90.98	74.93	16.05	
NODE_4_length_371367_cov_52.1696	5	57081 	57008 	Arg	ACG	0	0	52.72	27.21	25.51	
NODE_7_length_322546_cov_53.818 	1	78058 	78144 	Leu	CAA	0	0	69.99	38.33	31.66	
NODE_8_length_268927_cov_47.7976	1	144555	144631	Arg	TCT	0	0	96.39	77.88	18.51	
NODE_8_length_268927_cov_47.7976	2	144683	144758	His	GTG	0	0	83.51	64.18	19.33	
NODE_8_length_268927_cov_47.7976	3	144813	144897	Leu	TAG	0	0	76.62	44.97	31.65	
NODE_8_length_268927_cov_47.7976	4	144964	145039	His	GTG	0	0	83.51	64.18	19.33	
NODE_8_length_268927_cov_47.7976	5	156317	156393	Asp	GTC	0	0	95.34	76.86	18.48	
NODE_10_length_257943_cov_53.2571	1	73061 	73146 	Lys	TTT	0	0	22.00	12.28	9.72	
NODE_10_length_257943_cov_53.2571	2	104062	104151	Ser	CGA	0	0	68.31	24.88	43.43	
NODE_12_length_229796_cov_51.4358	1	146108	146197	Ser	TGA	0	0	72.70	38.95	33.75	
NODE_12_length_229796_cov_51.4358	2	170490	170565	Gly	GCC	0	0	93.74	68.41	25.33	
NODE_12_length_229796_cov_51.4358	3	176881	176954	Cys	GCA	0	0	62.38	45.73	16.65	
NODE_13_length_228597_cov_55.5683	1	101823	101896	Gly	CCC	0	0	60.35	30.06	30.29	
NODE_14_length_224372_cov_50.3736	1	120609	120699	Ser	GCT	0	0	76.69	47.10	29.59	
NODE_14_length_224372_cov_50.3736	2	120817	120893	Arg	ACG	0	0	83.50	58.05	25.45	
NODE_14_length_224372_cov_50.3736	3	121005	121081	Arg	ACG	0	0	83.50	58.05	25.45	
NODE_14_length_224372_cov_50.3736	4	189740	189815	Lys	TTT	0	0	95.07	71.82	23.25	
NODE_14_length_224372_cov_50.3736	5	137164	137088	Met	CAT	0	0	85.06	58.55	26.51	
NODE_14_length_224372_cov_50.3736	6	30943 	30871 	Leu	GAG	0	0	20.84	19.28	1.56	
NODE_15_length_214855_cov_54.6084	1	95490 	95416 	Arg	CCT	0	0	69.71	45.21	24.50	
NODE_19_length_149710_cov_55.9785	1	14968 	15043 	Phe	GAA	0	0	92.69	68.52	24.17	
NODE_19_length_149710_cov_55.9785	2	26373 	26448 	Thr	TGT	0	0	93.66	75.64	18.02	
NODE_22_length_114945_cov_53.1863	1	78890 	78815 	Val	TAC	0	0	94.49	73.68	20.81	
NODE_22_length_114945_cov_53.1863	2	78798 	78722 	Asp	GTC	0	0	94.67	75.49	19.18	
NODE_29_length_63448_cov_50.2251	1	34583 	34507 	Val	GAC	0	0	93.19	67.81	25.38	
NODE_29_length_63448_cov_50.2251	2	745   	669   	Pro	GGG	0	0	74.89	48.01	26.88	
NODE_31_length_56098_cov_52.5372	1	5906  	5832  	Gln	TTG	0	0	66.82	40.36	26.46	
NODE_31_length_56098_cov_52.5372	2	2158  	2082  	Met	CAT	0	0	87.19	64.42	22.77	
NODE_36_length_31985_cov_54.3528	1	1220  	1295  	Trp	CCA	0	0	86.73	63.05	23.68	
NODE_37_length_23743_cov_46.8038	1	5250  	5328  	Met	CAT	0	0	30.87	36.29	-5.42	
NODE_40_length_5509_cov_176.213 	1	1894  	1970  	Ile	GAT	0	0	98.83	72.69	26.14	
NODE_40_length_5509_cov_176.213 	2	1999  	2074  	Ala	TGC	0	0	90.68	71.56	19.12	
NODE_43_length_3292_cov_44.4265 	1	2772  	2856  	Tyr	GTA	0	0	71.07	41.76	29.31	
NODE_43_length_3292_cov_44.4265 	2	2883  	2956  	Gly	TCC	0	0	82.75	60.87	21.88	
NODE_43_length_3292_cov_44.4265 	3	2976  	3051  	Thr	GGT	0	0	93.76	67.73	26.03	
