Sequence                         		tRNA  	Bounds	tRNA	Anti	Intron Bounds	Cove	HMM	2'Str	      
Name                             	tRNA #	Begin 	End   	Type	Codon	Begin	End	Score	Score	Score	Note
--------                         	------	----- 	------	----	-----	-----	----	------	-----	-----	------
NODE_1_length_896900_cov_79.3999 	1	690600	690674	Arg	CCT	0	0	69.71	45.21	24.50	
NODE_1_length_896900_cov_79.3999 	2	822950	823025	Val	TAC	0	0	94.49	73.68	20.81	
NODE_1_length_896900_cov_79.3999 	3	823042	823118	Asp	GTC	0	0	94.67	75.49	19.18	
NODE_1_length_896900_cov_79.3999 	4	211111	211025	Leu	CAA	0	0	69.99	38.33	31.66	
NODE_2_length_769787_cov_78.8897 	1	270577	270663	Leu	CAG	0	0	73.96	38.54	35.42	
NODE_2_length_769787_cov_78.8897 	2	527155	527230	Phe	GAA	0	0	92.69	68.52	24.17	
NODE_2_length_769787_cov_78.8897 	3	538565	538640	Thr	TGT	0	0	93.66	75.64	18.02	
NODE_2_length_769787_cov_78.8897 	4	116894	116803	SeC	TCA	0	0	55.75	-18.51	74.26	
NODE_2_length_769787_cov_78.8897 	5	62856 	62771 	Leu	GAG	0	0	68.53	39.16	29.37	
NODE_2_length_769787_cov_78.8897 	6	62680 	62604 	Met	CAT	0	0	85.85	60.06	25.79	
NODE_3_length_501708_cov_71.093  	1	232640	232716	Met	CAT	0	0	85.06	58.55	26.51	
NODE_3_length_501708_cov_71.093  	2	338857	338929	Leu	GAG	0	0	20.84	19.28	1.56	
NODE_3_length_501708_cov_71.093  	3	442792	442865	Gly	CCC	0	0	60.35	30.06	30.29	
NODE_3_length_501708_cov_71.093  	4	249182	249092	Ser	GCT	0	0	76.69	47.10	29.59	
NODE_3_length_501708_cov_71.093  	5	248974	248898	Arg	ACG	0	0	83.50	58.05	25.45	
NODE_3_length_501708_cov_71.093  	6	248786	248710	Arg	ACG	0	0	83.50	58.05	25.45	
NODE_3_length_501708_cov_71.093  	7	180091	180016	Lys	TTT	0	0	95.07	71.82	23.25	
NODE_3_length_501708_cov_71.093  	8	152548	152459	Ser	CGA	0	0	68.31	24.88	43.43	
NODE_4_length_481152_cov_73.4183 	1	57737 	57812 	Ala	GGC	0	0	86.95	68.86	18.09	
NODE_4_length_481152_cov_73.4183 	2	57861 	57936 	Glu	TTC	0	0	66.40	38.20	28.20	
NODE_4_length_481152_cov_73.4183 	3	58030 	58105 	Ala	GGC	0	0	86.95	68.86	18.09	
NODE_4_length_481152_cov_73.4183 	4	58152 	58227 	Glu	TTC	0	0	66.40	38.20	28.20	
NODE_4_length_481152_cov_73.4183 	5	97128 	97203 	Val	TAC	0	0	94.49	73.68	20.81	
NODE_4_length_481152_cov_73.4183 	6	97220 	97296 	Asp	GTC	0	0	94.67	75.49	19.18	
NODE_4_length_481152_cov_73.4183 	7	97411 	97487 	Asp	GTC	0	0	94.67	75.49	19.18	
NODE_4_length_481152_cov_73.4183 	8	398992	399067	Glu	TTC	0	0	66.40	38.20	28.20	
NODE_4_length_481152_cov_73.4183 	9	399070	399145	Gly	GCC	0	0	93.74	68.41	25.33	
NODE_4_length_481152_cov_73.4183 	10	399230	399305	Gly	GCC	0	0	93.74	68.41	25.33	
NODE_4_length_481152_cov_73.4183 	11	445645	445721	Val	GAC	0	0	93.19	67.81	25.38	
NODE_4_length_481152_cov_73.4183 	12	479786	479862	Pro	GGG	0	0	74.89	48.01	26.88	
NODE_4_length_481152_cov_73.4183 	13	366496	366407	Ser	GGA	0	0	71.75	34.38	37.37	
NODE_4_length_481152_cov_73.4183 	14	177746	177670	Pro	CGG	0	0	88.20	60.26	27.94	
NODE_4_length_481152_cov_73.4183 	15	48938 	48863 	Asn	GTT	0	0	91.73	62.08	29.65	
NODE_5_length_478832_cov_73.8936 	1	184366	184441	Asn	GTT	0	0	91.73	62.08	29.65	
NODE_5_length_478832_cov_73.8936 	2	184451	184527	Pro	TGG	0	0	87.63	64.60	23.03	
NODE_5_length_478832_cov_73.8936 	3	184538	184613	Lys	TTT	0	0	95.07	71.82	23.25	
NODE_5_length_478832_cov_73.8936 	4	203282	203357	Thr	CGT	0	0	90.98	74.93	16.05	
NODE_5_length_478832_cov_73.8936 	5	140459	140386	Arg	ACG	0	0	52.72	27.21	25.51	
NODE_5_length_478832_cov_73.8936 	6	34457 	34383 	Gln	TTG	0	0	66.82	40.36	26.46	
NODE_5_length_478832_cov_73.8936 	7	30708 	30632 	Met	CAT	0	0	87.19	64.42	22.77	
NODE_6_length_377335_cov_83.3868 	1	77658 	77734 	Met	CAT	0	0	92.87	71.40	21.47	
NODE_7_length_358749_cov_70.903  	1	207890	207801	Ser	TGA	0	0	72.70	38.95	33.75	
NODE_7_length_358749_cov_70.903  	2	114860	114785	Gly	GCC	0	0	93.74	68.41	25.33	
NODE_7_length_358749_cov_70.903  	3	110235	110162	Cys	GCA	0	0	62.38	45.73	16.65	
NODE_7_length_358749_cov_70.903  	4	97612 	97526 	Leu	TAA	0	0	76.64	42.32	34.32	
NODE_8_length_349885_cov_67.439  	1	257359	257435	Arg	TCT	0	0	96.39	77.88	18.51	
NODE_8_length_349885_cov_67.439  	2	257487	257562	His	GTG	0	0	83.51	64.18	19.33	
NODE_8_length_349885_cov_67.439  	3	257617	257701	Leu	TAG	0	0	76.62	44.97	31.65	
NODE_8_length_349885_cov_67.439  	4	257768	257843	His	GTG	0	0	83.51	64.18	19.33	
NODE_8_length_349885_cov_67.439  	5	269134	269210	Asp	GTC	0	0	95.34	76.86	18.48	
NODE_20_length_65450_cov_84.2814 	1	64315 	64240 	Trp	CCA	0	0	86.73	63.05	23.68	
NODE_25_length_36273_cov_85.2928 	1	1657  	1581  	Arg	CCG	0	0	87.81	66.55	21.26	
NODE_31_length_5510_cov_291.936  	1	3557  	3481  	Ile	GAT	0	0	98.83	72.69	26.14	
NODE_31_length_5510_cov_291.936  	2	3452  	3377  	Ala	TGC	0	0	90.68	71.56	19.12	
NODE_33_length_3436_cov_84.9943  	1	605   	521   	Tyr	GTA	0	0	71.07	41.76	29.31	
NODE_33_length_3436_cov_84.9943  	2	494   	421   	Gly	TCC	0	0	82.75	60.87	21.88	
NODE_33_length_3436_cov_84.9943  	3	401   	326   	Thr	GGT	0	0	93.76	67.73	26.03	
