Sequence                         		tRNA  	Bounds	tRNA	Anti	Intron Bounds	Cove	HMM	2'Str	      
Name                             	tRNA #	Begin 	End   	Type	Codon	Begin	End	Score	Score	Score	Note
--------                         	------	----- 	------	----	-----	-----	----	------	-----	-----	------
NODE_1_length_628594_cov_82.9165 	1	103482	103571	Ser	CGA	0	0	68.31	24.88	43.43	
NODE_2_length_561645_cov_82.0654 	1	192517	192606	Ser	GGA	0	0	71.75	34.38	37.37	
NODE_2_length_561645_cov_82.0654 	2	381293	381369	Pro	CGG	0	0	88.20	60.26	27.94	
NODE_2_length_561645_cov_82.0654 	3	513297	513372	Asn	GTT	0	0	91.73	62.08	29.65	
NODE_2_length_561645_cov_82.0654 	4	504498	504423	Ala	GGC	0	0	86.95	68.86	18.09	
NODE_2_length_561645_cov_82.0654 	5	504374	504299	Glu	TTC	0	0	66.40	38.20	28.20	
NODE_2_length_561645_cov_82.0654 	6	504205	504130	Ala	GGC	0	0	86.95	68.86	18.09	
NODE_2_length_561645_cov_82.0654 	7	504083	504008	Glu	TTC	0	0	66.40	38.20	28.20	
NODE_2_length_561645_cov_82.0654 	8	465096	465021	Val	TAC	0	0	94.49	73.68	20.81	
NODE_2_length_561645_cov_82.0654 	9	465004	464928	Asp	GTC	0	0	94.67	75.49	19.18	
NODE_2_length_561645_cov_82.0654 	10	464813	464737	Asp	GTC	0	0	94.67	75.49	19.18	
NODE_2_length_561645_cov_82.0654 	11	160020	159945	Glu	TTC	0	0	66.40	38.20	28.20	
NODE_2_length_561645_cov_82.0654 	12	159942	159867	Gly	GCC	0	0	93.74	68.41	25.33	
NODE_2_length_561645_cov_82.0654 	13	82513 	82438 	Gly	GCC	0	0	93.74	68.41	25.33	
NODE_2_length_561645_cov_82.0654 	14	37499 	37423 	Val	GAC	0	0	93.19	67.81	25.38	
NODE_2_length_561645_cov_82.0654 	15	3656  	3580  	Pro	GGG	0	0	74.89	48.01	26.88	
NODE_3_length_456397_cov_94.5886 	1	339227	339318	SeC	TCA	0	0	55.75	-18.51	74.26	
NODE_3_length_456397_cov_94.5886 	2	393435	393520	Leu	GAG	0	0	68.53	39.16	29.37	
NODE_3_length_456397_cov_94.5886 	3	393611	393687	Met	CAT	0	0	85.85	60.06	25.79	
NODE_3_length_456397_cov_94.5886 	4	184668	184582	Leu	CAG	0	0	73.96	38.54	35.42	
NODE_3_length_456397_cov_94.5886 	5	184452	184366	Leu	CAG	0	0	73.96	38.54	35.42	
NODE_4_length_415244_cov_98.57   	1	332022	331946	Met	CAT	0	0	92.87	71.40	21.47	
NODE_4_length_415244_cov_98.57   	2	1213  	1137  	Arg	CCG	0	0	87.81	66.55	21.26	
NODE_5_length_383322_cov_89.3644 	1	15189 	15103 	Leu	CAA	0	0	69.99	38.33	31.66	
NODE_6_length_331366_cov_86.0169 	1	55292 	55368 	Met	CAT	0	0	85.06	58.55	26.51	
NODE_6_length_331366_cov_86.0169 	2	161448	161520	Leu	GAG	0	0	20.84	19.28	1.56	
NODE_6_length_331366_cov_86.0169 	3	273177	273250	Gly	CCC	0	0	60.35	30.06	30.29	
NODE_6_length_331366_cov_86.0169 	4	71874 	71784 	Ser	GCT	0	0	76.69	47.10	29.59	
NODE_6_length_331366_cov_86.0169 	5	71666 	71590 	Arg	ACG	0	0	83.50	58.05	25.45	
NODE_6_length_331366_cov_86.0169 	6	71478 	71402 	Arg	ACG	0	0	83.50	58.05	25.45	
NODE_6_length_331366_cov_86.0169 	7	2721  	2646  	Lys	TTT	0	0	95.07	71.82	23.25	
NODE_7_length_327798_cov_89.45   	1	97779 	97854 	Thr	CGT	0	0	90.98	74.93	16.05	
NODE_8_length_311114_cov_80.0386 	1	152867	152956	Ser	TGA	0	0	72.70	38.95	33.75	
NODE_8_length_311114_cov_80.0386 	2	166300	166375	Gly	GCC	0	0	93.74	68.41	25.33	
NODE_8_length_311114_cov_80.0386 	3	172693	172766	Cys	GCA	0	0	62.38	45.73	16.65	
NODE_8_length_311114_cov_80.0386 	4	185319	185405	Leu	TAA	0	0	76.64	42.32	34.32	
NODE_10_length_238851_cov_77.2734	1	94313 	94237 	Arg	TCT	0	0	96.39	77.88	18.51	
NODE_10_length_238851_cov_77.2734	2	94185 	94110 	His	GTG	0	0	83.51	64.18	19.33	
NODE_10_length_238851_cov_77.2734	3	94055 	93971 	Leu	TAG	0	0	76.62	44.97	31.65	
NODE_10_length_238851_cov_77.2734	4	93904 	93829 	His	GTG	0	0	83.51	64.18	19.33	
NODE_10_length_238851_cov_77.2734	5	82551 	82475 	Asp	GTC	0	0	95.34	76.86	18.48	
NODE_12_length_209581_cov_86.6405	1	90546 	90470 	Arg	CCT	0	0	83.71	58.51	25.20	
NODE_13_length_206320_cov_96.9043	1	133786	133711	Phe	GAA	0	0	92.69	68.52	24.17	
NODE_13_length_206320_cov_96.9043	2	122377	122302	Thr	TGT	0	0	93.66	75.64	18.02	
NODE_16_length_195205_cov_91.9182	1	59383 	59456 	Arg	ACG	0	0	52.72	27.21	25.51	
NODE_16_length_195205_cov_91.9182	2	164590	164664	Gln	TTG	0	0	66.82	40.36	26.46	
NODE_16_length_195205_cov_91.9182	3	168338	168414	Met	CAT	0	0	87.19	64.42	22.77	
NODE_16_length_195205_cov_91.9182	4	15472 	15397 	Asn	GTT	0	0	91.73	62.08	29.65	
NODE_16_length_195205_cov_91.9182	5	15387 	15311 	Pro	TGG	0	0	87.63	64.60	23.03	
NODE_16_length_195205_cov_91.9182	6	15300 	15225 	Lys	TTT	0	0	95.07	71.82	23.25	
NODE_21_length_115102_cov_84.635 	1	79047 	78972 	Val	TAC	0	0	94.49	73.68	20.81	
NODE_21_length_115102_cov_84.635 	2	78955 	78879 	Asp	GTC	0	0	94.67	75.49	19.18	
NODE_24_length_65605_cov_99.602  	1	1220  	1295  	Trp	CCA	0	0	86.73	63.05	23.68	
NODE_33_length_5411_cov_365.503  	1	1829  	1905  	Ile	GAT	0	0	98.83	72.69	26.14	
NODE_33_length_5411_cov_365.503  	2	1934  	2009  	Ala	TGC	0	0	90.68	71.56	19.12	
NODE_38_length_3326_cov_99.5861  	1	2806  	2890  	Tyr	GTA	0	0	71.07	41.76	29.31	
NODE_38_length_3326_cov_99.5861  	2	2917  	2990  	Gly	TCC	0	0	82.75	60.87	21.88	
NODE_38_length_3326_cov_99.5861  	3	3010  	3085  	Thr	GGT	0	0	93.76	67.73	26.03	
