Sequence                         		tRNA  	Bounds	tRNA	Anti	Intron Bounds	Cove	HMM	2'Str	      
Name                             	tRNA #	Begin 	End   	Type	Codon	Begin	End	Score	Score	Score	Note
--------                         	------	----- 	------	----	-----	-----	----	------	-----	-----	------
NODE_1_length_895131_cov_25.5132 	1	687242	687318	Arg	CCT	0	0	83.71	58.51	25.20	
NODE_1_length_895131_cov_25.5132 	2	821261	821336	Val	TAC	0	0	94.49	73.68	20.81	
NODE_1_length_895131_cov_25.5132 	3	821353	821429	Asp	GTC	0	0	94.67	75.49	19.18	
NODE_1_length_895131_cov_25.5132 	4	210681	210595	Leu	CAA	0	0	69.99	38.33	31.66	
NODE_2_length_807255_cov_26.2806 	1	685705	685796	SeC	TCA	0	0	55.75	-18.51	74.26	
NODE_2_length_807255_cov_26.2806 	2	744481	744566	Leu	GAG	0	0	68.53	39.16	29.37	
NODE_2_length_807255_cov_26.2806 	3	744657	744733	Met	CAT	0	0	85.85	60.06	25.79	
NODE_2_length_807255_cov_26.2806 	4	495526	495440	Leu	CAG	0	0	73.96	38.54	35.42	
NODE_2_length_807255_cov_26.2806 	5	495310	495224	Leu	CAG	0	0	73.96	38.54	35.42	
NODE_2_length_807255_cov_26.2806 	6	241158	241083	Phe	GAA	0	0	92.69	68.52	24.17	
NODE_2_length_807255_cov_26.2806 	7	229748	229673	Thr	TGT	0	0	93.66	75.64	18.02	
NODE_3_length_728984_cov_25.3263 	1	605473	605562	Ser	GGA	0	0	71.75	34.38	37.37	
NODE_3_length_728984_cov_25.3263 	2	572975	572900	Glu	TTC	0	0	66.40	38.20	28.20	
NODE_3_length_728984_cov_25.3263 	3	572897	572822	Gly	GCC	0	0	93.74	68.41	25.33	
NODE_3_length_728984_cov_25.3263 	4	572737	572662	Gly	GCC	0	0	93.74	68.41	25.33	
NODE_3_length_728984_cov_25.3263 	5	432927	432851	Val	GAC	0	0	93.19	67.81	25.38	
NODE_3_length_728984_cov_25.3263 	6	398784	398708	Pro	GGG	0	0	74.89	48.01	26.88	
NODE_3_length_728984_cov_25.3263 	7	248218	248129	Ser	TGA	0	0	72.70	38.95	33.75	
NODE_3_length_728984_cov_25.3263 	8	192094	192019	Gly	GCC	0	0	93.74	68.41	25.33	
NODE_3_length_728984_cov_25.3263 	9	187472	187399	Cys	GCA	0	0	62.38	45.73	16.65	
NODE_3_length_728984_cov_25.3263 	10	123212	123126	Leu	TAA	0	0	76.64	42.32	34.32	
NODE_4_length_724802_cov_25.0513 	1	93497 	93587 	Ser	GCT	0	0	76.69	47.10	29.59	
NODE_4_length_724802_cov_25.0513 	2	93705 	93781 	Arg	ACG	0	0	83.50	58.05	25.45	
NODE_4_length_724802_cov_25.0513 	3	93894 	93970 	Arg	ACG	0	0	83.50	58.05	25.45	
NODE_4_length_724802_cov_25.0513 	4	162636	162711	Lys	TTT	0	0	95.07	71.82	23.25	
NODE_4_length_724802_cov_25.0513 	5	258524	258609	Lys	TTT	0	0	22.00	12.28	9.72	
NODE_4_length_724802_cov_25.0513 	6	286076	286165	Ser	CGA	0	0	68.31	24.88	43.43	
NODE_4_length_724802_cov_25.0513 	7	110042	109966	Met	CAT	0	0	85.06	58.55	26.51	
NODE_4_length_724802_cov_25.0513 	8	3817  	3745  	Leu	GAG	0	0	20.84	19.28	1.56	
NODE_5_length_513683_cov_24.0786 	1	388453	388529	Arg	TCT	0	0	96.39	77.88	18.51	
NODE_5_length_513683_cov_24.0786 	2	388581	388656	His	GTG	0	0	83.51	64.18	19.33	
NODE_5_length_513683_cov_24.0786 	3	388711	388795	Leu	TAG	0	0	76.62	44.97	31.65	
NODE_5_length_513683_cov_24.0786 	4	388862	388937	His	GTG	0	0	83.51	64.18	19.33	
NODE_5_length_513683_cov_24.0786 	5	400228	400304	Asp	GTC	0	0	95.34	76.86	18.48	
NODE_6_length_427297_cov_25.4716 	1	172900	172975	Asn	GTT	0	0	91.73	62.08	29.65	
NODE_6_length_427297_cov_25.4716 	2	172985	173061	Pro	TGG	0	0	87.63	64.60	23.03	
NODE_6_length_427297_cov_25.4716 	3	173072	173147	Lys	TTT	0	0	95.07	71.82	23.25	
NODE_6_length_427297_cov_25.4716 	4	192391	192466	Thr	CGT	0	0	90.98	74.93	16.05	
NODE_6_length_427297_cov_25.4716 	5	128984	128911	Arg	ACG	0	0	52.72	27.21	25.51	
NODE_6_length_427297_cov_25.4716 	6	22240 	22166 	Gln	TTG	0	0	66.82	40.36	26.46	
NODE_6_length_427297_cov_25.4716 	7	18491 	18415 	Met	CAT	0	0	87.19	64.42	22.77	
NODE_7_length_371829_cov_26.3578 	1	294563	294487	Met	CAT	0	0	92.87	71.40	21.47	
NODE_9_length_267056_cov_25.0862 	1	94236 	94312 	Pro	CGG	0	0	88.20	60.26	27.94	
NODE_9_length_267056_cov_25.0862 	2	223043	223118	Asn	GTT	0	0	91.73	62.08	29.65	
NODE_9_length_267056_cov_25.0862 	3	214244	214169	Ala	GGC	0	0	86.95	68.86	18.09	
NODE_9_length_267056_cov_25.0862 	4	214120	214045	Glu	TTC	0	0	66.40	38.20	28.20	
NODE_9_length_267056_cov_25.0862 	5	213951	213876	Ala	GGC	0	0	86.95	68.86	18.09	
NODE_9_length_267056_cov_25.0862 	6	213829	213754	Glu	TTC	0	0	66.40	38.20	28.20	
NODE_9_length_267056_cov_25.0862 	7	174854	174779	Val	TAC	0	0	94.49	73.68	20.81	
NODE_9_length_267056_cov_25.0862 	8	174762	174686	Asp	GTC	0	0	94.67	75.49	19.18	
NODE_9_length_267056_cov_25.0862 	9	174571	174495	Asp	GTC	0	0	94.67	75.49	19.18	
NODE_13_length_193782_cov_26.131 	1	99599 	99672 	Gly	CCC	0	0	60.35	30.06	30.29	
NODE_19_length_65371_cov_27.1009 	1	64152 	64077 	Trp	CCA	0	0	86.73	63.05	23.68	
NODE_26_length_35816_cov_26.4243 	1	1188  	1112  	Arg	CCG	0	0	87.81	66.55	21.26	
NODE_32_length_5618_cov_113.294  	1	2037  	2113  	Ile	GAT	0	0	98.83	72.69	26.14	
NODE_32_length_5618_cov_113.294  	2	2142  	2217  	Ala	TGC	0	0	90.68	71.56	19.12	
NODE_37_length_3326_cov_25.8362  	1	521   	437   	Tyr	GTA	0	0	71.07	41.76	29.31	
NODE_37_length_3326_cov_25.8362  	2	410   	337   	Gly	TCC	0	0	82.75	60.87	21.88	
NODE_37_length_3326_cov_25.8362  	3	317   	242   	Thr	GGT	0	0	93.76	67.73	26.03	
