Sequence                         		tRNA  	Bounds	tRNA	Anti	Intron Bounds	Cove	HMM	2'Str	      
Name                             	tRNA #	Begin 	End   	Type	Codon	Begin	End	Score	Score	Score	Note
--------                         	------	----- 	------	----	-----	-----	----	------	-----	-----	------
NODE_1_length_732983_cov_33.4132 	1	92358 	92448 	Ser	GCT	0	0	76.69	47.10	29.59	
NODE_1_length_732983_cov_33.4132 	2	92566 	92642 	Arg	ACG	0	0	83.50	58.05	25.45	
NODE_1_length_732983_cov_33.4132 	3	92754 	92830 	Arg	ACG	0	0	83.50	58.05	25.45	
NODE_1_length_732983_cov_33.4132 	4	161485	161560	Lys	TTT	0	0	95.07	71.82	23.25	
NODE_1_length_732983_cov_33.4132 	5	189028	189117	Ser	CGA	0	0	68.31	24.88	43.43	
NODE_1_length_732983_cov_33.4132 	6	108935	108859	Met	CAT	0	0	85.06	58.55	26.51	
NODE_1_length_732983_cov_33.4132 	7	2679  	2607  	Leu	GAG	0	0	20.84	19.28	1.56	
NODE_2_length_631246_cov_31.3512 	1	429907	429983	Arg	CCT	0	0	83.71	58.51	25.20	
NODE_2_length_631246_cov_31.3512 	2	557384	557459	Val	TAC	0	0	94.49	73.68	20.81	
NODE_2_length_631246_cov_31.3512 	3	557476	557552	Asp	GTC	0	0	94.67	75.49	19.18	
NODE_3_length_608734_cov_32.6661 	1	477093	477184	SeC	TCA	0	0	55.75	-18.51	74.26	
NODE_3_length_608734_cov_32.6661 	2	531154	531239	Leu	GAG	0	0	68.53	39.16	29.37	
NODE_3_length_608734_cov_32.6661 	3	531330	531406	Met	CAT	0	0	85.85	60.06	25.79	
NODE_3_length_608734_cov_32.6661 	4	323550	323464	Leu	CAG	0	0	73.96	38.54	35.42	
NODE_3_length_608734_cov_32.6661 	5	323334	323248	Leu	CAG	0	0	73.96	38.54	35.42	
NODE_3_length_608734_cov_32.6661 	6	66781 	66706 	Phe	GAA	0	0	92.69	68.52	24.17	
NODE_3_length_608734_cov_32.6661 	7	52759 	52685 	Undet	NNN	0	0	25.67	25.82	-0.15	
NODE_3_length_608734_cov_32.6661 	8	41350 	41275 	Thr	TGT	0	0	93.66	75.64	18.02	
NODE_4_length_437113_cov_31.7136 	1	236507	236582	Glu	TTC	0	0	66.40	38.20	28.20	
NODE_4_length_437113_cov_31.7136 	2	236585	236660	Gly	GCC	0	0	93.74	68.41	25.33	
NODE_4_length_437113_cov_31.7136 	3	236745	236820	Gly	GCC	0	0	93.74	68.41	25.33	
NODE_4_length_437113_cov_31.7136 	4	401961	402037	Val	GAC	0	0	93.19	67.81	25.38	
NODE_4_length_437113_cov_31.7136 	5	436100	436176	Pro	GGG	0	0	74.89	48.01	26.88	
NODE_4_length_437113_cov_31.7136 	6	204012	203923	Ser	GGA	0	0	71.75	34.38	37.37	
NODE_4_length_437113_cov_31.7136 	7	15249 	15173 	Pro	CGG	0	0	88.20	60.26	27.94	
NODE_5_length_317128_cov_33.2744 	1	175463	175552	Ser	TGA	0	0	72.70	38.95	33.75	
NODE_5_length_317128_cov_33.2744 	2	199839	199914	Gly	GCC	0	0	93.74	68.41	25.33	
NODE_5_length_317128_cov_33.2744 	3	204462	204535	Cys	GCA	0	0	62.38	45.73	16.65	
NODE_5_length_317128_cov_33.2744 	4	217086	217172	Leu	TAA	0	0	76.64	42.32	34.32	
NODE_6_length_284518_cov_32.5732 	1	223938	223852	Leu	CAA	0	0	69.99	38.33	31.66	
NODE_9_length_231763_cov_31.4581 	1	1144  	1219  	Thr	CGT	0	0	90.98	74.93	16.05	
NODE_13_length_189241_cov_32.7174	1	173836	173911	Asn	GTT	0	0	91.73	62.08	29.65	
NODE_13_length_189241_cov_32.7174	2	173921	173997	Pro	TGG	0	0	87.63	64.60	23.03	
NODE_13_length_189241_cov_32.7174	3	174008	174083	Lys	TTT	0	0	95.07	71.82	23.25	
NODE_13_length_189241_cov_32.7174	4	129922	129849	Arg	ACG	0	0	52.72	27.21	25.51	
NODE_13_length_189241_cov_32.7174	5	22239 	22165 	Gln	TTG	0	0	66.82	40.36	26.46	
NODE_13_length_189241_cov_32.7174	6	18490 	18414 	Met	CAT	0	0	87.19	64.42	22.77	
NODE_15_length_171981_cov_32.344 	1	123259	123183	Arg	TCT	0	0	96.39	77.88	18.51	
NODE_15_length_171981_cov_32.344 	2	123131	123056	His	GTG	0	0	83.51	64.18	19.33	
NODE_15_length_171981_cov_32.344 	3	123001	122917	Leu	TAG	0	0	76.62	44.97	31.65	
NODE_15_length_171981_cov_32.344 	4	122850	122775	His	GTG	0	0	83.51	64.18	19.33	
NODE_15_length_171981_cov_32.344 	5	111497	111421	Asp	GTC	0	0	95.34	76.86	18.48	
NODE_16_length_158879_cov_30.8962	1	55968 	56043 	Ala	GGC	0	0	86.95	68.86	18.09	
NODE_16_length_158879_cov_30.8962	2	56092 	56167 	Glu	TTC	0	0	66.40	38.20	28.20	
NODE_16_length_158879_cov_30.8962	3	56261 	56336 	Ala	GGC	0	0	86.95	68.86	18.09	
NODE_16_length_158879_cov_30.8962	4	56383 	56458 	Glu	TTC	0	0	66.40	38.20	28.20	
NODE_16_length_158879_cov_30.8962	5	95365 	95440 	Val	TAC	0	0	94.49	73.68	20.81	
NODE_16_length_158879_cov_30.8962	6	95457 	95533 	Asp	GTC	0	0	94.67	75.49	19.18	
NODE_16_length_158879_cov_30.8962	7	95648 	95724 	Asp	GTC	0	0	94.67	75.49	19.18	
NODE_16_length_158879_cov_30.8962	8	47169 	47094 	Asn	GTT	0	0	91.73	62.08	29.65	
NODE_17_length_158365_cov_33.3573	1	57918 	57845 	Gly	CCC	0	0	60.35	30.06	30.29	
NODE_22_length_88351_cov_32.951  	1	9080  	9004  	Met	CAT	0	0	92.87	71.40	21.47	
NODE_27_length_65228_cov_32.4465 	1	1220  	1295  	Trp	CCA	0	0	86.73	63.05	23.68	
NODE_35_length_36002_cov_33.9705 	1	1366  	1290  	Arg	CCG	0	0	87.81	66.55	21.26	
NODE_46_length_5501_cov_139.781  	1	3589  	3513  	Ile	GAT	0	0	98.83	72.69	26.14	
NODE_46_length_5501_cov_139.781  	2	3484  	3409  	Ala	TGC	0	0	90.68	71.56	19.12	
NODE_52_length_3319_cov_30.0166  	1	2799  	2883  	Tyr	GTA	0	0	71.07	41.76	29.31	
NODE_52_length_3319_cov_30.0166  	2	2910  	2983  	Gly	TCC	0	0	82.75	60.87	21.88	
NODE_52_length_3319_cov_30.0166  	3	3003  	3078  	Thr	GGT	0	0	93.76	67.73	26.03	
