Sequence                         		tRNA  	Bounds	tRNA	Anti	Intron Bounds	Cove	HMM	2'Str	      
Name                             	tRNA #	Begin 	End   	Type	Codon	Begin	End	Score	Score	Score	Note
--------                         	------	----- 	------	----	-----	-----	----	------	-----	-----	------
NODE_1_length_821664_cov_62.8286 	1	29    	104   	Val	TAC	0	0	94.49	73.68	20.81	
NODE_1_length_821664_cov_62.8286 	2	121   	197   	Asp	GTC	0	0	94.67	75.49	19.18	
NODE_1_length_821664_cov_62.8286 	3	156771	156846	Ala	GGC	0	0	86.95	68.86	18.09	
NODE_1_length_821664_cov_62.8286 	4	156895	156970	Glu	TTC	0	0	66.40	38.20	28.20	
NODE_1_length_821664_cov_62.8286 	5	157064	157139	Ala	GGC	0	0	86.95	68.86	18.09	
NODE_1_length_821664_cov_62.8286 	6	157186	157261	Glu	TTC	0	0	66.40	38.20	28.20	
NODE_1_length_821664_cov_62.8286 	7	196170	196245	Val	TAC	0	0	94.49	73.68	20.81	
NODE_1_length_821664_cov_62.8286 	8	196262	196338	Asp	GTC	0	0	94.67	75.49	19.18	
NODE_1_length_821664_cov_62.8286 	9	196453	196529	Asp	GTC	0	0	94.67	75.49	19.18	
NODE_1_length_821664_cov_62.8286 	10	499159	499234	Glu	TTC	0	0	66.40	38.20	28.20	
NODE_1_length_821664_cov_62.8286 	11	499237	499312	Gly	GCC	0	0	93.74	68.41	25.33	
NODE_1_length_821664_cov_62.8286 	12	499397	499472	Gly	GCC	0	0	93.74	68.41	25.33	
NODE_1_length_821664_cov_62.8286 	13	544434	544510	Val	GAC	0	0	93.19	67.81	25.38	
NODE_1_length_821664_cov_62.8286 	14	578277	578353	Pro	GGG	0	0	74.89	48.01	26.88	
NODE_1_length_821664_cov_62.8286 	15	737925	738014	Ser	TGA	0	0	72.70	38.95	33.75	
NODE_1_length_821664_cov_62.8286 	16	762325	762400	Gly	GCC	0	0	93.74	68.41	25.33	
NODE_1_length_821664_cov_62.8286 	17	768719	768792	Cys	GCA	0	0	62.38	45.73	16.65	
NODE_1_length_821664_cov_62.8286 	18	466664	466575	Ser	GGA	0	0	71.75	34.38	37.37	
NODE_1_length_821664_cov_62.8286 	19	277860	277784	Pro	CGG	0	0	88.20	60.26	27.94	
NODE_1_length_821664_cov_62.8286 	20	147972	147897	Asn	GTT	0	0	91.73	62.08	29.65	
NODE_2_length_800232_cov_59.8452 	1	271706	271792	Leu	CAG	0	0	73.96	38.54	35.42	
NODE_2_length_800232_cov_59.8452 	2	271922	272008	Leu	CAG	0	0	73.96	38.54	35.42	
NODE_2_length_800232_cov_59.8452 	3	529428	529503	Phe	GAA	0	0	92.69	68.52	24.17	
NODE_2_length_800232_cov_59.8452 	4	540838	540913	Thr	TGT	0	0	93.66	75.64	18.02	
NODE_2_length_800232_cov_59.8452 	5	117205	117114	SeC	TCA	0	0	55.75	-18.51	74.26	
NODE_2_length_800232_cov_59.8452 	6	62976 	62891 	Leu	GAG	0	0	68.53	39.16	29.37	
NODE_2_length_800232_cov_59.8452 	7	62800 	62724 	Met	CAT	0	0	85.85	60.06	25.79	
NODE_3_length_442465_cov_64.5049 	1	47667 	47581 	Leu	CAA	0	0	69.99	38.33	31.66	
NODE_4_length_433366_cov_63.1621 	1	340879	340803	Met	CAT	0	0	92.87	71.40	21.47	
NODE_4_length_433366_cov_63.1621 	2	13435 	13359 	Arg	CCG	0	0	87.81	66.55	21.26	
NODE_5_length_395647_cov_59.5547 	1	337965	338038	Arg	ACG	0	0	52.72	27.21	25.51	
NODE_5_length_395647_cov_59.5547 	2	294057	293982	Asn	GTT	0	0	91.73	62.08	29.65	
NODE_5_length_395647_cov_59.5547 	3	293972	293896	Pro	TGG	0	0	87.63	64.60	23.03	
NODE_5_length_395647_cov_59.5547 	4	293885	293810	Lys	TTT	0	0	95.07	71.82	23.25	
NODE_5_length_395647_cov_59.5547 	5	275083	275008	Thr	CGT	0	0	90.98	74.93	16.05	
NODE_6_length_363062_cov_63.5895 	1	291599	291689	Ser	GCT	0	0	76.69	47.10	29.59	
NODE_6_length_363062_cov_63.5895 	2	291807	291883	Arg	ACG	0	0	83.50	58.05	25.45	
NODE_6_length_363062_cov_63.5895 	3	291995	292071	Arg	ACG	0	0	83.50	58.05	25.45	
NODE_6_length_363062_cov_63.5895 	4	360758	360833	Lys	TTT	0	0	95.07	71.82	23.25	
NODE_6_length_363062_cov_63.5895 	5	308177	308101	Met	CAT	0	0	85.06	58.55	26.51	
NODE_6_length_363062_cov_63.5895 	6	201920	201848	Leu	GAG	0	0	20.84	19.28	1.56	
NODE_6_length_363062_cov_63.5895 	7	91983 	91910 	Gly	CCC	0	0	60.35	30.06	30.29	
NODE_8_length_271443_cov_58.1504 	1	126784	126708	Arg	TCT	0	0	96.39	77.88	18.51	
NODE_8_length_271443_cov_58.1504 	2	126656	126581	His	GTG	0	0	83.51	64.18	19.33	
NODE_8_length_271443_cov_58.1504 	3	126526	126442	Leu	TAG	0	0	76.62	44.97	31.65	
NODE_8_length_271443_cov_58.1504 	4	126375	126300	His	GTG	0	0	83.51	64.18	19.33	
NODE_8_length_271443_cov_58.1504 	5	115022	114946	Asp	GTC	0	0	95.34	76.86	18.48	
NODE_13_length_183156_cov_63.9852	1	148264	148175	Ser	CGA	0	0	68.31	24.88	43.43	
NODE_17_length_122199_cov_62.4795	1	3086  	3010  	Arg	CCT	0	0	83.71	58.51	25.20	
NODE_18_length_103021_cov_65.8227	1	101802	101727	Trp	CCA	0	0	86.73	63.05	23.68	
NODE_23_length_55568_cov_60.5569 	1	6997  	6923  	Gln	TTG	0	0	66.82	40.36	26.46	
NODE_23_length_55568_cov_60.5569 	2	3249  	3173  	Met	CAT	0	0	87.19	64.42	22.77	
NODE_26_length_36095_cov_63.1867 	1	35997 	36072 	Val	TAC	0	0	94.49	73.68	20.81	
NODE_36_length_5415_cov_259.392  	1	3587  	3511  	Ile	GAT	0	0	98.83	72.69	26.14	
NODE_36_length_5415_cov_259.392  	2	3482  	3407  	Ala	TGC	0	0	90.68	71.56	19.12	
NODE_40_length_3322_cov_62.8698  	1	521   	437   	Tyr	GTA	0	0	71.07	41.76	29.31	
NODE_40_length_3322_cov_62.8698  	2	410   	337   	Gly	TCC	0	0	82.75	60.87	21.88	
NODE_40_length_3322_cov_62.8698  	3	317   	242   	Thr	GGT	0	0	93.76	67.73	26.03	
