Sequence                          		tRNA   	Bounds 	tRNA	Anti	Intron Bounds	Cove	HMM	2'Str	      
Name                              	tRNA #	Begin  	End    	Type	Codon	Begin	End	Score	Score	Score	Note
--------                          	------	-----  	------ 	----	-----	-----	----	------	-----	-----	------
NODE_1_length_1036139_cov_39.5443 	1	66117  	66192  	Lys	TTT	0	0	95.07	71.82	23.25	
NODE_1_length_1036139_cov_39.5443 	2	93659  	93748  	Ser	CGA	0	0	68.31	24.88	43.43	
NODE_1_length_1036139_cov_39.5443 	3	943635 	943711 	Arg	TCT	0	0	96.39	77.88	18.51	
NODE_1_length_1036139_cov_39.5443 	4	943763 	943838 	His	GTG	0	0	83.51	64.18	19.33	
NODE_1_length_1036139_cov_39.5443 	5	943893 	943977 	Leu	TAG	0	0	76.62	44.97	31.65	
NODE_1_length_1036139_cov_39.5443 	6	944044 	944119 	His	GTG	0	0	83.51	64.18	19.33	
NODE_1_length_1036139_cov_39.5443 	7	955398 	955474 	Asp	GTC	0	0	95.34	76.86	18.48	
NODE_1_length_1036139_cov_39.5443 	8	13568  	13492  	Met	CAT	0	0	85.06	58.55	26.51	
NODE_2_length_870858_cov_39.3955  	1	503996 	504085 	Ser	GGA	0	0	71.75	34.38	37.37	
NODE_2_length_870858_cov_39.3955  	2	692773 	692849 	Pro	CGG	0	0	88.20	60.26	27.94	
NODE_2_length_870858_cov_39.3955  	3	824784 	824859 	Asn	GTT	0	0	91.73	62.08	29.65	
NODE_2_length_870858_cov_39.3955  	4	815985 	815910 	Ala	GGC	0	0	86.95	68.86	18.09	
NODE_2_length_870858_cov_39.3955  	5	815861 	815786 	Glu	TTC	0	0	66.40	38.20	28.20	
NODE_2_length_870858_cov_39.3955  	6	815692 	815617 	Ala	GGC	0	0	86.95	68.86	18.09	
NODE_2_length_870858_cov_39.3955  	7	815570 	815495 	Glu	TTC	0	0	66.40	38.20	28.20	
NODE_2_length_870858_cov_39.3955  	8	776588 	776513 	Val	TAC	0	0	94.49	73.68	20.81	
NODE_2_length_870858_cov_39.3955  	9	776496 	776420 	Asp	GTC	0	0	94.67	75.49	19.18	
NODE_2_length_870858_cov_39.3955  	10	776305 	776229 	Asp	GTC	0	0	94.67	75.49	19.18	
NODE_2_length_870858_cov_39.3955  	11	471499 	471424 	Glu	TTC	0	0	66.40	38.20	28.20	
NODE_2_length_870858_cov_39.3955  	12	471421 	471346 	Gly	GCC	0	0	93.74	68.41	25.33	
NODE_2_length_870858_cov_39.3955  	13	471261 	471186 	Gly	GCC	0	0	93.74	68.41	25.33	
NODE_2_length_870858_cov_39.3955  	14	361318 	361242 	Val	GAC	0	0	93.19	67.81	25.38	
NODE_2_length_870858_cov_39.3955  	15	327179 	327103 	Pro	GGG	0	0	74.89	48.01	26.88	
NODE_2_length_870858_cov_39.3955  	16	175620 	175531 	Ser	TGA	0	0	72.70	38.95	33.75	
NODE_2_length_870858_cov_39.3955  	17	114834 	114759 	Gly	GCC	0	0	93.74	68.41	25.33	
NODE_2_length_870858_cov_39.3955  	18	110223 	110150 	Cys	GCA	0	0	62.38	45.73	16.65	
NODE_2_length_870858_cov_39.3955  	19	97600  	97514  	Leu	TAA	0	0	76.64	42.32	34.32	
NODE_3_length_772725_cov_38.0156  	1	270843 	270929 	Leu	CAG	0	0	73.96	38.54	35.42	
NODE_3_length_772725_cov_38.0156  	2	271059 	271145 	Leu	CAG	0	0	73.96	38.54	35.42	
NODE_3_length_772725_cov_38.0156  	3	527650 	527725 	Phe	GAA	0	0	92.69	68.52	24.17	
NODE_3_length_772725_cov_38.0156  	4	541492 	541567 	Thr	TGT	0	0	93.66	75.64	18.02	
NODE_3_length_772725_cov_38.0156  	5	117267 	117176 	SeC	TCA	0	0	55.75	-18.51	74.26	
NODE_3_length_772725_cov_38.0156  	6	62985  	62900  	Leu	GAG	0	0	68.53	39.16	29.37	
NODE_3_length_772725_cov_38.0156  	7	62809  	62733  	Met	CAT	0	0	85.85	60.06	25.79	
NODE_4_length_491583_cov_39.5486  	1	456949 	456873 	Arg	CCG	0	0	87.81	66.55	21.26	
NODE_5_length_462437_cov_39.0141  	1	216633 	216547 	Leu	CAA	0	0	69.99	38.33	31.66	
NODE_6_length_385954_cov_37.7955  	1	294426 	294350 	Met	CAT	0	0	92.87	71.40	21.47	
NODE_7_length_352543_cov_37.8531  	1	100498 	100573 	Asn	GTT	0	0	91.73	62.08	29.65	
NODE_7_length_352543_cov_37.8531  	2	100583 	100659 	Pro	TGG	0	0	87.63	64.60	23.03	
NODE_7_length_352543_cov_37.8531  	3	100670 	100745 	Lys	TTT	0	0	95.07	71.82	23.25	
NODE_7_length_352543_cov_37.8531  	4	120067 	120142 	Thr	CGT	0	0	90.98	74.93	16.05	
NODE_7_length_352543_cov_37.8531  	5	56588  	56515  	Arg	ACG	0	0	52.72	27.21	25.51	
NODE_11_length_126786_cov_47.1062 	1	96804  	96894  	Ser	GCT	0	0	76.69	47.10	29.59	
NODE_11_length_126786_cov_47.1062 	2	97012  	97088  	Arg	ACG	0	0	83.50	58.05	25.45	
NODE_11_length_126786_cov_47.1062 	3	97200  	97276  	Arg	ACG	0	0	83.50	58.05	25.45	
NODE_11_length_126786_cov_47.1062 	4	7183   	7111   	Leu	GAG	0	0	20.84	19.28	1.56	
NODE_12_length_122805_cov_38.2895 	1	3075   	2999   	Arg	CCT	0	0	83.71	58.51	25.20	
NODE_13_length_117453_cov_39.7283 	1	3483   	3410   	Gly	CCC	0	0	60.35	30.06	30.29	
NODE_14_length_109864_cov_38.072  	1	35997  	36072  	Val	TAC	0	0	94.49	73.68	20.81	
NODE_14_length_109864_cov_38.072  	2	36089  	36165  	Asp	GTC	0	0	94.67	75.49	19.18	
NODE_19_length_65601_cov_38.2985  	1	64382  	64307  	Trp	CCA	0	0	86.73	63.05	23.68	
NODE_23_length_57147_cov_37.6774  	1	49710  	49784  	Gln	TTG	0	0	66.82	40.36	26.46	
NODE_23_length_57147_cov_37.6774  	2	53459  	53535  	Met	CAT	0	0	87.19	64.42	22.77	
NODE_34_length_5355_cov_160.816   	1	3527   	3451   	Ile	GAT	0	0	98.83	72.69	26.14	
NODE_34_length_5355_cov_160.816   	2	3422   	3347   	Ala	TGC	0	0	90.68	71.56	19.12	
NODE_39_length_3382_cov_37.423    	1	521    	437    	Tyr	GTA	0	0	71.07	41.76	29.31	
NODE_39_length_3382_cov_37.423    	2	410    	337    	Gly	TCC	0	0	78.82	62.92	15.90	
NODE_39_length_3382_cov_37.423    	3	317    	242    	Thr	GGT	0	0	93.76	67.73	26.03	
