Sequence                         		tRNA  	Bounds	tRNA	Anti	Intron Bounds	Cove	HMM	2'Str	      
Name                             	tRNA #	Begin 	End   	Type	Codon	Begin	End	Score	Score	Score	Note
--------                         	------	----- 	------	----	-----	-----	----	------	-----	-----	------
NODE_1_length_680492_cov_97.1136 	1	478802	478878	Arg	CCT	0	0	83.71	58.51	25.20	
NODE_1_length_680492_cov_97.1136 	2	606641	606716	Val	TAC	0	0	94.49	73.68	20.81	
NODE_1_length_680492_cov_97.1136 	3	606733	606809	Asp	GTC	0	0	94.67	75.49	19.18	
NODE_1_length_680492_cov_97.1136 	4	1537  	1451  	Leu	CAA	0	0	69.99	38.33	31.66	
NODE_2_length_599348_cov_94.2092 	1	523215	523126	Ser	CGA	0	0	68.31	24.88	43.43	
NODE_3_length_448531_cov_101.21  	1	155445	155531	Leu	CAG	0	0	73.96	38.54	35.42	
NODE_3_length_448531_cov_101.21  	2	155661	155747	Leu	CAG	0	0	73.96	38.54	35.42	
NODE_3_length_448531_cov_101.21  	3	412353	412428	Phe	GAA	0	0	92.69	68.52	24.17	
NODE_3_length_448531_cov_101.21  	4	423762	423837	Thr	TGT	0	0	93.66	75.64	18.02	
NODE_3_length_448531_cov_101.21  	5	1462  	1371  	SeC	TCA	0	0	55.75	-18.51	74.26	
NODE_4_length_428788_cov_93.7733 	1	65134 	65223 	Ser	GGA	0	0	71.75	34.38	37.37	
NODE_4_length_428788_cov_93.7733 	2	253903	253979	Pro	CGG	0	0	88.20	60.26	27.94	
NODE_4_length_428788_cov_93.7733 	3	382719	382794	Asn	GTT	0	0	91.73	62.08	29.65	
NODE_4_length_428788_cov_93.7733 	4	373920	373845	Ala	GGC	0	0	86.95	68.86	18.09	
NODE_4_length_428788_cov_93.7733 	5	373796	373721	Glu	TTC	0	0	66.40	38.20	28.20	
NODE_4_length_428788_cov_93.7733 	6	373627	373552	Ala	GGC	0	0	86.95	68.86	18.09	
NODE_4_length_428788_cov_93.7733 	7	373505	373430	Glu	TTC	0	0	66.40	38.20	28.20	
NODE_4_length_428788_cov_93.7733 	8	334523	334448	Val	TAC	0	0	94.49	73.68	20.81	
NODE_4_length_428788_cov_93.7733 	9	334431	334355	Asp	GTC	0	0	94.67	75.49	19.18	
NODE_4_length_428788_cov_93.7733 	10	334240	334164	Asp	GTC	0	0	94.67	75.49	19.18	
NODE_4_length_428788_cov_93.7733 	11	32637 	32562 	Glu	TTC	0	0	66.40	38.20	28.20	
NODE_4_length_428788_cov_93.7733 	12	32559 	32484 	Gly	GCC	0	0	93.74	68.41	25.33	
NODE_4_length_428788_cov_93.7733 	13	32399 	32324 	Gly	GCC	0	0	93.74	68.41	25.33	
NODE_5_length_407368_cov_97.0453 	1	155084	155159	Asn	GTT	0	0	91.73	62.08	29.65	
NODE_5_length_407368_cov_97.0453 	2	155169	155245	Pro	TGG	0	0	87.63	64.60	23.03	
NODE_5_length_407368_cov_97.0453 	3	155256	155331	Lys	TTT	0	0	95.07	71.82	23.25	
NODE_5_length_407368_cov_97.0453 	4	174652	174727	Thr	CGT	0	0	90.98	74.93	16.05	
NODE_5_length_407368_cov_97.0453 	5	111170	111097	Arg	ACG	0	0	52.72	27.21	25.51	
NODE_5_length_407368_cov_97.0453 	6	4682  	4608  	Gln	TTG	0	0	66.82	40.36	26.46	
NODE_5_length_407368_cov_97.0453 	7	934   	858   	Met	CAT	0	0	87.19	64.42	22.77	
NODE_6_length_397824_cov_91.601  	1	303077	303153	Arg	TCT	0	0	96.39	77.88	18.51	
NODE_6_length_397824_cov_91.601  	2	303205	303280	His	GTG	0	0	83.51	64.18	19.33	
NODE_6_length_397824_cov_91.601  	3	303335	303419	Leu	TAG	0	0	76.62	44.97	31.65	
NODE_6_length_397824_cov_91.601  	4	303486	303561	His	GTG	0	0	83.51	64.18	19.33	
NODE_6_length_397824_cov_91.601  	5	314840	314916	Asp	GTC	0	0	95.34	76.86	18.48	
NODE_7_length_386993_cov_100.276 	1	295596	295520	Met	CAT	0	0	92.87	71.40	21.47	
NODE_8_length_379849_cov_91.5318 	1	140523	140612	Ser	TGA	0	0	72.70	38.95	33.75	
NODE_8_length_379849_cov_91.5318 	2	196647	196722	Gly	GCC	0	0	93.74	68.41	25.33	
NODE_8_length_379849_cov_91.5318 	3	201272	201345	Cys	GCA	0	0	62.38	45.73	16.65	
NODE_8_length_379849_cov_91.5318 	4	213896	213982	Leu	TAA	0	0	76.64	42.32	34.32	
NODE_16_length_145286_cov_87.2534	1	132562	132638	Met	CAT	0	0	85.06	58.55	26.51	
NODE_16_length_145286_cov_87.2534	2	80006 	79931 	Lys	TTT	0	0	95.07	71.82	23.25	
NODE_17_length_121287_cov_95.8065	1	62665 	62580 	Leu	GAG	0	0	68.53	39.16	29.37	
NODE_17_length_121287_cov_95.8065	2	62489 	62413 	Met	CAT	0	0	85.85	60.06	25.79	
NODE_18_length_113596_cov_93.6524	1	111239	111312	Gly	CCC	0	0	60.35	30.06	30.29	
NODE_20_length_95213_cov_94.7484 	1	91138 	91228 	Ser	GCT	0	0	76.69	47.10	29.59	
NODE_20_length_95213_cov_94.7484 	2	91346 	91422 	Arg	ACG	0	0	83.50	58.05	25.45	
NODE_20_length_95213_cov_94.7484 	3	91534 	91610 	Arg	ACG	0	0	83.50	58.05	25.45	
NODE_20_length_95213_cov_94.7484 	4	1463  	1391  	Leu	GAG	0	0	20.84	19.28	1.56	
NODE_22_length_69134_cov_86.3583 	1	14271 	14347 	Val	GAC	0	0	93.19	67.81	25.38	
NODE_22_length_69134_cov_86.3583 	2	48412 	48488 	Pro	GGG	0	0	74.89	48.01	26.88	
NODE_23_length_65296_cov_100.799 	1	64164 	64089 	Trp	CCA	0	0	86.73	63.05	23.68	
NODE_28_length_36096_cov_99.0773 	1	1477  	1401  	Arg	CCG	0	0	87.81	66.55	21.26	
NODE_31_length_5527_cov_285.56   	1	1946  	2022  	Ile	GAT	0	0	98.83	72.69	26.14	
NODE_31_length_5527_cov_285.56   	2	2051  	2126  	Ala	TGC	0	0	90.68	71.56	19.12	
NODE_34_length_3413_cov_83.6415  	1	608   	524   	Tyr	GTA	0	0	71.07	41.76	29.31	
NODE_34_length_3413_cov_83.6415  	2	497   	424   	Gly	TCC	0	0	82.75	60.87	21.88	
NODE_34_length_3413_cov_83.6415  	3	404   	329   	Thr	GGT	0	0	93.76	67.73	26.03	
