Sequence                         		tRNA  	Bounds	tRNA	Anti	Intron Bounds	Cove	HMM	2'Str	      
Name                             	tRNA #	Begin 	End   	Type	Codon	Begin	End	Score	Score	Score	Note
--------                         	------	----- 	------	----	-----	-----	----	------	-----	-----	------
NODE_1_length_890947_cov_43.7567 	1	708179	708255	Arg	TCT	0	0	96.39	77.88	18.51	
NODE_1_length_890947_cov_43.7567 	2	708307	708382	His	GTG	0	0	83.51	64.18	19.33	
NODE_1_length_890947_cov_43.7567 	3	708437	708521	Leu	TAG	0	0	76.74	45.09	31.65	
NODE_1_length_890947_cov_43.7567 	4	736959	737034	Gly	TCC	0	0	80.67	54.25	26.42	
NODE_1_length_890947_cov_43.7567 	5	737047	737121	Asn	GTT	0	0	77.66	51.70	25.96	
NODE_1_length_890947_cov_43.7567 	6	737126	737201	Thr	TGT	0	0	74.27	61.42	12.85	
NODE_1_length_890947_cov_43.7567 	7	766594	766669	His	GTG	0	0	83.51	64.18	19.33	
NODE_1_length_890947_cov_43.7567 	8	777947	778023	Asp	GTC	0	0	95.34	76.86	18.48	
NODE_2_length_649951_cov_54.245  	1	80319 	80395 	Met	CAT	0	0	92.87	71.40	21.47	
NODE_2_length_649951_cov_54.245  	2	94517 	94584 	Undet	NNN	0	0	23.91	17.16	6.75	
NODE_2_length_649951_cov_54.245  	3	420276	420352	Arg	CCG	0	0	87.81	66.55	21.26	
NODE_3_length_620999_cov_50.7789 	1	261130	261044	Leu	CAA	0	0	69.99	38.33	31.66	
NODE_4_length_472917_cov_51.0025 	1	163499	163585	Leu	CAG	0	0	73.96	38.54	35.42	
NODE_4_length_472917_cov_51.0025 	2	163715	163801	Leu	CAG	0	0	73.96	38.54	35.42	
NODE_4_length_472917_cov_51.0025 	3	420439	420514	Phe	GAA	0	0	92.69	68.52	24.17	
NODE_4_length_472917_cov_51.0025 	4	431844	431919	Thr	TGT	0	0	93.66	75.64	18.02	
NODE_5_length_321880_cov_44.9363 	1	117267	117342	Glu	TTC	0	0	66.40	38.20	28.20	
NODE_5_length_321880_cov_44.9363 	2	117345	117420	Gly	GCC	0	0	93.74	68.41	25.33	
NODE_5_length_321880_cov_44.9363 	3	117505	117580	Gly	GCC	0	0	93.74	68.41	25.33	
NODE_5_length_321880_cov_44.9363 	4	286440	286516	Val	GAC	0	0	93.19	67.81	25.38	
NODE_5_length_321880_cov_44.9363 	5	320285	320361	Pro	GGG	0	0	74.89	48.01	26.88	
NODE_5_length_321880_cov_44.9363 	6	84768 	84679 	Ser	GGA	0	0	71.75	34.38	37.37	
NODE_6_length_264057_cov_47.9737 	1	31781 	31856 	Thr	CGT	0	0	90.98	74.93	16.05	
NODE_8_length_252755_cov_48.7856 	1	157686	157760	Arg	CCT	0	0	69.71	45.21	24.50	
NODE_9_length_241122_cov_45.6784 	1	104288	104364	Pro	CGG	0	0	88.20	60.26	27.94	
NODE_9_length_241122_cov_45.6784 	2	230958	231033	Asn	GTT	0	0	91.73	62.08	29.65	
NODE_9_length_241122_cov_45.6784 	3	222159	222084	Ala	GGC	0	0	86.95	68.86	18.09	
NODE_9_length_241122_cov_45.6784 	4	222035	221960	Glu	TTC	0	0	66.40	38.20	28.20	
NODE_9_length_241122_cov_45.6784 	5	221866	221791	Ala	GGC	0	0	86.95	68.86	18.09	
NODE_9_length_241122_cov_45.6784 	6	221744	221669	Glu	TTC	0	0	66.40	38.20	28.20	
NODE_9_length_241122_cov_45.6784 	7	182756	182681	Val	TAC	0	0	94.49	73.68	20.81	
NODE_9_length_241122_cov_45.6784 	8	182664	182588	Asp	GTC	0	0	94.67	75.49	19.18	
NODE_9_length_241122_cov_45.6784 	9	182473	182397	Asp	GTC	0	0	94.67	75.49	19.18	
NODE_11_length_186172_cov_46.0965	1	155163	155074	Ser	CGA	0	0	68.31	24.88	43.43	
NODE_12_length_166340_cov_44.501 	1	140556	140645	Ser	TGA	0	0	72.70	38.95	33.75	
NODE_12_length_166340_cov_44.501 	2	164936	165011	Gly	GCC	0	0	93.74	68.41	25.33	
NODE_13_length_160677_cov_47.3997	1	53505 	53581 	Met	CAT	0	0	85.06	58.55	26.51	
NODE_13_length_160677_cov_47.3997	2	159606	159678	Leu	GAG	0	0	20.84	19.28	1.56	
NODE_13_length_160677_cov_47.3997	3	70037 	69947 	Ser	GCT	0	0	76.69	47.10	29.59	
NODE_13_length_160677_cov_47.3997	4	69829 	69753 	Arg	ACG	0	0	83.50	58.05	25.45	
NODE_13_length_160677_cov_47.3997	5	69641 	69565 	Arg	ACG	0	0	83.50	58.05	25.45	
NODE_13_length_160677_cov_47.3997	6	937   	862   	Lys	TTT	0	0	95.07	71.82	23.25	
NODE_15_length_132109_cov_47.3575	1	95411 	95484 	Gly	CCC	0	0	60.35	30.06	30.29	
NODE_17_length_118866_cov_49.7439	1	1531  	1622  	SeC	TCA	0	0	55.75	-18.51	74.26	
NODE_17_length_118866_cov_49.7439	2	55917 	56002 	Leu	GAG	0	0	68.53	39.16	29.37	
NODE_17_length_118866_cov_49.7439	3	56093 	56169 	Met	CAT	0	0	85.85	60.06	25.79	
NODE_19_length_117040_cov_45.7711	1	112553	112480	Cys	GCA	0	0	62.38	45.73	16.65	
NODE_19_length_117040_cov_45.7711	2	99928 	99842 	Leu	TAA	0	0	76.64	42.32	34.32	
NODE_20_length_114957_cov_46.7147	1	36054 	36129 	Val	TAC	0	0	94.49	73.68	20.81	
NODE_20_length_114957_cov_46.7147	2	36146 	36222 	Asp	GTC	0	0	94.67	75.49	19.18	
NODE_21_length_103060_cov_50.2527	1	45016 	45089 	Arg	ACG	0	0	52.72	27.21	25.51	
NODE_21_length_103060_cov_50.2527	2	1108  	1033  	Asn	GTT	0	0	91.73	62.08	29.65	
NODE_21_length_103060_cov_50.2527	3	1023  	947   	Pro	TGG	0	0	87.63	64.60	23.03	
NODE_21_length_103060_cov_50.2527	4	936   	861   	Lys	TTT	0	0	95.07	71.82	23.25	
NODE_26_length_72827_cov_49.7545 	1	49487 	49561 	Gln	TTG	0	0	66.82	40.36	26.46	
NODE_26_length_72827_cov_49.7545 	2	53235 	53311 	Met	CAT	0	0	87.19	64.42	22.77	
NODE_34_length_41606_cov_53.6491 	1	40387 	40312 	Trp	CCA	0	0	86.73	63.05	23.68	
NODE_50_length_5419_cov_183.621  	1	1858  	1934  	Ile	GAT	0	0	98.83	72.69	26.14	
NODE_50_length_5419_cov_183.621  	2	1963  	2038  	Ala	TGC	0	0	90.68	71.56	19.12	
NODE_55_length_3346_cov_49.8583  	1	521   	437   	Tyr	GTA	0	0	71.07	41.76	29.31	
NODE_55_length_3346_cov_49.8583  	2	410   	337   	Gly	TCC	0	0	82.75	60.87	21.88	
NODE_55_length_3346_cov_49.8583  	3	317   	242   	Thr	GGT	0	0	93.76	67.73	26.03	
