Sequence                         		tRNA  	Bounds	tRNA	Anti	Intron Bounds	Cove	HMM	2'Str	      
Name                             	tRNA #	Begin 	End   	Type	Codon	Begin	End	Score	Score	Score	Note
--------                         	------	----- 	------	----	-----	-----	----	------	-----	-----	------
NODE_1_length_719325_cov_57.9486 	1	55161 	55236 	Ala	GGC	0	0	86.95	68.86	18.09	
NODE_1_length_719325_cov_57.9486 	2	55285 	55360 	Glu	TTC	0	0	66.40	38.20	28.20	
NODE_1_length_719325_cov_57.9486 	3	55454 	55529 	Ala	GGC	0	0	86.95	68.86	18.09	
NODE_1_length_719325_cov_57.9486 	4	55576 	55651 	Glu	TTC	0	0	66.40	38.20	28.20	
NODE_1_length_719325_cov_57.9486 	5	94560 	94635 	Val	TAC	0	0	94.49	73.68	20.81	
NODE_1_length_719325_cov_57.9486 	6	94652 	94728 	Asp	GTC	0	0	94.67	75.49	19.18	
NODE_1_length_719325_cov_57.9486 	7	94843 	94919 	Asp	GTC	0	0	94.67	75.49	19.18	
NODE_1_length_719325_cov_57.9486 	8	397549	397624	Glu	TTC	0	0	66.40	38.20	28.20	
NODE_1_length_719325_cov_57.9486 	9	397627	397702	Gly	GCC	0	0	93.74	68.41	25.33	
NODE_1_length_719325_cov_57.9486 	10	397787	397862	Gly	GCC	0	0	93.74	68.41	25.33	
NODE_1_length_719325_cov_57.9486 	11	442824	442900	Val	GAC	0	0	93.19	67.81	25.38	
NODE_1_length_719325_cov_57.9486 	12	476667	476743	Pro	GGG	0	0	74.89	48.01	26.88	
NODE_1_length_719325_cov_57.9486 	13	635586	635675	Ser	TGA	0	0	72.70	38.95	33.75	
NODE_1_length_719325_cov_57.9486 	14	659986	660061	Gly	GCC	0	0	93.74	68.41	25.33	
NODE_1_length_719325_cov_57.9486 	15	666380	666453	Cys	GCA	0	0	62.38	45.73	16.65	
NODE_1_length_719325_cov_57.9486 	16	365054	364965	Ser	GGA	0	0	71.75	34.38	37.37	
NODE_1_length_719325_cov_57.9486 	17	176250	176174	Pro	CGG	0	0	88.20	60.26	27.94	
NODE_1_length_719325_cov_57.9486 	18	46362 	46287 	Asn	GTT	0	0	91.73	62.08	29.65	
NODE_2_length_662765_cov_59.6411 	1	271706	271792	Leu	CAG	0	0	73.96	38.54	35.42	
NODE_2_length_662765_cov_59.6411 	2	271922	272008	Leu	CAG	0	0	73.96	38.54	35.42	
NODE_2_length_662765_cov_59.6411 	3	529428	529503	Phe	GAA	0	0	92.69	68.52	24.17	
NODE_2_length_662765_cov_59.6411 	4	540838	540913	Thr	TGT	0	0	93.66	75.64	18.02	
NODE_2_length_662765_cov_59.6411 	5	117205	117114	SeC	TCA	0	0	55.75	-18.51	74.26	
NODE_2_length_662765_cov_59.6411 	6	62976 	62891 	Leu	GAG	0	0	68.53	39.16	29.37	
NODE_2_length_662765_cov_59.6411 	7	62800 	62724 	Met	CAT	0	0	85.85	60.06	25.79	
NODE_3_length_442478_cov_61.6521 	1	47667 	47581 	Leu	CAA	0	0	69.99	38.33	31.66	
NODE_4_length_436375_cov_64.2638 	1	340884	340808	Met	CAT	0	0	92.87	71.40	21.47	
NODE_4_length_436375_cov_64.2638 	2	13435 	13359 	Arg	CCG	0	0	87.81	66.55	21.26	
NODE_5_length_435464_cov_57.3973 	1	377782	377855	Arg	ACG	0	0	52.72	27.21	25.51	
NODE_5_length_435464_cov_57.3973 	2	333874	333799	Asn	GTT	0	0	91.73	62.08	29.65	
NODE_5_length_435464_cov_57.3973 	3	333789	333713	Pro	TGG	0	0	87.63	64.60	23.03	
NODE_5_length_435464_cov_57.3973 	4	333702	333627	Lys	TTT	0	0	95.07	71.82	23.25	
NODE_5_length_435464_cov_57.3973 	5	314900	314825	Thr	CGT	0	0	90.98	74.93	16.05	
NODE_7_length_363249_cov_54.8212 	1	291793	291883	Ser	GCT	0	0	76.69	47.10	29.59	
NODE_7_length_363249_cov_54.8212 	2	292001	292077	Arg	ACG	0	0	83.50	58.05	25.45	
NODE_7_length_363249_cov_54.8212 	3	292189	292265	Arg	ACG	0	0	83.50	58.05	25.45	
NODE_7_length_363249_cov_54.8212 	4	360945	361020	Lys	TTT	0	0	95.07	71.82	23.25	
NODE_7_length_363249_cov_54.8212 	5	308369	308293	Met	CAT	0	0	85.06	58.55	26.51	
NODE_7_length_363249_cov_54.8212 	6	202114	202042	Leu	GAG	0	0	20.84	19.28	1.56	
NODE_7_length_363249_cov_54.8212 	7	91983 	91910 	Gly	CCC	0	0	60.35	30.06	30.29	
NODE_9_length_271313_cov_49.4685 	1	126658	126582	Arg	TCT	0	0	96.39	77.88	18.51	
NODE_9_length_271313_cov_49.4685 	2	126530	126455	His	GTG	0	0	83.51	64.18	19.33	
NODE_9_length_271313_cov_49.4685 	3	126400	126316	Leu	TAG	0	0	76.62	44.97	31.65	
NODE_9_length_271313_cov_49.4685 	4	126249	126174	His	GTG	0	0	83.51	64.18	19.33	
NODE_9_length_271313_cov_49.4685 	5	114896	114820	Asp	GTC	0	0	95.34	76.86	18.48	
NODE_13_length_183156_cov_54.9258	1	148264	148175	Ser	CGA	0	0	68.31	24.88	43.43	
NODE_16_length_136575_cov_59.263 	1	100579	100504	Val	TAC	0	0	94.49	73.68	20.81	
NODE_16_length_136575_cov_59.263 	2	100487	100411	Asp	GTC	0	0	94.67	75.49	19.18	
NODE_20_length_122054_cov_61.3049	1	2943  	2867  	Arg	CCT	0	0	83.71	58.51	25.20	
NODE_24_length_74483_cov_57.8922 	1	48572 	48646 	Gln	TTG	0	0	66.82	40.36	26.46	
NODE_24_length_74483_cov_57.8922 	2	52320 	52396 	Met	CAT	0	0	87.19	64.42	22.77	
NODE_26_length_65288_cov_70.2797 	1	64273 	64198 	Trp	CCA	0	0	86.73	63.05	23.68	
NODE_34_length_4579_cov_229.686  	1	3587  	3511  	Ile	GAT	0	0	98.83	72.69	26.14	
NODE_34_length_4579_cov_229.686  	2	3482  	3407  	Ala	TGC	0	0	90.68	71.56	19.12	
NODE_36_length_3526_cov_61.4613  	1	725   	641   	Tyr	GTA	0	0	71.07	41.76	29.31	
NODE_36_length_3526_cov_61.4613  	2	614   	541   	Gly	TCC	0	0	82.75	60.87	21.88	
NODE_36_length_3526_cov_61.4613  	3	521   	446   	Thr	GGT	0	0	93.76	67.73	26.03	
