Sequence                         		tRNA  	Bounds	tRNA	Anti	Intron Bounds	Cove	HMM	2'Str	      
Name                             	tRNA #	Begin 	End   	Type	Codon	Begin	End	Score	Score	Score	Note
--------                         	------	----- 	------	----	-----	-----	----	------	-----	-----	------
NODE_1_length_389383_cov_86.3118 	1	56090 	56166 	Met	CAT	0	0	92.87	71.40	21.47	
NODE_1_length_389383_cov_86.3118 	2	386805	386881	Arg	CCG	0	0	87.81	66.55	21.26	
NODE_2_length_359212_cov_74.3646 	1	218582	218493	Ser	TGA	0	0	68.83	34.50	34.33	
NODE_2_length_359212_cov_74.3646 	2	144104	144029	Gly	GCC	0	0	93.74	68.41	25.33	
NODE_2_length_359212_cov_74.3646 	3	139482	139409	Cys	GCA	0	0	62.38	45.73	16.65	
NODE_2_length_359212_cov_74.3646 	4	126858	126772	Leu	TAA	0	0	76.64	42.32	34.32	
NODE_3_length_341964_cov_82.1003 	1	270922	271008	Leu	CAG	0	0	73.96	38.54	35.42	
NODE_3_length_341964_cov_82.1003 	2	271138	271224	Leu	CAG	0	0	73.96	38.54	35.42	
NODE_3_length_341964_cov_82.1003 	3	117422	117331	SeC	TCA	0	0	55.75	-18.51	74.26	
NODE_3_length_341964_cov_82.1003 	4	62903 	62818 	Leu	GAG	0	0	68.53	39.16	29.37	
NODE_3_length_341964_cov_82.1003 	5	62727 	62651 	Met	CAT	0	0	85.85	60.06	25.79	
NODE_4_length_334388_cov_79.4515 	1	210702	210616	Leu	CAA	0	0	69.99	38.33	31.66	
NODE_5_length_310386_cov_75.2501 	1	43069 	43158 	Ser	GGA	0	0	71.75	34.38	37.37	
NODE_5_length_310386_cov_75.2501 	2	231861	231937	Pro	CGG	0	0	88.20	60.26	27.94	
NODE_5_length_310386_cov_75.2501 	3	10571 	10496 	Glu	TTC	0	0	66.40	38.20	28.20	
NODE_5_length_310386_cov_75.2501 	4	10493 	10418 	Gly	GCC	0	0	93.74	68.41	25.33	
NODE_6_length_262021_cov_71.0726 	1	117618	117694	Met	CAT	0	0	85.06	58.55	26.51	
NODE_6_length_262021_cov_71.0726 	2	223843	223915	Leu	GAG	0	0	20.84	19.28	1.56	
NODE_6_length_262021_cov_71.0726 	3	134162	134072	Ser	GCT	0	0	76.69	47.10	29.59	
NODE_6_length_262021_cov_71.0726 	4	133954	133878	Arg	ACG	0	0	83.50	58.05	25.45	
NODE_6_length_262021_cov_71.0726 	5	133766	133690	Arg	ACG	0	0	83.50	58.05	25.45	
NODE_6_length_262021_cov_71.0726 	6	65137 	65062 	Lys	TTT	0	0	95.07	71.82	23.25	
NODE_7_length_223164_cov_73.9718 	1	24141 	24230 	Ser	CGA	0	0	68.31	24.88	43.43	
NODE_9_length_175111_cov_69.7255 	1	86614 	86539 	Gly	GCC	0	0	93.74	68.41	25.33	
NODE_9_length_175111_cov_69.7255 	2	41601 	41525 	Val	GAC	0	0	93.19	67.81	25.38	
NODE_9_length_175111_cov_69.7255 	3	7461  	7385  	Pro	GGG	0	0	74.89	48.01	26.88	
NODE_16_length_121840_cov_74.758 	1	98515 	98588 	Gly	CCC	0	0	60.35	30.06	30.29	
NODE_17_length_117620_cov_70.5983	1	25210 	25286 	Arg	TCT	0	0	96.39	77.88	18.51	
NODE_17_length_117620_cov_70.5983	2	25338 	25413 	His	GTG	0	0	83.51	64.18	19.33	
NODE_17_length_117620_cov_70.5983	3	25468 	25552 	Leu	TAG	0	0	76.62	44.97	31.65	
NODE_17_length_117620_cov_70.5983	4	25619 	25694 	His	GTG	0	0	83.51	64.18	19.33	
NODE_17_length_117620_cov_70.5983	5	36972 	37048 	Asp	GTC	0	0	95.34	76.86	18.48	
NODE_23_length_109832_cov_78.2178	1	30156 	30232 	Arg	CCT	0	0	83.71	58.51	25.20	
NODE_25_length_106650_cov_76.4745	1	32873 	32948 	Val	TAC	0	0	94.49	73.68	20.81	
NODE_25_length_106650_cov_76.4745	2	32965 	33041 	Asp	GTC	0	0	94.67	75.49	19.18	
NODE_26_length_102313_cov_84.7385	1	15266 	15341 	Thr	TGT	0	0	93.66	75.64	18.02	
NODE_31_length_77218_cov_83.6857 	1	71316 	71391 	Phe	GAA	0	0	92.69	68.52	24.17	
NODE_32_length_75986_cov_76.3272 	1	40790 	40717 	Arg	ACG	0	0	52.72	27.21	25.51	
NODE_33_length_74992_cov_78.8012 	1	49072 	49146 	Gln	TTG	0	0	66.82	40.36	26.46	
NODE_33_length_74992_cov_78.8012 	2	52820 	52896 	Met	CAT	0	0	87.19	64.42	22.77	
NODE_34_length_70059_cov_70.3953 	1	25115 	25190 	Ala	GGC	0	0	86.95	68.86	18.09	
NODE_34_length_70059_cov_70.3953 	2	25239 	25314 	Glu	TTC	0	0	66.40	38.20	28.20	
NODE_34_length_70059_cov_70.3953 	3	25408 	25483 	Ala	GGC	0	0	86.95	68.86	18.09	
NODE_34_length_70059_cov_70.3953 	4	25530 	25605 	Glu	TTC	0	0	66.40	38.20	28.20	
NODE_34_length_70059_cov_70.3953 	5	64509 	64584 	Val	TAC	0	0	94.49	73.68	20.81	
NODE_34_length_70059_cov_70.3953 	6	64601 	64677 	Asp	GTC	0	0	94.67	75.49	19.18	
NODE_34_length_70059_cov_70.3953 	7	64792 	64868 	Asp	GTC	0	0	94.67	75.49	19.18	
NODE_34_length_70059_cov_70.3953 	8	16316 	16241 	Asn	GTT	0	0	91.73	62.08	29.65	
NODE_35_length_65420_cov_81.562  	1	64300 	64225 	Trp	CCA	0	0	86.73	63.05	23.68	
NODE_48_length_26360_cov_76.858  	1	17392 	17317 	Asn	GTT	0	0	91.73	62.08	29.65	
NODE_48_length_26360_cov_76.858  	2	17307 	17231 	Pro	TGG	0	0	87.63	64.60	23.03	
NODE_48_length_26360_cov_76.858  	3	17220 	17145 	Lys	TTT	0	0	95.07	71.82	23.25	
NODE_54_length_21584_cov_74.1359 	1	21120 	21045 	Thr	CGT	0	0	90.98	74.93	16.05	
NODE_81_length_3418_cov_73.3996  	1	620   	536   	Tyr	GTA	0	0	71.07	41.76	29.31	
NODE_81_length_3418_cov_73.3996  	2	509   	436   	Gly	TCC	0	0	82.75	60.87	21.88	
NODE_81_length_3418_cov_73.3996  	3	416   	341   	Thr	GGT	0	0	93.76	67.73	26.03	
NODE_93_length_1732_cov_238.236  	1	554   	478   	Ile	GAT	0	0	98.83	72.69	26.14	
NODE_93_length_1732_cov_238.236  	2	449   	374   	Ala	TGC	0	0	90.68	71.56	19.12	
