Sequence                         		tRNA  	Bounds	tRNA	Anti	Intron Bounds	Cove	HMM	2'Str	      
Name                             	tRNA #	Begin 	End   	Type	Codon	Begin	End	Score	Score	Score	Note
--------                         	------	----- 	------	----	-----	-----	----	------	-----	-----	------
NODE_1_length_555718_cov_28.0181 	1	194443	194532	Ser	GGA	0	0	71.75	34.38	37.37	
NODE_1_length_555718_cov_28.0181 	2	383236	383312	Pro	CGG	0	0	88.20	60.26	27.94	
NODE_1_length_555718_cov_28.0181 	3	513119	513194	Asn	GTT	0	0	91.73	62.08	29.65	
NODE_1_length_555718_cov_28.0181 	4	504320	504245	Ala	GGC	0	0	86.95	68.86	18.09	
NODE_1_length_555718_cov_28.0181 	5	504196	504121	Glu	TTC	0	0	66.40	38.20	28.20	
NODE_1_length_555718_cov_28.0181 	6	504027	503952	Ala	GGC	0	0	86.95	68.86	18.09	
NODE_1_length_555718_cov_28.0181 	7	503905	503830	Glu	TTC	0	0	66.40	38.20	28.20	
NODE_1_length_555718_cov_28.0181 	8	464928	464853	Val	TAC	0	0	94.49	73.68	20.81	
NODE_1_length_555718_cov_28.0181 	9	464836	464760	Asp	GTC	0	0	94.67	75.49	19.18	
NODE_1_length_555718_cov_28.0181 	10	464645	464569	Asp	GTC	0	0	94.67	75.49	19.18	
NODE_1_length_555718_cov_28.0181 	11	161948	161873	Glu	TTC	0	0	66.40	38.20	28.20	
NODE_1_length_555718_cov_28.0181 	12	161870	161795	Gly	GCC	0	0	93.74	68.41	25.33	
NODE_1_length_555718_cov_28.0181 	13	161710	161635	Gly	GCC	0	0	93.74	68.41	25.33	
NODE_1_length_555718_cov_28.0181 	14	28999 	28923 	Val	GAC	0	0	93.19	67.81	25.38	
NODE_2_length_493169_cov_28.8531 	1	199388	199463	Asn	GTT	0	0	91.73	62.08	29.65	
NODE_2_length_493169_cov_28.8531 	2	199473	199549	Pro	TGG	0	0	87.63	64.60	23.03	
NODE_2_length_493169_cov_28.8531 	3	199560	199635	Lys	TTT	0	0	95.07	71.82	23.25	
NODE_2_length_493169_cov_28.8531 	4	217619	217694	Thr	CGT	0	0	90.98	74.93	16.05	
NODE_2_length_493169_cov_28.8531 	5	155472	155399	Arg	ACG	0	0	52.72	27.21	25.51	
NODE_2_length_493169_cov_28.8531 	6	49295 	49221 	Gln	TTG	0	0	66.82	40.36	26.46	
NODE_2_length_493169_cov_28.8531 	7	22176 	22100 	Met	CAT	0	0	87.19	64.42	22.77	
NODE_3_length_452063_cov_27.9322 	1	327548	327638	Ser	GCT	0	0	76.69	47.10	29.59	
NODE_3_length_452063_cov_27.9322 	2	327756	327832	Arg	ACG	0	0	83.50	58.05	25.45	
NODE_3_length_452063_cov_27.9322 	3	327944	328020	Arg	ACG	0	0	83.50	58.05	25.45	
NODE_3_length_452063_cov_27.9322 	4	396707	396782	Lys	TTT	0	0	95.07	71.82	23.25	
NODE_3_length_452063_cov_27.9322 	5	344130	344054	Met	CAT	0	0	85.06	58.55	26.51	
NODE_3_length_452063_cov_27.9322 	6	237866	237794	Leu	GAG	0	0	20.84	19.28	1.56	
NODE_3_length_452063_cov_27.9322 	7	134440	134367	Gly	CCC	0	0	60.35	30.06	30.29	
NODE_4_length_375304_cov_31.0362 	1	291960	291884	Met	CAT	0	0	92.87	71.40	21.47	
NODE_5_length_323572_cov_27.2115 	1	153999	154088	Ser	TGA	0	0	72.70	38.95	33.75	
NODE_5_length_323572_cov_27.2115 	2	178379	178454	Gly	GCC	0	0	93.74	68.41	25.33	
NODE_5_length_323572_cov_27.2115 	3	184772	184845	Cys	GCA	0	0	62.38	45.73	16.65	
NODE_5_length_323572_cov_27.2115 	4	197397	197483	Leu	TAA	0	0	76.64	42.32	34.32	
NODE_6_length_315322_cov_29.9324 	1	214743	214657	Leu	CAA	0	0	69.99	38.33	31.66	
NODE_8_length_269276_cov_26.8978 	1	144507	144583	Arg	TCT	0	0	96.39	77.88	18.51	
NODE_8_length_269276_cov_26.8978 	2	144635	144710	His	GTG	0	0	83.51	64.18	19.33	
NODE_8_length_269276_cov_26.8978 	3	144765	144849	Leu	TAG	0	0	76.62	44.97	31.65	
NODE_8_length_269276_cov_26.8978 	4	144916	144991	His	GTG	0	0	83.51	64.18	19.33	
NODE_8_length_269276_cov_26.8978 	5	156269	156345	Asp	GTC	0	0	95.34	76.86	18.48	
NODE_9_length_256237_cov_27.3632 	1	203713	203624	Ser	CGA	0	0	68.31	24.88	43.43	
NODE_10_length_232705_cov_29.8987	1	116607	116698	SeC	TCA	0	0	55.75	-18.51	74.26	
NODE_10_length_232705_cov_29.8987	2	170646	170731	Leu	GAG	0	0	68.53	39.16	29.37	
NODE_10_length_232705_cov_29.8987	3	170822	170898	Met	CAT	0	0	85.85	60.06	25.79	
NODE_13_length_225260_cov_30.2567	1	185331	185245	Leu	CAG	0	0	73.96	38.54	35.42	
NODE_13_length_225260_cov_30.2567	2	185115	185029	Leu	CAG	0	0	73.96	38.54	35.42	
NODE_19_length_136180_cov_28.567 	1	100221	100146	Val	TAC	0	0	94.49	73.68	20.81	
NODE_19_length_136180_cov_28.567 	2	100129	100053	Asp	GTC	0	0	94.67	75.49	19.18	
NODE_22_length_120706_cov_29.897 	1	919   	843   	Arg	CCT	0	0	83.71	58.51	25.20	
NODE_24_length_93936_cov_26.2764 	1	31248 	31324 	Pro	GGG	0	0	74.89	48.01	26.88	
NODE_28_length_76775_cov_30.2848 	1	4899  	4824  	Phe	GAA	0	0	92.69	68.52	24.17	
NODE_29_length_70419_cov_30.2729 	1	23255 	23330 	Thr	TGT	0	0	93.66	75.64	18.02	
NODE_33_length_35831_cov_31.3185 	1	34644 	34720 	Arg	CCG	0	0	87.81	66.55	21.26	
NODE_35_length_32051_cov_30.2222 	1	1220  	1295  	Trp	CCA	0	0	86.73	63.05	23.68	
NODE_47_length_5405_cov_104.742  	1	1829  	1905  	Ile	GAT	0	0	98.83	72.69	26.14	
NODE_47_length_5405_cov_104.742  	2	1934  	2009  	Ala	TGC	0	0	90.68	71.56	19.12	
NODE_51_length_3329_cov_26.3239  	1	2809  	2893  	Tyr	GTA	0	0	71.07	41.76	29.31	
NODE_51_length_3329_cov_26.3239  	2	2920  	2993  	Gly	TCC	0	0	82.75	60.87	21.88	
NODE_51_length_3329_cov_26.3239  	3	3013  	3088  	Thr	GGT	0	0	93.76	67.73	26.03	
