Sequence                         		tRNA  	Bounds	tRNA	Anti	Intron Bounds	Cove	HMM	2'Str	      
Name                             	tRNA #	Begin 	End   	Type	Codon	Begin	End	Score	Score	Score	Note
--------                         	------	----- 	------	----	-----	-----	----	------	-----	-----	------
NODE_1_length_457995_cov_30.3456 	1	341612	341703	SeC	TCA	0	0	55.75	-18.51	74.26	
NODE_1_length_457995_cov_30.3456 	2	395651	395736	Leu	GAG	0	0	68.53	39.16	29.37	
NODE_1_length_457995_cov_30.3456 	3	395827	395903	Met	CAT	0	0	85.85	60.06	25.79	
NODE_1_length_457995_cov_30.3456 	4	185331	185245	Leu	CAG	0	0	73.96	38.54	35.42	
NODE_1_length_457995_cov_30.3456 	5	185115	185029	Leu	CAG	0	0	73.96	38.54	35.42	
NODE_2_length_394829_cov_25.2032 	1	33554 	33643 	Ser	GGA	0	0	71.75	34.38	37.37	
NODE_2_length_394829_cov_25.2032 	2	222347	222423	Pro	CGG	0	0	88.20	60.26	27.94	
NODE_2_length_394829_cov_25.2032 	3	352230	352305	Asn	GTT	0	0	91.73	62.08	29.65	
NODE_2_length_394829_cov_25.2032 	4	343431	343356	Ala	GGC	0	0	86.95	68.86	18.09	
NODE_2_length_394829_cov_25.2032 	5	343307	343232	Glu	TTC	0	0	66.40	38.20	28.20	
NODE_2_length_394829_cov_25.2032 	6	343138	343063	Ala	GGC	0	0	86.95	68.86	18.09	
NODE_2_length_394829_cov_25.2032 	7	343016	342941	Glu	TTC	0	0	66.40	38.20	28.20	
NODE_2_length_394829_cov_25.2032 	8	304039	303964	Val	TAC	0	0	94.49	73.68	20.81	
NODE_2_length_394829_cov_25.2032 	9	303947	303871	Asp	GTC	0	0	94.67	75.49	19.18	
NODE_2_length_394829_cov_25.2032 	10	303756	303680	Asp	GTC	0	0	94.67	75.49	19.18	
NODE_2_length_394829_cov_25.2032 	11	1059  	984   	Glu	TTC	0	0	66.40	38.20	28.20	
NODE_2_length_394829_cov_25.2032 	12	981   	906   	Gly	GCC	0	0	93.74	68.41	25.33	
NODE_2_length_394829_cov_25.2032 	13	821   	746   	Gly	GCC	0	0	93.74	68.41	25.33	
NODE_3_length_373936_cov_31.4903 	1	45281 	45357 	Met	CAT	0	0	92.87	71.40	21.47	
NODE_3_length_373936_cov_31.4903 	2	372320	372396	Arg	CCG	0	0	87.81	66.55	21.26	
NODE_5_length_245297_cov_22.132  	1	144508	144584	Arg	TCT	0	0	96.39	77.88	18.51	
NODE_5_length_245297_cov_22.132  	2	144636	144711	His	GTG	0	0	83.51	64.18	19.33	
NODE_5_length_245297_cov_22.132  	3	144766	144850	Leu	TAG	0	0	76.62	44.97	31.65	
NODE_5_length_245297_cov_22.132  	4	144917	144992	His	GTG	0	0	83.51	64.18	19.33	
NODE_5_length_245297_cov_22.132  	5	156270	156346	Asp	GTC	0	0	95.34	76.86	18.48	
NODE_13_length_158945_cov_27.067 	1	101165	101238	Gly	CCC	0	0	60.35	30.06	30.29	
NODE_14_length_145452_cov_29.0542	1	108607	108521	Leu	CAA	0	0	69.99	38.33	31.66	
NODE_16_length_131518_cov_26.8345	1	22753 	22829 	Met	CAT	0	0	85.06	58.55	26.51	
NODE_16_length_131518_cov_26.8345	2	128997	129069	Leu	GAG	0	0	20.84	19.28	1.56	
NODE_16_length_131518_cov_26.8345	3	39335 	39245 	Ser	GCT	0	0	76.69	47.10	29.59	
NODE_16_length_131518_cov_26.8345	4	39127 	39051 	Arg	ACG	0	0	83.50	58.05	25.45	
NODE_16_length_131518_cov_26.8345	5	38939 	38863 	Arg	ACG	0	0	83.50	58.05	25.45	
NODE_17_length_124483_cov_29.439 	1	13152 	13225 	Arg	ACG	0	0	52.72	27.21	25.51	
NODE_17_length_124483_cov_29.439 	2	119329	119403	Gln	TTG	0	0	66.82	40.36	26.46	
NODE_19_length_120704_cov_27.1034	1	919   	843   	Arg	CCT	0	0	83.71	58.51	25.20	
NODE_20_length_119197_cov_22.3229	1	101483	101556	Cys	GCA	0	0	62.38	45.73	16.65	
NODE_20_length_119197_cov_22.3229	2	114108	114194	Leu	TAA	0	0	76.64	42.32	34.32	
NODE_21_length_103485_cov_22.4494	1	75880 	75969 	Ser	TGA	0	0	72.70	38.95	33.75	
NODE_21_length_103485_cov_22.4494	2	100260	100335	Gly	GCC	0	0	93.74	68.41	25.33	
NODE_29_length_76775_cov_31.3976 	1	4899  	4824  	Phe	GAA	0	0	92.69	68.52	24.17	
NODE_35_length_65459_cov_31.9938 	1	1220  	1295  	Trp	CCA	0	0	86.73	63.05	23.68	
NODE_38_length_62909_cov_26.5901 	1	35960 	36035 	Val	TAC	0	0	94.49	73.68	20.81	
NODE_38_length_62909_cov_26.5901 	2	36052 	36128 	Asp	GTC	0	0	94.67	75.49	19.18	
NODE_41_length_52853_cov_28.5713 	1	21824 	21749 	Asn	GTT	0	0	91.73	62.08	29.65	
NODE_41_length_52853_cov_28.5713 	2	21739 	21663 	Pro	TGG	0	0	87.63	64.60	23.03	
NODE_41_length_52853_cov_28.5713 	3	21652 	21577 	Lys	TTT	0	0	95.07	71.82	23.25	
NODE_41_length_52853_cov_28.5713 	4	3593  	3518  	Thr	CGT	0	0	90.98	74.93	16.05	
NODE_44_length_45216_cov_24.3781 	1	443   	367   	Val	GAC	0	0	93.19	67.81	25.38	
NODE_50_length_32775_cov_25.9136 	1	2691  	2616  	Lys	TTT	0	0	95.07	71.82	23.25	
NODE_51_length_32582_cov_26.5785 	1	29606 	29695 	Ser	CGA	0	0	68.31	24.88	43.43	
NODE_54_length_30151_cov_22.9706 	1	15263 	15339 	Pro	GGG	0	0	74.89	48.01	26.88	
NODE_56_length_23715_cov_32.1175 	1	7125  	7050  	Thr	TGT	0	0	93.66	75.64	18.02	
NODE_57_length_23537_cov_29.8116 	1	22176 	22100 	Met	CAT	0	0	87.19	64.42	22.77	
NODE_77_length_8523_cov_24.4114  	1	5146  	5221  	Met	CAT	0	0	60.05	34.98	25.07	
NODE_77_length_8523_cov_24.4114  	2	6971  	7045  	Asn	GTT	0	0	77.66	51.70	25.96	
NODE_77_length_8523_cov_24.4114  	3	7050  	7125  	Thr	TGT	0	0	74.27	61.42	12.85	
NODE_84_length_5405_cov_120.199  	1	1829  	1905  	Ile	GAT	0	0	98.83	72.69	26.14	
NODE_84_length_5405_cov_120.199  	2	1934  	2009  	Ala	TGC	0	0	90.68	71.56	19.12	
NODE_96_length_3329_cov_27.04    	1	2809  	2893  	Tyr	GTA	0	0	71.07	41.76	29.31	
NODE_96_length_3329_cov_27.04    	2	2920  	2993  	Gly	TCC	0	0	82.75	60.87	21.88	
NODE_96_length_3329_cov_27.04    	3	3013  	3088  	Thr	GGT	0	0	93.76	67.73	26.03	
