Sequence                          		tRNA   	Bounds 	tRNA	Anti	Intron Bounds	Cove	HMM	2'Str	      
Name                              	tRNA #	Begin  	End    	Type	Codon	Begin	End	Score	Score	Score	Note
--------                          	------	-----  	------ 	----	-----	-----	----	------	-----	-----	------
NODE_1_length_1331423_cov_65.2754 	1	259435 	259525 	Ser	GCT	0	0	76.69	47.10	29.59	
NODE_1_length_1331423_cov_65.2754 	2	259643 	259719 	Arg	ACG	0	0	83.50	58.05	25.45	
NODE_1_length_1331423_cov_65.2754 	3	259831 	259907 	Arg	ACG	0	0	83.50	58.05	25.45	
NODE_1_length_1331423_cov_65.2754 	4	328515 	328590 	Lys	TTT	0	0	95.07	71.82	23.25	
NODE_1_length_1331423_cov_65.2754 	5	356056 	356145 	Ser	CGA	0	0	68.31	24.88	43.43	
NODE_1_length_1331423_cov_65.2754 	6	1207665	1207741	Arg	TCT	0	0	96.39	77.88	18.51	
NODE_1_length_1331423_cov_65.2754 	7	1207793	1207868	His	GTG	0	0	83.51	64.18	19.33	
NODE_1_length_1331423_cov_65.2754 	8	1207923	1208007	Leu	TAG	0	0	76.62	44.97	31.65	
NODE_1_length_1331423_cov_65.2754 	9	1208074	1208149	His	GTG	0	0	83.51	64.18	19.33	
NODE_1_length_1331423_cov_65.2754 	10	1219434	1219510	Asp	GTC	0	0	95.34	76.86	18.48	
NODE_1_length_1331423_cov_65.2754 	11	275978 	275902 	Met	CAT	0	0	85.06	58.55	26.51	
NODE_1_length_1331423_cov_65.2754 	12	169674 	169602 	Leu	GAG	0	0	20.84	19.28	1.56	
NODE_1_length_1331423_cov_65.2754 	13	58775  	58702  	Gly	CCC	0	0	60.35	30.06	30.29	
NODE_2_length_909247_cov_68.9893  	1	707440 	707516 	Arg	CCT	0	0	83.71	58.51	25.20	
NODE_2_length_909247_cov_68.9893  	2	835281 	835356 	Val	TAC	0	0	94.49	73.68	20.81	
NODE_2_length_909247_cov_68.9893  	3	835373 	835449 	Asp	GTC	0	0	94.67	75.49	19.18	
NODE_2_length_909247_cov_68.9893  	4	216629 	216543 	Leu	CAA	0	0	69.99	38.33	31.66	
NODE_3_length_770352_cov_75.3458  	1	271236 	271322 	Leu	CAG	0	0	73.96	38.54	35.42	
NODE_3_length_770352_cov_75.3458  	2	271452 	271538 	Leu	CAG	0	0	73.96	38.54	35.42	
NODE_3_length_770352_cov_75.3458  	3	528188 	528263 	Phe	GAA	0	0	92.69	68.52	24.17	
NODE_3_length_770352_cov_75.3458  	4	539593 	539668 	Thr	TGT	0	0	93.66	75.64	18.02	
NODE_3_length_770352_cov_75.3458  	5	117153 	117062 	SeC	TCA	0	0	55.75	-18.51	74.26	
NODE_3_length_770352_cov_75.3458  	6	62851  	62766  	Leu	GAG	0	0	68.53	39.16	29.37	
NODE_3_length_770352_cov_75.3458  	7	62675  	62599  	Met	CAT	0	0	85.85	60.06	25.79	
NODE_4_length_768077_cov_64.2629  	1	400120 	400209 	Ser	GGA	0	0	71.75	34.38	37.37	
NODE_4_length_768077_cov_64.2629  	2	588878 	588954 	Pro	CGG	0	0	88.20	60.26	27.94	
NODE_4_length_768077_cov_64.2629  	3	720901 	720976 	Asn	GTT	0	0	91.73	62.08	29.65	
NODE_4_length_768077_cov_64.2629  	4	712102 	712027 	Ala	GGC	0	0	86.95	68.86	18.09	
NODE_4_length_768077_cov_64.2629  	5	711978 	711903 	Glu	TTC	0	0	66.40	38.20	28.20	
NODE_4_length_768077_cov_64.2629  	6	711809 	711734 	Ala	GGC	0	0	86.95	68.86	18.09	
NODE_4_length_768077_cov_64.2629  	7	711687 	711612 	Glu	TTC	0	0	66.40	38.20	28.20	
NODE_4_length_768077_cov_64.2629  	8	672688 	672613 	Val	TAC	0	0	94.49	73.68	20.81	
NODE_4_length_768077_cov_64.2629  	9	672596 	672520 	Asp	GTC	0	0	94.67	75.49	19.18	
NODE_4_length_768077_cov_64.2629  	10	672405 	672329 	Asp	GTC	0	0	94.67	75.49	19.18	
NODE_4_length_768077_cov_64.2629  	11	367624 	367549 	Glu	TTC	0	0	66.40	38.20	28.20	
NODE_4_length_768077_cov_64.2629  	12	367546 	367471 	Gly	GCC	0	0	93.74	68.41	25.33	
NODE_4_length_768077_cov_64.2629  	13	367386 	367311 	Gly	GCC	0	0	93.74	68.41	25.33	
NODE_4_length_768077_cov_64.2629  	14	320220 	320144 	Val	GAC	0	0	93.19	67.81	25.38	
NODE_4_length_768077_cov_64.2629  	15	286080 	286004 	Pro	GGG	0	0	74.89	48.01	26.88	
NODE_4_length_768077_cov_64.2629  	16	139098 	139009 	Ser	TGA	0	0	72.70	38.95	33.75	
NODE_4_length_768077_cov_64.2629  	17	114721 	114646 	Gly	GCC	0	0	93.74	68.41	25.33	
NODE_4_length_768077_cov_64.2629  	18	110099 	110026 	Cys	GCA	0	0	62.38	45.73	16.65	
NODE_4_length_768077_cov_64.2629  	19	97475  	97389  	Leu	TAA	0	0	76.64	42.32	34.32	
NODE_5_length_640961_cov_75.5556  	1	563214 	563138 	Met	CAT	0	0	92.87	71.40	21.47	
NODE_5_length_640961_cov_75.5556  	2	232166 	232090 	Arg	CCG	0	0	87.81	66.55	21.26	
NODE_6_length_429215_cov_70.7609  	1	296561 	296634 	Arg	ACG	0	0	52.72	27.21	25.51	
NODE_6_length_429215_cov_70.7609  	2	403289 	403363 	Gln	TTG	0	0	66.82	40.36	26.46	
NODE_6_length_429215_cov_70.7609  	3	407037 	407113 	Met	CAT	0	0	87.19	64.42	22.77	
NODE_6_length_429215_cov_70.7609  	4	252651 	252576 	Asn	GTT	0	0	91.73	62.08	29.65	
NODE_6_length_429215_cov_70.7609  	5	252566 	252490 	Pro	TGG	0	0	87.63	64.60	23.03	
NODE_6_length_429215_cov_70.7609  	6	252479 	252404 	Lys	TTT	0	0	95.07	71.82	23.25	
NODE_6_length_429215_cov_70.7609  	7	233140 	233065 	Thr	CGT	0	0	90.98	74.93	16.05	
NODE_14_length_65715_cov_72.8136  	1	1220   	1295   	Trp	CCA	0	0	86.73	63.05	23.68	
NODE_19_length_5534_cov_271.306   	1	3581   	3505   	Ile	GAT	0	0	98.83	72.69	26.14	
NODE_19_length_5534_cov_271.306   	2	3476   	3401   	Ala	TGC	0	0	90.68	71.56	19.12	
NODE_28_length_3327_cov_68.9397   	1	2807   	2891   	Tyr	GTA	0	0	71.07	41.76	29.31	
NODE_28_length_3327_cov_68.9397   	2	2918   	2991   	Gly	TCC	0	0	82.75	60.87	21.88	
NODE_28_length_3327_cov_68.9397   	3	3011   	3086   	Thr	GGT	0	0	93.76	67.73	26.03	
