Sequence                         		tRNA  	Bounds	tRNA	Anti	Intron Bounds	Cove	HMM	2'Str	      
Name                             	tRNA #	Begin 	End   	Type	Codon	Begin	End	Score	Score	Score	Note
--------                         	------	----- 	------	----	-----	-----	----	------	-----	-----	------
NODE_1_length_993445_cov_45.8445 	1	55895 	55970 	Ala	GGC	0	0	86.95	68.86	18.09	
NODE_1_length_993445_cov_45.8445 	2	56019 	56094 	Glu	TTC	0	0	66.40	38.20	28.20	
NODE_1_length_993445_cov_45.8445 	3	56188 	56263 	Ala	GGC	0	0	86.95	68.86	18.09	
NODE_1_length_993445_cov_45.8445 	4	56310 	56385 	Glu	TTC	0	0	66.40	38.20	28.20	
NODE_1_length_993445_cov_45.8445 	5	95307 	95382 	Val	TAC	0	0	94.49	73.68	20.81	
NODE_1_length_993445_cov_45.8445 	6	95399 	95475 	Asp	GTC	0	0	94.67	75.49	19.18	
NODE_1_length_993445_cov_45.8445 	7	95590 	95666 	Asp	GTC	0	0	94.67	75.49	19.18	
NODE_1_length_993445_cov_45.8445 	8	397208	397283	Glu	TTC	0	0	66.40	38.20	28.20	
NODE_1_length_993445_cov_45.8445 	9	397286	397361	Gly	GCC	0	0	93.74	68.41	25.33	
NODE_1_length_993445_cov_45.8445 	10	397446	397521	Gly	GCC	0	0	93.74	68.41	25.33	
NODE_1_length_993445_cov_45.8445 	11	443838	443914	Val	GAC	0	0	93.19	67.81	25.38	
NODE_1_length_993445_cov_45.8445 	12	477979	478055	Pro	GGG	0	0	74.89	48.01	26.88	
NODE_1_length_993445_cov_45.8445 	13	664092	664181	Ser	TGA	0	0	72.70	38.95	33.75	
NODE_1_length_993445_cov_45.8445 	14	688469	688544	Gly	GCC	0	0	93.74	68.41	25.33	
NODE_1_length_993445_cov_45.8445 	15	808282	808355	Cys	GCA	0	0	62.38	45.73	16.65	
NODE_1_length_993445_cov_45.8445 	16	364712	364623	Ser	GGA	0	0	71.75	34.38	37.37	
NODE_1_length_993445_cov_45.8445 	17	175935	175859	Pro	CGG	0	0	88.20	60.26	27.94	
NODE_1_length_993445_cov_45.8445 	18	47096 	47021 	Asn	GTT	0	0	91.73	62.08	29.65	
NODE_2_length_823250_cov_56.3022 	1	660870	660961	SeC	TCA	0	0	55.75	-18.51	74.26	
NODE_2_length_823250_cov_56.3022 	2	715060	715145	Leu	GAG	0	0	68.53	39.16	29.37	
NODE_2_length_823250_cov_56.3022 	3	715236	715312	Met	CAT	0	0	85.85	60.06	25.79	
NODE_2_length_823250_cov_56.3022 	4	507198	507112	Leu	CAG	0	0	73.96	38.54	35.42	
NODE_2_length_823250_cov_56.3022 	5	506982	506896	Leu	CAG	0	0	73.96	38.54	35.42	
NODE_2_length_823250_cov_56.3022 	6	250259	250184	Phe	GAA	0	0	92.69	68.52	24.17	
NODE_2_length_823250_cov_56.3022 	7	238854	238779	Thr	TGT	0	0	93.66	75.64	18.02	
NODE_3_length_761062_cov_53.1144 	1	758096	758172	Arg	CCT	0	0	83.71	58.51	25.20	
NODE_3_length_761062_cov_53.1144 	2	210866	210780	Leu	CAA	0	0	69.99	38.33	31.66	
NODE_4_length_758141_cov_45.5881 	1	634127	634203	Arg	TCT	0	0	96.39	77.88	18.51	
NODE_4_length_758141_cov_45.5881 	2	634255	634330	His	GTG	0	0	83.51	64.18	19.33	
NODE_4_length_758141_cov_45.5881 	3	634385	634469	Leu	TAG	0	0	76.62	44.97	31.65	
NODE_4_length_758141_cov_45.5881 	4	634536	634611	His	GTG	0	0	83.51	64.18	19.33	
NODE_4_length_758141_cov_45.5881 	5	645895	645971	Asp	GTC	0	0	95.34	76.86	18.48	
NODE_5_length_547867_cov_59.3681 	1	513130	513054	Arg	CCG	0	0	90.57	71.58	18.99	
NODE_6_length_420588_cov_49.0191 	1	53116 	53192 	Met	CAT	0	0	85.06	58.55	26.51	
NODE_6_length_420588_cov_49.0191 	2	159327	159399	Leu	GAG	0	0	20.84	19.28	1.56	
NODE_6_length_420588_cov_49.0191 	3	270638	270711	Gly	CCC	0	0	60.35	30.06	30.29	
NODE_6_length_420588_cov_49.0191 	4	69662 	69572 	Ser	GCT	0	0	76.69	47.10	29.59	
NODE_6_length_420588_cov_49.0191 	5	69454 	69378 	Arg	ACG	0	0	83.50	58.05	25.45	
NODE_6_length_420588_cov_49.0191 	6	69266 	69190 	Arg	ACG	0	0	83.50	58.05	25.45	
NODE_6_length_420588_cov_49.0191 	7	565   	490   	Lys	TTT	0	0	95.07	71.82	23.25	
NODE_7_length_377679_cov_54.1939 	1	298308	298232	Met	CAT	0	0	92.87	71.40	21.47	
NODE_8_length_333084_cov_49.0805 	1	82760 	82845 	Lys	TTT	0	0	22.00	12.28	9.72	
NODE_8_length_333084_cov_49.0805 	2	100691	100766	Thr	CGT	0	0	90.98	74.93	16.05	
NODE_9_length_240888_cov_47.5756 	1	207250	207161	Ser	CGA	0	0	68.31	24.88	43.43	
NODE_11_length_205046_cov_49.2267	1	131173	131248	Val	TAC	0	0	94.49	73.68	20.81	
NODE_11_length_205046_cov_49.2267	2	131265	131341	Asp	GTC	0	0	94.67	75.49	19.18	
NODE_15_length_101096_cov_53.9321	1	100360	100435	Asn	GTT	0	0	91.73	62.08	29.65	
NODE_15_length_101096_cov_53.9321	2	100445	100521	Pro	TGG	0	0	87.63	64.60	23.03	
NODE_15_length_101096_cov_53.9321	3	100532	100607	Lys	TTT	0	0	95.07	71.82	23.25	
NODE_15_length_101096_cov_53.9321	4	56444 	56371 	Arg	ACG	0	0	52.72	27.21	25.51	
NODE_17_length_65470_cov_51.8575 	1	64251 	64176 	Trp	CCA	0	0	86.73	63.05	23.68	
NODE_18_length_60935_cov_54.1169 	1	11118 	11044 	Gln	TTG	0	0	66.82	40.36	26.46	
NODE_18_length_60935_cov_54.1169 	2	7369  	7293  	Met	CAT	0	0	87.19	64.42	22.77	
NODE_27_length_5317_cov_214.743  	1	1829  	1905  	Ile	GAT	0	0	98.83	72.69	26.14	
NODE_27_length_5317_cov_214.743  	2	1934  	2009  	Ala	TGC	0	0	90.68	71.56	19.12	
NODE_31_length_3418_cov_47.6809  	1	521   	437   	Tyr	GTA	0	0	71.07	41.76	29.31	
NODE_31_length_3418_cov_47.6809  	2	410   	337   	Gly	TCC	0	0	82.75	60.87	21.88	
NODE_31_length_3418_cov_47.6809  	3	317   	242   	Thr	GGT	0	0	93.76	67.73	26.03	
