Sequence                         		tRNA  	Bounds	tRNA	Anti	Intron Bounds	Cove	HMM	2'Str	      
Name                             	tRNA #	Begin 	End   	Type	Codon	Begin	End	Score	Score	Score	Note
--------                         	------	----- 	------	----	-----	-----	----	------	-----	-----	------
NODE_1_length_914238_cov_41.9245 	1	705120	705196	Arg	CCT	0	0	83.71	58.51	25.20	
NODE_1_length_914238_cov_41.9245 	2	834319	834394	Val	TAC	0	0	94.49	73.68	20.81	
NODE_1_length_914238_cov_41.9245 	3	834411	834487	Asp	GTC	0	0	94.67	75.49	19.18	
NODE_1_length_914238_cov_41.9245 	4	215980	215894	Leu	CAA	0	0	69.99	38.33	31.66	
NODE_2_length_770988_cov_43.8962 	1	270322	270408	Leu	CAG	0	0	73.96	38.54	35.42	
NODE_2_length_770988_cov_43.8962 	2	270538	270624	Leu	CAG	0	0	73.96	38.54	35.42	
NODE_2_length_770988_cov_43.8962 	3	529765	529840	Phe	GAA	0	0	92.69	68.52	24.17	
NODE_2_length_770988_cov_43.8962 	4	541175	541250	Thr	TGT	0	0	93.66	75.64	18.02	
NODE_2_length_770988_cov_43.8962 	5	116783	116692	SeC	TCA	0	0	55.75	-18.51	74.26	
NODE_2_length_770988_cov_43.8962 	6	62679 	62594 	Leu	GAG	0	0	68.53	39.16	29.37	
NODE_2_length_770988_cov_43.8962 	7	62503 	62427 	Met	CAT	0	0	85.85	60.06	25.79	
NODE_3_length_674425_cov_43.7175 	1	252500	252590	Ser	GCT	0	0	76.69	47.10	29.59	
NODE_3_length_674425_cov_43.7175 	2	252708	252784	Arg	ACG	0	0	83.50	58.05	25.45	
NODE_3_length_674425_cov_43.7175 	3	252896	252972	Arg	ACG	0	0	83.50	58.05	25.45	
NODE_3_length_674425_cov_43.7175 	4	321597	321672	Lys	TTT	0	0	95.07	71.82	23.25	
NODE_3_length_674425_cov_43.7175 	5	349141	349230	Ser	CGA	0	0	68.31	24.88	43.43	
NODE_3_length_674425_cov_43.7175 	6	269043	268967	Met	CAT	0	0	85.06	58.55	26.51	
NODE_3_length_674425_cov_43.7175 	7	162835	162763	Leu	GAG	0	0	20.84	19.28	1.56	
NODE_3_length_674425_cov_43.7175 	8	58889 	58816 	Gly	CCC	0	0	60.35	30.06	30.29	
NODE_4_length_512643_cov_41.5817 	1	387382	387458	Arg	TCT	0	0	96.39	77.88	18.51	
NODE_4_length_512643_cov_41.5817 	2	387510	387585	His	GTG	0	0	83.51	64.18	19.33	
NODE_4_length_512643_cov_41.5817 	3	387640	387724	Leu	TAG	0	0	76.62	44.97	31.65	
NODE_4_length_512643_cov_41.5817 	4	387791	387866	His	GTG	0	0	83.51	64.18	19.33	
NODE_4_length_512643_cov_41.5817 	5	399138	399214	Asp	GTC	0	0	95.34	76.86	18.48	
NODE_5_length_483482_cov_42.7276 	1	121246	121335	Ser	GGA	0	0	71.75	34.38	37.37	
NODE_5_length_483482_cov_42.7276 	2	310037	310113	Pro	CGG	0	0	88.20	60.26	27.94	
NODE_5_length_483482_cov_42.7276 	3	438850	438925	Asn	GTT	0	0	91.73	62.08	29.65	
NODE_5_length_483482_cov_42.7276 	4	430051	429976	Ala	GGC	0	0	86.95	68.86	18.09	
NODE_5_length_483482_cov_42.7276 	5	429927	429852	Glu	TTC	0	0	66.40	38.20	28.20	
NODE_5_length_483482_cov_42.7276 	6	429758	429683	Ala	GGC	0	0	86.95	68.86	18.09	
NODE_5_length_483482_cov_42.7276 	7	429636	429561	Glu	TTC	0	0	66.40	38.20	28.20	
NODE_5_length_483482_cov_42.7276 	8	390653	390578	Val	TAC	0	0	94.49	73.68	20.81	
NODE_5_length_483482_cov_42.7276 	9	390561	390485	Asp	GTC	0	0	94.67	75.49	19.18	
NODE_5_length_483482_cov_42.7276 	10	390370	390294	Asp	GTC	0	0	94.67	75.49	19.18	
NODE_5_length_483482_cov_42.7276 	11	88749 	88674 	Glu	TTC	0	0	66.40	38.20	28.20	
NODE_5_length_483482_cov_42.7276 	12	88671 	88596 	Gly	GCC	0	0	93.74	68.41	25.33	
NODE_5_length_483482_cov_42.7276 	13	88511 	88436 	Gly	GCC	0	0	93.74	68.41	25.33	
NODE_5_length_483482_cov_42.7276 	14	43482 	43406 	Val	GAC	0	0	93.19	67.81	25.38	
NODE_5_length_483482_cov_42.7276 	15	9342  	9266  	Pro	GGG	0	0	74.89	48.01	26.88	
NODE_7_length_379344_cov_42.9798 	1	301913	301837	Met	CAT	0	0	92.87	71.40	21.47	
NODE_8_length_317196_cov_41.6331 	1	170987	170898	Ser	TGA	0	0	72.70	38.95	33.75	
NODE_8_length_317196_cov_41.6331 	2	114863	114788	Gly	GCC	0	0	93.74	68.41	25.33	
NODE_8_length_317196_cov_41.6331 	3	110241	110168	Cys	GCA	0	0	62.38	45.73	16.65	
NODE_8_length_317196_cov_41.6331 	4	97617 	97531 	Leu	TAA	0	0	76.64	42.32	34.32	
NODE_11_length_177557_cov_43.5019	1	173118	173193	Asn	GTT	0	0	91.73	62.08	29.65	
NODE_11_length_177557_cov_43.5019	2	173203	173279	Pro	TGG	0	0	87.63	64.60	23.03	
NODE_11_length_177557_cov_43.5019	3	173290	173365	Lys	TTT	0	0	95.07	71.82	23.25	
NODE_11_length_177557_cov_43.5019	4	129202	129129	Arg	ACG	0	0	52.72	27.21	25.51	
NODE_11_length_177557_cov_43.5019	5	22228 	22154 	Gln	TTG	0	0	66.82	40.36	26.46	
NODE_11_length_177557_cov_43.5019	6	18480 	18404 	Met	CAT	0	0	87.19	64.42	22.77	
NODE_12_length_138754_cov_44.2157	1	107156	107231	Thr	CGT	0	0	90.98	74.93	16.05	
NODE_20_length_65431_cov_42.9968 	1	64299 	64224 	Trp	CCA	0	0	86.73	63.05	23.68	
NODE_24_length_35916_cov_43.877  	1	1297  	1221  	Arg	CCG	0	0	87.81	66.55	21.26	
NODE_27_length_5713_cov_177.169  	1	3589  	3513  	Ile	GAT	0	0	98.83	72.69	26.14	
NODE_27_length_5713_cov_177.169  	2	3484  	3409  	Ala	TGC	0	0	90.68	71.56	19.12	
NODE_31_length_3406_cov_41.7002  	1	608   	524   	Tyr	GTA	0	0	71.07	41.76	29.31	
NODE_31_length_3406_cov_41.7002  	2	497   	424   	Gly	TCC	0	0	82.75	60.87	21.88	
NODE_31_length_3406_cov_41.7002  	3	404   	329   	Thr	GGT	0	0	93.76	67.73	26.03	
NODE_195_length_608_cov_1.34304  	1	598   	517   	Leu	TAG	0	0	68.24	46.74	21.50	
NODE_195_length_608_cov_1.34304  	2	498   	426   	Thr	TGT	0	0	83.52	59.03	24.49	
NODE_195_length_608_cov_1.34304  	3	403   	332   	Gly	GCC	0	0	83.78	59.71	24.07	
NODE_384_length_488_cov_0.872576 	1	157   	228   	Glu	TTC	0	0	64.66	38.01	26.65	
NODE_384_length_488_cov_0.872576 	2	234   	307   	Asn	GTT	0	0	76.37	53.26	23.11	
