Sequence                         		tRNA  	Bounds	tRNA	Anti	Intron Bounds	Cove	HMM	2'Str	      
Name                             	tRNA #	Begin 	End   	Type	Codon	Begin	End	Score	Score	Score	Note
--------                         	------	----- 	------	----	-----	-----	----	------	-----	-----	------
NODE_1_length_947382_cov_46.6476 	1	740471	740547	Arg	CCT	0	0	83.71	58.51	25.20	
NODE_1_length_947382_cov_46.6476 	2	873435	873510	Val	TAC	0	0	94.49	73.68	20.81	
NODE_1_length_947382_cov_46.6476 	3	873527	873603	Asp	GTC	0	0	94.67	75.49	19.18	
NODE_1_length_947382_cov_46.6476 	4	214193	214107	Leu	CAA	0	0	69.99	38.33	31.66	
NODE_2_length_701255_cov_48.7849 	1	698631	698722	SeC	TCA	0	0	55.75	-18.51	74.26	
NODE_2_length_701255_cov_48.7849 	2	543267	543181	Leu	CAG	0	0	73.96	38.54	35.42	
NODE_2_length_701255_cov_48.7849 	3	543051	542965	Leu	CAG	0	0	73.96	38.54	35.42	
NODE_2_length_701255_cov_48.7849 	4	287196	287121	Phe	GAA	0	0	92.69	68.52	24.17	
NODE_2_length_701255_cov_48.7849 	5	275791	275716	Thr	TGT	0	0	93.66	75.64	18.02	
NODE_3_length_498437_cov_47.1733 	1	45165 	45254 	Ser	CGA	0	0	68.31	24.88	43.43	
NODE_4_length_471410_cov_45.0942 	1	111183	111272	Ser	GGA	0	0	71.75	34.38	37.37	
NODE_4_length_471410_cov_45.0942 	2	299903	299979	Pro	CGG	0	0	88.20	60.26	27.94	
NODE_4_length_471410_cov_45.0942 	3	428732	428807	Asn	GTT	0	0	91.73	62.08	29.65	
NODE_4_length_471410_cov_45.0942 	4	419933	419858	Ala	GGC	0	0	86.95	68.86	18.09	
NODE_4_length_471410_cov_45.0942 	5	419809	419734	Glu	TTC	0	0	66.40	38.20	28.20	
NODE_4_length_471410_cov_45.0942 	6	419640	419565	Ala	GGC	0	0	86.95	68.86	18.09	
NODE_4_length_471410_cov_45.0942 	7	419518	419443	Glu	TTC	0	0	66.40	38.20	28.20	
NODE_4_length_471410_cov_45.0942 	8	380521	380446	Val	TAC	0	0	94.49	73.68	20.81	
NODE_4_length_471410_cov_45.0942 	9	380429	380353	Asp	GTC	0	0	94.67	75.49	19.18	
NODE_4_length_471410_cov_45.0942 	10	380238	380162	Asp	GTC	0	0	94.67	75.49	19.18	
NODE_4_length_471410_cov_45.0942 	11	78686 	78611 	Glu	TTC	0	0	66.40	38.20	28.20	
NODE_4_length_471410_cov_45.0942 	12	78608 	78533 	Gly	GCC	0	0	93.74	68.41	25.33	
NODE_4_length_471410_cov_45.0942 	13	78448 	78373 	Gly	GCC	0	0	93.74	68.41	25.33	
NODE_4_length_471410_cov_45.0942 	14	34665 	34589 	Val	GAC	0	0	93.19	67.81	25.38	
NODE_4_length_471410_cov_45.0942 	15	524   	448   	Pro	GGG	0	0	74.89	48.01	26.88	
NODE_5_length_393555_cov_43.7993 	1	299284	299360	Arg	TCT	0	0	96.39	77.88	18.51	
NODE_5_length_393555_cov_43.7993 	2	299412	299487	His	GTG	0	0	83.51	64.18	19.33	
NODE_5_length_393555_cov_43.7993 	3	299542	299626	Leu	TAG	0	0	76.62	44.97	31.65	
NODE_5_length_393555_cov_43.7993 	4	299693	299768	His	GTG	0	0	83.51	64.18	19.33	
NODE_5_length_393555_cov_43.7993 	5	311047	311123	Asp	GTC	0	0	95.34	76.86	18.48	
NODE_6_length_372532_cov_49.1051 	1	295045	294969	Met	CAT	0	0	92.87	71.40	21.47	
NODE_7_length_342484_cov_46.871  	1	233787	233712	Thr	CGT	0	0	90.98	74.93	16.05	
NODE_8_length_266457_cov_46.6746 	1	197130	197220	Ser	GCT	0	0	76.69	47.10	29.59	
NODE_8_length_266457_cov_46.6746 	2	197338	197414	Arg	ACG	0	0	83.50	58.05	25.45	
NODE_8_length_266457_cov_46.6746 	3	197526	197602	Arg	ACG	0	0	83.50	58.05	25.45	
NODE_8_length_266457_cov_46.6746 	4	266233	266308	Lys	TTT	0	0	95.07	71.82	23.25	
NODE_8_length_266457_cov_46.6746 	5	213677	213601	Met	CAT	0	0	85.06	58.55	26.51	
NODE_8_length_266457_cov_46.6746 	6	107375	107303	Leu	GAG	0	0	20.84	19.28	1.56	
NODE_8_length_266457_cov_46.6746 	7	3464  	3391  	Gly	CCC	0	0	60.35	30.06	30.29	
NODE_12_length_181623_cov_46.3746	1	150904	150993	Ser	TGA	0	0	72.70	38.95	33.75	
NODE_12_length_181623_cov_46.3746	2	175280	175355	Gly	GCC	0	0	93.74	68.41	25.33	
NODE_12_length_181623_cov_46.3746	3	179904	179977	Cys	GCA	0	0	62.38	45.73	16.65	
NODE_13_length_160700_cov_46.7825	1	160304	160379	Asn	GTT	0	0	91.73	62.08	29.65	
NODE_13_length_160700_cov_46.7825	2	160389	160465	Pro	TGG	0	0	87.63	64.60	23.03	
NODE_13_length_160700_cov_46.7825	3	160476	160551	Lys	TTT	0	0	95.07	71.82	23.25	
NODE_13_length_160700_cov_46.7825	4	116388	116315	Arg	ACG	0	0	52.72	27.21	25.51	
NODE_13_length_160700_cov_46.7825	5	10640 	10566 	Gln	TTG	0	0	66.82	40.36	26.46	
NODE_13_length_160700_cov_46.7825	6	6892  	6816  	Met	CAT	0	0	87.19	64.42	22.77	
NODE_17_length_120678_cov_47.258 	1	57825 	57910 	Leu	GAG	0	0	68.53	39.16	29.37	
NODE_17_length_120678_cov_47.258 	2	58001 	58077 	Met	CAT	0	0	85.85	60.06	25.79	
NODE_18_length_111138_cov_45.7355	1	99977 	99891 	Leu	TAA	0	0	76.64	42.32	34.32	
NODE_23_length_65628_cov_49.2866 	1	64409 	64334 	Trp	CCA	0	0	86.73	63.05	23.68	
NODE_30_length_36004_cov_50.4931 	1	1382  	1306  	Arg	CCG	0	0	87.81	66.55	21.26	
NODE_38_length_5542_cov_195.057  	1	3589  	3513  	Ile	GAT	0	0	98.83	72.69	26.14	
NODE_38_length_5542_cov_195.057  	2	3484  	3409  	Ala	TGC	0	0	90.68	71.56	19.12	
NODE_46_length_3319_cov_48.8784  	1	521   	437   	Tyr	GTA	0	0	71.07	41.76	29.31	
NODE_46_length_3319_cov_48.8784  	2	410   	337   	Gly	TCC	0	0	82.75	60.87	21.88	
NODE_46_length_3319_cov_48.8784  	3	317   	242   	Thr	GGT	0	0	93.76	67.73	26.03	
