Sequence                         		tRNA  	Bounds	tRNA	Anti	Intron Bounds	Cove	HMM	2'Str	      
Name                             	tRNA #	Begin 	End   	Type	Codon	Begin	End	Score	Score	Score	Note
--------                         	------	----- 	------	----	-----	-----	----	------	-----	-----	------
NODE_1_length_997071_cov_82.8197 	1	249754	249844	Ser	GCT	0	0	76.69	47.10	29.59	
NODE_1_length_997071_cov_82.8197 	2	249962	250038	Arg	ACG	0	0	83.50	58.05	25.45	
NODE_1_length_997071_cov_82.8197 	3	250150	250226	Arg	ACG	0	0	83.50	58.05	25.45	
NODE_1_length_997071_cov_82.8197 	4	318859	318934	Lys	TTT	0	0	95.07	71.82	23.25	
NODE_1_length_997071_cov_82.8197 	5	422381	422466	Lys	TTT	0	0	22.00	12.28	9.72	
NODE_1_length_997071_cov_82.8197 	6	449931	450020	Ser	CGA	0	0	68.31	24.88	43.43	
NODE_1_length_997071_cov_82.8197 	7	266299	266223	Met	CAT	0	0	85.06	58.55	26.51	
NODE_1_length_997071_cov_82.8197 	8	160083	160011	Leu	GAG	0	0	20.84	19.28	1.56	
NODE_1_length_997071_cov_82.8197 	9	58879 	58806 	Gly	CCC	0	0	60.35	30.06	30.29	
NODE_2_length_947851_cov_86.4506 	1	745985	746061	Arg	CCT	0	0	83.71	58.51	25.20	
NODE_2_length_947851_cov_86.4506 	2	873827	873902	Val	TAC	0	0	94.49	73.68	20.81	
NODE_2_length_947851_cov_86.4506 	3	873919	873995	Asp	GTC	0	0	94.67	75.49	19.18	
NODE_2_length_947851_cov_86.4506 	4	228004	227918	Leu	CAA	0	0	69.99	38.33	31.66	
NODE_3_length_545394_cov_88.549  	1	428238	428329	SeC	TCA	0	0	55.75	-18.51	74.26	
NODE_3_length_545394_cov_88.549  	2	482520	482605	Leu	GAG	0	0	68.53	39.16	29.37	
NODE_3_length_545394_cov_88.549  	3	482696	482772	Met	CAT	0	0	85.85	60.06	25.79	
NODE_3_length_545394_cov_88.549  	4	267160	267074	Leu	CAG	0	0	73.96	38.54	35.42	
NODE_3_length_545394_cov_88.549  	5	266944	266858	Leu	CAG	0	0	73.96	38.54	35.42	
NODE_3_length_545394_cov_88.549  	6	11987 	11912 	Phe	GAA	0	0	92.69	68.52	24.17	
NODE_4_length_467479_cov_86.3891 	1	173269	173344	Asn	GTT	0	0	91.73	62.08	29.65	
NODE_4_length_467479_cov_86.3891 	2	173354	173430	Pro	TGG	0	0	87.63	64.60	23.03	
NODE_4_length_467479_cov_86.3891 	3	173441	173516	Lys	TTT	0	0	95.07	71.82	23.25	
NODE_4_length_467479_cov_86.3891 	4	192186	192261	Thr	CGT	0	0	90.98	74.93	16.05	
NODE_4_length_467479_cov_86.3891 	5	129362	129289	Arg	ACG	0	0	52.72	27.21	25.51	
NODE_4_length_467479_cov_86.3891 	6	22380 	22306 	Gln	TTG	0	0	66.82	40.36	26.46	
NODE_4_length_467479_cov_86.3891 	7	18631 	18555 	Met	CAT	0	0	87.19	64.42	22.77	
NODE_5_length_450774_cov_80.7106 	1	355988	356064	Arg	TCT	0	0	96.39	77.88	18.51	
NODE_5_length_450774_cov_80.7106 	2	356116	356191	His	GTG	0	0	83.51	64.18	19.33	
NODE_5_length_450774_cov_80.7106 	3	356246	356330	Leu	TAG	0	0	76.62	44.97	31.65	
NODE_5_length_450774_cov_80.7106 	4	356397	356472	His	GTG	0	0	83.51	64.18	19.33	
NODE_5_length_450774_cov_80.7106 	5	367763	367839	Asp	GTC	0	0	95.34	76.86	18.48	
NODE_6_length_426275_cov_82.1483 	1	57744 	57819 	Ala	GGC	0	0	86.95	68.86	18.09	
NODE_6_length_426275_cov_82.1483 	2	57868 	57943 	Glu	TTC	0	0	66.40	38.20	28.20	
NODE_6_length_426275_cov_82.1483 	3	58037 	58112 	Ala	GGC	0	0	86.95	68.86	18.09	
NODE_6_length_426275_cov_82.1483 	4	58159 	58234 	Glu	TTC	0	0	66.40	38.20	28.20	
NODE_6_length_426275_cov_82.1483 	5	97156 	97231 	Val	TAC	0	0	94.49	73.68	20.81	
NODE_6_length_426275_cov_82.1483 	6	97248 	97324 	Asp	GTC	0	0	94.67	75.49	19.18	
NODE_6_length_426275_cov_82.1483 	7	97439 	97515 	Asp	GTC	0	0	94.67	75.49	19.18	
NODE_6_length_426275_cov_82.1483 	8	398977	399052	Glu	TTC	0	0	66.40	38.20	28.20	
NODE_6_length_426275_cov_82.1483 	9	399055	399130	Gly	GCC	0	0	93.74	68.41	25.33	
NODE_6_length_426275_cov_82.1483 	10	399215	399290	Gly	GCC	0	0	93.74	68.41	25.33	
NODE_6_length_426275_cov_82.1483 	11	366514	366425	Ser	GGA	0	0	71.75	34.38	37.37	
NODE_6_length_426275_cov_82.1483 	12	177772	177696	Pro	CGG	0	0	88.20	60.26	27.94	
NODE_6_length_426275_cov_82.1483 	13	48944 	48869 	Asn	GTT	0	0	91.73	62.08	29.65	
NODE_7_length_401685_cov_89.1527 	1	323959	323883	Met	CAT	0	0	92.87	71.40	21.47	
NODE_7_length_401685_cov_89.1527 	2	293232	293164	Met	CAT	0	0	20.35	17.20	3.15	
NODE_8_length_296733_cov_78.0147 	1	28221 	28297 	Val	GAC	0	0	93.19	67.81	25.38	
NODE_8_length_296733_cov_78.0147 	2	62361 	62437 	Pro	GGG	0	0	74.89	48.01	26.88	
NODE_8_length_296733_cov_78.0147 	3	208390	208479	Ser	TGA	0	0	72.70	38.95	33.75	
NODE_8_length_296733_cov_78.0147 	4	232767	232842	Gly	GCC	0	0	93.74	68.41	25.33	
NODE_8_length_296733_cov_78.0147 	5	237391	237464	Cys	GCA	0	0	62.38	45.73	16.65	
NODE_8_length_296733_cov_78.0147 	6	250015	250101	Leu	TAA	0	0	76.64	42.32	34.32	
NODE_10_length_244791_cov_89.2349	1	15042 	15117 	Thr	TGT	0	0	93.66	75.64	18.02	
NODE_20_length_65383_cov_90.7981 	1	1220  	1295  	Trp	CCA	0	0	86.73	63.05	23.68	
NODE_23_length_35900_cov_87.2252 	1	1283  	1207  	Arg	CCG	0	0	87.81	66.55	21.26	
NODE_28_length_5521_cov_239.782  	1	3587  	3511  	Ile	GAT	0	0	98.83	72.69	26.14	
NODE_28_length_5521_cov_239.782  	2	3482  	3407  	Ala	TGC	0	0	90.68	71.56	19.12	
NODE_30_length_3321_cov_64.8939  	1	2801  	2885  	Tyr	GTA	0	0	71.07	41.76	29.31	
NODE_30_length_3321_cov_64.8939  	2	2912  	2985  	Gly	TCC	0	0	82.75	60.87	21.88	
NODE_30_length_3321_cov_64.8939  	3	3005  	3080  	Thr	GGT	0	0	93.76	67.73	26.03	
