Sequence                         		tRNA  	Bounds	tRNA	Anti	Intron Bounds	Cove	HMM	2'Str	      
Name                             	tRNA #	Begin 	End   	Type	Codon	Begin	End	Score	Score	Score	Note
--------                         	------	----- 	------	----	-----	-----	----	------	-----	-----	------
NODE_1_length_557805_cov_32.8751 	1	209484	209408	Arg	CCT	0	0	83.71	58.51	25.20	
NODE_1_length_557805_cov_32.8751 	2	203499	203425	Arg	CCT	0	0	69.69	51.80	17.89	
NODE_1_length_557805_cov_32.8751 	3	73852 	73777 	Val	TAC	0	0	94.49	73.68	20.81	
NODE_1_length_557805_cov_32.8751 	4	73760 	73684 	Asp	GTC	0	0	94.67	75.49	19.18	
NODE_2_length_550708_cov_30.4085 	1	188674	188763	Ser	GGA	0	0	71.75	34.38	37.37	
NODE_2_length_550708_cov_30.4085 	2	377435	377511	Pro	CGG	0	0	88.20	60.26	27.94	
NODE_2_length_550708_cov_30.4085 	3	506250	506325	Asn	GTT	0	0	91.73	62.08	29.65	
NODE_2_length_550708_cov_30.4085 	4	497451	497376	Ala	GGC	0	0	86.95	68.86	18.09	
NODE_2_length_550708_cov_30.4085 	5	497327	497252	Glu	TTC	0	0	66.40	38.20	28.20	
NODE_2_length_550708_cov_30.4085 	6	497158	497083	Ala	GGC	0	0	86.95	68.86	18.09	
NODE_2_length_550708_cov_30.4085 	7	497036	496961	Glu	TTC	0	0	66.40	38.20	28.20	
NODE_2_length_550708_cov_30.4085 	8	458056	457981	Val	TAC	0	0	94.49	73.68	20.81	
NODE_2_length_550708_cov_30.4085 	9	457964	457888	Asp	GTC	0	0	94.67	75.49	19.18	
NODE_2_length_550708_cov_30.4085 	10	457773	457697	Asp	GTC	0	0	94.67	75.49	19.18	
NODE_2_length_550708_cov_30.4085 	11	156185	156110	Glu	TTC	0	0	66.40	38.20	28.20	
NODE_2_length_550708_cov_30.4085 	12	156107	156032	Gly	GCC	0	0	93.74	68.41	25.33	
NODE_2_length_550708_cov_30.4085 	13	155947	155872	Gly	GCC	0	0	93.74	68.41	25.33	
NODE_2_length_550708_cov_30.4085 	14	34893 	34817 	Val	GAC	0	0	93.19	67.81	25.38	
NODE_2_length_550708_cov_30.4085 	15	737   	661   	Pro	GGG	0	0	74.89	48.01	26.88	
NODE_3_length_548225_cov_32.2722 	1	414362	414435	Arg	ACG	0	0	52.72	27.21	25.51	
NODE_3_length_548225_cov_32.2722 	2	521090	521164	Gln	TTG	0	0	66.82	40.36	26.46	
NODE_3_length_548225_cov_32.2722 	3	545156	545232	Met	CAT	0	0	87.19	64.42	22.77	
NODE_3_length_548225_cov_32.2722 	4	370446	370371	Asn	GTT	0	0	91.73	62.08	29.65	
NODE_3_length_548225_cov_32.2722 	5	370361	370285	Pro	TGG	0	0	87.63	64.60	23.03	
NODE_3_length_548225_cov_32.2722 	6	370274	370199	Lys	TTT	0	0	95.07	71.82	23.25	
NODE_3_length_548225_cov_32.2722 	7	232839	232764	Thr	CGT	0	0	90.98	74.93	16.05	
NODE_4_length_520902_cov_27.767  	1	393758	393834	Arg	TCT	0	0	96.39	77.88	18.51	
NODE_4_length_520902_cov_27.767  	2	393886	393961	His	GTG	0	0	83.51	64.18	19.33	
NODE_4_length_520902_cov_27.767  	3	394016	394100	Leu	TAG	0	0	76.62	44.97	31.65	
NODE_4_length_520902_cov_27.767  	4	394167	394242	His	GTG	0	0	83.51	64.18	19.33	
NODE_4_length_520902_cov_27.767  	5	408393	408469	Asp	GTC	0	0	95.34	76.86	18.48	
NODE_5_length_457397_cov_35.6522 	1	270442	270528	Leu	CAG	0	0	73.96	38.54	35.42	
NODE_5_length_457397_cov_35.6522 	2	270658	270744	Leu	CAG	0	0	73.96	38.54	35.42	
NODE_5_length_457397_cov_35.6522 	3	116943	116852	SeC	TCA	0	0	55.75	-18.51	74.26	
NODE_5_length_457397_cov_35.6522 	4	62833 	62748 	Leu	GAG	0	0	68.53	39.16	29.37	
NODE_5_length_457397_cov_35.6522 	5	62657 	62581 	Met	CAT	0	0	85.85	60.06	25.79	
NODE_6_length_420990_cov_35.5582 	1	214727	214641	Leu	CAA	0	0	69.99	38.33	31.66	
NODE_7_length_374596_cov_34.6814 	1	294266	294190	Met	CAT	0	0	92.87	71.40	21.47	
NODE_8_length_351398_cov_30.9348 	1	233634	233710	Met	CAT	0	0	85.06	58.55	26.51	
NODE_8_length_351398_cov_30.9348 	2	339856	339928	Leu	GAG	0	0	20.84	19.28	1.56	
NODE_8_length_351398_cov_30.9348 	3	250176	250086	Ser	GCT	0	0	76.69	47.10	29.59	
NODE_8_length_351398_cov_30.9348 	4	249968	249892	Arg	ACG	0	0	83.50	58.05	25.45	
NODE_8_length_351398_cov_30.9348 	5	249780	249704	Arg	ACG	0	0	83.50	58.05	25.45	
NODE_8_length_351398_cov_30.9348 	6	181094	181019	Lys	TTT	0	0	95.07	71.82	23.25	
NODE_8_length_351398_cov_30.9348 	7	153551	153462	Ser	CGA	0	0	68.31	24.88	43.43	
NODE_9_length_347375_cov_35.9227 	1	71580 	71655 	Phe	GAA	0	0	92.69	68.52	24.17	
NODE_9_length_347375_cov_35.9227 	2	82990 	83065 	Thr	TGT	0	0	93.66	75.64	18.02	
NODE_13_length_194337_cov_29.0482	1	52702 	52613 	Ser	TGA	0	0	72.70	38.95	33.75	
NODE_15_length_146560_cov_31.764 	1	31866 	31941 	Gly	GCC	0	0	93.74	68.41	25.33	
NODE_15_length_146560_cov_31.764 	2	36473 	36546 	Cys	GCA	0	0	62.38	45.73	16.65	
NODE_15_length_146560_cov_31.764 	3	49098 	49184 	Leu	TAA	0	0	76.64	42.32	34.32	
NODE_18_length_102480_cov_32.0613	1	3019  	2946  	Gly	CCC	0	0	60.35	30.06	30.29	
NODE_24_length_65461_cov_36.7649 	1	64242 	64167 	Trp	CCA	0	0	86.73	63.05	23.68	
NODE_30_length_36107_cov_36.0427 	1	1476  	1400  	Arg	CCG	0	0	87.81	66.55	21.26	
NODE_38_length_5559_cov_118.639  	1	3589  	3513  	Ile	GAT	0	0	98.83	72.69	26.14	
NODE_38_length_5559_cov_118.639  	2	3484  	3409  	Ala	TGC	0	0	90.68	71.56	19.12	
NODE_46_length_3319_cov_31.4721  	1	521   	437   	Tyr	GTA	0	0	71.07	41.76	29.31	
NODE_46_length_3319_cov_31.4721  	2	410   	337   	Gly	TCC	0	0	82.75	60.87	21.88	
NODE_46_length_3319_cov_31.4721  	3	317   	242   	Thr	GGT	0	0	93.76	67.73	26.03	
