Sequence                         		tRNA  	Bounds	tRNA	Anti	Intron Bounds	Cove	HMM	2'Str	      
Name                             	tRNA #	Begin 	End   	Type	Codon	Begin	End	Score	Score	Score	Note
--------                         	------	----- 	------	----	-----	-----	----	------	-----	-----	------
NODE_1_length_751863_cov_16.0695 	1	749109	749185	Arg	CCT	0	0	83.71	58.51	25.20	
NODE_1_length_751863_cov_16.0695 	2	221623	221537	Leu	CAA	0	0	69.99	38.33	31.66	
NODE_2_length_731208_cov_15.1073 	1	367979	368068	Ser	GGA	0	0	71.75	34.38	37.37	
NODE_2_length_731208_cov_15.1073 	2	556767	556843	Pro	CGG	0	0	88.20	60.26	27.94	
NODE_2_length_731208_cov_15.1073 	3	686645	686720	Asn	GTT	0	0	91.73	62.08	29.65	
NODE_2_length_731208_cov_15.1073 	4	677846	677771	Ala	GGC	0	0	86.95	68.86	18.09	
NODE_2_length_731208_cov_15.1073 	5	677722	677647	Glu	TTC	0	0	66.40	38.20	28.20	
NODE_2_length_731208_cov_15.1073 	6	677553	677478	Ala	GGC	0	0	86.95	68.86	18.09	
NODE_2_length_731208_cov_15.1073 	7	677431	677356	Glu	TTC	0	0	66.40	38.20	28.20	
NODE_2_length_731208_cov_15.1073 	8	638455	638380	Val	TAC	0	0	94.49	73.68	20.81	
NODE_2_length_731208_cov_15.1073 	9	638363	638287	Asp	GTC	0	0	94.67	75.49	19.18	
NODE_2_length_731208_cov_15.1073 	10	638172	638096	Asp	GTC	0	0	94.67	75.49	19.18	
NODE_2_length_731208_cov_15.1073 	11	335485	335410	Glu	TTC	0	0	66.40	38.20	28.20	
NODE_2_length_731208_cov_15.1073 	12	335407	335332	Gly	GCC	0	0	93.74	68.41	25.33	
NODE_2_length_731208_cov_15.1073 	13	335247	335172	Gly	GCC	0	0	93.74	68.41	25.33	
NODE_2_length_731208_cov_15.1073 	14	290219	290143	Val	GAC	0	0	93.19	67.81	25.38	
NODE_2_length_731208_cov_15.1073 	15	256078	256002	Pro	GGG	0	0	74.89	48.01	26.88	
NODE_2_length_731208_cov_15.1073 	16	67849 	67760 	Ser	TGA	0	0	72.70	38.95	33.75	
NODE_2_length_731208_cov_15.1073 	17	11725 	11650 	Gly	GCC	0	0	93.74	68.41	25.33	
NODE_3_length_391409_cov_16.6149 	1	266724	266815	SeC	TCA	0	0	55.75	-18.51	74.26	
NODE_3_length_391409_cov_16.6149 	2	328574	328659	Leu	GAG	0	0	68.53	39.16	29.37	
NODE_3_length_391409_cov_16.6149 	3	328750	328826	Met	CAT	0	0	85.85	60.06	25.79	
NODE_3_length_391409_cov_16.6149 	4	113167	113081	Leu	CAG	0	0	73.96	38.54	35.42	
NODE_3_length_391409_cov_16.6149 	5	112951	112865	Leu	CAG	0	0	73.96	38.54	35.42	
NODE_4_length_375224_cov_16.6849 	1	297767	297691	Met	CAT	0	0	92.87	71.40	21.47	
NODE_5_length_358034_cov_15.1592 	1	315105	315181	Arg	TCT	0	0	96.39	77.88	18.51	
NODE_5_length_358034_cov_15.1592 	2	315233	315308	His	GTG	0	0	83.51	64.18	19.33	
NODE_5_length_358034_cov_15.1592 	3	315363	315447	Leu	TAG	0	0	76.62	44.97	31.65	
NODE_6_length_355872_cov_15.9494 	1	100110	100185	Asn	GTT	0	0	91.73	62.08	29.65	
NODE_6_length_355872_cov_15.9494 	2	100195	100271	Pro	TGG	0	0	87.63	64.60	23.03	
NODE_6_length_355872_cov_15.9494 	3	100282	100357	Lys	TTT	0	0	95.07	71.82	23.25	
NODE_6_length_355872_cov_15.9494 	4	119678	119753	Thr	CGT	0	0	90.98	74.93	16.05	
NODE_6_length_355872_cov_15.9494 	5	56200 	56127 	Arg	ACG	0	0	52.72	27.21	25.51	
NODE_7_length_287945_cov_15.8024 	1	210006	209917	Ser	CGA	0	0	68.31	24.88	43.43	
NODE_11_length_224983_cov_14.7902	1	114846	114919	Cys	GCA	0	0	62.38	45.73	16.65	
NODE_11_length_224983_cov_14.7902	2	127470	127556	Leu	TAA	0	0	76.64	42.32	34.32	
NODE_12_length_205053_cov_15.6287	1	131192	131267	Val	TAC	0	0	94.49	73.68	20.81	
NODE_12_length_205053_cov_15.6287	2	131284	131360	Asp	GTC	0	0	94.67	75.49	19.18	
NODE_13_length_198755_cov_16.1889	1	89963 	90039 	Met	CAT	0	0	85.06	58.55	26.51	
NODE_13_length_198755_cov_16.1889	2	196185	196257	Leu	GAG	0	0	20.84	19.28	1.56	
NODE_13_length_198755_cov_16.1889	3	106509	106419	Ser	GCT	0	0	76.69	47.10	29.59	
NODE_13_length_198755_cov_16.1889	4	106301	106225	Arg	ACG	0	0	83.50	58.05	25.45	
NODE_13_length_198755_cov_16.1889	5	106113	106037	Arg	ACG	0	0	83.50	58.05	25.45	
NODE_13_length_198755_cov_16.1889	6	37417 	37342 	Lys	TTT	0	0	95.07	71.82	23.25	
NODE_15_length_190081_cov_16.8679	1	187099	187174	Phe	GAA	0	0	92.69	68.52	24.17	
NODE_19_length_129611_cov_14.751 	1	5990  	6065  	His	GTG	0	0	83.51	64.18	19.33	
NODE_19_length_129611_cov_14.751 	2	17356 	17432 	Asp	GTC	0	0	95.34	76.86	18.48	
NODE_20_length_110505_cov_15.685 	1	2992  	2919  	Gly	CCC	0	0	60.35	30.06	30.29	
NODE_26_length_65375_cov_17.5021 	1	1220  	1295  	Trp	CCA	0	0	86.73	63.05	23.68	
NODE_30_length_56078_cov_16.3389 	1	6819  	6745  	Gln	TTG	0	0	66.82	40.36	26.46	
NODE_30_length_56078_cov_16.3389 	2	3070  	2994  	Met	CAT	0	0	87.19	64.42	22.77	
NODE_33_length_36088_cov_17.2485 	1	34635 	34711 	Arg	CCG	0	0	87.81	66.55	21.26	
NODE_36_length_25429_cov_18.6998 	1	1116  	1041  	Thr	TGT	0	0	93.66	75.64	18.02	
NODE_38_length_5559_cov_87.1384  	1	1971  	2047  	Ile	GAT	0	0	98.83	72.69	26.14	
NODE_38_length_5559_cov_87.1384  	2	2076  	2151  	Ala	TGC	0	0	90.68	71.56	19.12	
NODE_43_length_3319_cov_18.7951  	1	2799  	2883  	Tyr	GTA	0	0	71.07	41.76	29.31	
NODE_43_length_3319_cov_18.7951  	2	2910  	2983  	Gly	TCC	0	0	82.75	60.87	21.88	
NODE_43_length_3319_cov_18.7951  	3	3003  	3078  	Thr	GGT	0	0	93.76	67.73	26.03	
