Sequence                         		tRNA  	Bounds	tRNA	Anti	Intron Bounds	Cove	HMM	2'Str	      
Name                             	tRNA #	Begin 	End   	Type	Codon	Begin	End	Score	Score	Score	Note
--------                         	------	----- 	------	----	-----	-----	----	------	-----	-----	------
NODE_1_length_895133_cov_77.8222 	1	687244	687320	Arg	CCT	0	0	83.71	58.51	25.20	
NODE_1_length_895133_cov_77.8222 	2	821263	821338	Val	TAC	0	0	94.49	73.68	20.81	
NODE_1_length_895133_cov_77.8222 	3	821355	821431	Asp	GTC	0	0	94.67	75.49	19.18	
NODE_1_length_895133_cov_77.8222 	4	210681	210595	Leu	CAA	0	0	69.99	38.33	31.66	
NODE_2_length_807255_cov_80.6707 	1	685705	685796	SeC	TCA	0	0	55.75	-18.51	74.26	
NODE_2_length_807255_cov_80.6707 	2	744481	744566	Leu	GAG	0	0	68.53	39.16	29.37	
NODE_2_length_807255_cov_80.6707 	3	744657	744733	Met	CAT	0	0	85.85	60.06	25.79	
NODE_2_length_807255_cov_80.6707 	4	495526	495440	Leu	CAG	0	0	73.96	38.54	35.42	
NODE_2_length_807255_cov_80.6707 	5	495310	495224	Leu	CAG	0	0	73.96	38.54	35.42	
NODE_2_length_807255_cov_80.6707 	6	241158	241083	Phe	GAA	0	0	92.69	68.52	24.17	
NODE_2_length_807255_cov_80.6707 	7	229748	229673	Thr	TGT	0	0	93.66	75.64	18.02	
NODE_3_length_729140_cov_75.6887 	1	605473	605562	Ser	GGA	0	0	71.75	34.38	37.37	
NODE_3_length_729140_cov_75.6887 	2	572975	572900	Glu	TTC	0	0	66.40	38.20	28.20	
NODE_3_length_729140_cov_75.6887 	3	572897	572822	Gly	GCC	0	0	93.74	68.41	25.33	
NODE_3_length_729140_cov_75.6887 	4	572737	572662	Gly	GCC	0	0	93.74	68.41	25.33	
NODE_3_length_729140_cov_75.6887 	5	432927	432851	Val	GAC	0	0	93.19	67.81	25.38	
NODE_3_length_729140_cov_75.6887 	6	398784	398708	Pro	GGG	0	0	74.89	48.01	26.88	
NODE_3_length_729140_cov_75.6887 	7	248218	248129	Ser	TGA	0	0	72.70	38.95	33.75	
NODE_3_length_729140_cov_75.6887 	8	192094	192019	Gly	GCC	0	0	93.74	68.41	25.33	
NODE_3_length_729140_cov_75.6887 	9	187472	187399	Cys	GCA	0	0	62.38	45.73	16.65	
NODE_3_length_729140_cov_75.6887 	10	123212	123126	Leu	TAA	0	0	76.64	42.32	34.32	
NODE_4_length_557516_cov_76.1123 	1	466279	466194	Lys	TTT	0	0	22.00	12.28	9.72	
NODE_4_length_557516_cov_76.1123 	2	438727	438638	Ser	CGA	0	0	68.31	24.88	43.43	
NODE_5_length_480979_cov_74.4157 	1	388453	388529	Arg	TCT	0	0	96.39	77.88	18.51	
NODE_5_length_480979_cov_74.4157 	2	388581	388656	His	GTG	0	0	83.51	64.18	19.33	
NODE_5_length_480979_cov_74.4157 	3	388711	388795	Leu	TAG	0	0	76.62	44.97	31.65	
NODE_5_length_480979_cov_74.4157 	4	388862	388937	His	GTG	0	0	83.51	64.18	19.33	
NODE_5_length_480979_cov_74.4157 	5	400228	400304	Asp	GTC	0	0	95.34	76.86	18.48	
NODE_6_length_428231_cov_78.7277 	1	298314	298387	Arg	ACG	0	0	52.72	27.21	25.51	
NODE_6_length_428231_cov_78.7277 	2	405992	406066	Gln	TTG	0	0	66.82	40.36	26.46	
NODE_6_length_428231_cov_78.7277 	3	409741	409817	Met	CAT	0	0	87.19	64.42	22.77	
NODE_6_length_428231_cov_78.7277 	4	254398	254323	Asn	GTT	0	0	91.73	62.08	29.65	
NODE_6_length_428231_cov_78.7277 	5	254313	254237	Pro	TGG	0	0	87.63	64.60	23.03	
NODE_6_length_428231_cov_78.7277 	6	254226	254151	Lys	TTT	0	0	95.07	71.82	23.25	
NODE_6_length_428231_cov_78.7277 	7	234907	234832	Thr	CGT	0	0	90.98	74.93	16.05	
NODE_7_length_371829_cov_81.0538 	1	294563	294487	Met	CAT	0	0	92.87	71.40	21.47	
NODE_8_length_267362_cov_76.2773 	1	94542 	94618 	Pro	CGG	0	0	88.20	60.26	27.94	
NODE_8_length_267362_cov_76.2773 	2	223349	223424	Asn	GTT	0	0	91.73	62.08	29.65	
NODE_8_length_267362_cov_76.2773 	3	214550	214475	Ala	GGC	0	0	86.95	68.86	18.09	
NODE_8_length_267362_cov_76.2773 	4	214426	214351	Glu	TTC	0	0	66.40	38.20	28.20	
NODE_8_length_267362_cov_76.2773 	5	214257	214182	Ala	GGC	0	0	86.95	68.86	18.09	
NODE_8_length_267362_cov_76.2773 	6	214135	214060	Glu	TTC	0	0	66.40	38.20	28.20	
NODE_8_length_267362_cov_76.2773 	7	175160	175085	Val	TAC	0	0	94.49	73.68	20.81	
NODE_8_length_267362_cov_76.2773 	8	175068	174992	Asp	GTC	0	0	94.67	75.49	19.18	
NODE_8_length_267362_cov_76.2773 	9	174877	174801	Asp	GTC	0	0	94.67	75.49	19.18	
NODE_13_length_167024_cov_76.8969	1	93497 	93587 	Ser	GCT	0	0	76.69	47.10	29.59	
NODE_13_length_167024_cov_76.8969	2	93705 	93781 	Arg	ACG	0	0	83.50	58.05	25.45	
NODE_13_length_167024_cov_76.8969	3	93894 	93970 	Arg	ACG	0	0	83.50	58.05	25.45	
NODE_13_length_167024_cov_76.8969	4	162636	162711	Lys	TTT	0	0	95.07	71.82	23.25	
NODE_13_length_167024_cov_76.8969	5	110042	109966	Met	CAT	0	0	85.06	58.55	26.51	
NODE_13_length_167024_cov_76.8969	6	3817  	3745  	Leu	GAG	0	0	20.84	19.28	1.56	
NODE_16_length_132660_cov_77.1409	1	99455 	99528 	Gly	CCC	0	0	60.35	30.06	30.29	
NODE_21_length_65371_cov_83.0493 	1	64152 	64077 	Trp	CCA	0	0	86.73	63.05	23.68	
NODE_29_length_35816_cov_80.3152 	1	1188  	1112  	Arg	CCG	0	0	87.81	66.55	21.26	
NODE_36_length_5618_cov_329.672  	1	2037  	2113  	Ile	GAT	0	0	98.83	72.69	26.14	
NODE_36_length_5618_cov_329.672  	2	2142  	2217  	Ala	TGC	0	0	90.68	71.56	19.12	
NODE_41_length_3326_cov_83.6618  	1	521   	437   	Tyr	GTA	0	0	71.07	41.76	29.31	
NODE_41_length_3326_cov_83.6618  	2	410   	337   	Gly	TCC	0	0	82.75	60.87	21.88	
NODE_41_length_3326_cov_83.6618  	3	317   	242   	Thr	GGT	0	0	93.76	67.73	26.03	
