Sequence                          		tRNA   	Bounds 	tRNA	Anti	Intron Bounds	Cove	HMM	2'Str	      
Name                              	tRNA #	Begin  	End    	Type	Codon	Begin	End	Score	Score	Score	Note
--------                          	------	-----  	------ 	----	-----	-----	----	------	-----	-----	------
NODE_1_length_1036150_cov_25.5769 	1	1022583	1022659	Met	CAT	0	0	85.06	58.55	26.51	
NODE_1_length_1036150_cov_25.5769 	2	970038 	969963 	Lys	TTT	0	0	95.07	71.82	23.25	
NODE_1_length_1036150_cov_25.5769 	3	942496 	942407 	Ser	CGA	0	0	68.31	24.88	43.43	
NODE_1_length_1036150_cov_25.5769 	4	92505  	92429  	Arg	TCT	0	0	96.39	77.88	18.51	
NODE_1_length_1036150_cov_25.5769 	5	92377  	92302  	His	GTG	0	0	83.51	64.18	19.33	
NODE_1_length_1036150_cov_25.5769 	6	92247  	92163  	Leu	TAG	0	0	76.62	44.97	31.65	
NODE_1_length_1036150_cov_25.5769 	7	92096  	92021  	His	GTG	0	0	83.51	64.18	19.33	
NODE_1_length_1036150_cov_25.5769 	8	80742  	80666  	Asp	GTC	0	0	95.34	76.86	18.48	
NODE_2_length_870806_cov_25.4644  	1	503973 	504062 	Ser	GGA	0	0	71.75	34.38	37.37	
NODE_2_length_870806_cov_25.4644  	2	692750 	692826 	Pro	CGG	0	0	88.20	60.26	27.94	
NODE_2_length_870806_cov_25.4644  	3	824748 	824823 	Asn	GTT	0	0	91.73	62.08	29.65	
NODE_2_length_870806_cov_25.4644  	4	815949 	815874 	Ala	GGC	0	0	86.95	68.86	18.09	
NODE_2_length_870806_cov_25.4644  	5	815825 	815750 	Glu	TTC	0	0	66.40	38.20	28.20	
NODE_2_length_870806_cov_25.4644  	6	815656 	815581 	Ala	GGC	0	0	86.95	68.86	18.09	
NODE_2_length_870806_cov_25.4644  	7	815534 	815459 	Glu	TTC	0	0	66.40	38.20	28.20	
NODE_2_length_870806_cov_25.4644  	8	776552 	776477 	Val	TAC	0	0	94.49	73.68	20.81	
NODE_2_length_870806_cov_25.4644  	9	776460 	776384 	Asp	GTC	0	0	94.67	75.49	19.18	
NODE_2_length_870806_cov_25.4644  	10	776269 	776193 	Asp	GTC	0	0	94.67	75.49	19.18	
NODE_2_length_870806_cov_25.4644  	11	471476 	471401 	Glu	TTC	0	0	66.40	38.20	28.20	
NODE_2_length_870806_cov_25.4644  	12	471398 	471323 	Gly	GCC	0	0	93.74	68.41	25.33	
NODE_2_length_870806_cov_25.4644  	13	471238 	471163 	Gly	GCC	0	0	93.74	68.41	25.33	
NODE_2_length_870806_cov_25.4644  	14	361295 	361219 	Val	GAC	0	0	93.19	67.81	25.38	
NODE_2_length_870806_cov_25.4644  	15	327156 	327080 	Pro	GGG	0	0	74.89	48.01	26.88	
NODE_2_length_870806_cov_25.4644  	16	175597 	175508 	Ser	TGA	0	0	72.70	38.95	33.75	
NODE_2_length_870806_cov_25.4644  	17	114813 	114738 	Gly	GCC	0	0	93.74	68.41	25.33	
NODE_2_length_870806_cov_25.4644  	18	110202 	110129 	Cys	GCA	0	0	62.38	45.73	16.65	
NODE_2_length_870806_cov_25.4644  	19	97579  	97493  	Leu	TAA	0	0	76.64	42.32	34.32	
NODE_3_length_772725_cov_27.0158  	1	270843 	270929 	Leu	CAG	0	0	73.96	38.54	35.42	
NODE_3_length_772725_cov_27.0158  	2	271059 	271145 	Leu	CAG	0	0	73.96	38.54	35.42	
NODE_3_length_772725_cov_27.0158  	3	527650 	527725 	Phe	GAA	0	0	92.69	68.52	24.17	
NODE_3_length_772725_cov_27.0158  	4	541492 	541567 	Thr	TGT	0	0	93.66	75.64	18.02	
NODE_3_length_772725_cov_27.0158  	5	117267 	117176 	SeC	TCA	0	0	55.75	-18.51	74.26	
NODE_3_length_772725_cov_27.0158  	6	62985  	62900  	Leu	GAG	0	0	68.53	39.16	29.37	
NODE_3_length_772725_cov_27.0158  	7	62809  	62733  	Met	CAT	0	0	85.85	60.06	25.79	
NODE_4_length_541408_cov_27.7421  	1	506774 	506698 	Arg	CCG	0	0	87.81	66.55	21.26	
NODE_5_length_455354_cov_26.1041  	1	216633 	216547 	Leu	CAA	0	0	69.99	38.33	31.66	
NODE_6_length_385932_cov_26.9914  	1	294404 	294328 	Met	CAT	0	0	92.87	71.40	21.47	
NODE_7_length_352351_cov_25.7715  	1	295971 	296044 	Arg	ACG	0	0	52.72	27.21	25.51	
NODE_7_length_352351_cov_25.7715  	2	252061 	251986 	Asn	GTT	0	0	91.73	62.08	29.65	
NODE_7_length_352351_cov_25.7715  	3	251976 	251900 	Pro	TGG	0	0	87.63	64.60	23.03	
NODE_7_length_352351_cov_25.7715  	4	251889 	251814 	Lys	TTT	0	0	95.07	71.82	23.25	
NODE_7_length_352351_cov_25.7715  	5	232492 	232417 	Thr	CGT	0	0	90.98	74.93	16.05	
NODE_9_length_237602_cov_26.4939  	1	112523 	112595 	Leu	GAG	0	0	20.84	19.28	1.56	
NODE_9_length_237602_cov_26.4939  	2	234120 	234193 	Gly	CCC	0	0	60.35	30.06	30.29	
NODE_9_length_237602_cov_26.4939  	3	22902  	22812  	Ser	GCT	0	0	76.69	47.10	29.59	
NODE_9_length_237602_cov_26.4939  	4	22694  	22618  	Arg	ACG	0	0	83.50	58.05	25.45	
NODE_9_length_237602_cov_26.4939  	5	22506  	22430  	Arg	ACG	0	0	83.50	58.05	25.45	
NODE_13_length_122496_cov_25.7051 	1	2766   	2690   	Arg	CCT	0	0	83.71	58.51	25.20	
NODE_14_length_109864_cov_25.6777 	1	35997  	36072  	Val	TAC	0	0	94.49	73.68	20.81	
NODE_14_length_109864_cov_25.6777 	2	36089  	36165  	Asp	GTC	0	0	94.67	75.49	19.18	
NODE_19_length_68774_cov_27.8188  	1	65913  	65829  	Tyr	GTA	0	0	71.07	41.76	29.31	
NODE_19_length_68774_cov_27.8188  	2	65802  	65729  	Gly	TCC	0	0	78.82	62.92	15.90	
NODE_19_length_68774_cov_27.8188  	3	65709  	65634  	Thr	GGT	0	0	93.76	67.73	26.03	
NODE_19_length_68774_cov_27.8188  	4	64300  	64225  	Trp	CCA	0	0	86.73	63.05	23.68	
NODE_21_length_60844_cov_27.805   	1	49834  	49908  	Gln	TTG	0	0	66.82	40.36	26.46	
NODE_21_length_60844_cov_27.805   	2	53583  	53659  	Met	CAT	0	0	87.19	64.42	22.77	
NODE_29_length_5355_cov_112.206   	1	3527   	3451   	Ile	GAT	0	0	98.83	72.69	26.14	
NODE_29_length_5355_cov_112.206   	2	3422   	3347   	Ala	TGC	0	0	90.68	71.56	19.12	
