Sequence                         		tRNA  	Bounds	tRNA	Anti	Intron Bounds	Cove	HMM	2'Str	      
Name                             	tRNA #	Begin 	End   	Type	Codon	Begin	End	Score	Score	Score	Note
--------                         	------	----- 	------	----	-----	-----	----	------	-----	-----	------
NODE_1_length_909076_cov_25.8786 	1	627428	627504	Met	CAT	0	0	85.06	58.55	26.51	
NODE_1_length_909076_cov_25.8786 	2	733639	733711	Leu	GAG	0	0	20.84	19.28	1.56	
NODE_1_length_909076_cov_25.8786 	3	837441	837514	Gly	CCC	0	0	60.35	30.06	30.29	
NODE_1_length_909076_cov_25.8786 	4	643970	643880	Ser	GCT	0	0	76.69	47.10	29.59	
NODE_1_length_909076_cov_25.8786 	5	643762	643686	Arg	ACG	0	0	83.50	58.05	25.45	
NODE_1_length_909076_cov_25.8786 	6	643574	643498	Arg	ACG	0	0	83.50	58.05	25.45	
NODE_1_length_909076_cov_25.8786 	7	574875	574800	Lys	TTT	0	0	95.07	71.82	23.25	
NODE_1_length_909076_cov_25.8786 	8	539582	539493	Ser	CGA	0	0	68.31	24.88	43.43	
NODE_2_length_838516_cov_25.4069 	1	468907	468996	Ser	GGA	0	0	71.75	34.38	37.37	
NODE_2_length_838516_cov_25.4069 	2	657668	657744	Pro	CGG	0	0	88.20	60.26	27.94	
NODE_2_length_838516_cov_25.4069 	3	786489	786564	Asn	GTT	0	0	91.73	62.08	29.65	
NODE_2_length_838516_cov_25.4069 	4	777690	777615	Ala	GGC	0	0	86.95	68.86	18.09	
NODE_2_length_838516_cov_25.4069 	5	777566	777491	Glu	TTC	0	0	66.40	38.20	28.20	
NODE_2_length_838516_cov_25.4069 	6	777397	777322	Ala	GGC	0	0	86.95	68.86	18.09	
NODE_2_length_838516_cov_25.4069 	7	777275	777200	Glu	TTC	0	0	66.40	38.20	28.20	
NODE_2_length_838516_cov_25.4069 	8	738288	738213	Val	TAC	0	0	94.49	73.68	20.81	
NODE_2_length_838516_cov_25.4069 	9	738196	738120	Asp	GTC	0	0	94.67	75.49	19.18	
NODE_2_length_838516_cov_25.4069 	10	738005	737929	Asp	GTC	0	0	94.67	75.49	19.18	
NODE_2_length_838516_cov_25.4069 	11	436410	436335	Glu	TTC	0	0	66.40	38.20	28.20	
NODE_2_length_838516_cov_25.4069 	12	436332	436257	Gly	GCC	0	0	93.74	68.41	25.33	
NODE_2_length_838516_cov_25.4069 	13	436172	436097	Gly	GCC	0	0	93.74	68.41	25.33	
NODE_2_length_838516_cov_25.4069 	14	391146	391070	Val	GAC	0	0	93.19	67.81	25.38	
NODE_2_length_838516_cov_25.4069 	15	357004	356928	Pro	GGG	0	0	74.89	48.01	26.88	
NODE_2_length_838516_cov_25.4069 	16	191218	191129	Ser	TGA	0	0	72.70	38.95	33.75	
NODE_2_length_838516_cov_25.4069 	17	166842	166767	Gly	GCC	0	0	93.74	68.41	25.33	
NODE_2_length_838516_cov_25.4069 	18	162218	162145	Cys	GCA	0	0	62.38	45.73	16.65	
NODE_2_length_838516_cov_25.4069 	19	99987 	99901 	Leu	TAA	0	0	76.64	42.32	34.32	
NODE_3_length_815739_cov_28.3864 	1	281343	281429	Leu	CAG	0	0	73.96	38.54	35.42	
NODE_3_length_815739_cov_28.3864 	2	281559	281645	Leu	CAG	0	0	73.96	38.54	35.42	
NODE_3_length_815739_cov_28.3864 	3	538289	538364	Phe	GAA	0	0	92.69	68.52	24.17	
NODE_3_length_815739_cov_28.3864 	4	549699	549774	Thr	TGT	0	0	93.66	75.64	18.02	
NODE_3_length_815739_cov_28.3864 	5	127290	127199	SeC	TCA	0	0	55.75	-18.51	74.26	
NODE_3_length_815739_cov_28.3864 	6	62851 	62766 	Leu	GAG	0	0	68.53	39.16	29.37	
NODE_3_length_815739_cov_28.3864 	7	62675 	62599 	Met	CAT	0	0	85.85	60.06	25.79	
NODE_4_length_608360_cov_26.9555 	1	219402	219316	Leu	CAA	0	0	69.99	38.33	31.66	
NODE_5_length_425053_cov_23.8959 	1	302510	302586	Arg	TCT	0	0	96.39	77.88	18.51	
NODE_5_length_425053_cov_23.8959 	2	302638	302713	His	GTG	0	0	83.51	64.18	19.33	
NODE_5_length_425053_cov_23.8959 	3	302768	302852	Leu	TAG	0	0	76.62	44.97	31.65	
NODE_5_length_425053_cov_23.8959 	4	302919	302994	His	GTG	0	0	83.51	64.18	19.33	
NODE_5_length_425053_cov_23.8959 	5	314282	314358	Asp	GTC	0	0	95.34	76.86	18.48	
NODE_6_length_397072_cov_27.6651 	1	91358 	91434 	Met	CAT	0	0	92.87	71.40	21.47	
NODE_7_length_389063_cov_26.4426 	1	332263	332336	Arg	ACG	0	0	52.72	27.21	25.51	
NODE_7_length_389063_cov_26.4426 	2	288353	288278	Asn	GTT	0	0	91.73	62.08	29.65	
NODE_7_length_389063_cov_26.4426 	3	288268	288192	Pro	TGG	0	0	87.63	64.60	23.03	
NODE_7_length_389063_cov_26.4426 	4	288181	288106	Lys	TTT	0	0	95.07	71.82	23.25	
NODE_10_length_212403_cov_26.1787	1	121360	121436	Arg	CCT	0	0	83.71	58.51	25.20	
NODE_14_length_109893_cov_25.7589	1	36054 	36129 	Val	TAC	0	0	94.49	73.68	20.81	
NODE_14_length_109893_cov_25.7589	2	36146 	36222 	Asp	GTC	0	0	94.67	75.49	19.18	
NODE_17_length_74959_cov_27.5398 	1	49067 	49141 	Gln	TTG	0	0	66.82	40.36	26.46	
NODE_17_length_74959_cov_27.5398 	2	52816 	52892 	Met	CAT	0	0	87.19	64.42	22.77	
NODE_18_length_65462_cov_26.9648 	1	1220  	1295  	Trp	CCA	0	0	86.73	63.05	23.68	
NODE_22_length_35810_cov_29.5938 	1	1227  	1151  	Arg	CCG	0	0	87.81	66.55	21.26	
NODE_30_length_5571_cov_111.772  	1	3616  	3540  	Ile	GAT	0	0	98.83	72.69	26.14	
NODE_30_length_5571_cov_111.772  	2	3511  	3436  	Ala	TGC	0	0	90.68	71.56	19.12	
NODE_37_length_3292_cov_24.316   	1	2772  	2856  	Tyr	GTA	0	0	71.07	41.76	29.31	
NODE_37_length_3292_cov_24.316   	2	2883  	2956  	Gly	TCC	0	0	82.75	60.87	21.88	
NODE_37_length_3292_cov_24.316   	3	2976  	3051  	Thr	GGT	0	0	93.76	67.73	26.03	
