Sequence                          		tRNA   	Bounds 	tRNA	Anti	Intron Bounds	Cove	HMM	2'Str	      
Name                              	tRNA #	Begin  	End    	Type	Codon	Begin	End	Score	Score	Score	Note
--------                          	------	-----  	------ 	----	-----	-----	----	------	-----	-----	------
NODE_1_length_1037895_cov_88.7823 	1	739719 	739795 	Arg	CCT	0	0	83.71	58.51	25.20	
NODE_1_length_1037895_cov_88.7823 	2	867553 	867628 	Val	TAC	0	0	94.49	73.68	20.81	
NODE_1_length_1037895_cov_88.7823 	3	867645 	867721 	Asp	GTC	0	0	94.67	75.49	19.18	
NODE_1_length_1037895_cov_88.7823 	4	998328 	998403 	Ala	GGC	0	0	86.95	68.86	18.09	
NODE_1_length_1037895_cov_88.7823 	5	998452 	998527 	Glu	TTC	0	0	66.40	38.20	28.20	
NODE_1_length_1037895_cov_88.7823 	6	998621 	998696 	Ala	GGC	0	0	86.95	68.86	18.09	
NODE_1_length_1037895_cov_88.7823 	7	998743 	998818 	Glu	TTC	0	0	66.40	38.20	28.20	
NODE_1_length_1037895_cov_88.7823 	8	1037725	1037800	Val	TAC	0	0	94.49	73.68	20.81	
NODE_1_length_1037895_cov_88.7823 	9	1037817	1037893	Asp	GTC	0	0	94.67	75.49	19.18	
NODE_1_length_1037895_cov_88.7823 	10	989529 	989454 	Asn	GTT	0	0	91.73	62.08	29.65	
NODE_1_length_1037895_cov_88.7823 	11	240685 	240599 	Leu	CAA	0	0	69.99	38.33	31.66	
NODE_2_length_547403_cov_89.0381  	1	22232  	22321  	Ser	CGA	0	0	68.31	24.88	43.43	
NODE_3_length_539255_cov_95.196   	1	422090 	422181 	SeC	TCA	0	0	55.75	-18.51	74.26	
NODE_3_length_539255_cov_95.196   	2	476336 	476421 	Leu	GAG	0	0	68.53	39.16	29.37	
NODE_3_length_539255_cov_95.196   	3	476512 	476588 	Met	CAT	0	0	85.85	60.06	25.79	
NODE_3_length_539255_cov_95.196   	4	268524 	268438 	Leu	CAG	0	0	73.96	38.54	35.42	
NODE_3_length_539255_cov_95.196   	5	268308 	268222 	Leu	CAG	0	0	73.96	38.54	35.42	
NODE_3_length_539255_cov_95.196   	6	13518  	13443  	Phe	GAA	0	0	92.69	68.52	24.17	
NODE_4_length_506228_cov_85.0308  	1	49     	125    	Asp	GTC	0	0	94.67	75.49	19.18	
NODE_4_length_506228_cov_85.0308  	2	240    	316    	Asp	GTC	0	0	94.67	75.49	19.18	
NODE_4_length_506228_cov_85.0308  	3	301829 	301904 	Glu	TTC	0	0	66.40	38.20	28.20	
NODE_4_length_506228_cov_85.0308  	4	301907 	301982 	Gly	GCC	0	0	93.74	68.41	25.33	
NODE_4_length_506228_cov_85.0308  	5	302067 	302142 	Gly	GCC	0	0	93.74	68.41	25.33	
NODE_4_length_506228_cov_85.0308  	6	471007 	471083 	Val	GAC	0	0	93.19	67.81	25.38	
NODE_4_length_506228_cov_85.0308  	7	505141 	505217 	Pro	GGG	0	0	74.89	48.01	26.88	
NODE_4_length_506228_cov_85.0308  	8	269365 	269276 	Ser	GGA	0	0	71.75	34.38	37.37	
NODE_4_length_506228_cov_85.0308  	9	80588  	80512  	Pro	CGG	0	0	88.20	60.26	27.94	
NODE_5_length_426863_cov_87.2028  	1	302843 	302919 	Arg	TCT	0	0	96.39	77.88	18.51	
NODE_5_length_426863_cov_87.2028  	2	302971 	303046 	His	GTG	0	0	83.51	64.18	19.33	
NODE_5_length_426863_cov_87.2028  	3	303101 	303185 	Leu	TAG	0	0	76.62	44.97	31.65	
NODE_5_length_426863_cov_87.2028  	4	303252 	303327 	His	GTG	0	0	83.51	64.18	19.33	
NODE_5_length_426863_cov_87.2028  	5	314616 	314692 	Asp	GTC	0	0	95.34	76.86	18.48	
NODE_6_length_394634_cov_91.7818  	1	102138 	102213 	Asn	GTT	0	0	91.73	62.08	29.65	
NODE_6_length_394634_cov_91.7818  	2	102223 	102299 	Pro	TGG	0	0	87.63	64.60	23.03	
NODE_6_length_394634_cov_91.7818  	3	102310 	102385 	Lys	TTT	0	0	95.07	71.82	23.25	
NODE_6_length_394634_cov_91.7818  	4	121530 	121605 	Thr	CGT	0	0	90.98	74.93	16.05	
NODE_6_length_394634_cov_91.7818  	5	58223  	58150  	Arg	ACG	0	0	52.72	27.21	25.51	
NODE_7_length_378493_cov_96.7719  	1	293592 	293516 	Met	CAT	0	0	92.87	71.40	21.47	
NODE_8_length_326302_cov_90.1652  	1	251459 	251549 	Ser	GCT	0	0	76.69	47.10	29.59	
NODE_8_length_326302_cov_90.1652  	2	251667 	251743 	Arg	ACG	0	0	83.50	58.05	25.45	
NODE_8_length_326302_cov_90.1652  	3	251855 	251931 	Arg	ACG	0	0	83.50	58.05	25.45	
NODE_8_length_326302_cov_90.1652  	4	320554 	320629 	Lys	TTT	0	0	95.07	71.82	23.25	
NODE_8_length_326302_cov_90.1652  	5	268004 	267928 	Met	CAT	0	0	85.06	58.55	26.51	
NODE_8_length_326302_cov_90.1652  	6	161794 	161722 	Leu	GAG	0	0	20.84	19.28	1.56	
NODE_8_length_326302_cov_90.1652  	7	57930  	57857  	Gly	CCC	0	0	60.35	30.06	30.29	
NODE_9_length_309787_cov_87.3536  	1	167214 	167125 	Ser	TGA	0	0	72.70	38.95	33.75	
NODE_9_length_309787_cov_87.3536  	2	142836 	142761 	Gly	GCC	0	0	93.74	68.41	25.33	
NODE_9_length_309787_cov_87.3536  	3	138214 	138141 	Cys	GCA	0	0	62.38	45.73	16.65	
NODE_9_length_309787_cov_87.3536  	4	125591 	125505 	Leu	TAA	0	0	76.64	42.32	34.32	
NODE_10_length_287947_cov_95.5505 	1	274621 	274546 	Thr	TGT	0	0	93.66	75.64	18.02	
NODE_17_length_71349_cov_93.2683  	1	22240  	22166  	Gln	TTG	0	0	66.82	40.36	26.46	
NODE_17_length_71349_cov_93.2683  	2	18491  	18415  	Met	CAT	0	0	87.19	64.42	22.77	
NODE_19_length_65470_cov_96.3228  	1	64251  	64176  	Trp	CCA	0	0	86.73	63.05	23.68	
NODE_24_length_35917_cov_99.891   	1	1283   	1207   	Arg	CCG	0	0	87.81	66.55	21.26	
NODE_28_length_5480_cov_376.713   	1	1894   	1970   	Ile	GAT	0	0	98.83	72.69	26.14	
NODE_28_length_5480_cov_376.713   	2	1999   	2074   	Ala	TGC	0	0	90.68	71.56	19.12	
NODE_31_length_3321_cov_93.7783   	1	521    	437    	Tyr	GTA	0	0	71.07	41.76	29.31	
NODE_31_length_3321_cov_93.7783   	2	410    	337    	Gly	TCC	0	0	82.75	60.87	21.88	
NODE_31_length_3321_cov_93.7783   	3	317    	242    	Thr	GGT	0	0	93.76	67.73	26.03	
