Sequence                         		tRNA  	Bounds	tRNA	Anti	Intron Bounds	Cove	HMM	2'Str	      
Name                             	tRNA #	Begin 	End   	Type	Codon	Begin	End	Score	Score	Score	Note
--------                         	------	----- 	------	----	-----	-----	----	------	-----	-----	------
NODE_1_length_765749_cov_60.2223 	1	488467	488553	Leu	CAA	0	0	69.99	38.33	31.66	
NODE_1_length_765749_cov_60.2223 	2	4465  	4389  	Arg	CCT	0	0	83.71	58.51	25.20	
NODE_2_length_708261_cov_62.8854 	1	589825	589916	SeC	TCA	0	0	55.75	-18.51	74.26	
NODE_2_length_708261_cov_62.8854 	2	643766	643851	Leu	GAG	0	0	68.53	39.16	29.37	
NODE_2_length_708261_cov_62.8854 	3	643942	644018	Met	CAT	0	0	85.85	60.06	25.79	
NODE_2_length_708261_cov_62.8854 	4	431446	431360	Leu	CAG	0	0	73.96	38.54	35.42	
NODE_2_length_708261_cov_62.8854 	5	431230	431144	Leu	CAG	0	0	73.96	38.54	35.42	
NODE_2_length_708261_cov_62.8854 	6	174057	173982	Phe	GAA	0	0	92.69	68.52	24.17	
NODE_2_length_708261_cov_62.8854 	7	161431	161357	Undet	NNN	0	0	23.83	22.17	1.66	
NODE_2_length_708261_cov_62.8854 	8	150022	149947	Thr	TGT	0	0	93.66	75.64	18.02	
NODE_3_length_407693_cov_62.8606 	1	324382	324306	Met	CAT	0	0	92.87	71.40	21.47	
NODE_3_length_407693_cov_62.8606 	2	293646	293578	Met	CAT	0	0	20.35	17.20	3.15	
NODE_4_length_404267_cov_57.65   	1	53266 	53341 	Ala	GGC	0	0	79.99	66.85	13.14	
NODE_4_length_404267_cov_57.65   	2	53390 	53465 	Glu	TTC	0	0	66.40	38.20	28.20	
NODE_4_length_404267_cov_57.65   	3	53559 	53634 	Ala	GGC	0	0	86.95	68.86	18.09	
NODE_4_length_404267_cov_57.65   	4	53681 	53756 	Glu	TTC	0	0	66.40	38.20	28.20	
NODE_4_length_404267_cov_57.65   	5	92663 	92738 	Val	TAC	0	0	94.49	73.68	20.81	
NODE_4_length_404267_cov_57.65   	6	92755 	92831 	Asp	GTC	0	0	94.67	75.49	19.18	
NODE_4_length_404267_cov_57.65   	7	92946 	93022 	Asp	GTC	0	0	94.67	75.49	19.18	
NODE_4_length_404267_cov_57.65   	8	394528	394603	Glu	TTC	0	0	66.40	38.20	28.20	
NODE_4_length_404267_cov_57.65   	9	394606	394681	Gly	GCC	0	0	93.74	68.41	25.33	
NODE_4_length_404267_cov_57.65   	10	394766	394841	Gly	GCC	0	0	93.74	68.41	25.33	
NODE_4_length_404267_cov_57.65   	11	362031	361942	Ser	GGA	0	0	71.75	34.38	37.37	
NODE_4_length_404267_cov_57.65   	12	173289	173213	Pro	CGG	0	0	88.20	60.26	27.94	
NODE_4_length_404267_cov_57.65   	13	44467 	44392 	Asn	GTT	0	0	91.73	62.08	29.65	
NODE_5_length_393235_cov_57.7172 	1	390201	390277	Arg	TCT	0	0	96.39	77.88	18.51	
NODE_5_length_393235_cov_57.7172 	2	390329	390404	His	GTG	0	0	83.51	64.18	19.33	
NODE_5_length_393235_cov_57.7172 	3	390459	390543	Leu	TAG	0	0	76.62	44.97	31.65	
NODE_7_length_348044_cov_59.837  	1	132476	132552	Val	GAC	0	0	93.19	67.81	25.38	
NODE_7_length_348044_cov_59.837  	2	166619	166695	Pro	GGG	0	0	74.89	48.01	26.88	
NODE_7_length_348044_cov_59.837  	3	330587	330676	Ser	TGA	0	0	72.99	31.35	41.64	
NODE_8_length_295167_cov_57.4176 	1	82167 	82243 	Met	CAT	0	0	85.06	58.55	26.51	
NODE_8_length_295167_cov_57.4176 	2	188377	188449	Leu	GAG	0	0	20.84	19.28	1.56	
NODE_8_length_295167_cov_57.4176 	3	292305	292378	Gly	CCC	0	0	60.35	30.06	30.29	
NODE_8_length_295167_cov_57.4176 	4	98712 	98622 	Ser	GCT	0	0	76.69	47.10	29.59	
NODE_8_length_295167_cov_57.4176 	5	98504 	98428 	Arg	ACG	0	0	83.50	58.05	25.45	
NODE_8_length_295167_cov_57.4176 	6	98316 	98240 	Arg	ACG	0	0	83.50	58.05	25.45	
NODE_8_length_295167_cov_57.4176 	7	29618 	29543 	Lys	TTT	0	0	95.07	71.82	23.25	
NODE_8_length_295167_cov_57.4176 	8	2080  	1991  	Ser	CGA	0	0	68.31	24.88	43.43	
NODE_10_length_270232_cov_59.3629	1	156988	157063	Asn	GTT	0	0	91.73	62.08	29.65	
NODE_10_length_270232_cov_59.3629	2	157073	157149	Pro	TGG	0	0	87.63	64.60	23.03	
NODE_10_length_270232_cov_59.3629	3	157160	157235	Lys	TTT	0	0	95.07	71.82	23.25	
NODE_10_length_270232_cov_59.3629	4	266528	266603	Thr	CGT	0	0	90.98	74.93	16.05	
NODE_10_length_270232_cov_59.3629	5	113072	112999	Arg	ACG	0	0	52.72	27.21	25.51	
NODE_10_length_270232_cov_59.3629	6	6843  	6769  	Gln	TTG	0	0	66.82	40.36	26.46	
NODE_10_length_270232_cov_59.3629	7	3093  	3017  	Met	CAT	0	0	87.19	64.42	22.77	
NODE_14_length_205119_cov_57.0495	1	131260	131335	Val	TAC	0	0	94.49	73.68	20.81	
NODE_14_length_205119_cov_57.0495	2	131352	131428	Asp	GTC	0	0	94.67	75.49	19.18	
NODE_15_length_199532_cov_61.9763	1	56909 	56984 	Gly	GCC	0	0	93.74	68.41	25.33	
NODE_15_length_199532_cov_61.9763	2	61531 	61604 	Cys	GCA	0	0	62.38	45.73	16.65	
NODE_15_length_199532_cov_61.9763	3	74155 	74241 	Leu	TAA	0	0	76.64	42.32	34.32	
NODE_17_length_169754_cov_56.9815	1	17324 	17399 	Met	CAT	0	0	60.05	34.98	25.07	
NODE_17_length_169754_cov_56.9815	2	17701 	17776 	Gly	TCC	0	0	81.23	54.80	26.43	
NODE_17_length_169754_cov_56.9815	3	17789 	17863 	Asn	GTT	0	0	76.95	53.18	23.77	
NODE_17_length_169754_cov_56.9815	4	17868 	17943 	Thr	TGT	0	0	74.27	61.42	12.85	
NODE_17_length_169754_cov_56.9815	5	44883 	44958 	His	GTG	0	0	83.51	64.18	19.33	
NODE_17_length_169754_cov_56.9815	6	56248 	56324 	Asp	GTC	0	0	95.34	76.86	18.48	
NODE_24_length_81680_cov_61.3368 	1	1220  	1295  	Trp	CCA	0	0	86.73	63.05	23.68	
NODE_29_length_36130_cov_65.2873 	1	1499  	1423  	Arg	CCG	0	0	87.81	66.55	21.26	
NODE_33_length_5551_cov_215.799  	1	1971  	2047  	Ile	GAT	0	0	98.83	72.69	26.14	
NODE_33_length_5551_cov_215.799  	2	2076  	2151  	Ala	TGC	0	0	90.68	71.56	19.12	
NODE_37_length_3327_cov_52.1156  	1	2807  	2891  	Tyr	GTA	0	0	71.07	41.76	29.31	
NODE_37_length_3327_cov_52.1156  	2	2918  	2991  	Gly	TCC	0	0	82.75	60.87	21.88	
NODE_37_length_3327_cov_52.1156  	3	3011  	3086  	Thr	GGT	0	0	93.76	67.73	26.03	
