Sequence                         		tRNA  	Bounds	tRNA	Anti	Intron Bounds	Cove	HMM	2'Str	      
Name                             	tRNA #	Begin 	End   	Type	Codon	Begin	End	Score	Score	Score	Note
--------                         	------	----- 	------	----	-----	-----	----	------	-----	-----	------
NODE_1_length_775728_cov_81.1278 	1	651735	651826	SeC	TCA	0	0	55.75	-18.51	74.26	
NODE_1_length_775728_cov_81.1278 	2	712877	712962	Leu	GAG	0	0	68.53	39.16	29.37	
NODE_1_length_775728_cov_81.1278 	3	713053	713129	Met	CAT	0	0	85.85	60.06	25.79	
NODE_1_length_775728_cov_81.1278 	4	498076	497990	Leu	CAG	0	0	73.96	38.54	35.42	
NODE_1_length_775728_cov_81.1278 	5	497860	497774	Leu	CAG	0	0	73.96	38.54	35.42	
NODE_1_length_775728_cov_81.1278 	6	241133	241058	Phe	GAA	0	0	92.69	68.52	24.17	
NODE_1_length_775728_cov_81.1278 	7	229723	229648	Thr	TGT	0	0	93.66	75.64	18.02	
NODE_2_length_702755_cov_75.0049 	1	700191	700267	Arg	CCT	0	0	83.71	58.51	25.20	
NODE_2_length_702755_cov_75.0049 	2	219559	219473	Leu	CAA	0	0	69.99	38.33	31.66	
NODE_3_length_623848_cov_78.3699 	1	86475 	86564 	Ser	CGA	0	0	68.31	24.88	43.43	
NODE_5_length_450596_cov_72.3241 	1	115154	115243	Ser	GGA	0	0	71.75	34.38	37.37	
NODE_5_length_450596_cov_72.3241 	2	303967	304043	Pro	CGG	0	0	88.20	60.26	27.94	
NODE_5_length_450596_cov_72.3241 	3	435975	436050	Asn	GTT	0	0	91.73	62.08	29.65	
NODE_5_length_450596_cov_72.3241 	4	427176	427101	Ala	GGC	0	0	86.95	68.86	18.09	
NODE_5_length_450596_cov_72.3241 	5	427052	426977	Glu	TTC	0	0	66.40	38.20	28.20	
NODE_5_length_450596_cov_72.3241 	6	426883	426808	Ala	GGC	0	0	86.95	68.86	18.09	
NODE_5_length_450596_cov_72.3241 	7	426761	426686	Glu	TTC	0	0	66.40	38.20	28.20	
NODE_5_length_450596_cov_72.3241 	8	387779	387704	Val	TAC	0	0	94.49	73.68	20.81	
NODE_5_length_450596_cov_72.3241 	9	387687	387611	Asp	GTC	0	0	94.67	75.49	19.18	
NODE_5_length_450596_cov_72.3241 	10	387496	387420	Asp	GTC	0	0	94.67	75.49	19.18	
NODE_5_length_450596_cov_72.3241 	11	82658 	82583 	Glu	TTC	0	0	66.40	38.20	28.20	
NODE_5_length_450596_cov_72.3241 	12	82580 	82505 	Gly	GCC	0	0	93.74	68.41	25.33	
NODE_5_length_450596_cov_72.3241 	13	82420 	82345 	Gly	GCC	0	0	93.74	68.41	25.33	
NODE_5_length_450596_cov_72.3241 	14	35149 	35073 	Val	GAC	0	0	93.19	67.81	25.38	
NODE_5_length_450596_cov_72.3241 	15	1010  	934   	Pro	GGG	0	0	74.89	48.01	26.88	
NODE_6_length_426539_cov_68.6295 	1	302521	302597	Arg	TCT	0	0	96.39	77.88	18.51	
NODE_6_length_426539_cov_68.6295 	2	302649	302724	His	GTG	0	0	83.51	64.18	19.33	
NODE_6_length_426539_cov_68.6295 	3	302779	302863	Leu	TAG	0	0	76.62	44.97	31.65	
NODE_6_length_426539_cov_68.6295 	4	302930	303005	His	GTG	0	0	83.51	64.18	19.33	
NODE_6_length_426539_cov_68.6295 	5	314290	314366	Asp	GTC	0	0	95.34	76.86	18.48	
NODE_7_length_408209_cov_74.6515 	1	158359	158434	Asn	GTT	0	0	91.73	62.08	29.65	
NODE_7_length_408209_cov_74.6515 	2	158444	158520	Pro	TGG	0	0	87.63	64.60	23.03	
NODE_7_length_408209_cov_74.6515 	3	158531	158606	Lys	TTT	0	0	95.07	71.82	23.25	
NODE_7_length_408209_cov_74.6515 	4	177435	177510	Thr	CGT	0	0	90.98	74.93	16.05	
NODE_7_length_408209_cov_74.6515 	5	114452	114379	Arg	ACG	0	0	52.72	27.21	25.51	
NODE_7_length_408209_cov_74.6515 	6	6997  	6923  	Gln	TTG	0	0	66.82	40.36	26.46	
NODE_7_length_408209_cov_74.6515 	7	3249  	3173  	Met	CAT	0	0	87.19	64.42	22.77	
NODE_8_length_373590_cov_77.7759 	1	78911 	78987 	Met	CAT	0	0	92.87	71.40	21.47	
NODE_9_length_259818_cov_72.7123 	1	119714	119625	Ser	TGA	0	0	72.99	31.35	41.64	
NODE_9_length_259818_cov_72.7123 	2	41488 	41413 	Gly	GCC	0	0	93.74	68.41	25.33	
NODE_9_length_259818_cov_72.7123 	3	36877 	36804 	Cys	GCA	0	0	62.38	45.73	16.65	
NODE_9_length_259818_cov_72.7123 	4	24254 	24168 	Leu	TAA	0	0	76.64	42.32	34.32	
NODE_10_length_209542_cov_72.3692	1	130912	130987	Val	TAC	0	0	94.49	73.68	20.81	
NODE_10_length_209542_cov_72.3692	2	131004	131080	Asp	GTC	0	0	94.67	75.49	19.18	
NODE_12_length_176108_cov_72.1308	1	92704 	92794 	Ser	GCT	0	0	76.69	47.10	29.59	
NODE_12_length_176108_cov_72.1308	2	92912 	92988 	Arg	ACG	0	0	83.50	58.05	25.45	
NODE_12_length_176108_cov_72.1308	3	93100 	93176 	Arg	ACG	0	0	83.50	58.05	25.45	
NODE_12_length_176108_cov_72.1308	4	161799	161874	Lys	TTT	0	0	95.07	71.82	23.25	
NODE_12_length_176108_cov_72.1308	5	109247	109171	Met	CAT	0	0	85.06	58.55	26.51	
NODE_12_length_176108_cov_72.1308	6	3035  	2963  	Leu	GAG	0	0	20.84	19.28	1.56	
NODE_15_length_102429_cov_74.8747	1	3728  	3655  	Gly	CCC	0	0	60.35	30.06	30.29	
NODE_22_length_65474_cov_82.4972 	1	64255 	64180 	Trp	CCA	0	0	86.73	63.05	23.68	
NODE_27_length_35945_cov_83.6301 	1	1311  	1235  	Arg	CCG	0	0	87.81	66.55	21.26	
NODE_35_length_5542_cov_290.165  	1	1954  	2030  	Ile	GAT	0	0	98.83	72.69	26.14	
NODE_35_length_5542_cov_290.165  	2	2059  	2134  	Ala	TGC	0	0	90.68	71.56	19.12	
NODE_37_length_3319_cov_69.4953  	1	521   	437   	Tyr	GTA	0	0	71.07	41.76	29.31	
NODE_37_length_3319_cov_69.4953  	2	410   	337   	Gly	TCC	0	0	82.75	60.87	21.88	
NODE_37_length_3319_cov_69.4953  	3	317   	242   	Thr	GGT	0	0	93.76	67.73	26.03	
