Sequence                         		tRNA  	Bounds	tRNA	Anti	Intron Bounds	Cove	HMM	2'Str	      
Name                             	tRNA #	Begin 	End   	Type	Codon	Begin	End	Score	Score	Score	Note
--------                         	------	----- 	------	----	-----	-----	----	------	-----	-----	------
NODE_1_length_775728_cov_59.8448 	1	651735	651826	SeC	TCA	0	0	55.75	-18.51	74.26	
NODE_1_length_775728_cov_59.8448 	2	712877	712962	Leu	GAG	0	0	68.53	39.16	29.37	
NODE_1_length_775728_cov_59.8448 	3	713053	713129	Met	CAT	0	0	85.85	60.06	25.79	
NODE_1_length_775728_cov_59.8448 	4	498076	497990	Leu	CAG	0	0	73.96	38.54	35.42	
NODE_1_length_775728_cov_59.8448 	5	497860	497774	Leu	CAG	0	0	73.96	38.54	35.42	
NODE_1_length_775728_cov_59.8448 	6	241133	241058	Phe	GAA	0	0	92.69	68.52	24.17	
NODE_1_length_775728_cov_59.8448 	7	229723	229648	Thr	TGT	0	0	93.66	75.64	18.02	
NODE_2_length_702755_cov_60.5826 	1	700191	700267	Arg	CCT	0	0	83.71	58.51	25.20	
NODE_2_length_702755_cov_60.5826 	2	219559	219473	Leu	CAA	0	0	69.99	38.33	31.66	
NODE_3_length_624562_cov_60.2512 	1	86475 	86564 	Ser	CGA	0	0	68.31	24.88	43.43	
NODE_5_length_450596_cov_59.5142 	1	115154	115243	Ser	GGA	0	0	71.75	34.38	37.37	
NODE_5_length_450596_cov_59.5142 	2	303967	304043	Pro	CGG	0	0	88.20	60.26	27.94	
NODE_5_length_450596_cov_59.5142 	3	435975	436050	Asn	GTT	0	0	91.73	62.08	29.65	
NODE_5_length_450596_cov_59.5142 	4	427176	427101	Ala	GGC	0	0	86.95	68.86	18.09	
NODE_5_length_450596_cov_59.5142 	5	427052	426977	Glu	TTC	0	0	66.40	38.20	28.20	
NODE_5_length_450596_cov_59.5142 	6	426883	426808	Ala	GGC	0	0	86.95	68.86	18.09	
NODE_5_length_450596_cov_59.5142 	7	426761	426686	Glu	TTC	0	0	66.40	38.20	28.20	
NODE_5_length_450596_cov_59.5142 	8	387779	387704	Val	TAC	0	0	94.49	73.68	20.81	
NODE_5_length_450596_cov_59.5142 	9	387687	387611	Asp	GTC	0	0	94.67	75.49	19.18	
NODE_5_length_450596_cov_59.5142 	10	387496	387420	Asp	GTC	0	0	94.67	75.49	19.18	
NODE_5_length_450596_cov_59.5142 	11	82658 	82583 	Glu	TTC	0	0	66.40	38.20	28.20	
NODE_5_length_450596_cov_59.5142 	12	82580 	82505 	Gly	GCC	0	0	93.74	68.41	25.33	
NODE_5_length_450596_cov_59.5142 	13	82420 	82345 	Gly	GCC	0	0	93.74	68.41	25.33	
NODE_5_length_450596_cov_59.5142 	14	35149 	35073 	Val	GAC	0	0	93.19	67.81	25.38	
NODE_5_length_450596_cov_59.5142 	15	1010  	934   	Pro	GGG	0	0	74.89	48.01	26.88	
NODE_6_length_426519_cov_52.8259 	1	302501	302577	Arg	TCT	0	0	96.39	77.88	18.51	
NODE_6_length_426519_cov_52.8259 	2	302629	302704	His	GTG	0	0	83.51	64.18	19.33	
NODE_6_length_426519_cov_52.8259 	3	302759	302843	Leu	TAG	0	0	76.62	44.97	31.65	
NODE_6_length_426519_cov_52.8259 	4	302910	302985	His	GTG	0	0	83.51	64.18	19.33	
NODE_6_length_426519_cov_52.8259 	5	314270	314346	Asp	GTC	0	0	95.34	76.86	18.48	
NODE_7_length_414218_cov_56.728  	1	158359	158434	Asn	GTT	0	0	91.73	62.08	29.65	
NODE_7_length_414218_cov_56.728  	2	158444	158520	Pro	TGG	0	0	87.63	64.60	23.03	
NODE_7_length_414218_cov_56.728  	3	158531	158606	Lys	TTT	0	0	95.07	71.82	23.25	
NODE_7_length_414218_cov_56.728  	4	177435	177510	Thr	CGT	0	0	90.98	74.93	16.05	
NODE_7_length_414218_cov_56.728  	5	114452	114379	Arg	ACG	0	0	52.72	27.21	25.51	
NODE_7_length_414218_cov_56.728  	6	6997  	6923  	Gln	TTG	0	0	66.82	40.36	26.46	
NODE_7_length_414218_cov_56.728  	7	3249  	3173  	Met	CAT	0	0	87.19	64.42	22.77	
NODE_8_length_382867_cov_62.5241 	1	242715	242626	Ser	TGA	0	0	72.99	31.35	41.64	
NODE_8_length_382867_cov_62.5241 	2	164489	164414	Gly	GCC	0	0	93.74	68.41	25.33	
NODE_8_length_382867_cov_62.5241 	3	159878	159805	Cys	GCA	0	0	62.38	45.73	16.65	
NODE_8_length_382867_cov_62.5241 	4	147255	147169	Leu	TAA	0	0	76.64	42.32	34.32	
NODE_9_length_373590_cov_62.7044 	1	78911 	78987 	Met	CAT	0	0	92.87	71.40	21.47	
NODE_10_length_209542_cov_59.4707	1	130912	130987	Val	TAC	0	0	94.49	73.68	20.81	
NODE_10_length_209542_cov_59.4707	2	131004	131080	Asp	GTC	0	0	94.67	75.49	19.18	
NODE_12_length_175249_cov_55.8141	1	66910 	66986 	Met	CAT	0	0	85.06	58.55	26.51	
NODE_12_length_175249_cov_55.8141	2	83453 	83363 	Ser	GCT	0	0	76.69	47.10	29.59	
NODE_12_length_175249_cov_55.8141	3	83245 	83169 	Arg	ACG	0	0	83.50	58.05	25.45	
NODE_12_length_175249_cov_55.8141	4	83057 	82981 	Arg	ACG	0	0	83.50	58.05	25.45	
NODE_12_length_175249_cov_55.8141	5	14358 	14283 	Lys	TTT	0	0	95.07	71.82	23.25	
NODE_15_length_102429_cov_56.5553	1	3728  	3655  	Gly	CCC	0	0	60.35	30.06	30.29	
NODE_20_length_65474_cov_60.4398 	1	64255 	64180 	Trp	CCA	0	0	86.73	63.05	23.68	
NODE_25_length_36837_cov_67.6975 	1	2203  	2127  	Arg	CCG	0	0	87.81	66.55	21.26	
NODE_30_length_5542_cov_202.365  	1	1954  	2030  	Ile	GAT	0	0	98.83	72.69	26.14	
NODE_30_length_5542_cov_202.365  	2	2059  	2134  	Ala	TGC	0	0	90.68	71.56	19.12	
NODE_33_length_3319_cov_53.1297  	1	521   	437   	Tyr	GTA	0	0	71.07	41.76	29.31	
NODE_33_length_3319_cov_53.1297  	2	410   	337   	Gly	TCC	0	0	82.75	60.87	21.88	
NODE_33_length_3319_cov_53.1297  	3	317   	242   	Thr	GGT	0	0	93.76	67.73	26.03	
