Sequence                         		tRNA  	Bounds	tRNA	Anti	Intron Bounds	Cove	HMM	2'Str	      
Name                             	tRNA #	Begin 	End   	Type	Codon	Begin	End	Score	Score	Score	Note
--------                         	------	----- 	------	----	-----	-----	----	------	-----	-----	------
NODE_1_length_890466_cov_55.1292 	1	688220	688296	Arg	CCT	0	0	83.71	58.51	25.20	
NODE_1_length_890466_cov_55.1292 	2	816594	816669	Val	TAC	0	0	94.49	73.68	20.81	
NODE_1_length_890466_cov_55.1292 	3	816686	816762	Asp	GTC	0	0	94.67	75.49	19.18	
NODE_1_length_890466_cov_55.1292 	4	210749	210663	Leu	CAA	0	0	69.99	38.33	31.66	
NODE_2_length_804620_cov_54.9456 	1	252300	252390	Ser	GCT	0	0	76.69	47.10	29.59	
NODE_2_length_804620_cov_54.9456 	2	252508	252584	Arg	ACG	0	0	83.50	58.05	25.45	
NODE_2_length_804620_cov_54.9456 	3	252696	252772	Arg	ACG	0	0	83.50	58.05	25.45	
NODE_2_length_804620_cov_54.9456 	4	320984	321059	Lys	TTT	0	0	95.07	71.82	23.25	
NODE_2_length_804620_cov_54.9456 	5	348526	348615	Ser	CGA	0	0	68.31	24.88	43.43	
NODE_2_length_804620_cov_54.9456 	6	268844	268768	Met	CAT	0	0	85.06	58.55	26.51	
NODE_2_length_804620_cov_54.9456 	7	162635	162563	Leu	GAG	0	0	20.84	19.28	1.56	
NODE_2_length_804620_cov_54.9456 	8	58841 	58768 	Gly	CCC	0	0	60.35	30.06	30.29	
NODE_3_length_780033_cov_57.1494 	1	270992	271078	Leu	CAG	0	0	73.96	38.54	35.42	
NODE_3_length_780033_cov_57.1494 	2	271208	271294	Leu	CAG	0	0	73.96	38.54	35.42	
NODE_3_length_780033_cov_57.1494 	3	527808	527883	Phe	GAA	0	0	92.69	68.52	24.17	
NODE_3_length_780033_cov_57.1494 	4	539213	539288	Thr	TGT	0	0	93.66	75.64	18.02	
NODE_3_length_780033_cov_57.1494 	5	116890	116799	SeC	TCA	0	0	55.75	-18.51	74.26	
NODE_3_length_780033_cov_57.1494 	6	62853 	62768 	Leu	GAG	0	0	68.53	39.16	29.37	
NODE_3_length_780033_cov_57.1494 	7	62677 	62601 	Met	CAT	0	0	85.85	60.06	25.79	
NODE_4_length_511316_cov_54.139  	1	386311	386387	Arg	TCT	0	0	96.39	77.88	18.51	
NODE_4_length_511316_cov_54.139  	2	386439	386514	His	GTG	0	0	83.51	64.18	19.33	
NODE_4_length_511316_cov_54.139  	3	386569	386653	Leu	TAG	0	0	76.62	44.97	31.65	
NODE_4_length_511316_cov_54.139  	4	386720	386795	His	GTG	0	0	83.51	64.18	19.33	
NODE_4_length_511316_cov_54.139  	5	398080	398156	Asp	GTC	0	0	95.34	76.86	18.48	
NODE_5_length_463466_cov_55.0878 	1	100793	100868	Asn	GTT	0	0	91.73	62.08	29.65	
NODE_5_length_463466_cov_55.0878 	2	100878	100954	Pro	TGG	0	0	87.63	64.60	23.03	
NODE_5_length_463466_cov_55.0878 	3	100965	101040	Lys	TTT	0	0	95.07	71.82	23.25	
NODE_5_length_463466_cov_55.0878 	4	207057	207142	Lys	TTT	0	0	22.00	12.28	9.72	
NODE_5_length_463466_cov_55.0878 	5	226493	226568	Thr	CGT	0	0	90.98	74.93	16.05	
NODE_5_length_463466_cov_55.0878 	6	56878 	56805 	Arg	ACG	0	0	52.72	27.21	25.51	
NODE_7_length_450895_cov_54.6717 	1	87266 	87355 	Ser	GGA	0	0	71.75	34.38	37.37	
NODE_7_length_450895_cov_54.6717 	2	276026	276102	Pro	CGG	0	0	88.20	60.26	27.94	
NODE_7_length_450895_cov_54.6717 	3	404718	404793	Asn	GTT	0	0	91.73	62.08	29.65	
NODE_7_length_450895_cov_54.6717 	4	395919	395844	Ala	GGC	0	0	86.95	68.86	18.09	
NODE_7_length_450895_cov_54.6717 	5	395795	395720	Glu	TTC	0	0	66.40	38.20	28.20	
NODE_7_length_450895_cov_54.6717 	6	395626	395551	Ala	GGC	0	0	86.95	68.86	18.09	
NODE_7_length_450895_cov_54.6717 	7	395504	395429	Glu	TTC	0	0	66.40	38.20	28.20	
NODE_7_length_450895_cov_54.6717 	8	356523	356448	Val	TAC	0	0	94.49	73.68	20.81	
NODE_7_length_450895_cov_54.6717 	9	356431	356355	Asp	GTC	0	0	94.67	75.49	19.18	
NODE_7_length_450895_cov_54.6717 	10	356240	356164	Asp	GTC	0	0	94.67	75.49	19.18	
NODE_7_length_450895_cov_54.6717 	11	54770 	54695 	Glu	TTC	0	0	66.40	38.20	28.20	
NODE_7_length_450895_cov_54.6717 	12	54692 	54617 	Gly	GCC	0	0	93.74	68.41	25.33	
NODE_8_length_393199_cov_54.4629 	1	389917	389842	Gly	GCC	0	0	93.74	68.41	25.33	
NODE_8_length_393199_cov_54.4629 	2	343505	343429	Val	GAC	0	0	93.19	67.81	25.38	
NODE_8_length_393199_cov_54.4629 	3	309362	309286	Pro	GGG	0	0	74.89	48.01	26.88	
NODE_8_length_393199_cov_54.4629 	4	145292	145203	Ser	TGA	0	0	72.99	31.35	41.64	
NODE_8_length_393199_cov_54.4629 	5	37020 	36945 	Gly	GCC	0	0	93.74	68.41	25.33	
NODE_9_length_392089_cov_56.32   	1	300868	300792	Met	CAT	0	0	92.87	71.40	21.47	
NODE_13_length_117612_cov_54.8973	1	4984  	5057  	Cys	GCA	0	0	62.38	45.73	16.65	
NODE_13_length_117612_cov_54.8973	2	17606 	17692 	Leu	TAA	0	0	76.64	42.32	34.32	
NODE_14_length_106090_cov_55.2574	1	56586 	56512 	Gln	TTG	0	0	66.82	40.36	26.46	
NODE_14_length_106090_cov_55.2574	2	33610 	33534 	Met	CAT	0	0	87.19	64.42	22.77	
NODE_14_length_106090_cov_55.2574	3	22172 	22094 	Met	CAT	0	0	27.72	35.87	-8.15	
NODE_18_length_65470_cov_58.2528 	1	64251 	64176 	Trp	CCA	0	0	86.73	63.05	23.68	
NODE_24_length_36166_cov_56.2743 	1	1532  	1456  	Arg	CCG	0	0	87.81	66.55	21.26	
NODE_28_length_5542_cov_219.452  	1	3589  	3513  	Ile	GAT	0	0	98.83	72.69	26.14	
NODE_28_length_5542_cov_219.452  	2	3484  	3409  	Ala	TGC	0	0	90.68	71.56	19.12	
NODE_32_length_3319_cov_57.1629  	1	521   	437   	Tyr	GTA	0	0	71.07	41.76	29.31	
NODE_32_length_3319_cov_57.1629  	2	410   	337   	Gly	TCC	0	0	82.75	60.87	21.88	
NODE_32_length_3319_cov_57.1629  	3	317   	242   	Thr	GGT	0	0	93.76	67.73	26.03	
