Sequence                        		tRNA  	Bounds	tRNA	Anti	Intron Bounds	Cove	HMM	2'Str	      
Name                            	tRNA #	Begin 	End   	Type	Codon	Begin	End	Score	Score	Score	Note
--------                        	------	----- 	------	----	-----	-----	----	------	-----	-----	------
NODE_1_length_569906_cov_62.775 	1	390229	390305	Arg	TCT	0	0	96.39	77.88	18.51	
NODE_1_length_569906_cov_62.775 	2	390357	390432	His	GTG	0	0	83.51	64.18	19.33	
NODE_1_length_569906_cov_62.775 	3	390487	390571	Leu	TAG	0	0	76.62	44.97	31.65	
NODE_1_length_569906_cov_62.775 	4	417476	417551	Met	CAT	0	0	60.05	34.98	25.07	
NODE_1_length_569906_cov_62.775 	5	417853	417928	Gly	TCC	0	0	81.23	54.80	26.43	
NODE_1_length_569906_cov_62.775 	6	417941	418015	Asn	GTT	0	0	76.95	53.18	23.77	
NODE_1_length_569906_cov_62.775 	7	418020	418095	Thr	TGT	0	0	74.27	61.42	12.85	
NODE_1_length_569906_cov_62.775 	8	445035	445110	His	GTG	0	0	83.51	64.18	19.33	
NODE_1_length_569906_cov_62.775 	9	456400	456476	Asp	GTC	0	0	95.34	76.86	18.48	
NODE_2_length_519452_cov_57.3162	1	486010	486096	Leu	CAA	0	0	69.99	38.33	31.66	
NODE_2_length_519452_cov_57.3162	2	2017  	1941  	Arg	CCT	0	0	83.71	58.51	25.20	
NODE_3_length_503652_cov_67.8606	1	31161 	31250 	Ser	CGA	0	0	68.31	24.88	43.43	
NODE_4_length_422237_cov_76.3177	1	119940	120015	Phe	GAA	0	0	92.69	68.52	24.17	
NODE_4_length_422237_cov_76.3177	2	146178	146252	Undet	NNN	0	0	23.83	22.17	1.66	
NODE_4_length_422237_cov_76.3177	3	157587	157662	Thr	TGT	0	0	93.66	75.64	18.02	
NODE_5_length_412724_cov_72.4339	1	275006	275092	Leu	CAG	0	0	73.96	38.54	35.42	
NODE_5_length_412724_cov_72.4339	2	275222	275308	Leu	CAG	0	0	73.96	38.54	35.42	
NODE_5_length_412724_cov_72.4339	3	116684	116593	SeC	TCA	0	0	55.75	-18.51	74.26	
NODE_5_length_412724_cov_72.4339	4	62742 	62657 	Leu	GAG	0	0	68.53	39.16	29.37	
NODE_5_length_412724_cov_72.4339	5	62566 	62490 	Met	CAT	0	0	85.85	60.06	25.79	
NODE_6_length_404119_cov_51.2445	1	42090 	42179 	Ser	GGA	0	0	71.75	34.38	37.37	
NODE_6_length_404119_cov_51.2445	2	230832	230908	Pro	CGG	0	0	88.20	60.26	27.94	
NODE_6_length_404119_cov_51.2445	3	359653	359728	Asn	GTT	0	0	91.73	62.08	29.65	
NODE_6_length_404119_cov_51.2445	4	350854	350779	Ala	GGC	0	0	86.95	68.86	18.09	
NODE_6_length_404119_cov_51.2445	5	350730	350655	Glu	TTC	0	0	66.40	38.20	28.20	
NODE_6_length_404119_cov_51.2445	6	350561	350486	Ala	GGC	0	0	86.95	68.86	18.09	
NODE_6_length_404119_cov_51.2445	7	350439	350364	Glu	TTC	0	0	66.40	38.20	28.20	
NODE_6_length_404119_cov_51.2445	8	311457	311382	Val	TAC	0	0	94.49	73.68	20.81	
NODE_6_length_404119_cov_51.2445	9	311365	311289	Asp	GTC	0	0	94.67	75.49	19.18	
NODE_6_length_404119_cov_51.2445	10	311174	311098	Asp	GTC	0	0	94.67	75.49	19.18	
NODE_6_length_404119_cov_51.2445	11	9593  	9518  	Glu	TTC	0	0	66.40	38.20	28.20	
NODE_6_length_404119_cov_51.2445	12	9515  	9440  	Gly	GCC	0	0	93.74	68.41	25.33	
NODE_7_length_389595_cov_50.0466	1	49651 	49727 	Val	GAC	0	0	93.19	67.81	25.38	
NODE_7_length_389595_cov_50.0466	2	83794 	83870 	Pro	GGG	0	0	74.89	48.01	26.88	
NODE_7_length_389595_cov_50.0466	3	247764	247853	Ser	TGA	0	0	68.83	34.50	34.33	
NODE_7_length_389595_cov_50.0466	4	321664	321739	Gly	GCC	0	0	93.74	68.41	25.33	
NODE_8_length_376853_cov_75.6933	1	293631	293555	Met	CAT	0	0	92.87	71.40	21.47	
NODE_9_length_335388_cov_66.5214	1	314836	314761	Thr	CGT	0	0	90.98	74.93	16.05	
NODE_11_length_270880_cov_71.2073	1	57874 	57950 	Met	CAT	0	0	85.06	58.55	26.51	
NODE_11_length_270880_cov_71.2073	2	164093	164165	Leu	GAG	0	0	20.84	19.28	1.56	
NODE_11_length_270880_cov_71.2073	3	268018	268091	Gly	CCC	0	0	60.35	30.06	30.29	
NODE_11_length_270880_cov_71.2073	4	74419 	74329 	Ser	GCT	0	0	76.69	47.10	29.59	
NODE_11_length_270880_cov_71.2073	5	74211 	74135 	Arg	ACG	0	0	83.50	58.05	25.45	
NODE_11_length_270880_cov_71.2073	6	74023 	73947 	Arg	ACG	0	0	83.50	58.05	25.45	
NODE_11_length_270880_cov_71.2073	7	5326  	5251  	Lys	TTT	0	0	95.07	71.82	23.25	
NODE_15_length_205120_cov_53.9513	1	131261	131336	Val	TAC	0	0	94.49	73.68	20.81	
NODE_15_length_205120_cov_53.9513	2	131353	131429	Asp	GTC	0	0	94.67	75.49	19.18	
NODE_16_length_172357_cov_52.4566	1	138002	137929	Cys	GCA	0	0	62.38	45.73	16.65	
NODE_16_length_172357_cov_52.4566	2	125378	125292	Leu	TAA	0	0	76.64	42.32	34.32	
NODE_19_length_106787_cov_69.4653	1	49515 	49588 	Arg	ACG	0	0	52.72	27.21	25.51	
NODE_19_length_106787_cov_69.4653	2	5599  	5524  	Asn	GTT	0	0	91.73	62.08	29.65	
NODE_19_length_106787_cov_69.4653	3	5514  	5438  	Pro	TGG	0	0	87.63	64.60	23.03	
NODE_19_length_106787_cov_69.4653	4	5427  	5352  	Lys	TTT	0	0	95.07	71.82	23.25	
NODE_22_length_81679_cov_65.1196	1	80460 	80385 	Trp	CCA	0	0	86.73	63.05	23.68	
NODE_27_length_55442_cov_69.2655	1	48600 	48674 	Gln	TTG	0	0	66.82	40.36	26.46	
NODE_27_length_55442_cov_69.2655	2	52350 	52426 	Met	CAT	0	0	87.19	64.42	22.77	
NODE_30_length_36042_cov_75.8609	1	1412  	1336  	Arg	CCG	0	0	87.81	66.55	21.26	
NODE_31_length_25566_cov_48.6619	1	4403  	4328  	Gly	GCC	0	0	93.74	68.41	25.33	
NODE_44_length_5644_cov_274.093 	1	3581  	3505  	Ile	GAT	0	0	98.83	72.69	26.14	
NODE_44_length_5644_cov_274.093 	2	3476  	3401  	Ala	TGC	0	0	90.68	71.56	19.12	
NODE_49_length_3327_cov_62.1397 	1	521   	437   	Tyr	GTA	0	0	71.07	41.76	29.31	
NODE_49_length_3327_cov_62.1397 	2	410   	337   	Gly	TCC	0	0	82.75	60.87	21.88	
NODE_49_length_3327_cov_62.1397 	3	317   	242   	Thr	GGT	0	0	93.76	67.73	26.03	
