Sequence                         		tRNA  	Bounds	tRNA	Anti	Intron Bounds	Cove	HMM	2'Str	      
Name                             	tRNA #	Begin 	End   	Type	Codon	Begin	End	Score	Score	Score	Note
--------                         	------	----- 	------	----	-----	-----	----	------	-----	-----	------
NODE_1_length_587104_cov_19.9452 	1	223610	223524	Leu	CAA	0	0	64.23	39.28	24.95	
NODE_2_length_458629_cov_20.2188 	1	341612	341703	SeC	TCA	0	0	55.75	-18.51	74.26	
NODE_2_length_458629_cov_20.2188 	2	395651	395736	Leu	GAG	0	0	68.53	39.16	29.37	
NODE_2_length_458629_cov_20.2188 	3	395827	395903	Met	CAT	0	0	85.85	60.06	25.79	
NODE_2_length_458629_cov_20.2188 	4	185331	185245	Leu	CAG	0	0	73.96	38.54	35.42	
NODE_2_length_458629_cov_20.2188 	5	185115	185029	Leu	CAG	0	0	73.96	38.54	35.42	
NODE_3_length_455880_cov_19.3572 	1	67781 	67857 	Met	CAT	0	0	85.06	58.55	26.51	
NODE_3_length_455880_cov_19.3572 	2	174045	174117	Leu	GAG	0	0	20.84	19.28	1.56	
NODE_3_length_455880_cov_19.3572 	3	319511	319584	Gly	CCC	0	0	60.35	30.06	30.29	
NODE_3_length_455880_cov_19.3572 	4	84363 	84273 	Ser	GCT	0	0	76.69	47.10	29.59	
NODE_3_length_455880_cov_19.3572 	5	84155 	84079 	Arg	ACG	0	0	83.50	58.05	25.45	
NODE_3_length_455880_cov_19.3572 	6	83967 	83891 	Arg	ACG	0	0	83.50	58.05	25.45	
NODE_3_length_455880_cov_19.3572 	7	15203 	15128 	Lys	TTT	0	0	95.07	71.82	23.25	
NODE_4_length_447345_cov_18.6992 	1	128207	128296	Ser	GGA	0	0	71.75	34.38	37.37	
NODE_4_length_447345_cov_18.6992 	2	317000	317076	Pro	CGG	0	0	88.20	60.26	27.94	
NODE_4_length_447345_cov_18.6992 	3	446883	446958	Asn	GTT	0	0	91.73	62.08	29.65	
NODE_4_length_447345_cov_18.6992 	4	438084	438009	Ala	GGC	0	0	86.95	68.86	18.09	
NODE_4_length_447345_cov_18.6992 	5	437960	437885	Glu	TTC	0	0	66.40	38.20	28.20	
NODE_4_length_447345_cov_18.6992 	6	437791	437716	Ala	GGC	0	0	86.95	68.86	18.09	
NODE_4_length_447345_cov_18.6992 	7	437669	437594	Glu	TTC	0	0	66.40	38.20	28.20	
NODE_4_length_447345_cov_18.6992 	8	398692	398617	Val	TAC	0	0	94.49	73.68	20.81	
NODE_4_length_447345_cov_18.6992 	9	398600	398524	Asp	GTC	0	0	94.67	75.49	19.18	
NODE_4_length_447345_cov_18.6992 	10	398409	398333	Asp	GTC	0	0	94.67	75.49	19.18	
NODE_4_length_447345_cov_18.6992 	11	95712 	95637 	Glu	TTC	0	0	66.40	38.20	28.20	
NODE_4_length_447345_cov_18.6992 	12	95634 	95559 	Gly	GCC	0	0	93.74	68.41	25.33	
NODE_4_length_447345_cov_18.6992 	13	95474 	95399 	Gly	GCC	0	0	93.74	68.41	25.33	
NODE_4_length_447345_cov_18.6992 	14	49044 	48968 	Val	GAC	0	0	93.19	67.81	25.38	
NODE_4_length_447345_cov_18.6992 	15	15188 	15112 	Pro	GGG	0	0	74.89	48.01	26.88	
NODE_5_length_383952_cov_20.2722 	1	76256 	76331 	Thr	CGT	0	0	90.98	74.93	16.05	
NODE_7_length_269277_cov_17.3049 	1	124776	124700	Arg	TCT	0	0	96.39	77.88	18.51	
NODE_7_length_269277_cov_17.3049 	2	124648	124573	His	GTG	0	0	83.51	64.18	19.33	
NODE_7_length_269277_cov_17.3049 	3	124518	124434	Leu	TAG	0	0	76.62	44.97	31.65	
NODE_7_length_269277_cov_17.3049 	4	124367	124292	His	GTG	0	0	83.51	64.18	19.33	
NODE_7_length_269277_cov_17.3049 	5	113014	112938	Asp	GTC	0	0	95.34	76.86	18.48	
NODE_9_length_258460_cov_20.7312 	1	222528	222604	Arg	CCG	0	0	87.89	66.77	21.12	
NODE_13_length_202824_cov_17.7354	1	153999	154088	Ser	TGA	0	0	68.83	34.50	34.33	
NODE_14_length_172173_cov_17.9722	1	145195	145120	Gly	GCC	0	0	93.74	68.41	25.33	
NODE_14_length_172173_cov_17.9722	2	138802	138729	Cys	GCA	0	0	62.38	45.73	16.65	
NODE_14_length_172173_cov_17.9722	3	126177	126091	Leu	TAA	0	0	76.64	42.32	34.32	
NODE_17_length_137609_cov_20.4973	1	3241  	3314  	Arg	ACG	0	0	52.72	27.21	25.51	
NODE_17_length_137609_cov_20.4973	2	111686	111760	Gln	TTG	0	0	66.82	40.36	26.46	
NODE_17_length_137609_cov_20.4973	3	115434	115510	Met	CAT	0	0	87.19	64.42	22.77	
NODE_21_length_122086_cov_19.5068	1	2301  	2225  	Arg	CCT	0	0	83.71	58.51	25.20	
NODE_23_length_96327_cov_20.2394 	1	18946 	18870 	Met	CAT	0	0	92.87	71.40	21.47	
NODE_30_length_76775_cov_20.6323 	1	4899  	4824  	Phe	GAA	0	0	92.69	68.52	24.17	
NODE_31_length_70273_cov_20.5902 	1	23111 	23186 	Thr	TGT	0	0	93.66	75.64	18.02	
NODE_33_length_62801_cov_19.327  	1	52525 	52614 	Ser	CGA	0	0	68.31	24.88	43.43	
NODE_34_length_50926_cov_20.5186 	1	40938 	41013 	Asn	GTT	0	0	91.73	62.08	29.65	
NODE_34_length_50926_cov_20.5186 	2	41023 	41099 	Pro	TGG	0	0	87.63	64.60	23.03	
NODE_34_length_50926_cov_20.5186 	3	41110 	41185 	Lys	TTT	0	0	95.07	71.82	23.25	
NODE_36_length_41505_cov_19.4855 	1	35960 	36035 	Val	TAC	0	0	94.49	73.68	20.81	
NODE_36_length_41505_cov_19.4855 	2	36052 	36128 	Asp	GTC	0	0	94.67	75.49	19.18	
NODE_37_length_34899_cov_28.4103 	1	24980 	24905 	Gly	TCC	0	0	81.79	60.42	21.37	
NODE_39_length_32051_cov_21.0839 	1	1220  	1295  	Trp	CCA	0	0	86.73	63.05	23.68	
NODE_56_length_5405_cov_79.7586  	1	1829  	1905  	Ile	GAT	0	0	98.83	72.69	26.14	
NODE_56_length_5405_cov_79.7586  	2	1934  	2009  	Ala	TGC	0	0	90.68	71.56	19.12	
NODE_67_length_3329_cov_19.9338  	1	2809  	2893  	Tyr	GTA	0	0	71.07	41.76	29.31	
NODE_67_length_3329_cov_19.9338  	2	2920  	2993  	Gly	TCC	0	0	82.75	60.87	21.88	
NODE_67_length_3329_cov_19.9338  	3	3013  	3088  	Thr	GGT	0	0	93.76	67.73	26.03	
