Sequence                         		tRNA  	Bounds	tRNA	Anti	Intron Bounds	Cove	HMM	2'Str	      
Name                             	tRNA #	Begin 	End   	Type	Codon	Begin	End	Score	Score	Score	Note
--------                         	------	----- 	------	----	-----	-----	----	------	-----	-----	------
NODE_1_length_722173_cov_70.9606 	1	531353	531429	Arg	TCT	0	0	96.39	77.88	18.51	
NODE_1_length_722173_cov_70.9606 	2	531481	531556	His	GTG	0	0	83.51	64.18	19.33	
NODE_1_length_722173_cov_70.9606 	3	531611	531695	Leu	TAG	0	0	76.62	44.97	31.65	
NODE_1_length_722173_cov_70.9606 	4	595845	595920	His	GTG	0	0	83.51	64.18	19.33	
NODE_1_length_722173_cov_70.9606 	5	607199	607275	Asp	GTC	0	0	95.34	76.86	18.48	
NODE_2_length_544751_cov_78.5865 	1	510142	510066	Arg	CCG	0	0	87.81	66.55	21.26	
NODE_3_length_451662_cov_73.3861 	1	237983	238059	Met	CAT	0	0	85.06	58.55	26.51	
NODE_3_length_451662_cov_73.3861 	2	344096	344168	Leu	GAG	0	0	20.84	19.28	1.56	
NODE_3_length_451662_cov_73.3861 	3	448574	448647	Gly	CCC	0	0	60.35	30.06	30.29	
NODE_3_length_451662_cov_73.3861 	4	254527	254437	Ser	GCT	0	0	76.69	47.10	29.59	
NODE_3_length_451662_cov_73.3861 	5	254319	254243	Arg	ACG	0	0	83.50	58.05	25.45	
NODE_3_length_451662_cov_73.3861 	6	254131	254055	Arg	ACG	0	0	83.50	58.05	25.45	
NODE_3_length_451662_cov_73.3861 	7	185410	185335	Lys	TTT	0	0	95.07	71.82	23.25	
NODE_3_length_451662_cov_73.3861 	8	154418	154329	Ser	CGA	0	0	68.31	24.88	43.43	
NODE_4_length_415025_cov_75.4376 	1	235197	235272	Phe	GAA	0	0	92.69	68.52	24.17	
NODE_4_length_415025_cov_75.4376 	2	246606	246681	Thr	TGT	0	0	93.66	75.64	18.02	
NODE_5_length_409055_cov_74.0161 	1	43174 	43088 	Leu	CAA	0	0	69.99	38.33	31.66	
NODE_6_length_383402_cov_75.8564 	1	291825	291749	Met	CAT	0	0	92.87	71.40	21.47	
NODE_7_length_309456_cov_71.0807 	1	166084	166173	Ser	TGA	0	0	72.70	38.95	33.75	
NODE_7_length_309456_cov_71.0807 	2	190464	190539	Gly	GCC	0	0	93.74	68.41	25.33	
NODE_7_length_309456_cov_71.0807 	3	196843	196916	Cys	GCA	0	0	62.38	45.73	16.65	
NODE_7_length_309456_cov_71.0807 	4	209466	209552	Leu	TAA	0	0	76.64	42.32	34.32	
NODE_8_length_281352_cov_71.532  	1	188836	188912	Pro	CGG	0	0	88.20	60.26	27.94	
NODE_10_length_243444_cov_73.0634	1	113806	113879	Arg	ACG	0	0	52.72	27.21	25.51	
NODE_10_length_243444_cov_73.0634	2	221218	221292	Gln	TTG	0	0	66.82	40.36	26.46	
NODE_10_length_243444_cov_73.0634	3	224966	225042	Met	CAT	0	0	87.19	64.42	22.77	
NODE_10_length_243444_cov_73.0634	4	69896 	69821 	Asn	GTT	0	0	91.73	62.08	29.65	
NODE_10_length_243444_cov_73.0634	5	69811 	69735 	Pro	TGG	0	0	87.63	64.60	23.03	
NODE_10_length_243444_cov_73.0634	6	69724 	69649 	Lys	TTT	0	0	95.07	71.82	23.25	
NODE_11_length_214765_cov_74.8569	1	119284	119358	Arg	CCT	0	0	69.71	45.21	24.50	
NODE_14_length_184435_cov_73.0921	1	116977	116886	SeC	TCA	0	0	55.75	-18.51	74.26	
NODE_14_length_184435_cov_73.0921	2	62670 	62585 	Leu	GAG	0	0	68.53	39.16	29.37	
NODE_14_length_184435_cov_73.0921	3	62494 	62418 	Met	CAT	0	0	85.85	60.06	25.79	
NODE_16_length_176344_cov_72.1455	1	82944 	82869 	Gly	GCC	0	0	93.74	68.41	25.33	
NODE_16_length_176344_cov_72.1455	2	35698 	35622 	Val	GAC	0	0	93.19	67.81	25.38	
NODE_16_length_176344_cov_72.1455	3	1560  	1484  	Pro	GGG	0	0	74.89	48.01	26.88	
NODE_20_length_113833_cov_73.9037	1	36055 	36130 	Val	TAC	0	0	94.49	73.68	20.81	
NODE_20_length_113833_cov_73.9037	2	36147 	36223 	Asp	GTC	0	0	94.67	75.49	19.18	
NODE_21_length_109921_cov_76.7774	1	87020 	87106 	Leu	CAG	0	0	73.96	38.54	35.42	
NODE_21_length_109921_cov_76.7774	2	87236 	87322 	Leu	CAG	0	0	73.96	38.54	35.42	
NODE_25_length_98632_cov_68.5164 	1	55898 	55973 	Ala	GGC	0	0	86.95	68.86	18.09	
NODE_25_length_98632_cov_68.5164 	2	56022 	56097 	Glu	TTC	0	0	66.40	38.20	28.20	
NODE_25_length_98632_cov_68.5164 	3	56191 	56266 	Ala	GGC	0	0	86.95	68.86	18.09	
NODE_25_length_98632_cov_68.5164 	4	56313 	56388 	Glu	TTC	0	0	66.40	38.20	28.20	
NODE_25_length_98632_cov_68.5164 	5	95304 	95379 	Val	TAC	0	0	94.49	73.68	20.81	
NODE_25_length_98632_cov_68.5164 	6	95396 	95472 	Asp	GTC	0	0	94.67	75.49	19.18	
NODE_25_length_98632_cov_68.5164 	7	95587 	95663 	Asp	GTC	0	0	94.67	75.49	19.18	
NODE_25_length_98632_cov_68.5164 	8	47099 	47024 	Asn	GTT	0	0	91.73	62.08	29.65	
NODE_27_length_65507_cov_77.2684 	1	64288 	64213 	Trp	CCA	0	0	86.73	63.05	23.68	
NODE_31_length_49331_cov_72.0214 	1	16991 	16902 	Ser	GGA	0	0	71.75	34.38	37.37	
NODE_32_length_42339_cov_73.7407 	1	28642 	28717 	Thr	CGT	0	0	90.98	74.93	16.05	
NODE_42_length_5410_cov_237.511  	1	1805  	1881  	Ile	GAT	0	0	98.83	72.69	26.14	
NODE_42_length_5410_cov_237.511  	2	1910  	1985  	Ala	TGC	0	0	90.68	71.56	19.12	
NODE_45_length_4759_cov_63.8847  	1	4349  	4274  	Glu	TTC	0	0	66.40	38.20	28.20	
NODE_45_length_4759_cov_63.8847  	2	4271  	4196  	Gly	GCC	0	0	93.74	68.41	25.33	
NODE_48_length_3301_cov_66.1689  	1	521   	437   	Tyr	GTA	0	0	71.07	41.76	29.31	
NODE_48_length_3301_cov_66.1689  	2	410   	337   	Gly	TCC	0	0	82.75	60.87	21.88	
NODE_48_length_3301_cov_66.1689  	3	317   	242   	Thr	GGT	0	0	93.76	67.73	26.03	
