Sequence                         		tRNA  	Bounds	tRNA	Anti	Intron Bounds	Cove	HMM	2'Str	      
Name                             	tRNA #	Begin 	End   	Type	Codon	Begin	End	Score	Score	Score	Note
--------                         	------	----- 	------	----	-----	-----	----	------	-----	-----	------
NODE_1_length_894442_cov_50.8808 	1	703622	703698	Arg	TCT	0	0	96.39	77.88	18.51	
NODE_1_length_894442_cov_50.8808 	2	703750	703825	His	GTG	0	0	83.51	64.18	19.33	
NODE_1_length_894442_cov_50.8808 	3	703880	703964	Leu	TAG	0	0	76.62	44.97	31.65	
NODE_1_length_894442_cov_50.8808 	4	768114	768189	His	GTG	0	0	83.51	64.18	19.33	
NODE_1_length_894442_cov_50.8808 	5	779468	779544	Asp	GTC	0	0	95.34	76.86	18.48	
NODE_2_length_544782_cov_60.0913 	1	34610 	34686 	Arg	CCG	0	0	87.81	66.55	21.26	
NODE_3_length_451662_cov_54.1083 	1	237983	238059	Met	CAT	0	0	85.06	58.55	26.51	
NODE_3_length_451662_cov_54.1083 	2	344096	344168	Leu	GAG	0	0	20.84	19.28	1.56	
NODE_3_length_451662_cov_54.1083 	3	448574	448647	Gly	CCC	0	0	60.35	30.06	30.29	
NODE_3_length_451662_cov_54.1083 	4	254527	254437	Ser	GCT	0	0	76.69	47.10	29.59	
NODE_3_length_451662_cov_54.1083 	5	254319	254243	Arg	ACG	0	0	83.50	58.05	25.45	
NODE_3_length_451662_cov_54.1083 	6	254131	254055	Arg	ACG	0	0	83.50	58.05	25.45	
NODE_3_length_451662_cov_54.1083 	7	185410	185335	Lys	TTT	0	0	95.07	71.82	23.25	
NODE_3_length_451662_cov_54.1083 	8	154418	154329	Ser	CGA	0	0	68.31	24.88	43.43	
NODE_4_length_449055_cov_56.2471 	1	43714 	43628 	Leu	CAA	0	0	69.99	38.33	31.66	
NODE_5_length_424025_cov_58.4172 	1	235197	235272	Phe	GAA	0	0	92.69	68.52	24.17	
NODE_5_length_424025_cov_58.4172 	2	246606	246681	Thr	TGT	0	0	93.66	75.64	18.02	
NODE_6_length_383402_cov_58.5771 	1	291825	291749	Met	CAT	0	0	92.87	71.40	21.47	
NODE_7_length_379721_cov_51.9264 	1	188836	188912	Pro	CGG	0	0	88.20	60.26	27.94	
NODE_7_length_379721_cov_51.9264 	2	332623	332698	Asn	GTT	0	0	91.73	62.08	29.65	
NODE_7_length_379721_cov_51.9264 	3	323824	323749	Ala	GGC	0	0	86.95	68.86	18.09	
NODE_7_length_379721_cov_51.9264 	4	323700	323625	Glu	TTC	0	0	66.40	38.20	28.20	
NODE_7_length_379721_cov_51.9264 	5	323531	323456	Ala	GGC	0	0	86.95	68.86	18.09	
NODE_7_length_379721_cov_51.9264 	6	323409	323334	Glu	TTC	0	0	66.40	38.20	28.20	
NODE_7_length_379721_cov_51.9264 	7	284418	284343	Val	TAC	0	0	94.49	73.68	20.81	
NODE_7_length_379721_cov_51.9264 	8	284326	284250	Asp	GTC	0	0	94.67	75.49	19.18	
NODE_7_length_379721_cov_51.9264 	9	284135	284059	Asp	GTC	0	0	94.67	75.49	19.18	
NODE_8_length_309456_cov_50.4298 	1	166084	166173	Ser	TGA	0	0	72.70	38.95	33.75	
NODE_8_length_309456_cov_50.4298 	2	190464	190539	Gly	GCC	0	0	93.74	68.41	25.33	
NODE_8_length_309456_cov_50.4298 	3	196843	196916	Cys	GCA	0	0	62.38	45.73	16.65	
NODE_8_length_309456_cov_50.4298 	4	209466	209552	Leu	TAA	0	0	76.64	42.32	34.32	
NODE_10_length_214587_cov_55.3516	1	119195	119269	Arg	CCT	0	0	69.71	45.21	24.50	
NODE_11_length_211916_cov_52.2793	1	211506	211431	Glu	TTC	0	0	66.40	38.20	28.20	
NODE_11_length_211916_cov_52.2793	2	211428	211353	Gly	GCC	0	0	93.74	68.41	25.33	
NODE_11_length_211916_cov_52.2793	3	114012	113937	Gly	GCC	0	0	93.74	68.41	25.33	
NODE_11_length_211916_cov_52.2793	4	66766 	66690 	Val	GAC	0	0	93.19	67.81	25.38	
NODE_11_length_211916_cov_52.2793	5	32628 	32552 	Pro	GGG	0	0	74.89	48.01	26.88	
NODE_14_length_184435_cov_57.1747	1	116977	116886	SeC	TCA	0	0	55.75	-18.51	74.26	
NODE_14_length_184435_cov_57.1747	2	62670 	62585 	Leu	GAG	0	0	68.53	39.16	29.37	
NODE_14_length_184435_cov_57.1747	3	62494 	62418 	Met	CAT	0	0	85.85	60.06	25.79	
NODE_16_length_170651_cov_54.9131	1	100756	100831	Asn	GTT	0	0	91.73	62.08	29.65	
NODE_16_length_170651_cov_54.9131	2	100841	100917	Pro	TGG	0	0	87.63	64.60	23.03	
NODE_16_length_170651_cov_54.9131	3	100928	101003	Lys	TTT	0	0	95.07	71.82	23.25	
NODE_16_length_170651_cov_54.9131	4	56846 	56773 	Arg	ACG	0	0	52.72	27.21	25.51	
NODE_19_length_115040_cov_55.0008	1	78986 	78911 	Val	TAC	0	0	94.49	73.68	20.81	
NODE_19_length_115040_cov_55.0008	2	78894 	78818 	Asp	GTC	0	0	94.67	75.49	19.18	
NODE_20_length_109921_cov_59.7218	1	87020 	87106 	Leu	CAG	0	0	73.96	38.54	35.42	
NODE_20_length_109921_cov_59.7218	2	87236 	87322 	Leu	CAG	0	0	73.96	38.54	35.42	
NODE_23_length_72825_cov_57.2779 	1	22227 	22153 	Gln	TTG	0	0	66.82	40.36	26.46	
NODE_23_length_72825_cov_57.2779 	2	18479 	18403 	Met	CAT	0	0	87.19	64.42	22.77	
NODE_25_length_65507_cov_60.1031 	1	64288 	64213 	Trp	CCA	0	0	86.73	63.05	23.68	
NODE_30_length_49331_cov_52.5902 	1	16991 	16902 	Ser	GGA	0	0	71.75	34.38	37.37	
NODE_31_length_42339_cov_54.5893 	1	28642 	28717 	Thr	CGT	0	0	90.98	74.93	16.05	
NODE_39_length_5410_cov_174.736  	1	1805  	1881  	Ile	GAT	0	0	98.83	72.69	26.14	
NODE_39_length_5410_cov_174.736  	2	1910  	1985  	Ala	TGC	0	0	90.68	71.56	19.12	
NODE_44_length_3301_cov_48.7571  	1	521   	437   	Tyr	GTA	0	0	71.07	41.76	29.31	
NODE_44_length_3301_cov_48.7571  	2	410   	337   	Gly	TCC	0	0	82.75	60.87	21.88	
NODE_44_length_3301_cov_48.7571  	3	317   	242   	Thr	GGT	0	0	93.76	67.73	26.03	
