Sequence                          		tRNA   	Bounds 	tRNA	Anti	Intron Bounds	Cove	HMM	2'Str	      
Name                              	tRNA #	Begin  	End    	Type	Codon	Begin	End	Score	Score	Score	Note
--------                          	------	-----  	------ 	----	-----	-----	----	------	-----	-----	------
NODE_1_length_1423240_cov_39.6786 	1	288976 	289065 	Ser	GGA	0	0	71.75	34.38	37.37	
NODE_1_length_1423240_cov_39.6786 	2	522668 	522744 	Pro	CGG	0	0	88.20	60.26	27.94	
NODE_1_length_1423240_cov_39.6786 	3	651483 	651558 	Asn	GTT	0	0	91.73	62.08	29.65	
NODE_1_length_1423240_cov_39.6786 	4	1393280	1393366	Leu	CAA	0	0	69.99	38.33	31.66	
NODE_1_length_1423240_cov_39.6786 	5	906344 	906268 	Arg	CCT	0	0	83.71	58.51	25.20	
NODE_1_length_1423240_cov_39.6786 	6	900359 	900285 	Arg	CCT	0	0	69.69	51.80	17.89	
NODE_1_length_1423240_cov_39.6786 	7	770712 	770637 	Val	TAC	0	0	94.49	73.68	20.81	
NODE_1_length_1423240_cov_39.6786 	8	770620 	770544 	Asp	GTC	0	0	94.67	75.49	19.18	
NODE_1_length_1423240_cov_39.6786 	9	642684 	642609 	Ala	GGC	0	0	86.95	68.86	18.09	
NODE_1_length_1423240_cov_39.6786 	10	642560 	642485 	Glu	TTC	0	0	66.40	38.20	28.20	
NODE_1_length_1423240_cov_39.6786 	11	642391 	642316 	Ala	GGC	0	0	86.95	68.86	18.09	
NODE_1_length_1423240_cov_39.6786 	12	642269 	642194 	Glu	TTC	0	0	66.40	38.20	28.20	
NODE_1_length_1423240_cov_39.6786 	13	603289 	603214 	Val	TAC	0	0	94.49	73.68	20.81	
NODE_1_length_1423240_cov_39.6786 	14	603197 	603121 	Asp	GTC	0	0	94.67	75.49	19.18	
NODE_1_length_1423240_cov_39.6786 	15	603006 	602930 	Asp	GTC	0	0	94.67	75.49	19.18	
NODE_1_length_1423240_cov_39.6786 	16	256487 	256412 	Glu	TTC	0	0	66.40	38.20	28.20	
NODE_1_length_1423240_cov_39.6786 	17	256409 	256334 	Gly	GCC	0	0	93.74	68.41	25.33	
NODE_1_length_1423240_cov_39.6786 	18	256249 	256174 	Gly	GCC	0	0	93.74	68.41	25.33	
NODE_1_length_1423240_cov_39.6786 	19	35115  	35039  	Val	GAC	0	0	93.19	67.81	25.38	
NODE_1_length_1423240_cov_39.6786 	20	959    	883    	Pro	GGG	0	0	74.89	48.01	26.88	
NODE_2_length_519001_cov_38.4083  	1	394685 	394761 	Arg	TCT	0	0	96.39	77.88	18.51	
NODE_2_length_519001_cov_38.4083  	2	394813 	394888 	His	GTG	0	0	83.51	64.18	19.33	
NODE_2_length_519001_cov_38.4083  	3	394943 	395027 	Leu	TAG	0	0	76.62	44.97	31.65	
NODE_2_length_519001_cov_38.4083  	4	395094 	395169 	His	GTG	0	0	83.51	64.18	19.33	
NODE_2_length_519001_cov_38.4083  	5	406465 	406541 	Asp	GTC	0	0	95.34	76.86	18.48	
NODE_3_length_457366_cov_40.4975  	1	340454 	340545 	SeC	TCA	0	0	55.75	-18.51	74.26	
NODE_3_length_457366_cov_40.4975  	2	394564 	394649 	Leu	GAG	0	0	68.53	39.16	29.37	
NODE_3_length_457366_cov_40.4975  	3	394740 	394816 	Met	CAT	0	0	85.85	60.06	25.79	
NODE_3_length_457366_cov_40.4975  	4	186955 	186869 	Leu	CAG	0	0	73.96	38.54	35.42	
NODE_3_length_457366_cov_40.4975  	5	186739 	186653 	Leu	CAG	0	0	73.96	38.54	35.42	
NODE_4_length_371690_cov_40.3851  	1	77443  	77519  	Met	CAT	0	0	92.87	71.40	21.47	
NODE_5_length_365769_cov_38.5996  	1	275779 	275690 	Ser	TGA	0	0	72.70	38.95	33.75	
NODE_5_length_365769_cov_38.5996  	2	219655 	219580 	Gly	GCC	0	0	93.74	68.41	25.33	
NODE_5_length_365769_cov_38.5996  	3	110088 	110015 	Cys	GCA	0	0	62.38	45.73	16.65	
NODE_5_length_365769_cov_38.5996  	4	97463  	97377  	Leu	TAA	0	0	76.64	42.32	34.32	
NODE_6_length_351682_cov_39.4635  	1	233943 	234019 	Met	CAT	0	0	85.06	58.55	26.51	
NODE_6_length_351682_cov_39.4635  	2	340164 	340236 	Leu	GAG	0	0	20.84	19.28	1.56	
NODE_6_length_351682_cov_39.4635  	3	250485 	250395 	Ser	GCT	0	0	76.69	47.10	29.59	
NODE_6_length_351682_cov_39.4635  	4	250277 	250201 	Arg	ACG	0	0	83.50	58.05	25.45	
NODE_6_length_351682_cov_39.4635  	5	250089 	250013 	Arg	ACG	0	0	83.50	58.05	25.45	
NODE_6_length_351682_cov_39.4635  	6	181390 	181315 	Lys	TTT	0	0	95.07	71.82	23.25	
NODE_6_length_351682_cov_39.4635  	7	153847 	153758 	Ser	CGA	0	0	68.31	24.88	43.43	
NODE_7_length_349915_cov_41.0556  	1	278337 	278262 	Phe	GAA	0	0	92.69	68.52	24.17	
NODE_7_length_349915_cov_41.0556  	2	266927 	266852 	Thr	TGT	0	0	93.66	75.64	18.02	
NODE_9_length_261814_cov_40.4309  	1	162353 	162280 	Gly	CCC	0	0	60.35	30.06	30.29	
NODE_10_length_261276_cov_39.5433 	1	232839 	232764 	Thr	CGT	0	0	90.98	74.93	16.05	
NODE_12_length_197278_cov_40.391  	1	48477  	48550  	Arg	ACG	0	0	52.72	27.21	25.51	
NODE_12_length_197278_cov_40.391  	2	154722 	154796 	Gln	TTG	0	0	66.82	40.36	26.46	
NODE_12_length_197278_cov_40.391  	3	178788 	178864 	Met	CAT	0	0	87.19	64.42	22.77	
NODE_12_length_197278_cov_40.391  	4	4561   	4486   	Asn	GTT	0	0	91.73	62.08	29.65	
NODE_12_length_197278_cov_40.391  	5	4476   	4400   	Pro	TGG	0	0	87.63	64.60	23.03	
NODE_12_length_197278_cov_40.391  	6	4389   	4314   	Lys	TTT	0	0	95.07	71.82	23.25	
NODE_20_length_65461_cov_41.2839  	1	64242  	64167  	Trp	CCA	0	0	86.73	63.05	23.68	
NODE_29_length_37212_cov_40.6542  	1	2581   	2505   	Arg	CCG	0	0	87.81	66.55	21.26	
NODE_36_length_5563_cov_206.891   	1	2000   	2076   	Ile	GAT	0	0	98.83	72.69	26.14	
NODE_36_length_5563_cov_206.891   	2	2105   	2180   	Ala	TGC	0	0	90.68	71.56	19.12	
NODE_41_length_3345_cov_43.2166   	1	521    	437    	Tyr	GTA	0	0	71.07	41.76	29.31	
NODE_41_length_3345_cov_43.2166   	2	410    	337    	Gly	TCC	0	0	82.75	60.87	21.88	
NODE_41_length_3345_cov_43.2166   	3	317    	242    	Thr	GGT	0	0	93.76	67.73	26.03	
