Sequence                         		tRNA  	Bounds	tRNA	Anti	Intron Bounds	Cove	HMM	2'Str	      
Name                             	tRNA #	Begin 	End   	Type	Codon	Begin	End	Score	Score	Score	Note
--------                         	------	----- 	------	----	-----	-----	----	------	-----	-----	------
NODE_1_length_848579_cov_39.6618 	1	646830	646906	Arg	CCT	0	0	83.71	58.51	25.20	
NODE_1_length_848579_cov_39.6618 	2	774671	774746	Val	TAC	0	0	94.49	73.68	20.81	
NODE_1_length_848579_cov_39.6618 	3	774763	774839	Asp	GTC	0	0	94.67	75.49	19.18	
NODE_1_length_848579_cov_39.6618 	4	154982	154896	Leu	CAA	0	0	69.99	38.33	31.66	
NODE_2_length_512335_cov_38.6592 	1	386344	386420	Arg	TCT	0	0	96.39	77.88	18.51	
NODE_2_length_512335_cov_38.6592 	2	386472	386547	His	GTG	0	0	83.51	64.18	19.33	
NODE_2_length_512335_cov_38.6592 	3	386602	386686	Leu	TAG	0	0	76.62	44.97	31.65	
NODE_2_length_512335_cov_38.6592 	4	386753	386828	His	GTG	0	0	83.51	64.18	19.33	
NODE_2_length_512335_cov_38.6592 	5	398113	398189	Asp	GTC	0	0	95.34	76.86	18.48	
NODE_3_length_476125_cov_39.2987 	1	114530	114619	Ser	GGA	0	0	71.75	34.38	37.37	
NODE_3_length_476125_cov_39.2987 	2	303304	303380	Pro	CGG	0	0	88.20	60.26	27.94	
NODE_3_length_476125_cov_39.2987 	3	432112	432187	Asn	GTT	0	0	91.73	62.08	29.65	
NODE_3_length_476125_cov_39.2987 	4	423313	423238	Ala	GGC	0	0	86.95	68.86	18.09	
NODE_3_length_476125_cov_39.2987 	5	423189	423114	Glu	TTC	0	0	66.40	38.20	28.20	
NODE_3_length_476125_cov_39.2987 	6	423020	422945	Ala	GGC	0	0	86.95	68.86	18.09	
NODE_3_length_476125_cov_39.2987 	7	422898	422823	Glu	TTC	0	0	66.40	38.20	28.20	
NODE_3_length_476125_cov_39.2987 	8	383922	383847	Val	TAC	0	0	94.49	73.68	20.81	
NODE_3_length_476125_cov_39.2987 	9	383830	383754	Asp	GTC	0	0	94.67	75.49	19.18	
NODE_3_length_476125_cov_39.2987 	10	383639	383563	Asp	GTC	0	0	94.67	75.49	19.18	
NODE_3_length_476125_cov_39.2987 	11	82034 	81959 	Glu	TTC	0	0	66.40	38.20	28.20	
NODE_3_length_476125_cov_39.2987 	12	81956 	81881 	Gly	GCC	0	0	93.74	68.41	25.33	
NODE_3_length_476125_cov_39.2987 	13	81796 	81721 	Gly	GCC	0	0	93.74	68.41	25.33	
NODE_3_length_476125_cov_39.2987 	14	35386 	35310 	Val	GAC	0	0	93.19	67.81	25.38	
NODE_3_length_476125_cov_39.2987 	15	1244  	1168  	Pro	GGG	0	0	74.89	48.01	26.88	
NODE_4_length_468031_cov_39.4407 	1	27926 	28015 	Ser	CGA	0	0	68.31	24.88	43.43	
NODE_5_length_456577_cov_40.682  	1	338276	338367	SeC	TCA	0	0	55.75	-18.51	74.26	
NODE_5_length_456577_cov_40.682  	2	393788	393873	Leu	GAG	0	0	68.53	39.16	29.37	
NODE_5_length_456577_cov_40.682  	3	393964	394040	Met	CAT	0	0	85.85	60.06	25.79	
NODE_5_length_456577_cov_40.682  	4	184675	184589	Leu	CAG	0	0	73.96	38.54	35.42	
NODE_5_length_456577_cov_40.682  	5	184459	184373	Leu	CAG	0	0	73.96	38.54	35.42	
NODE_6_length_439226_cov_40.4381 	1	187165	187240	Asn	GTT	0	0	91.73	62.08	29.65	
NODE_6_length_439226_cov_40.4381 	2	187250	187326	Pro	TGG	0	0	87.63	64.60	23.03	
NODE_6_length_439226_cov_40.4381 	3	187337	187412	Lys	TTT	0	0	95.07	71.82	23.25	
NODE_6_length_439226_cov_40.4381 	4	206730	206805	Thr	CGT	0	0	90.98	74.93	16.05	
NODE_6_length_439226_cov_40.4381 	5	143249	143176	Arg	ACG	0	0	52.72	27.21	25.51	
NODE_6_length_439226_cov_40.4381 	6	36285 	36211 	Gln	TTG	0	0	66.82	40.36	26.46	
NODE_6_length_439226_cov_40.4381 	7	32536 	32460 	Met	CAT	0	0	87.19	64.42	22.77	
NODE_7_length_398192_cov_39.1472 	1	259392	259303	Ser	TGA	0	0	68.83	34.50	34.33	
NODE_7_length_398192_cov_39.1472 	2	144568	144493	Gly	GCC	0	0	93.74	68.41	25.33	
NODE_7_length_398192_cov_39.1472 	3	139958	139885	Cys	GCA	0	0	62.38	45.73	16.65	
NODE_7_length_398192_cov_39.1472 	4	127334	127248	Leu	TAA	0	0	76.64	42.32	34.32	
NODE_8_length_371749_cov_41.2562 	1	294478	294402	Met	CAT	0	0	92.87	71.40	21.47	
NODE_9_length_314920_cov_41.1412 	1	242532	242457	Phe	GAA	0	0	92.69	68.52	24.17	
NODE_9_length_314920_cov_41.1412 	2	231122	231047	Thr	TGT	0	0	93.66	75.64	18.02	
NODE_14_length_182644_cov_40.5443	1	125553	125626	Gly	CCC	0	0	60.35	30.06	30.29	
NODE_15_length_165932_cov_39.6646	1	57453 	57529 	Met	CAT	0	0	85.06	58.55	26.51	
NODE_15_length_165932_cov_39.6646	2	163674	163746	Leu	GAG	0	0	20.84	19.28	1.56	
NODE_15_length_165932_cov_39.6646	3	73997 	73907 	Ser	GCT	0	0	76.69	47.10	29.59	
NODE_15_length_165932_cov_39.6646	4	73789 	73713 	Arg	ACG	0	0	83.50	58.05	25.45	
NODE_15_length_165932_cov_39.6646	5	73601 	73525 	Arg	ACG	0	0	83.50	58.05	25.45	
NODE_15_length_165932_cov_39.6646	6	4883  	4808  	Lys	TTT	0	0	95.07	71.82	23.25	
NODE_20_length_65537_cov_42.1949 	1	64318 	64243 	Trp	CCA	0	0	86.73	63.05	23.68	
NODE_26_length_36165_cov_42.2365 	1	1532  	1456  	Arg	CCG	0	0	87.81	66.55	21.26	
NODE_33_length_5613_cov_176.134  	1	2026  	2102  	Ile	GAT	0	0	98.83	72.69	26.14	
NODE_33_length_5613_cov_176.134  	2	2131  	2206  	Ala	TGC	0	0	90.68	71.56	19.12	
NODE_40_length_3321_cov_39.3256  	1	521   	437   	Tyr	GTA	0	0	71.07	41.76	29.31	
NODE_40_length_3321_cov_39.3256  	2	410   	337   	Gly	TCC	0	0	82.75	60.87	21.88	
NODE_40_length_3321_cov_39.3256  	3	317   	242   	Thr	GGT	0	0	93.76	67.73	26.03	
