Sequence                         		tRNA  	Bounds	tRNA	Anti	Intron Bounds	Cove	HMM	2'Str	      
Name                             	tRNA #	Begin 	End   	Type	Codon	Begin	End	Score	Score	Score	Note
--------                         	------	----- 	------	----	-----	-----	----	------	-----	-----	------
NODE_1_length_772717_cov_46.5954 	1	655834	655925	SeC	TCA	0	0	55.75	-18.51	74.26	
NODE_1_length_772717_cov_46.5954 	2	709842	709927	Leu	GAG	0	0	68.53	39.16	29.37	
NODE_1_length_772717_cov_46.5954 	3	710018	710094	Met	CAT	0	0	85.85	60.06	25.79	
NODE_1_length_772717_cov_46.5954 	4	502222	502136	Leu	CAG	0	0	73.96	38.54	35.42	
NODE_1_length_772717_cov_46.5954 	5	502006	501920	Leu	CAG	0	0	73.96	38.54	35.42	
NODE_1_length_772717_cov_46.5954 	6	242938	242863	Phe	GAA	0	0	92.69	68.52	24.17	
NODE_1_length_772717_cov_46.5954 	7	228375	228300	Thr	TGT	0	0	93.66	75.64	18.02	
NODE_2_length_670664_cov_45.6618 	1	53177 	53252 	Ala	GGC	0	0	86.95	68.86	18.09	
NODE_2_length_670664_cov_45.6618 	2	53301 	53376 	Glu	TTC	0	0	66.40	38.20	28.20	
NODE_2_length_670664_cov_45.6618 	3	53470 	53545 	Ala	GGC	0	0	86.95	68.86	18.09	
NODE_2_length_670664_cov_45.6618 	4	53592 	53667 	Glu	TTC	0	0	66.40	38.20	28.20	
NODE_2_length_670664_cov_45.6618 	5	92571 	92646 	Val	TAC	0	0	94.49	73.68	20.81	
NODE_2_length_670664_cov_45.6618 	6	92663 	92739 	Asp	GTC	0	0	94.67	75.49	19.18	
NODE_2_length_670664_cov_45.6618 	7	92854 	92930 	Asp	GTC	0	0	94.67	75.49	19.18	
NODE_2_length_670664_cov_45.6618 	8	436896	436971	Glu	TTC	0	0	66.40	38.20	28.20	
NODE_2_length_670664_cov_45.6618 	9	436974	437049	Gly	GCC	0	0	93.74	68.41	25.33	
NODE_2_length_670664_cov_45.6618 	10	437134	437209	Gly	GCC	0	0	93.74	68.41	25.33	
NODE_2_length_670664_cov_45.6618 	11	483537	483613	Val	GAC	0	0	93.19	67.81	25.38	
NODE_2_length_670664_cov_45.6618 	12	517678	517754	Pro	GGG	0	0	74.89	48.01	26.88	
NODE_2_length_670664_cov_45.6618 	13	668620	668709	Ser	TGA	0	0	72.99	31.35	41.64	
NODE_2_length_670664_cov_45.6618 	14	404407	404318	Ser	GGA	0	0	71.75	34.38	37.37	
NODE_2_length_670664_cov_45.6618 	15	215643	215567	Pro	CGG	0	0	88.20	60.26	27.94	
NODE_2_length_670664_cov_45.6618 	16	44378 	44303 	Asn	GTT	0	0	91.73	62.08	29.65	
NODE_3_length_519184_cov_46.2817 	1	276462	276538	Arg	CCT	0	0	83.71	58.51	25.20	
NODE_3_length_519184_cov_46.2817 	2	445249	445324	Val	TAC	0	0	94.49	73.68	20.81	
NODE_3_length_519184_cov_46.2817 	3	445341	445417	Asp	GTC	0	0	94.67	75.49	19.18	
NODE_4_length_491957_cov_47.4526 	1	198646	198722	Met	CAT	0	0	92.87	71.40	21.47	
NODE_5_length_449746_cov_46.0237 	1	210705	210619	Leu	CAA	0	0	69.99	38.33	31.66	
NODE_6_length_417705_cov_46.1589 	1	79488 	79564 	Met	CAT	0	0	85.06	58.55	26.51	
NODE_6_length_417705_cov_46.1589 	2	185697	185769	Leu	GAG	0	0	20.84	19.28	1.56	
NODE_6_length_417705_cov_46.1589 	3	323723	323796	Gly	CCC	0	0	60.35	30.06	30.29	
NODE_6_length_417705_cov_46.1589 	4	96031 	95941 	Ser	GCT	0	0	76.69	47.10	29.59	
NODE_6_length_417705_cov_46.1589 	5	95823 	95747 	Arg	ACG	0	0	83.50	58.05	25.45	
NODE_6_length_417705_cov_46.1589 	6	95635 	95559 	Arg	ACG	0	0	83.50	58.05	25.45	
NODE_6_length_417705_cov_46.1589 	7	26934 	26859 	Lys	TTT	0	0	95.07	71.82	23.25	
NODE_7_length_410768_cov_45.6191 	1	404654	404730	Arg	TCT	0	0	96.39	77.88	18.51	
NODE_7_length_410768_cov_45.6191 	2	404782	404857	His	GTG	0	0	83.51	64.18	19.33	
NODE_7_length_410768_cov_45.6191 	3	404912	404996	Leu	TAG	0	0	76.62	44.97	31.65	
NODE_8_length_326825_cov_46.3749 	1	90284 	90359 	Gly	GCC	0	0	93.74	68.41	25.33	
NODE_8_length_326825_cov_46.3749 	2	216622	216695	Cys	GCA	0	0	62.38	45.73	16.65	
NODE_8_length_326825_cov_46.3749 	3	229247	229333	Leu	TAA	0	0	76.64	42.32	34.32	
NODE_13_length_204130_cov_46.6441	1	43351 	43440 	Ser	CGA	0	0	68.31	24.88	43.43	
NODE_15_length_184554_cov_46.9802	1	162182	162257	Asn	GTT	0	0	91.73	62.08	29.65	
NODE_15_length_184554_cov_46.9802	2	162267	162343	Pro	TGG	0	0	87.63	64.60	23.03	
NODE_15_length_184554_cov_46.9802	3	162354	162429	Lys	TTT	0	0	95.07	71.82	23.25	
NODE_15_length_184554_cov_46.9802	4	181747	181822	Thr	CGT	0	0	90.98	74.93	16.05	
NODE_15_length_184554_cov_46.9802	5	118272	118199	Arg	ACG	0	0	52.72	27.21	25.51	
NODE_15_length_184554_cov_46.9802	6	10821 	10747 	Gln	TTG	0	0	66.82	40.36	26.46	
NODE_15_length_184554_cov_46.9802	7	7073  	6997  	Met	CAT	0	0	78.28	55.51	22.77	
NODE_18_length_129430_cov_46.2448	1	93034 	92959 	His	GTG	0	0	83.51	64.18	19.33	
NODE_18_length_129430_cov_46.2448	2	81675 	81599 	Asp	GTC	0	0	95.34	76.86	18.48	
NODE_23_length_65470_cov_47.6359 	1	64251 	64176 	Trp	CCA	0	0	86.73	63.05	23.68	
NODE_29_length_44451_cov_47.3972 	1	9818  	9742  	Arg	CCG	0	0	87.81	66.55	21.26	
NODE_35_length_25451_cov_45.9924 	1	18561 	18637 	Met	CAT	0	0	88.43	65.66	22.77	
NODE_42_length_5569_cov_187.496  	1	1955  	2031  	Ile	GAT	0	0	98.83	72.69	26.14	
NODE_42_length_5569_cov_187.496  	2	2060  	2135  	Ala	TGC	0	0	90.68	71.56	19.12	
NODE_46_length_3292_cov_45.8035  	1	521   	437   	Tyr	GTA	0	0	71.07	41.76	29.31	
NODE_46_length_3292_cov_45.8035  	2	410   	337   	Gly	TCC	0	0	82.75	60.87	21.88	
NODE_46_length_3292_cov_45.8035  	3	317   	242   	Thr	GGT	0	0	93.76	67.73	26.03	
