Sequence                         		tRNA  	Bounds	tRNA	Anti	Intron Bounds	Cove	HMM	2'Str	      
Name                             	tRNA #	Begin 	End   	Type	Codon	Begin	End	Score	Score	Score	Note
--------                         	------	----- 	------	----	-----	-----	----	------	-----	-----	------
NODE_1_length_509812_cov_41.0887 	1	507100	507176	Arg	CCT	0	0	83.71	58.51	25.20	
NODE_1_length_509812_cov_41.0887 	2	28384 	28298 	Leu	CAA	0	0	69.99	38.33	31.66	
NODE_2_length_506703_cov_42.6065 	1	270847	270933	Leu	CAG	0	0	73.96	38.54	35.42	
NODE_2_length_506703_cov_42.6065 	2	271063	271149	Leu	CAG	0	0	73.96	38.54	35.42	
NODE_2_length_506703_cov_42.6065 	3	117177	117086	SeC	TCA	0	0	55.75	-18.51	74.26	
NODE_2_length_506703_cov_42.6065 	4	62986 	62901 	Leu	GAG	0	0	68.53	39.16	29.37	
NODE_2_length_506703_cov_42.6065 	5	62810 	62734 	Met	CAT	0	0	85.85	60.06	25.79	
NODE_3_length_432577_cov_41.6029 	1	404787	404698	Ser	CGA	0	0	68.31	24.88	43.43	
NODE_4_length_428084_cov_41.5588 	1	60902 	60977 	Ala	GGC	0	0	86.95	68.86	18.09	
NODE_4_length_428084_cov_41.5588 	2	61026 	61101 	Glu	TTC	0	0	66.40	38.20	28.20	
NODE_4_length_428084_cov_41.5588 	3	61195 	61270 	Ala	GGC	0	0	86.95	68.86	18.09	
NODE_4_length_428084_cov_41.5588 	4	61317 	61392 	Glu	TTC	0	0	66.40	38.20	28.20	
NODE_4_length_428084_cov_41.5588 	5	100299	100374	Val	TAC	0	0	94.49	73.68	20.81	
NODE_4_length_428084_cov_41.5588 	6	100391	100467	Asp	GTC	0	0	94.67	75.49	19.18	
NODE_4_length_428084_cov_41.5588 	7	100582	100658	Asp	GTC	0	0	94.67	75.49	19.18	
NODE_4_length_428084_cov_41.5588 	8	402215	402290	Glu	TTC	0	0	66.40	38.20	28.20	
NODE_4_length_428084_cov_41.5588 	9	402293	402368	Gly	GCC	0	0	93.74	68.41	25.33	
NODE_4_length_428084_cov_41.5588 	10	402453	402528	Gly	GCC	0	0	93.74	68.41	25.33	
NODE_4_length_428084_cov_41.5588 	11	369717	369628	Ser	GGA	0	0	71.75	34.38	37.37	
NODE_4_length_428084_cov_41.5588 	12	180921	180845	Pro	CGG	0	0	88.20	60.26	27.94	
NODE_4_length_428084_cov_41.5588 	13	52103 	52028 	Asn	GTT	0	0	91.73	62.08	29.65	
NODE_5_length_233176_cov_43.7263 	1	97205 	97281 	Met	CAT	0	0	92.87	71.40	21.47	
NODE_7_length_220254_cov_41.7065 	1	141557	141646	Ser	TGA	0	0	68.83	34.50	34.33	
NODE_7_length_220254_cov_41.7065 	2	214654	214729	Gly	GCC	0	0	93.74	68.41	25.33	
NODE_11_length_180711_cov_42.4067	1	122479	122552	Gly	CCC	0	0	60.35	30.06	30.29	
NODE_13_length_173903_cov_41.4184	1	120394	120470	Arg	TCT	0	0	96.39	77.88	18.51	
NODE_13_length_173903_cov_41.4184	2	120522	120597	His	GTG	0	0	83.51	64.18	19.33	
NODE_13_length_173903_cov_41.4184	3	120652	120736	Leu	TAG	0	0	76.62	44.97	31.65	
NODE_13_length_173903_cov_41.4184	4	150212	150287	Gly	TCC	0	0	82.79	56.37	26.42	
NODE_13_length_173903_cov_41.4184	5	150300	150374	Asn	GTT	0	0	76.95	53.18	23.77	
NODE_13_length_173903_cov_41.4184	6	150379	150454	Thr	TGT	0	0	66.30	53.45	12.85	
NODE_15_length_164502_cov_42.9157	1	140842	140767	Phe	GAA	0	0	92.69	68.52	24.17	
NODE_15_length_164502_cov_42.9157	2	129437	129362	Thr	TGT	0	0	93.66	75.64	18.02	
NODE_16_length_147671_cov_42.8205	1	100330	100406	Val	GAC	0	0	93.19	67.81	25.38	
NODE_16_length_147671_cov_42.8205	2	134472	134548	Pro	GGG	0	0	74.89	48.01	26.88	
NODE_17_length_145125_cov_41.8659	1	37697 	37773 	Met	CAT	0	0	85.06	58.55	26.51	
NODE_17_length_145125_cov_41.8659	2	143918	143990	Leu	GAG	0	0	20.84	19.28	1.56	
NODE_17_length_145125_cov_41.8659	3	54240 	54150 	Ser	GCT	0	0	76.69	47.10	29.59	
NODE_17_length_145125_cov_41.8659	4	54032 	53956 	Arg	ACG	0	0	83.50	58.05	25.45	
NODE_17_length_145125_cov_41.8659	5	53844 	53768 	Arg	ACG	0	0	83.50	58.05	25.45	
NODE_21_length_124595_cov_41.1938	1	14393 	14466 	Cys	GCA	0	0	62.38	45.73	16.65	
NODE_21_length_124595_cov_41.1938	2	27016 	27102 	Leu	TAA	0	0	76.64	42.32	34.32	
NODE_22_length_120450_cov_41.7558	1	102391	102316	Thr	CGT	0	0	90.98	74.93	16.05	
NODE_23_length_119058_cov_41.0764	1	45207 	45282 	Val	TAC	0	0	94.49	73.68	20.81	
NODE_23_length_119058_cov_41.0764	2	45299 	45375 	Asp	GTC	0	0	94.67	75.49	19.18	
NODE_26_length_104474_cov_42.8518	1	47959 	48032 	Arg	ACG	0	0	52.72	27.21	25.51	
NODE_26_length_104474_cov_42.8518	2	4043  	3968  	Asn	GTT	0	0	91.73	62.08	29.65	
NODE_26_length_104474_cov_42.8518	3	3958  	3882  	Pro	TGG	0	0	87.63	64.60	23.03	
NODE_26_length_104474_cov_42.8518	4	3871  	3796  	Lys	TTT	0	0	95.07	71.82	23.25	
NODE_27_length_93830_cov_41.1284 	1	1707  	1782  	His	GTG	0	0	83.51	64.18	19.33	
NODE_27_length_93830_cov_41.1284 	2	13067 	13143 	Asp	GTC	0	0	95.34	76.86	18.48	
NODE_28_length_85719_cov_42.7469 	1	1079  	1153  	Arg	CCT	0	0	69.69	51.80	17.89	
NODE_31_length_75282_cov_42.1037 	1	49356 	49430 	Gln	TTG	0	0	66.82	40.36	26.46	
NODE_31_length_75282_cov_42.1037 	2	53104 	53180 	Met	CAT	0	0	87.19	64.42	22.77	
NODE_32_length_65023_cov_43.4677 	1	64251 	64176 	Trp	CCA	0	0	86.73	63.05	23.68	
NODE_43_length_35853_cov_43.748  	1	34640 	34716 	Arg	CCG	0	0	87.81	66.55	21.26	
NODE_53_length_18990_cov_43.6006 	1	3881  	3806  	Lys	TTT	0	0	95.07	71.82	23.25	
NODE_65_length_5402_cov_206.815  	1	1822  	1898  	Ile	GAT	0	0	98.83	72.69	26.14	
NODE_65_length_5402_cov_206.815  	2	1927  	2002  	Ala	TGC	0	0	90.68	71.56	19.12	
NODE_74_length_3774_cov_47.1862  	1	968   	884   	Tyr	GTA	0	0	71.07	41.76	29.31	
NODE_74_length_3774_cov_47.1862  	2	857   	784   	Gly	TCC	0	0	82.75	60.87	21.88	
NODE_74_length_3774_cov_47.1862  	3	764   	689   	Thr	GGT	0	0	93.76	67.73	26.03	
