Sequence                         		tRNA   	Bounds 	tRNA	Anti	Intron Bounds	Cove	HMM	2'Str	      
Name                             	tRNA #	Begin  	End    	Type	Codon	Begin	End	Score	Score	Score	Note
--------                         	------	-----  	------ 	----	-----	-----	----	------	-----	-----	------
NODE_1_length_1366829_cov_65.632 	1	282198 	282288 	Ser	GCT	0	0	76.69	47.10	29.59	
NODE_1_length_1366829_cov_65.632 	2	282406 	282482 	Arg	ACG	0	0	83.50	58.05	25.45	
NODE_1_length_1366829_cov_65.632 	3	282594 	282670 	Arg	ACG	0	0	83.50	58.05	25.45	
NODE_1_length_1366829_cov_65.632 	4	351286 	351361 	Lys	TTT	0	0	95.07	71.82	23.25	
NODE_1_length_1366829_cov_65.632 	5	378829 	378918 	Ser	CGA	0	0	68.31	24.88	43.43	
NODE_1_length_1366829_cov_65.632 	6	1241947	1242023	Arg	TCT	0	0	96.39	77.88	18.51	
NODE_1_length_1366829_cov_65.632 	7	1242075	1242150	His	GTG	0	0	83.51	64.18	19.33	
NODE_1_length_1366829_cov_65.632 	8	1242205	1242289	Leu	TAG	0	0	76.62	44.97	31.65	
NODE_1_length_1366829_cov_65.632 	9	1242356	1242431	His	GTG	0	0	83.51	64.18	19.33	
NODE_1_length_1366829_cov_65.632 	10	1253710	1253786	Asp	GTC	0	0	95.34	76.86	18.48	
NODE_1_length_1366829_cov_65.632 	11	298741 	298665 	Met	CAT	0	0	85.06	58.55	26.51	
NODE_1_length_1366829_cov_65.632 	12	192531 	192459 	Leu	GAG	0	0	20.84	19.28	1.56	
NODE_1_length_1366829_cov_65.632 	13	58313  	58240  	Gly	CCC	0	0	60.35	30.06	30.29	
NODE_2_length_699110_cov_65.3537 	1	486675 	486761 	Leu	CAA	0	0	69.99	38.33	31.66	
NODE_2_length_699110_cov_65.3537 	2	2786   	2710   	Arg	CCT	0	0	83.71	58.51	25.20	
NODE_3_length_499868_cov_68.6291 	1	34547  	34623  	Arg	CCG	0	0	87.81	66.55	21.26	
NODE_4_length_477533_cov_65.2029 	1	53176  	53251  	Ala	GGC	0	0	86.95	68.86	18.09	
NODE_4_length_477533_cov_65.2029 	2	53300  	53375  	Glu	TTC	0	0	66.40	38.20	28.20	
NODE_4_length_477533_cov_65.2029 	3	53469  	53544  	Ala	GGC	0	0	86.95	68.86	18.09	
NODE_4_length_477533_cov_65.2029 	4	53591  	53666  	Glu	TTC	0	0	66.40	38.20	28.20	
NODE_4_length_477533_cov_65.2029 	5	92561  	92636  	Val	TAC	0	0	94.49	73.68	20.81	
NODE_4_length_477533_cov_65.2029 	6	92653  	92729  	Asp	GTC	0	0	94.67	75.49	19.18	
NODE_4_length_477533_cov_65.2029 	7	92844  	92920  	Asp	GTC	0	0	94.67	75.49	19.18	
NODE_4_length_477533_cov_65.2029 	8	392345 	392420 	Glu	TTC	0	0	66.40	38.20	28.20	
NODE_4_length_477533_cov_65.2029 	9	392423 	392498 	Gly	GCC	0	0	93.74	68.41	25.33	
NODE_4_length_477533_cov_65.2029 	10	392583 	392658 	Gly	GCC	0	0	93.74	68.41	25.33	
NODE_4_length_477533_cov_65.2029 	11	441237 	441313 	Val	GAC	0	0	93.19	67.81	25.38	
NODE_4_length_477533_cov_65.2029 	12	475078 	475154 	Pro	GGG	0	0	74.89	48.01	26.88	
NODE_4_length_477533_cov_65.2029 	13	359841 	359752 	Ser	GGA	0	0	71.75	34.38	37.37	
NODE_4_length_477533_cov_65.2029 	14	171051 	170975 	Pro	CGG	0	0	88.20	60.26	27.94	
NODE_4_length_477533_cov_65.2029 	15	44377  	44302  	Asn	GTT	0	0	91.73	62.08	29.65	
NODE_5_length_454906_cov_65.78   	1	337663 	337754 	SeC	TCA	0	0	55.75	-18.51	74.26	
NODE_5_length_454906_cov_65.78   	2	392035 	392120 	Leu	GAG	0	0	68.53	39.16	29.37	
NODE_5_length_454906_cov_65.78   	3	392211 	392287 	Met	CAT	0	0	85.85	60.06	25.79	
NODE_5_length_454906_cov_65.78   	4	184689 	184603 	Leu	CAG	0	0	73.96	38.54	35.42	
NODE_5_length_454906_cov_65.78   	5	184473 	184387 	Leu	CAG	0	0	73.96	38.54	35.42	
NODE_6_length_430647_cov_64.5315 	1	298513 	298586 	Arg	ACG	0	0	52.72	27.21	25.51	
NODE_6_length_430647_cov_64.5315 	2	404756 	404830 	Gln	TTG	0	0	66.82	40.36	26.46	
NODE_6_length_430647_cov_64.5315 	3	408504 	408580 	Met	CAT	0	0	87.19	64.42	22.77	
NODE_6_length_430647_cov_64.5315 	4	254606 	254531 	Asn	GTT	0	0	91.73	62.08	29.65	
NODE_6_length_430647_cov_64.5315 	5	254521 	254445 	Pro	TGG	0	0	87.63	64.60	23.03	
NODE_6_length_430647_cov_64.5315 	6	254434 	254359 	Lys	TTT	0	0	95.07	71.82	23.25	
NODE_6_length_430647_cov_64.5315 	7	236553 	236478 	Thr	CGT	0	0	90.98	74.93	16.05	
NODE_7_length_401022_cov_67.1667 	1	251782 	251693 	Ser	TGA	0	0	72.70	38.95	33.75	
NODE_7_length_401022_cov_67.1667 	2	195658 	195583 	Gly	GCC	0	0	93.74	68.41	25.33	
NODE_7_length_401022_cov_67.1667 	3	191035 	190962 	Cys	GCA	0	0	62.38	45.73	16.65	
NODE_7_length_401022_cov_67.1667 	4	128468 	128382 	Leu	TAA	0	0	76.64	42.32	34.32	
NODE_8_length_383377_cov_66.8817 	1	89733  	89809  	Met	CAT	0	0	92.87	71.40	21.47	
NODE_12_length_205108_cov_65.3921	1	131183 	131258 	Val	TAC	0	0	94.49	73.68	20.81	
NODE_12_length_205108_cov_65.3921	2	131275 	131351 	Asp	GTC	0	0	94.67	75.49	19.18	
NODE_14_length_107137_cov_66.6573	1	34883  	34808  	Phe	GAA	0	0	92.69	68.52	24.17	
NODE_14_length_107137_cov_66.6573	2	5963   	5888   	Thr	TGT	0	0	95.98	77.96	18.02	
NODE_16_length_65307_cov_68.2588 	1	1016   	1091   	Trp	CCA	0	0	86.73	63.05	23.68	
NODE_23_length_5423_cov_258.587  	1	3489   	3413   	Ile	GAT	0	0	98.83	72.69	26.14	
NODE_23_length_5423_cov_258.587  	2	3384   	3309   	Ala	TGC	0	0	90.68	71.56	19.12	
NODE_25_length_3622_cov_60.9783  	1	2898   	2982   	Tyr	GTA	0	0	71.07	41.76	29.31	
NODE_25_length_3622_cov_60.9783  	2	3009   	3082   	Gly	TCC	0	0	82.75	60.87	21.88	
NODE_25_length_3622_cov_60.9783  	3	3102   	3177   	Thr	GGT	0	0	93.76	67.73	26.03	
