Sequence                          		tRNA   	Bounds 	tRNA	Anti	Intron Bounds	Cove	HMM	2'Str	      
Name                              	tRNA #	Begin  	End    	Type	Codon	Begin	End	Score	Score	Score	Note
--------                          	------	-----  	------ 	----	-----	-----	----	------	-----	-----	------
NODE_1_length_1412930_cov_77.3249 	1	348123 	348213 	Ser	GCT	0	0	76.69	47.10	29.59	
NODE_1_length_1412930_cov_77.3249 	2	348331 	348407 	Arg	ACG	0	0	83.50	58.05	25.45	
NODE_1_length_1412930_cov_77.3249 	3	348519 	348595 	Arg	ACG	0	0	83.50	58.05	25.45	
NODE_1_length_1412930_cov_77.3249 	4	417224 	417299 	Lys	TTT	0	0	95.07	71.82	23.25	
NODE_1_length_1412930_cov_77.3249 	5	447547 	447636 	Ser	CGA	0	0	68.31	24.88	43.43	
NODE_1_length_1412930_cov_77.3249 	6	1286167	1286243	Arg	TCT	0	0	96.39	77.88	18.51	
NODE_1_length_1412930_cov_77.3249 	7	1286295	1286370	His	GTG	0	0	83.51	64.18	19.33	
NODE_1_length_1412930_cov_77.3249 	8	1286425	1286509	Leu	TAG	0	0	76.62	44.97	31.65	
NODE_1_length_1412930_cov_77.3249 	9	1286576	1286651	His	GTG	0	0	83.51	64.18	19.33	
NODE_1_length_1412930_cov_77.3249 	10	1297929	1298005	Asp	GTC	0	0	95.34	76.86	18.48	
NODE_1_length_1412930_cov_77.3249 	11	364669 	364593 	Met	CAT	0	0	85.06	58.55	26.51	
NODE_1_length_1412930_cov_77.3249 	12	258444 	258372 	Leu	GAG	0	0	20.84	19.28	1.56	
NODE_1_length_1412930_cov_77.3249 	13	154076 	154003 	Gly	CCC	0	0	60.35	30.06	30.29	
NODE_2_length_1108004_cov_74.7379 	1	55895  	55970  	Ala	GGC	0	0	86.95	68.86	18.09	
NODE_2_length_1108004_cov_74.7379 	2	56019  	56094  	Glu	TTC	0	0	66.40	38.20	28.20	
NODE_2_length_1108004_cov_74.7379 	3	56188  	56263  	Ala	GGC	0	0	86.95	68.86	18.09	
NODE_2_length_1108004_cov_74.7379 	4	56310  	56385  	Glu	TTC	0	0	66.40	38.20	28.20	
NODE_2_length_1108004_cov_74.7379 	5	95297  	95372  	Val	TAC	0	0	94.49	73.68	20.81	
NODE_2_length_1108004_cov_74.7379 	6	95389  	95465  	Asp	GTC	0	0	94.67	75.49	19.18	
NODE_2_length_1108004_cov_74.7379 	7	95580  	95656  	Asp	GTC	0	0	94.67	75.49	19.18	
NODE_2_length_1108004_cov_74.7379 	8	400371 	400446 	Glu	TTC	0	0	66.40	38.20	28.20	
NODE_2_length_1108004_cov_74.7379 	9	400449 	400524 	Gly	GCC	0	0	93.74	68.41	25.33	
NODE_2_length_1108004_cov_74.7379 	10	559426 	559502 	Val	GAC	0	0	93.19	67.81	25.38	
NODE_2_length_1108004_cov_74.7379 	11	592700 	592776 	Pro	GGG	0	0	74.89	48.01	26.88	
NODE_2_length_1108004_cov_74.7379 	12	765556 	765645 	Ser	TGA	0	0	72.70	38.95	33.75	
NODE_2_length_1108004_cov_74.7379 	13	821683 	821758 	Gly	GCC	0	0	93.74	68.41	25.33	
NODE_2_length_1108004_cov_74.7379 	14	947720 	947793 	Cys	GCA	0	0	62.38	45.73	16.65	
NODE_2_length_1108004_cov_74.7379 	15	960345 	960431 	Leu	TAA	0	0	76.64	42.32	34.32	
NODE_2_length_1108004_cov_74.7379 	16	367872 	367783 	Ser	GGA	0	0	71.75	34.38	37.37	
NODE_2_length_1108004_cov_74.7379 	17	179102 	179026 	Pro	CGG	0	0	88.20	60.26	27.94	
NODE_2_length_1108004_cov_74.7379 	18	47096  	47021  	Asn	GTT	0	0	91.73	62.08	29.65	
NODE_3_length_925256_cov_86.9991  	1	77669  	77745  	Met	CAT	0	0	92.87	71.40	21.47	
NODE_3_length_925256_cov_86.9991  	2	410702 	410778 	Arg	CCG	0	0	90.57	71.58	18.99	
NODE_4_length_837428_cov_87.4599  	1	309122 	309208 	Leu	CAG	0	0	73.96	38.54	35.42	
NODE_4_length_837428_cov_87.4599  	2	309338 	309424 	Leu	CAG	0	0	73.96	38.54	35.42	
NODE_4_length_837428_cov_87.4599  	3	566909 	566984 	Phe	GAA	0	0	92.69	68.52	24.17	
NODE_4_length_837428_cov_87.4599  	4	578318 	578393 	Thr	TGT	0	0	93.66	75.64	18.02	
NODE_4_length_837428_cov_87.4599  	5	116915 	116824 	SeC	TCA	0	0	55.75	-18.51	74.26	
NODE_4_length_837428_cov_87.4599  	6	62900  	62815  	Leu	GAG	0	0	68.53	39.16	29.37	
NODE_4_length_837428_cov_87.4599  	7	62724  	62648  	Met	CAT	0	0	85.85	60.06	25.79	
NODE_5_length_580034_cov_85.3249  	1	214830 	214744 	Leu	CAA	0	0	69.99	38.33	31.66	
NODE_6_length_534263_cov_81.5577  	1	191686 	191761 	Asn	GTT	0	0	91.73	62.08	29.65	
NODE_6_length_534263_cov_81.5577  	2	191771 	191847 	Pro	TGG	0	0	87.63	64.60	23.03	
NODE_6_length_534263_cov_81.5577  	3	191858 	191933 	Lys	TTT	0	0	95.07	71.82	23.25	
NODE_6_length_534263_cov_81.5577  	4	299133 	299208 	Thr	CGT	0	0	90.98	74.93	16.05	
NODE_6_length_534263_cov_81.5577  	5	147772 	147699 	Arg	ACG	0	0	52.72	27.21	25.51	
NODE_6_length_534263_cov_81.5577  	6	39014  	38940  	Gln	TTG	0	0	66.82	40.36	26.46	
NODE_6_length_534263_cov_81.5577  	7	35266  	35190  	Met	CAT	0	0	87.19	64.42	22.77	
NODE_8_length_209589_cov_83.0135  	1	119045 	119121 	Arg	CCT	0	0	83.71	58.51	25.20	
NODE_11_length_115206_cov_81.1537 	1	79003  	78928  	Val	TAC	0	0	94.49	73.68	20.81	
NODE_11_length_115206_cov_81.1537 	2	78911  	78835  	Asp	GTC	0	0	94.67	75.49	19.18	
NODE_13_length_65443_cov_88.6434  	1	1220   	1295   	Trp	CCA	0	0	86.73	63.05	23.68	
NODE_19_length_5495_cov_228.74    	1	3582   	3506   	Ile	GAT	0	0	98.83	72.69	26.14	
NODE_19_length_5495_cov_228.74    	2	3477   	3402   	Ala	TGC	0	0	90.68	71.56	19.12	
NODE_21_length_3327_cov_72.3059   	1	2807   	2891   	Tyr	GTA	0	0	71.07	41.76	29.31	
NODE_21_length_3327_cov_72.3059   	2	2918   	2991   	Gly	TCC	0	0	82.75	60.87	21.88	
NODE_21_length_3327_cov_72.3059   	3	3011   	3086   	Thr	GGT	0	0	93.76	67.73	26.03	
