Sequence                         		tRNA  	Bounds	tRNA	Anti	Intron Bounds	Cove	HMM	2'Str	      
Name                             	tRNA #	Begin 	End   	Type	Codon	Begin	End	Score	Score	Score	Note
--------                         	------	----- 	------	----	-----	-----	----	------	-----	-----	------
NODE_1_length_887604_cov_69.8382 	1	700865	700951	Leu	CAA	0	0	69.99	38.33	31.66	
NODE_1_length_887604_cov_69.8382 	2	201886	201810	Arg	CCT	0	0	83.71	58.51	25.20	
NODE_1_length_887604_cov_69.8382 	3	74049 	73974 	Val	TAC	0	0	94.49	73.68	20.81	
NODE_1_length_887604_cov_69.8382 	4	73957 	73881 	Asp	GTC	0	0	94.67	75.49	19.18	
NODE_2_length_547406_cov_63.3152 	1	22232 	22321 	Ser	CGA	0	0	68.31	24.88	43.43	
NODE_3_length_539275_cov_66.1826 	1	270733	270819	Leu	CAG	0	0	73.96	38.54	35.42	
NODE_3_length_539275_cov_66.1826 	2	270949	271035	Leu	CAG	0	0	73.96	38.54	35.42	
NODE_3_length_539275_cov_66.1826 	3	525758	525833	Phe	GAA	0	0	92.69	68.52	24.17	
NODE_3_length_539275_cov_66.1826 	4	117167	117076	SeC	TCA	0	0	55.75	-18.51	74.26	
NODE_3_length_539275_cov_66.1826 	5	62920 	62835 	Leu	GAG	0	0	68.53	39.16	29.37	
NODE_3_length_539275_cov_66.1826 	6	62744 	62668 	Met	CAT	0	0	85.85	60.06	25.79	
NODE_4_length_534279_cov_60.9316 	1	180447	180371	Arg	TCT	0	0	96.39	77.88	18.51	
NODE_4_length_534279_cov_60.9316 	2	180319	180244	His	GTG	0	0	83.51	64.18	19.33	
NODE_4_length_534279_cov_60.9316 	3	180189	180105	Leu	TAG	0	0	76.62	44.97	31.65	
NODE_4_length_534279_cov_60.9316 	4	151349	151274	Met	CAT	0	0	60.05	34.98	25.07	
NODE_4_length_534279_cov_60.9316 	5	150976	150901	Gly	TCC	0	0	80.42	54.00	26.42	
NODE_4_length_534279_cov_60.9316 	6	150888	150814	Asn	GTT	0	0	76.95	53.18	23.77	
NODE_4_length_534279_cov_60.9316 	7	150809	150734	Thr	TGT	0	0	74.27	61.42	12.85	
NODE_4_length_534279_cov_60.9316 	8	123613	123538	His	GTG	0	0	83.51	64.18	19.33	
NODE_4_length_534279_cov_60.9316 	9	112248	112172	Asp	GTC	0	0	95.34	76.86	18.48	
NODE_5_length_479890_cov_64.0121 	1	115172	115261	Ser	GGA	0	0	71.75	34.38	37.37	
NODE_5_length_479890_cov_64.0121 	2	303961	304037	Pro	CGG	0	0	88.20	60.26	27.94	
NODE_5_length_479890_cov_64.0121 	3	432788	432863	Asn	GTT	0	0	91.73	62.08	29.65	
NODE_5_length_479890_cov_64.0121 	4	423989	423914	Ala	GGC	0	0	86.95	68.86	18.09	
NODE_5_length_479890_cov_64.0121 	5	423865	423790	Glu	TTC	0	0	66.40	38.20	28.20	
NODE_5_length_479890_cov_64.0121 	6	423696	423621	Ala	GGC	0	0	86.95	68.86	18.09	
NODE_5_length_479890_cov_64.0121 	7	423574	423499	Glu	TTC	0	0	66.40	38.20	28.20	
NODE_5_length_479890_cov_64.0121 	8	384592	384517	Val	TAC	0	0	94.49	73.68	20.81	
NODE_5_length_479890_cov_64.0121 	9	384500	384424	Asp	GTC	0	0	94.67	75.49	19.18	
NODE_5_length_479890_cov_64.0121 	10	384309	384233	Asp	GTC	0	0	94.67	75.49	19.18	
NODE_5_length_479890_cov_64.0121 	11	82708 	82633 	Glu	TTC	0	0	66.40	38.20	28.20	
NODE_5_length_479890_cov_64.0121 	12	82630 	82555 	Gly	GCC	0	0	93.74	68.41	25.33	
NODE_5_length_479890_cov_64.0121 	13	82470 	82395 	Gly	GCC	0	0	93.74	68.41	25.33	
NODE_5_length_479890_cov_64.0121 	14	35226 	35150 	Val	GAC	0	0	93.19	67.81	25.38	
NODE_5_length_479890_cov_64.0121 	15	1088  	1012  	Pro	GGG	0	0	74.89	48.01	26.88	
NODE_6_length_431489_cov_64.6096 	1	288918	288829	Ser	TGA	0	0	72.70	38.95	33.75	
NODE_6_length_431489_cov_64.6096 	2	264542	264467	Gly	GCC	0	0	93.74	68.41	25.33	
NODE_6_length_431489_cov_64.6096 	3	138213	138140	Cys	GCA	0	0	62.38	45.73	16.65	
NODE_6_length_431489_cov_64.6096 	4	125590	125504	Leu	TAA	0	0	76.64	42.32	34.32	
NODE_7_length_396631_cov_63.7233 	1	102139	102214	Asn	GTT	0	0	91.73	62.08	29.65	
NODE_7_length_396631_cov_63.7233 	2	102224	102300	Pro	TGG	0	0	87.63	64.60	23.03	
NODE_7_length_396631_cov_63.7233 	3	102311	102386	Lys	TTT	0	0	95.07	71.82	23.25	
NODE_7_length_396631_cov_63.7233 	4	121531	121606	Thr	CGT	0	0	90.98	74.93	16.05	
NODE_7_length_396631_cov_63.7233 	5	58224 	58151 	Arg	ACG	0	0	52.72	27.21	25.51	
NODE_8_length_378731_cov_67.3628 	1	85145 	85221 	Met	CAT	0	0	92.87	71.40	21.47	
NODE_9_length_275803_cov_62.0984 	1	195650	195740	Ser	GCT	0	0	76.69	47.10	29.59	
NODE_9_length_275803_cov_62.0984 	2	195858	195934	Arg	ACG	0	0	83.50	58.05	25.45	
NODE_9_length_275803_cov_62.0984 	3	196046	196122	Arg	ACG	0	0	83.50	58.05	25.45	
NODE_9_length_275803_cov_62.0984 	4	264743	264818	Lys	TTT	0	0	95.07	71.82	23.25	
NODE_9_length_275803_cov_62.0984 	5	212194	212118	Met	CAT	0	0	85.06	58.55	26.51	
NODE_9_length_275803_cov_62.0984 	6	105991	105919	Leu	GAG	0	0	20.84	19.28	1.56	
NODE_9_length_275803_cov_62.0984 	7	2116  	2043  	Gly	CCC	0	0	60.35	30.06	30.29	
NODE_20_length_65438_cov_70.8253 	1	64250 	64175 	Trp	CCA	0	0	86.73	63.05	23.68	
NODE_26_length_35917_cov_67.7083 	1	1283  	1207  	Arg	CCG	0	0	87.81	66.55	21.26	
NODE_28_length_35791_cov_65.0631 	1	22240 	22166 	Gln	TTG	0	0	66.82	40.36	26.46	
NODE_28_length_35791_cov_65.0631 	2	18491 	18415 	Met	CAT	0	0	87.19	64.42	22.77	
NODE_30_length_16923_cov_61.4312 	1	3597  	3522  	Thr	TGT	0	0	93.66	75.64	18.02	
NODE_34_length_5480_cov_185.867  	1	1894  	1970  	Ile	GAT	0	0	98.83	72.69	26.14	
NODE_34_length_5480_cov_185.867  	2	1999  	2074  	Ala	TGC	0	0	90.68	71.56	19.12	
NODE_42_length_3352_cov_54.3464  	1	552   	468   	Tyr	GTA	0	0	71.07	41.76	29.31	
NODE_42_length_3352_cov_54.3464  	2	441   	368   	Gly	TCC	0	0	82.75	60.87	21.88	
NODE_42_length_3352_cov_54.3464  	3	348   	273   	Thr	GGT	0	0	93.76	67.73	26.03	
