Sequence                         		tRNA  	Bounds	tRNA	Anti	Intron Bounds	Cove	HMM	2'Str	      
Name                             	tRNA #	Begin 	End   	Type	Codon	Begin	End	Score	Score	Score	Note
--------                         	------	----- 	------	----	-----	-----	----	------	-----	-----	------
NODE_1_length_672077_cov_77.6423 	1	481257	481333	Arg	TCT	0	0	96.39	77.88	18.51	
NODE_1_length_672077_cov_77.6423 	2	481385	481460	His	GTG	0	0	83.51	64.18	19.33	
NODE_1_length_672077_cov_77.6423 	3	481515	481599	Leu	TAG	0	0	76.62	44.97	31.65	
NODE_1_length_672077_cov_77.6423 	4	545749	545824	His	GTG	0	0	83.51	64.18	19.33	
NODE_1_length_672077_cov_77.6423 	5	557103	557179	Asp	GTC	0	0	95.34	76.86	18.48	
NODE_2_length_544782_cov_92.8759 	1	34610 	34686 	Arg	CCG	0	0	87.81	66.55	21.26	
NODE_3_length_451662_cov_86.6926 	1	237983	238059	Met	CAT	0	0	85.06	58.55	26.51	
NODE_3_length_451662_cov_86.6926 	2	344096	344168	Leu	GAG	0	0	20.84	19.28	1.56	
NODE_3_length_451662_cov_86.6926 	3	448574	448647	Gly	CCC	0	0	60.35	30.06	30.29	
NODE_3_length_451662_cov_86.6926 	4	254527	254437	Ser	GCT	0	0	76.69	47.10	29.59	
NODE_3_length_451662_cov_86.6926 	5	254319	254243	Arg	ACG	0	0	83.50	58.05	25.45	
NODE_3_length_451662_cov_86.6926 	6	254131	254055	Arg	ACG	0	0	83.50	58.05	25.45	
NODE_3_length_451662_cov_86.6926 	7	185410	185335	Lys	TTT	0	0	95.07	71.82	23.25	
NODE_3_length_451662_cov_86.6926 	8	154418	154329	Ser	CGA	0	0	68.31	24.88	43.43	
NODE_4_length_449284_cov_89.1641 	1	43714 	43628 	Leu	CAA	0	0	69.99	38.33	31.66	
NODE_5_length_424025_cov_90.7171 	1	235197	235272	Phe	GAA	0	0	92.69	68.52	24.17	
NODE_5_length_424025_cov_90.7171 	2	246606	246681	Thr	TGT	0	0	93.66	75.64	18.02	
NODE_6_length_383402_cov_91.9209 	1	291825	291749	Met	CAT	0	0	92.87	71.40	21.47	
NODE_7_length_379721_cov_80.8927 	1	188836	188912	Pro	CGG	0	0	88.20	60.26	27.94	
NODE_7_length_379721_cov_80.8927 	2	332623	332698	Asn	GTT	0	0	91.73	62.08	29.65	
NODE_7_length_379721_cov_80.8927 	3	323824	323749	Ala	GGC	0	0	86.95	68.86	18.09	
NODE_7_length_379721_cov_80.8927 	4	323700	323625	Glu	TTC	0	0	66.40	38.20	28.20	
NODE_7_length_379721_cov_80.8927 	5	323531	323456	Ala	GGC	0	0	86.95	68.86	18.09	
NODE_7_length_379721_cov_80.8927 	6	323409	323334	Glu	TTC	0	0	66.40	38.20	28.20	
NODE_7_length_379721_cov_80.8927 	7	284418	284343	Val	TAC	0	0	94.49	73.68	20.81	
NODE_7_length_379721_cov_80.8927 	8	284326	284250	Asp	GTC	0	0	94.67	75.49	19.18	
NODE_7_length_379721_cov_80.8927 	9	284135	284059	Asp	GTC	0	0	94.67	75.49	19.18	
NODE_9_length_243204_cov_88.8204 	1	113806	113879	Arg	ACG	0	0	52.72	27.21	25.51	
NODE_9_length_243204_cov_88.8204 	2	220978	221052	Gln	TTG	0	0	66.82	40.36	26.46	
NODE_9_length_243204_cov_88.8204 	3	224726	224802	Met	CAT	0	0	87.19	64.42	22.77	
NODE_9_length_243204_cov_88.8204 	4	69896 	69821 	Asn	GTT	0	0	91.73	62.08	29.65	
NODE_9_length_243204_cov_88.8204 	5	69811 	69735 	Pro	TGG	0	0	87.63	64.60	23.03	
NODE_9_length_243204_cov_88.8204 	6	69724 	69649 	Lys	TTT	0	0	95.07	71.82	23.25	
NODE_11_length_214765_cov_87.3731	1	119284	119358	Arg	CCT	0	0	69.71	45.21	24.50	
NODE_12_length_203201_cov_78.1339	1	59829 	59918 	Ser	TGA	0	0	72.70	38.95	33.75	
NODE_12_length_203201_cov_78.1339	2	84209 	84284 	Gly	GCC	0	0	93.74	68.41	25.33	
NODE_12_length_203201_cov_78.1339	3	90588 	90661 	Cys	GCA	0	0	62.38	45.73	16.65	
NODE_12_length_203201_cov_78.1339	4	103211	103297	Leu	TAA	0	0	76.64	42.32	34.32	
NODE_15_length_184435_cov_90.3029	1	116977	116886	SeC	TCA	0	0	55.75	-18.51	74.26	
NODE_15_length_184435_cov_90.3029	2	62670 	62585 	Leu	GAG	0	0	68.53	39.16	29.37	
NODE_15_length_184435_cov_90.3029	3	62494 	62418 	Met	CAT	0	0	85.85	60.06	25.79	
NODE_17_length_170012_cov_80.3064	1	83484 	83409 	Gly	GCC	0	0	93.74	68.41	25.33	
NODE_17_length_170012_cov_80.3064	2	36238 	36162 	Val	GAC	0	0	93.19	67.81	25.38	
NODE_17_length_170012_cov_80.3064	3	2100  	2024  	Pro	GGG	0	0	74.89	48.01	26.88	
NODE_20_length_115040_cov_85.5125	1	78986 	78911 	Val	TAC	0	0	94.49	73.68	20.81	
NODE_20_length_115040_cov_85.5125	2	78894 	78818 	Asp	GTC	0	0	94.67	75.49	19.18	
NODE_21_length_109921_cov_92.5138	1	87020 	87106 	Leu	CAG	0	0	73.96	38.54	35.42	
NODE_21_length_109921_cov_92.5138	2	87236 	87322 	Leu	CAG	0	0	73.96	38.54	35.42	
NODE_27_length_65507_cov_93.2379 	1	64288 	64213 	Trp	CCA	0	0	86.73	63.05	23.68	
NODE_30_length_49334_cov_80.1898 	1	16991 	16902 	Ser	GGA	0	0	71.75	34.38	37.37	
NODE_31_length_42339_cov_88.7073 	1	28642 	28717 	Thr	CGT	0	0	90.98	74.93	16.05	
NODE_39_length_9990_cov_71.6597  	1	9580  	9505  	Glu	TTC	0	0	66.40	38.20	28.20	
NODE_39_length_9990_cov_71.6597  	2	9502  	9427  	Gly	GCC	0	0	93.74	68.41	25.33	
NODE_43_length_5410_cov_270.843  	1	1805  	1881  	Ile	GAT	0	0	98.83	72.69	26.14	
NODE_43_length_5410_cov_270.843  	2	1910  	1985  	Ala	TGC	0	0	90.68	71.56	19.12	
NODE_50_length_3301_cov_74.5391  	1	521   	437   	Tyr	GTA	0	0	71.07	41.76	29.31	
NODE_50_length_3301_cov_74.5391  	2	410   	337   	Gly	TCC	0	0	82.75	60.87	21.88	
NODE_50_length_3301_cov_74.5391  	3	317   	242   	Thr	GGT	0	0	93.76	67.73	26.03	
