Sequence                         		tRNA  	Bounds	tRNA	Anti	Intron Bounds	Cove	HMM	2'Str	      
Name                             	tRNA #	Begin 	End   	Type	Codon	Begin	End	Score	Score	Score	Note
--------                         	------	----- 	------	----	-----	-----	----	------	-----	-----	------
NODE_1_length_569906_cov_73.0114 	1	390229	390305	Arg	TCT	0	0	96.39	77.88	18.51	
NODE_1_length_569906_cov_73.0114 	2	390357	390432	His	GTG	0	0	83.51	64.18	19.33	
NODE_1_length_569906_cov_73.0114 	3	390487	390571	Leu	TAG	0	0	76.62	44.97	31.65	
NODE_1_length_569906_cov_73.0114 	4	417476	417551	Met	CAT	0	0	60.05	34.98	25.07	
NODE_1_length_569906_cov_73.0114 	5	417853	417928	Gly	TCC	0	0	81.23	54.80	26.43	
NODE_1_length_569906_cov_73.0114 	6	417941	418015	Asn	GTT	0	0	76.95	53.18	23.77	
NODE_1_length_569906_cov_73.0114 	7	418020	418095	Thr	TGT	0	0	74.27	61.42	12.85	
NODE_1_length_569906_cov_73.0114 	8	445035	445110	His	GTG	0	0	83.51	64.18	19.33	
NODE_1_length_569906_cov_73.0114 	9	456400	456476	Asp	GTC	0	0	95.34	76.86	18.48	
NODE_2_length_519452_cov_67.5695 	1	486010	486096	Leu	CAA	0	0	69.99	38.33	31.66	
NODE_2_length_519452_cov_67.5695 	2	2017  	1941  	Arg	CCT	0	0	83.71	58.51	25.20	
NODE_3_length_500184_cov_79.2669 	1	27693 	27782 	Ser	CGA	0	0	68.31	24.88	43.43	
NODE_4_length_422237_cov_89.3654 	1	119940	120015	Phe	GAA	0	0	92.69	68.52	24.17	
NODE_4_length_422237_cov_89.3654 	2	146178	146252	Undet	NNN	0	0	23.83	22.17	1.66	
NODE_4_length_422237_cov_89.3654 	3	157587	157662	Thr	TGT	0	0	93.66	75.64	18.02	
NODE_5_length_412817_cov_85.8455 	1	275099	275185	Leu	CAG	0	0	73.96	38.54	35.42	
NODE_5_length_412817_cov_85.8455 	2	275315	275401	Leu	CAG	0	0	73.96	38.54	35.42	
NODE_5_length_412817_cov_85.8455 	3	116777	116686	SeC	TCA	0	0	55.75	-18.51	74.26	
NODE_5_length_412817_cov_85.8455 	4	62835 	62750 	Leu	GAG	0	0	68.53	39.16	29.37	
NODE_5_length_412817_cov_85.8455 	5	62659 	62583 	Met	CAT	0	0	85.85	60.06	25.79	
NODE_6_length_404119_cov_60.0181 	1	42090 	42179 	Ser	GGA	0	0	71.75	34.38	37.37	
NODE_6_length_404119_cov_60.0181 	2	230832	230908	Pro	CGG	0	0	88.20	60.26	27.94	
NODE_6_length_404119_cov_60.0181 	3	359653	359728	Asn	GTT	0	0	91.73	62.08	29.65	
NODE_6_length_404119_cov_60.0181 	4	350854	350779	Ala	GGC	0	0	86.95	68.86	18.09	
NODE_6_length_404119_cov_60.0181 	5	350730	350655	Glu	TTC	0	0	66.40	38.20	28.20	
NODE_6_length_404119_cov_60.0181 	6	350561	350486	Ala	GGC	0	0	86.95	68.86	18.09	
NODE_6_length_404119_cov_60.0181 	7	350439	350364	Glu	TTC	0	0	66.40	38.20	28.20	
NODE_6_length_404119_cov_60.0181 	8	311457	311382	Val	TAC	0	0	94.49	73.68	20.81	
NODE_6_length_404119_cov_60.0181 	9	311365	311289	Asp	GTC	0	0	94.67	75.49	19.18	
NODE_6_length_404119_cov_60.0181 	10	311174	311098	Asp	GTC	0	0	94.67	75.49	19.18	
NODE_6_length_404119_cov_60.0181 	11	9593  	9518  	Glu	TTC	0	0	66.40	38.20	28.20	
NODE_6_length_404119_cov_60.0181 	12	9515  	9440  	Gly	GCC	0	0	93.74	68.41	25.33	
NODE_7_length_389595_cov_57.9926 	1	49651 	49727 	Val	GAC	0	0	93.19	67.81	25.38	
NODE_7_length_389595_cov_57.9926 	2	83794 	83870 	Pro	GGG	0	0	74.89	48.01	26.88	
NODE_7_length_389595_cov_57.9926 	3	247764	247853	Ser	TGA	0	0	68.83	34.50	34.33	
NODE_7_length_389595_cov_57.9926 	4	321664	321739	Gly	GCC	0	0	93.74	68.41	25.33	
NODE_8_length_376946_cov_89.1526 	1	293631	293555	Met	CAT	0	0	92.87	71.40	21.47	
NODE_9_length_334423_cov_77.8925 	1	314929	314854	Thr	CGT	0	0	90.98	74.93	16.05	
NODE_11_length_270880_cov_83.1474	1	57874 	57950 	Met	CAT	0	0	85.06	58.55	26.51	
NODE_11_length_270880_cov_83.1474	2	164093	164165	Leu	GAG	0	0	20.84	19.28	1.56	
NODE_11_length_270880_cov_83.1474	3	268018	268091	Gly	CCC	0	0	60.35	30.06	30.29	
NODE_11_length_270880_cov_83.1474	4	74419 	74329 	Ser	GCT	0	0	76.69	47.10	29.59	
NODE_11_length_270880_cov_83.1474	5	74211 	74135 	Arg	ACG	0	0	83.50	58.05	25.45	
NODE_11_length_270880_cov_83.1474	6	74023 	73947 	Arg	ACG	0	0	83.50	58.05	25.45	
NODE_11_length_270880_cov_83.1474	7	5326  	5251  	Lys	TTT	0	0	95.07	71.82	23.25	
NODE_15_length_205120_cov_63.8727	1	131261	131336	Val	TAC	0	0	94.49	73.68	20.81	
NODE_15_length_205120_cov_63.8727	2	131353	131429	Asp	GTC	0	0	94.67	75.49	19.18	
NODE_16_length_172357_cov_61.9503	1	138002	137929	Cys	GCA	0	0	62.38	45.73	16.65	
NODE_16_length_172357_cov_61.9503	2	125378	125292	Leu	TAA	0	0	76.64	42.32	34.32	
NODE_18_length_162588_cov_81.7868	1	156990	157065	Asn	GTT	0	0	91.73	62.08	29.65	
NODE_18_length_162588_cov_81.7868	2	157075	157151	Pro	TGG	0	0	87.63	64.60	23.03	
NODE_18_length_162588_cov_81.7868	3	157162	157237	Lys	TTT	0	0	95.07	71.82	23.25	
NODE_18_length_162588_cov_81.7868	4	113074	113001	Arg	ACG	0	0	52.72	27.21	25.51	
NODE_18_length_162588_cov_81.7868	5	6843  	6769  	Gln	TTG	0	0	66.82	40.36	26.46	
NODE_18_length_162588_cov_81.7868	6	3093  	3017  	Met	CAT	0	0	87.19	64.42	22.77	
NODE_22_length_81679_cov_73.0109 	1	1220  	1295  	Trp	CCA	0	0	86.73	63.05	23.68	
NODE_29_length_36042_cov_89.4918 	1	1412  	1336  	Arg	CCG	0	0	87.81	66.55	21.26	
NODE_31_length_25566_cov_56.5739 	1	4403  	4328  	Gly	GCC	0	0	93.74	68.41	25.33	
NODE_43_length_5551_cov_269.281  	1	3581  	3505  	Ile	GAT	0	0	98.83	72.69	26.14	
NODE_43_length_5551_cov_269.281  	2	3476  	3401  	Ala	TGC	0	0	90.68	71.56	19.12	
NODE_49_length_3327_cov_62.1106  	1	2807  	2891  	Tyr	GTA	0	0	71.07	41.76	29.31	
NODE_49_length_3327_cov_62.1106  	2	2918  	2991  	Gly	TCC	0	0	82.75	60.87	21.88	
NODE_49_length_3327_cov_62.1106  	3	3011  	3086  	Thr	GGT	0	0	93.76	67.73	26.03	
