Sequence                          		tRNA   	Bounds 	tRNA	Anti	Intron Bounds	Cove	HMM	2'Str	      
Name                              	tRNA #	Begin  	End    	Type	Codon	Begin	End	Score	Score	Score	Note
--------                          	------	-----  	------ 	----	-----	-----	----	------	-----	-----	------
NODE_1_length_1412697_cov_73.6699 	1	347890 	347980 	Ser	GCT	0	0	76.69	47.10	29.59	
NODE_1_length_1412697_cov_73.6699 	2	348098 	348174 	Arg	ACG	0	0	83.50	58.05	25.45	
NODE_1_length_1412697_cov_73.6699 	3	348286 	348362 	Arg	ACG	0	0	83.50	58.05	25.45	
NODE_1_length_1412697_cov_73.6699 	4	416991 	417066 	Lys	TTT	0	0	95.07	71.82	23.25	
NODE_1_length_1412697_cov_73.6699 	5	447314 	447403 	Ser	CGA	0	0	68.31	24.88	43.43	
NODE_1_length_1412697_cov_73.6699 	6	1285934	1286010	Arg	TCT	0	0	96.39	77.88	18.51	
NODE_1_length_1412697_cov_73.6699 	7	1286062	1286137	His	GTG	0	0	83.51	64.18	19.33	
NODE_1_length_1412697_cov_73.6699 	8	1286192	1286276	Leu	TAG	0	0	76.62	44.97	31.65	
NODE_1_length_1412697_cov_73.6699 	9	1286343	1286418	His	GTG	0	0	83.51	64.18	19.33	
NODE_1_length_1412697_cov_73.6699 	10	1297696	1297772	Asp	GTC	0	0	95.34	76.86	18.48	
NODE_1_length_1412697_cov_73.6699 	11	364436 	364360 	Met	CAT	0	0	85.06	58.55	26.51	
NODE_1_length_1412697_cov_73.6699 	12	258211 	258139 	Leu	GAG	0	0	20.84	19.28	1.56	
NODE_1_length_1412697_cov_73.6699 	13	154076 	154003 	Gly	CCC	0	0	60.35	30.06	30.29	
NODE_2_length_1175743_cov_71.4934 	1	55895  	55970  	Ala	GGC	0	0	86.95	68.86	18.09	
NODE_2_length_1175743_cov_71.4934 	2	56019  	56094  	Glu	TTC	0	0	66.40	38.20	28.20	
NODE_2_length_1175743_cov_71.4934 	3	56188  	56263  	Ala	GGC	0	0	86.95	68.86	18.09	
NODE_2_length_1175743_cov_71.4934 	4	56310  	56385  	Glu	TTC	0	0	66.40	38.20	28.20	
NODE_2_length_1175743_cov_71.4934 	5	95297  	95372  	Val	TAC	0	0	94.49	73.68	20.81	
NODE_2_length_1175743_cov_71.4934 	6	95389  	95465  	Asp	GTC	0	0	94.67	75.49	19.18	
NODE_2_length_1175743_cov_71.4934 	7	95580  	95656  	Asp	GTC	0	0	94.67	75.49	19.18	
NODE_2_length_1175743_cov_71.4934 	8	400371 	400446 	Glu	TTC	0	0	66.40	38.20	28.20	
NODE_2_length_1175743_cov_71.4934 	9	400449 	400524 	Gly	GCC	0	0	93.74	68.41	25.33	
NODE_2_length_1175743_cov_71.4934 	10	559426 	559502 	Val	GAC	0	0	93.19	67.81	25.38	
NODE_2_length_1175743_cov_71.4934 	11	592700 	592776 	Pro	GGG	0	0	74.89	48.01	26.88	
NODE_2_length_1175743_cov_71.4934 	12	765556 	765645 	Ser	TGA	0	0	72.70	38.95	33.75	
NODE_2_length_1175743_cov_71.4934 	13	821683 	821758 	Gly	GCC	0	0	93.74	68.41	25.33	
NODE_2_length_1175743_cov_71.4934 	14	947720 	947793 	Cys	GCA	0	0	62.38	45.73	16.65	
NODE_2_length_1175743_cov_71.4934 	15	960345 	960431 	Leu	TAA	0	0	76.64	42.32	34.32	
NODE_2_length_1175743_cov_71.4934 	16	367872 	367783 	Ser	GGA	0	0	71.75	34.38	37.37	
NODE_2_length_1175743_cov_71.4934 	17	179102 	179026 	Pro	CGG	0	0	88.20	60.26	27.94	
NODE_2_length_1175743_cov_71.4934 	18	47096  	47021  	Asn	GTT	0	0	91.73	62.08	29.65	
NODE_3_length_974984_cov_83.3119  	1	897316 	897240 	Met	CAT	0	0	92.87	71.40	21.47	
NODE_3_length_974984_cov_83.3119  	2	564283 	564207 	Arg	CCG	0	0	90.57	71.58	18.99	
NODE_4_length_837273_cov_83.1351  	1	308967 	309053 	Leu	CAG	0	0	73.96	38.54	35.42	
NODE_4_length_837273_cov_83.1351  	2	309183 	309269 	Leu	CAG	0	0	73.96	38.54	35.42	
NODE_4_length_837273_cov_83.1351  	3	566754 	566829 	Phe	GAA	0	0	92.69	68.52	24.17	
NODE_4_length_837273_cov_83.1351  	4	578163 	578238 	Thr	TGT	0	0	93.66	75.64	18.02	
NODE_4_length_837273_cov_83.1351  	5	116760 	116669 	SeC	TCA	0	0	55.75	-18.51	74.26	
NODE_4_length_837273_cov_83.1351  	6	62745  	62660  	Leu	GAG	0	0	68.53	39.16	29.37	
NODE_4_length_837273_cov_83.1351  	7	62569  	62493  	Met	CAT	0	0	85.85	60.06	25.79	
NODE_5_length_580034_cov_80.2261  	1	214830 	214744 	Leu	CAA	0	0	69.99	38.33	31.66	
NODE_6_length_330947_cov_80.3894  	1	183176 	183249 	Arg	ACG	0	0	52.72	27.21	25.51	
NODE_6_length_330947_cov_80.3894  	2	291934 	292008 	Gln	TTG	0	0	66.82	40.36	26.46	
NODE_6_length_330947_cov_80.3894  	3	295682 	295758 	Met	CAT	0	0	87.19	64.42	22.77	
NODE_6_length_330947_cov_80.3894  	4	139262 	139187 	Asn	GTT	0	0	91.73	62.08	29.65	
NODE_6_length_330947_cov_80.3894  	5	139177 	139101 	Pro	TGG	0	0	87.63	64.60	23.03	
NODE_6_length_330947_cov_80.3894  	6	139090 	139015 	Lys	TTT	0	0	95.07	71.82	23.25	
NODE_6_length_330947_cov_80.3894  	7	31815  	31740  	Thr	CGT	0	0	90.98	74.93	16.05	
NODE_8_length_209589_cov_77.8646  	1	119045 	119121 	Arg	CCT	0	0	83.71	58.51	25.20	
NODE_12_length_115126_cov_75.7936 	1	36204  	36279  	Val	TAC	0	0	94.49	73.68	20.81	
NODE_12_length_115126_cov_75.7936 	2	36296  	36372  	Asp	GTC	0	0	94.67	75.49	19.18	
NODE_14_length_65443_cov_84.3535  	1	1220   	1295   	Trp	CCA	0	0	86.73	63.05	23.68	
NODE_18_length_5495_cov_267.271   	1	3582   	3506   	Ile	GAT	0	0	98.83	72.69	26.14	
NODE_18_length_5495_cov_267.271   	2	3477   	3402   	Ala	TGC	0	0	90.68	71.56	19.12	
NODE_20_length_3327_cov_74.4072   	1	2807   	2891   	Tyr	GTA	0	0	71.07	41.76	29.31	
NODE_20_length_3327_cov_74.4072   	2	2918   	2991   	Gly	TCC	0	0	82.75	60.87	21.88	
NODE_20_length_3327_cov_74.4072   	3	3011   	3086   	Thr	GGT	0	0	93.76	67.73	26.03	
