Sequence                      		tRNA  	Bounds	tRNA	Anti	Intron Bounds	Cove	HMM	2'Str	      
Name                          	tRNA #	Begin 	End   	Type	Codon	Begin	End	Score	Score	Score	Note
--------                      	------	----- 	------	----	-----	-----	----	------	-----	-----	------
NODE_1_length_562659_cov_17.9 	1	201384	201473	Ser	GGA	0	0	71.75	34.38	37.37	
NODE_1_length_562659_cov_17.9 	2	390177	390253	Pro	CGG	0	0	88.20	60.26	27.94	
NODE_1_length_562659_cov_17.9 	3	520060	520135	Asn	GTT	0	0	91.73	62.08	29.65	
NODE_1_length_562659_cov_17.9 	4	511261	511186	Ala	GGC	0	0	86.95	68.86	18.09	
NODE_1_length_562659_cov_17.9 	5	511137	511062	Glu	TTC	0	0	66.40	38.20	28.20	
NODE_1_length_562659_cov_17.9 	6	510968	510893	Ala	GGC	0	0	86.95	68.86	18.09	
NODE_1_length_562659_cov_17.9 	7	510846	510771	Glu	TTC	0	0	66.40	38.20	28.20	
NODE_1_length_562659_cov_17.9 	8	471869	471794	Val	TAC	0	0	94.49	73.68	20.81	
NODE_1_length_562659_cov_17.9 	9	471777	471701	Asp	GTC	0	0	94.67	75.49	19.18	
NODE_1_length_562659_cov_17.9 	10	471586	471510	Asp	GTC	0	0	94.67	75.49	19.18	
NODE_1_length_562659_cov_17.9 	11	168889	168814	Glu	TTC	0	0	66.40	38.20	28.20	
NODE_1_length_562659_cov_17.9 	12	168811	168736	Gly	GCC	0	0	93.74	68.41	25.33	
NODE_1_length_562659_cov_17.9 	13	168651	168576	Gly	GCC	0	0	93.74	68.41	25.33	
NODE_1_length_562659_cov_17.9 	14	35940 	35864 	Val	GAC	0	0	93.19	67.81	25.38	
NODE_2_length_457995_cov_18.6716	1	341612	341703	SeC	TCA	0	0	55.75	-18.51	74.26	
NODE_2_length_457995_cov_18.6716	2	395651	395736	Leu	GAG	0	0	68.53	39.16	29.37	
NODE_2_length_457995_cov_18.6716	3	395827	395903	Met	CAT	0	0	85.85	60.06	25.79	
NODE_2_length_457995_cov_18.6716	4	185331	185245	Leu	CAG	0	0	73.96	38.54	35.42	
NODE_2_length_457995_cov_18.6716	5	185115	185029	Leu	CAG	0	0	73.96	38.54	35.42	
NODE_3_length_369455_cov_18.2487	1	291949	291873	Met	CAT	0	0	92.87	71.40	21.47	
NODE_4_length_341116_cov_19.004	1	65851 	65926 	Thr	CGT	0	0	90.98	74.93	16.05	
NODE_6_length_315322_cov_18.1223	1	100580	100666	Leu	CAA	0	0	69.99	38.33	31.66	
NODE_8_length_259388_cov_17.5618	1	169002	168913	Ser	TGA	0	0	72.70	38.95	33.75	
NODE_8_length_259388_cov_17.5618	2	144622	144547	Gly	GCC	0	0	93.74	68.41	25.33	
NODE_8_length_259388_cov_17.5618	3	138229	138156	Cys	GCA	0	0	62.38	45.73	16.65	
NODE_8_length_259388_cov_17.5618	4	125604	125518	Leu	TAA	0	0	76.64	42.32	34.32	
NODE_12_length_199050_cov_18.7876	1	141270	141343	Gly	CCC	0	0	60.35	30.06	30.29	
NODE_14_length_184377_cov_18.4207	1	77499 	77575 	Met	CAT	0	0	85.06	58.55	26.51	
NODE_14_length_184377_cov_18.4207	2	183763	183835	Leu	GAG	0	0	20.84	19.28	1.56	
NODE_14_length_184377_cov_18.4207	3	94081 	93991 	Ser	GCT	0	0	76.69	47.10	29.59	
NODE_14_length_184377_cov_18.4207	4	93873 	93797 	Arg	ACG	0	0	83.50	58.05	25.45	
NODE_14_length_184377_cov_18.4207	5	93685 	93609 	Arg	ACG	0	0	83.50	58.05	25.45	
NODE_14_length_184377_cov_18.4207	6	24921 	24846 	Lys	TTT	0	0	95.07	71.82	23.25	
NODE_15_length_155649_cov_18.7797	1	3869  	3942  	Arg	ACG	0	0	52.72	27.21	25.51	
NODE_15_length_155649_cov_18.7797	2	110046	110120	Gln	TTG	0	0	66.82	40.36	26.46	
NODE_15_length_155649_cov_18.7797	3	137165	137241	Met	CAT	0	0	87.19	64.42	22.77	
NODE_18_length_148321_cov_17.1747	1	3808  	3732  	Arg	TCT	0	0	96.39	77.88	18.51	
NODE_18_length_148321_cov_17.1747	2	3680  	3605  	His	GTG	0	0	83.51	64.18	19.33	
NODE_18_length_148321_cov_17.1747	3	3550  	3466  	Leu	TAG	0	0	76.62	44.97	31.65	
NODE_19_length_136180_cov_18.1349	1	100221	100146	Val	TAC	0	0	94.49	73.68	20.81	
NODE_19_length_136180_cov_18.1349	2	100129	100053	Asp	GTC	0	0	94.67	75.49	19.18	
NODE_22_length_124806_cov_17.5177	1	123544	123469	His	GTG	0	0	83.51	64.18	19.33	
NODE_22_length_124806_cov_17.5177	2	112191	112115	Asp	GTC	0	0	95.34	76.86	18.48	
NODE_23_length_120704_cov_17.7334	1	919   	843   	Arg	CCT	0	0	83.71	58.51	25.20	
NODE_28_length_76775_cov_18.7764	1	4899  	4824  	Phe	GAA	0	0	92.69	68.52	24.17	
NODE_33_length_58137_cov_19.687	1	22216 	22291 	Thr	TGT	0	0	93.66	75.64	18.02	
NODE_35_length_51077_cov_19.1034	1	10775 	10700 	Asn	GTT	0	0	91.73	62.08	29.65	
NODE_35_length_51077_cov_19.1034	2	10690 	10614 	Pro	TGG	0	0	87.63	64.60	23.03	
NODE_35_length_51077_cov_19.1034	3	10603 	10528 	Lys	TTT	0	0	95.07	71.82	23.25	
NODE_36_length_49748_cov_19.2966	1	32642 	32718 	Pro	GGG	0	0	74.89	48.01	26.88	
NODE_38_length_36260_cov_18.4459	1	34644 	34720 	Arg	CCG	0	0	87.81	66.55	21.26	
NODE_39_length_36182_cov_19.3423	1	2083  	1994  	Ser	CGA	0	0	68.31	24.88	43.43	
NODE_40_length_35215_cov_17.5007	1	10725 	10800 	Thr	TGT	0	0	74.27	61.42	12.85	
NODE_44_length_32051_cov_19.5777	1	1220  	1295  	Trp	CCA	0	0	86.73	63.05	23.68	
NODE_47_length_20505_cov_26.0629	1	20172 	20097 	Gly	TCC	0	0	80.42	54.00	26.42	
NODE_47_length_20505_cov_26.0629	2	20084 	20010 	Asn	GTT	0	0	76.95	53.18	23.77	
NODE_47_length_20505_cov_26.0629	3	20005 	19930 	Thr	TGT	0	0	74.27	61.42	12.85	
NODE_62_length_5405_cov_89.0936	1	1829  	1905  	Ile	GAT	0	0	98.83	72.69	26.14	
NODE_62_length_5405_cov_89.0936	2	1934  	2009  	Ala	TGC	0	0	90.68	71.56	19.12	
NODE_69_length_3329_cov_18.4394	1	2809  	2893  	Tyr	GTA	0	0	71.07	41.76	29.31	
NODE_69_length_3329_cov_18.4394	2	2920  	2993  	Gly	TCC	0	0	82.75	60.87	21.88	
NODE_69_length_3329_cov_18.4394	3	3013  	3088  	Thr	GGT	0	0	93.76	67.73	26.03	
