Sequence                         		tRNA  	Bounds	tRNA	Anti	Intron Bounds	Cove	HMM	2'Str	      
Name                             	tRNA #	Begin 	End   	Type	Codon	Begin	End	Score	Score	Score	Note
--------                         	------	----- 	------	----	-----	-----	----	------	-----	-----	------
NODE_1_length_894442_cov_41.5193 	1	703622	703698	Arg	TCT	0	0	96.39	77.88	18.51	
NODE_1_length_894442_cov_41.5193 	2	703750	703825	His	GTG	0	0	83.51	64.18	19.33	
NODE_1_length_894442_cov_41.5193 	3	703880	703964	Leu	TAG	0	0	76.62	44.97	31.65	
NODE_1_length_894442_cov_41.5193 	4	768114	768189	His	GTG	0	0	83.51	64.18	19.33	
NODE_1_length_894442_cov_41.5193 	5	779468	779544	Asp	GTC	0	0	95.34	76.86	18.48	
NODE_2_length_494900_cov_49.0217 	1	34610 	34686 	Arg	CCG	0	0	87.81	66.55	21.26	
NODE_3_length_491054_cov_41.5193 	1	411   	486   	Glu	TTC	0	0	66.40	38.20	28.20	
NODE_3_length_491054_cov_41.5193 	2	489   	564   	Gly	GCC	0	0	93.74	68.41	25.33	
NODE_3_length_491054_cov_41.5193 	3	97905 	97980 	Gly	GCC	0	0	93.74	68.41	25.33	
NODE_3_length_491054_cov_41.5193 	4	145151	145227	Val	GAC	0	0	93.19	67.81	25.38	
NODE_3_length_491054_cov_41.5193 	5	179289	179365	Pro	GGG	0	0	74.89	48.01	26.88	
NODE_3_length_491054_cov_41.5193 	6	347682	347771	Ser	TGA	0	0	72.70	38.95	33.75	
NODE_3_length_491054_cov_41.5193 	7	372062	372137	Gly	GCC	0	0	93.74	68.41	25.33	
NODE_3_length_491054_cov_41.5193 	8	378441	378514	Cys	GCA	0	0	62.38	45.73	16.65	
NODE_3_length_491054_cov_41.5193 	9	391064	391150	Leu	TAA	0	0	76.64	42.32	34.32	
NODE_4_length_479583_cov_45.6292 	1	74242 	74156 	Leu	CAA	0	0	69.99	38.33	31.66	
NODE_5_length_451662_cov_44.1837 	1	237983	238059	Met	CAT	0	0	85.06	58.55	26.51	
NODE_5_length_451662_cov_44.1837 	2	344096	344168	Leu	GAG	0	0	20.84	19.28	1.56	
NODE_5_length_451662_cov_44.1837 	3	448574	448647	Gly	CCC	0	0	60.35	30.06	30.29	
NODE_5_length_451662_cov_44.1837 	4	254527	254437	Ser	GCT	0	0	76.69	47.10	29.59	
NODE_5_length_451662_cov_44.1837 	5	254319	254243	Arg	ACG	0	0	83.50	58.05	25.45	
NODE_5_length_451662_cov_44.1837 	6	254131	254055	Arg	ACG	0	0	83.50	58.05	25.45	
NODE_5_length_451662_cov_44.1837 	7	185410	185335	Lys	TTT	0	0	95.07	71.82	23.25	
NODE_5_length_451662_cov_44.1837 	8	154418	154329	Ser	CGA	0	0	68.31	24.88	43.43	
NODE_6_length_424025_cov_47.1362 	1	235197	235272	Phe	GAA	0	0	92.69	68.52	24.17	
NODE_6_length_424025_cov_47.1362 	2	246606	246681	Thr	TGT	0	0	93.66	75.64	18.02	
NODE_7_length_383253_cov_48.1409 	1	291825	291749	Met	CAT	0	0	92.87	71.40	21.47	
NODE_8_length_379721_cov_42.9907 	1	188836	188912	Pro	CGG	0	0	88.20	60.26	27.94	
NODE_8_length_379721_cov_42.9907 	2	332623	332698	Asn	GTT	0	0	91.73	62.08	29.65	
NODE_8_length_379721_cov_42.9907 	3	323824	323749	Ala	GGC	0	0	86.95	68.86	18.09	
NODE_8_length_379721_cov_42.9907 	4	323700	323625	Glu	TTC	0	0	66.40	38.20	28.20	
NODE_8_length_379721_cov_42.9907 	5	323531	323456	Ala	GGC	0	0	86.95	68.86	18.09	
NODE_8_length_379721_cov_42.9907 	6	323409	323334	Glu	TTC	0	0	66.40	38.20	28.20	
NODE_8_length_379721_cov_42.9907 	7	284418	284343	Val	TAC	0	0	94.49	73.68	20.81	
NODE_8_length_379721_cov_42.9907 	8	284326	284250	Asp	GTC	0	0	94.67	75.49	19.18	
NODE_8_length_379721_cov_42.9907 	9	284135	284059	Asp	GTC	0	0	94.67	75.49	19.18	
NODE_10_length_243444_cov_45.8292	1	113806	113879	Arg	ACG	0	0	52.72	27.21	25.51	
NODE_10_length_243444_cov_45.8292	2	221218	221292	Gln	TTG	0	0	66.82	40.36	26.46	
NODE_10_length_243444_cov_45.8292	3	224966	225042	Met	CAT	0	0	87.19	64.42	22.77	
NODE_10_length_243444_cov_45.8292	4	69896 	69821 	Asn	GTT	0	0	91.73	62.08	29.65	
NODE_10_length_243444_cov_45.8292	5	69811 	69735 	Pro	TGG	0	0	87.63	64.60	23.03	
NODE_10_length_243444_cov_45.8292	6	69724 	69649 	Lys	TTT	0	0	95.07	71.82	23.25	
NODE_11_length_214765_cov_45.1566	1	119284	119358	Arg	CCT	0	0	69.71	45.21	24.50	
NODE_14_length_184435_cov_46.2302	1	116977	116886	SeC	TCA	0	0	55.75	-18.51	74.26	
NODE_14_length_184435_cov_46.2302	2	62670 	62585 	Leu	GAG	0	0	68.53	39.16	29.37	
NODE_14_length_184435_cov_46.2302	3	62494 	62418 	Met	CAT	0	0	85.85	60.06	25.79	
NODE_18_length_115040_cov_44.2136	1	78986 	78911 	Val	TAC	0	0	94.49	73.68	20.81	
NODE_18_length_115040_cov_44.2136	2	78894 	78818 	Asp	GTC	0	0	94.67	75.49	19.18	
NODE_19_length_109921_cov_48.8726	1	22902 	22816 	Leu	CAG	0	0	73.96	38.54	35.42	
NODE_19_length_109921_cov_48.8726	2	22686 	22600 	Leu	CAG	0	0	73.96	38.54	35.42	
NODE_22_length_65507_cov_48.2459 	1	64288 	64213 	Trp	CCA	0	0	86.73	63.05	23.68	
NODE_29_length_49331_cov_43.1697 	1	16991 	16902 	Ser	GGA	0	0	71.75	34.38	37.37	
NODE_31_length_42339_cov_44.9869 	1	28642 	28717 	Thr	CGT	0	0	90.98	74.93	16.05	
NODE_39_length_5559_cov_149.425  	1	1954  	2030  	Ile	GAT	0	0	98.83	72.69	26.14	
NODE_39_length_5559_cov_149.425  	2	2059  	2134  	Ala	TGC	0	0	90.68	71.56	19.12	
NODE_45_length_3301_cov_40.9386  	1	521   	437   	Tyr	GTA	0	0	71.07	41.76	29.31	
NODE_45_length_3301_cov_40.9386  	2	410   	337   	Gly	TCC	0	0	82.75	60.87	21.88	
NODE_45_length_3301_cov_40.9386  	3	317   	242   	Thr	GGT	0	0	93.76	67.73	26.03	
