Sequence                         		tRNA  	Bounds	tRNA	Anti	Intron Bounds	Cove	HMM	2'Str	      
Name                             	tRNA #	Begin 	End   	Type	Codon	Begin	End	Score	Score	Score	Note
--------                         	------	----- 	------	----	-----	-----	----	------	-----	-----	------
NODE_1_length_894442_cov_62.5801 	1	703622	703698	Arg	TCT	0	0	96.39	77.88	18.51	
NODE_1_length_894442_cov_62.5801 	2	703750	703825	His	GTG	0	0	83.51	64.18	19.33	
NODE_1_length_894442_cov_62.5801 	3	703880	703964	Leu	TAG	0	0	76.62	44.97	31.65	
NODE_1_length_894442_cov_62.5801 	4	768114	768189	His	GTG	0	0	83.51	64.18	19.33	
NODE_1_length_894442_cov_62.5801 	5	779468	779544	Asp	GTC	0	0	95.34	76.86	18.48	
NODE_2_length_494789_cov_71.1966 	1	34610 	34686 	Arg	CCG	0	0	87.81	66.55	21.26	
NODE_3_length_485754_cov_69.7776 	1	235197	235272	Phe	GAA	0	0	92.69	68.52	24.17	
NODE_3_length_485754_cov_69.7776 	2	246606	246681	Thr	TGT	0	0	93.66	75.64	18.02	
NODE_4_length_479681_cov_62.5825 	1	86532 	86607 	Gly	GCC	0	0	93.74	68.41	25.33	
NODE_4_length_479681_cov_62.5825 	2	133778	133854	Val	GAC	0	0	93.19	67.81	25.38	
NODE_4_length_479681_cov_62.5825 	3	167916	167992	Pro	GGG	0	0	74.89	48.01	26.88	
NODE_4_length_479681_cov_62.5825 	4	336309	336398	Ser	TGA	0	0	72.70	38.95	33.75	
NODE_4_length_479681_cov_62.5825 	5	360689	360764	Gly	GCC	0	0	93.74	68.41	25.33	
NODE_4_length_479681_cov_62.5825 	6	367068	367141	Cys	GCA	0	0	62.38	45.73	16.65	
NODE_4_length_479681_cov_62.5825 	7	379691	379777	Leu	TAA	0	0	76.64	42.32	34.32	
NODE_5_length_479583_cov_67.8399 	1	74242 	74156 	Leu	CAA	0	0	69.99	38.33	31.66	
NODE_6_length_451662_cov_66.8274 	1	237983	238059	Met	CAT	0	0	85.06	58.55	26.51	
NODE_6_length_451662_cov_66.8274 	2	344096	344168	Leu	GAG	0	0	20.84	19.28	1.56	
NODE_6_length_451662_cov_66.8274 	3	448574	448647	Gly	CCC	0	0	60.35	30.06	30.29	
NODE_6_length_451662_cov_66.8274 	4	254527	254437	Ser	GCT	0	0	76.69	47.10	29.59	
NODE_6_length_451662_cov_66.8274 	5	254319	254243	Arg	ACG	0	0	83.50	58.05	25.45	
NODE_6_length_451662_cov_66.8274 	6	254131	254055	Arg	ACG	0	0	83.50	58.05	25.45	
NODE_6_length_451662_cov_66.8274 	7	185410	185335	Lys	TTT	0	0	95.07	71.82	23.25	
NODE_6_length_451662_cov_66.8274 	8	154418	154329	Ser	CGA	0	0	68.31	24.88	43.43	
NODE_7_length_383402_cov_70.8153 	1	291825	291749	Met	CAT	0	0	92.87	71.40	21.47	
NODE_8_length_341224_cov_64.4889 	1	188836	188912	Pro	CGG	0	0	88.20	60.26	27.94	
NODE_8_length_341224_cov_64.4889 	2	332623	332698	Asn	GTT	0	0	91.73	62.08	29.65	
NODE_8_length_341224_cov_64.4889 	3	323824	323749	Ala	GGC	0	0	86.95	68.86	18.09	
NODE_8_length_341224_cov_64.4889 	4	323700	323625	Glu	TTC	0	0	66.40	38.20	28.20	
NODE_8_length_341224_cov_64.4889 	5	323531	323456	Ala	GGC	0	0	86.95	68.86	18.09	
NODE_8_length_341224_cov_64.4889 	6	323409	323334	Glu	TTC	0	0	66.40	38.20	28.20	
NODE_8_length_341224_cov_64.4889 	7	284418	284343	Val	TAC	0	0	94.49	73.68	20.81	
NODE_8_length_341224_cov_64.4889 	8	284326	284250	Asp	GTC	0	0	94.67	75.49	19.18	
NODE_8_length_341224_cov_64.4889 	9	284135	284059	Asp	GTC	0	0	94.67	75.49	19.18	
NODE_10_length_243444_cov_67.805 	1	113806	113879	Arg	ACG	0	0	52.72	27.21	25.51	
NODE_10_length_243444_cov_67.805 	2	221218	221292	Gln	TTG	0	0	66.82	40.36	26.46	
NODE_10_length_243444_cov_67.805 	3	224966	225042	Met	CAT	0	0	87.19	64.42	22.77	
NODE_10_length_243444_cov_67.805 	4	69896 	69821 	Asn	GTT	0	0	91.73	62.08	29.65	
NODE_10_length_243444_cov_67.805 	5	69811 	69735 	Pro	TGG	0	0	87.63	64.60	23.03	
NODE_10_length_243444_cov_67.805 	6	69724 	69649 	Lys	TTT	0	0	95.07	71.82	23.25	
NODE_11_length_214765_cov_66.9868	1	119284	119358	Arg	CCT	0	0	69.71	45.21	24.50	
NODE_14_length_184435_cov_68.7857	1	116977	116886	SeC	TCA	0	0	55.75	-18.51	74.26	
NODE_14_length_184435_cov_68.7857	2	62670 	62585 	Leu	GAG	0	0	68.53	39.16	29.37	
NODE_14_length_184435_cov_68.7857	3	62494 	62418 	Met	CAT	0	0	85.85	60.06	25.79	
NODE_18_length_113833_cov_67.7434	1	36055 	36130 	Val	TAC	0	0	94.49	73.68	20.81	
NODE_18_length_113833_cov_67.7434	2	36147 	36223 	Asp	GTC	0	0	94.67	75.49	19.18	
NODE_19_length_109921_cov_71.4035	1	87020 	87106 	Leu	CAG	0	0	73.96	38.54	35.42	
NODE_19_length_109921_cov_71.4035	2	87236 	87322 	Leu	CAG	0	0	73.96	38.54	35.42	
NODE_23_length_65507_cov_73.178  	1	64288 	64213 	Trp	CCA	0	0	86.73	63.05	23.68	
NODE_28_length_49334_cov_64.0368 	1	16991 	16902 	Ser	GGA	0	0	71.75	34.38	37.37	
NODE_30_length_42339_cov_67.0157 	1	28642 	28717 	Thr	CGT	0	0	90.98	74.93	16.05	
NODE_36_length_9990_cov_56.4069  	1	9580  	9505  	Glu	TTC	0	0	66.40	38.20	28.20	
NODE_36_length_9990_cov_56.4069  	2	9502  	9427  	Gly	GCC	0	0	93.74	68.41	25.33	
NODE_40_length_5410_cov_221.301  	1	1805  	1881  	Ile	GAT	0	0	98.83	72.69	26.14	
NODE_40_length_5410_cov_221.301  	2	1910  	1985  	Ala	TGC	0	0	90.68	71.56	19.12	
NODE_45_length_3301_cov_62.1427  	1	521   	437   	Tyr	GTA	0	0	71.07	41.76	29.31	
NODE_45_length_3301_cov_62.1427  	2	410   	337   	Gly	TCC	0	0	82.75	60.87	21.88	
NODE_45_length_3301_cov_62.1427  	3	317   	242   	Thr	GGT	0	0	93.76	67.73	26.03	
