Sequence                          		tRNA   	Bounds 	tRNA	Anti	Intron Bounds	Cove	HMM	2'Str	      
Name                              	tRNA #	Begin  	End    	Type	Codon	Begin	End	Score	Score	Score	Note
--------                          	------	-----  	------ 	----	-----	-----	----	------	-----	-----	------
NODE_1_length_1366829_cov_75.4422 	1	282198 	282288 	Ser	GCT	0	0	76.69	47.10	29.59	
NODE_1_length_1366829_cov_75.4422 	2	282406 	282482 	Arg	ACG	0	0	83.50	58.05	25.45	
NODE_1_length_1366829_cov_75.4422 	3	282594 	282670 	Arg	ACG	0	0	83.50	58.05	25.45	
NODE_1_length_1366829_cov_75.4422 	4	351286 	351361 	Lys	TTT	0	0	95.07	71.82	23.25	
NODE_1_length_1366829_cov_75.4422 	5	378829 	378918 	Ser	CGA	0	0	68.31	24.88	43.43	
NODE_1_length_1366829_cov_75.4422 	6	1241947	1242023	Arg	TCT	0	0	96.39	77.88	18.51	
NODE_1_length_1366829_cov_75.4422 	7	1242075	1242150	His	GTG	0	0	83.51	64.18	19.33	
NODE_1_length_1366829_cov_75.4422 	8	1242205	1242289	Leu	TAG	0	0	76.62	44.97	31.65	
NODE_1_length_1366829_cov_75.4422 	9	1242356	1242431	His	GTG	0	0	83.51	64.18	19.33	
NODE_1_length_1366829_cov_75.4422 	10	1253710	1253786	Asp	GTC	0	0	95.34	76.86	18.48	
NODE_1_length_1366829_cov_75.4422 	11	298741 	298665 	Met	CAT	0	0	85.06	58.55	26.51	
NODE_1_length_1366829_cov_75.4422 	12	192531 	192459 	Leu	GAG	0	0	20.84	19.28	1.56	
NODE_1_length_1366829_cov_75.4422 	13	58313  	58240  	Gly	CCC	0	0	60.35	30.06	30.29	
NODE_2_length_699110_cov_77.3561  	1	696325 	696401 	Arg	CCT	0	0	83.71	58.51	25.20	
NODE_2_length_699110_cov_77.3561  	2	212436 	212350 	Leu	CAA	0	0	69.99	38.33	31.66	
NODE_3_length_499867_cov_82.6388  	1	34547  	34623  	Arg	CCG	0	0	87.81	66.55	21.26	
NODE_4_length_477533_cov_75.2435  	1	53176  	53251  	Ala	GGC	0	0	86.95	68.86	18.09	
NODE_4_length_477533_cov_75.2435  	2	53300  	53375  	Glu	TTC	0	0	66.40	38.20	28.20	
NODE_4_length_477533_cov_75.2435  	3	53469  	53544  	Ala	GGC	0	0	86.95	68.86	18.09	
NODE_4_length_477533_cov_75.2435  	4	53591  	53666  	Glu	TTC	0	0	66.40	38.20	28.20	
NODE_4_length_477533_cov_75.2435  	5	92561  	92636  	Val	TAC	0	0	94.49	73.68	20.81	
NODE_4_length_477533_cov_75.2435  	6	92653  	92729  	Asp	GTC	0	0	94.67	75.49	19.18	
NODE_4_length_477533_cov_75.2435  	7	92844  	92920  	Asp	GTC	0	0	94.67	75.49	19.18	
NODE_4_length_477533_cov_75.2435  	8	392345 	392420 	Glu	TTC	0	0	66.40	38.20	28.20	
NODE_4_length_477533_cov_75.2435  	9	392423 	392498 	Gly	GCC	0	0	93.74	68.41	25.33	
NODE_4_length_477533_cov_75.2435  	10	392583 	392658 	Gly	GCC	0	0	93.74	68.41	25.33	
NODE_4_length_477533_cov_75.2435  	11	441237 	441313 	Val	GAC	0	0	93.19	67.81	25.38	
NODE_4_length_477533_cov_75.2435  	12	475078 	475154 	Pro	GGG	0	0	74.89	48.01	26.88	
NODE_4_length_477533_cov_75.2435  	13	359841 	359752 	Ser	GGA	0	0	71.75	34.38	37.37	
NODE_4_length_477533_cov_75.2435  	14	171051 	170975 	Pro	CGG	0	0	88.20	60.26	27.94	
NODE_4_length_477533_cov_75.2435  	15	44377  	44302  	Asn	GTT	0	0	91.73	62.08	29.65	
NODE_5_length_454906_cov_79.6235  	1	337663 	337754 	SeC	TCA	0	0	55.75	-18.51	74.26	
NODE_5_length_454906_cov_79.6235  	2	392035 	392120 	Leu	GAG	0	0	68.53	39.16	29.37	
NODE_5_length_454906_cov_79.6235  	3	392211 	392287 	Met	CAT	0	0	85.85	60.06	25.79	
NODE_5_length_454906_cov_79.6235  	4	184689 	184603 	Leu	CAG	0	0	73.96	38.54	35.42	
NODE_5_length_454906_cov_79.6235  	5	184473 	184387 	Leu	CAG	0	0	73.96	38.54	35.42	
NODE_6_length_430647_cov_77.1346  	1	298513 	298586 	Arg	ACG	0	0	52.72	27.21	25.51	
NODE_6_length_430647_cov_77.1346  	2	404756 	404830 	Gln	TTG	0	0	66.82	40.36	26.46	
NODE_6_length_430647_cov_77.1346  	3	408504 	408580 	Met	CAT	0	0	87.19	64.42	22.77	
NODE_6_length_430647_cov_77.1346  	4	254606 	254531 	Asn	GTT	0	0	91.73	62.08	29.65	
NODE_6_length_430647_cov_77.1346  	5	254521 	254445 	Pro	TGG	0	0	87.63	64.60	23.03	
NODE_6_length_430647_cov_77.1346  	6	254434 	254359 	Lys	TTT	0	0	95.07	71.82	23.25	
NODE_6_length_430647_cov_77.1346  	7	236553 	236478 	Thr	CGT	0	0	90.98	74.93	16.05	
NODE_7_length_400728_cov_74.6532  	1	149241 	149330 	Ser	TGA	0	0	72.70	38.95	33.75	
NODE_7_length_400728_cov_74.6532  	2	205365 	205440 	Gly	GCC	0	0	93.74	68.41	25.33	
NODE_7_length_400728_cov_74.6532  	3	209988 	210061 	Cys	GCA	0	0	62.38	45.73	16.65	
NODE_7_length_400728_cov_74.6532  	4	272555 	272641 	Leu	TAA	0	0	76.64	42.32	34.32	
NODE_8_length_383377_cov_79.7846  	1	89733  	89809  	Met	CAT	0	0	92.87	71.40	21.47	
NODE_12_length_204814_cov_75.698  	1	130889 	130964 	Val	TAC	0	0	94.49	73.68	20.81	
NODE_12_length_204814_cov_75.698  	2	130981 	131057 	Asp	GTC	0	0	94.67	75.49	19.18	
NODE_14_length_107137_cov_80.278  	1	34883  	34808  	Phe	GAA	0	0	92.69	68.52	24.17	
NODE_14_length_107137_cov_80.278  	2	5963   	5888   	Thr	TGT	0	0	95.98	77.96	18.02	
NODE_16_length_65307_cov_77.3851  	1	1016   	1091   	Trp	CCA	0	0	86.73	63.05	23.68	
NODE_23_length_5423_cov_294.187   	1	3489   	3413   	Ile	GAT	0	0	98.83	72.69	26.14	
NODE_23_length_5423_cov_294.187   	2	3384   	3309   	Ala	TGC	0	0	90.68	71.56	19.12	
NODE_25_length_3622_cov_75.4524   	1	2898   	2982   	Tyr	GTA	0	0	71.07	41.76	29.31	
NODE_25_length_3622_cov_75.4524   	2	3009   	3082   	Gly	TCC	0	0	82.75	60.87	21.88	
NODE_25_length_3622_cov_75.4524   	3	3102   	3177   	Thr	GGT	0	0	93.76	67.73	26.03	
