Sequence                         		tRNA  	Bounds	tRNA	Anti	Intron Bounds	Cove	HMM	2'Str	      
Name                             	tRNA #	Begin 	End   	Type	Codon	Begin	End	Score	Score	Score	Note
--------                         	------	----- 	------	----	-----	-----	----	------	-----	-----	------
NODE_1_length_454411_cov_22.5043 	1	337420	337511	SeC	TCA	0	0	55.75	-18.51	74.26	
NODE_1_length_454411_cov_22.5043 	2	391558	391643	Leu	GAG	0	0	68.53	39.16	29.37	
NODE_1_length_454411_cov_22.5043 	3	391734	391810	Met	CAT	0	0	85.85	60.06	25.79	
NODE_1_length_454411_cov_22.5043 	4	183911	183825	Leu	CAG	0	0	73.96	38.54	35.42	
NODE_1_length_454411_cov_22.5043 	5	183695	183609	Leu	CAG	0	0	73.96	38.54	35.42	
NODE_3_length_359923_cov_16.4603 	1	89198 	89122 	Arg	TCT	0	0	96.39	77.88	18.51	
NODE_3_length_359923_cov_16.4603 	2	89070 	88995 	His	GTG	0	0	83.51	64.18	19.33	
NODE_3_length_359923_cov_16.4603 	3	88940 	88856 	Leu	TAG	0	0	76.62	44.97	31.65	
NODE_3_length_359923_cov_16.4603 	4	88789 	88714 	His	GTG	0	0	83.51	64.18	19.33	
NODE_3_length_359923_cov_16.4603 	5	77429 	77353 	Asp	GTC	0	0	95.34	76.86	18.48	
NODE_4_length_306663_cov_17.8062 	1	294100	294175	Glu	TTC	0	0	66.40	38.20	28.20	
NODE_4_length_306663_cov_17.8062 	2	294178	294253	Gly	GCC	0	0	93.74	68.41	25.33	
NODE_4_length_306663_cov_17.8062 	3	294338	294413	Gly	GCC	0	0	93.74	68.41	25.33	
NODE_4_length_306663_cov_17.8062 	4	261603	261514	Ser	GGA	0	0	71.75	34.38	37.37	
NODE_4_length_306663_cov_17.8062 	5	72859 	72783 	Pro	CGG	0	0	88.20	60.26	27.94	
NODE_6_length_276796_cov_23.6326 	1	73287 	73362 	Phe	GAA	0	0	92.69	68.52	24.17	
NODE_6_length_276796_cov_23.6326 	2	84692 	84767 	Thr	TGT	0	0	93.66	75.64	18.02	
NODE_7_length_244805_cov_16.7081 	1	104140	104051	Ser	TGA	0	0	72.70	38.95	33.75	
NODE_7_length_244805_cov_16.7081 	2	79763 	79688 	Gly	GCC	0	0	93.74	68.41	25.33	
NODE_7_length_244805_cov_16.7081 	3	75141 	75068 	Cys	GCA	0	0	62.38	45.73	16.65	
NODE_7_length_244805_cov_16.7081 	4	62518 	62432 	Leu	TAA	0	0	76.64	42.32	34.32	
NODE_8_length_238928_cov_23.4264 	1	188338	188262	Met	CAT	0	0	92.87	71.40	21.47	
NODE_9_length_179864_cov_18.1009 	1	33130 	33219 	Ser	CGA	0	0	68.31	24.88	43.43	
NODE_10_length_167042_cov_19.7004	1	105266	105339	Gly	CCC	0	0	54.49	29.93	24.56	
NODE_11_length_157668_cov_21.1787	1	44213 	44286 	Arg	ACG	0	0	52.72	27.21	25.51	
NODE_11_length_157668_cov_21.1787	2	150214	150288	Gln	TTG	0	0	66.82	40.36	26.46	
NODE_11_length_157668_cov_21.1787	3	297   	222   	Asn	GTT	0	0	91.73	62.08	29.65	
NODE_11_length_157668_cov_21.1787	4	212   	136   	Pro	TGG	0	0	87.63	64.60	23.03	
NODE_11_length_157668_cov_21.1787	5	125   	50    	Lys	TTT	0	0	95.07	71.82	23.25	
NODE_14_length_139464_cov_19.0501	1	37593 	37669 	Met	CAT	0	0	85.06	58.55	26.51	
NODE_14_length_139464_cov_19.0501	2	54137 	54047 	Ser	GCT	0	0	76.69	47.10	29.59	
NODE_14_length_139464_cov_19.0501	3	53929 	53853 	Arg	ACG	0	0	83.50	58.05	25.45	
NODE_14_length_139464_cov_19.0501	4	53741 	53665 	Arg	ACG	0	0	83.50	58.05	25.45	
NODE_16_length_137144_cov_22.0505	1	26995 	27070 	Gly	TCC	0	0	81.79	61.22	20.57	
NODE_16_length_137144_cov_22.0505	2	27083 	27157 	Asn	GTT	0	0	65.08	47.35	17.73	
NODE_16_length_137144_cov_22.0505	3	27162 	27237 	Thr	TGT	0	0	74.27	61.42	12.85	
NODE_16_length_137144_cov_22.0505	4	104693	104768	Val	TAC	0	0	94.49	73.68	20.81	
NODE_16_length_137144_cov_22.0505	5	104785	104861	Asp	GTC	0	0	94.67	75.49	19.18	
NODE_17_length_136201_cov_22.1679	1	72694 	72618 	Arg	CCT	0	0	83.71	58.51	25.20	
NODE_21_length_129713_cov_21.9622	1	95557 	95643 	Leu	CAA	0	0	69.99	38.33	31.66	
NODE_34_length_85032_cov_17.3856 	1	64711 	64635 	Val	GAC	0	0	93.19	67.81	25.38	
NODE_34_length_85032_cov_17.3856 	2	30568 	30492 	Pro	GGG	0	0	74.89	48.01	26.88	
NODE_36_length_75858_cov_24.9359 	1	41114 	41038 	Arg	CCG	0	0	87.89	66.77	21.12	
NODE_37_length_63498_cov_18.3388 	1	16081 	16156 	Ala	GGC	0	0	86.95	68.86	18.09	
NODE_37_length_63498_cov_18.3388 	2	16205 	16280 	Glu	TTC	0	0	66.40	38.20	28.20	
NODE_37_length_63498_cov_18.3388 	3	16374 	16449 	Ala	GGC	0	0	86.95	68.86	18.09	
NODE_37_length_63498_cov_18.3388 	4	16496 	16571 	Glu	TTC	0	0	66.40	38.20	28.20	
NODE_37_length_63498_cov_18.3388 	5	55476 	55551 	Val	TAC	0	0	94.49	73.68	20.81	
NODE_37_length_63498_cov_18.3388 	6	55568 	55644 	Asp	GTC	0	0	94.67	75.49	19.18	
NODE_37_length_63498_cov_18.3388 	7	55759 	55835 	Asp	GTC	0	0	94.67	75.49	19.18	
NODE_37_length_63498_cov_18.3388 	8	7283  	7208  	Asn	GTT	0	0	91.73	62.08	29.65	
NODE_53_length_32280_cov_20.8705 	1	564   	488   	Met	CAT	0	0	87.19	64.42	22.77	
NODE_63_length_19824_cov_22.1249 	1	17026 	16942 	Tyr	GTA	0	0	71.07	41.76	29.31	
NODE_63_length_19824_cov_22.1249 	2	16915 	16842 	Gly	TCC	0	0	82.75	60.87	21.88	
NODE_63_length_19824_cov_22.1249 	3	16822 	16747 	Thr	GGT	0	0	93.76	67.73	26.03	
NODE_63_length_19824_cov_22.1249 	4	15413 	15338 	Trp	CCA	0	0	86.73	63.05	23.68	
NODE_67_length_18185_cov_20.3093 	1	18129 	18060 	Lys	TTT	0	0	26.12	11.05	15.07	
NODE_71_length_15436_cov_17.1607 	1	15312 	15387 	Lys	TTT	0	0	95.07	71.82	23.25	
NODE_81_length_7605_cov_17.2922  	1	7091  	7163  	Leu	GAG	0	0	20.84	19.28	1.56	
NODE_82_length_7583_cov_37.7259  	1	3     	78    	Lys	TTT	0	0	95.07	71.82	23.25	
NODE_85_length_6839_cov_35.614   	1	71    	2     	Lys	TTT	0	0	26.12	11.05	15.07	
NODE_92_length_5738_cov_22.2406  	1	1617  	1692  	Thr	CGT	0	0	90.98	74.93	16.05	
NODE_97_length_5258_cov_82.3535  	1	1954  	2030  	Ile	GAT	0	0	98.83	72.69	26.14	
NODE_97_length_5258_cov_82.3535  	2	2059  	2134  	Ala	TGC	0	0	90.68	71.56	19.12	
NODE_133_length_1389_cov_17.7496 	1	1333  	1264  	Lys	TTT	0	0	26.12	11.05	15.07	
