Sequence                         		tRNA  	Bounds	tRNA	Anti	Intron Bounds	Cove	HMM	2'Str	      
Name                             	tRNA #	Begin 	End   	Type	Codon	Begin	End	Score	Score	Score	Note
--------                         	------	----- 	------	----	-----	-----	----	------	-----	-----	------
NODE_1_length_894442_cov_20.1837 	1	703622	703698	Arg	TCT	0	0	96.39	77.88	18.51	
NODE_1_length_894442_cov_20.1837 	2	703750	703825	His	GTG	0	0	83.51	64.18	19.33	
NODE_1_length_894442_cov_20.1837 	3	703880	703964	Leu	TAG	0	0	76.62	44.97	31.65	
NODE_1_length_894442_cov_20.1837 	4	768114	768189	His	GTG	0	0	83.51	64.18	19.33	
NODE_1_length_894442_cov_20.1837 	5	779468	779544	Asp	GTC	0	0	95.34	76.86	18.48	
NODE_2_length_544782_cov_23.5139 	1	34610 	34686 	Arg	CCG	0	0	87.81	66.55	21.26	
NODE_3_length_491054_cov_20.712  	1	411   	486   	Glu	TTC	0	0	66.40	38.20	28.20	
NODE_3_length_491054_cov_20.712  	2	489   	564   	Gly	GCC	0	0	93.74	68.41	25.33	
NODE_3_length_491054_cov_20.712  	3	97905 	97980 	Gly	GCC	0	0	93.74	68.41	25.33	
NODE_3_length_491054_cov_20.712  	4	145151	145227	Val	GAC	0	0	93.19	67.81	25.38	
NODE_3_length_491054_cov_20.712  	5	179289	179365	Pro	GGG	0	0	74.89	48.01	26.88	
NODE_3_length_491054_cov_20.712  	6	347682	347771	Ser	TGA	0	0	72.70	38.95	33.75	
NODE_3_length_491054_cov_20.712  	7	372062	372137	Gly	GCC	0	0	93.74	68.41	25.33	
NODE_3_length_491054_cov_20.712  	8	378441	378514	Cys	GCA	0	0	62.38	45.73	16.65	
NODE_3_length_491054_cov_20.712  	9	391064	391150	Leu	TAA	0	0	76.64	42.32	34.32	
NODE_4_length_479522_cov_22.4123 	1	74242 	74156 	Leu	CAA	0	0	69.99	38.33	31.66	
NODE_5_length_448974_cov_21.2336 	1	235295	235371	Met	CAT	0	0	85.06	58.55	26.51	
NODE_5_length_448974_cov_21.2336 	2	341408	341480	Leu	GAG	0	0	20.84	19.28	1.56	
NODE_5_length_448974_cov_21.2336 	3	445886	445959	Gly	CCC	0	0	60.35	30.06	30.29	
NODE_5_length_448974_cov_21.2336 	4	251839	251749	Ser	GCT	0	0	76.69	47.10	29.59	
NODE_5_length_448974_cov_21.2336 	5	251631	251555	Arg	ACG	0	0	83.50	58.05	25.45	
NODE_5_length_448974_cov_21.2336 	6	251443	251367	Arg	ACG	0	0	83.50	58.05	25.45	
NODE_5_length_448974_cov_21.2336 	7	182722	182647	Lys	TTT	0	0	95.07	71.82	23.25	
NODE_5_length_448974_cov_21.2336 	8	151730	151641	Ser	CGA	0	0	68.31	24.88	43.43	
NODE_6_length_414863_cov_23.3441 	1	235197	235272	Phe	GAA	0	0	92.69	68.52	24.17	
NODE_6_length_414863_cov_23.3441 	2	246606	246681	Thr	TGT	0	0	93.66	75.64	18.02	
NODE_7_length_383402_cov_23.0006 	1	291825	291749	Met	CAT	0	0	92.87	71.40	21.47	
NODE_8_length_281352_cov_21.1937 	1	188836	188912	Pro	CGG	0	0	88.20	60.26	27.94	
NODE_10_length_247589_cov_23.1564	1	113806	113879	Arg	ACG	0	0	52.72	27.21	25.51	
NODE_10_length_247589_cov_23.1564	2	221701	221775	Gln	TTG	0	0	66.82	40.36	26.46	
NODE_10_length_247589_cov_23.1564	3	225449	225525	Met	CAT	0	0	87.19	64.42	22.77	
NODE_10_length_247589_cov_23.1564	4	69896 	69821 	Asn	GTT	0	0	91.73	62.08	29.65	
NODE_10_length_247589_cov_23.1564	5	69811 	69735 	Pro	TGG	0	0	87.63	64.60	23.03	
NODE_10_length_247589_cov_23.1564	6	69724 	69649 	Lys	TTT	0	0	95.07	71.82	23.25	
NODE_11_length_214765_cov_21.2474	1	119284	119358	Arg	CCT	0	0	69.71	45.21	24.50	
NODE_14_length_184435_cov_22.6602	1	116977	116886	SeC	TCA	0	0	55.75	-18.51	74.26	
NODE_14_length_184435_cov_22.6602	2	62670 	62585 	Leu	GAG	0	0	68.53	39.16	29.37	
NODE_14_length_184435_cov_22.6602	3	62494 	62418 	Met	CAT	0	0	85.85	60.06	25.79	
NODE_18_length_113833_cov_21.2652	1	36055 	36130 	Val	TAC	0	0	94.49	73.68	20.81	
NODE_18_length_113833_cov_21.2652	2	36147 	36223 	Asp	GTC	0	0	94.67	75.49	19.18	
NODE_19_length_109921_cov_23.5051	1	87020 	87106 	Leu	CAG	0	0	73.96	38.54	35.42	
NODE_19_length_109921_cov_23.5051	2	87236 	87322 	Leu	CAG	0	0	73.96	38.54	35.42	
NODE_22_length_98632_cov_23.0026 	1	55898 	55973 	Ala	GGC	0	0	86.95	68.86	18.09	
NODE_22_length_98632_cov_23.0026 	2	56022 	56097 	Glu	TTC	0	0	66.40	38.20	28.20	
NODE_22_length_98632_cov_23.0026 	3	56191 	56266 	Ala	GGC	0	0	86.95	68.86	18.09	
NODE_22_length_98632_cov_23.0026 	4	56313 	56388 	Glu	TTC	0	0	66.40	38.20	28.20	
NODE_22_length_98632_cov_23.0026 	5	95304 	95379 	Val	TAC	0	0	94.49	73.68	20.81	
NODE_22_length_98632_cov_23.0026 	6	95396 	95472 	Asp	GTC	0	0	94.67	75.49	19.18	
NODE_22_length_98632_cov_23.0026 	7	95587 	95663 	Asp	GTC	0	0	94.67	75.49	19.18	
NODE_22_length_98632_cov_23.0026 	8	47099 	47024 	Asn	GTT	0	0	91.73	62.08	29.65	
NODE_24_length_66572_cov_24.2634 	1	65353 	65278 	Trp	CCA	0	0	86.73	63.05	23.68	
NODE_29_length_49334_cov_22.0708 	1	16991 	16902 	Ser	GGA	0	0	71.75	34.38	37.37	
NODE_30_length_42339_cov_24.0476 	1	28642 	28717 	Thr	CGT	0	0	90.98	74.93	16.05	
NODE_39_length_5410_cov_101.607  	1	1805  	1881  	Ile	GAT	0	0	98.83	72.69	26.14	
NODE_39_length_5410_cov_101.607  	2	1910  	1985  	Ala	TGC	0	0	90.68	71.56	19.12	
NODE_44_length_3301_cov_23.3667  	1	521   	437   	Tyr	GTA	0	0	71.07	41.76	29.31	
NODE_44_length_3301_cov_23.3667  	2	410   	337   	Gly	TCC	0	0	82.75	60.87	21.88	
NODE_44_length_3301_cov_23.3667  	3	317   	242   	Thr	GGT	0	0	93.76	67.73	26.03	
