Sequence                         		tRNA  	Bounds	tRNA	Anti	Intron Bounds	Cove	HMM	2'Str	      
Name                             	tRNA #	Begin 	End   	Type	Codon	Begin	End	Score	Score	Score	Note
--------                         	------	----- 	------	----	-----	-----	----	------	-----	-----	------
NODE_1_length_544782_cov_64.9802 	1	34610 	34686 	Arg	CCG	0	0	87.81	66.55	21.26	
NODE_2_length_518174_cov_49.8076 	1	327354	327430	Arg	TCT	0	0	96.39	77.88	18.51	
NODE_2_length_518174_cov_49.8076 	2	327482	327557	His	GTG	0	0	83.51	64.18	19.33	
NODE_2_length_518174_cov_49.8076 	3	327612	327696	Leu	TAG	0	0	76.62	44.97	31.65	
NODE_2_length_518174_cov_49.8076 	4	391846	391921	His	GTG	0	0	83.51	64.18	19.33	
NODE_2_length_518174_cov_49.8076 	5	403200	403276	Asp	GTC	0	0	95.34	76.86	18.48	
NODE_3_length_448515_cov_57.8747 	1	43174 	43088 	Leu	CAA	0	0	69.99	38.33	31.66	
NODE_4_length_415025_cov_61.9563 	1	235197	235272	Phe	GAA	0	0	92.69	68.52	24.17	
NODE_4_length_415025_cov_61.9563 	2	246606	246681	Thr	TGT	0	0	93.66	75.64	18.02	
NODE_5_length_383402_cov_62.6197 	1	291825	291749	Met	CAT	0	0	92.87	71.40	21.47	
NODE_7_length_309456_cov_50.8524 	1	166084	166173	Ser	TGA	0	0	72.70	38.95	33.75	
NODE_7_length_309456_cov_50.8524 	2	190464	190539	Gly	GCC	0	0	93.74	68.41	25.33	
NODE_7_length_309456_cov_50.8524 	3	196843	196916	Cys	GCA	0	0	62.38	45.73	16.65	
NODE_7_length_309456_cov_50.8524 	4	209466	209552	Leu	TAA	0	0	76.64	42.32	34.32	
NODE_8_length_281352_cov_52.9876 	1	188836	188912	Pro	CGG	0	0	88.20	60.26	27.94	
NODE_9_length_273934_cov_54.9227 	1	237983	238059	Met	CAT	0	0	85.06	58.55	26.51	
NODE_9_length_273934_cov_54.9227 	2	254527	254437	Ser	GCT	0	0	76.69	47.10	29.59	
NODE_9_length_273934_cov_54.9227 	3	254319	254243	Arg	ACG	0	0	83.50	58.05	25.45	
NODE_9_length_273934_cov_54.9227 	4	254131	254055	Arg	ACG	0	0	83.50	58.05	25.45	
NODE_9_length_273934_cov_54.9227 	5	185410	185335	Lys	TTT	0	0	95.07	71.82	23.25	
NODE_9_length_273934_cov_54.9227 	6	154418	154329	Ser	CGA	0	0	68.31	24.88	43.43	
NODE_11_length_243927_cov_58.1874	1	113806	113879	Arg	ACG	0	0	52.72	27.21	25.51	
NODE_11_length_243927_cov_58.1874	2	221701	221775	Gln	TTG	0	0	66.82	40.36	26.46	
NODE_11_length_243927_cov_58.1874	3	225449	225525	Met	CAT	0	0	87.19	64.42	22.77	
NODE_11_length_243927_cov_58.1874	4	69896 	69821 	Asn	GTT	0	0	91.73	62.08	29.65	
NODE_11_length_243927_cov_58.1874	5	69811 	69735 	Pro	TGG	0	0	87.63	64.60	23.03	
NODE_11_length_243927_cov_58.1874	6	69724 	69649 	Lys	TTT	0	0	95.07	71.82	23.25	
NODE_12_length_214765_cov_57.1928	1	119284	119358	Arg	CCT	0	0	69.71	45.21	24.50	
NODE_15_length_184435_cov_60.0411	1	116977	116886	SeC	TCA	0	0	55.75	-18.51	74.26	
NODE_15_length_184435_cov_60.0411	2	62670 	62585 	Leu	GAG	0	0	68.53	39.16	29.37	
NODE_15_length_184435_cov_60.0411	3	62494 	62418 	Met	CAT	0	0	85.85	60.06	25.79	
NODE_16_length_180848_cov_51.4161	1	180438	180363	Glu	TTC	0	0	66.40	38.20	28.20	
NODE_16_length_180848_cov_51.4161	2	180360	180285	Gly	GCC	0	0	93.74	68.41	25.33	
NODE_16_length_180848_cov_51.4161	3	82944 	82869 	Gly	GCC	0	0	93.74	68.41	25.33	
NODE_16_length_180848_cov_51.4161	4	35698 	35622 	Val	GAC	0	0	93.19	67.81	25.38	
NODE_16_length_180848_cov_51.4161	5	1560  	1484  	Pro	GGG	0	0	74.89	48.01	26.88	
NODE_18_length_177986_cov_55.5907	1	107567	107495	Leu	GAG	0	0	20.84	19.28	1.56	
NODE_18_length_177986_cov_55.5907	2	3089  	3016  	Gly	CCC	0	0	60.35	30.06	30.29	
NODE_21_length_113833_cov_55.8064	1	36055 	36130 	Val	TAC	0	0	94.49	73.68	20.81	
NODE_21_length_113833_cov_55.8064	2	36147 	36223 	Asp	GTC	0	0	94.67	75.49	19.18	
NODE_22_length_109921_cov_62.5468	1	87020 	87106 	Leu	CAG	0	0	73.96	38.54	35.42	
NODE_22_length_109921_cov_62.5468	2	87236 	87322 	Leu	CAG	0	0	73.96	38.54	35.42	
NODE_26_length_96224_cov_49.3568 	1	55898 	55973 	Ala	GGC	0	0	86.95	68.86	18.09	
NODE_26_length_96224_cov_49.3568 	2	56022 	56097 	Glu	TTC	0	0	66.40	38.20	28.20	
NODE_26_length_96224_cov_49.3568 	3	56191 	56266 	Ala	GGC	0	0	86.95	68.86	18.09	
NODE_26_length_96224_cov_49.3568 	4	56313 	56388 	Glu	TTC	0	0	66.40	38.20	28.20	
NODE_26_length_96224_cov_49.3568 	5	95304 	95379 	Val	TAC	0	0	94.49	73.68	20.81	
NODE_26_length_96224_cov_49.3568 	6	95396 	95472 	Asp	GTC	0	0	94.67	75.49	19.18	
NODE_26_length_96224_cov_49.3568 	7	95587 	95663 	Asp	GTC	0	0	94.67	75.49	19.18	
NODE_26_length_96224_cov_49.3568 	8	47099 	47024 	Asn	GTT	0	0	91.73	62.08	29.65	
NODE_28_length_65507_cov_62.618  	1	64288 	64213 	Trp	CCA	0	0	86.73	63.05	23.68	
NODE_32_length_49334_cov_53.4666 	1	16991 	16902 	Ser	GGA	0	0	71.75	34.38	37.37	
NODE_33_length_42339_cov_57.1133 	1	28642 	28717 	Thr	CGT	0	0	90.98	74.93	16.05	
NODE_43_length_5410_cov_176.612  	1	1805  	1881  	Ile	GAT	0	0	98.83	72.69	26.14	
NODE_43_length_5410_cov_176.612  	2	1910  	1985  	Ala	TGC	0	0	90.68	71.56	19.12	
NODE_49_length_3301_cov_48.8566  	1	521   	437   	Tyr	GTA	0	0	71.07	41.76	29.31	
NODE_49_length_3301_cov_48.8566  	2	410   	337   	Gly	TCC	0	0	82.75	60.87	21.88	
NODE_49_length_3301_cov_48.8566  	3	317   	242   	Thr	GGT	0	0	93.76	67.73	26.03	
NODE_68_length_491_cov_0.901099  	1	49    	122   	Arg	TCT	0	0	79.19	64.09	15.10	
