Sequence                         		tRNA  	Bounds	tRNA	Anti	Intron Bounds	Cove	HMM	2'Str	      
Name                             	tRNA #	Begin 	End   	Type	Codon	Begin	End	Score	Score	Score	Note
--------                         	------	----- 	------	----	-----	-----	----	------	-----	-----	------
NODE_1_length_848579_cov_91.3272 	1	646830	646906	Arg	CCT	0	0	83.71	58.51	25.20	
NODE_1_length_848579_cov_91.3272 	2	774671	774746	Val	TAC	0	0	94.49	73.68	20.81	
NODE_1_length_848579_cov_91.3272 	3	774763	774839	Asp	GTC	0	0	94.67	75.49	19.18	
NODE_1_length_848579_cov_91.3272 	4	154982	154896	Leu	CAA	0	0	69.99	38.33	31.66	
NODE_2_length_639555_cov_89.4382 	1	97205 	97295 	Ser	GCT	0	0	76.69	47.10	29.59	
NODE_2_length_639555_cov_89.4382 	2	97413 	97489 	Arg	ACG	0	0	83.50	58.05	25.45	
NODE_2_length_639555_cov_89.4382 	3	97601 	97677 	Arg	ACG	0	0	83.50	58.05	25.45	
NODE_2_length_639555_cov_89.4382 	4	166319	166394	Lys	TTT	0	0	95.07	71.82	23.25	
NODE_2_length_639555_cov_89.4382 	5	199429	199518	Ser	CGA	0	0	68.31	24.88	43.43	
NODE_2_length_639555_cov_89.4382 	6	113749	113673	Met	CAT	0	0	85.06	58.55	26.51	
NODE_2_length_639555_cov_89.4382 	7	7528  	7456  	Leu	GAG	0	0	20.84	19.28	1.56	
NODE_3_length_512335_cov_88.2406 	1	386344	386420	Arg	TCT	0	0	96.39	77.88	18.51	
NODE_3_length_512335_cov_88.2406 	2	386472	386547	His	GTG	0	0	83.51	64.18	19.33	
NODE_3_length_512335_cov_88.2406 	3	386602	386686	Leu	TAG	0	0	76.62	44.97	31.65	
NODE_3_length_512335_cov_88.2406 	4	386753	386828	His	GTG	0	0	83.51	64.18	19.33	
NODE_3_length_512335_cov_88.2406 	5	398113	398189	Asp	GTC	0	0	95.34	76.86	18.48	
NODE_4_length_482165_cov_91.1454 	1	187165	187240	Asn	GTT	0	0	91.73	62.08	29.65	
NODE_4_length_482165_cov_91.1454 	2	187250	187326	Pro	TGG	0	0	87.63	64.60	23.03	
NODE_4_length_482165_cov_91.1454 	3	187337	187412	Lys	TTT	0	0	95.07	71.82	23.25	
NODE_4_length_482165_cov_91.1454 	4	206730	206805	Thr	CGT	0	0	90.98	74.93	16.05	
NODE_4_length_482165_cov_91.1454 	5	143249	143176	Arg	ACG	0	0	52.72	27.21	25.51	
NODE_4_length_482165_cov_91.1454 	6	36285 	36211 	Gln	TTG	0	0	66.82	40.36	26.46	
NODE_4_length_482165_cov_91.1454 	7	32536 	32460 	Met	CAT	0	0	87.19	64.42	22.77	
NODE_5_length_477001_cov_87.7981 	1	115406	115495	Ser	GGA	0	0	71.75	34.38	37.37	
NODE_5_length_477001_cov_87.7981 	2	304180	304256	Pro	CGG	0	0	88.20	60.26	27.94	
NODE_5_length_477001_cov_87.7981 	3	432988	433063	Asn	GTT	0	0	91.73	62.08	29.65	
NODE_5_length_477001_cov_87.7981 	4	424189	424114	Ala	GGC	0	0	86.95	68.86	18.09	
NODE_5_length_477001_cov_87.7981 	5	424065	423990	Glu	TTC	0	0	66.40	38.20	28.20	
NODE_5_length_477001_cov_87.7981 	6	423896	423821	Ala	GGC	0	0	86.95	68.86	18.09	
NODE_5_length_477001_cov_87.7981 	7	423774	423699	Glu	TTC	0	0	66.40	38.20	28.20	
NODE_5_length_477001_cov_87.7981 	8	384798	384723	Val	TAC	0	0	94.49	73.68	20.81	
NODE_5_length_477001_cov_87.7981 	9	384706	384630	Asp	GTC	0	0	94.67	75.49	19.18	
NODE_5_length_477001_cov_87.7981 	10	384515	384439	Asp	GTC	0	0	94.67	75.49	19.18	
NODE_5_length_477001_cov_87.7981 	11	82910 	82835 	Glu	TTC	0	0	66.40	38.20	28.20	
NODE_5_length_477001_cov_87.7981 	12	82832 	82757 	Gly	GCC	0	0	93.74	68.41	25.33	
NODE_5_length_477001_cov_87.7981 	13	82672 	82597 	Gly	GCC	0	0	93.74	68.41	25.33	
NODE_5_length_477001_cov_87.7981 	14	36262 	36186 	Val	GAC	0	0	93.19	67.81	25.38	
NODE_5_length_477001_cov_87.7981 	15	2120  	2044  	Pro	GGG	0	0	74.89	48.01	26.88	
NODE_6_length_456577_cov_94.4632 	1	338276	338367	SeC	TCA	0	0	55.75	-18.51	74.26	
NODE_6_length_456577_cov_94.4632 	2	393788	393873	Leu	GAG	0	0	68.53	39.16	29.37	
NODE_6_length_456577_cov_94.4632 	3	393964	394040	Met	CAT	0	0	85.85	60.06	25.79	
NODE_6_length_456577_cov_94.4632 	4	184675	184589	Leu	CAG	0	0	73.96	38.54	35.42	
NODE_6_length_456577_cov_94.4632 	5	184459	184373	Leu	CAG	0	0	73.96	38.54	35.42	
NODE_7_length_398192_cov_88.5852 	1	259392	259303	Ser	TGA	0	0	68.83	34.50	34.33	
NODE_7_length_398192_cov_88.5852 	2	144568	144493	Gly	GCC	0	0	93.74	68.41	25.33	
NODE_7_length_398192_cov_88.5852 	3	139958	139885	Cys	GCA	0	0	62.38	45.73	16.65	
NODE_7_length_398192_cov_88.5852 	4	127334	127248	Leu	TAA	0	0	76.64	42.32	34.32	
NODE_8_length_371638_cov_94.5249 	1	294478	294402	Met	CAT	0	0	92.87	71.40	21.47	
NODE_9_length_314920_cov_94.2394 	1	242532	242457	Phe	GAA	0	0	92.69	68.52	24.17	
NODE_9_length_314920_cov_94.2394 	2	231122	231047	Thr	TGT	0	0	93.66	75.64	18.02	
NODE_14_length_182644_cov_91.4384	1	125553	125626	Gly	CCC	0	0	60.35	30.06	30.29	
NODE_19_length_65537_cov_96.9579 	1	64318 	64243 	Trp	CCA	0	0	86.73	63.05	23.68	
NODE_24_length_36165_cov_94.9599 	1	1532  	1456  	Arg	CCG	0	0	87.81	66.55	21.26	
NODE_31_length_5613_cov_262.049  	1	2026  	2102  	Ile	GAT	0	0	98.83	72.69	26.14	
NODE_31_length_5613_cov_262.049  	2	2131  	2206  	Ala	TGC	0	0	90.68	71.56	19.12	
NODE_36_length_3321_cov_73.8995  	1	521   	437   	Tyr	GTA	0	0	71.07	41.76	29.31	
NODE_36_length_3321_cov_73.8995  	2	410   	337   	Gly	TCC	0	0	82.75	60.87	21.88	
NODE_36_length_3321_cov_73.8995  	3	317   	242   	Thr	GGT	0	0	93.76	67.73	26.03	
