Sequence                         		tRNA  	Bounds	tRNA	Anti	Intron Bounds	Cove	HMM	2'Str	      
Name                             	tRNA #	Begin 	End   	Type	Codon	Begin	End	Score	Score	Score	Note
--------                         	------	----- 	------	----	-----	-----	----	------	-----	-----	------
NODE_1_length_454265_cov_77.1172 	1	270481	270567	Leu	CAG	0	0	73.96	38.54	35.42	
NODE_1_length_454265_cov_77.1172 	2	270697	270783	Leu	CAG	0	0	73.96	38.54	35.42	
NODE_1_length_454265_cov_77.1172 	3	116993	116902	SeC	TCA	0	0	55.75	-18.51	74.26	
NODE_1_length_454265_cov_77.1172 	4	62854 	62769 	Leu	GAG	0	0	68.53	39.16	29.37	
NODE_1_length_454265_cov_77.1172 	5	62678 	62602 	Met	CAT	0	0	85.85	60.06	25.79	
NODE_2_length_374675_cov_76.9739 	1	294343	294267	Met	CAT	0	0	92.87	71.40	21.47	
NODE_3_length_327428_cov_77.6065 	1	73286 	73361 	Phe	GAA	0	0	92.69	68.52	24.17	
NODE_3_length_327428_cov_77.6065 	2	85260 	85334 	Undet	NNN	0	0	25.72	24.06	1.66	
NODE_3_length_327428_cov_77.6065 	3	96664 	96739 	Thr	TGT	0	0	93.66	75.64	18.02	
NODE_4_length_264593_cov_71.3942 	1	87825 	87901 	Pro	CGG	0	0	88.20	60.26	27.94	
NODE_4_length_264593_cov_71.3942 	2	259104	259179	Asn	GTT	0	0	91.73	62.08	29.65	
NODE_4_length_264593_cov_71.3942 	3	250305	250230	Ala	GGC	0	0	86.95	68.86	18.09	
NODE_4_length_264593_cov_71.3942 	4	250181	250106	Glu	TTC	0	0	66.40	38.20	28.20	
NODE_4_length_264593_cov_71.3942 	5	250012	249937	Ala	GGC	0	0	86.95	68.86	18.09	
NODE_4_length_264593_cov_71.3942 	6	249890	249815	Glu	TTC	0	0	66.40	38.20	28.20	
NODE_4_length_264593_cov_71.3942 	7	210910	210835	Val	TAC	0	0	94.49	73.68	20.81	
NODE_4_length_264593_cov_71.3942 	8	210818	210742	Asp	GTC	0	0	94.67	75.49	19.18	
NODE_4_length_264593_cov_71.3942 	9	210627	210551	Asp	GTC	0	0	94.67	75.49	19.18	
NODE_5_length_264463_cov_70.0792 	1	123653	123564	Ser	TGA	0	0	72.70	38.95	33.75	
NODE_5_length_264463_cov_70.0792 	2	99276 	99201 	Gly	GCC	0	0	93.74	68.41	25.33	
NODE_5_length_264463_cov_70.0792 	3	94654 	94581 	Cys	GCA	0	0	62.38	45.73	16.65	
NODE_5_length_264463_cov_70.0792 	4	82031 	81945 	Leu	TAA	0	0	76.64	42.32	34.32	
NODE_8_length_230410_cov_75.3034 	1	166768	166692	Arg	CCT	0	0	83.71	58.51	25.20	
NODE_8_length_230410_cov_75.3034 	2	29719 	29644 	Val	TAC	0	0	94.49	73.68	20.81	
NODE_8_length_230410_cov_75.3034 	3	29627 	29551 	Asp	GTC	0	0	94.67	75.49	19.18	
NODE_13_length_179364_cov_73.1492	1	33175 	33264 	Ser	CGA	0	0	68.31	24.88	43.43	
NODE_14_length_177346_cov_72.0492	1	70838 	70927 	Ser	GGA	0	0	71.75	34.38	37.37	
NODE_14_length_177346_cov_72.0492	2	38341 	38266 	Glu	TTC	0	0	66.40	38.20	28.20	
NODE_14_length_177346_cov_72.0492	3	38263 	38188 	Gly	GCC	0	0	93.74	68.41	25.33	
NODE_15_length_172668_cov_74.3478	1	72627 	72554 	Gly	CCC	0	0	60.35	30.06	30.29	
NODE_17_length_165183_cov_69.3596	1	151598	151523	Thr	TGT	0	0	74.27	61.42	12.85	
NODE_17_length_165183_cov_69.3596	2	124993	124918	His	GTG	0	0	83.51	64.18	19.33	
NODE_17_length_165183_cov_69.3596	3	110778	110702	Asp	GTC	0	0	95.34	76.86	18.48	
NODE_18_length_164193_cov_70.7329	1	95535 	95460 	Gly	GCC	0	0	93.74	68.41	25.33	
NODE_18_length_164193_cov_70.7329	2	54000 	53924 	Val	GAC	0	0	93.19	67.81	25.38	
NODE_18_length_164193_cov_70.7329	3	19857 	19781 	Pro	GGG	0	0	74.89	48.01	26.88	
NODE_19_length_139584_cov_73.4072	1	85624 	85714 	Ser	GCT	0	0	76.69	47.10	29.59	
NODE_19_length_139584_cov_73.4072	2	85832 	85908 	Arg	ACG	0	0	83.50	58.05	25.45	
NODE_19_length_139584_cov_73.4072	3	86020 	86096 	Arg	ACG	0	0	83.50	58.05	25.45	
NODE_19_length_139584_cov_73.4072	4	102168	102092	Met	CAT	0	0	85.06	58.55	26.51	
NODE_25_length_113707_cov_72.7652	1	112907	112832	Thr	CGT	0	0	90.98	74.93	16.05	
NODE_26_length_105519_cov_73.9195	1	78814 	78900 	Leu	CAA	0	0	69.99	38.33	31.66	
NODE_27_length_102871_cov_74.7773	1	22236 	22162 	Gln	TTG	0	0	66.82	40.36	26.46	
NODE_27_length_102871_cov_74.7773	2	18487 	18411 	Met	CAT	0	0	87.19	64.42	22.77	
NODE_31_length_74014_cov_74.7306 	1	49515 	49588 	Arg	ACG	0	0	52.72	27.21	25.51	
NODE_31_length_74014_cov_74.7306 	2	5599  	5524  	Asn	GTT	0	0	91.73	62.08	29.65	
NODE_31_length_74014_cov_74.7306 	3	5514  	5438  	Pro	TGG	0	0	87.63	64.60	23.03	
NODE_31_length_74014_cov_74.7306 	4	5427  	5352  	Lys	TTT	0	0	95.07	71.82	23.25	
NODE_34_length_65444_cov_79.6535 	1	64225 	64150 	Trp	CCA	0	0	86.73	63.05	23.68	
NODE_36_length_61621_cov_68.7317 	1	12881 	12805 	Arg	TCT	0	0	96.39	77.88	18.51	
NODE_36_length_61621_cov_68.7317 	2	12753 	12678 	His	GTG	0	0	83.51	64.18	19.33	
NODE_36_length_61621_cov_68.7317 	3	12623 	12539 	Leu	TAG	0	0	76.62	44.97	31.65	
NODE_46_length_36105_cov_79.4282 	1	1464  	1388  	Arg	CCG	0	0	87.81	66.55	21.26	
NODE_52_length_19660_cov_69.6775 	1	15388 	15463 	Lys	TTT	0	0	95.07	71.82	23.25	
NODE_58_length_8892_cov_67.3994  	1	7091  	7163  	Leu	GAG	0	0	20.84	19.28	1.56	
NODE_68_length_5542_cov_266.543  	1	1954  	2030  	Ile	GAT	0	0	98.83	72.69	26.14	
NODE_68_length_5542_cov_266.543  	2	2059  	2134  	Ala	TGC	0	0	90.68	71.56	19.12	
NODE_88_length_3319_cov_71.552   	1	521   	437   	Tyr	GTA	0	0	71.07	41.76	29.31	
NODE_88_length_3319_cov_71.552   	2	410   	337   	Gly	TCC	0	0	82.75	60.87	21.88	
NODE_88_length_3319_cov_71.552   	3	317   	242   	Thr	GGT	0	0	93.76	67.73	26.03	
