Sequence                         		tRNA  	Bounds	tRNA	Anti	Intron Bounds	Cove	HMM	2'Str	      
Name                             	tRNA #	Begin 	End   	Type	Codon	Begin	End	Score	Score	Score	Note
--------                         	------	----- 	------	----	-----	-----	----	------	-----	-----	------
NODE_1_length_848579_cov_73.7604 	1	646830	646906	Arg	CCT	0	0	83.71	58.51	25.20	
NODE_1_length_848579_cov_73.7604 	2	774671	774746	Val	TAC	0	0	94.49	73.68	20.81	
NODE_1_length_848579_cov_73.7604 	3	774763	774839	Asp	GTC	0	0	94.67	75.49	19.18	
NODE_1_length_848579_cov_73.7604 	4	154982	154896	Leu	CAA	0	0	69.99	38.33	31.66	
NODE_2_length_511609_cov_70.5166 	1	386344	386420	Arg	TCT	0	0	96.39	77.88	18.51	
NODE_2_length_511609_cov_70.5166 	2	386472	386547	His	GTG	0	0	83.51	64.18	19.33	
NODE_2_length_511609_cov_70.5166 	3	386602	386686	Leu	TAG	0	0	76.62	44.97	31.65	
NODE_2_length_511609_cov_70.5166 	4	386753	386828	His	GTG	0	0	83.51	64.18	19.33	
NODE_2_length_511609_cov_70.5166 	5	398113	398189	Asp	GTC	0	0	95.34	76.86	18.48	
NODE_3_length_482165_cov_72.9696 	1	187165	187240	Asn	GTT	0	0	91.73	62.08	29.65	
NODE_3_length_482165_cov_72.9696 	2	187250	187326	Pro	TGG	0	0	87.63	64.60	23.03	
NODE_3_length_482165_cov_72.9696 	3	187337	187412	Lys	TTT	0	0	95.07	71.82	23.25	
NODE_3_length_482165_cov_72.9696 	4	206730	206805	Thr	CGT	0	0	90.98	74.93	16.05	
NODE_3_length_482165_cov_72.9696 	5	143249	143176	Arg	ACG	0	0	52.72	27.21	25.51	
NODE_3_length_482165_cov_72.9696 	6	36285 	36211 	Gln	TTG	0	0	66.82	40.36	26.46	
NODE_3_length_482165_cov_72.9696 	7	32536 	32460 	Met	CAT	0	0	87.19	64.42	22.77	
NODE_4_length_477335_cov_70.7183 	1	115740	115829	Ser	GGA	0	0	71.75	34.38	37.37	
NODE_4_length_477335_cov_70.7183 	2	304514	304590	Pro	CGG	0	0	88.20	60.26	27.94	
NODE_4_length_477335_cov_70.7183 	3	433322	433397	Asn	GTT	0	0	91.73	62.08	29.65	
NODE_4_length_477335_cov_70.7183 	4	424523	424448	Ala	GGC	0	0	86.95	68.86	18.09	
NODE_4_length_477335_cov_70.7183 	5	424399	424324	Glu	TTC	0	0	66.40	38.20	28.20	
NODE_4_length_477335_cov_70.7183 	6	424230	424155	Ala	GGC	0	0	86.95	68.86	18.09	
NODE_4_length_477335_cov_70.7183 	7	424108	424033	Glu	TTC	0	0	66.40	38.20	28.20	
NODE_4_length_477335_cov_70.7183 	8	385132	385057	Val	TAC	0	0	94.49	73.68	20.81	
NODE_4_length_477335_cov_70.7183 	9	385040	384964	Asp	GTC	0	0	94.67	75.49	19.18	
NODE_4_length_477335_cov_70.7183 	10	384849	384773	Asp	GTC	0	0	94.67	75.49	19.18	
NODE_4_length_477335_cov_70.7183 	11	83244 	83169 	Glu	TTC	0	0	66.40	38.20	28.20	
NODE_4_length_477335_cov_70.7183 	12	83166 	83091 	Gly	GCC	0	0	93.74	68.41	25.33	
NODE_4_length_477335_cov_70.7183 	13	83006 	82931 	Gly	GCC	0	0	93.74	68.41	25.33	
NODE_4_length_477335_cov_70.7183 	14	36596 	36520 	Val	GAC	0	0	93.19	67.81	25.38	
NODE_4_length_477335_cov_70.7183 	15	2454  	2378  	Pro	GGG	0	0	74.89	48.01	26.88	
NODE_5_length_471486_cov_72.1795 	1	31360 	31449 	Ser	CGA	0	0	68.31	24.88	43.43	
NODE_6_length_456577_cov_76.0709 	1	338276	338367	SeC	TCA	0	0	55.75	-18.51	74.26	
NODE_6_length_456577_cov_76.0709 	2	393788	393873	Leu	GAG	0	0	68.53	39.16	29.37	
NODE_6_length_456577_cov_76.0709 	3	393964	394040	Met	CAT	0	0	85.85	60.06	25.79	
NODE_6_length_456577_cov_76.0709 	4	184675	184589	Leu	CAG	0	0	73.96	38.54	35.42	
NODE_6_length_456577_cov_76.0709 	5	184459	184373	Leu	CAG	0	0	73.96	38.54	35.42	
NODE_7_length_398192_cov_70.934  	1	259392	259303	Ser	TGA	0	0	68.83	34.50	34.33	
NODE_7_length_398192_cov_70.934  	2	144568	144493	Gly	GCC	0	0	93.74	68.41	25.33	
NODE_7_length_398192_cov_70.934  	3	139958	139885	Cys	GCA	0	0	62.38	45.73	16.65	
NODE_7_length_398192_cov_70.934  	4	127334	127248	Leu	TAA	0	0	76.64	42.32	34.32	
NODE_8_length_371638_cov_76.0038 	1	294478	294402	Met	CAT	0	0	92.87	71.40	21.47	
NODE_9_length_314920_cov_76.1806 	1	242532	242457	Phe	GAA	0	0	92.69	68.52	24.17	
NODE_9_length_314920_cov_76.1806 	2	231122	231047	Thr	TGT	0	0	93.66	75.64	18.02	
NODE_14_length_182644_cov_73.1298	1	125553	125626	Gly	CCC	0	0	60.35	30.06	30.29	
NODE_15_length_167195_cov_68.8585	1	96806 	96896 	Ser	GCT	0	0	76.69	47.10	29.59	
NODE_15_length_167195_cov_68.8585	2	97014 	97090 	Arg	ACG	0	0	83.50	58.05	25.45	
NODE_15_length_167195_cov_68.8585	3	97202 	97278 	Arg	ACG	0	0	83.50	58.05	25.45	
NODE_15_length_167195_cov_68.8585	4	165920	165995	Lys	TTT	0	0	95.07	71.82	23.25	
NODE_15_length_167195_cov_68.8585	5	113350	113274	Met	CAT	0	0	85.06	58.55	26.51	
NODE_15_length_167195_cov_68.8585	6	7129  	7057  	Leu	GAG	0	0	20.84	19.28	1.56	
NODE_20_length_65537_cov_76.5242 	1	64318 	64243 	Trp	CCA	0	0	86.73	63.05	23.68	
NODE_25_length_36165_cov_76.2202 	1	1532  	1456  	Arg	CCG	0	0	87.81	66.55	21.26	
NODE_31_length_5613_cov_199.084  	1	2026  	2102  	Ile	GAT	0	0	98.83	72.69	26.14	
NODE_31_length_5613_cov_199.084  	2	2131  	2206  	Ala	TGC	0	0	90.68	71.56	19.12	
NODE_37_length_3321_cov_63.7727  	1	521   	437   	Tyr	GTA	0	0	71.07	41.76	29.31	
NODE_37_length_3321_cov_63.7727  	2	410   	337   	Gly	TCC	0	0	82.75	60.87	21.88	
NODE_37_length_3321_cov_63.7727  	3	317   	242   	Thr	GGT	0	0	93.76	67.73	26.03	
