Sequence                         		tRNA  	Bounds	tRNA	Anti	Intron Bounds	Cove	HMM	2'Str	      
Name                             	tRNA #	Begin 	End   	Type	Codon	Begin	End	Score	Score	Score	Note
--------                         	------	----- 	------	----	-----	-----	----	------	-----	-----	------
NODE_1_length_778036_cov_63.9104 	1	660870	660961	SeC	TCA	0	0	55.75	-18.51	74.26	
NODE_1_length_778036_cov_63.9104 	2	715060	715145	Leu	GAG	0	0	68.53	39.16	29.37	
NODE_1_length_778036_cov_63.9104 	3	715236	715312	Met	CAT	0	0	85.85	60.06	25.79	
NODE_1_length_778036_cov_63.9104 	4	507198	507112	Leu	CAG	0	0	73.96	38.54	35.42	
NODE_1_length_778036_cov_63.9104 	5	506982	506896	Leu	CAG	0	0	73.96	38.54	35.42	
NODE_1_length_778036_cov_63.9104 	6	250259	250184	Phe	GAA	0	0	92.69	68.52	24.17	
NODE_1_length_778036_cov_63.9104 	7	238854	238779	Thr	TGT	0	0	93.66	75.64	18.02	
NODE_2_length_599985_cov_55.2944 	1	235274	235363	Ser	GGA	0	0	71.75	34.38	37.37	
NODE_2_length_599985_cov_55.2944 	2	424051	424127	Pro	CGG	0	0	88.20	60.26	27.94	
NODE_2_length_599985_cov_55.2944 	3	552890	552965	Asn	GTT	0	0	91.73	62.08	29.65	
NODE_2_length_599985_cov_55.2944 	4	544091	544016	Ala	GGC	0	0	86.95	68.86	18.09	
NODE_2_length_599985_cov_55.2944 	5	543967	543892	Glu	TTC	0	0	66.40	38.20	28.20	
NODE_2_length_599985_cov_55.2944 	6	543798	543723	Ala	GGC	0	0	86.95	68.86	18.09	
NODE_2_length_599985_cov_55.2944 	7	543676	543601	Glu	TTC	0	0	66.40	38.20	28.20	
NODE_2_length_599985_cov_55.2944 	8	504679	504604	Val	TAC	0	0	94.49	73.68	20.81	
NODE_2_length_599985_cov_55.2944 	9	504587	504511	Asp	GTC	0	0	94.67	75.49	19.18	
NODE_2_length_599985_cov_55.2944 	10	504396	504320	Asp	GTC	0	0	94.67	75.49	19.18	
NODE_2_length_599985_cov_55.2944 	11	202778	202703	Glu	TTC	0	0	66.40	38.20	28.20	
NODE_2_length_599985_cov_55.2944 	12	202700	202625	Gly	GCC	0	0	93.74	68.41	25.33	
NODE_2_length_599985_cov_55.2944 	13	202540	202465	Gly	GCC	0	0	93.74	68.41	25.33	
NODE_2_length_599985_cov_55.2944 	14	40957 	40881 	Val	GAC	0	0	93.19	67.81	25.38	
NODE_2_length_599985_cov_55.2944 	15	6816  	6740  	Pro	GGG	0	0	74.89	48.01	26.88	
NODE_3_length_570777_cov_59.0435 	1	162885	162961	Met	CAT	0	0	85.06	58.55	26.51	
NODE_3_length_570777_cov_59.0435 	2	269112	269184	Leu	GAG	0	0	20.84	19.28	1.56	
NODE_3_length_570777_cov_59.0435 	3	421318	421391	Gly	CCC	0	0	60.35	30.06	30.29	
NODE_3_length_570777_cov_59.0435 	4	293085	293010	Met	CAT	0	0	54.43	34.38	20.05	
NODE_3_length_570777_cov_59.0435 	5	179431	179341	Ser	GCT	0	0	76.69	47.10	29.59	
NODE_3_length_570777_cov_59.0435 	6	179223	179147	Arg	ACG	0	0	83.50	58.05	25.45	
NODE_3_length_570777_cov_59.0435 	7	179035	178959	Arg	ACG	0	0	83.50	58.05	25.45	
NODE_3_length_570777_cov_59.0435 	8	110335	110260	Lys	TTT	0	0	95.07	71.82	23.25	
NODE_3_length_570777_cov_59.0435 	9	67008 	66919 	Ser	CGA	0	0	68.31	24.88	43.43	
NODE_4_length_512848_cov_53.4098 	1	388835	388911	Arg	TCT	0	0	96.39	77.88	18.51	
NODE_4_length_512848_cov_53.4098 	2	388963	389038	His	GTG	0	0	83.51	64.18	19.33	
NODE_4_length_512848_cov_53.4098 	3	389093	389177	Leu	TAG	0	0	76.62	44.97	31.65	
NODE_4_length_512848_cov_53.4098 	4	389244	389319	His	GTG	0	0	83.51	64.18	19.33	
NODE_4_length_512848_cov_53.4098 	5	400603	400679	Asp	GTC	0	0	95.34	76.86	18.48	
NODE_6_length_454353_cov_63.8209 	1	100334	100409	Asn	GTT	0	0	91.73	62.08	29.65	
NODE_6_length_454353_cov_63.8209 	2	100419	100495	Pro	TGG	0	0	87.63	64.60	23.03	
NODE_6_length_454353_cov_63.8209 	3	100506	100581	Lys	TTT	0	0	95.07	71.82	23.25	
NODE_6_length_454353_cov_63.8209 	4	204028	204113	Lys	TTT	0	0	22.00	12.28	9.72	
NODE_6_length_454353_cov_63.8209 	5	221959	222034	Thr	CGT	0	0	90.98	74.93	16.05	
NODE_6_length_454353_cov_63.8209 	6	56418 	56345 	Arg	ACG	0	0	52.72	27.21	25.51	
NODE_7_length_377743_cov_63.586  	1	298378	298302	Met	CAT	0	0	92.87	71.40	21.47	
NODE_8_length_327600_cov_61.6881 	1	210407	210321	Leu	CAA	0	0	69.99	38.33	31.66	
NODE_9_length_301224_cov_52.8157 	1	179548	179637	Ser	TGA	0	0	72.70	38.95	33.75	
NODE_9_length_301224_cov_52.8157 	2	203925	204000	Gly	GCC	0	0	93.74	68.41	25.33	
NODE_9_length_301224_cov_52.8157 	3	208547	208620	Cys	GCA	0	0	62.38	45.73	16.65	
NODE_12_length_209700_cov_58.8197	1	3121  	3045  	Arg	CCT	0	0	83.71	58.51	25.20	
NODE_13_length_204923_cov_58.0096	1	131050	131125	Val	TAC	0	0	94.49	73.68	20.81	
NODE_13_length_204923_cov_58.0096	2	131142	131218	Asp	GTC	0	0	94.67	75.49	19.18	
NODE_23_length_61187_cov_62.8508 	1	11118 	11044 	Gln	TTG	0	0	66.82	40.36	26.46	
NODE_23_length_61187_cov_62.8508 	2	7369  	7293  	Met	CAT	0	0	87.19	64.42	22.77	
NODE_27_length_41161_cov_63.837  	1	6424  	6348  	Arg	CCG	0	0	90.57	71.58	18.99	
NODE_30_length_31792_cov_65.8069 	1	30573 	30498 	Trp	CCA	0	0	86.73	63.05	23.68	
NODE_38_length_5317_cov_231.908  	1	1829  	1905  	Ile	GAT	0	0	98.83	72.69	26.14	
NODE_38_length_5317_cov_231.908  	2	1934  	2009  	Ala	TGC	0	0	90.68	71.56	19.12	
NODE_41_length_3418_cov_62.6013  	1	521   	437   	Tyr	GTA	0	0	71.07	41.76	29.31	
NODE_41_length_3418_cov_62.6013  	2	410   	337   	Gly	TCC	0	0	82.75	60.87	21.88	
NODE_41_length_3418_cov_62.6013  	3	317   	242   	Thr	GGT	0	0	93.76	67.73	26.03	
NODE_136_length_208_cov_19.9012  	1	41    	126   	Lys	TTT	0	0	22.00	12.28	9.72	
