Sequence                         		tRNA  	Bounds	tRNA	Anti	Intron Bounds	Cove	HMM	2'Str	      
Name                             	tRNA #	Begin 	End   	Type	Codon	Begin	End	Score	Score	Score	Note
--------                         	------	----- 	------	----	-----	-----	----	------	-----	-----	------
NODE_1_length_549275_cov_62.2004 	1	431965	432056	SeC	TCA	0	0	55.75	-18.51	74.26	
NODE_1_length_549275_cov_62.2004 	2	486156	486241	Leu	GAG	0	0	68.53	39.16	29.37	
NODE_1_length_549275_cov_62.2004 	3	486332	486408	Met	CAT	0	0	85.85	60.06	25.79	
NODE_1_length_549275_cov_62.2004 	4	278313	278227	Leu	CAG	0	0	73.96	38.54	35.42	
NODE_1_length_549275_cov_62.2004 	5	278097	278011	Leu	CAG	0	0	73.96	38.54	35.42	
NODE_2_length_488666_cov_52.6443 	1	118966	119055	Ser	GGA	0	0	71.75	34.38	37.37	
NODE_2_length_488666_cov_52.6443 	2	307762	307838	Pro	CGG	0	0	88.20	60.26	27.94	
NODE_2_length_488666_cov_52.6443 	3	436580	436655	Asn	GTT	0	0	91.73	62.08	29.65	
NODE_2_length_488666_cov_52.6443 	4	427781	427706	Ala	GGC	0	0	86.95	68.86	18.09	
NODE_2_length_488666_cov_52.6443 	5	427657	427582	Glu	TTC	0	0	66.40	38.20	28.20	
NODE_2_length_488666_cov_52.6443 	6	427488	427413	Ala	GGC	0	0	86.95	68.86	18.09	
NODE_2_length_488666_cov_52.6443 	7	427366	427291	Glu	TTC	0	0	66.40	38.20	28.20	
NODE_2_length_488666_cov_52.6443 	8	388384	388309	Val	TAC	0	0	94.49	73.68	20.81	
NODE_2_length_488666_cov_52.6443 	9	388292	388216	Asp	GTC	0	0	94.67	75.49	19.18	
NODE_2_length_488666_cov_52.6443 	10	388101	388025	Asp	GTC	0	0	94.67	75.49	19.18	
NODE_2_length_488666_cov_52.6443 	11	86468 	86393 	Glu	TTC	0	0	66.40	38.20	28.20	
NODE_2_length_488666_cov_52.6443 	12	86390 	86315 	Gly	GCC	0	0	93.74	68.41	25.33	
NODE_2_length_488666_cov_52.6443 	13	86230 	86155 	Gly	GCC	0	0	93.74	68.41	25.33	
NODE_2_length_488666_cov_52.6443 	14	41212 	41136 	Val	GAC	0	0	93.19	67.81	25.38	
NODE_3_length_459085_cov_58.8699 	1	230632	230546	Leu	CAA	0	0	69.99	38.33	31.66	
NODE_4_length_453095_cov_53.024  	1	394057	393968	Ser	CGA	0	0	68.31	24.88	43.43	
NODE_5_length_353051_cov_55.096  	1	60681 	60757 	Met	CAT	0	0	85.06	58.55	26.51	
NODE_5_length_353051_cov_55.096  	2	166902	166974	Leu	GAG	0	0	20.84	19.28	1.56	
NODE_5_length_353051_cov_55.096  	3	294831	294904	Gly	CCC	0	0	60.35	30.06	30.29	
NODE_5_length_353051_cov_55.096  	4	77224 	77134 	Ser	GCT	0	0	76.69	47.10	29.59	
NODE_5_length_353051_cov_55.096  	5	77016 	76940 	Arg	ACG	0	0	83.50	58.05	25.45	
NODE_5_length_353051_cov_55.096  	6	76828 	76752 	Arg	ACG	0	0	83.50	58.05	25.45	
NODE_5_length_353051_cov_55.096  	7	8107  	8032  	Lys	TTT	0	0	95.07	71.82	23.25	
NODE_6_length_308887_cov_56.9444 	1	242392	242317	Thr	CGT	0	0	90.98	74.93	16.05	
NODE_7_length_294372_cov_47.9417 	1	149741	149665	Arg	TCT	0	0	96.39	77.88	18.51	
NODE_7_length_294372_cov_47.9417 	2	149613	149538	His	GTG	0	0	83.51	64.18	19.33	
NODE_7_length_294372_cov_47.9417 	3	149483	149399	Leu	TAG	0	0	76.62	44.97	31.65	
NODE_7_length_294372_cov_47.9417 	4	118749	118674	Gly	TCC	0	0	82.79	56.37	26.42	
NODE_7_length_294372_cov_47.9417 	5	92123 	92048 	His	GTG	0	0	83.51	64.18	19.33	
NODE_7_length_294372_cov_47.9417 	6	80763 	80687 	Asp	GTC	0	0	95.34	76.86	18.48	
NODE_8_length_263782_cov_50.7683 	1	122349	122260	Ser	TGA	0	0	72.70	38.95	33.75	
NODE_8_length_263782_cov_50.7683 	2	97972 	97897 	Gly	GCC	0	0	93.74	68.41	25.33	
NODE_9_length_253238_cov_56.3236 	1	250526	250602	Arg	CCT	0	0	83.71	58.51	25.20	
NODE_11_length_236090_cov_59.0023	1	104161	104234	Arg	ACG	0	0	52.72	27.21	25.51	
NODE_11_length_236090_cov_59.0023	2	210164	210238	Gln	TTG	0	0	66.82	40.36	26.46	
NODE_11_length_236090_cov_59.0023	3	213912	213988	Met	CAT	0	0	87.19	64.42	22.77	
NODE_11_length_236090_cov_59.0023	4	60245 	60170 	Asn	GTT	0	0	91.73	62.08	29.65	
NODE_11_length_236090_cov_59.0023	5	60160 	60084 	Pro	TGG	0	0	87.63	64.60	23.03	
NODE_11_length_236090_cov_59.0023	6	60073 	59998 	Lys	TTT	0	0	95.07	71.82	23.25	
NODE_12_length_233306_cov_61.5826	1	97206 	97282 	Met	CAT	0	0	92.87	71.40	21.47	
NODE_14_length_202757_cov_55.0232	1	1079  	1153  	Arg	CCT	0	0	69.69	51.80	17.89	
NODE_14_length_202757_cov_55.0232	2	128906	128981	Val	TAC	0	0	94.49	73.68	20.81	
NODE_14_length_202757_cov_55.0232	3	128998	129074	Asp	GTC	0	0	94.67	75.49	19.18	
NODE_19_length_164502_cov_62.4099	1	140842	140767	Phe	GAA	0	0	92.69	68.52	24.17	
NODE_19_length_164502_cov_62.4099	2	129437	129362	Thr	TGT	0	0	93.66	75.64	18.02	
NODE_27_length_64945_cov_62.9655 	1	64251 	64176 	Trp	CCA	0	0	86.73	63.05	23.68	
NODE_31_length_44767_cov_49.2684 	1	31778 	31851 	Cys	GCA	0	0	62.38	45.73	16.65	
NODE_31_length_44767_cov_49.2684 	2	44401 	44487 	Leu	TAA	0	0	76.64	42.32	34.32	
NODE_34_length_37844_cov_47.3846 	1	13200 	13124 	Pro	GGG	0	0	74.89	48.01	26.88	
NODE_36_length_35853_cov_61.7163 	1	34640 	34716 	Arg	CCG	0	0	87.81	66.55	21.26	
NODE_51_length_5268_cov_202.074  	1	1688  	1764  	Ile	GAT	0	0	98.83	72.69	26.14	
NODE_51_length_5268_cov_202.074  	2	1793  	1868  	Ala	TGC	0	0	90.68	71.56	19.12	
NODE_53_length_3852_cov_54.7917  	1	1046  	962   	Tyr	GTA	0	0	71.07	41.76	29.31	
NODE_53_length_3852_cov_54.7917  	2	935   	862   	Gly	TCC	0	0	82.75	60.87	21.88	
NODE_53_length_3852_cov_54.7917  	3	842   	767   	Thr	GGT	0	0	93.76	67.73	26.03	
