Sequence                         		tRNA  	Bounds	tRNA	Anti	Intron Bounds	Cove	HMM	2'Str	      
Name                             	tRNA #	Begin 	End   	Type	Codon	Begin	End	Score	Score	Score	Note
--------                         	------	----- 	------	----	-----	-----	----	------	-----	-----	------
NODE_1_length_462515_cov_46.3385 	1	108002	108091	Ser	GGA	0	0	71.75	34.38	37.37	
NODE_1_length_462515_cov_46.3385 	2	296795	296871	Pro	CGG	0	0	88.20	60.26	27.94	
NODE_1_length_462515_cov_46.3385 	3	426678	426753	Asn	GTT	0	0	91.73	62.08	29.65	
NODE_1_length_462515_cov_46.3385 	4	417879	417804	Ala	GGC	0	0	86.95	68.86	18.09	
NODE_1_length_462515_cov_46.3385 	5	417755	417680	Glu	TTC	0	0	66.40	38.20	28.20	
NODE_1_length_462515_cov_46.3385 	6	417586	417511	Ala	GGC	0	0	86.95	68.86	18.09	
NODE_1_length_462515_cov_46.3385 	7	417464	417389	Glu	TTC	0	0	66.40	38.20	28.20	
NODE_1_length_462515_cov_46.3385 	8	378487	378412	Val	TAC	0	0	94.49	73.68	20.81	
NODE_1_length_462515_cov_46.3385 	9	378395	378319	Asp	GTC	0	0	94.67	75.49	19.18	
NODE_1_length_462515_cov_46.3385 	10	378204	378128	Asp	GTC	0	0	94.67	75.49	19.18	
NODE_1_length_462515_cov_46.3385 	11	75507 	75432 	Glu	TTC	0	0	66.40	38.20	28.20	
NODE_1_length_462515_cov_46.3385 	12	75429 	75354 	Gly	GCC	0	0	93.74	68.41	25.33	
NODE_1_length_462515_cov_46.3385 	13	28999 	28923 	Val	GAC	0	0	93.19	67.81	25.38	
NODE_2_length_369455_cov_50.3361 	1	291949	291873	Met	CAT	0	0	92.87	71.40	21.47	
NODE_3_length_368869_cov_49.7158 	1	5371  	5285  	Leu	CAA	0	0	69.99	38.33	31.66	
NODE_6_length_232817_cov_50.2224 	1	116434	116525	SeC	TCA	0	0	55.75	-18.51	74.26	
NODE_6_length_232817_cov_50.2224 	2	170473	170558	Leu	GAG	0	0	68.53	39.16	29.37	
NODE_6_length_232817_cov_50.2224 	3	170649	170725	Met	CAT	0	0	85.85	60.06	25.79	
NODE_8_length_225441_cov_50.1156 	1	40105 	40191 	Leu	CAG	0	0	73.96	38.54	35.42	
NODE_8_length_225441_cov_50.1156 	2	40321 	40407 	Leu	CAG	0	0	73.96	38.54	35.42	
NODE_9_length_215445_cov_47.8543 	1	59974 	60047 	Arg	ACG	0	0	52.72	27.21	25.51	
NODE_9_length_215445_cov_47.8543 	2	166151	166225	Gln	TTG	0	0	66.82	40.36	26.46	
NODE_9_length_215445_cov_47.8543 	3	193270	193346	Met	CAT	0	0	87.19	64.42	22.77	
NODE_9_length_215445_cov_47.8543 	4	16058 	15983 	Asn	GTT	0	0	91.73	62.08	29.65	
NODE_9_length_215445_cov_47.8543 	5	15973 	15897 	Pro	TGG	0	0	87.63	64.60	23.03	
NODE_9_length_215445_cov_47.8543 	6	15886 	15811 	Lys	TTT	0	0	95.07	71.82	23.25	
NODE_12_length_201366_cov_52.9538	1	60312 	60239 	Gly	CCC	0	0	60.35	30.06	30.29	
NODE_13_length_198145_cov_46.3384	1	59345 	59418 	Cys	GCA	0	0	62.38	45.73	16.65	
NODE_13_length_198145_cov_46.3384	2	71970 	72056 	Leu	TAA	0	0	76.64	42.32	34.32	
NODE_16_length_168124_cov_44.7024	1	90386 	90475 	Ser	TGA	0	0	72.70	38.95	33.75	
NODE_16_length_168124_cov_44.7024	2	114766	114841	Gly	GCC	0	0	93.74	68.41	25.33	
NODE_19_length_147677_cov_45.0689	1	144502	144578	Arg	TCT	0	0	96.39	77.88	18.51	
NODE_19_length_147677_cov_45.0689	2	144630	144705	His	GTG	0	0	83.51	64.18	19.33	
NODE_19_length_147677_cov_45.0689	3	144760	144844	Leu	TAG	0	0	76.62	44.97	31.65	
NODE_20_length_144422_cov_46.4437	1	90103 	90193 	Ser	GCT	0	0	76.69	47.10	29.59	
NODE_20_length_144422_cov_46.4437	2	90311 	90387 	Arg	ACG	0	0	83.50	58.05	25.45	
NODE_20_length_144422_cov_46.4437	3	90499 	90575 	Arg	ACG	0	0	83.50	58.05	25.45	
NODE_20_length_144422_cov_46.4437	4	106685	106609	Met	CAT	0	0	85.06	58.55	26.51	
NODE_20_length_144422_cov_46.4437	5	421   	349   	Leu	GAG	0	0	20.84	19.28	1.56	
NODE_23_length_124525_cov_45.4672	1	123544	123469	His	GTG	0	0	83.51	64.18	19.33	
NODE_23_length_124525_cov_45.4672	2	112191	112115	Asp	GTC	0	0	95.34	76.86	18.48	
NODE_24_length_120700_cov_48.7468	1	919   	843   	Arg	CCT	0	0	83.71	58.51	25.20	
NODE_25_length_104613_cov_43.5664	1	68654 	68579 	Val	TAC	0	0	94.49	73.68	20.81	
NODE_25_length_104613_cov_43.5664	2	68562 	68486 	Asp	GTC	0	0	94.67	75.49	19.18	
NODE_32_length_76775_cov_48.9099 	1	71877 	71952 	Phe	GAA	0	0	92.69	68.52	24.17	
NODE_38_length_59215_cov_48.0529 	1	23255 	23330 	Thr	TGT	0	0	93.66	75.64	18.02	
NODE_41_length_48590_cov_39.5102 	1	15099 	15174 	Lys	TTT	0	0	95.07	71.82	23.25	
NODE_44_length_47376_cov_39.5192 	1	32633 	32709 	Pro	GGG	0	0	74.89	48.01	26.88	
NODE_46_length_35849_cov_41.7563 	1	33716 	33805 	Ser	CGA	0	0	68.31	24.88	43.43	
NODE_47_length_35831_cov_50.0429 	1	34644 	34720 	Arg	CCG	0	0	87.81	66.55	21.26	
NODE_49_length_32051_cov_50.7377 	1	1220  	1295  	Trp	CCA	0	0	86.73	63.05	23.68	
NODE_59_length_11869_cov_86.8379 	1	11819 	11745 	Asn	GTT	0	0	77.66	51.70	25.96	
NODE_59_length_11869_cov_86.8379 	2	11740 	11665 	Thr	TGT	0	0	74.27	61.42	12.85	
NODE_71_length_6295_cov_41.9107  	1	3868  	3793  	Thr	CGT	0	0	90.98	74.93	16.05	
NODE_73_length_5405_cov_136.441  	1	1829  	1905  	Ile	GAT	0	0	98.83	72.69	26.14	
NODE_73_length_5405_cov_136.441  	2	1934  	2009  	Ala	TGC	0	0	90.68	71.56	19.12	
NODE_79_length_3329_cov_38.8385  	1	2809  	2893  	Tyr	GTA	0	0	71.07	41.76	29.31	
NODE_79_length_3329_cov_38.8385  	2	2920  	2993  	Gly	TCC	0	0	82.75	60.87	21.88	
NODE_79_length_3329_cov_38.8385  	3	3013  	3088  	Thr	GGT	0	0	93.76	67.73	26.03	
NODE_91_length_1876_cov_41.5083  	1	77    	3     	Asn	GTT	0	0	77.66	51.70	25.96	
NODE_110_length_853_cov_39.6116  	1	77    	3     	Asn	GTT	0	0	77.66	51.70	25.96	
NODE_178_length_165_cov_5.5      	1	40    	126   	Leu	CAG	0	0	73.96	38.54	35.42	
