Sequence                        		tRNA  	Bounds	tRNA	Anti	Intron Bounds	Cove	HMM	2'Str	      
Name                            	tRNA #	Begin 	End   	Type	Codon	Begin	End	Score	Score	Score	Note
--------                        	------	----- 	------	----	-----	-----	----	------	-----	-----	------
NODE_1_length_837552_cov_60.268 	1	55973 	56048 	Ala	GGC	0	0	86.95	68.86	18.09	
NODE_1_length_837552_cov_60.268 	2	56097 	56172 	Glu	TTC	0	0	66.40	38.20	28.20	
NODE_1_length_837552_cov_60.268 	3	56266 	56341 	Ala	GGC	0	0	86.95	68.86	18.09	
NODE_1_length_837552_cov_60.268 	4	56388 	56463 	Glu	TTC	0	0	66.40	38.20	28.20	
NODE_1_length_837552_cov_60.268 	5	95394 	95469 	Val	TAC	0	0	94.49	73.68	20.81	
NODE_1_length_837552_cov_60.268 	6	95486 	95562 	Asp	GTC	0	0	94.67	75.49	19.18	
NODE_1_length_837552_cov_60.268 	7	95677 	95753 	Asp	GTC	0	0	94.67	75.49	19.18	
NODE_1_length_837552_cov_60.268 	8	395154	395229	Glu	TTC	0	0	66.40	38.20	28.20	
NODE_1_length_837552_cov_60.268 	9	395232	395307	Gly	GCC	0	0	93.74	68.41	25.33	
NODE_1_length_837552_cov_60.268 	10	395392	395467	Gly	GCC	0	0	93.74	68.41	25.33	
NODE_1_length_837552_cov_60.268 	11	484816	484892	Val	GAC	0	0	93.19	67.81	25.38	
NODE_1_length_837552_cov_60.268 	12	517895	517971	Pro	GGG	0	0	74.89	48.01	26.88	
NODE_1_length_837552_cov_60.268 	13	669826	669915	Ser	TGA	0	0	72.70	38.95	33.75	
NODE_1_length_837552_cov_60.268 	14	683256	683331	Gly	GCC	0	0	93.74	68.41	25.33	
NODE_1_length_837552_cov_60.268 	15	697920	697993	Cys	GCA	0	0	62.38	45.73	16.65	
NODE_1_length_837552_cov_60.268 	16	710510	710596	Leu	TAA	0	0	76.64	42.32	34.32	
NODE_1_length_837552_cov_60.268 	17	362657	362568	Ser	GGA	0	0	71.75	34.38	37.37	
NODE_1_length_837552_cov_60.268 	18	173877	173801	Pro	CGG	0	0	88.20	60.26	27.94	
NODE_1_length_837552_cov_60.268 	19	47174 	47099 	Asn	GTT	0	0	91.73	62.08	29.65	
NODE_2_length_713529_cov_61.1703	1	710907	710983	Arg	CCT	0	0	83.71	58.51	25.20	
NODE_2_length_713529_cov_61.1703	2	217510	217424	Leu	CAA	0	0	69.99	38.33	31.66	
NODE_3_length_664462_cov_61.261 	1	153532	153618	Leu	CAG	0	0	73.96	38.54	35.42	
NODE_3_length_664462_cov_61.261 	2	153748	153834	Leu	CAG	0	0	73.96	38.54	35.42	
NODE_3_length_664462_cov_61.261 	3	410490	410565	Phe	GAA	0	0	92.69	68.52	24.17	
NODE_3_length_664462_cov_61.261 	4	421894	421969	Thr	TGT	0	0	93.66	75.64	18.02	
NODE_3_length_664462_cov_61.261 	5	2653  	2562  	SeC	TCA	0	0	55.75	-18.51	74.26	
NODE_4_length_554832_cov_61.6845	1	287912	288002	Ser	GCT	0	0	76.69	47.10	29.59	
NODE_4_length_554832_cov_61.6845	2	288120	288196	Arg	ACG	0	0	83.50	58.05	25.45	
NODE_4_length_554832_cov_61.6845	3	288308	288384	Arg	ACG	0	0	83.50	58.05	25.45	
NODE_4_length_554832_cov_61.6845	4	357038	357113	Lys	TTT	0	0	95.07	71.82	23.25	
NODE_4_length_554832_cov_61.6845	5	401192	401281	Ser	CGA	0	0	68.31	24.88	43.43	
NODE_4_length_554832_cov_61.6845	6	304486	304410	Met	CAT	0	0	85.06	58.55	26.51	
NODE_4_length_554832_cov_61.6845	7	198335	198263	Leu	GAG	0	0	20.84	19.28	1.56	
NODE_4_length_554832_cov_61.6845	8	83480 	83407 	Gly	CCC	0	0	60.35	30.06	30.29	
NODE_5_length_484295_cov_63.2708	1	34680 	34756 	Arg	CCG	0	0	87.81	66.55	21.26	
NODE_6_length_457936_cov_59.6793	1	163282	163357	Asn	GTT	0	0	91.73	62.08	29.65	
NODE_6_length_457936_cov_59.6793	2	163367	163443	Pro	TGG	0	0	87.63	64.60	23.03	
NODE_6_length_457936_cov_59.6793	3	163454	163529	Lys	TTT	0	0	95.07	71.82	23.25	
NODE_6_length_457936_cov_59.6793	4	182839	182914	Thr	CGT	0	0	90.98	74.93	16.05	
NODE_6_length_457936_cov_59.6793	5	119372	119299	Arg	ACG	0	0	52.72	27.21	25.51	
NODE_6_length_457936_cov_59.6793	6	10293 	10219 	Gln	TTG	0	0	66.82	40.36	26.46	
NODE_6_length_457936_cov_59.6793	7	3096  	3020  	Met	CAT	0	0	87.19	64.42	22.77	
NODE_8_length_378449_cov_61.6089	1	251890	251966	Arg	TCT	0	0	96.39	77.88	18.51	
NODE_8_length_378449_cov_61.6089	2	252018	252093	His	GTG	0	0	83.51	64.18	19.33	
NODE_8_length_378449_cov_61.6089	3	252148	252232	Leu	TAG	0	0	76.62	44.97	31.65	
NODE_8_length_378449_cov_61.6089	4	252299	252374	His	GTG	0	0	83.51	64.18	19.33	
NODE_8_length_378449_cov_61.6089	5	263652	263728	Asp	GTC	0	0	95.34	76.86	18.48	
NODE_9_length_378388_cov_59.4182	1	79233 	79309 	Met	CAT	0	0	92.87	71.40	21.47	
NODE_13_length_209165_cov_61.3141	1	130250	130325	Val	TAC	0	0	94.49	73.68	20.81	
NODE_13_length_209165_cov_61.3141	2	130342	130418	Asp	GTC	0	0	94.67	75.49	19.18	
NODE_14_length_121315_cov_58.6096	1	62862 	62777 	Leu	GAG	0	0	68.53	39.16	29.37	
NODE_14_length_121315_cov_58.6096	2	62686 	62610 	Met	CAT	0	0	85.85	60.06	25.79	
NODE_16_length_65540_cov_61.1157	1	64321 	64246 	Trp	CCA	0	0	86.73	63.05	23.68	
NODE_23_length_5424_cov_182.461 	1	3490  	3414  	Ile	GAT	0	0	98.83	72.69	26.14	
NODE_23_length_5424_cov_182.461 	2	3385  	3310  	Ala	TGC	0	0	90.68	71.56	19.12	
NODE_26_length_3418_cov_53.8183 	1	521   	437   	Tyr	GTA	0	0	71.07	41.76	29.31	
NODE_26_length_3418_cov_53.8183 	2	410   	337   	Gly	TCC	0	0	82.75	60.87	21.88	
NODE_26_length_3418_cov_53.8183 	3	317   	242   	Thr	GGT	0	0	93.76	67.73	26.03	
NODE_64_length_230_cov_14.1165  	1	177   	104   	Gly	CCC	0	0	60.35	30.06	30.29	
