Sequence                         		tRNA   	Bounds 	tRNA	Anti	Intron Bounds	Cove	HMM	2'Str	      
Name                             	tRNA #	Begin  	End    	Type	Codon	Begin	End	Score	Score	Score	Note
--------                         	------	-----  	------ 	----	-----	-----	----	------	-----	-----	------
NODE_1_length_1033459_cov_70.386 	1	766978 	767054 	Met	CAT	0	0	85.06	58.55	26.51	
NODE_1_length_1033459_cov_70.386 	2	873194 	873266 	Leu	GAG	0	0	20.84	19.28	1.56	
NODE_1_length_1033459_cov_70.386 	3	974581 	974654 	Gly	CCC	0	0	60.35	30.06	30.29	
NODE_1_length_1033459_cov_70.386 	4	783523 	783433 	Ser	GCT	0	0	76.69	47.10	29.59	
NODE_1_length_1033459_cov_70.386 	5	783315 	783239 	Arg	ACG	0	0	83.50	58.05	25.45	
NODE_1_length_1033459_cov_70.386 	6	783127 	783051 	Arg	ACG	0	0	83.50	58.05	25.45	
NODE_1_length_1033459_cov_70.386 	7	677342 	677267 	Lys	TTT	0	0	95.07	71.82	23.25	
NODE_1_length_1033459_cov_70.386 	8	574569 	574484 	Lys	TTT	0	0	22.00	12.28	9.72	
NODE_1_length_1033459_cov_70.386 	9	547019 	546930 	Ser	CGA	0	0	68.31	24.88	43.43	
NODE_2_length_908864_cov_72.0428 	1	707064 	707140 	Arg	CCT	0	0	83.71	58.51	25.20	
NODE_2_length_908864_cov_72.0428 	2	834906 	834981 	Val	TAC	0	0	94.49	73.68	20.81	
NODE_2_length_908864_cov_72.0428 	3	834998 	835074 	Asp	GTC	0	0	94.67	75.49	19.18	
NODE_2_length_908864_cov_72.0428 	4	228000 	227914 	Leu	CAA	0	0	69.99	38.33	31.66	
NODE_3_length_879839_cov_68.1947 	1	57733  	57808  	Ala	GGC	0	0	86.95	68.86	18.09	
NODE_3_length_879839_cov_68.1947 	2	57857  	57932  	Glu	TTC	0	0	66.40	38.20	28.20	
NODE_3_length_879839_cov_68.1947 	3	58026  	58101  	Ala	GGC	0	0	86.95	68.86	18.09	
NODE_3_length_879839_cov_68.1947 	4	58148  	58223  	Glu	TTC	0	0	66.40	38.20	28.20	
NODE_3_length_879839_cov_68.1947 	5	97145  	97220  	Val	TAC	0	0	94.49	73.68	20.81	
NODE_3_length_879839_cov_68.1947 	6	97237  	97313  	Asp	GTC	0	0	94.67	75.49	19.18	
NODE_3_length_879839_cov_68.1947 	7	97428  	97504  	Asp	GTC	0	0	94.67	75.49	19.18	
NODE_3_length_879839_cov_68.1947 	8	398966 	399041 	Glu	TTC	0	0	66.40	38.20	28.20	
NODE_3_length_879839_cov_68.1947 	9	399044 	399119 	Gly	GCC	0	0	93.74	68.41	25.33	
NODE_3_length_879839_cov_68.1947 	10	399204 	399279 	Gly	GCC	0	0	93.74	68.41	25.33	
NODE_3_length_879839_cov_68.1947 	11	448735 	448810 	Met	CAT	0	0	60.05	34.98	25.07	
NODE_3_length_879839_cov_68.1947 	12	509304 	509380 	Val	GAC	0	0	93.19	67.81	25.38	
NODE_3_length_879839_cov_68.1947 	13	543444 	543520 	Pro	GGG	0	0	74.89	48.01	26.88	
NODE_3_length_879839_cov_68.1947 	14	689465 	689554 	Ser	TGA	0	0	72.70	38.95	33.75	
NODE_3_length_879839_cov_68.1947 	15	713842 	713917 	Gly	GCC	0	0	93.74	68.41	25.33	
NODE_3_length_879839_cov_68.1947 	16	718466 	718539 	Cys	GCA	0	0	62.38	45.73	16.65	
NODE_3_length_879839_cov_68.1947 	17	731090 	731176 	Leu	TAA	0	0	76.64	42.32	34.32	
NODE_3_length_879839_cov_68.1947 	18	366503 	366414 	Ser	GGA	0	0	71.75	34.38	37.37	
NODE_3_length_879839_cov_68.1947 	19	177761 	177685 	Pro	CGG	0	0	88.20	60.26	27.94	
NODE_3_length_879839_cov_68.1947 	20	48933  	48858  	Asn	GTT	0	0	91.73	62.08	29.65	
NODE_4_length_781967_cov_75.164  	1	278228 	278314 	Leu	CAG	0	0	73.96	38.54	35.42	
NODE_4_length_781967_cov_75.164  	2	278444 	278530 	Leu	CAG	0	0	73.96	38.54	35.42	
NODE_4_length_781967_cov_75.164  	3	533401 	533476 	Phe	GAA	0	0	92.69	68.52	24.17	
NODE_4_length_781967_cov_75.164  	4	552218 	552293 	Thr	TGT	0	0	93.66	75.64	18.02	
NODE_4_length_781967_cov_75.164  	5	117157 	117066 	SeC	TCA	0	0	55.75	-18.51	74.26	
NODE_4_length_781967_cov_75.164  	6	62875  	62790  	Leu	GAG	0	0	68.53	39.16	29.37	
NODE_4_length_781967_cov_75.164  	7	62699  	62623  	Met	CAT	0	0	85.85	60.06	25.79	
NODE_5_length_397876_cov_65.4301 	1	303090 	303166 	Arg	TCT	0	0	96.39	77.88	18.51	
NODE_5_length_397876_cov_65.4301 	2	303218 	303293 	His	GTG	0	0	83.51	64.18	19.33	
NODE_5_length_397876_cov_65.4301 	3	303348 	303432 	Leu	TAG	0	0	76.62	44.97	31.65	
NODE_5_length_397876_cov_65.4301 	4	303499 	303574 	His	GTG	0	0	83.51	64.18	19.33	
NODE_5_length_397876_cov_65.4301 	5	314865 	314941 	Asp	GTC	0	0	95.34	76.86	18.48	
NODE_6_length_395625_cov_72.8414 	1	101415 	101490 	Asn	GTT	0	0	91.73	62.08	29.65	
NODE_6_length_395625_cov_72.8414 	2	101500 	101576 	Pro	TGG	0	0	87.63	64.60	23.03	
NODE_6_length_395625_cov_72.8414 	3	101587 	101662 	Lys	TTT	0	0	95.07	71.82	23.25	
NODE_6_length_395625_cov_72.8414 	4	120332 	120407 	Thr	CGT	0	0	90.98	74.93	16.05	
NODE_6_length_395625_cov_72.8414 	5	57508  	57435  	Arg	ACG	0	0	52.72	27.21	25.51	
NODE_7_length_370966_cov_74.6963 	1	293240 	293164 	Met	CAT	0	0	92.87	71.40	21.47	
NODE_16_length_71593_cov_73.3998 	1	22232  	22158  	Gln	TTG	0	0	66.82	40.36	26.46	
NODE_16_length_71593_cov_73.3998 	2	18483  	18407  	Met	CAT	0	0	87.19	64.42	22.77	
NODE_18_length_65383_cov_75.5325 	1	1220   	1295   	Trp	CCA	0	0	86.73	63.05	23.68	
NODE_22_length_36070_cov_75.7993 	1	1453   	1377   	Arg	CCG	0	0	87.81	66.55	21.26	
NODE_25_length_5521_cov_290.91   	1	3587   	3511   	Ile	GAT	0	0	98.83	72.69	26.14	
NODE_25_length_5521_cov_290.91   	2	3482   	3407   	Ala	TGC	0	0	90.68	71.56	19.12	
NODE_27_length_3321_cov_73.3638  	1	2801   	2885   	Tyr	GTA	0	0	71.07	41.76	29.31	
NODE_27_length_3321_cov_73.3638  	2	2912   	2985   	Gly	TCC	0	0	82.75	60.87	21.88	
NODE_27_length_3321_cov_73.3638  	3	3005   	3080   	Thr	GGT	0	0	93.76	67.73	26.03	
NODE_77_length_403_cov_0.898551  	1	391    	315    	Met	CAT	0	0	92.87	71.40	21.47	
