Sequence                         		tRNA  	Bounds	tRNA	Anti	Intron Bounds	Cove	HMM	2'Str	      
Name                             	tRNA #	Begin 	End   	Type	Codon	Begin	End	Score	Score	Score	Note
--------                         	------	----- 	------	----	-----	-----	----	------	-----	-----	------
NODE_1_length_759783_cov_61.6191 	1	55163 	55238 	Ala	GGC	0	0	86.95	68.86	18.09	
NODE_1_length_759783_cov_61.6191 	2	55287 	55362 	Glu	TTC	0	0	66.40	38.20	28.20	
NODE_1_length_759783_cov_61.6191 	3	55456 	55531 	Ala	GGC	0	0	86.95	68.86	18.09	
NODE_1_length_759783_cov_61.6191 	4	55578 	55653 	Glu	TTC	0	0	66.40	38.20	28.20	
NODE_1_length_759783_cov_61.6191 	5	94562 	94637 	Val	TAC	0	0	94.49	73.68	20.81	
NODE_1_length_759783_cov_61.6191 	6	94654 	94730 	Asp	GTC	0	0	94.67	75.49	19.18	
NODE_1_length_759783_cov_61.6191 	7	94845 	94921 	Asp	GTC	0	0	94.67	75.49	19.18	
NODE_1_length_759783_cov_61.6191 	8	397551	397626	Glu	TTC	0	0	66.40	38.20	28.20	
NODE_1_length_759783_cov_61.6191 	9	397629	397704	Gly	GCC	0	0	93.74	68.41	25.33	
NODE_1_length_759783_cov_61.6191 	10	397789	397864	Gly	GCC	0	0	93.74	68.41	25.33	
NODE_1_length_759783_cov_61.6191 	11	442826	442902	Val	GAC	0	0	93.19	67.81	25.38	
NODE_1_length_759783_cov_61.6191 	12	476669	476745	Pro	GGG	0	0	74.89	48.01	26.88	
NODE_1_length_759783_cov_61.6191 	13	676044	676133	Ser	TGA	0	0	72.70	38.95	33.75	
NODE_1_length_759783_cov_61.6191 	14	700444	700519	Gly	GCC	0	0	93.74	68.41	25.33	
NODE_1_length_759783_cov_61.6191 	15	706838	706911	Cys	GCA	0	0	62.38	45.73	16.65	
NODE_1_length_759783_cov_61.6191 	16	365056	364967	Ser	GGA	0	0	71.75	34.38	37.37	
NODE_1_length_759783_cov_61.6191 	17	176252	176176	Pro	CGG	0	0	88.20	60.26	27.94	
NODE_1_length_759783_cov_61.6191 	18	46364 	46289 	Asn	GTT	0	0	91.73	62.08	29.65	
NODE_2_length_662765_cov_66.5722 	1	271706	271792	Leu	CAG	0	0	73.96	38.54	35.42	
NODE_2_length_662765_cov_66.5722 	2	271922	272008	Leu	CAG	0	0	73.96	38.54	35.42	
NODE_2_length_662765_cov_66.5722 	3	529428	529503	Phe	GAA	0	0	92.69	68.52	24.17	
NODE_2_length_662765_cov_66.5722 	4	540838	540913	Thr	TGT	0	0	93.66	75.64	18.02	
NODE_2_length_662765_cov_66.5722 	5	117205	117114	SeC	TCA	0	0	55.75	-18.51	74.26	
NODE_2_length_662765_cov_66.5722 	6	62976 	62891 	Leu	GAG	0	0	68.53	39.16	29.37	
NODE_2_length_662765_cov_66.5722 	7	62800 	62724 	Met	CAT	0	0	85.85	60.06	25.79	
NODE_3_length_487471_cov_66.5512 	1	394970	394894	Met	CAT	0	0	92.87	71.40	21.47	
NODE_3_length_487471_cov_66.5512 	2	67311 	67235 	Arg	CCG	0	0	88.18	64.38	23.80	
NODE_4_length_392362_cov_65.2252 	1	363118	363204	Leu	CAA	0	0	69.99	38.33	31.66	
NODE_5_length_363249_cov_62.4297 	1	291793	291883	Ser	GCT	0	0	76.69	47.10	29.59	
NODE_5_length_363249_cov_62.4297 	2	292001	292077	Arg	ACG	0	0	83.50	58.05	25.45	
NODE_5_length_363249_cov_62.4297 	3	292189	292265	Arg	ACG	0	0	83.50	58.05	25.45	
NODE_5_length_363249_cov_62.4297 	4	360945	361020	Lys	TTT	0	0	95.07	71.82	23.25	
NODE_5_length_363249_cov_62.4297 	5	308369	308293	Met	CAT	0	0	85.06	58.55	26.51	
NODE_5_length_363249_cov_62.4297 	6	202114	202042	Leu	GAG	0	0	20.84	19.28	1.56	
NODE_5_length_363249_cov_62.4297 	7	91983 	91910 	Gly	CCC	0	0	60.35	30.06	30.29	
NODE_7_length_301639_cov_62.99   	1	275083	275008	Thr	CGT	0	0	90.98	74.93	16.05	
NODE_8_length_271451_cov_59.1398 	1	126786	126710	Arg	TCT	0	0	96.39	77.88	18.51	
NODE_8_length_271451_cov_59.1398 	2	126658	126583	His	GTG	0	0	83.51	64.18	19.33	
NODE_8_length_271451_cov_59.1398 	3	126528	126444	Leu	TAG	0	0	76.62	44.97	31.65	
NODE_8_length_271451_cov_59.1398 	4	126377	126302	His	GTG	0	0	83.51	64.18	19.33	
NODE_8_length_271451_cov_59.1398 	5	115024	114948	Asp	GTC	0	0	95.34	76.86	18.48	
NODE_9_length_268044_cov_66.3099 	1	27441 	27517 	Met	CAT	0	0	80.38	57.61	22.77	
NODE_12_length_186067_cov_64.1473	1	138910	138985	Asn	GTT	0	0	91.73	62.08	29.65	
NODE_12_length_186067_cov_64.1473	2	138995	139071	Pro	TGG	0	0	87.63	64.60	23.03	
NODE_12_length_186067_cov_64.1473	3	139082	139157	Lys	TTT	0	0	95.07	71.82	23.25	
NODE_12_length_186067_cov_64.1473	4	57683 	57610 	Arg	ACG	0	0	52.72	27.21	25.51	
NODE_13_length_182466_cov_70.8263	1	148263	148175	Ser	CGA	0	0	23.37	-4.32	27.69	
NODE_15_length_136812_cov_61.6113	1	100816	100741	Val	TAC	0	0	94.49	73.68	20.81	
NODE_15_length_136812_cov_61.6113	2	100724	100648	Asp	GTC	0	0	94.67	75.49	19.18	
NODE_18_length_122197_cov_64.133 	1	3086  	3010  	Arg	CCT	0	0	83.71	58.51	25.20	
NODE_27_length_65288_cov_67.2443 	1	64273 	64198 	Trp	CCA	0	0	86.73	63.05	23.68	
NODE_28_length_54057_cov_65.3487 	1	48572 	48646 	Gln	TTG	0	0	66.82	40.36	26.46	
NODE_28_length_54057_cov_65.3487 	2	52320 	52396 	Met	CAT	0	0	87.19	64.42	22.77	
NODE_32_length_36465_cov_59.0608 	1	1573  	1484  	Ser	CGA	0	0	68.31	24.88	43.43	
NODE_43_length_5415_cov_233.197  	1	1829  	1905  	Ile	GAT	0	0	98.83	72.69	26.14	
NODE_43_length_5415_cov_233.197  	2	1934  	2009  	Ala	TGC	0	0	90.68	71.56	19.12	
NODE_48_length_3526_cov_60.0324  	1	725   	641   	Tyr	GTA	0	0	71.07	41.76	29.31	
NODE_48_length_3526_cov_60.0324  	2	614   	541   	Gly	TCC	0	0	82.75	60.87	21.88	
NODE_48_length_3526_cov_60.0324  	3	521   	446   	Thr	GGT	0	0	93.76	67.73	26.03	
