Sequence                         		tRNA  	Bounds	tRNA	Anti	Intron Bounds	Cove	HMM	2'Str	      
Name                             	tRNA #	Begin 	End   	Type	Codon	Begin	End	Score	Score	Score	Note
--------                         	------	----- 	------	----	-----	-----	----	------	-----	-----	------
NODE_1_length_492764_cov_52.0833 	1	308094	308180	Leu	CAG	0	0	73.96	38.54	35.42	
NODE_1_length_492764_cov_52.0833 	2	308310	308396	Leu	CAG	0	0	73.96	38.54	35.42	
NODE_1_length_492764_cov_52.0833 	3	116993	116902	SeC	TCA	0	0	55.75	-18.51	74.26	
NODE_1_length_492764_cov_52.0833 	4	62854 	62769 	Leu	GAG	0	0	68.53	39.16	29.37	
NODE_1_length_492764_cov_52.0833 	5	62678 	62602 	Met	CAT	0	0	85.85	60.06	25.79	
NODE_2_length_479225_cov_45.8221 	1	356679	356755	Arg	TCT	0	0	96.39	77.88	18.51	
NODE_2_length_479225_cov_45.8221 	2	356807	356882	His	GTG	0	0	83.51	64.18	19.33	
NODE_2_length_479225_cov_45.8221 	3	356937	357021	Leu	TAG	0	0	76.62	44.97	31.65	
NODE_2_length_479225_cov_45.8221 	4	357088	357163	His	GTG	0	0	83.51	64.18	19.33	
NODE_2_length_479225_cov_45.8221 	5	368448	368524	Asp	GTC	0	0	95.34	76.86	18.48	
NODE_4_length_416789_cov_46.3897 	1	44901 	44990 	Ser	GGA	0	0	71.75	34.38	37.37	
NODE_4_length_416789_cov_46.3897 	2	233645	233721	Pro	CGG	0	0	88.20	60.26	27.94	
NODE_4_length_416789_cov_46.3897 	3	362462	362537	Asn	GTT	0	0	91.73	62.08	29.65	
NODE_4_length_416789_cov_46.3897 	4	353664	353589	Ala	GGC	0	0	86.95	68.86	18.09	
NODE_4_length_416789_cov_46.3897 	5	353540	353465	Glu	TTC	0	0	66.40	38.20	28.20	
NODE_4_length_416789_cov_46.3897 	6	353371	353296	Ala	GGC	0	0	86.95	68.86	18.09	
NODE_4_length_416789_cov_46.3897 	7	353249	353174	Glu	TTC	0	0	66.40	38.20	28.20	
NODE_4_length_416789_cov_46.3897 	8	314269	314194	Val	TAC	0	0	94.49	73.68	20.81	
NODE_4_length_416789_cov_46.3897 	9	314177	314101	Asp	GTC	0	0	94.67	75.49	19.18	
NODE_4_length_416789_cov_46.3897 	10	313986	313910	Asp	GTC	0	0	94.67	75.49	19.18	
NODE_4_length_416789_cov_46.3897 	11	12404 	12329 	Glu	TTC	0	0	66.40	38.20	28.20	
NODE_4_length_416789_cov_46.3897 	12	12326 	12251 	Gly	GCC	0	0	93.74	68.41	25.33	
NODE_5_length_377531_cov_51.4262 	1	294350	294274	Met	CAT	0	0	92.87	71.40	21.47	
NODE_6_length_340107_cov_48.846  	1	35052 	35127 	Thr	CGT	0	0	90.98	74.93	16.05	
NODE_7_length_265960_cov_49.0982 	1	95557 	95643 	Leu	CAA	0	0	69.99	38.33	31.66	
NODE_9_length_223772_cov_49.1155 	1	160278	160202	Arg	CCT	0	0	83.71	58.51	25.20	
NODE_9_length_223772_cov_49.1155 	2	32452 	32377 	Val	TAC	0	0	94.49	73.68	20.81	
NODE_9_length_223772_cov_49.1155 	3	32360 	32284 	Asp	GTC	0	0	94.67	75.49	19.18	
NODE_10_length_222752_cov_45.7802	1	140811	140900	Ser	TGA	0	0	72.70	38.95	33.75	
NODE_10_length_222752_cov_45.7802	2	165188	165263	Gly	GCC	0	0	93.74	68.41	25.33	
NODE_10_length_222752_cov_45.7802	3	169810	169883	Cys	GCA	0	0	62.38	45.73	16.65	
NODE_11_length_215188_cov_44.2256	1	106007	105932	Gly	GCC	0	0	93.74	68.41	25.33	
NODE_11_length_215188_cov_44.2256	2	64472 	64396 	Val	GAC	0	0	93.19	67.81	25.38	
NODE_11_length_215188_cov_44.2256	3	30329 	30253 	Pro	GGG	0	0	74.89	48.01	26.88	
NODE_15_length_189220_cov_52.5867	1	72387 	72462 	Phe	GAA	0	0	92.69	68.52	24.17	
NODE_15_length_189220_cov_52.5867	2	83792 	83867 	Thr	TGT	0	0	93.66	75.64	18.02	
NODE_17_length_176473_cov_49.287 	1	57107 	57034 	Gly	CCC	0	0	60.35	30.06	30.29	
NODE_18_length_173924_cov_48.2314	1	27736 	27825 	Ser	CGA	0	0	68.31	24.88	43.43	
NODE_19_length_155755_cov_47.3276	1	85327 	85417 	Ser	GCT	0	0	76.69	47.10	29.59	
NODE_19_length_155755_cov_47.3276	2	85535 	85611 	Arg	ACG	0	0	83.50	58.05	25.45	
NODE_19_length_155755_cov_47.3276	3	85723 	85799 	Arg	ACG	0	0	83.50	58.05	25.45	
NODE_19_length_155755_cov_47.3276	4	154417	154492	Lys	TTT	0	0	95.07	71.82	23.25	
NODE_19_length_155755_cov_47.3276	5	101871	101795	Met	CAT	0	0	85.06	58.55	26.51	
NODE_21_length_136642_cov_63.2411	1	66228 	66302 	Gln	TTG	0	0	66.82	40.36	26.46	
NODE_21_length_136642_cov_63.2411	2	107151	107227	Met	CAT	0	0	87.19	64.42	22.77	
NODE_22_length_126879_cov_48.4986	1	59725 	59798 	Arg	ACG	0	0	52.72	27.21	25.51	
NODE_22_length_126879_cov_48.4986	2	15809 	15734 	Asn	GTT	0	0	91.73	62.08	29.65	
NODE_22_length_126879_cov_48.4986	3	15724 	15648 	Pro	TGG	0	0	87.63	64.60	23.03	
NODE_22_length_126879_cov_48.4986	4	15637 	15562 	Lys	TTT	0	0	95.07	71.82	23.25	
NODE_23_length_104197_cov_47.2015	1	57854 	57778 	Arg	CCG	0	0	87.89	66.77	21.12	
NODE_35_length_65444_cov_50.6815 	1	64225 	64150 	Trp	CCA	0	0	86.73	63.05	23.68	
NODE_48_length_7566_cov_40.2955  	1	476   	404   	Leu	GAG	0	0	20.84	19.28	1.56	
NODE_51_length_5542_cov_144.136  	1	1954  	2030  	Ile	GAT	0	0	98.83	72.69	26.14	
NODE_51_length_5542_cov_144.136  	2	2059  	2134  	Ala	TGC	0	0	90.68	71.56	19.12	
NODE_56_length_3319_cov_39.8211  	1	521   	437   	Tyr	GTA	0	0	71.07	41.76	29.31	
NODE_56_length_3319_cov_39.8211  	2	410   	337   	Gly	TCC	0	0	82.75	60.87	21.88	
NODE_56_length_3319_cov_39.8211  	3	317   	242   	Thr	GGT	0	0	93.76	67.73	26.03	
NODE_73_length_1247_cov_9.27946  	1	52    	127   	Thr	TGT	0	0	93.66	75.64	18.02	
