Sequence                         		tRNA  	Bounds	tRNA	Anti	Intron Bounds	Cove	HMM	2'Str	      
Name                             	tRNA #	Begin 	End   	Type	Codon	Begin	End	Score	Score	Score	Note
--------                         	------	----- 	------	----	-----	-----	----	------	-----	-----	------
NODE_1_length_898537_cov_93.2307 	1	696790	696866	Arg	CCT	0	0	83.71	58.51	25.20	
NODE_1_length_898537_cov_93.2307 	2	824629	824704	Val	TAC	0	0	94.49	73.68	20.81	
NODE_1_length_898537_cov_93.2307 	3	824721	824797	Asp	GTC	0	0	94.67	75.49	19.18	
NODE_1_length_898537_cov_93.2307 	4	219079	218993	Leu	CAA	0	0	69.99	38.33	31.66	
NODE_2_length_831277_cov_88.4078 	1	461678	461767	Ser	GGA	0	0	71.75	34.38	37.37	
NODE_2_length_831277_cov_88.4078 	2	650436	650512	Pro	CGG	0	0	88.20	60.26	27.94	
NODE_2_length_831277_cov_88.4078 	3	779245	779320	Asn	GTT	0	0	91.73	62.08	29.65	
NODE_2_length_831277_cov_88.4078 	4	770446	770371	Ala	GGC	0	0	86.95	68.86	18.09	
NODE_2_length_831277_cov_88.4078 	5	770322	770247	Glu	TTC	0	0	66.40	38.20	28.20	
NODE_2_length_831277_cov_88.4078 	6	770153	770078	Ala	GGC	0	0	86.95	68.86	18.09	
NODE_2_length_831277_cov_88.4078 	7	770031	769956	Glu	TTC	0	0	66.40	38.20	28.20	
NODE_2_length_831277_cov_88.4078 	8	731056	730981	Val	TAC	0	0	94.49	73.68	20.81	
NODE_2_length_831277_cov_88.4078 	9	730964	730888	Asp	GTC	0	0	94.67	75.49	19.18	
NODE_2_length_831277_cov_88.4078 	10	730773	730697	Asp	GTC	0	0	94.67	75.49	19.18	
NODE_2_length_831277_cov_88.4078 	11	429179	429104	Glu	TTC	0	0	66.40	38.20	28.20	
NODE_2_length_831277_cov_88.4078 	12	429101	429026	Gly	GCC	0	0	93.74	68.41	25.33	
NODE_2_length_831277_cov_88.4078 	13	428941	428866	Gly	GCC	0	0	93.74	68.41	25.33	
NODE_2_length_831277_cov_88.4078 	14	383907	383831	Val	GAC	0	0	93.19	67.81	25.38	
NODE_2_length_831277_cov_88.4078 	15	349766	349690	Pro	GGG	0	0	74.89	48.01	26.88	
NODE_2_length_831277_cov_88.4078 	16	188811	188722	Ser	TGA	0	0	72.99	31.35	41.64	
NODE_2_length_831277_cov_88.4078 	17	114822	114747	Gly	GCC	0	0	93.74	68.41	25.33	
NODE_2_length_831277_cov_88.4078 	18	110200	110127	Cys	GCA	0	0	62.38	45.73	16.65	
NODE_2_length_831277_cov_88.4078 	19	97576 	97490 	Leu	TAA	0	0	76.64	42.32	34.32	
NODE_3_length_813259_cov_96.0803 	1	696155	696246	SeC	TCA	0	0	55.75	-18.51	74.26	
NODE_3_length_813259_cov_96.0803 	2	750397	750482	Leu	GAG	0	0	68.53	39.16	29.37	
NODE_3_length_813259_cov_96.0803 	3	750573	750649	Met	CAT	0	0	85.85	60.06	25.79	
NODE_3_length_813259_cov_96.0803 	4	542634	542548	Leu	CAG	0	0	73.96	38.54	35.42	
NODE_3_length_813259_cov_96.0803 	5	542418	542332	Leu	CAG	0	0	73.96	38.54	35.42	
NODE_3_length_813259_cov_96.0803 	6	286577	286502	Phe	GAA	0	0	92.69	68.52	24.17	
NODE_3_length_813259_cov_96.0803 	7	275172	275097	Thr	TGT	0	0	93.66	75.64	18.02	
NODE_4_length_586189_cov_92.1783 	1	543262	543177	Lys	TTT	0	0	22.00	12.28	9.72	
NODE_4_length_586189_cov_92.1783 	2	515712	515623	Ser	CGA	0	0	68.31	24.88	43.43	
NODE_5_length_395274_cov_88.8487 	1	302753	302829	Arg	TCT	0	0	96.39	77.88	18.51	
NODE_5_length_395274_cov_88.8487 	2	302881	302956	His	GTG	0	0	83.51	64.18	19.33	
NODE_5_length_395274_cov_88.8487 	3	303011	303095	Leu	TAG	0	0	76.62	44.97	31.65	
NODE_5_length_395274_cov_88.8487 	4	303162	303237	His	GTG	0	0	83.51	64.18	19.33	
NODE_5_length_395274_cov_88.8487 	5	314515	314591	Asp	GTC	0	0	95.34	76.86	18.48	
NODE_6_length_301603_cov_93.6125 	1	88355 	88431 	Met	CAT	0	0	85.06	58.55	26.51	
NODE_6_length_301603_cov_93.6125 	2	194563	194635	Leu	GAG	0	0	20.84	19.28	1.56	
NODE_6_length_301603_cov_93.6125 	3	298438	298511	Gly	CCC	0	0	60.35	30.06	30.29	
NODE_6_length_301603_cov_93.6125 	4	104897	104807	Ser	GCT	0	0	76.69	47.10	29.59	
NODE_6_length_301603_cov_93.6125 	5	104689	104613	Arg	ACG	0	0	83.50	58.05	25.45	
NODE_6_length_301603_cov_93.6125 	6	104501	104425	Arg	ACG	0	0	83.50	58.05	25.45	
NODE_6_length_301603_cov_93.6125 	7	35804 	35729 	Lys	TTT	0	0	95.07	71.82	23.25	
NODE_12_length_195549_cov_91.5449	1	158008	158083	Asn	GTT	0	0	91.73	62.08	29.65	
NODE_12_length_195549_cov_91.5449	2	158093	158169	Pro	TGG	0	0	87.63	64.60	23.03	
NODE_12_length_195549_cov_91.5449	3	158180	158255	Lys	TTT	0	0	95.07	71.82	23.25	
NODE_12_length_195549_cov_91.5449	4	177138	177213	Thr	CGT	0	0	90.98	74.93	16.05	
NODE_12_length_195549_cov_91.5449	5	114101	114028	Arg	ACG	0	0	52.72	27.21	25.51	
NODE_12_length_195549_cov_91.5449	6	6898  	6824  	Gln	TTG	0	0	66.82	40.36	26.46	
NODE_12_length_195549_cov_91.5449	7	3150  	3074  	Met	CAT	0	0	87.19	64.42	22.77	
NODE_13_length_177842_cov_94.0594	1	77319 	77395 	Met	CAT	0	0	92.87	71.40	21.47	
NODE_17_length_65472_cov_98.3879 	1	64307 	64232 	Trp	CCA	0	0	86.73	63.05	23.68	
NODE_25_length_35618_cov_98.7138 	1	1239  	1163  	Arg	CCG	0	0	87.81	66.55	21.26	
NODE_39_length_5510_cov_269.978  	1	1955  	2031  	Ile	GAT	0	0	98.83	72.69	26.14	
NODE_39_length_5510_cov_269.978  	2	2060  	2135  	Ala	TGC	0	0	90.68	71.56	19.12	
NODE_44_length_3406_cov_78.484   	1	575   	491   	Tyr	GTA	0	0	71.07	41.76	29.31	
NODE_44_length_3406_cov_78.484   	2	464   	391   	Gly	TCC	0	0	82.75	60.87	21.88	
NODE_44_length_3406_cov_78.484   	3	371   	296   	Thr	GGT	0	0	93.76	67.73	26.03	
