Sequence                         		tRNA  	Bounds	tRNA	Anti	Intron Bounds	Cove	HMM	2'Str	      
Name                             	tRNA #	Begin 	End   	Type	Codon	Begin	End	Score	Score	Score	Note
--------                         	------	----- 	------	----	-----	-----	----	------	-----	-----	------
NODE_1_length_671930_cov_45.6069 	1	281435	281521	Leu	CAG	0	0	73.96	38.54	35.42	
NODE_1_length_671930_cov_45.6069 	2	281651	281737	Leu	CAG	0	0	73.96	38.54	35.42	
NODE_1_length_671930_cov_45.6069 	3	538200	538275	Phe	GAA	0	0	92.69	68.52	24.17	
NODE_1_length_671930_cov_45.6069 	4	549610	549685	Thr	TGT	0	0	93.66	75.64	18.02	
NODE_1_length_671930_cov_45.6069 	5	127349	127258	SeC	TCA	0	0	55.75	-18.51	74.26	
NODE_1_length_671930_cov_45.6069 	6	62920 	62835 	Leu	GAG	0	0	68.53	39.16	29.37	
NODE_1_length_671930_cov_45.6069 	7	62744 	62668 	Met	CAT	0	0	85.85	60.06	25.79	
NODE_2_length_624726_cov_41.8974 	1	392435	392521	Leu	CAA	0	0	69.99	38.33	31.66	
NODE_3_length_613219_cov_38.0626 	1	585485	585396	Ser	CGA	0	0	68.31	24.88	43.43	
NODE_4_length_433303_cov_38.4829 	1	63699 	63788 	Ser	GGA	0	0	71.75	34.38	37.37	
NODE_4_length_433303_cov_38.4829 	2	252452	252528	Pro	CGG	0	0	88.20	60.26	27.94	
NODE_4_length_433303_cov_38.4829 	3	381272	381347	Asn	GTT	0	0	91.73	62.08	29.65	
NODE_4_length_433303_cov_38.4829 	4	372473	372398	Ala	GGC	0	0	86.95	68.86	18.09	
NODE_4_length_433303_cov_38.4829 	5	372349	372274	Glu	TTC	0	0	66.40	38.20	28.20	
NODE_4_length_433303_cov_38.4829 	6	372180	372105	Ala	GGC	0	0	86.95	68.86	18.09	
NODE_4_length_433303_cov_38.4829 	7	372058	371983	Glu	TTC	0	0	66.40	38.20	28.20	
NODE_4_length_433303_cov_38.4829 	8	333075	333000	Val	TAC	0	0	94.49	73.68	20.81	
NODE_4_length_433303_cov_38.4829 	9	332983	332907	Asp	GTC	0	0	94.67	75.49	19.18	
NODE_4_length_433303_cov_38.4829 	10	332792	332716	Asp	GTC	0	0	94.67	75.49	19.18	
NODE_4_length_433303_cov_38.4829 	11	31203 	31128 	Glu	TTC	0	0	66.40	38.20	28.20	
NODE_4_length_433303_cov_38.4829 	12	31125 	31050 	Gly	GCC	0	0	93.74	68.41	25.33	
NODE_4_length_433303_cov_38.4829 	13	30965 	30890 	Gly	GCC	0	0	93.74	68.41	25.33	
NODE_5_length_392203_cov_46.5316 	1	300906	300830	Met	CAT	0	0	92.87	71.40	21.47	
NODE_6_length_348671_cov_36.6883 	1	139328	139417	Ser	TGA	0	0	72.70	38.95	33.75	
NODE_6_length_348671_cov_36.6883 	2	200320	200395	Gly	GCC	0	0	93.74	68.41	25.33	
NODE_6_length_348671_cov_36.6883 	3	236055	236128	Cys	GCA	0	0	62.38	45.73	16.65	
NODE_6_length_348671_cov_36.6883 	4	248678	248764	Leu	TAA	0	0	76.64	42.32	34.32	
NODE_7_length_302259_cov_42.3803 	1	230171	230096	Thr	CGT	0	0	90.98	74.93	16.05	
NODE_8_length_286870_cov_39.7934 	1	85169 	85245 	Arg	CCT	0	0	83.71	58.51	25.20	
NODE_8_length_286870_cov_39.7934 	2	212992	213067	Val	TAC	0	0	94.49	73.68	20.81	
NODE_8_length_286870_cov_39.7934 	3	213084	213160	Asp	GTC	0	0	94.67	75.49	19.18	
NODE_9_length_269995_cov_34.8917 	1	125274	125198	Arg	TCT	0	0	96.39	77.88	18.51	
NODE_9_length_269995_cov_34.8917 	2	125146	125071	His	GTG	0	0	83.51	64.18	19.33	
NODE_9_length_269995_cov_34.8917 	3	125016	124932	Leu	TAG	0	0	76.62	44.97	31.65	
NODE_9_length_269995_cov_34.8917 	4	124865	124790	His	GTG	0	0	83.51	64.18	19.33	
NODE_9_length_269995_cov_34.8917 	5	113505	113429	Asp	GTC	0	0	95.34	76.86	18.48	
NODE_12_length_207745_cov_43.9145	1	173586	173661	Asn	GTT	0	0	91.73	62.08	29.65	
NODE_12_length_207745_cov_43.9145	2	173671	173747	Pro	TGG	0	0	87.63	64.60	23.03	
NODE_12_length_207745_cov_43.9145	3	173758	173833	Lys	TTT	0	0	95.07	71.82	23.25	
NODE_12_length_207745_cov_43.9145	4	129672	129599	Arg	ACG	0	0	52.72	27.21	25.51	
NODE_12_length_207745_cov_43.9145	5	22239 	22165 	Gln	TTG	0	0	66.82	40.36	26.46	
NODE_12_length_207745_cov_43.9145	6	18491 	18415 	Met	CAT	0	0	87.19	64.42	22.77	
NODE_14_length_181586_cov_40.6912	1	112973	113046	Gly	CCC	0	0	60.35	30.06	30.29	
NODE_17_length_117810_cov_39.9325	1	40570 	40660 	Ser	GCT	0	0	76.69	47.10	29.59	
NODE_17_length_117810_cov_39.9325	2	40778 	40854 	Arg	ACG	0	0	83.50	58.05	25.45	
NODE_17_length_117810_cov_39.9325	3	40966 	41042 	Arg	ACG	0	0	83.50	58.05	25.45	
NODE_17_length_117810_cov_39.9325	4	109661	109736	Lys	TTT	0	0	95.07	71.82	23.25	
NODE_17_length_117810_cov_39.9325	5	57114 	57038 	Met	CAT	0	0	85.06	58.55	26.51	
NODE_21_length_77925_cov_39.5563 	1	40105 	40029 	Val	GAC	0	0	93.19	67.81	25.38	
NODE_21_length_77925_cov_39.5563 	2	5966  	5890  	Pro	GGG	0	0	74.89	48.01	26.88	
NODE_23_length_65308_cov_46.8689 	1	64251 	64176 	Trp	CCA	0	0	86.73	63.05	23.68	
NODE_30_length_36178_cov_47.1287 	1	1544  	1468  	Arg	CCG	0	0	87.81	66.55	21.26	
NODE_40_length_9107_cov_50.264   	1	2017  	1945  	Leu	GAG	0	0	20.84	19.28	1.56	
NODE_42_length_5483_cov_218.458  	1	1894  	1970  	Ile	GAT	0	0	98.83	72.69	26.14	
NODE_42_length_5483_cov_218.458  	2	1999  	2074  	Ala	TGC	0	0	90.68	71.56	19.12	
NODE_47_length_3481_cov_46.935   	1	683   	599   	Tyr	GTA	0	0	71.07	41.76	29.31	
NODE_47_length_3481_cov_46.935   	2	572   	499   	Gly	TCC	0	0	82.75	60.87	21.88	
NODE_47_length_3481_cov_46.935   	3	479   	404   	Thr	GGT	0	0	93.76	67.73	26.03	
