Sequence                         		tRNA  	Bounds	tRNA	Anti	Intron Bounds	Cove	HMM	2'Str	      
Name                             	tRNA #	Begin 	End   	Type	Codon	Begin	End	Score	Score	Score	Note
--------                         	------	----- 	------	----	-----	-----	----	------	-----	-----	------
NODE_1_length_460335_cov_24.0322 	1	118966	119055	Ser	GGA	0	0	71.75	34.38	37.37	
NODE_1_length_460335_cov_24.0322 	2	307762	307838	Pro	CGG	0	0	88.20	60.26	27.94	
NODE_1_length_460335_cov_24.0322 	3	436580	436655	Asn	GTT	0	0	91.73	62.08	29.65	
NODE_1_length_460335_cov_24.0322 	4	427781	427706	Ala	GGC	0	0	86.95	68.86	18.09	
NODE_1_length_460335_cov_24.0322 	5	427657	427582	Glu	TTC	0	0	66.40	38.20	28.20	
NODE_1_length_460335_cov_24.0322 	6	427488	427413	Ala	GGC	0	0	86.95	68.86	18.09	
NODE_1_length_460335_cov_24.0322 	7	427366	427291	Glu	TTC	0	0	66.40	38.20	28.20	
NODE_1_length_460335_cov_24.0322 	8	388384	388309	Val	TAC	0	0	94.49	73.68	20.81	
NODE_1_length_460335_cov_24.0322 	9	388292	388216	Asp	GTC	0	0	94.67	75.49	19.18	
NODE_1_length_460335_cov_24.0322 	10	388101	388025	Asp	GTC	0	0	94.67	75.49	19.18	
NODE_1_length_460335_cov_24.0322 	11	86468 	86393 	Glu	TTC	0	0	66.40	38.20	28.20	
NODE_1_length_460335_cov_24.0322 	12	86390 	86315 	Gly	GCC	0	0	93.74	68.41	25.33	
NODE_1_length_460335_cov_24.0322 	13	86230 	86155 	Gly	GCC	0	0	93.74	68.41	25.33	
NODE_1_length_460335_cov_24.0322 	14	41212 	41136 	Val	GAC	0	0	93.19	67.81	25.38	
NODE_2_length_453095_cov_23.3627 	1	394057	393968	Ser	CGA	0	0	68.31	24.88	43.43	
NODE_3_length_400890_cov_27.3559 	1	270829	270915	Leu	CAG	0	0	73.96	38.54	35.42	
NODE_3_length_400890_cov_27.3559 	2	271045	271131	Leu	CAG	0	0	73.96	38.54	35.42	
NODE_3_length_400890_cov_27.3559 	3	117177	117086	SeC	TCA	0	0	55.75	-18.51	74.26	
NODE_3_length_400890_cov_27.3559 	4	62986 	62901 	Leu	GAG	0	0	68.53	39.16	29.37	
NODE_3_length_400890_cov_27.3559 	5	62810 	62734 	Met	CAT	0	0	85.85	60.06	25.79	
NODE_4_length_353044_cov_24.8237 	1	60662 	60738 	Met	CAT	0	0	85.06	58.55	26.51	
NODE_4_length_353044_cov_24.8237 	2	166883	166955	Leu	GAG	0	0	20.84	19.28	1.56	
NODE_4_length_353044_cov_24.8237 	3	294812	294885	Gly	CCC	0	0	60.35	30.06	30.29	
NODE_4_length_353044_cov_24.8237 	4	77205 	77115 	Ser	GCT	0	0	76.69	47.10	29.59	
NODE_4_length_353044_cov_24.8237 	5	76997 	76921 	Arg	ACG	0	0	83.50	58.05	25.45	
NODE_4_length_353044_cov_24.8237 	6	76809 	76733 	Arg	ACG	0	0	83.50	58.05	25.45	
NODE_4_length_353044_cov_24.8237 	7	8107  	8032  	Lys	TTT	0	0	95.07	71.82	23.25	
NODE_5_length_260447_cov_25.841  	1	18056 	18131 	Thr	CGT	0	0	90.98	74.93	16.05	
NODE_6_length_256837_cov_25.5872 	1	228454	228540	Leu	CAA	0	0	69.99	38.33	31.66	
NODE_7_length_253238_cov_24.8059 	1	2713  	2637  	Arg	CCT	0	0	83.71	58.51	25.20	
NODE_8_length_243584_cov_22.6575 	1	141434	141523	Ser	TGA	0	0	72.70	38.95	33.75	
NODE_8_length_243584_cov_22.6575 	2	165811	165886	Gly	GCC	0	0	93.74	68.41	25.33	
NODE_10_length_237165_cov_21.5411	1	92532 	92456 	Arg	TCT	0	0	96.39	77.88	18.51	
NODE_10_length_237165_cov_21.5411	2	92404 	92329 	His	GTG	0	0	83.51	64.18	19.33	
NODE_10_length_237165_cov_21.5411	3	92274 	92190 	Leu	TAG	0	0	76.62	44.97	31.65	
NODE_10_length_237165_cov_21.5411	4	92123 	92048 	His	GTG	0	0	83.51	64.18	19.33	
NODE_10_length_237165_cov_21.5411	5	80763 	80687 	Asp	GTC	0	0	95.34	76.86	18.48	
NODE_11_length_233306_cov_28.3692	1	97206 	97282 	Met	CAT	0	0	92.87	71.40	21.47	
NODE_14_length_193707_cov_24.3159	1	119856	119931	Val	TAC	0	0	94.49	73.68	20.81	
NODE_14_length_193707_cov_24.3159	2	119948	120024	Asp	GTC	0	0	94.67	75.49	19.18	
NODE_15_length_185385_cov_26.6263	1	53939 	54012 	Arg	ACG	0	0	52.72	27.21	25.51	
NODE_15_length_185385_cov_26.6263	2	159459	159533	Gln	TTG	0	0	66.82	40.36	26.46	
NODE_15_length_185385_cov_26.6263	3	163207	163283	Met	CAT	0	0	87.19	64.42	22.77	
NODE_15_length_185385_cov_26.6263	4	10023 	9948  	Asn	GTT	0	0	91.73	62.08	29.65	
NODE_15_length_185385_cov_26.6263	5	9938  	9862  	Pro	TGG	0	0	87.63	64.60	23.03	
NODE_15_length_185385_cov_26.6263	6	9851  	9776  	Lys	TTT	0	0	95.07	71.82	23.25	
NODE_20_length_164401_cov_28.8877	1	140741	140666	Phe	GAA	0	0	92.69	68.52	24.17	
NODE_20_length_164401_cov_28.8877	2	129336	129261	Thr	TGT	0	0	93.66	75.64	18.02	
NODE_29_length_64945_cov_28.6545 	1	64251 	64176 	Trp	CCA	0	0	86.73	63.05	23.68	
NODE_34_length_44767_cov_22.8933 	1	31778 	31851 	Cys	GCA	0	0	62.38	45.73	16.65	
NODE_34_length_44767_cov_22.8933 	2	44401 	44487 	Leu	TAA	0	0	76.64	42.32	34.32	
NODE_36_length_37844_cov_25.2473 	1	13200 	13124 	Pro	GGG	0	0	74.89	48.01	26.88	
NODE_38_length_35853_cov_29.3279 	1	34640 	34716 	Arg	CCG	0	0	87.81	66.55	21.26	
NODE_53_length_9303_cov_25.3613  	1	8225  	8151  	Arg	CCT	0	0	69.69	51.80	17.89	
NODE_61_length_5402_cov_132.109  	1	1822  	1898  	Ile	GAT	0	0	98.83	72.69	26.14	
NODE_61_length_5402_cov_132.109  	2	1927  	2002  	Ala	TGC	0	0	90.68	71.56	19.12	
NODE_63_length_3851_cov_29.9753  	1	1046  	962   	Tyr	GTA	0	0	71.07	41.76	29.31	
NODE_63_length_3851_cov_29.9753  	2	935   	862   	Gly	TCC	0	0	82.75	60.87	21.88	
NODE_63_length_3851_cov_29.9753  	3	842   	767   	Thr	GGT	0	0	93.76	67.73	26.03	
