Sequence                         		tRNA  	Bounds	tRNA	Anti	Intron Bounds	Cove	HMM	2'Str	      
Name                             	tRNA #	Begin 	End   	Type	Codon	Begin	End	Score	Score	Score	Note
--------                         	------	----- 	------	----	-----	-----	----	------	-----	-----	------
NODE_1_length_768884_cov_23.1343 	1	651809	651900	SeC	TCA	0	0	55.75	-18.51	74.26	
NODE_1_length_768884_cov_23.1343 	2	706033	706118	Leu	GAG	0	0	68.53	39.16	29.37	
NODE_1_length_768884_cov_23.1343 	3	706209	706285	Met	CAT	0	0	85.85	60.06	25.79	
NODE_1_length_768884_cov_23.1343 	4	498150	498064	Leu	CAG	0	0	73.96	38.54	35.42	
NODE_1_length_768884_cov_23.1343 	5	497934	497848	Leu	CAG	0	0	73.96	38.54	35.42	
NODE_1_length_768884_cov_23.1343 	6	241208	241133	Phe	GAA	0	0	92.69	68.52	24.17	
NODE_1_length_768884_cov_23.1343 	7	229798	229723	Thr	TGT	0	0	93.66	75.64	18.02	
NODE_2_length_659033_cov_22.7073 	1	531238	531324	Leu	CAA	0	0	69.99	38.33	31.66	
NODE_2_length_659033_cov_22.7073 	2	50648 	50572 	Arg	CCT	0	0	83.71	58.51	25.20	
NODE_3_length_476348_cov_22.4811 	1	109836	109925	Ser	GGA	0	0	71.75	34.38	37.37	
NODE_3_length_476348_cov_22.4811 	2	298630	298706	Pro	CGG	0	0	88.20	60.26	27.94	
NODE_3_length_476348_cov_22.4811 	3	427404	427479	Asn	GTT	0	0	91.73	62.08	29.65	
NODE_3_length_476348_cov_22.4811 	4	418605	418530	Ala	GGC	0	0	86.95	68.86	18.09	
NODE_3_length_476348_cov_22.4811 	5	418481	418406	Glu	TTC	0	0	66.40	38.20	28.20	
NODE_3_length_476348_cov_22.4811 	6	418312	418237	Ala	GGC	0	0	86.95	68.86	18.09	
NODE_3_length_476348_cov_22.4811 	7	418190	418115	Glu	TTC	0	0	66.40	38.20	28.20	
NODE_3_length_476348_cov_22.4811 	8	379248	379173	Val	TAC	0	0	94.49	73.68	20.81	
NODE_3_length_476348_cov_22.4811 	9	379156	379080	Asp	GTC	0	0	94.67	75.49	19.18	
NODE_3_length_476348_cov_22.4811 	10	378965	378889	Asp	GTC	0	0	94.67	75.49	19.18	
NODE_3_length_476348_cov_22.4811 	11	77340 	77265 	Glu	TTC	0	0	66.40	38.20	28.20	
NODE_3_length_476348_cov_22.4811 	12	77262 	77187 	Gly	GCC	0	0	93.74	68.41	25.33	
NODE_3_length_476348_cov_22.4811 	13	77102 	77027 	Gly	GCC	0	0	93.74	68.41	25.33	
NODE_3_length_476348_cov_22.4811 	14	35561 	35485 	Val	GAC	0	0	93.19	67.81	25.38	
NODE_3_length_476348_cov_22.4811 	15	1420  	1344  	Pro	GGG	0	0	74.89	48.01	26.88	
NODE_4_length_466286_cov_22.4617 	1	384880	384791	Ser	CGA	0	0	68.31	24.88	43.43	
NODE_5_length_434730_cov_22.5586 	1	293351	293424	Arg	ACG	0	0	52.72	27.21	25.51	
NODE_5_length_434730_cov_22.5586 	2	400563	400637	Gln	TTG	0	0	66.82	40.36	26.46	
NODE_5_length_434730_cov_22.5586 	3	404311	404387	Met	CAT	0	0	87.19	64.42	22.77	
NODE_5_length_434730_cov_22.5586 	4	249444	249369	Asn	GTT	0	0	91.73	62.08	29.65	
NODE_5_length_434730_cov_22.5586 	5	249359	249283	Pro	TGG	0	0	87.63	64.60	23.03	
NODE_5_length_434730_cov_22.5586 	6	249272	249197	Lys	TTT	0	0	95.07	71.82	23.25	
NODE_5_length_434730_cov_22.5586 	7	230368	230293	Thr	CGT	0	0	90.98	74.93	16.05	
NODE_6_length_426976_cov_22.2101 	1	302958	303034	Arg	TCT	0	0	96.39	77.88	18.51	
NODE_6_length_426976_cov_22.2101 	2	303086	303161	His	GTG	0	0	83.51	64.18	19.33	
NODE_6_length_426976_cov_22.2101 	3	303216	303300	Leu	TAG	0	0	76.62	44.97	31.65	
NODE_6_length_426976_cov_22.2101 	4	303367	303442	His	GTG	0	0	83.51	64.18	19.33	
NODE_6_length_426976_cov_22.2101 	5	314727	314803	Asp	GTC	0	0	95.34	76.86	18.48	
NODE_7_length_373552_cov_22.9848 	1	78927 	79003 	Met	CAT	0	0	92.87	71.40	21.47	
NODE_8_length_360826_cov_22.3174 	1	140551	140640	Ser	TGA	0	0	72.70	38.95	33.75	
NODE_8_length_360826_cov_22.3174 	2	164927	165002	Gly	GCC	0	0	93.74	68.41	25.33	
NODE_8_length_360826_cov_22.3174 	3	169538	169611	Cys	GCA	0	0	62.38	45.73	16.65	
NODE_8_length_360826_cov_22.3174 	4	232267	232353	Leu	TAA	0	0	76.64	42.32	34.32	
NODE_11_length_213431_cov_22.68  	1	110355	110445	Ser	GCT	0	0	76.69	47.10	29.59	
NODE_11_length_213431_cov_22.68  	2	110563	110639	Arg	ACG	0	0	83.50	58.05	25.45	
NODE_11_length_213431_cov_22.68  	3	110751	110827	Arg	ACG	0	0	83.50	58.05	25.45	
NODE_11_length_213431_cov_22.68  	4	179450	179525	Lys	TTT	0	0	95.07	71.82	23.25	
NODE_11_length_213431_cov_22.68  	5	126898	126822	Met	CAT	0	0	85.06	58.55	26.51	
NODE_11_length_213431_cov_22.68  	6	20687 	20615 	Leu	GAG	0	0	20.84	19.28	1.56	
NODE_12_length_204805_cov_22.5412	1	130951	131026	Val	TAC	0	0	94.49	73.68	20.81	
NODE_12_length_204805_cov_22.5412	2	131043	131119	Asp	GTC	0	0	94.67	75.49	19.18	
NODE_14_length_157868_cov_22.9627	1	98987 	99060 	Gly	CCC	0	0	60.35	30.06	30.29	
NODE_21_length_65474_cov_23.8401 	1	64255 	64180 	Trp	CCA	0	0	86.73	63.05	23.68	
NODE_29_length_33534_cov_23.2009 	1	1471  	1395  	Arg	CCG	0	0	87.81	66.55	21.26	
NODE_31_length_5543_cov_90.4182  	1	1954  	2030  	Ile	GAT	0	0	98.83	72.69	26.14	
NODE_31_length_5543_cov_90.4182  	2	2059  	2134  	Ala	TGC	0	0	90.68	71.56	19.12	
NODE_34_length_3319_cov_23.7202  	1	521   	437   	Tyr	GTA	0	0	71.07	41.76	29.31	
NODE_34_length_3319_cov_23.7202  	2	410   	337   	Gly	TCC	0	0	82.75	60.87	21.88	
NODE_34_length_3319_cov_23.7202  	3	317   	242   	Thr	GGT	0	0	93.76	67.73	26.03	
