Sequence                         		tRNA  	Bounds	tRNA	Anti	Intron Bounds	Cove	HMM	2'Str	      
Name                             	tRNA #	Begin 	End   	Type	Codon	Begin	End	Score	Score	Score	Note
--------                         	------	----- 	------	----	-----	-----	----	------	-----	-----	------
NODE_1_length_470285_cov_26.2778 	1	105230	105319	Ser	GGA	0	0	71.75	34.38	37.37	
NODE_1_length_470285_cov_26.2778 	2	294034	294110	Pro	CGG	0	0	88.20	60.26	27.94	
NODE_1_length_470285_cov_26.2778 	3	423922	423997	Asn	GTT	0	0	91.73	62.08	29.65	
NODE_1_length_470285_cov_26.2778 	4	415123	415048	Ala	GGC	0	0	86.95	68.86	18.09	
NODE_1_length_470285_cov_26.2778 	5	414999	414924	Glu	TTC	0	0	66.40	38.20	28.20	
NODE_1_length_470285_cov_26.2778 	6	414830	414755	Ala	GGC	0	0	86.95	68.86	18.09	
NODE_1_length_470285_cov_26.2778 	7	414708	414633	Glu	TTC	0	0	66.40	38.20	28.20	
NODE_1_length_470285_cov_26.2778 	8	375724	375649	Val	TAC	0	0	94.49	73.68	20.81	
NODE_1_length_470285_cov_26.2778 	9	375632	375556	Asp	GTC	0	0	94.67	75.49	19.18	
NODE_1_length_470285_cov_26.2778 	10	375441	375365	Asp	GTC	0	0	94.67	75.49	19.18	
NODE_1_length_470285_cov_26.2778 	11	72735 	72660 	Glu	TTC	0	0	66.40	38.20	28.20	
NODE_1_length_470285_cov_26.2778 	12	72657 	72582 	Gly	GCC	0	0	93.74	68.41	25.33	
NODE_1_length_470285_cov_26.2778 	13	27620 	27544 	Val	GAC	0	0	93.19	67.81	25.38	
NODE_2_length_457209_cov_27.239  	1	271706	271792	Leu	CAG	0	0	73.96	38.54	35.42	
NODE_2_length_457209_cov_27.239  	2	271922	272008	Leu	CAG	0	0	73.96	38.54	35.42	
NODE_2_length_457209_cov_27.239  	3	117205	117114	SeC	TCA	0	0	55.75	-18.51	74.26	
NODE_2_length_457209_cov_27.239  	4	62976 	62891 	Leu	GAG	0	0	68.53	39.16	29.37	
NODE_2_length_457209_cov_27.239  	5	62800 	62724 	Met	CAT	0	0	85.85	60.06	25.79	
NODE_3_length_341178_cov_27.4458 	1	341048	340972	Met	CAT	0	0	92.87	71.40	21.47	
NODE_3_length_341178_cov_27.4458 	2	13598 	13522 	Arg	CCG	0	0	87.81	66.55	21.26	
NODE_6_length_301639_cov_26.4839 	1	275083	275008	Thr	CGT	0	0	90.98	74.93	16.05	
NODE_7_length_271439_cov_25.8869 	1	126786	126710	Arg	TCT	0	0	96.39	77.88	18.51	
NODE_7_length_271439_cov_25.8869 	2	126658	126583	His	GTG	0	0	83.51	64.18	19.33	
NODE_7_length_271439_cov_25.8869 	3	126528	126444	Leu	TAG	0	0	76.62	44.97	31.65	
NODE_7_length_271439_cov_25.8869 	4	126377	126302	His	GTG	0	0	83.51	64.18	19.33	
NODE_7_length_271439_cov_25.8869 	5	115024	114948	Asp	GTC	0	0	95.34	76.86	18.48	
NODE_9_length_240331_cov_25.8521 	1	156592	156681	Ser	TGA	0	0	72.70	38.95	33.75	
NODE_9_length_240331_cov_25.8521 	2	180992	181067	Gly	GCC	0	0	93.74	68.41	25.33	
NODE_9_length_240331_cov_25.8521 	3	187386	187459	Cys	GCA	0	0	62.38	45.73	16.65	
NODE_11_length_205107_cov_27.3407	1	91066 	91139 	Arg	ACG	0	0	52.72	27.21	25.51	
NODE_11_length_205107_cov_27.3407	2	198466	198540	Gln	TTG	0	0	66.82	40.36	26.46	
NODE_11_length_205107_cov_27.3407	3	202214	202290	Met	CAT	0	0	78.28	55.51	22.77	
NODE_11_length_205107_cov_27.3407	4	47158 	47083 	Asn	GTT	0	0	91.73	62.08	29.65	
NODE_11_length_205107_cov_27.3407	5	47073 	46997 	Pro	TGG	0	0	87.63	64.60	23.03	
NODE_11_length_205107_cov_27.3407	6	46986 	46911 	Lys	TTT	0	0	95.07	71.82	23.25	
NODE_12_length_200915_cov_27.2662	1	128440	128365	Phe	GAA	0	0	92.69	68.52	24.17	
NODE_12_length_200915_cov_27.2662	2	117030	116955	Thr	TGT	0	0	93.66	75.64	18.02	
NODE_13_length_195964_cov_26.7495	1	91983 	91910 	Gly	CCC	0	0	60.35	30.06	30.29	
NODE_14_length_182627_cov_26.052 	1	148264	148175	Ser	CGA	0	0	68.31	24.88	43.43	
NODE_15_length_181747_cov_25.9172	1	110135	110225	Ser	GCT	0	0	76.69	47.10	29.59	
NODE_15_length_181747_cov_25.9172	2	110343	110419	Arg	ACG	0	0	83.50	58.05	25.45	
NODE_15_length_181747_cov_25.9172	3	110531	110607	Arg	ACG	0	0	83.50	58.05	25.45	
NODE_15_length_181747_cov_25.9172	4	179287	179362	Lys	TTT	0	0	95.07	71.82	23.25	
NODE_15_length_181747_cov_25.9172	5	126711	126635	Met	CAT	0	0	85.06	58.55	26.51	
NODE_15_length_181747_cov_25.9172	6	20456 	20384 	Leu	GAG	0	0	20.84	19.28	1.56	
NODE_25_length_90541_cov_26.3897 	1	29245 	29159 	Leu	CAA	0	0	69.99	38.33	31.66	
NODE_29_length_79434_cov_26.8708 	1	3086  	3010  	Arg	CCT	0	0	83.71	58.51	25.20	
NODE_31_length_65393_cov_27.7467 	1	64273 	64198 	Trp	CCA	0	0	86.73	63.05	23.68	
NODE_34_length_62498_cov_26.0367 	1	34832 	34907 	Val	TAC	0	0	94.49	73.68	20.81	
NODE_34_length_62498_cov_26.0367 	2	34924 	35000 	Asp	GTC	0	0	94.67	75.49	19.18	
NODE_46_length_27365_cov_25.4878 	1	24053 	24129 	Pro	GGG	0	0	74.89	48.01	26.88	
NODE_48_length_19978_cov_26.7745 	1	16606 	16682 	Met	CAT	0	0	88.43	65.66	22.77	
NODE_65_length_5415_cov_103.312  	1	1829  	1905  	Ile	GAT	0	0	98.83	72.69	26.14	
NODE_65_length_5415_cov_103.312  	2	1934  	2009  	Ala	TGC	0	0	90.68	71.56	19.12	
NODE_71_length_3421_cov_25.4372  	1	620   	536   	Tyr	GTA	0	0	71.07	41.76	29.31	
NODE_71_length_3421_cov_25.4372  	2	509   	436   	Gly	TCC	0	0	82.75	60.87	21.88	
NODE_71_length_3421_cov_25.4372  	3	416   	341   	Thr	GGT	0	0	93.76	67.73	26.03	
