Sequence                         		tRNA  	Bounds	tRNA	Anti	Intron Bounds	Cove	HMM	2'Str	      
Name                             	tRNA #	Begin 	End   	Type	Codon	Begin	End	Score	Score	Score	Note
--------                         	------	----- 	------	----	-----	-----	----	------	-----	-----	------
NODE_1_length_509812_cov_47.0023 	1	507100	507176	Arg	CCT	0	0	83.71	58.51	25.20	
NODE_1_length_509812_cov_47.0023 	2	28384 	28298 	Leu	CAA	0	0	69.99	38.33	31.66	
NODE_2_length_506904_cov_52.0877 	1	389594	389685	SeC	TCA	0	0	55.75	-18.51	74.26	
NODE_2_length_506904_cov_52.0877 	2	443785	443870	Leu	GAG	0	0	68.53	39.16	29.37	
NODE_2_length_506904_cov_52.0877 	3	443961	444037	Met	CAT	0	0	85.85	60.06	25.79	
NODE_2_length_506904_cov_52.0877 	4	235924	235838	Leu	CAG	0	0	73.96	38.54	35.42	
NODE_2_length_506904_cov_52.0877 	5	235708	235622	Leu	CAG	0	0	73.96	38.54	35.42	
NODE_3_length_494967_cov_42.1413 	1	125263	125352	Ser	GGA	0	0	71.75	34.38	37.37	
NODE_3_length_494967_cov_42.1413 	2	314056	314132	Pro	CGG	0	0	88.20	60.26	27.94	
NODE_3_length_494967_cov_42.1413 	3	442865	442940	Asn	GTT	0	0	91.73	62.08	29.65	
NODE_3_length_494967_cov_42.1413 	4	434066	433991	Ala	GGC	0	0	86.95	68.86	18.09	
NODE_3_length_494967_cov_42.1413 	5	433942	433867	Glu	TTC	0	0	66.40	38.20	28.20	
NODE_3_length_494967_cov_42.1413 	6	433773	433698	Ala	GGC	0	0	86.95	68.86	18.09	
NODE_3_length_494967_cov_42.1413 	7	433651	433576	Glu	TTC	0	0	66.40	38.20	28.20	
NODE_3_length_494967_cov_42.1413 	8	394678	394603	Val	TAC	0	0	94.49	73.68	20.81	
NODE_3_length_494967_cov_42.1413 	9	394586	394510	Asp	GTC	0	0	94.67	75.49	19.18	
NODE_3_length_494967_cov_42.1413 	10	394395	394319	Asp	GTC	0	0	94.67	75.49	19.18	
NODE_3_length_494967_cov_42.1413 	11	92765 	92690 	Glu	TTC	0	0	66.40	38.20	28.20	
NODE_3_length_494967_cov_42.1413 	12	92687 	92612 	Gly	GCC	0	0	93.74	68.41	25.33	
NODE_3_length_494967_cov_42.1413 	13	92527 	92452 	Gly	GCC	0	0	93.74	68.41	25.33	
NODE_3_length_494967_cov_42.1413 	14	47509 	47433 	Val	GAC	0	0	93.19	67.81	25.38	
NODE_3_length_494967_cov_42.1413 	15	13367 	13291 	Pro	GGG	0	0	74.89	48.01	26.88	
NODE_4_length_432578_cov_43.3102 	1	404788	404699	Ser	CGA	0	0	68.31	24.88	43.43	
NODE_6_length_220131_cov_40.2876 	1	141434	141523	Ser	TGA	0	0	68.83	34.50	34.33	
NODE_6_length_220131_cov_40.2876 	2	214531	214606	Gly	GCC	0	0	93.74	68.41	25.33	
NODE_8_length_202751_cov_44.3232 	1	1079  	1153  	Arg	CCT	0	0	69.69	51.80	17.89	
NODE_8_length_202751_cov_44.3232 	2	128900	128975	Val	TAC	0	0	94.49	73.68	20.81	
NODE_8_length_202751_cov_44.3232 	3	128992	129068	Asp	GTC	0	0	94.67	75.49	19.18	
NODE_10_length_198351_cov_37.1879	1	144626	144702	Arg	TCT	0	0	96.39	77.88	18.51	
NODE_10_length_198351_cov_37.1879	2	144754	144829	His	GTG	0	0	83.51	64.18	19.33	
NODE_10_length_198351_cov_37.1879	3	144884	144968	Leu	TAG	0	0	76.62	44.97	31.65	
NODE_10_length_198351_cov_37.1879	4	174660	174735	Gly	TCC	0	0	82.79	56.37	26.42	
NODE_10_length_198351_cov_37.1879	5	174748	174822	Asn	GTT	0	0	76.95	53.18	23.77	
NODE_10_length_198351_cov_37.1879	6	174827	174902	Thr	TGT	0	0	66.30	53.45	12.85	
NODE_12_length_180711_cov_46.1784	1	122479	122552	Gly	CCC	0	0	60.35	30.06	30.29	
NODE_13_length_177346_cov_48.6189	1	120979	121052	Arg	ACG	0	0	52.72	27.21	25.51	
NODE_13_length_177346_cov_48.6189	2	77073 	76998 	Asn	GTT	0	0	91.73	62.08	29.65	
NODE_13_length_177346_cov_48.6189	3	76988 	76912 	Pro	TGG	0	0	87.63	64.60	23.03	
NODE_13_length_177346_cov_48.6189	4	76901 	76826 	Lys	TTT	0	0	95.07	71.82	23.25	
NODE_15_length_172605_cov_44.4262	1	95401 	95491 	Ser	GCT	0	0	76.69	47.10	29.59	
NODE_15_length_172605_cov_44.4262	2	95609 	95685 	Arg	ACG	0	0	83.50	58.05	25.45	
NODE_15_length_172605_cov_44.4262	3	95797 	95873 	Arg	ACG	0	0	83.50	58.05	25.45	
NODE_15_length_172605_cov_44.4262	4	164499	164574	Lys	TTT	0	0	95.07	71.82	23.25	
NODE_15_length_172605_cov_44.4262	5	111944	111868	Met	CAT	0	0	85.06	58.55	26.51	
NODE_15_length_172605_cov_44.4262	6	5723  	5651  	Leu	GAG	0	0	20.84	19.28	1.56	
NODE_17_length_164502_cov_53.179 	1	140842	140767	Phe	GAA	0	0	92.69	68.52	24.17	
NODE_17_length_164502_cov_53.179 	2	129437	129362	Thr	TGT	0	0	93.66	75.64	18.02	
NODE_18_length_154920_cov_52.3901	1	57716 	57640 	Met	CAT	0	0	92.87	71.40	21.47	
NODE_21_length_129426_cov_47.4379	1	102391	102316	Thr	CGT	0	0	90.98	74.93	16.05	
NODE_23_length_124583_cov_39.4751	1	14385 	14458 	Cys	GCA	0	0	62.38	45.73	16.65	
NODE_23_length_124583_cov_39.4751	2	27008 	27094 	Leu	TAA	0	0	76.64	42.32	34.32	
NODE_26_length_93828_cov_38.1323 	1	1707  	1782  	His	GTG	0	0	83.51	64.18	19.33	
NODE_26_length_93828_cov_38.1323 	2	13065 	13141 	Asp	GTC	0	0	95.34	76.86	18.48	
NODE_30_length_75932_cov_49.3169 	1	50006 	50080 	Gln	TTG	0	0	66.82	40.36	26.46	
NODE_30_length_75932_cov_49.3169 	2	53754 	53830 	Met	CAT	0	0	87.19	64.42	22.77	
NODE_32_length_65386_cov_52.8274 	1	64251 	64176 	Trp	CCA	0	0	86.73	63.05	23.68	
NODE_43_length_35853_cov_54.5321 	1	34640 	34716 	Arg	CCG	0	0	87.81	66.55	21.26	
NODE_53_length_5268_cov_180.808  	1	1688  	1764  	Ile	GAT	0	0	98.83	72.69	26.14	
NODE_53_length_5268_cov_180.808  	2	1793  	1868  	Ala	TGC	0	0	90.68	71.56	19.12	
NODE_57_length_3411_cov_47.1562  	1	605   	521   	Tyr	GTA	0	0	71.07	41.76	29.31	
NODE_57_length_3411_cov_47.1562  	2	494   	421   	Gly	TCC	0	0	82.75	60.87	21.88	
NODE_57_length_3411_cov_47.1562  	3	401   	326   	Thr	GGT	0	0	93.76	67.73	26.03	
