Sequence                         		tRNA  	Bounds	tRNA	Anti	Intron Bounds	Cove	HMM	2'Str	      
Name                             	tRNA #	Begin 	End   	Type	Codon	Begin	End	Score	Score	Score	Note
--------                         	------	----- 	------	----	-----	-----	----	------	-----	-----	------
NODE_1_length_768890_cov_24.3826 	1	651815	651906	SeC	TCA	0	0	55.75	-18.51	74.26	
NODE_1_length_768890_cov_24.3826 	2	706039	706124	Leu	GAG	0	0	68.53	39.16	29.37	
NODE_1_length_768890_cov_24.3826 	3	706215	706291	Met	CAT	0	0	85.85	60.06	25.79	
NODE_1_length_768890_cov_24.3826 	4	498150	498064	Leu	CAG	0	0	73.96	38.54	35.42	
NODE_1_length_768890_cov_24.3826 	5	497934	497848	Leu	CAG	0	0	73.96	38.54	35.42	
NODE_1_length_768890_cov_24.3826 	6	241207	241132	Phe	GAA	0	0	92.69	68.52	24.17	
NODE_1_length_768890_cov_24.3826 	7	229797	229722	Thr	TGT	0	0	93.66	75.64	18.02	
NODE_2_length_702816_cov_22.6492 	1	700252	700328	Arg	CCT	0	0	83.71	58.51	25.20	
NODE_2_length_702816_cov_22.6492 	2	219559	219473	Leu	CAA	0	0	69.99	38.33	31.66	
NODE_3_length_618094_cov_21.6028 	1	92013 	92103 	Ser	GCT	0	0	76.69	47.10	29.59	
NODE_3_length_618094_cov_21.6028 	2	92221 	92297 	Arg	ACG	0	0	83.50	58.05	25.45	
NODE_3_length_618094_cov_21.6028 	3	92409 	92485 	Arg	ACG	0	0	83.50	58.05	25.45	
NODE_3_length_618094_cov_21.6028 	4	161108	161183	Lys	TTT	0	0	95.07	71.82	23.25	
NODE_3_length_618094_cov_21.6028 	5	188652	188741	Ser	CGA	0	0	68.31	24.88	43.43	
NODE_3_length_618094_cov_21.6028 	6	211918	211993	Met	CAT	0	0	60.05	34.98	25.07	
NODE_3_length_618094_cov_21.6028 	7	212136	212211	Gly	TCC	0	0	82.79	56.37	26.42	
NODE_3_length_618094_cov_21.6028 	8	212224	212298	Asn	GTT	0	0	77.66	51.70	25.96	
NODE_3_length_618094_cov_21.6028 	9	212303	212378	Thr	TGT	0	0	74.27	61.42	12.85	
NODE_3_length_618094_cov_21.6028 	10	237789	237876	Ser	CGA	0	0	21.60	-7.19	28.79	
NODE_3_length_618094_cov_21.6028 	11	108556	108480	Met	CAT	0	0	85.06	58.55	26.51	
NODE_3_length_618094_cov_21.6028 	12	2344  	2272  	Leu	GAG	0	0	20.84	19.28	1.56	
NODE_4_length_490671_cov_21.2734 	1	57744 	57819 	Ala	GGC	0	0	86.95	68.86	18.09	
NODE_4_length_490671_cov_21.2734 	2	57868 	57943 	Glu	TTC	0	0	66.40	38.20	28.20	
NODE_4_length_490671_cov_21.2734 	3	58037 	58112 	Ala	GGC	0	0	86.95	68.86	18.09	
NODE_4_length_490671_cov_21.2734 	4	58159 	58234 	Glu	TTC	0	0	66.40	38.20	28.20	
NODE_4_length_490671_cov_21.2734 	5	97141 	97216 	Val	TAC	0	0	94.49	73.68	20.81	
NODE_4_length_490671_cov_21.2734 	6	97233 	97309 	Asp	GTC	0	0	94.67	75.49	19.18	
NODE_4_length_490671_cov_21.2734 	7	97424 	97500 	Asp	GTC	0	0	94.67	75.49	19.18	
NODE_4_length_490671_cov_21.2734 	8	444049	444124	Glu	TTC	0	0	66.40	38.20	28.20	
NODE_4_length_490671_cov_21.2734 	9	444127	444202	Gly	GCC	0	0	93.74	68.41	25.33	
NODE_4_length_490671_cov_21.2734 	10	444287	444362	Gly	GCC	0	0	93.74	68.41	25.33	
NODE_4_length_490671_cov_21.2734 	11	411553	411464	Ser	GGA	0	0	71.75	34.38	37.37	
NODE_4_length_490671_cov_21.2734 	12	222741	222665	Pro	CGG	0	0	88.20	60.26	27.94	
NODE_4_length_490671_cov_21.2734 	13	48945 	48870 	Asn	GTT	0	0	91.73	62.08	29.65	
NODE_6_length_426587_cov_20.3393 	1	302569	302645	Arg	TCT	0	0	96.39	77.88	18.51	
NODE_6_length_426587_cov_20.3393 	2	302697	302772	His	GTG	0	0	83.51	64.18	19.33	
NODE_6_length_426587_cov_20.3393 	3	302827	302911	Leu	TAG	0	0	76.62	44.97	31.65	
NODE_6_length_426587_cov_20.3393 	4	302978	303053	His	GTG	0	0	83.51	64.18	19.33	
NODE_6_length_426587_cov_20.3393 	5	314338	314414	Asp	GTC	0	0	95.34	76.86	18.48	
NODE_7_length_413624_cov_24.2354 	1	118925	119001	Met	CAT	0	0	92.87	71.40	21.47	
NODE_8_length_350072_cov_22.6194 	1	100222	100297	Asn	GTT	0	0	91.73	62.08	29.65	
NODE_8_length_350072_cov_22.6194 	2	100307	100383	Pro	TGG	0	0	87.63	64.60	23.03	
NODE_8_length_350072_cov_22.6194 	3	100394	100469	Lys	TTT	0	0	95.07	71.82	23.25	
NODE_8_length_350072_cov_22.6194 	4	119298	119373	Thr	CGT	0	0	90.98	74.93	16.05	
NODE_8_length_350072_cov_22.6194 	5	56315 	56242 	Arg	ACG	0	0	52.72	27.21	25.51	
NODE_9_length_318090_cov_19.9158 	1	140263	140352	Ser	TGA	0	0	72.70	38.95	33.75	
NODE_9_length_318090_cov_19.9158 	2	164645	164720	Gly	GCC	0	0	93.74	68.41	25.33	
NODE_9_length_318090_cov_19.9158 	3	269453	269526	Cys	GCA	0	0	62.38	45.73	16.65	
NODE_9_length_318090_cov_19.9158 	4	282076	282162	Leu	TAA	0	0	76.64	42.32	34.32	
NODE_10_length_209570_cov_22.0081	1	130940	131015	Val	TAC	0	0	94.49	73.68	20.81	
NODE_10_length_209570_cov_22.0081	2	131032	131108	Asp	GTC	0	0	94.67	75.49	19.18	
NODE_13_length_170542_cov_22.8272	1	71841 	71768 	Gly	CCC	0	0	60.35	30.06	30.29	
NODE_18_length_92394_cov_24.6749 	1	57551 	57475 	Arg	CCG	0	0	88.18	64.38	23.80	
NODE_21_length_73160_cov_23.0807 	1	22483 	22409 	Gln	TTG	0	0	66.82	40.36	26.46	
NODE_21_length_73160_cov_23.0807 	2	18735 	18659 	Met	CAT	0	0	87.19	64.42	22.77	
NODE_23_length_65422_cov_23.7925 	1	1220  	1295  	Trp	CCA	0	0	86.73	63.05	23.68	
NODE_24_length_64739_cov_19.633  	1	29591 	29667 	Val	GAC	0	0	93.19	67.81	25.38	
NODE_24_length_64739_cov_19.633  	2	63730 	63806 	Pro	GGG	0	0	74.89	48.01	26.88	
NODE_32_length_5542_cov_86.945   	1	1954  	2030  	Ile	GAT	0	0	98.83	72.69	26.14	
NODE_32_length_5542_cov_86.945   	2	2059  	2134  	Ala	TGC	0	0	90.68	71.56	19.12	
NODE_34_length_3319_cov_20.7162  	1	2799  	2883  	Tyr	GTA	0	0	71.07	41.76	29.31	
NODE_34_length_3319_cov_20.7162  	2	2910  	2983  	Gly	TCC	0	0	82.75	60.87	21.88	
NODE_34_length_3319_cov_20.7162  	3	3003  	3078  	Thr	GGT	0	0	93.76	67.73	26.03	
