Sequence                         		tRNA  	Bounds	tRNA	Anti	Intron Bounds	Cove	HMM	2'Str	      
Name                             	tRNA #	Begin 	End   	Type	Codon	Begin	End	Score	Score	Score	Note
--------                         	------	----- 	------	----	-----	-----	----	------	-----	-----	------
NODE_1_length_687449_cov_20.8243 	1	570632	570723	SeC	TCA	0	0	55.75	-18.51	74.26	
NODE_1_length_687449_cov_20.8243 	2	624579	624664	Leu	GAG	0	0	68.53	39.16	29.37	
NODE_1_length_687449_cov_20.8243 	3	624755	624831	Met	CAT	0	0	85.85	60.06	25.79	
NODE_1_length_687449_cov_20.8243 	4	416965	416879	Leu	CAG	0	0	73.96	38.54	35.42	
NODE_1_length_687449_cov_20.8243 	5	416749	416663	Leu	CAG	0	0	73.96	38.54	35.42	
NODE_1_length_687449_cov_20.8243 	6	160011	159936	Phe	GAA	0	0	92.69	68.52	24.17	
NODE_1_length_687449_cov_20.8243 	7	148606	148531	Thr	TGT	0	0	93.66	75.64	18.02	
NODE_2_length_611365_cov_20.0216 	1	195446	195535	Ser	TGA	0	0	72.70	38.95	33.75	
NODE_2_length_611365_cov_20.0216 	2	219821	219896	Gly	GCC	0	0	93.74	68.41	25.33	
NODE_2_length_611365_cov_20.0216 	3	501252	501325	Cys	GCA	0	0	62.38	45.73	16.65	
NODE_2_length_611365_cov_20.0216 	4	513877	513963	Leu	TAA	0	0	76.64	42.32	34.32	
NODE_3_length_438040_cov_19.7522 	1	345311	345387	Arg	TCT	0	0	96.39	77.88	18.51	
NODE_3_length_438040_cov_19.7522 	2	345439	345514	His	GTG	0	0	83.51	64.18	19.33	
NODE_3_length_438040_cov_19.7522 	3	345569	345653	Leu	TAG	0	0	76.62	44.97	31.65	
NODE_3_length_438040_cov_19.7522 	4	345720	345795	His	GTG	0	0	83.51	64.18	19.33	
NODE_3_length_438040_cov_19.7522 	5	357080	357156	Asp	GTC	0	0	95.34	76.86	18.48	
NODE_4_length_424018_cov_20.035  	1	392919	392830	Ser	CGA	0	0	68.31	24.88	43.43	
NODE_5_length_381033_cov_20.6065 	1	1351  	1265  	Leu	CAA	0	0	69.99	38.33	31.66	
NODE_6_length_328867_cov_20.0594 	1	237097	237022	Thr	CGT	0	0	90.98	74.93	16.05	
NODE_7_length_320092_cov_20.2693 	1	115142	115231	Ser	GGA	0	0	71.75	34.38	37.37	
NODE_7_length_320092_cov_20.2693 	2	303911	303987	Pro	CGG	0	0	88.20	60.26	27.94	
NODE_7_length_320092_cov_20.2693 	3	82648 	82573 	Glu	TTC	0	0	66.40	38.20	28.20	
NODE_7_length_320092_cov_20.2693 	4	82570 	82495 	Gly	GCC	0	0	93.74	68.41	25.33	
NODE_7_length_320092_cov_20.2693 	5	82410 	82335 	Gly	GCC	0	0	93.74	68.41	25.33	
NODE_7_length_320092_cov_20.2693 	6	37378 	37302 	Val	GAC	0	0	93.19	67.81	25.38	
NODE_7_length_320092_cov_20.2693 	7	3235  	3159  	Pro	GGG	0	0	74.89	48.01	26.88	
NODE_9_length_256757_cov_21.1634 	1	1283  	1207  	Arg	CCG	0	0	88.66	67.40	21.26	
NODE_11_length_205068_cov_19.8359	1	58204 	58280 	Met	CAT	0	0	85.06	58.55	26.51	
NODE_11_length_205068_cov_19.8359	2	204627	204699	Leu	GAG	0	0	20.84	19.28	1.56	
NODE_11_length_205068_cov_19.8359	3	113304	113214	Ser	GCT	0	0	76.69	47.10	29.59	
NODE_11_length_205068_cov_19.8359	4	113096	113020	Arg	ACG	0	0	83.50	58.05	25.45	
NODE_11_length_205068_cov_19.8359	5	112908	112832	Arg	ACG	0	0	83.50	58.05	25.45	
NODE_11_length_205068_cov_19.8359	6	5651  	5576  	Lys	TTT	0	0	95.07	71.82	23.25	
NODE_12_length_178312_cov_20.2521	1	48007 	48080 	Arg	ACG	0	0	52.72	27.21	25.51	
NODE_12_length_178312_cov_20.2521	2	155212	155286	Gln	TTG	0	0	66.82	40.36	26.46	
NODE_12_length_178312_cov_20.2521	3	173921	173997	Met	CAT	0	0	87.19	64.42	22.77	
NODE_12_length_178312_cov_20.2521	4	4092  	4017  	Asn	GTT	0	0	91.73	62.08	29.65	
NODE_12_length_178312_cov_20.2521	5	4007  	3931  	Pro	TGG	0	0	87.63	64.60	23.03	
NODE_12_length_178312_cov_20.2521	6	3920  	3845  	Lys	TTT	0	0	95.07	71.82	23.25	
NODE_13_length_174228_cov_19.8694	1	60835 	60910 	Ala	GGC	0	0	86.95	68.86	18.09	
NODE_13_length_174228_cov_19.8694	2	60959 	61034 	Glu	TTC	0	0	66.40	38.20	28.20	
NODE_13_length_174228_cov_19.8694	3	61128 	61203 	Ala	GGC	0	0	86.95	68.86	18.09	
NODE_13_length_174228_cov_19.8694	4	61250 	61325 	Glu	TTC	0	0	66.40	38.20	28.20	
NODE_13_length_174228_cov_19.8694	5	100223	100298	Val	TAC	0	0	94.49	73.68	20.81	
NODE_13_length_174228_cov_19.8694	6	100315	100391	Asp	GTC	0	0	94.67	75.49	19.18	
NODE_13_length_174228_cov_19.8694	7	100506	100582	Asp	GTC	0	0	94.67	75.49	19.18	
NODE_13_length_174228_cov_19.8694	8	52028 	51953 	Asn	GTT	0	0	91.73	62.08	29.65	
NODE_14_length_167719_cov_20.7741	1	75101 	75025 	Met	CAT	0	0	92.87	71.40	21.47	
NODE_15_length_143687_cov_19.7072	1	28225 	28152 	Gly	CCC	0	0	54.49	29.93	24.56	
NODE_21_length_113897_cov_19.626 	1	36000 	36075 	Val	TAC	0	0	94.49	73.68	20.81	
NODE_21_length_113897_cov_19.626 	2	36092 	36168 	Asp	GTC	0	0	94.67	75.49	19.18	
NODE_23_length_100762_cov_20.7855	1	90555 	90479 	Arg	CCT	0	0	83.71	58.51	25.20	
NODE_32_length_65315_cov_21.3366 	1	1016  	1091  	Trp	CCA	0	0	86.73	63.05	23.68	
NODE_68_length_5512_cov_84.5393  	1	1935  	2011  	Ile	GAT	0	0	98.83	72.69	26.14	
NODE_68_length_5512_cov_84.5393  	2	2040  	2115  	Ala	TGC	0	0	90.68	71.56	19.12	
NODE_76_length_3534_cov_20.4053  	1	2810  	2894  	Tyr	GTA	0	0	71.07	41.76	29.31	
NODE_76_length_3534_cov_20.4053  	2	2921  	2994  	Gly	TCC	0	0	82.75	60.87	21.88	
NODE_76_length_3534_cov_20.4053  	3	3014  	3089  	Thr	GGT	0	0	93.76	67.73	26.03	
