Sequence                         		tRNA  	Bounds	tRNA	Anti	Intron Bounds	Cove	HMM	2'Str	      
Name                             	tRNA #	Begin 	End   	Type	Codon	Begin	End	Score	Score	Score	Note
--------                         	------	----- 	------	----	-----	-----	----	------	-----	-----	------
NODE_1_length_911052_cov_21.3146 	1	699528	699602	Arg	CCT	0	0	69.71	45.21	24.50	
NODE_1_length_911052_cov_21.3146 	2	832409	832484	Val	TAC	0	0	94.49	73.68	20.81	
NODE_1_length_911052_cov_21.3146 	3	832501	832577	Asp	GTC	0	0	94.67	75.49	19.18	
NODE_1_length_911052_cov_21.3146 	4	217875	217789	Leu	CAA	0	0	69.99	38.33	31.66	
NODE_2_length_760651_cov_24.1367 	1	267132	267222	Ser	GCT	0	0	76.69	47.10	29.59	
NODE_2_length_760651_cov_24.1367 	2	267340	267416	Arg	ACG	0	0	83.50	58.05	25.45	
NODE_2_length_760651_cov_24.1367 	3	267528	267604	Arg	ACG	0	0	83.50	58.05	25.45	
NODE_2_length_760651_cov_24.1367 	4	336259	336334	Lys	TTT	0	0	95.07	71.82	23.25	
NODE_2_length_760651_cov_24.1367 	5	438778	438853	Thr	CGT	0	0	90.98	74.93	16.05	
NODE_2_length_760651_cov_24.1367 	6	283708	283632	Met	CAT	0	0	85.06	58.55	26.51	
NODE_2_length_760651_cov_24.1367 	7	177453	177381	Leu	GAG	0	0	20.84	19.28	1.56	
NODE_2_length_760651_cov_24.1367 	8	56075 	56002 	Gly	CCC	0	0	60.35	30.06	30.29	
NODE_3_length_660116_cov_22.8637 	1	543030	543121	SeC	TCA	0	0	55.75	-18.51	74.26	
NODE_3_length_660116_cov_22.8637 	2	597371	597456	Leu	GAG	0	0	68.53	39.16	29.37	
NODE_3_length_660116_cov_22.8637 	3	597547	597623	Met	CAT	0	0	85.85	60.06	25.79	
NODE_3_length_660116_cov_22.8637 	4	390306	390220	Leu	CAG	0	0	73.96	38.54	35.42	
NODE_3_length_660116_cov_22.8637 	5	390090	390004	Leu	CAG	0	0	73.96	38.54	35.42	
NODE_3_length_660116_cov_22.8637 	6	133200	133125	Phe	GAA	0	0	92.69	68.52	24.17	
NODE_3_length_660116_cov_22.8637 	7	121796	121721	Thr	TGT	0	0	93.66	75.64	18.02	
NODE_4_length_593878_cov_21.0645 	1	539518	539429	Ser	CGA	0	0	68.31	24.88	43.43	
NODE_5_length_478900_cov_20.3604 	1	113109	113198	Ser	GGA	0	0	71.75	34.38	37.37	
NODE_5_length_478900_cov_20.3604 	2	301923	301999	Pro	CGG	0	0	88.20	60.26	27.94	
NODE_5_length_478900_cov_20.3604 	3	431804	431879	Asn	GTT	0	0	91.73	62.08	29.65	
NODE_5_length_478900_cov_20.3604 	4	423005	422930	Ala	GGC	0	0	86.95	68.86	18.09	
NODE_5_length_478900_cov_20.3604 	5	422881	422806	Glu	TTC	0	0	66.40	38.20	28.20	
NODE_5_length_478900_cov_20.3604 	6	422712	422637	Ala	GGC	0	0	86.95	68.86	18.09	
NODE_5_length_478900_cov_20.3604 	7	422590	422515	Glu	TTC	0	0	66.40	38.20	28.20	
NODE_5_length_478900_cov_20.3604 	8	383602	383527	Val	TAC	0	0	94.49	73.68	20.81	
NODE_5_length_478900_cov_20.3604 	9	383510	383434	Asp	GTC	0	0	94.67	75.49	19.18	
NODE_5_length_478900_cov_20.3604 	10	383319	383243	Asp	GTC	0	0	94.67	75.49	19.18	
NODE_5_length_478900_cov_20.3604 	11	80609 	80534 	Glu	TTC	0	0	66.40	38.20	28.20	
NODE_5_length_478900_cov_20.3604 	12	80531 	80456 	Gly	GCC	0	0	93.74	68.41	25.33	
NODE_5_length_478900_cov_20.3604 	13	80371 	80296 	Gly	GCC	0	0	93.74	68.41	25.33	
NODE_5_length_478900_cov_20.3604 	14	34486 	34410 	Val	GAC	0	0	93.19	67.81	25.38	
NODE_5_length_478900_cov_20.3604 	15	625   	549   	Pro	GGG	0	0	74.89	48.01	26.88	
NODE_6_length_395910_cov_23.0617 	1	91251 	91327 	Met	CAT	0	0	92.87	71.40	21.47	
NODE_7_length_288055_cov_19.6922 	1	132374	132285	Ser	TGA	0	0	72.70	38.95	33.75	
NODE_7_length_288055_cov_19.6922 	2	118944	118869	Gly	GCC	0	0	93.74	68.41	25.33	
NODE_7_length_288055_cov_19.6922 	3	112547	112474	Cys	GCA	0	0	62.38	45.73	16.65	
NODE_7_length_288055_cov_19.6922 	4	99956 	99870 	Leu	TAA	0	0	76.64	42.32	34.32	
NODE_8_length_271193_cov_20.3312 	1	126534	126458	Arg	TCT	0	0	96.39	77.88	18.51	
NODE_8_length_271193_cov_20.3312 	2	126406	126331	His	GTG	0	0	83.51	64.18	19.33	
NODE_8_length_271193_cov_20.3312 	3	126276	126192	Leu	TAG	0	0	76.62	44.97	31.65	
NODE_8_length_271193_cov_20.3312 	4	126125	126050	His	GTG	0	0	83.51	64.18	19.33	
NODE_8_length_271193_cov_20.3312 	5	114772	114696	Asp	GTC	0	0	95.34	76.86	18.48	
NODE_14_length_139758_cov_20.5689	1	45251 	45176 	Met	CAT	0	0	58.29	37.91	20.38	
NODE_14_length_139758_cov_20.5689	2	44936 	44861 	Gly	TCC	0	0	80.67	54.25	26.42	
NODE_14_length_139758_cov_20.5689	3	44848 	44774 	Asn	GTT	0	0	77.66	51.70	25.96	
NODE_14_length_139758_cov_20.5689	4	44769 	44694 	Thr	TGT	0	0	74.27	61.42	12.85	
NODE_18_length_102990_cov_22.8215	1	44246 	44319 	Arg	ACG	0	0	52.72	27.21	25.51	
NODE_18_length_102990_cov_22.8215	2	330   	255   	Asn	GTT	0	0	91.73	62.08	29.65	
NODE_18_length_102990_cov_22.8215	3	245   	169   	Pro	TGG	0	0	87.63	64.60	23.03	
NODE_18_length_102990_cov_22.8215	4	158   	83    	Lys	TTT	0	0	95.07	71.82	23.25	
NODE_20_length_72144_cov_22.7577 	1	22291 	22217 	Gln	TTG	0	0	66.82	40.36	26.46	
NODE_20_length_72144_cov_22.7577 	2	18543 	18467 	Met	CAT	0	0	87.19	64.42	22.77	
NODE_21_length_65553_cov_22.2254 	1	64334 	64259 	Trp	CCA	0	0	86.73	63.05	23.68	
NODE_25_length_35997_cov_23.5139 	1	1335  	1259  	Arg	CCG	0	0	87.81	66.55	21.26	
NODE_28_length_5288_cov_85.9029  	1	1971  	2047  	Ile	GAT	0	0	98.83	72.69	26.14	
NODE_28_length_5288_cov_85.9029  	2	2076  	2151  	Ala	TGC	0	0	90.68	71.56	19.12	
NODE_31_length_3591_cov_21.7633  	1	521   	437   	Tyr	GTA	0	0	71.07	41.76	29.31	
NODE_31_length_3591_cov_21.7633  	2	410   	337   	Gly	TCC	0	0	82.75	60.87	21.88	
NODE_31_length_3591_cov_21.7633  	3	317   	242   	Thr	GGT	0	0	93.76	67.73	26.03	
