Sequence                         		tRNA  	Bounds	tRNA	Anti	Intron Bounds	Cove	HMM	2'Str	      
Name                             	tRNA #	Begin 	End   	Type	Codon	Begin	End	Score	Score	Score	Note
--------                         	------	----- 	------	----	-----	-----	----	------	-----	-----	------
NODE_1_length_927389_cov_51.9148 	1	553953	554029	Met	CAT	0	0	85.06	58.55	26.51	
NODE_1_length_927389_cov_51.9148 	2	660164	660236	Leu	GAG	0	0	20.84	19.28	1.56	
NODE_1_length_927389_cov_51.9148 	3	764092	764165	Gly	CCC	0	0	60.35	30.06	30.29	
NODE_1_length_927389_cov_51.9148 	4	570498	570408	Ser	GCT	0	0	76.69	47.10	29.59	
NODE_1_length_927389_cov_51.9148 	5	570290	570214	Arg	ACG	0	0	83.50	58.05	25.45	
NODE_1_length_927389_cov_51.9148 	6	570102	570026	Arg	ACG	0	0	83.50	58.05	25.45	
NODE_1_length_927389_cov_51.9148 	7	501404	501329	Lys	TTT	0	0	95.07	71.82	23.25	
NODE_1_length_927389_cov_51.9148 	8	473862	473773	Ser	CGA	0	0	68.31	24.88	43.43	
NODE_2_length_781608_cov_59.1234 	1	270449	270535	Leu	CAG	0	0	73.96	38.54	35.42	
NODE_2_length_781608_cov_59.1234 	2	270665	270751	Leu	CAG	0	0	73.96	38.54	35.42	
NODE_2_length_781608_cov_59.1234 	3	527838	527913	Phe	GAA	0	0	92.69	68.52	24.17	
NODE_2_length_781608_cov_59.1234 	4	540464	540538	Undet	NNN	0	0	23.83	22.17	1.66	
NODE_2_length_781608_cov_59.1234 	5	551873	551948	Thr	TGT	0	0	93.66	75.64	18.02	
NODE_2_length_781608_cov_59.1234 	6	116775	116684	SeC	TCA	0	0	55.75	-18.51	74.26	
NODE_2_length_781608_cov_59.1234 	7	62835 	62750 	Leu	GAG	0	0	68.53	39.16	29.37	
NODE_2_length_781608_cov_59.1234 	8	62659 	62583 	Met	CAT	0	0	85.85	60.06	25.79	
NODE_3_length_647443_cov_54.1835 	1	485924	486010	Leu	CAA	0	0	69.99	38.33	31.66	
NODE_3_length_647443_cov_54.1835 	2	2017  	1941  	Arg	CCT	0	0	83.71	58.51	25.20	
NODE_4_length_574393_cov_54.1898 	1	187396	187471	Asn	GTT	0	0	91.73	62.08	29.65	
NODE_4_length_574393_cov_54.1898 	2	187481	187557	Pro	TGG	0	0	87.63	64.60	23.03	
NODE_4_length_574393_cov_54.1898 	3	187568	187643	Lys	TTT	0	0	95.07	71.82	23.25	
NODE_4_length_574393_cov_54.1898 	4	298869	298944	Thr	CGT	0	0	90.98	74.93	16.05	
NODE_4_length_574393_cov_54.1898 	5	143480	143407	Arg	ACG	0	0	52.72	27.21	25.51	
NODE_4_length_574393_cov_54.1898 	6	37251 	37177 	Gln	TTG	0	0	66.82	40.36	26.46	
NODE_4_length_574393_cov_54.1898 	7	18491 	18415 	Met	CAT	0	0	87.19	64.42	22.77	
NODE_5_length_569887_cov_46.2774 	1	390204	390280	Arg	TCT	0	0	96.39	77.88	18.51	
NODE_5_length_569887_cov_46.2774 	2	390332	390407	His	GTG	0	0	83.51	64.18	19.33	
NODE_5_length_569887_cov_46.2774 	3	390462	390546	Leu	TAG	0	0	76.62	44.97	31.65	
NODE_5_length_569887_cov_46.2774 	4	417451	417526	Met	CAT	0	0	60.05	34.98	25.07	
NODE_5_length_569887_cov_46.2774 	5	417828	417903	Gly	TCC	0	0	81.23	54.80	26.43	
NODE_5_length_569887_cov_46.2774 	6	417916	417990	Asn	GTT	0	0	76.95	53.18	23.77	
NODE_5_length_569887_cov_46.2774 	7	417995	418070	Thr	TGT	0	0	74.27	61.42	12.85	
NODE_5_length_569887_cov_46.2774 	8	445010	445085	His	GTG	0	0	83.51	64.18	19.33	
NODE_5_length_569887_cov_46.2774 	9	456376	456452	Asp	GTC	0	0	95.34	76.86	18.48	
NODE_6_length_479767_cov_47.6726 	1	120734	120809	Gly	GCC	0	0	93.74	68.41	25.33	
NODE_6_length_479767_cov_47.6726 	2	167988	168064	Val	GAC	0	0	93.19	67.81	25.38	
NODE_6_length_479767_cov_47.6726 	3	202131	202207	Pro	GGG	0	0	74.89	48.01	26.88	
NODE_6_length_479767_cov_47.6726 	4	397826	397915	Ser	TGA	0	0	72.70	38.95	33.75	
NODE_6_length_479767_cov_47.6726 	5	422203	422278	Gly	GCC	0	0	93.74	68.41	25.33	
NODE_6_length_479767_cov_47.6726 	6	426825	426898	Cys	GCA	0	0	62.38	45.73	16.65	
NODE_7_length_404141_cov_49.8918 	1	53266 	53341 	Ala	GGC	0	0	86.95	68.86	18.09	
NODE_7_length_404141_cov_49.8918 	2	53390 	53465 	Glu	TTC	0	0	66.40	38.20	28.20	
NODE_7_length_404141_cov_49.8918 	3	53559 	53634 	Ala	GGC	0	0	86.95	68.86	18.09	
NODE_7_length_404141_cov_49.8918 	4	53681 	53756 	Glu	TTC	0	0	66.40	38.20	28.20	
NODE_7_length_404141_cov_49.8918 	5	92663 	92738 	Val	TAC	0	0	94.49	73.68	20.81	
NODE_7_length_404141_cov_49.8918 	6	92755 	92831 	Asp	GTC	0	0	94.67	75.49	19.18	
NODE_7_length_404141_cov_49.8918 	7	92946 	93022 	Asp	GTC	0	0	94.67	75.49	19.18	
NODE_7_length_404141_cov_49.8918 	8	394528	394603	Glu	TTC	0	0	66.40	38.20	28.20	
NODE_7_length_404141_cov_49.8918 	9	394606	394681	Gly	GCC	0	0	93.74	68.41	25.33	
NODE_7_length_404141_cov_49.8918 	10	362031	361942	Ser	GGA	0	0	71.75	34.38	37.37	
NODE_7_length_404141_cov_49.8918 	11	173289	173213	Pro	CGG	0	0	88.20	60.26	27.94	
NODE_7_length_404141_cov_49.8918 	12	44467 	44392 	Asn	GTT	0	0	91.73	62.08	29.65	
NODE_8_length_374107_cov_59.6235 	1	293642	293566	Met	CAT	0	0	92.87	71.40	21.47	
NODE_12_length_205119_cov_51.8227	1	131260	131335	Val	TAC	0	0	94.49	73.68	20.81	
NODE_12_length_205119_cov_51.8227	2	131352	131428	Asp	GTC	0	0	94.67	75.49	19.18	
NODE_19_length_81531_cov_57.1754 	1	80312 	80237 	Trp	CCA	0	0	86.73	63.05	23.68	
NODE_20_length_77704_cov_58.5152 	1	42970 	42894 	Arg	CCG	0	0	90.57	71.58	18.99	
NODE_26_length_5550_cov_207.067  	1	3580  	3504  	Ile	GAT	0	0	98.83	72.69	26.14	
NODE_26_length_5550_cov_207.067  	2	3475  	3400  	Ala	TGC	0	0	90.68	71.56	19.12	
NODE_28_length_3327_cov_53.1453  	1	521   	437   	Tyr	GTA	0	0	71.07	41.76	29.31	
NODE_28_length_3327_cov_53.1453  	2	410   	337   	Gly	TCC	0	0	82.75	60.87	21.88	
NODE_28_length_3327_cov_53.1453  	3	317   	242   	Thr	GGT	0	0	93.76	67.73	26.03	
