Sequence                         		tRNA  	Bounds	tRNA	Anti	Intron Bounds	Cove	HMM	2'Str	      
Name                             	tRNA #	Begin 	End   	Type	Codon	Begin	End	Score	Score	Score	Note
--------                         	------	----- 	------	----	-----	-----	----	------	-----	-----	------
NODE_1_length_786667_cov_19.2423 	1	270430	270516	Leu	CAG	0	0	73.96	38.54	35.42	
NODE_1_length_786667_cov_19.2423 	2	270646	270732	Leu	CAG	0	0	73.96	38.54	35.42	
NODE_1_length_786667_cov_19.2423 	3	530593	530668	Phe	GAA	0	0	92.69	68.52	24.17	
NODE_1_length_786667_cov_19.2423 	4	544444	544516	Phe	GAA	0	0	20.41	12.05	8.36	
NODE_1_length_786667_cov_19.2423 	5	555851	555926	Thr	TGT	0	0	93.66	75.64	18.02	
NODE_1_length_786667_cov_19.2423 	6	116858	116767	SeC	TCA	0	0	55.75	-18.51	74.26	
NODE_1_length_786667_cov_19.2423 	7	62856 	62771 	Leu	GAG	0	0	68.53	39.16	29.37	
NODE_1_length_786667_cov_19.2423 	8	62680 	62604 	Met	CAT	0	0	85.85	60.06	25.79	
NODE_2_length_637900_cov_19.2034 	1	216850	216764	Leu	CAA	0	0	69.99	38.33	31.66	
NODE_3_length_586454_cov_18.3537 	1	27590 	27679 	Ser	CGA	0	0	68.31	24.88	43.43	
NODE_4_length_476721_cov_18.4615 	1	114726	114815	Ser	GGA	0	0	71.75	34.38	37.37	
NODE_4_length_476721_cov_18.4615 	2	303524	303600	Pro	CGG	0	0	88.20	60.26	27.94	
NODE_4_length_476721_cov_18.4615 	3	432346	432421	Asn	GTT	0	0	91.73	62.08	29.65	
NODE_4_length_476721_cov_18.4615 	4	423547	423472	Ala	GGC	0	0	86.95	68.86	18.09	
NODE_4_length_476721_cov_18.4615 	5	423423	423348	Glu	TTC	0	0	66.40	38.20	28.20	
NODE_4_length_476721_cov_18.4615 	6	423254	423179	Ala	GGC	0	0	86.95	68.86	18.09	
NODE_4_length_476721_cov_18.4615 	7	423132	423057	Glu	TTC	0	0	66.40	38.20	28.20	
NODE_4_length_476721_cov_18.4615 	8	384151	384076	Val	TAC	0	0	94.49	73.68	20.81	
NODE_4_length_476721_cov_18.4615 	9	384059	383983	Asp	GTC	0	0	94.67	75.49	19.18	
NODE_4_length_476721_cov_18.4615 	10	383868	383792	Asp	GTC	0	0	94.67	75.49	19.18	
NODE_4_length_476721_cov_18.4615 	11	82232 	82157 	Glu	TTC	0	0	66.40	38.20	28.20	
NODE_4_length_476721_cov_18.4615 	12	82154 	82079 	Gly	GCC	0	0	93.74	68.41	25.33	
NODE_4_length_476721_cov_18.4615 	13	81994 	81919 	Gly	GCC	0	0	93.74	68.41	25.33	
NODE_4_length_476721_cov_18.4615 	14	34807 	34731 	Val	GAC	0	0	93.19	67.81	25.38	
NODE_4_length_476721_cov_18.4615 	15	651   	575   	Pro	GGG	0	0	74.89	48.01	26.88	
NODE_5_length_427952_cov_17.5783 	1	302672	302748	Arg	TCT	0	0	96.39	77.88	18.51	
NODE_5_length_427952_cov_17.5783 	2	302800	302875	His	GTG	0	0	83.51	64.18	19.33	
NODE_5_length_427952_cov_17.5783 	3	302930	303014	Leu	TAG	0	0	76.62	44.97	31.65	
NODE_5_length_427952_cov_17.5783 	4	303081	303156	His	GTG	0	0	83.51	64.18	19.33	
NODE_5_length_427952_cov_17.5783 	5	314447	314523	Asp	GTC	0	0	95.34	76.86	18.48	
NODE_6_length_396325_cov_19.3287 	1	318836	318760	Met	CAT	0	0	92.87	71.40	21.47	
NODE_7_length_393882_cov_18.3189 	1	253406	253317	Ser	TGA	0	0	72.99	31.35	41.64	
NODE_7_length_393882_cov_18.3189 	2	142849	142774	Gly	GCC	0	0	93.74	68.41	25.33	
NODE_7_length_393882_cov_18.3189 	3	138226	138153	Cys	GCA	0	0	62.38	45.73	16.65	
NODE_7_length_393882_cov_18.3189 	4	125603	125517	Leu	TAA	0	0	76.64	42.32	34.32	
NODE_8_length_315084_cov_24.972  	1	185146	185219	Arg	ACG	0	0	52.72	27.21	25.51	
NODE_8_length_315084_cov_24.972  	2	292846	292920	Gln	TTG	0	0	66.82	40.36	26.46	
NODE_8_length_315084_cov_24.972  	3	296595	296671	Met	CAT	0	0	87.19	64.42	22.77	
NODE_8_length_315084_cov_24.972  	4	141230	141155	Asn	GTT	0	0	91.73	62.08	29.65	
NODE_8_length_315084_cov_24.972  	5	141145	141069	Pro	TGG	0	0	87.63	64.60	23.03	
NODE_8_length_315084_cov_24.972  	6	141058	140983	Lys	TTT	0	0	95.07	71.82	23.25	
NODE_8_length_315084_cov_24.972  	7	18401 	18326 	Thr	CGT	0	0	90.98	74.93	16.05	
NODE_9_length_303326_cov_19.29   	1	49348 	49420 	Leu	GAG	0	0	20.84	19.28	1.56	
NODE_9_length_303326_cov_19.29   	2	151980	152053	Gly	CCC	0	0	60.35	30.06	30.29	
NODE_14_length_204718_cov_18.8281	1	1131  	1205  	Arg	CCT	0	0	69.69	51.80	17.89	
NODE_14_length_204718_cov_18.8281	2	130749	130824	Val	TAC	0	0	94.49	73.68	20.81	
NODE_14_length_204718_cov_18.8281	3	130841	130917	Asp	GTC	0	0	94.67	75.49	19.18	
NODE_17_length_109831_cov_18.2306	1	40557 	40647 	Ser	GCT	0	0	76.69	47.10	29.59	
NODE_17_length_109831_cov_18.2306	2	40765 	40841 	Arg	ACG	0	0	83.50	58.05	25.45	
NODE_17_length_109831_cov_18.2306	3	40953 	41029 	Arg	ACG	0	0	83.50	58.05	25.45	
NODE_17_length_109831_cov_18.2306	4	109707	109782	Lys	TTT	0	0	95.07	71.82	23.25	
NODE_17_length_109831_cov_18.2306	5	57134 	57058 	Met	CAT	0	0	85.06	58.55	26.51	
NODE_21_length_66054_cov_19.3145 	1	63141 	63217 	Arg	CCT	0	0	83.71	58.51	25.20	
NODE_22_length_65412_cov_20.2216 	1	64193 	64118 	Trp	CCA	0	0	86.73	63.05	23.68	
NODE_24_length_37202_cov_19.8681 	1	2579  	2503  	Arg	CCG	0	0	87.81	66.55	21.26	
NODE_30_length_5522_cov_77.8951  	1	3569  	3493  	Ile	GAT	0	0	98.83	72.69	26.14	
NODE_30_length_5522_cov_77.8951  	2	3464  	3389  	Ala	TGC	0	0	90.68	71.56	19.12	
NODE_32_length_3339_cov_19.0461  	1	521   	437   	Tyr	GTA	0	0	71.07	41.76	29.31	
NODE_32_length_3339_cov_19.0461  	2	410   	337   	Gly	TCC	0	0	82.75	60.87	21.88	
NODE_32_length_3339_cov_19.0461  	3	317   	242   	Thr	GGT	0	0	93.76	67.73	26.03	
