Sequence                         		tRNA  	Bounds	tRNA	Anti	Intron Bounds	Cove	HMM	2'Str	      
Name                             	tRNA #	Begin 	End   	Type	Codon	Begin	End	Score	Score	Score	Note
--------                         	------	----- 	------	----	-----	-----	----	------	-----	-----	------
NODE_1_length_780220_cov_95.0479 	1	271655	271741	Leu	CAG	0	0	73.96	38.54	35.42	
NODE_1_length_780220_cov_95.0479 	2	271871	271957	Leu	CAG	0	0	73.96	38.54	35.42	
NODE_1_length_780220_cov_95.0479 	3	529621	529696	Phe	GAA	0	0	92.69	68.52	24.17	
NODE_1_length_780220_cov_95.0479 	4	541030	541105	Thr	TGT	0	0	93.66	75.64	18.02	
NODE_1_length_780220_cov_95.0479 	5	117309	117218	SeC	TCA	0	0	55.75	-18.51	74.26	
NODE_1_length_780220_cov_95.0479 	6	63002 	62917 	Leu	GAG	0	0	68.53	39.16	29.37	
NODE_1_length_780220_cov_95.0479 	7	62826 	62750 	Met	CAT	0	0	85.85	60.06	25.79	
NODE_2_length_592478_cov_86.3424 	1	55898 	55973 	Ala	GGC	0	0	86.95	68.86	18.09	
NODE_2_length_592478_cov_86.3424 	2	56022 	56097 	Glu	TTC	0	0	66.40	38.20	28.20	
NODE_2_length_592478_cov_86.3424 	3	56191 	56266 	Ala	GGC	0	0	86.95	68.86	18.09	
NODE_2_length_592478_cov_86.3424 	4	56313 	56388 	Glu	TTC	0	0	66.40	38.20	28.20	
NODE_2_length_592478_cov_86.3424 	5	95304 	95379 	Val	TAC	0	0	94.49	73.68	20.81	
NODE_2_length_592478_cov_86.3424 	6	95396 	95472 	Asp	GTC	0	0	94.67	75.49	19.18	
NODE_2_length_592478_cov_86.3424 	7	95587 	95663 	Asp	GTC	0	0	94.67	75.49	19.18	
NODE_2_length_592478_cov_86.3424 	8	412176	412251	Glu	TTC	0	0	66.40	38.20	28.20	
NODE_2_length_592478_cov_86.3424 	9	412254	412329	Gly	GCC	0	0	93.74	68.41	25.33	
NODE_2_length_592478_cov_86.3424 	10	412414	412489	Gly	GCC	0	0	93.74	68.41	25.33	
NODE_2_length_592478_cov_86.3424 	11	556241	556317	Val	GAC	0	0	93.19	67.81	25.38	
NODE_2_length_592478_cov_86.3424 	12	590379	590455	Pro	GGG	0	0	74.89	48.01	26.88	
NODE_2_length_592478_cov_86.3424 	13	379680	379591	Ser	GGA	0	0	71.75	34.38	37.37	
NODE_2_length_592478_cov_86.3424 	14	190886	190810	Pro	CGG	0	0	88.20	60.26	27.94	
NODE_2_length_592478_cov_86.3424 	15	47099 	47024 	Asn	GTT	0	0	91.73	62.08	29.65	
NODE_3_length_560612_cov_94.1375 	1	224696	224610	Leu	CAA	0	0	69.99	38.33	31.66	
NODE_4_length_409981_cov_87.0557 	1	342791	342867	Arg	TCT	0	0	96.39	77.88	18.51	
NODE_4_length_409981_cov_87.0557 	2	342919	342994	His	GTG	0	0	83.51	64.18	19.33	
NODE_4_length_409981_cov_87.0557 	3	343049	343133	Leu	TAG	0	0	76.62	44.97	31.65	
NODE_4_length_409981_cov_87.0557 	4	407283	407358	His	GTG	0	0	83.51	64.18	19.33	
NODE_6_length_326288_cov_96.2919 	1	34446 	34522 	Met	CAT	0	0	92.87	71.40	21.47	
NODE_7_length_317750_cov_90.3806 	1	37645 	37721 	Met	CAT	0	0	85.06	58.55	26.51	
NODE_7_length_317750_cov_90.3806 	2	143758	143830	Leu	GAG	0	0	20.84	19.28	1.56	
NODE_7_length_317750_cov_90.3806 	3	248236	248309	Gly	CCC	0	0	60.35	30.06	30.29	
NODE_7_length_317750_cov_90.3806 	4	54189 	54099 	Ser	GCT	0	0	76.69	47.10	29.59	
NODE_7_length_317750_cov_90.3806 	5	53981 	53905 	Arg	ACG	0	0	83.50	58.05	25.45	
NODE_7_length_317750_cov_90.3806 	6	53793 	53717 	Arg	ACG	0	0	83.50	58.05	25.45	
NODE_8_length_314575_cov_99.1453 	1	279966	279890	Arg	CCG	0	0	87.81	66.55	21.26	
NODE_9_length_269510_cov_92.204  	1	234463	234388	Thr	CGT	0	0	90.98	74.93	16.05	
NODE_10_length_197910_cov_89.5386	1	182722	182647	Lys	TTT	0	0	95.07	71.82	23.25	
NODE_10_length_197910_cov_89.5386	2	151730	151641	Ser	CGA	0	0	68.31	24.88	43.43	
NODE_12_length_193219_cov_92.9409	1	97738 	97812 	Arg	CCT	0	0	69.71	45.21	24.50	
NODE_13_length_192278_cov_83.6109	1	166083	166172	Ser	TGA	0	0	72.70	38.95	33.75	
NODE_13_length_192278_cov_83.6109	2	190463	190538	Gly	GCC	0	0	93.74	68.41	25.33	
NODE_14_length_177886_cov_93.5998	1	173795	173870	Asn	GTT	0	0	91.73	62.08	29.65	
NODE_14_length_177886_cov_93.5998	2	173880	173956	Pro	TGG	0	0	87.63	64.60	23.03	
NODE_14_length_177886_cov_93.5998	3	173967	174042	Lys	TTT	0	0	95.07	71.82	23.25	
NODE_14_length_177886_cov_93.5998	4	129885	129812	Arg	ACG	0	0	52.72	27.21	25.51	
NODE_14_length_177886_cov_93.5998	5	22227 	22153 	Gln	TTG	0	0	66.82	40.36	26.46	
NODE_14_length_177886_cov_93.5998	6	18479 	18403 	Met	CAT	0	0	87.19	64.42	22.77	
NODE_19_length_123950_cov_88.3647	1	8918  	8994  	Asp	GTC	0	0	95.34	76.86	18.48	
NODE_20_length_117440_cov_87.657 	1	4826  	4899  	Cys	GCA	0	0	62.38	45.73	16.65	
NODE_20_length_117440_cov_87.657 	2	17449 	17535 	Leu	TAA	0	0	76.64	42.32	34.32	
NODE_21_length_115040_cov_88.9892	1	78986 	78911 	Val	TAC	0	0	94.49	73.68	20.81	
NODE_21_length_115040_cov_88.9892	2	78894 	78818 	Asp	GTC	0	0	94.67	75.49	19.18	
NODE_27_length_65507_cov_98.2839 	1	64288 	64213 	Trp	CCA	0	0	86.73	63.05	23.68	
NODE_30_length_44656_cov_116.759 	1	30553 	30618 	Leu	CAA	0	0	25.97	4.14	21.83	
NODE_43_length_5411_cov_238.639  	1	3607  	3531  	Ile	GAT	0	0	98.83	72.69	26.14	
NODE_43_length_5411_cov_238.639  	2	3502  	3427  	Ala	TGC	0	0	90.68	71.56	19.12	
NODE_47_length_3301_cov_69.472   	1	521   	437   	Tyr	GTA	0	0	71.07	41.76	29.31	
NODE_47_length_3301_cov_69.472   	2	410   	337   	Gly	TCC	0	0	82.75	60.87	21.88	
NODE_47_length_3301_cov_69.472   	3	317   	242   	Thr	GGT	0	0	93.76	67.73	26.03	
