Sequence                         		tRNA   	Bounds 	tRNA	Anti	Intron Bounds	Cove	HMM	2'Str	      
Name                             	tRNA #	Begin  	End    	Type	Codon	Begin	End	Score	Score	Score	Note
--------                         	------	-----  	------ 	----	-----	-----	----	------	-----	-----	------
NODE_1_length_1465622_cov_46.709 	1	1181762	1181838	Met	CAT	0	0	85.06	58.55	26.51	
NODE_1_length_1465622_cov_46.709 	2	1287989	1288061	Leu	GAG	0	0	20.84	19.28	1.56	
NODE_1_length_1465622_cov_46.709 	3	1399300	1399373	Gly	CCC	0	0	60.35	30.06	30.29	
NODE_1_length_1465622_cov_46.709 	4	1198308	1198218	Ser	GCT	0	0	76.69	47.10	29.59	
NODE_1_length_1465622_cov_46.709 	5	1198100	1198024	Arg	ACG	0	0	83.50	58.05	25.45	
NODE_1_length_1465622_cov_46.709 	6	1197912	1197836	Arg	ACG	0	0	83.50	58.05	25.45	
NODE_1_length_1465622_cov_46.709 	7	1129211	1129136	Lys	TTT	0	0	95.07	71.82	23.25	
NODE_1_length_1465622_cov_46.709 	8	1012686	1012597	Ser	CGA	0	0	68.31	24.88	43.43	
NODE_1_length_1465622_cov_46.709 	9	124015 	123939 	Arg	TCT	0	0	96.39	77.88	18.51	
NODE_1_length_1465622_cov_46.709 	10	123887 	123812 	His	GTG	0	0	83.51	64.18	19.33	
NODE_1_length_1465622_cov_46.709 	11	123757 	123673 	Leu	TAG	0	0	76.62	44.97	31.65	
NODE_1_length_1465622_cov_46.709 	12	123606 	123531 	His	GTG	0	0	83.51	64.18	19.33	
NODE_1_length_1465622_cov_46.709 	13	112247 	112171 	Asp	GTC	0	0	95.34	76.86	18.48	
NODE_2_length_886244_cov_45.6804 	1	521533 	521622 	Ser	GGA	0	0	71.75	34.38	37.37	
NODE_2_length_886244_cov_45.6804 	2	710310 	710386 	Pro	CGG	0	0	88.20	60.26	27.94	
NODE_2_length_886244_cov_45.6804 	3	839149 	839224 	Asn	GTT	0	0	91.73	62.08	29.65	
NODE_2_length_886244_cov_45.6804 	4	830350 	830275 	Ala	GGC	0	0	86.95	68.86	18.09	
NODE_2_length_886244_cov_45.6804 	5	830226 	830151 	Glu	TTC	0	0	66.40	38.20	28.20	
NODE_2_length_886244_cov_45.6804 	6	830057 	829982 	Ala	GGC	0	0	86.95	68.86	18.09	
NODE_2_length_886244_cov_45.6804 	7	829935 	829860 	Glu	TTC	0	0	66.40	38.20	28.20	
NODE_2_length_886244_cov_45.6804 	8	790938 	790863 	Val	TAC	0	0	94.49	73.68	20.81	
NODE_2_length_886244_cov_45.6804 	9	790846 	790770 	Asp	GTC	0	0	94.67	75.49	19.18	
NODE_2_length_886244_cov_45.6804 	10	790655 	790579 	Asp	GTC	0	0	94.67	75.49	19.18	
NODE_2_length_886244_cov_45.6804 	11	489037 	488962 	Glu	TTC	0	0	66.40	38.20	28.20	
NODE_2_length_886244_cov_45.6804 	12	488959 	488884 	Gly	GCC	0	0	93.74	68.41	25.33	
NODE_2_length_886244_cov_45.6804 	13	488799 	488724 	Gly	GCC	0	0	93.74	68.41	25.33	
NODE_2_length_886244_cov_45.6804 	14	442407 	442331 	Val	GAC	0	0	93.19	67.81	25.38	
NODE_2_length_886244_cov_45.6804 	15	408266 	408190 	Pro	GGG	0	0	74.89	48.01	26.88	
NODE_2_length_886244_cov_45.6804 	16	222150 	222061 	Ser	TGA	0	0	72.70	38.95	33.75	
NODE_2_length_886244_cov_45.6804 	17	197773 	197698 	Gly	GCC	0	0	93.74	68.41	25.33	
NODE_2_length_886244_cov_45.6804 	18	193151 	193078 	Cys	GCA	0	0	62.38	45.73	16.65	
NODE_2_length_886244_cov_45.6804 	19	125863 	125777 	Leu	TAA	0	0	76.64	42.32	34.32	
NODE_3_length_777967_cov_45.1691 	1	660870 	660961 	SeC	TCA	0	0	55.75	-18.51	74.26	
NODE_3_length_777967_cov_45.1691 	2	715060 	715145 	Leu	GAG	0	0	68.53	39.16	29.37	
NODE_3_length_777967_cov_45.1691 	3	715236 	715312 	Met	CAT	0	0	85.85	60.06	25.79	
NODE_3_length_777967_cov_45.1691 	4	507198 	507112 	Leu	CAG	0	0	73.96	38.54	35.42	
NODE_3_length_777967_cov_45.1691 	5	506982 	506896 	Leu	CAG	0	0	73.96	38.54	35.42	
NODE_3_length_777967_cov_45.1691 	6	250259 	250184 	Phe	GAA	0	0	92.69	68.52	24.17	
NODE_3_length_777967_cov_45.1691 	7	238854 	238779 	Thr	TGT	0	0	93.66	75.64	18.02	
NODE_4_length_699798_cov_43.9826 	1	488934 	489020 	Leu	CAA	0	0	69.99	38.33	31.66	
NODE_4_length_699798_cov_43.9826 	2	2890   	2814   	Arg	CCT	0	0	83.71	58.51	25.20	
NODE_5_length_489482_cov_45.8245 	1	454848 	454772 	Arg	CCG	0	0	87.81	66.55	21.26	
NODE_6_length_436688_cov_43.9    	1	186192 	186267 	Asn	GTT	0	0	91.73	62.08	29.65	
NODE_6_length_436688_cov_43.9    	2	186277 	186353 	Pro	TGG	0	0	87.63	64.60	23.03	
NODE_6_length_436688_cov_43.9    	3	186364 	186439 	Lys	TTT	0	0	95.07	71.82	23.25	
NODE_6_length_436688_cov_43.9    	4	204285 	204360 	Thr	CGT	0	0	90.98	74.93	16.05	
NODE_6_length_436688_cov_43.9    	5	142276 	142203 	Arg	ACG	0	0	52.72	27.21	25.51	
NODE_6_length_436688_cov_43.9    	6	36274  	36200  	Gln	TTG	0	0	66.82	40.36	26.46	
NODE_6_length_436688_cov_43.9    	7	32525  	32449  	Met	CAT	0	0	87.19	64.42	22.77	
NODE_7_length_377671_cov_45.004  	1	79297  	79373  	Met	CAT	0	0	92.87	71.40	21.47	
NODE_8_length_205046_cov_44.5812 	1	131173 	131248 	Val	TAC	0	0	94.49	73.68	20.81	
NODE_8_length_205046_cov_44.5812 	2	131265 	131341 	Asp	GTC	0	0	94.67	75.49	19.18	
NODE_16_length_65470_cov_45.7538 	1	64251  	64176  	Trp	CCA	0	0	86.73	63.05	23.68	
NODE_21_length_5386_cov_168.657  	1	3489   	3413   	Ile	GAT	0	0	98.83	72.69	26.14	
NODE_21_length_5386_cov_168.657  	2	3384   	3309   	Ala	TGC	0	0	90.68	71.56	19.12	
NODE_24_length_3418_cov_44.6651  	1	521    	437    	Tyr	GTA	0	0	71.07	41.76	29.31	
NODE_24_length_3418_cov_44.6651  	2	410    	337    	Gly	TCC	0	0	82.75	60.87	21.88	
NODE_24_length_3418_cov_44.6651  	3	317    	242    	Thr	GGT	0	0	93.76	67.73	26.03	
