Sequence                          		tRNA   	Bounds 	tRNA	Anti	Intron Bounds	Cove	HMM	2'Str	      
Name                              	tRNA #	Begin  	End    	Type	Codon	Begin	End	Score	Score	Score	Note
--------                          	------	-----  	------ 	----	-----	-----	----	------	-----	-----	------
NODE_1_length_1060928_cov_59.8145 	1	57813  	57888  	Ala	GGC	0	0	86.95	68.86	18.09	
NODE_1_length_1060928_cov_59.8145 	2	57937  	58012  	Glu	TTC	0	0	66.40	38.20	28.20	
NODE_1_length_1060928_cov_59.8145 	3	58106  	58181  	Ala	GGC	0	0	86.95	68.86	18.09	
NODE_1_length_1060928_cov_59.8145 	4	58228  	58303  	Glu	TTC	0	0	66.40	38.20	28.20	
NODE_1_length_1060928_cov_59.8145 	5	97206  	97281  	Val	TAC	0	0	94.49	73.68	20.81	
NODE_1_length_1060928_cov_59.8145 	6	97298  	97374  	Asp	GTC	0	0	94.67	75.49	19.18	
NODE_1_length_1060928_cov_59.8145 	7	97489  	97565  	Asp	GTC	0	0	94.67	75.49	19.18	
NODE_1_length_1060928_cov_59.8145 	8	399089 	399164 	Glu	TTC	0	0	66.40	38.20	28.20	
NODE_1_length_1060928_cov_59.8145 	9	399167 	399242 	Gly	GCC	0	0	93.74	68.41	25.33	
NODE_1_length_1060928_cov_59.8145 	10	399327 	399402 	Gly	GCC	0	0	93.74	68.41	25.33	
NODE_1_length_1060928_cov_59.8145 	11	599884 	599960 	Val	GAC	0	0	93.19	67.81	25.38	
NODE_1_length_1060928_cov_59.8145 	12	634027 	634103 	Pro	GGG	0	0	74.89	48.01	26.88	
NODE_1_length_1060928_cov_59.8145 	13	814331 	814420 	Ser	TGA	0	0	72.70	38.95	33.75	
NODE_1_length_1060928_cov_59.8145 	14	838709 	838784 	Gly	GCC	0	0	93.74	68.41	25.33	
NODE_1_length_1060928_cov_59.8145 	15	948285 	948358 	Cys	GCA	0	0	62.38	45.73	16.65	
NODE_1_length_1060928_cov_59.8145 	16	960916 	961002 	Leu	TAA	0	0	76.64	42.32	34.32	
NODE_1_length_1060928_cov_59.8145 	17	366594 	366505 	Ser	GGA	0	0	71.75	34.38	37.37	
NODE_1_length_1060928_cov_59.8145 	18	177839 	177763 	Pro	CGG	0	0	88.20	60.26	27.94	
NODE_1_length_1060928_cov_59.8145 	19	49014  	48939  	Asn	GTT	0	0	91.73	62.08	29.65	
NODE_2_length_901394_cov_65.6333  	1	680887 	680973 	Leu	CAA	0	0	69.99	38.33	31.66	
NODE_2_length_901394_cov_65.6333  	2	201824 	201748 	Arg	CCT	0	0	83.71	58.51	25.20	
NODE_2_length_901394_cov_65.6333  	3	73991  	73916  	Val	TAC	0	0	94.49	73.68	20.81	
NODE_2_length_901394_cov_65.6333  	4	73899  	73823  	Asp	GTC	0	0	94.67	75.49	19.18	
NODE_3_length_822883_cov_68.8845  	1	271845 	271931 	Leu	CAG	0	0	73.96	38.54	35.42	
NODE_3_length_822883_cov_68.8845  	2	272061 	272147 	Leu	CAG	0	0	73.96	38.54	35.42	
NODE_3_length_822883_cov_68.8845  	3	581754 	581829 	Phe	GAA	0	0	92.69	68.52	24.17	
NODE_3_length_822883_cov_68.8845  	4	593164 	593239 	Thr	TGT	0	0	93.66	75.64	18.02	
NODE_3_length_822883_cov_68.8845  	5	117111 	117020 	SeC	TCA	0	0	55.75	-18.51	74.26	
NODE_3_length_822883_cov_68.8845  	6	62870  	62785  	Leu	GAG	0	0	68.53	39.16	29.37	
NODE_3_length_822883_cov_68.8845  	7	62694  	62618  	Met	CAT	0	0	85.85	60.06	25.79	
NODE_4_length_428074_cov_60.1212  	1	302863 	302939 	Arg	TCT	0	0	96.39	77.88	18.51	
NODE_4_length_428074_cov_60.1212  	2	302991 	303066 	His	GTG	0	0	83.51	64.18	19.33	
NODE_4_length_428074_cov_60.1212  	3	303121 	303205 	Leu	TAG	0	0	76.62	44.97	31.65	
NODE_4_length_428074_cov_60.1212  	4	303272 	303347 	His	GTG	0	0	83.51	64.18	19.33	
NODE_4_length_428074_cov_60.1212  	5	314632 	314708 	Asp	GTC	0	0	95.34	76.86	18.48	
NODE_5_length_370813_cov_69.0027  	1	78040  	78116  	Met	CAT	0	0	92.87	71.40	21.47	
NODE_6_length_358033_cov_65.4873  	1	100595 	100670 	Asn	GTT	0	0	91.73	62.08	29.65	
NODE_6_length_358033_cov_65.4873  	2	100680 	100756 	Pro	TGG	0	0	87.63	64.60	23.03	
NODE_6_length_358033_cov_65.4873  	3	100767 	100842 	Lys	TTT	0	0	95.07	71.82	23.25	
NODE_6_length_358033_cov_65.4873  	4	119512 	119587 	Thr	CGT	0	0	90.98	74.93	16.05	
NODE_6_length_358033_cov_65.4873  	5	56688  	56615  	Arg	ACG	0	0	52.72	27.21	25.51	
NODE_8_length_307623_cov_60.5967  	1	198710 	198621 	Ser	CGA	0	0	68.31	24.88	43.43	
NODE_12_length_170417_cov_61.5106 	1	93263  	93353  	Ser	GCT	0	0	76.69	47.10	29.59	
NODE_12_length_170417_cov_61.5106 	2	93471  	93547  	Arg	ACG	0	0	83.50	58.05	25.45	
NODE_12_length_170417_cov_61.5106 	3	93660  	93736  	Arg	ACG	0	0	83.50	58.05	25.45	
NODE_12_length_170417_cov_61.5106 	4	162359 	162434 	Lys	TTT	0	0	95.07	71.82	23.25	
NODE_12_length_170417_cov_61.5106 	5	109805 	109729 	Met	CAT	0	0	85.06	58.55	26.51	
NODE_12_length_170417_cov_61.5106 	6	3597   	3525   	Leu	GAG	0	0	20.84	19.28	1.56	
NODE_14_length_157569_cov_66.2603 	1	58854  	58781  	Gly	CCC	0	0	60.35	30.06	30.29	
NODE_18_length_75821_cov_66.4718  	1	25892  	25818  	Gln	TTG	0	0	66.82	40.36	26.46	
NODE_18_length_75821_cov_66.4718  	2	22143  	22067  	Met	CAT	0	0	87.19	64.42	22.77	
NODE_19_length_65517_cov_68.897   	1	64298  	64223  	Trp	CCA	0	0	86.73	63.05	23.68	
NODE_25_length_35993_cov_69.071   	1	1356   	1280   	Arg	CCG	0	0	87.81	66.55	21.26	
NODE_32_length_5550_cov_190.588   	1	3616   	3540   	Ile	GAT	0	0	98.83	72.69	26.14	
NODE_32_length_5550_cov_190.588   	2	3511   	3436   	Ala	TGC	0	0	90.68	71.56	19.12	
NODE_37_length_3292_cov_55.6275   	1	521    	437    	Tyr	GTA	0	0	71.07	41.76	29.31	
NODE_37_length_3292_cov_55.6275   	2	410    	337    	Gly	TCC	0	0	82.75	60.87	21.88	
NODE_37_length_3292_cov_55.6275   	3	317    	242    	Thr	GGT	0	0	93.76	67.73	26.03	
