Sequence                         		tRNA  	Bounds	tRNA	Anti	Intron Bounds	Cove	HMM	2'Str	      
Name                             	tRNA #	Begin 	End   	Type	Codon	Begin	End	Score	Score	Score	Note
--------                         	------	----- 	------	----	-----	-----	----	------	-----	-----	------
NODE_1_length_910516_cov_16.4289 	1	182391	182315	Arg	TCT	0	0	96.39	77.88	18.51	
NODE_1_length_910516_cov_16.4289 	2	182263	182188	His	GTG	0	0	83.51	64.18	19.33	
NODE_1_length_910516_cov_16.4289 	3	182133	182049	Leu	TAG	0	0	76.74	45.09	31.65	
NODE_1_length_910516_cov_16.4289 	4	153989	153914	Gly	TCC	0	0	80.67	54.25	26.42	
NODE_1_length_910516_cov_16.4289 	5	153901	153827	Asn	GTT	0	0	77.66	51.70	25.96	
NODE_1_length_910516_cov_16.4289 	6	153822	153747	Thr	TGT	0	0	74.27	61.42	12.85	
NODE_1_length_910516_cov_16.4289 	7	124354	124279	His	GTG	0	0	83.51	64.18	19.33	
NODE_1_length_910516_cov_16.4289 	8	113001	112925	Asp	GTC	0	0	95.34	76.86	18.48	
NODE_2_length_651795_cov_18.6515 	1	80319 	80395 	Met	CAT	0	0	92.87	71.40	21.47	
NODE_2_length_651795_cov_18.6515 	2	94517 	94584 	Undet	NNN	0	0	23.91	17.16	6.75	
NODE_2_length_651795_cov_18.6515 	3	420264	420340	Arg	CCG	0	0	87.81	66.55	21.26	
NODE_3_length_595573_cov_16.4156 	1	237232	237321	Ser	GGA	0	0	71.75	34.38	37.37	
NODE_3_length_595573_cov_16.4156 	2	426025	426101	Pro	CGG	0	0	88.20	60.26	27.94	
NODE_3_length_595573_cov_16.4156 	3	552695	552770	Asn	GTT	0	0	91.73	62.08	29.65	
NODE_3_length_595573_cov_16.4156 	4	543896	543821	Ala	GGC	0	0	86.95	68.86	18.09	
NODE_3_length_595573_cov_16.4156 	5	543772	543697	Glu	TTC	0	0	66.40	38.20	28.20	
NODE_3_length_595573_cov_16.4156 	6	543603	543528	Ala	GGC	0	0	86.95	68.86	18.09	
NODE_3_length_595573_cov_16.4156 	7	543481	543406	Glu	TTC	0	0	66.40	38.20	28.20	
NODE_3_length_595573_cov_16.4156 	8	504493	504418	Val	TAC	0	0	94.49	73.68	20.81	
NODE_3_length_595573_cov_16.4156 	9	504401	504325	Asp	GTC	0	0	94.67	75.49	19.18	
NODE_3_length_595573_cov_16.4156 	10	504210	504134	Asp	GTC	0	0	94.67	75.49	19.18	
NODE_3_length_595573_cov_16.4156 	11	204733	204658	Glu	TTC	0	0	66.40	38.20	28.20	
NODE_3_length_595573_cov_16.4156 	12	204655	204580	Gly	GCC	0	0	93.74	68.41	25.33	
NODE_3_length_595573_cov_16.4156 	13	204495	204420	Gly	GCC	0	0	93.74	68.41	25.33	
NODE_3_length_595573_cov_16.4156 	14	35560 	35484 	Val	GAC	0	0	93.19	67.81	25.38	
NODE_3_length_595573_cov_16.4156 	15	1715  	1639  	Pro	GGG	0	0	74.89	48.01	26.88	
NODE_4_length_472917_cov_18.0007 	1	163499	163585	Leu	CAG	0	0	73.96	38.54	35.42	
NODE_4_length_472917_cov_18.0007 	2	163715	163801	Leu	CAG	0	0	73.96	38.54	35.42	
NODE_4_length_472917_cov_18.0007 	3	420439	420514	Phe	GAA	0	0	92.69	68.52	24.17	
NODE_4_length_472917_cov_18.0007 	4	431844	431919	Thr	TGT	0	0	93.66	75.64	18.02	
NODE_5_length_386197_cov_17.2852 	1	26329 	26243 	Leu	CAA	0	0	69.99	38.33	31.66	
NODE_6_length_261936_cov_17.1442 	1	31781 	31856 	Thr	CGT	0	0	90.98	74.93	16.05	
NODE_7_length_214206_cov_17.2378 	1	119264	119338	Arg	CCT	0	0	69.71	45.21	24.50	
NODE_10_length_182129_cov_16.3247	1	151120	151031	Ser	CGA	0	0	68.31	24.88	43.43	
NODE_11_length_166340_cov_16.1361	1	140556	140645	Ser	TGA	0	0	72.70	38.95	33.75	
NODE_11_length_166340_cov_16.1361	2	164936	165011	Gly	GCC	0	0	93.74	68.41	25.33	
NODE_12_length_160668_cov_16.4236	1	53496 	53572 	Met	CAT	0	0	85.06	58.55	26.51	
NODE_12_length_160668_cov_16.4236	2	159597	159669	Leu	GAG	0	0	20.84	19.28	1.56	
NODE_12_length_160668_cov_16.4236	3	70028 	69938 	Ser	GCT	0	0	76.69	47.10	29.59	
NODE_12_length_160668_cov_16.4236	4	69820 	69744 	Arg	ACG	0	0	83.50	58.05	25.45	
NODE_12_length_160668_cov_16.4236	5	69632 	69556 	Arg	ACG	0	0	83.50	58.05	25.45	
NODE_12_length_160668_cov_16.4236	6	937   	862   	Lys	TTT	0	0	95.07	71.82	23.25	
NODE_14_length_132107_cov_16.3529	1	95409 	95482 	Gly	CCC	0	0	60.35	30.06	30.29	
NODE_17_length_118861_cov_17.4751	1	1531  	1622  	SeC	TCA	0	0	55.75	-18.51	74.26	
NODE_17_length_118861_cov_17.4751	2	55917 	56002 	Leu	GAG	0	0	68.53	39.16	29.37	
NODE_17_length_118861_cov_17.4751	3	56093 	56169 	Met	CAT	0	0	85.85	60.06	25.79	
NODE_18_length_117040_cov_16.1996	1	4488  	4561  	Cys	GCA	0	0	62.38	45.73	16.65	
NODE_18_length_117040_cov_16.1996	2	17113 	17199 	Leu	TAA	0	0	76.64	42.32	34.32	
NODE_19_length_114957_cov_16.896 	1	36054 	36129 	Val	TAC	0	0	94.49	73.68	20.81	
NODE_19_length_114957_cov_16.896 	2	36146 	36222 	Asp	GTC	0	0	94.67	75.49	19.18	
NODE_20_length_103060_cov_17.2356	1	45016 	45089 	Arg	ACG	0	0	52.72	27.21	25.51	
NODE_20_length_103060_cov_17.2356	2	1108  	1033  	Asn	GTT	0	0	91.73	62.08	29.65	
NODE_20_length_103060_cov_17.2356	3	1023  	947   	Pro	TGG	0	0	87.63	64.60	23.03	
NODE_20_length_103060_cov_17.2356	4	936   	861   	Lys	TTT	0	0	95.07	71.82	23.25	
NODE_25_length_88922_cov_18.05   	1	1220  	1295  	Trp	CCA	0	0	86.73	63.05	23.68	
NODE_29_length_71728_cov_17.0926 	1	49487 	49561 	Gln	TTG	0	0	66.82	40.36	26.46	
NODE_29_length_71728_cov_17.0926 	2	53235 	53311 	Met	CAT	0	0	87.19	64.42	22.77	
NODE_50_length_5347_cov_66.3224  	1	1858  	1934  	Ile	GAT	0	0	98.83	72.69	26.14	
NODE_50_length_5347_cov_66.3224  	2	1963  	2038  	Ala	TGC	0	0	90.68	71.56	19.12	
NODE_59_length_3418_cov_18.8183  	1	2898  	2982  	Tyr	GTA	0	0	71.07	41.76	29.31	
NODE_59_length_3418_cov_18.8183  	2	3009  	3082  	Gly	TCC	0	0	82.75	60.87	21.88	
NODE_59_length_3418_cov_18.8183  	3	3102  	3177  	Thr	GGT	0	0	93.76	67.73	26.03	
