Sequence                          		tRNA   	Bounds 	tRNA	Anti	Intron Bounds	Cove	HMM	2'Str	      
Name                              	tRNA #	Begin  	End    	Type	Codon	Begin	End	Score	Score	Score	Note
--------                          	------	-----  	------ 	----	-----	-----	----	------	-----	-----	------
NODE_1_length_1050678_cov_32.4481 	1	953884 	953958 	Arg	CCT	0	0	69.71	45.21	24.50	
NODE_1_length_1050678_cov_32.4481 	2	465186 	465100 	Leu	CAA	0	0	69.99	38.33	31.66	
NODE_2_length_666600_cov_33.5461  	1	277322 	277408 	Leu	CAG	0	0	73.96	38.54	35.42	
NODE_2_length_666600_cov_33.5461  	2	277538 	277624 	Leu	CAG	0	0	73.96	38.54	35.42	
NODE_2_length_666600_cov_33.5461  	3	534254 	534329 	Phe	GAA	0	0	92.69	68.52	24.17	
NODE_2_length_666600_cov_33.5461  	4	545664 	545739 	Thr	TGT	0	0	93.66	75.64	18.02	
NODE_2_length_666600_cov_33.5461  	5	123760 	123669 	SeC	TCA	0	0	55.75	-18.51	74.26	
NODE_2_length_666600_cov_33.5461  	6	62909  	62824  	Leu	GAG	0	0	68.53	39.16	29.37	
NODE_2_length_666600_cov_33.5461  	7	62733  	62657  	Met	CAT	0	0	85.85	60.06	25.79	
NODE_4_length_487843_cov_31.3493  	1	57201  	57276  	Ala	GGC	0	0	86.95	68.86	18.09	
NODE_4_length_487843_cov_31.3493  	2	57325  	57400  	Glu	TTC	0	0	66.40	38.20	28.20	
NODE_4_length_487843_cov_31.3493  	3	57494  	57569  	Ala	GGC	0	0	86.95	68.86	18.09	
NODE_4_length_487843_cov_31.3493  	4	57616  	57691  	Glu	TTC	0	0	66.40	38.20	28.20	
NODE_4_length_487843_cov_31.3493  	5	96620  	96695  	Val	TAC	0	0	94.49	73.68	20.81	
NODE_4_length_487843_cov_31.3493  	6	96712  	96788  	Asp	GTC	0	0	94.67	75.49	19.18	
NODE_4_length_487843_cov_31.3493  	7	96903  	96979  	Asp	GTC	0	0	94.67	75.49	19.18	
NODE_4_length_487843_cov_31.3493  	8	396425 	396500 	Glu	TTC	0	0	66.40	38.20	28.20	
NODE_4_length_487843_cov_31.3493  	9	396503 	396578 	Gly	GCC	0	0	93.74	68.41	25.33	
NODE_4_length_487843_cov_31.3493  	10	396663 	396738 	Gly	GCC	0	0	93.74	68.41	25.33	
NODE_4_length_487843_cov_31.3493  	11	442516 	442592 	Val	GAC	0	0	93.19	67.81	25.38	
NODE_4_length_487843_cov_31.3493  	12	476742 	476818 	Pro	GGG	0	0	74.89	48.01	26.88	
NODE_4_length_487843_cov_31.3493  	13	363920 	363831 	Ser	GGA	0	0	71.75	34.38	37.37	
NODE_4_length_487843_cov_31.3493  	14	175128 	175052 	Pro	CGG	0	0	88.20	60.26	27.94	
NODE_4_length_487843_cov_31.3493  	15	48402  	48327  	Asn	GTT	0	0	91.73	62.08	29.65	
NODE_5_length_487062_cov_34.8771  	1	34661  	34737  	Arg	CCG	0	0	87.81	66.55	21.26	
NODE_6_length_480015_cov_32.9468  	1	185140 	185215 	Asn	GTT	0	0	91.73	62.08	29.65	
NODE_6_length_480015_cov_32.9468  	2	185225 	185301 	Pro	TGG	0	0	87.63	64.60	23.03	
NODE_6_length_480015_cov_32.9468  	3	185312 	185387 	Lys	TTT	0	0	95.07	71.82	23.25	
NODE_6_length_480015_cov_32.9468  	4	204684 	204759 	Thr	CGT	0	0	90.98	74.93	16.05	
NODE_6_length_480015_cov_32.9468  	5	141224 	141151 	Arg	ACG	0	0	52.72	27.21	25.51	
NODE_6_length_480015_cov_32.9468  	6	35027  	34953  	Gln	TTG	0	0	66.82	40.36	26.46	
NODE_6_length_480015_cov_32.9468  	7	31279  	31203  	Met	CAT	0	0	87.19	64.42	22.77	
NODE_7_length_367330_cov_32.6138  	1	197517 	197607 	Ser	GCT	0	0	76.69	47.10	29.59	
NODE_7_length_367330_cov_32.6138  	2	197725 	197801 	Arg	ACG	0	0	83.50	58.05	25.45	
NODE_7_length_367330_cov_32.6138  	3	197913 	197989 	Arg	ACG	0	0	83.50	58.05	25.45	
NODE_7_length_367330_cov_32.6138  	4	266671 	266746 	Lys	TTT	0	0	95.07	71.82	23.25	
NODE_7_length_367330_cov_32.6138  	5	214095 	214019 	Met	CAT	0	0	85.06	58.55	26.51	
NODE_7_length_367330_cov_32.6138  	6	107865 	107793 	Leu	GAG	0	0	20.84	19.28	1.56	
NODE_7_length_367330_cov_32.6138  	7	3492   	3419   	Gly	CCC	0	0	60.35	30.06	30.29	
NODE_8_length_358911_cov_30.9258  	1	218320 	218231 	Ser	TGA	0	0	68.83	34.50	34.33	
NODE_8_length_358911_cov_30.9258  	2	193402 	193327 	Met	CAT	0	0	60.05	34.98	25.07	
NODE_8_length_358911_cov_30.9258  	3	192896 	192821 	Gly	TCC	0	0	73.72	55.42	18.30	
NODE_8_length_358911_cov_30.9258  	4	192808 	192734 	Asn	GTT	0	0	76.95	53.18	23.77	
NODE_8_length_358911_cov_30.9258  	5	192729 	192654 	Thr	TGT	0	0	74.27	61.42	12.85	
NODE_8_length_358911_cov_30.9258  	6	153171 	153096 	Gly	GCC	0	0	93.74	68.41	25.33	
NODE_8_length_358911_cov_30.9258  	7	146778 	146705 	Cys	GCA	0	0	62.38	45.73	16.65	
NODE_8_length_358911_cov_30.9258  	8	134153 	134067 	Leu	TAA	0	0	76.64	42.32	34.32	
NODE_10_length_271436_cov_30.6096 	1	144637 	144713 	Arg	TCT	0	0	96.39	77.88	18.51	
NODE_10_length_271436_cov_30.6096 	2	144765 	144840 	His	GTG	0	0	83.51	64.18	19.33	
NODE_10_length_271436_cov_30.6096 	3	144895 	144979 	Leu	TAG	0	0	76.62	44.97	31.65	
NODE_10_length_271436_cov_30.6096 	4	145046 	145121 	His	GTG	0	0	83.51	64.18	19.33	
NODE_10_length_271436_cov_30.6096 	5	156399 	156475 	Asp	GTC	0	0	95.34	76.86	18.48	
NODE_11_length_234233_cov_32.2383 	1	34717  	34806  	Ser	CGA	0	0	68.31	24.88	43.43	
NODE_15_length_114807_cov_32.1379 	1	36098  	36173  	Val	TAC	0	0	94.49	73.68	20.81	
NODE_15_length_114807_cov_32.1379 	2	36190  	36266  	Asp	GTC	0	0	94.67	75.49	19.18	
NODE_17_length_80762_cov_33.667   	1	80167  	80243  	Met	CAT	0	0	92.87	71.40	21.47	
NODE_20_length_65459_cov_34.1142  	1	1220   	1295   	Trp	CCA	0	0	86.73	63.05	23.68	
NODE_27_length_5395_cov_148.368   	1	1810   	1886   	Ile	GAT	0	0	98.83	72.69	26.14	
NODE_27_length_5395_cov_148.368   	2	1915   	1990   	Ala	TGC	0	0	90.68	71.56	19.12	
NODE_30_length_3321_cov_32.3569   	1	2801   	2885   	Tyr	GTA	0	0	71.07	41.76	29.31	
NODE_30_length_3321_cov_32.3569   	2	2912   	2985   	Gly	TCC	0	0	82.75	60.87	21.88	
NODE_30_length_3321_cov_32.3569   	3	3005   	3080   	Thr	GGT	0	0	93.76	67.73	26.03	
