Sequence                         		tRNA  	Bounds	tRNA	Anti	Intron Bounds	Cove	HMM	2'Str	      
Name                             	tRNA #	Begin 	End   	Type	Codon	Begin	End	Score	Score	Score	Note
--------                         	------	----- 	------	----	-----	-----	----	------	-----	-----	------
NODE_1_length_814399_cov_17.9076 	1	452419	452508	Ser	GGA	0	0	71.75	34.38	37.37	
NODE_1_length_814399_cov_17.9076 	2	641188	641264	Pro	CGG	0	0	88.20	60.26	27.94	
NODE_1_length_814399_cov_17.9076 	3	770031	770106	Asn	GTT	0	0	91.73	62.08	29.65	
NODE_1_length_814399_cov_17.9076 	4	761232	761157	Ala	GGC	0	0	86.95	68.86	18.09	
NODE_1_length_814399_cov_17.9076 	5	761108	761033	Glu	TTC	0	0	66.40	38.20	28.20	
NODE_1_length_814399_cov_17.9076 	6	760939	760864	Ala	GGC	0	0	86.95	68.86	18.09	
NODE_1_length_814399_cov_17.9076 	7	760817	760742	Glu	TTC	0	0	66.40	38.20	28.20	
NODE_1_length_814399_cov_17.9076 	8	721805	721730	Val	TAC	0	0	94.49	73.68	20.81	
NODE_1_length_814399_cov_17.9076 	9	721713	721637	Asp	GTC	0	0	94.67	75.49	19.18	
NODE_1_length_814399_cov_17.9076 	10	721522	721446	Asp	GTC	0	0	94.67	75.49	19.18	
NODE_1_length_814399_cov_17.9076 	11	419904	419829	Glu	TTC	0	0	66.40	38.20	28.20	
NODE_1_length_814399_cov_17.9076 	12	419826	419751	Gly	GCC	0	0	93.74	68.41	25.33	
NODE_1_length_814399_cov_17.9076 	13	419666	419591	Gly	GCC	0	0	93.74	68.41	25.33	
NODE_1_length_814399_cov_17.9076 	14	372496	372420	Val	GAC	0	0	93.19	67.81	25.38	
NODE_1_length_814399_cov_17.9076 	15	338355	338279	Pro	GGG	0	0	74.89	48.01	26.88	
NODE_1_length_814399_cov_17.9076 	16	190623	190536	Ser	TGA	0	0	63.95	26.84	37.11	
NODE_1_length_814399_cov_17.9076 	17	156978	156903	Gly	GCC	0	0	93.74	68.41	25.33	
NODE_1_length_814399_cov_17.9076 	18	152371	152298	Cys	GCA	0	0	62.38	45.73	16.65	
NODE_1_length_814399_cov_17.9076 	19	97494 	97408 	Leu	TAA	0	0	76.64	42.32	34.32	
NODE_2_length_771025_cov_18.9144 	1	270536	270622	Leu	CAG	0	0	73.96	38.54	35.42	
NODE_2_length_771025_cov_18.9144 	2	270752	270838	Leu	CAG	0	0	73.96	38.54	35.42	
NODE_2_length_771025_cov_18.9144 	3	529823	529898	Phe	GAA	0	0	92.69	68.52	24.17	
NODE_2_length_771025_cov_18.9144 	4	541233	541308	Thr	TGT	0	0	93.66	75.64	18.02	
NODE_2_length_771025_cov_18.9144 	5	116900	116809	SeC	TCA	0	0	55.75	-18.51	74.26	
NODE_2_length_771025_cov_18.9144 	6	62854 	62769 	Leu	GAG	0	0	68.53	39.16	29.37	
NODE_2_length_771025_cov_18.9144 	7	62678 	62602 	Met	CAT	0	0	85.85	60.06	25.79	
NODE_3_length_743948_cov_18.2071 	1	534243	534319	Met	CAT	0	0	85.06	58.55	26.51	
NODE_3_length_743948_cov_18.2071 	2	640354	640426	Leu	GAG	0	0	20.84	19.28	1.56	
NODE_3_length_743948_cov_18.2071 	3	742442	742515	Gly	CCC	0	0	60.35	30.06	30.29	
NODE_3_length_743948_cov_18.2071 	4	550789	550699	Ser	GCT	0	0	76.69	47.10	29.59	
NODE_3_length_743948_cov_18.2071 	5	550581	550505	Arg	ACG	0	0	83.50	58.05	25.45	
NODE_3_length_743948_cov_18.2071 	6	550393	550317	Arg	ACG	0	0	83.50	58.05	25.45	
NODE_3_length_743948_cov_18.2071 	7	481689	481614	Lys	TTT	0	0	95.07	71.82	23.25	
NODE_3_length_743948_cov_18.2071 	8	454149	454060	Ser	CGA	0	0	68.31	24.88	43.43	
NODE_4_length_592040_cov_18.5606 	1	373724	373810	Leu	CAA	0	0	69.99	38.33	31.66	
NODE_5_length_510010_cov_17.9365 	1	386116	386192	Arg	TCT	0	0	96.39	77.88	18.51	
NODE_5_length_510010_cov_17.9365 	2	386244	386319	His	GTG	0	0	83.51	64.18	19.33	
NODE_5_length_510010_cov_17.9365 	3	386374	386458	Leu	TAG	0	0	76.62	44.97	31.65	
NODE_5_length_510010_cov_17.9365 	4	386525	386600	His	GTG	0	0	83.51	64.18	19.33	
NODE_5_length_510010_cov_17.9365 	5	397885	397961	Asp	GTC	0	0	95.34	76.86	18.48	
NODE_7_length_439193_cov_18.473  	1	294416	294489	Arg	ACG	0	0	52.72	27.21	25.51	
NODE_7_length_439193_cov_18.473  	2	401356	401430	Gln	TTG	0	0	66.82	40.36	26.46	
NODE_7_length_439193_cov_18.473  	3	420717	420793	Met	CAT	0	0	87.19	64.42	22.77	
NODE_7_length_439193_cov_18.473  	4	250500	250425	Asn	GTT	0	0	91.73	62.08	29.65	
NODE_7_length_439193_cov_18.473  	5	250415	250339	Pro	TGG	0	0	87.63	64.60	23.03	
NODE_7_length_439193_cov_18.473  	6	250328	250253	Lys	TTT	0	0	95.07	71.82	23.25	
NODE_7_length_439193_cov_18.473  	7	232403	232328	Thr	CGT	0	0	90.98	74.93	16.05	
NODE_8_length_413549_cov_18.768  	1	77485 	77561 	Met	CAT	0	0	92.87	71.40	21.47	
NODE_8_length_413549_cov_18.768  	2	412291	412367	Arg	CCG	0	0	87.81	66.55	21.26	
NODE_10_length_204375_cov_18.2201	1	130373	130448	Val	TAC	0	0	94.49	73.68	20.81	
NODE_10_length_204375_cov_18.2201	2	130465	130541	Asp	GTC	0	0	94.67	75.49	19.18	
NODE_11_length_161416_cov_18.4448	1	158185	158261	Arg	CCT	0	0	83.71	58.51	25.20	
NODE_19_length_65462_cov_19.1547 	1	1220  	1295  	Trp	CCA	0	0	86.73	63.05	23.68	
NODE_25_length_5521_cov_76.4488  	1	3568  	3492  	Ile	GAT	0	0	98.83	72.69	26.14	
NODE_25_length_5521_cov_76.4488  	2	3463  	3388  	Ala	TGC	0	0	90.68	71.56	19.12	
NODE_29_length_3339_cov_16.7313  	1	2819  	2903  	Tyr	GTA	0	0	71.07	41.76	29.31	
NODE_29_length_3339_cov_16.7313  	2	2930  	3003  	Gly	TCC	0	0	82.75	60.87	21.88	
NODE_29_length_3339_cov_16.7313  	3	3023  	3098  	Thr	GGT	0	0	93.76	67.73	26.03	
