Sequence                         		tRNA  	Bounds	tRNA	Anti	Intron Bounds	Cove	HMM	2'Str	      
Name                             	tRNA #	Begin 	End   	Type	Codon	Begin	End	Score	Score	Score	Note
--------                         	------	----- 	------	----	-----	-----	----	------	-----	-----	------
NODE_1_length_921713_cov_22.4485 	1	720026	720102	Arg	CCT	0	0	83.71	58.51	25.20	
NODE_1_length_921713_cov_22.4485 	2	847858	847933	Val	TAC	0	0	94.49	73.68	20.81	
NODE_1_length_921713_cov_22.4485 	3	847950	848026	Asp	GTC	0	0	94.67	75.49	19.18	
NODE_1_length_921713_cov_22.4485 	4	241067	240981	Leu	CAA	0	0	69.99	38.33	31.66	
NODE_2_length_799193_cov_20.8886 	1	57813 	57888 	Ala	GGC	0	0	86.95	68.86	18.09	
NODE_2_length_799193_cov_20.8886 	2	57937 	58012 	Glu	TTC	0	0	66.40	38.20	28.20	
NODE_2_length_799193_cov_20.8886 	3	58106 	58181 	Ala	GGC	0	0	86.95	68.86	18.09	
NODE_2_length_799193_cov_20.8886 	4	58228 	58303 	Glu	TTC	0	0	66.40	38.20	28.20	
NODE_2_length_799193_cov_20.8886 	5	97206 	97281 	Val	TAC	0	0	94.49	73.68	20.81	
NODE_2_length_799193_cov_20.8886 	6	97298 	97374 	Asp	GTC	0	0	94.67	75.49	19.18	
NODE_2_length_799193_cov_20.8886 	7	97489 	97565 	Asp	GTC	0	0	94.67	75.49	19.18	
NODE_2_length_799193_cov_20.8886 	8	399085	399160	Glu	TTC	0	0	66.40	38.20	28.20	
NODE_2_length_799193_cov_20.8886 	9	399163	399238	Gly	GCC	0	0	93.74	68.41	25.33	
NODE_2_length_799193_cov_20.8886 	10	399323	399398	Gly	GCC	0	0	93.74	68.41	25.33	
NODE_2_length_799193_cov_20.8886 	11	443103	443179	Val	GAC	0	0	93.19	67.81	25.38	
NODE_2_length_799193_cov_20.8886 	12	477246	477322	Pro	GGG	0	0	74.89	48.01	26.88	
NODE_2_length_799193_cov_20.8886 	13	657550	657639	Ser	TGA	0	0	72.70	38.95	33.75	
NODE_2_length_799193_cov_20.8886 	14	681928	682003	Gly	GCC	0	0	93.74	68.41	25.33	
NODE_2_length_799193_cov_20.8886 	15	686550	686623	Cys	GCA	0	0	62.38	45.73	16.65	
NODE_2_length_799193_cov_20.8886 	16	699181	699267	Leu	TAA	0	0	76.64	42.32	34.32	
NODE_2_length_799193_cov_20.8886 	17	366590	366501	Ser	GGA	0	0	71.75	34.38	37.37	
NODE_2_length_799193_cov_20.8886 	18	177835	177759	Pro	CGG	0	0	88.20	60.26	27.94	
NODE_2_length_799193_cov_20.8886 	19	49014 	48939 	Asn	GTT	0	0	91.73	62.08	29.65	
NODE_3_length_712595_cov_21.949  	1	271844	271930	Leu	CAG	0	0	73.96	38.54	35.42	
NODE_3_length_712595_cov_21.949  	2	272060	272146	Leu	CAG	0	0	73.96	38.54	35.42	
NODE_3_length_712595_cov_21.949  	3	528637	528712	Phe	GAA	0	0	92.69	68.52	24.17	
NODE_3_length_712595_cov_21.949  	4	540047	540122	Thr	TGT	0	0	95.98	77.96	18.02	
NODE_3_length_712595_cov_21.949  	5	589546	589619	Ser	CGA	0	0	24.86	13.77	11.09	
NODE_3_length_712595_cov_21.949  	6	117110	117019	SeC	TCA	0	0	55.75	-18.51	74.26	
NODE_3_length_712595_cov_21.949  	7	62869 	62784 	Leu	GAG	0	0	68.53	39.16	29.37	
NODE_3_length_712595_cov_21.949  	8	62693 	62617 	Met	CAT	0	0	85.85	60.06	25.79	
NODE_4_length_383883_cov_21.4662 	1	116185	116261	Met	CAT	0	0	85.06	58.55	26.51	
NODE_4_length_383883_cov_21.4662 	2	222393	222465	Leu	GAG	0	0	20.84	19.28	1.56	
NODE_4_length_383883_cov_21.4662 	3	325030	325103	Gly	CCC	0	0	60.35	30.06	30.29	
NODE_4_length_383883_cov_21.4662 	4	132727	132637	Ser	GCT	0	0	76.69	47.10	29.59	
NODE_4_length_383883_cov_21.4662 	5	132519	132443	Arg	ACG	0	0	83.50	58.05	25.45	
NODE_4_length_383883_cov_21.4662 	6	132330	132254	Arg	ACG	0	0	83.50	58.05	25.45	
NODE_4_length_383883_cov_21.4662 	7	63632 	63557 	Lys	TTT	0	0	95.07	71.82	23.25	
NODE_5_length_342663_cov_21.5652 	1	48339 	48414 	Asn	GTT	0	0	91.73	62.08	29.65	
NODE_5_length_342663_cov_21.5652 	2	48424 	48500 	Pro	TGG	0	0	87.63	64.60	23.03	
NODE_5_length_342663_cov_21.5652 	3	48511 	48586 	Lys	TTT	0	0	95.07	71.82	23.25	
NODE_5_length_342663_cov_21.5652 	4	67256 	67331 	Thr	CGT	0	0	90.98	74.93	16.05	
NODE_5_length_342663_cov_21.5652 	5	4432  	4359  	Arg	ACG	0	0	52.72	27.21	25.51	
NODE_8_length_286589_cov_21.3445 	1	56461 	56546 	Lys	TTT	0	0	22.00	12.28	9.72	
NODE_8_length_286589_cov_21.3445 	2	84032 	84121 	Ser	CGA	0	0	68.31	24.88	43.43	
NODE_12_length_170203_cov_20.6124	1	125212	125136	Arg	TCT	0	0	96.39	77.88	18.51	
NODE_12_length_170203_cov_20.6124	2	125084	125009	His	GTG	0	0	83.51	64.18	19.33	
NODE_12_length_170203_cov_20.6124	3	124954	124870	Leu	TAG	0	0	76.62	44.97	31.65	
NODE_12_length_170203_cov_20.6124	4	124803	124728	His	GTG	0	0	83.51	64.18	19.33	
NODE_12_length_170203_cov_20.6124	5	113443	113367	Asp	GTC	0	0	95.34	76.86	18.48	
NODE_18_length_105489_cov_22.5025	1	78040 	78116 	Met	CAT	0	0	92.87	71.40	21.47	
NODE_24_length_65517_cov_22.931  	1	64298 	64223 	Trp	CCA	0	0	86.73	63.05	23.68	
NODE_25_length_57233_cov_21.738  	1	50415 	50489 	Gln	TTG	0	0	66.82	40.36	26.46	
NODE_25_length_57233_cov_21.738  	2	54164 	54240 	Met	CAT	0	0	87.19	64.42	22.77	
NODE_29_length_35993_cov_21.324  	1	1356  	1280  	Arg	CCG	0	0	87.81	66.55	21.26	
NODE_35_length_5550_cov_97.7029  	1	1935  	2011  	Ile	GAT	0	0	98.83	72.69	26.14	
NODE_35_length_5550_cov_97.7029  	2	2040  	2115  	Ala	TGC	0	0	90.68	71.56	19.12	
NODE_41_length_3292_cov_21.7144  	1	521   	437   	Tyr	GTA	0	0	71.07	41.76	29.31	
NODE_41_length_3292_cov_21.7144  	2	410   	337   	Gly	TCC	0	0	82.75	60.87	21.88	
NODE_41_length_3292_cov_21.7144  	3	317   	242   	Thr	GGT	0	0	93.76	67.73	26.03	
