Sequence                         		tRNA  	Bounds	tRNA	Anti	Intron Bounds	Cove	HMM	2'Str	      
Name                             	tRNA #	Begin 	End   	Type	Codon	Begin	End	Score	Score	Score	Note
--------                         	------	----- 	------	----	-----	-----	----	------	-----	-----	------
NODE_1_length_687947_cov_65.9134 	1	571130	571221	SeC	TCA	0	0	55.75	-18.51	74.26	
NODE_1_length_687947_cov_65.9134 	2	625077	625162	Leu	GAG	0	0	68.53	39.16	29.37	
NODE_1_length_687947_cov_65.9134 	3	625253	625329	Met	CAT	0	0	85.85	60.06	25.79	
NODE_1_length_687947_cov_65.9134 	4	417250	417164	Leu	CAG	0	0	73.96	38.54	35.42	
NODE_1_length_687947_cov_65.9134 	5	417034	416948	Leu	CAG	0	0	73.96	38.54	35.42	
NODE_1_length_687947_cov_65.9134 	6	160383	160308	Phe	GAA	0	0	92.69	68.52	24.17	
NODE_1_length_687947_cov_65.9134 	7	148978	148903	Thr	TGT	0	0	93.66	75.64	18.02	
NODE_2_length_599123_cov_62.4809 	1	379723	379809	Leu	CAA	0	0	69.99	38.33	31.66	
NODE_3_length_471913_cov_59.1434 	1	102295	102384	Ser	GGA	0	0	71.75	34.38	37.37	
NODE_3_length_471913_cov_59.1434 	2	291071	291147	Pro	CGG	0	0	88.20	60.26	27.94	
NODE_3_length_471913_cov_59.1434 	3	419886	419961	Asn	GTT	0	0	91.73	62.08	29.65	
NODE_3_length_471913_cov_59.1434 	4	411079	411004	Ala	GGC	0	0	86.95	68.86	18.09	
NODE_3_length_471913_cov_59.1434 	5	410955	410880	Glu	TTC	0	0	66.40	38.20	28.20	
NODE_3_length_471913_cov_59.1434 	6	410786	410711	Ala	GGC	0	0	86.95	68.86	18.09	
NODE_3_length_471913_cov_59.1434 	7	410664	410589	Glu	TTC	0	0	66.40	38.20	28.20	
NODE_3_length_471913_cov_59.1434 	8	371691	371616	Val	TAC	0	0	94.49	73.68	20.81	
NODE_3_length_471913_cov_59.1434 	9	371599	371523	Asp	GTC	0	0	94.67	75.49	19.18	
NODE_3_length_471913_cov_59.1434 	10	371408	371332	Asp	GTC	0	0	94.67	75.49	19.18	
NODE_3_length_471913_cov_59.1434 	11	69801 	69726 	Glu	TTC	0	0	66.40	38.20	28.20	
NODE_3_length_471913_cov_59.1434 	12	69723 	69648 	Gly	GCC	0	0	93.74	68.41	25.33	
NODE_3_length_471913_cov_59.1434 	13	69563 	69488 	Gly	GCC	0	0	93.74	68.41	25.33	
NODE_4_length_442429_cov_57.3007 	1	349694	349770	Arg	TCT	0	0	96.39	77.88	18.51	
NODE_4_length_442429_cov_57.3007 	2	349822	349897	His	GTG	0	0	83.51	64.18	19.33	
NODE_4_length_442429_cov_57.3007 	3	349952	350036	Leu	TAG	0	0	76.62	44.97	31.65	
NODE_4_length_442429_cov_57.3007 	4	350103	350178	His	GTG	0	0	83.51	64.18	19.33	
NODE_4_length_442429_cov_57.3007 	5	361469	361545	Asp	GTC	0	0	95.34	76.86	18.48	
NODE_5_length_421056_cov_66.4297 	1	331429	331353	Met	CAT	0	0	92.87	71.40	21.47	
NODE_5_length_421056_cov_66.4297 	2	1283  	1207  	Arg	CCG	0	0	88.66	67.40	21.26	
NODE_6_length_385337_cov_57.2751 	1	353189	353113	Val	GAC	0	0	93.19	67.81	25.38	
NODE_6_length_385337_cov_57.2751 	2	319046	318970	Pro	GGG	0	0	74.89	48.01	26.88	
NODE_6_length_385337_cov_57.2751 	3	139112	139023	Ser	TGA	0	0	72.70	38.95	33.75	
NODE_6_length_385337_cov_57.2751 	4	114737	114662	Gly	GCC	0	0	93.74	68.41	25.33	
NODE_6_length_385337_cov_57.2751 	5	110113	110040	Cys	GCA	0	0	62.38	45.73	16.65	
NODE_6_length_385337_cov_57.2751 	6	97489 	97403 	Leu	TAA	0	0	76.64	42.32	34.32	
NODE_7_length_321910_cov_61.0433 	1	53523 	53599 	Met	CAT	0	0	85.06	58.55	26.51	
NODE_7_length_321910_cov_61.0433 	2	159729	159801	Leu	GAG	0	0	20.84	19.28	1.56	
NODE_7_length_321910_cov_61.0433 	3	263673	263746	Gly	CCC	0	0	60.35	30.06	30.29	
NODE_7_length_321910_cov_61.0433 	4	70065 	69975 	Ser	GCT	0	0	76.69	47.10	29.59	
NODE_7_length_321910_cov_61.0433 	5	69857 	69781 	Arg	ACG	0	0	83.50	58.05	25.45	
NODE_7_length_321910_cov_61.0433 	6	69669 	69593 	Arg	ACG	0	0	83.50	58.05	25.45	
NODE_7_length_321910_cov_61.0433 	7	970   	895   	Lys	TTT	0	0	95.07	71.82	23.25	
NODE_11_length_254590_cov_62.0737	1	236605	236530	Thr	CGT	0	0	90.98	74.93	16.05	
NODE_12_length_233042_cov_59.0129	1	25856 	25945 	Ser	CGA	0	0	68.31	24.88	43.43	
NODE_14_length_214777_cov_60.6185	1	90428 	90352 	Arg	CCT	0	0	83.71	58.51	25.20	
NODE_17_length_113897_cov_59.9496	1	36000 	36075 	Val	TAC	0	0	94.49	73.68	20.81	
NODE_17_length_113897_cov_59.9496	2	36092 	36168 	Asp	GTC	0	0	94.67	75.49	19.18	
NODE_19_length_106304_cov_64.5705	1	48007 	48080 	Arg	ACG	0	0	52.72	27.21	25.51	
NODE_19_length_106304_cov_64.5705	2	4092  	4017  	Asn	GTT	0	0	91.73	62.08	29.65	
NODE_19_length_106304_cov_64.5705	3	4007  	3931  	Pro	TGG	0	0	87.63	64.60	23.03	
NODE_19_length_106304_cov_64.5705	4	3920  	3845  	Lys	TTT	0	0	95.07	71.82	23.25	
NODE_23_length_86234_cov_63.3686 	1	49035 	49109 	Gln	TTG	0	0	66.82	40.36	26.46	
NODE_23_length_86234_cov_63.3686 	2	67744 	67820 	Met	CAT	0	0	87.19	64.42	22.77	
NODE_26_length_65171_cov_66.6229 	1	872   	947   	Trp	CCA	0	0	86.73	63.05	23.68	
NODE_42_length_5512_cov_254.36   	1	1935  	2011  	Ile	GAT	0	0	98.83	72.69	26.14	
NODE_42_length_5512_cov_254.36   	2	2040  	2115  	Ala	TGC	0	0	90.68	71.56	19.12	
NODE_44_length_3678_cov_66.4968  	1	2810  	2894  	Tyr	GTA	0	0	71.07	41.76	29.31	
NODE_44_length_3678_cov_66.4968  	2	2921  	2994  	Gly	TCC	0	0	82.75	60.87	21.88	
NODE_44_length_3678_cov_66.4968  	3	3014  	3089  	Thr	GGT	0	0	93.76	67.73	26.03	
