Sequence                        		tRNA  	Bounds	tRNA	Anti	Intron Bounds	Cove	HMM	2'Str	      
Name                            	tRNA #	Begin 	End   	Type	Codon	Begin	End	Score	Score	Score	Note
--------                        	------	----- 	------	----	-----	-----	----	------	-----	-----	------
NODE_1_length_526407_cov_17.181 	1	55162 	55237 	Ala	GGC	0	0	86.95	68.86	18.09	
NODE_1_length_526407_cov_17.181 	2	55286 	55361 	Glu	TTC	0	0	66.40	38.20	28.20	
NODE_1_length_526407_cov_17.181 	3	55455 	55530 	Ala	GGC	0	0	86.95	68.86	18.09	
NODE_1_length_526407_cov_17.181 	4	55577 	55652 	Glu	TTC	0	0	66.40	38.20	28.20	
NODE_1_length_526407_cov_17.181 	5	94561 	94636 	Val	TAC	0	0	94.49	73.68	20.81	
NODE_1_length_526407_cov_17.181 	6	94653 	94729 	Asp	GTC	0	0	94.67	75.49	19.18	
NODE_1_length_526407_cov_17.181 	7	94844 	94920 	Asp	GTC	0	0	94.67	75.49	19.18	
NODE_1_length_526407_cov_17.181 	8	397550	397625	Glu	TTC	0	0	66.40	38.20	28.20	
NODE_1_length_526407_cov_17.181 	9	397628	397703	Gly	GCC	0	0	93.74	68.41	25.33	
NODE_1_length_526407_cov_17.181 	10	397788	397863	Gly	GCC	0	0	93.74	68.41	25.33	
NODE_1_length_526407_cov_17.181 	11	442825	442901	Val	GAC	0	0	93.19	67.81	25.38	
NODE_1_length_526407_cov_17.181 	12	476668	476744	Pro	GGG	0	0	74.89	48.01	26.88	
NODE_1_length_526407_cov_17.181 	13	365055	364966	Ser	GGA	0	0	71.75	34.38	37.37	
NODE_1_length_526407_cov_17.181 	14	176251	176175	Pro	CGG	0	0	88.20	60.26	27.94	
NODE_1_length_526407_cov_17.181 	15	46363 	46288 	Asn	GTT	0	0	91.73	62.08	29.65	
NODE_2_length_442479_cov_17.8328	1	394813	394899	Leu	CAA	0	0	69.99	38.33	31.66	
NODE_3_length_436793_cov_18.7463	1	341301	341225	Met	CAT	0	0	92.87	71.40	21.47	
NODE_3_length_436793_cov_18.7463	2	13851 	13775 	Arg	CCG	0	0	87.81	66.55	21.26	
NODE_4_length_406314_cov_18.5554	1	289110	289201	SeC	TCA	0	0	55.75	-18.51	74.26	
NODE_4_length_406314_cov_18.5554	2	343339	343424	Leu	GAG	0	0	68.53	39.16	29.37	
NODE_4_length_406314_cov_18.5554	3	343515	343591	Met	CAT	0	0	85.85	60.06	25.79	
NODE_4_length_406314_cov_18.5554	4	134609	134523	Leu	CAG	0	0	73.96	38.54	35.42	
NODE_4_length_406314_cov_18.5554	5	134393	134307	Leu	CAG	0	0	73.96	38.54	35.42	
NODE_5_length_359975_cov_18.9806	1	118107	118182	Phe	GAA	0	0	92.69	68.52	24.17	
NODE_5_length_359975_cov_18.9806	2	129517	129592	Thr	TGT	0	0	93.66	75.64	18.02	
NODE_7_length_329410_cov_18.3169	1	232260	232185	Thr	CGT	0	0	90.98	74.93	16.05	
NODE_8_length_271457_cov_16.394 	1	126786	126710	Arg	TCT	0	0	96.39	77.88	18.51	
NODE_8_length_271457_cov_16.394 	2	126658	126583	His	GTG	0	0	83.51	64.18	19.33	
NODE_8_length_271457_cov_16.394 	3	126528	126444	Leu	TAG	0	0	76.62	44.97	31.65	
NODE_8_length_271457_cov_16.394 	4	126377	126302	His	GTG	0	0	83.51	64.18	19.33	
NODE_8_length_271457_cov_16.394 	5	115024	114948	Asp	GTC	0	0	95.34	76.86	18.48	
NODE_12_length_209339_cov_17.9707	1	91983 	91910 	Gly	CCC	0	0	60.35	30.06	30.29	
NODE_13_length_193909_cov_16.8083	1	110171	110260	Ser	TGA	0	0	72.70	38.95	33.75	
NODE_13_length_193909_cov_16.8083	2	134570	134645	Gly	GCC	0	0	93.74	68.41	25.33	
NODE_13_length_193909_cov_16.8083	3	140964	141037	Cys	GCA	0	0	62.38	45.73	16.65	
NODE_14_length_173957_cov_17.1326	1	148263	148175	Ser	CGA	0	0	23.37	-4.32	27.69	
NODE_17_length_163684_cov_18.3072	1	48572 	48646 	Gln	TTG	0	0	66.82	40.36	26.46	
NODE_17_length_163684_cov_18.3072	2	52320 	52396 	Met	CAT	0	0	78.28	55.51	22.77	
NODE_18_length_161476_cov_17.4268	1	54880 	54956 	Met	CAT	0	0	85.06	58.55	26.51	
NODE_18_length_161476_cov_17.4268	2	161135	161207	Leu	GAG	0	0	20.84	19.28	1.56	
NODE_18_length_161476_cov_17.4268	3	71456 	71366 	Ser	GCT	0	0	76.69	47.10	29.59	
NODE_18_length_161476_cov_17.4268	4	71248 	71172 	Arg	ACG	0	0	83.50	58.05	25.45	
NODE_18_length_161476_cov_17.4268	5	71060 	70984 	Arg	ACG	0	0	83.50	58.05	25.45	
NODE_18_length_161476_cov_17.4268	6	2305  	2230  	Lys	TTT	0	0	95.07	71.82	23.25	
NODE_19_length_136812_cov_17.3144	1	100816	100741	Val	TAC	0	0	94.49	73.68	20.81	
NODE_19_length_136812_cov_17.3144	2	100724	100648	Asp	GTC	0	0	94.67	75.49	19.18	
NODE_22_length_122197_cov_17.7951	1	3086  	3010  	Arg	CCT	0	0	83.71	58.51	25.20	
NODE_23_length_117062_cov_18.5858	1	101591	101666	Asn	GTT	0	0	91.73	62.08	29.65	
NODE_23_length_117062_cov_18.5858	2	101676	101752	Pro	TGG	0	0	87.63	64.60	23.03	
NODE_23_length_117062_cov_18.5858	3	101763	101838	Lys	TTT	0	0	95.07	71.82	23.25	
NODE_23_length_117062_cov_18.5858	4	57683 	57610 	Arg	ACG	0	0	52.72	27.21	25.51	
NODE_29_length_65288_cov_19.1574	1	64273 	64198 	Trp	CCA	0	0	86.73	63.05	23.68	
NODE_31_length_49576_cov_17.7394	1	47348 	47273 	Thr	TGT	0	0	74.27	61.42	12.85	
NODE_35_length_36623_cov_17.4242	1	1731  	1642  	Ser	CGA	0	0	68.31	24.88	43.43	
NODE_38_length_19854_cov_18.0491	1	3249  	3173  	Met	CAT	0	0	88.43	65.66	22.77	
NODE_50_length_5415_cov_79.7982 	1	1829  	1905  	Ile	GAT	0	0	98.83	72.69	26.14	
NODE_50_length_5415_cov_79.7982 	2	1934  	2009  	Ala	TGC	0	0	90.68	71.56	19.12	
NODE_57_length_3526_cov_21.1397 	1	725   	641   	Tyr	GTA	0	0	71.07	41.76	29.31	
NODE_57_length_3526_cov_21.1397 	2	614   	541   	Gly	TCC	0	0	82.75	60.87	21.88	
NODE_57_length_3526_cov_21.1397 	3	521   	446   	Thr	GGT	0	0	93.76	67.73	26.03	
