Sequence                         		tRNA  	Bounds	tRNA	Anti	Intron Bounds	Cove	HMM	2'Str	      
Name                             	tRNA #	Begin 	End   	Type	Codon	Begin	End	Score	Score	Score	Note
--------                         	------	----- 	------	----	-----	-----	----	------	-----	-----	------
NODE_1_length_589987_cov_42.0725 	1	210015	210090	Asn	GTT	0	0	91.73	62.08	29.65	
NODE_1_length_589987_cov_42.0725 	2	210100	210176	Pro	TGG	0	0	87.63	64.60	23.03	
NODE_1_length_589987_cov_42.0725 	3	210187	210262	Lys	TTT	0	0	95.07	71.82	23.25	
NODE_1_length_589987_cov_42.0725 	4	314439	314514	Thr	CGT	0	0	90.98	74.93	16.05	
NODE_1_length_589987_cov_42.0725 	5	166141	166068	Arg	ACG	0	0	52.72	27.21	25.51	
NODE_1_length_589987_cov_42.0725 	6	59410 	59336 	Gln	TTG	0	0	66.82	40.36	26.46	
NODE_1_length_589987_cov_42.0725 	7	18487 	18411 	Met	CAT	0	0	87.19	64.42	22.77	
NODE_2_length_479357_cov_40.6063 	1	356811	356887	Arg	TCT	0	0	96.39	77.88	18.51	
NODE_2_length_479357_cov_40.6063 	2	356939	357014	His	GTG	0	0	83.51	64.18	19.33	
NODE_2_length_479357_cov_40.6063 	3	357069	357153	Leu	TAG	0	0	76.62	44.97	31.65	
NODE_2_length_479357_cov_40.6063 	4	357220	357295	His	GTG	0	0	83.51	64.18	19.33	
NODE_2_length_479357_cov_40.6063 	5	368580	368656	Asp	GTC	0	0	95.34	76.86	18.48	
NODE_3_length_455119_cov_43.336  	1	338127	338218	SeC	TCA	0	0	55.75	-18.51	74.26	
NODE_3_length_455119_cov_43.336  	2	392266	392351	Leu	GAG	0	0	68.53	39.16	29.37	
NODE_3_length_455119_cov_43.336  	3	392442	392518	Met	CAT	0	0	85.85	60.06	25.79	
NODE_3_length_455119_cov_43.336  	4	184617	184531	Leu	CAG	0	0	73.96	38.54	35.42	
NODE_3_length_455119_cov_43.336  	5	184401	184315	Leu	CAG	0	0	73.96	38.54	35.42	
NODE_4_length_416790_cov_40.5411 	1	44901 	44990 	Ser	GGA	0	0	71.75	34.38	37.37	
NODE_4_length_416790_cov_40.5411 	2	233645	233721	Pro	CGG	0	0	88.20	60.26	27.94	
NODE_4_length_416790_cov_40.5411 	3	362462	362537	Asn	GTT	0	0	91.73	62.08	29.65	
NODE_4_length_416790_cov_40.5411 	4	353664	353589	Ala	GGC	0	0	86.95	68.86	18.09	
NODE_4_length_416790_cov_40.5411 	5	353540	353465	Glu	TTC	0	0	66.40	38.20	28.20	
NODE_4_length_416790_cov_40.5411 	6	353371	353296	Ala	GGC	0	0	86.95	68.86	18.09	
NODE_4_length_416790_cov_40.5411 	7	353249	353174	Glu	TTC	0	0	66.40	38.20	28.20	
NODE_4_length_416790_cov_40.5411 	8	314269	314194	Val	TAC	0	0	94.49	73.68	20.81	
NODE_4_length_416790_cov_40.5411 	9	314177	314101	Asp	GTC	0	0	94.67	75.49	19.18	
NODE_4_length_416790_cov_40.5411 	10	313986	313910	Asp	GTC	0	0	94.67	75.49	19.18	
NODE_4_length_416790_cov_40.5411 	11	12404 	12329 	Glu	TTC	0	0	66.40	38.20	28.20	
NODE_4_length_416790_cov_40.5411 	12	12326 	12251 	Gly	GCC	0	0	93.74	68.41	25.33	
NODE_6_length_377407_cov_43.7426 	1	294350	294274	Met	CAT	0	0	92.87	71.40	21.47	
NODE_7_length_310799_cov_42.3612 	1	95557 	95643 	Leu	CAA	0	0	69.99	38.33	31.66	
NODE_9_length_264642_cov_43.2685 	1	192251	192176	Phe	GAA	0	0	92.69	68.52	24.17	
NODE_9_length_264642_cov_43.2685 	2	180846	180771	Thr	TGT	0	0	93.66	75.64	18.02	
NODE_12_length_223772_cov_42.2757	1	63495 	63571 	Arg	CCT	0	0	83.71	58.51	25.20	
NODE_12_length_223772_cov_42.2757	2	191321	191396	Val	TAC	0	0	94.49	73.68	20.81	
NODE_12_length_223772_cov_42.2757	3	191413	191489	Asp	GTC	0	0	94.67	75.49	19.18	
NODE_13_length_222752_cov_40.6676	1	140811	140900	Ser	TGA	0	0	72.70	38.95	33.75	
NODE_13_length_222752_cov_40.6676	2	165188	165263	Gly	GCC	0	0	93.74	68.41	25.33	
NODE_13_length_222752_cov_40.6676	3	169810	169883	Cys	GCA	0	0	62.38	45.73	16.65	
NODE_14_length_215188_cov_39.9424	1	106007	105932	Gly	GCC	0	0	93.74	68.41	25.33	
NODE_14_length_215188_cov_39.9424	2	64472 	64396 	Val	GAC	0	0	93.19	67.81	25.38	
NODE_14_length_215188_cov_39.9424	3	30329 	30253 	Pro	GGG	0	0	74.89	48.01	26.88	
NODE_17_length_184548_cov_42.7167	1	127442	127515	Gly	CCC	0	0	60.35	30.06	30.29	
NODE_18_length_160305_cov_41.3374	1	89878 	89968 	Ser	GCT	0	0	76.69	47.10	29.59	
NODE_18_length_160305_cov_41.3374	2	90086 	90162 	Arg	ACG	0	0	83.50	58.05	25.45	
NODE_18_length_160305_cov_41.3374	3	90274 	90350 	Arg	ACG	0	0	83.50	58.05	25.45	
NODE_18_length_160305_cov_41.3374	4	158967	159042	Lys	TTT	0	0	95.07	71.82	23.25	
NODE_18_length_160305_cov_41.3374	5	106422	106346	Met	CAT	0	0	85.06	58.55	26.51	
NODE_19_length_152325_cov_42.0173	1	146189	146100	Ser	CGA	0	0	68.31	24.88	43.43	
NODE_20_length_139687_cov_40.8262	1	46820 	46745 	Thr	TGT	0	0	67.30	58.49	8.81	
NODE_24_length_92598_cov_43.2194 	1	57854 	57778 	Arg	CCG	0	0	87.89	66.77	21.12	
NODE_30_length_68636_cov_43.5489 	1	2799  	2883  	Tyr	GTA	0	0	71.07	41.76	29.31	
NODE_30_length_68636_cov_43.5489 	2	2910  	2983  	Gly	TCC	0	0	82.75	60.87	21.88	
NODE_30_length_68636_cov_43.5489 	3	3003  	3078  	Thr	GGT	0	0	93.76	67.73	26.03	
NODE_30_length_68636_cov_43.5489 	4	4412  	4487  	Trp	CCA	0	0	86.73	63.05	23.68	
NODE_39_length_7566_cov_38.5024  	1	7091  	7163  	Leu	GAG	0	0	20.84	19.28	1.56	
NODE_43_length_5542_cov_152.172  	1	1954  	2030  	Ile	GAT	0	0	98.83	72.69	26.14	
NODE_43_length_5542_cov_152.172  	2	2059  	2134  	Ala	TGC	0	0	90.68	71.56	19.12	
