Sequence                         		tRNA  	Bounds	tRNA	Anti	Intron Bounds	Cove	HMM	2'Str	      
Name                             	tRNA #	Begin 	End   	Type	Codon	Begin	End	Score	Score	Score	Note
--------                         	------	----- 	------	----	-----	-----	----	------	-----	-----	------
NODE_1_length_457646_cov_79.0994 	1	340735	340826	SeC	TCA	0	0	54.17	-19.49	73.66	
NODE_1_length_457646_cov_79.0994 	2	394773	394858	Leu	GAG	0	0	68.53	39.16	29.37	
NODE_1_length_457646_cov_79.0994 	3	394949	395025	Met	CAT	0	0	85.85	60.06	25.79	
NODE_1_length_457646_cov_79.0994 	4	184665	184579	Leu	CAG	0	0	73.96	38.54	35.42	
NODE_1_length_457646_cov_79.0994 	5	184449	184363	Leu	CAG	0	0	73.96	38.54	35.42	
NODE_2_length_450507_cov_72.5089 	1	42237 	42326 	Ser	GGA	0	0	71.75	34.38	37.37	
NODE_2_length_450507_cov_72.5089 	2	231063	231139	Pro	CGG	0	0	88.20	60.26	27.94	
NODE_2_length_450507_cov_72.5089 	3	407909	407984	Asn	GTT	0	0	91.73	62.08	29.65	
NODE_2_length_450507_cov_72.5089 	4	399110	399035	Ala	GGC	0	0	86.95	68.86	18.09	
NODE_2_length_450507_cov_72.5089 	5	398986	398911	Glu	TTC	0	0	66.40	38.20	28.20	
NODE_2_length_450507_cov_72.5089 	6	398817	398742	Ala	GGC	0	0	86.95	68.86	18.09	
NODE_2_length_450507_cov_72.5089 	7	398695	398620	Glu	TTC	0	0	66.40	38.20	28.20	
NODE_2_length_450507_cov_72.5089 	8	359704	359629	Val	TAC	0	0	94.49	73.68	20.81	
NODE_2_length_450507_cov_72.5089 	9	359612	359536	Asp	GTC	0	0	94.67	75.49	19.18	
NODE_2_length_450507_cov_72.5089 	10	359421	359345	Asp	GTC	0	0	94.67	75.49	19.18	
NODE_2_length_450507_cov_72.5089 	11	9741  	9666  	Glu	TTC	0	0	66.40	38.20	28.20	
NODE_2_length_450507_cov_72.5089 	12	9663  	9588  	Gly	GCC	0	0	93.74	68.41	25.33	
NODE_2_length_450507_cov_72.5089 	13	9503  	9428  	Gly	GCC	0	0	93.74	68.41	25.33	
NODE_3_length_417766_cov_80.3199 	1	328373	328297	Met	CAT	0	0	92.87	71.40	21.47	
NODE_3_length_417766_cov_80.3199 	2	1188  	1112  	Arg	CCG	0	0	87.81	66.55	21.26	
NODE_4_length_409685_cov_76.2836 	1	157085	157160	Asn	GTT	0	0	91.73	62.08	29.65	
NODE_4_length_409685_cov_76.2836 	2	157170	157246	Pro	TGG	0	0	87.63	64.60	23.03	
NODE_4_length_409685_cov_76.2836 	3	157257	157332	Lys	TTT	0	0	95.07	71.82	23.25	
NODE_4_length_409685_cov_76.2836 	4	175262	175337	Thr	CGT	0	0	90.98	74.93	16.05	
NODE_4_length_409685_cov_76.2836 	5	113177	113104	Arg	ACG	0	0	52.72	27.21	25.51	
NODE_4_length_409685_cov_76.2836 	6	6044  	5970  	Gln	TTG	0	0	66.82	40.36	26.46	
NODE_4_length_409685_cov_76.2836 	7	2296  	2220  	Met	CAT	0	0	87.19	64.42	22.77	
NODE_6_length_354326_cov_69.3483 	1	22158 	22234 	Val	GAC	0	0	93.19	67.81	25.38	
NODE_6_length_354326_cov_69.3483 	2	55995 	56071 	Pro	GGG	0	0	74.89	48.01	26.88	
NODE_6_length_354326_cov_69.3483 	3	256557	256646	Ser	TGA	0	0	72.70	38.95	33.75	
NODE_6_length_354326_cov_69.3483 	4	280937	281012	Gly	GCC	0	0	93.74	68.41	25.33	
NODE_8_length_234431_cov_72.3409 	1	120614	120704	Ser	GCT	0	0	76.69	47.10	29.59	
NODE_8_length_234431_cov_72.3409 	2	120822	120898	Arg	ACG	0	0	83.50	58.05	25.45	
NODE_8_length_234431_cov_72.3409 	3	121010	121086	Arg	ACG	0	0	83.50	58.05	25.45	
NODE_8_length_234431_cov_72.3409 	4	189736	189811	Lys	TTT	0	0	95.07	71.82	23.25	
NODE_8_length_234431_cov_72.3409 	5	137161	137085	Met	CAT	0	0	85.06	58.55	26.51	
NODE_8_length_234431_cov_72.3409 	6	30944 	30872 	Leu	GAG	0	0	20.84	19.28	1.56	
NODE_10_length_214854_cov_75.9788	1	95486 	95412 	Arg	CCT	0	0	69.71	45.21	24.50	
NODE_14_length_192896_cov_74.856 	1	39057 	39146 	Ser	CGA	0	0	68.31	24.88	43.43	
NODE_15_length_161888_cov_70.3316	1	17338 	17262 	Arg	TCT	0	0	96.39	77.88	18.51	
NODE_15_length_161888_cov_70.3316	2	17210 	17135 	His	GTG	0	0	83.51	64.18	19.33	
NODE_15_length_161888_cov_70.3316	3	17080 	16996 	Leu	TAG	0	0	76.62	44.97	31.65	
NODE_17_length_149146_cov_71.6261	1	125604	125518	Leu	TAA	0	0	76.64	42.32	34.32	
NODE_19_length_141541_cov_77.0451	1	2989  	2903  	Leu	CAA	0	0	69.99	38.33	31.66	
NODE_23_length_133108_cov_71.7537	1	124318	124243	His	GTG	0	0	83.51	64.18	19.33	
NODE_23_length_133108_cov_71.7537	2	112965	112889	Asp	GTC	0	0	95.34	76.86	18.48	
NODE_25_length_114944_cov_74.3903	1	78890 	78815 	Val	TAC	0	0	94.49	73.68	20.81	
NODE_25_length_114944_cov_74.3903	2	78798 	78722 	Asp	GTC	0	0	94.67	75.49	19.18	
NODE_26_length_104370_cov_75.8387	1	101602	101675	Gly	CCC	0	0	60.35	30.06	30.29	
NODE_27_length_101970_cov_77.8612	1	29581 	29506 	Phe	GAA	0	0	92.69	68.52	24.17	
NODE_27_length_101970_cov_77.8612	2	15392 	15310 	Undet	NNN	0	0	26.15	14.81	11.34	
NODE_27_length_101970_cov_77.8612	3	3981  	3906  	Thr	TGT	0	0	93.66	75.64	18.02	
NODE_43_length_35637_cov_70.7288 	1	15634 	15561 	Cys	GCA	0	0	62.38	45.73	16.65	
NODE_45_length_31937_cov_83.186  	1	30718 	30643 	Trp	CCA	0	0	86.73	63.05	23.68	
NODE_47_length_23431_cov_70.8217 	1	18494 	18416 	Met	CAT	0	0	30.87	36.29	-5.42	
NODE_50_length_12299_cov_64.4843 	1	2695  	2621  	Asn	GTT	0	0	84.34	58.05	26.29	
NODE_50_length_12299_cov_64.4843 	2	2617  	2542  	Thr	TGT	0	0	88.23	66.63	21.60	
NODE_58_length_5523_cov_242.525  	1	1935  	2011  	Ile	GAT	0	0	98.83	72.69	26.14	
NODE_58_length_5523_cov_242.525  	2	2040  	2115  	Ala	TGC	0	0	90.68	71.56	19.12	
NODE_64_length_3319_cov_67.5605  	1	521   	437   	Tyr	GTA	0	0	71.07	41.76	29.31	
NODE_64_length_3319_cov_67.5605  	2	410   	337   	Gly	TCC	0	0	82.75	60.87	21.88	
NODE_64_length_3319_cov_67.5605  	3	317   	242   	Thr	GGT	0	0	93.76	67.73	26.03	
