Sequence                         		tRNA  	Bounds	tRNA	Anti	Intron Bounds	Cove	HMM	2'Str	      
Name                             	tRNA #	Begin 	End   	Type	Codon	Begin	End	Score	Score	Score	Note
--------                         	------	----- 	------	----	-----	-----	----	------	-----	-----	------
NODE_1_length_479363_cov_50.7742 	1	356817	356893	Arg	TCT	0	0	96.39	77.88	18.51	
NODE_1_length_479363_cov_50.7742 	2	356945	357020	His	GTG	0	0	83.51	64.18	19.33	
NODE_1_length_479363_cov_50.7742 	3	357075	357159	Leu	TAG	0	0	76.62	44.97	31.65	
NODE_1_length_479363_cov_50.7742 	4	357226	357301	His	GTG	0	0	83.51	64.18	19.33	
NODE_1_length_479363_cov_50.7742 	5	368586	368662	Asp	GTC	0	0	95.34	76.86	18.48	
NODE_2_length_426897_cov_49.765  	1	33588 	33663 	Ala	GGC	0	0	86.95	68.86	18.09	
NODE_2_length_426897_cov_49.765  	2	33712 	33787 	Glu	TTC	0	0	66.40	38.20	28.20	
NODE_2_length_426897_cov_49.765  	3	33881 	33956 	Ala	GGC	0	0	86.95	68.86	18.09	
NODE_2_length_426897_cov_49.765  	4	34003 	34078 	Glu	TTC	0	0	66.40	38.20	28.20	
NODE_2_length_426897_cov_49.765  	5	72983 	73058 	Val	TAC	0	0	94.49	73.68	20.81	
NODE_2_length_426897_cov_49.765  	6	73075 	73151 	Asp	GTC	0	0	94.67	75.49	19.18	
NODE_2_length_426897_cov_49.765  	7	73266 	73342 	Asp	GTC	0	0	94.67	75.49	19.18	
NODE_2_length_426897_cov_49.765  	8	417304	417379	Glu	TTC	0	0	66.40	38.20	28.20	
NODE_2_length_426897_cov_49.765  	9	417382	417457	Gly	GCC	0	0	93.74	68.41	25.33	
NODE_2_length_426897_cov_49.765  	10	384807	384718	Ser	GGA	0	0	71.75	34.38	37.37	
NODE_2_length_426897_cov_49.765  	11	196063	195987	Pro	CGG	0	0	88.20	60.26	27.94	
NODE_2_length_426897_cov_49.765  	12	24790 	24715 	Asn	GTT	0	0	91.73	62.08	29.65	
NODE_3_length_420153_cov_52.0621 	1	336991	336915	Met	CAT	0	0	92.87	71.40	21.47	
NODE_3_length_420153_cov_52.0621 	2	7227  	7151  	Arg	CCG	0	0	87.89	66.77	21.12	
NODE_4_length_415969_cov_53.5134 	1	338186	338277	SeC	TCA	0	0	55.75	-18.51	74.26	
NODE_4_length_415969_cov_53.5134 	2	392325	392410	Leu	GAG	0	0	68.53	39.16	29.37	
NODE_4_length_415969_cov_53.5134 	3	392501	392577	Met	CAT	0	0	85.85	60.06	25.79	
NODE_4_length_415969_cov_53.5134 	4	184677	184591	Leu	CAG	0	0	73.96	38.54	35.42	
NODE_4_length_415969_cov_53.5134 	5	184461	184375	Leu	CAG	0	0	73.96	38.54	35.42	
NODE_6_length_291787_cov_50.4014 	1	29645 	29720 	Thr	CGT	0	0	90.98	74.93	16.05	
NODE_9_length_225274_cov_52.6918 	1	115872	115945	Gly	CCC	0	0	54.49	29.93	24.56	
NODE_10_length_223605_cov_52.8768	1	160278	160202	Arg	CCT	0	0	83.71	58.51	25.20	
NODE_10_length_223605_cov_52.8768	2	32452 	32377 	Val	TAC	0	0	94.49	73.68	20.81	
NODE_10_length_223605_cov_52.8768	3	32360 	32284 	Asp	GTC	0	0	94.67	75.49	19.18	
NODE_12_length_189205_cov_52.3665	1	116814	116739	Phe	GAA	0	0	92.69	68.52	24.17	
NODE_12_length_189205_cov_52.3665	2	105409	105334	Thr	TGT	0	0	93.66	75.64	18.02	
NODE_13_length_177513_cov_50.9642	1	140811	140900	Ser	TGA	0	0	72.70	38.95	33.75	
NODE_13_length_177513_cov_50.9642	2	165188	165263	Gly	GCC	0	0	93.74	68.41	25.33	
NODE_14_length_170890_cov_48.9295	1	101491	101566	Asn	GTT	0	0	91.73	62.08	29.65	
NODE_14_length_170890_cov_48.9295	2	101576	101652	Pro	TGG	0	0	87.63	64.60	23.03	
NODE_14_length_170890_cov_48.9295	3	101663	101738	Lys	TTT	0	0	95.07	71.82	23.25	
NODE_14_length_170890_cov_48.9295	4	57575 	57502 	Arg	ACG	0	0	52.72	27.21	25.51	
NODE_18_length_139369_cov_50.6696	1	37498 	37574 	Met	CAT	0	0	85.06	58.55	26.51	
NODE_18_length_139369_cov_50.6696	2	54042 	53952 	Ser	GCT	0	0	76.69	47.10	29.59	
NODE_18_length_139369_cov_50.6696	3	53834 	53758 	Arg	ACG	0	0	83.50	58.05	25.45	
NODE_18_length_139369_cov_50.6696	4	53646 	53570 	Arg	ACG	0	0	83.50	58.05	25.45	
NODE_20_length_129713_cov_48.9327	1	95557 	95643 	Leu	CAA	0	0	69.99	38.33	31.66	
NODE_22_length_122451_cov_62.433 	1	109684	109609	Gly	TCC	0	0	81.79	61.22	20.57	
NODE_22_length_122451_cov_62.433 	2	109596	109522	Asn	GTT	0	0	65.08	47.35	17.73	
NODE_22_length_122451_cov_62.433 	3	109517	109442	Thr	TGT	0	0	74.27	61.42	12.85	
NODE_23_length_111881_cov_47.5899	1	7804  	7879  	Gly	GCC	0	0	93.74	68.41	25.33	
NODE_23_length_111881_cov_47.5899	2	49339 	49415 	Val	GAC	0	0	93.19	67.81	25.38	
NODE_23_length_111881_cov_47.5899	3	83482 	83558 	Pro	GGG	0	0	74.89	48.01	26.88	
NODE_24_length_104676_cov_51.7424	1	11644 	11717 	Cys	GCA	0	0	62.38	45.73	16.65	
NODE_24_length_104676_cov_51.7424	2	24267 	24353 	Leu	TAA	0	0	76.64	42.32	34.32	
NODE_25_length_103573_cov_55.7301	1	75838 	75749 	Ser	CGA	0	0	68.31	24.88	43.43	
NODE_28_length_95858_cov_46.7142 	1	25444 	25518 	Gln	TTG	0	0	66.82	40.36	26.46	
NODE_28_length_95858_cov_46.7142 	2	66367 	66443 	Met	CAT	0	0	87.19	64.42	22.77	
NODE_35_length_65444_cov_53.773  	1	1220  	1295  	Trp	CCA	0	0	86.73	63.05	23.68	
NODE_51_length_16651_cov_43.8345 	1	15313 	15388 	Lys	TTT	0	0	95.07	71.82	23.25	
NODE_64_length_7750_cov_40.1     	1	660   	588   	Leu	GAG	0	0	20.84	19.28	1.56	
NODE_72_length_5560_cov_115.495  	1	1972  	2048  	Ile	GAT	0	0	98.83	72.69	26.14	
NODE_72_length_5560_cov_115.495  	2	2077  	2152  	Ala	TGC	0	0	90.68	71.56	19.12	
NODE_81_length_3319_cov_33.4599  	1	2799  	2883  	Tyr	GTA	0	0	71.07	41.76	29.31	
NODE_81_length_3319_cov_33.4599  	2	2910  	2983  	Gly	TCC	0	0	82.75	60.87	21.88	
NODE_81_length_3319_cov_33.4599  	3	3003  	3078  	Thr	GGT	0	0	93.76	67.73	26.03	
