Sequence                         		tRNA  	Bounds	tRNA	Anti	Intron Bounds	Cove	HMM	2'Str	      
Name                             	tRNA #	Begin 	End   	Type	Codon	Begin	End	Score	Score	Score	Note
--------                         	------	----- 	------	----	-----	-----	----	------	-----	-----	------
NODE_1_length_387010_cov_75.0932 	1	59965 	60054 	Ser	GGA	0	0	71.75	34.38	37.37	
NODE_1_length_387010_cov_75.0932 	2	248781	248857	Pro	CGG	0	0	88.20	60.26	27.94	
NODE_1_length_387010_cov_75.0932 	3	375461	375536	Asn	GTT	0	0	91.73	62.08	29.65	
NODE_1_length_387010_cov_75.0932 	4	366662	366587	Ala	GGC	0	0	86.95	68.86	18.09	
NODE_1_length_387010_cov_75.0932 	5	366538	366463	Glu	TTC	0	0	66.40	38.20	28.20	
NODE_1_length_387010_cov_75.0932 	6	366369	366294	Ala	GGC	0	0	86.95	68.86	18.09	
NODE_1_length_387010_cov_75.0932 	7	366247	366172	Glu	TTC	0	0	66.40	38.20	28.20	
NODE_1_length_387010_cov_75.0932 	8	327265	327190	Val	TAC	0	0	94.49	73.68	20.81	
NODE_1_length_387010_cov_75.0932 	9	327173	327097	Asp	GTC	0	0	94.67	75.49	19.18	
NODE_1_length_387010_cov_75.0932 	10	326982	326906	Asp	GTC	0	0	94.67	75.49	19.18	
NODE_1_length_387010_cov_75.0932 	11	27464 	27389 	Glu	TTC	0	0	66.40	38.20	28.20	
NODE_1_length_387010_cov_75.0932 	12	27386 	27311 	Gly	GCC	0	0	93.74	68.41	25.33	
NODE_1_length_387010_cov_75.0932 	13	27226 	27151 	Gly	GCC	0	0	93.74	68.41	25.33	
NODE_2_length_344174_cov_81.7099 	1	120337	120251	Leu	CAA	0	0	69.99	38.33	31.66	
NODE_3_length_341419_cov_75.7338 	1	253942	254032	Ser	GCT	0	0	76.69	47.10	29.59	
NODE_3_length_341419_cov_75.7338 	2	254150	254226	Arg	ACG	0	0	83.50	58.05	25.45	
NODE_3_length_341419_cov_75.7338 	3	254338	254414	Arg	ACG	0	0	83.50	58.05	25.45	
NODE_3_length_341419_cov_75.7338 	4	323059	323134	Lys	TTT	0	0	95.07	71.82	23.25	
NODE_3_length_341419_cov_75.7338 	5	270488	270412	Met	CAT	0	0	85.06	58.55	26.51	
NODE_3_length_341419_cov_75.7338 	6	164422	164350	Leu	GAG	0	0	20.84	19.28	1.56	
NODE_3_length_341419_cov_75.7338 	7	58813 	58740 	Gly	CCC	0	0	60.35	30.06	30.29	
NODE_4_length_325737_cov_82.0312 	1	258173	258087	Leu	CAG	0	0	73.96	38.54	35.42	
NODE_4_length_325737_cov_82.0312 	2	257957	257871	Leu	CAG	0	0	73.96	38.54	35.42	
NODE_4_length_325737_cov_82.0312 	3	1240  	1165  	Phe	GAA	0	0	92.69	68.52	24.17	
NODE_5_length_311821_cov_75.869  	1	169014	168925	Ser	TGA	0	0	72.70	38.95	33.75	
NODE_5_length_311821_cov_75.869  	2	144634	144559	Gly	GCC	0	0	93.74	68.41	25.33	
NODE_5_length_311821_cov_75.869  	3	138240	138167	Cys	GCA	0	0	62.38	45.73	16.65	
NODE_5_length_311821_cov_75.869  	4	125616	125530	Leu	TAA	0	0	76.64	42.32	34.32	
NODE_7_length_269506_cov_74.105  	1	143977	144053	Arg	TCT	0	0	96.39	77.88	18.51	
NODE_7_length_269506_cov_74.105  	2	144105	144180	His	GTG	0	0	83.51	64.18	19.33	
NODE_7_length_269506_cov_74.105  	3	144235	144319	Leu	TAG	0	0	76.62	44.97	31.65	
NODE_7_length_269506_cov_74.105  	4	144386	144461	His	GTG	0	0	83.51	64.18	19.33	
NODE_7_length_269506_cov_74.105  	5	155739	155815	Asp	GTC	0	0	95.34	76.86	18.48	
NODE_9_length_243984_cov_81.8515 	1	126859	126950	SeC	TCA	0	0	55.75	-18.51	74.26	
NODE_9_length_243984_cov_81.8515 	2	181066	181151	Leu	GAG	0	0	68.53	39.16	29.37	
NODE_9_length_243984_cov_81.8515 	3	181242	181318	Met	CAT	0	0	85.85	60.06	25.79	
NODE_11_length_209424_cov_78.9637	1	118942	119018	Arg	CCT	0	0	83.71	58.51	25.20	
NODE_13_length_205812_cov_82.2664	1	128378	128302	Met	CAT	0	0	92.87	71.40	21.47	
NODE_16_length_166700_cov_79.402 	1	109973	110046	Arg	ACG	0	0	52.72	27.21	25.51	
NODE_16_length_166700_cov_79.402 	2	66066 	65991 	Asn	GTT	0	0	91.73	62.08	29.65	
NODE_16_length_166700_cov_79.402 	3	65981 	65905 	Pro	TGG	0	0	87.63	64.60	23.03	
NODE_16_length_166700_cov_79.402 	4	65894 	65819 	Lys	TTT	0	0	95.07	71.82	23.25	
NODE_22_length_114894_cov_76.87  	1	35959 	36034 	Val	TAC	0	0	94.49	73.68	20.81	
NODE_22_length_114894_cov_76.87  	2	36051 	36127 	Asp	GTC	0	0	94.67	75.49	19.18	
NODE_24_length_105605_cov_75.3286	1	35054 	35143 	Ser	CGA	0	0	68.31	24.88	43.43	
NODE_31_length_71308_cov_80.2091 	1	49064 	49138 	Gln	TTG	0	0	66.82	40.36	26.46	
NODE_31_length_71308_cov_80.2091 	2	52812 	52888 	Met	CAT	0	0	87.19	64.42	22.77	
NODE_33_length_65590_cov_67.3452 	1	34743 	34819 	Arg	CCG	0	0	87.89	66.77	21.12	
NODE_34_length_65418_cov_84.283  	1	64199 	64124 	Trp	CCA	0	0	86.73	63.05	23.68	
NODE_36_length_63530_cov_68.1072 	1	18885 	18961 	Val	GAC	0	0	93.19	67.81	25.38	
NODE_36_length_63530_cov_68.1072 	2	53042 	53118 	Pro	GGG	0	0	74.89	48.01	26.88	
NODE_40_length_53508_cov_75.0465 	1	18426 	18351 	Thr	CGT	0	0	90.98	74.93	16.05	
NODE_47_length_30381_cov_51.8592 	1	18062 	17980 	Phe	GAA	0	0	21.74	20.22	1.52	
NODE_47_length_30381_cov_51.8592 	2	6651  	6576  	Thr	TGT	0	0	93.66	75.64	18.02	
NODE_65_length_5475_cov_154.338  	1	1894  	1970  	Ile	GAT	0	0	98.83	72.69	26.14	
NODE_65_length_5475_cov_154.338  	2	1999  	2074  	Ala	TGC	0	0	90.68	71.56	19.12	
NODE_71_length_3327_cov_57.8791  	1	521   	437   	Tyr	GTA	0	0	71.07	41.76	29.31	
NODE_71_length_3327_cov_57.8791  	2	410   	337   	Gly	TCC	0	0	82.75	60.87	21.88	
NODE_71_length_3327_cov_57.8791  	3	317   	242   	Thr	GGT	0	0	93.76	67.73	26.03	
