Sequence                         		tRNA  	Bounds	tRNA	Anti	Intron Bounds	Cove	HMM	2'Str	      
Name                             	tRNA #	Begin 	End   	Type	Codon	Begin	End	Score	Score	Score	Note
--------                         	------	----- 	------	----	-----	-----	----	------	-----	-----	------
NODE_1_length_783518_cov_84.4136 	1	92521 	92445 	Arg	TCT	0	0	96.39	77.88	18.51	
NODE_1_length_783518_cov_84.4136 	2	92393 	92318 	His	GTG	0	0	83.51	64.18	19.33	
NODE_1_length_783518_cov_84.4136 	3	92263 	92179 	Leu	TAG	0	0	76.62	44.97	31.65	
NODE_1_length_783518_cov_84.4136 	4	92112 	92037 	His	GTG	0	0	83.51	64.18	19.33	
NODE_1_length_783518_cov_84.4136 	5	80758 	80682 	Asp	GTC	0	0	95.34	76.86	18.48	
NODE_2_length_756084_cov_86.645  	1	553117	553193	Arg	CCT	0	0	83.71	58.51	25.20	
NODE_2_length_756084_cov_86.645  	2	682311	682386	Val	TAC	0	0	94.49	73.68	20.81	
NODE_2_length_756084_cov_86.645  	3	682403	682479	Asp	GTC	0	0	94.67	75.49	19.18	
NODE_2_length_756084_cov_86.645  	4	51075 	50989 	Leu	CAA	0	0	69.99	38.33	31.66	
NODE_3_length_608764_cov_84.4831 	1	200529	200618	Ser	GGA	0	0	71.75	34.38	37.37	
NODE_3_length_608764_cov_84.4831 	2	390637	390713	Pro	CGG	0	0	88.20	60.26	27.94	
NODE_3_length_608764_cov_84.4831 	3	564314	564389	Asn	GTT	0	0	91.73	62.08	29.65	
NODE_3_length_608764_cov_84.4831 	4	555515	555440	Ala	GGC	0	0	86.95	68.86	18.09	
NODE_3_length_608764_cov_84.4831 	5	555391	555316	Glu	TTC	0	0	66.40	38.20	28.20	
NODE_3_length_608764_cov_84.4831 	6	555222	555147	Ala	GGC	0	0	86.95	68.86	18.09	
NODE_3_length_608764_cov_84.4831 	7	555100	555025	Glu	TTC	0	0	66.40	38.20	28.20	
NODE_3_length_608764_cov_84.4831 	8	516113	516038	Val	TAC	0	0	94.49	73.68	20.81	
NODE_3_length_608764_cov_84.4831 	9	516021	515945	Asp	GTC	0	0	94.67	75.49	19.18	
NODE_3_length_608764_cov_84.4831 	10	515830	515754	Asp	GTC	0	0	94.67	75.49	19.18	
NODE_3_length_608764_cov_84.4831 	11	168024	167949	Glu	TTC	0	0	66.40	38.20	28.20	
NODE_3_length_608764_cov_84.4831 	12	167946	167871	Gly	GCC	0	0	93.74	68.41	25.33	
NODE_3_length_608764_cov_84.4831 	13	167786	167711	Gly	GCC	0	0	93.74	68.41	25.33	
NODE_3_length_608764_cov_84.4831 	14	17747 	17671 	Val	GAC	0	0	93.19	67.81	25.38	
NODE_4_length_538872_cov_86.7709 	1	288448	288538	Ser	GCT	0	0	76.69	47.10	29.59	
NODE_4_length_538872_cov_86.7709 	2	288656	288732	Arg	ACG	0	0	83.50	58.05	25.45	
NODE_4_length_538872_cov_86.7709 	3	288844	288920	Arg	ACG	0	0	83.50	58.05	25.45	
NODE_4_length_538872_cov_86.7709 	4	357546	357621	Lys	TTT	0	0	95.07	71.82	23.25	
NODE_4_length_538872_cov_86.7709 	5	385061	385150	Ser	CGA	0	0	68.31	24.88	43.43	
NODE_4_length_538872_cov_86.7709 	6	304992	304916	Met	CAT	0	0	85.06	58.55	26.51	
NODE_4_length_538872_cov_86.7709 	7	198763	198691	Leu	GAG	0	0	20.84	19.28	1.56	
NODE_4_length_538872_cov_86.7709 	8	94958 	94885 	Gly	CCC	0	0	60.35	30.06	30.29	
NODE_5_length_494635_cov_90.0953 	1	36072 	36148 	Arg	CCG	0	0	25.81	24.84	0.97	
NODE_6_length_491345_cov_86.6892 	1	195999	196074	Asn	GTT	0	0	91.73	62.08	29.65	
NODE_6_length_491345_cov_86.6892 	2	196084	196160	Pro	TGG	0	0	87.63	64.60	23.03	
NODE_6_length_491345_cov_86.6892 	3	196171	196246	Lys	TTT	0	0	95.07	71.82	23.25	
NODE_6_length_491345_cov_86.6892 	4	215621	215696	Thr	CGT	0	0	90.98	74.93	16.05	
NODE_6_length_491345_cov_86.6892 	5	152083	152010	Arg	ACG	0	0	52.72	27.21	25.51	
NODE_6_length_491345_cov_86.6892 	6	45599 	45525 	Gln	TTG	0	0	66.82	40.36	26.46	
NODE_6_length_491345_cov_86.6892 	7	18481 	18405 	Met	CAT	0	0	87.19	64.42	22.77	
NODE_7_length_457519_cov_88.2368 	1	340488	340579	SeC	TCA	0	0	55.75	-18.51	74.26	
NODE_7_length_457519_cov_88.2368 	2	394528	394613	Leu	GAG	0	0	68.53	39.16	29.37	
NODE_7_length_457519_cov_88.2368 	3	394704	394780	Met	CAT	0	0	85.85	60.06	25.79	
NODE_7_length_457519_cov_88.2368 	4	186984	186898	Leu	CAG	0	0	73.96	38.54	35.42	
NODE_7_length_457519_cov_88.2368 	5	186768	186682	Leu	CAG	0	0	73.96	38.54	35.42	
NODE_8_length_370536_cov_88.8817 	1	280892	280816	Met	CAT	0	0	92.87	71.40	21.47	
NODE_9_length_350406_cov_86.4219 	1	296848	296773	Phe	GAA	0	0	92.69	68.52	24.17	
NODE_9_length_350406_cov_86.4219 	2	283431	283349	Undet	NNN	0	0	26.15	14.81	11.34	
NODE_9_length_350406_cov_86.4219 	3	272014	271939	Thr	TGT	0	0	93.66	75.64	18.02	
NODE_10_length_272034_cov_82.92  	1	142597	142686	Ser	TGA	0	0	72.70	38.95	33.75	
NODE_10_length_272034_cov_82.92  	2	198645	198720	Gly	GCC	0	0	93.74	68.41	25.33	
NODE_11_length_231567_cov_83.8503	1	18234 	18307 	Cys	GCA	0	0	62.38	45.73	16.65	
NODE_19_length_65518_cov_92.3968 	1	1220  	1295  	Trp	CCA	0	0	86.73	63.05	23.68	
NODE_23_length_39691_cov_85.2031 	1	4967  	4891  	Arg	CCG	0	0	87.89	66.77	21.12	
NODE_25_length_28970_cov_79.331  	1	11095 	11019 	Pro	GGG	0	0	74.89	48.01	26.88	
NODE_28_length_5301_cov_260.671  	1	3490  	3414  	Ile	GAT	0	0	98.83	72.69	26.14	
NODE_28_length_5301_cov_260.671  	2	3385  	3310  	Ala	TGC	0	0	90.68	71.56	19.12	
NODE_32_length_3418_cov_72.5652  	1	2898  	2982  	Tyr	GTA	0	0	71.07	41.76	29.31	
NODE_32_length_3418_cov_72.5652  	2	3009  	3082  	Gly	TCC	0	0	82.75	60.87	21.88	
NODE_32_length_3418_cov_72.5652  	3	3102  	3177  	Thr	GGT	0	0	93.76	67.73	26.03	
