Sequence                         		tRNA  	Bounds	tRNA	Anti	Intron Bounds	Cove	HMM	2'Str	      
Name                             	tRNA #	Begin 	End   	Type	Codon	Begin	End	Score	Score	Score	Note
--------                         	------	----- 	------	----	-----	-----	----	------	-----	-----	------
NODE_1_length_702756_cov_90.8971 	1	700192	700268	Arg	CCT	0	0	83.71	58.51	25.20	
NODE_1_length_702756_cov_90.8971 	2	219559	219473	Leu	CAA	0	0	69.99	38.33	31.66	
NODE_2_length_689829_cov_98.6182 	1	156443	156529	Leu	CAG	0	0	73.96	38.54	35.42	
NODE_2_length_689829_cov_98.6182 	2	156659	156745	Leu	CAG	0	0	73.96	38.54	35.42	
NODE_2_length_689829_cov_98.6182 	3	413386	413461	Phe	GAA	0	0	92.69	68.52	24.17	
NODE_2_length_689829_cov_98.6182 	4	424796	424871	Thr	TGT	0	0	93.66	75.64	18.02	
NODE_2_length_689829_cov_98.6182 	5	2784  	2693  	SeC	TCA	0	0	55.75	-18.51	74.26	
NODE_3_length_606808_cov_79.861  	1	237044	237133	Ser	GGA	0	0	71.75	34.38	37.37	
NODE_3_length_606808_cov_79.861  	2	425857	425933	Pro	CGG	0	0	88.20	60.26	27.94	
NODE_3_length_606808_cov_79.861  	3	557865	557940	Asn	GTT	0	0	91.73	62.08	29.65	
NODE_3_length_606808_cov_79.861  	4	549066	548991	Ala	GGC	0	0	86.95	68.86	18.09	
NODE_3_length_606808_cov_79.861  	5	548942	548867	Glu	TTC	0	0	66.40	38.20	28.20	
NODE_3_length_606808_cov_79.861  	6	548773	548698	Ala	GGC	0	0	86.95	68.86	18.09	
NODE_3_length_606808_cov_79.861  	7	548651	548576	Glu	TTC	0	0	66.40	38.20	28.20	
NODE_3_length_606808_cov_79.861  	8	509669	509594	Val	TAC	0	0	94.49	73.68	20.81	
NODE_3_length_606808_cov_79.861  	9	509577	509501	Asp	GTC	0	0	94.67	75.49	19.18	
NODE_3_length_606808_cov_79.861  	10	509386	509310	Asp	GTC	0	0	94.67	75.49	19.18	
NODE_3_length_606808_cov_79.861  	11	204548	204473	Glu	TTC	0	0	66.40	38.20	28.20	
NODE_3_length_606808_cov_79.861  	12	204470	204395	Gly	GCC	0	0	93.74	68.41	25.33	
NODE_3_length_606808_cov_79.861  	13	82593 	82518 	Gly	GCC	0	0	93.74	68.41	25.33	
NODE_3_length_606808_cov_79.861  	14	35322 	35246 	Val	GAC	0	0	93.19	67.81	25.38	
NODE_3_length_606808_cov_79.861  	15	1183  	1107  	Pro	GGG	0	0	74.89	48.01	26.88	
NODE_4_length_469332_cov_74.128  	1	345314	345390	Arg	TCT	0	0	96.39	77.88	18.51	
NODE_4_length_469332_cov_74.128  	2	345442	345517	His	GTG	0	0	83.51	64.18	19.33	
NODE_4_length_469332_cov_74.128  	3	345572	345656	Leu	TAG	0	0	76.62	44.97	31.65	
NODE_4_length_469332_cov_74.128  	4	345723	345798	His	GTG	0	0	83.51	64.18	19.33	
NODE_4_length_469332_cov_74.128  	5	357083	357159	Asp	GTC	0	0	95.34	76.86	18.48	
NODE_5_length_423695_cov_89.9792 	1	293758	293831	Arg	ACG	0	0	52.72	27.21	25.51	
NODE_5_length_423695_cov_89.9792 	2	401213	401287	Gln	TTG	0	0	66.82	40.36	26.46	
NODE_5_length_423695_cov_89.9792 	3	404961	405037	Met	CAT	0	0	87.19	64.42	22.77	
NODE_5_length_423695_cov_89.9792 	4	249851	249776	Asn	GTT	0	0	91.73	62.08	29.65	
NODE_5_length_423695_cov_89.9792 	5	249766	249690	Pro	TGG	0	0	87.63	64.60	23.03	
NODE_5_length_423695_cov_89.9792 	6	249679	249604	Lys	TTT	0	0	95.07	71.82	23.25	
NODE_5_length_423695_cov_89.9792 	7	230775	230700	Thr	CGT	0	0	90.98	74.93	16.05	
NODE_6_length_410163_cov_98.5168 	1	78911 	78987 	Met	CAT	0	0	92.87	71.40	21.47	
NODE_6_length_410163_cov_98.5168 	2	408853	408929	Arg	CCG	0	0	87.81	66.55	21.26	
NODE_8_length_336669_cov_75.6208 	1	140275	140364	Ser	TGA	0	0	72.99	31.35	41.64	
NODE_8_length_336669_cov_75.6208 	2	219434	219509	Gly	GCC	0	0	93.74	68.41	25.33	
NODE_8_length_336669_cov_75.6208 	3	224045	224118	Cys	GCA	0	0	62.38	45.73	16.65	
NODE_8_length_336669_cov_75.6208 	4	236668	236754	Leu	TAA	0	0	76.64	42.32	34.32	
NODE_9_length_280955_cov_79.6187 	1	227945	227860	Lys	TTT	0	0	22.00	12.28	9.72	
NODE_9_length_280955_cov_79.6187 	2	200391	200302	Ser	CGA	0	0	68.31	24.88	43.43	
NODE_13_length_210278_cov_81.9913	1	101723	101799	Met	CAT	0	0	85.06	58.55	26.51	
NODE_13_length_210278_cov_81.9913	2	207935	208007	Leu	GAG	0	0	20.84	19.28	1.56	
NODE_13_length_210278_cov_81.9913	3	118266	118176	Ser	GCT	0	0	76.69	47.10	29.59	
NODE_13_length_210278_cov_81.9913	4	118058	117982	Arg	ACG	0	0	83.50	58.05	25.45	
NODE_13_length_210278_cov_81.9913	5	117870	117794	Arg	ACG	0	0	83.50	58.05	25.45	
NODE_13_length_210278_cov_81.9913	6	49171 	49096 	Lys	TTT	0	0	95.07	71.82	23.25	
NODE_14_length_209543_cov_83.9245	1	130913	130988	Val	TAC	0	0	94.49	73.68	20.81	
NODE_14_length_209543_cov_83.9245	2	131005	131081	Asp	GTC	0	0	94.67	75.49	19.18	
NODE_15_length_200170_cov_87.2384	1	101448	101375	Gly	CCC	0	0	60.35	30.06	30.29	
NODE_18_length_122144_cov_90.0465	1	59293 	59378 	Leu	GAG	0	0	68.53	39.16	29.37	
NODE_18_length_122144_cov_90.0465	2	59469 	59545 	Met	CAT	0	0	85.85	60.06	25.79	
NODE_23_length_65474_cov_98.6247 	1	64255 	64180 	Trp	CCA	0	0	86.73	63.05	23.68	
NODE_30_length_5542_cov_268.028  	1	3589  	3513  	Ile	GAT	0	0	98.83	72.69	26.14	
NODE_30_length_5542_cov_268.028  	2	3484  	3409  	Ala	TGC	0	0	90.68	71.56	19.12	
NODE_32_length_3319_cov_80.6028  	1	521   	437   	Tyr	GTA	0	0	71.07	41.76	29.31	
NODE_32_length_3319_cov_80.6028  	2	410   	337   	Gly	TCC	0	0	82.75	60.87	21.88	
NODE_32_length_3319_cov_80.6028  	3	317   	242   	Thr	GGT	0	0	93.76	67.73	26.03	
