Sequence                         		tRNA  	Bounds	tRNA	Anti	Intron Bounds	Cove	HMM	2'Str	      
Name                             	tRNA #	Begin 	End   	Type	Codon	Begin	End	Score	Score	Score	Note
--------                         	------	----- 	------	----	-----	-----	----	------	-----	-----	------
NODE_1_length_888842_cov_112.975 	1	57813 	57888 	Ala	GGC	0	0	86.95	68.86	18.09	
NODE_1_length_888842_cov_112.975 	2	57937 	58012 	Glu	TTC	0	0	66.40	38.20	28.20	
NODE_1_length_888842_cov_112.975 	3	58106 	58181 	Ala	GGC	0	0	86.95	68.86	18.09	
NODE_1_length_888842_cov_112.975 	4	58228 	58303 	Glu	TTC	0	0	66.40	38.20	28.20	
NODE_1_length_888842_cov_112.975 	5	97206 	97281 	Val	TAC	0	0	94.49	73.68	20.81	
NODE_1_length_888842_cov_112.975 	6	97298 	97374 	Asp	GTC	0	0	94.67	75.49	19.18	
NODE_1_length_888842_cov_112.975 	7	97489 	97565 	Asp	GTC	0	0	94.67	75.49	19.18	
NODE_1_length_888842_cov_112.975 	8	399085	399160	Glu	TTC	0	0	66.40	38.20	28.20	
NODE_1_length_888842_cov_112.975 	9	399163	399238	Gly	GCC	0	0	93.74	68.41	25.33	
NODE_1_length_888842_cov_112.975 	10	399323	399398	Gly	GCC	0	0	93.74	68.41	25.33	
NODE_1_length_888842_cov_112.975 	11	482749	482825	Val	GAC	0	0	93.19	67.81	25.38	
NODE_1_length_888842_cov_112.975 	12	516892	516968	Pro	GGG	0	0	74.89	48.01	26.88	
NODE_1_length_888842_cov_112.975 	13	697187	697276	Ser	TGA	0	0	72.70	38.95	33.75	
NODE_1_length_888842_cov_112.975 	14	771577	771652	Gly	GCC	0	0	93.74	68.41	25.33	
NODE_1_length_888842_cov_112.975 	15	776199	776272	Cys	GCA	0	0	62.38	45.73	16.65	
NODE_1_length_888842_cov_112.975 	16	788830	788916	Leu	TAA	0	0	76.64	42.32	34.32	
NODE_1_length_888842_cov_112.975 	17	366590	366501	Ser	GGA	0	0	71.75	34.38	37.37	
NODE_1_length_888842_cov_112.975 	18	177835	177759	Pro	CGG	0	0	88.20	60.26	27.94	
NODE_1_length_888842_cov_112.975 	19	49014 	48939 	Asn	GTT	0	0	91.73	62.08	29.65	
NODE_2_length_858540_cov_117.25  	1	680649	680735	Leu	CAA	0	0	69.99	38.33	31.66	
NODE_2_length_858540_cov_117.25  	2	201689	201613	Arg	CCT	0	0	83.71	58.51	25.20	
NODE_2_length_858540_cov_117.25  	3	73856 	73781 	Val	TAC	0	0	94.49	73.68	20.81	
NODE_2_length_858540_cov_117.25  	4	73764 	73688 	Asp	GTC	0	0	94.67	75.49	19.18	
NODE_3_length_763732_cov_116.485 	1	93715 	93805 	Ser	GCT	0	0	76.69	47.10	29.59	
NODE_3_length_763732_cov_116.485 	2	93923 	93999 	Arg	ACG	0	0	83.50	58.05	25.45	
NODE_3_length_763732_cov_116.485 	3	94112 	94188 	Arg	ACG	0	0	83.50	58.05	25.45	
NODE_3_length_763732_cov_116.485 	4	162811	162886	Lys	TTT	0	0	95.07	71.82	23.25	
NODE_3_length_763732_cov_116.485 	5	190372	190461	Ser	CGA	0	0	68.31	24.88	43.43	
NODE_3_length_763732_cov_116.485 	6	110257	110181	Met	CAT	0	0	85.06	58.55	26.51	
NODE_3_length_763732_cov_116.485 	7	4049  	3977  	Leu	GAG	0	0	20.84	19.28	1.56	
NODE_4_length_663099_cov_119.214 	1	271845	271931	Leu	CAG	0	0	73.96	38.54	35.42	
NODE_4_length_663099_cov_119.214 	2	272061	272147	Leu	CAG	0	0	73.96	38.54	35.42	
NODE_4_length_663099_cov_119.214 	3	528638	528713	Phe	GAA	0	0	92.69	68.52	24.17	
NODE_4_length_663099_cov_119.214 	4	540048	540123	Thr	TGT	0	0	93.66	75.64	18.02	
NODE_4_length_663099_cov_119.214 	5	117111	117020	SeC	TCA	0	0	55.75	-18.51	74.26	
NODE_4_length_663099_cov_119.214 	6	62870 	62785 	Leu	GAG	0	0	68.53	39.16	29.37	
NODE_4_length_663099_cov_119.214 	7	62694 	62618 	Met	CAT	0	0	85.85	60.06	25.79	
NODE_5_length_428177_cov_114.522 	1	302966	303042	Arg	TCT	0	0	96.39	77.88	18.51	
NODE_5_length_428177_cov_114.522 	2	303094	303169	His	GTG	0	0	83.51	64.18	19.33	
NODE_5_length_428177_cov_114.522 	3	303224	303308	Leu	TAG	0	0	76.62	44.97	31.65	
NODE_5_length_428177_cov_114.522 	4	303375	303450	His	GTG	0	0	83.51	64.18	19.33	
NODE_5_length_428177_cov_114.522 	5	314735	314811	Asp	GTC	0	0	95.34	76.86	18.48	
NODE_6_length_370808_cov_118.369 	1	78029 	78105 	Met	CAT	0	0	92.87	71.40	21.47	
NODE_7_length_342295_cov_117.39  	1	290739	290654	Lys	TTT	0	0	20.49	10.79	9.70	
NODE_7_length_342295_cov_117.39  	2	230357	230282	Thr	CGT	0	0	90.98	74.93	16.05	
NODE_9_length_228677_cov_118.361 	1	176289	176364	Asn	GTT	0	0	91.73	62.08	29.65	
NODE_9_length_228677_cov_118.361 	2	176374	176450	Pro	TGG	0	0	87.63	64.60	23.03	
NODE_9_length_228677_cov_118.361 	3	176461	176536	Lys	TTT	0	0	95.07	71.82	23.25	
NODE_9_length_228677_cov_118.361 	4	132382	132309	Arg	ACG	0	0	52.72	27.21	25.51	
NODE_9_length_228677_cov_118.361 	5	25892 	25818 	Gln	TTG	0	0	66.82	40.36	26.46	
NODE_9_length_228677_cov_118.361 	6	22143 	22067 	Met	CAT	0	0	87.19	64.42	22.77	
NODE_11_length_195382_cov_118.222	1	96740 	96667 	Gly	CCC	0	0	60.35	30.06	30.29	
NODE_20_length_65517_cov_119.857 	1	64298 	64223 	Trp	CCA	0	0	86.73	63.05	23.68	
NODE_25_length_35993_cov_115.623 	1	1356  	1280  	Arg	CCG	0	0	87.81	66.55	21.26	
NODE_31_length_5550_cov_347.533  	1	3616  	3540  	Ile	GAT	0	0	98.83	72.69	26.14	
NODE_31_length_5550_cov_347.533  	2	3511  	3436  	Ala	TGC	0	0	90.68	71.56	19.12	
NODE_37_length_3292_cov_97.4256  	1	521   	437   	Tyr	GTA	0	0	71.07	41.76	29.31	
NODE_37_length_3292_cov_97.4256  	2	410   	337   	Gly	TCC	0	0	82.75	60.87	21.88	
NODE_37_length_3292_cov_97.4256  	3	317   	242   	Thr	GGT	0	0	93.76	67.73	26.03	
