Sequence                         		tRNA  	Bounds	tRNA	Anti	Intron Bounds	Cove	HMM	2'Str	      
Name                             	tRNA #	Begin 	End   	Type	Codon	Begin	End	Score	Score	Score	Note
--------                         	------	----- 	------	----	-----	-----	----	------	-----	-----	------
NODE_1_length_479380_cov_68.2485 	1	356834	356910	Arg	TCT	0	0	96.39	77.88	18.51	
NODE_1_length_479380_cov_68.2485 	2	356962	357037	His	GTG	0	0	83.51	64.18	19.33	
NODE_1_length_479380_cov_68.2485 	3	357092	357176	Leu	TAG	0	0	76.62	44.97	31.65	
NODE_1_length_479380_cov_68.2485 	4	357243	357318	His	GTG	0	0	83.51	64.18	19.33	
NODE_1_length_479380_cov_68.2485 	5	368603	368679	Asp	GTC	0	0	95.34	76.86	18.48	
NODE_2_length_455178_cov_76.8572 	1	338186	338277	SeC	TCA	0	0	55.75	-18.51	74.26	
NODE_2_length_455178_cov_76.8572 	2	392325	392410	Leu	GAG	0	0	68.53	39.16	29.37	
NODE_2_length_455178_cov_76.8572 	3	392501	392577	Met	CAT	0	0	85.85	60.06	25.79	
NODE_2_length_455178_cov_76.8572 	4	184677	184591	Leu	CAG	0	0	73.96	38.54	35.42	
NODE_2_length_455178_cov_76.8572 	5	184461	184375	Leu	CAG	0	0	73.96	38.54	35.42	
NODE_3_length_454184_cov_71.4411 	1	42270 	42359 	Ser	GGA	0	0	71.75	34.38	37.37	
NODE_3_length_454184_cov_71.4411 	2	271039	271115	Pro	CGG	0	0	88.20	60.26	27.94	
NODE_3_length_454184_cov_71.4411 	3	399856	399931	Asn	GTT	0	0	91.73	62.08	29.65	
NODE_3_length_454184_cov_71.4411 	4	391058	390983	Ala	GGC	0	0	86.95	68.86	18.09	
NODE_3_length_454184_cov_71.4411 	5	390934	390859	Glu	TTC	0	0	66.40	38.20	28.20	
NODE_3_length_454184_cov_71.4411 	6	390765	390690	Ala	GGC	0	0	86.95	68.86	18.09	
NODE_3_length_454184_cov_71.4411 	7	390643	390568	Glu	TTC	0	0	66.40	38.20	28.20	
NODE_3_length_454184_cov_71.4411 	8	351663	351588	Val	TAC	0	0	94.49	73.68	20.81	
NODE_3_length_454184_cov_71.4411 	9	351571	351495	Asp	GTC	0	0	94.67	75.49	19.18	
NODE_3_length_454184_cov_71.4411 	10	351380	351304	Asp	GTC	0	0	94.67	75.49	19.18	
NODE_3_length_454184_cov_71.4411 	11	9774  	9699  	Glu	TTC	0	0	66.40	38.20	28.20	
NODE_3_length_454184_cov_71.4411 	12	9696  	9621  	Gly	GCC	0	0	93.74	68.41	25.33	
NODE_3_length_454184_cov_71.4411 	13	9536  	9461  	Gly	GCC	0	0	93.74	68.41	25.33	
NODE_4_length_407285_cov_76.896  	1	324104	324028	Met	CAT	0	0	92.87	71.40	21.47	
NODE_4_length_407285_cov_76.896  	2	294342	294274	Met	CAT	0	0	20.35	17.20	3.15	
NODE_7_length_267851_cov_74.7552 	1	35341 	35416 	Thr	CGT	0	0	90.98	74.93	16.05	
NODE_8_length_233425_cov_75.9878 	1	163838	163913	Asn	GTT	0	0	91.73	62.08	29.65	
NODE_8_length_233425_cov_75.9878 	2	163923	163999	Pro	TGG	0	0	87.63	64.60	23.03	
NODE_8_length_233425_cov_75.9878 	3	164010	164085	Lys	TTT	0	0	95.07	71.82	23.25	
NODE_8_length_233425_cov_75.9878 	4	119922	119849	Arg	ACG	0	0	52.72	27.21	25.51	
NODE_8_length_233425_cov_75.9878 	5	13676 	13602 	Gln	TTG	0	0	66.82	40.36	26.46	
NODE_11_length_223580_cov_73.8238	1	160266	160190	Arg	CCT	0	0	83.71	58.51	25.20	
NODE_11_length_223580_cov_73.8238	2	32452 	32377 	Val	TAC	0	0	94.49	73.68	20.81	
NODE_11_length_223580_cov_73.8238	3	32360 	32284 	Asp	GTC	0	0	94.67	75.49	19.18	
NODE_12_length_213091_cov_76.9715	1	140700	140625	Phe	GAA	0	0	92.69	68.52	24.17	
NODE_12_length_213091_cov_76.9715	2	128074	128000	Undet	NNN	0	0	23.83	22.17	1.66	
NODE_12_length_213091_cov_76.9715	3	116670	116595	Thr	TGT	0	0	93.66	75.64	18.02	
NODE_14_length_177513_cov_68.4758	1	36703 	36614 	Ser	TGA	0	0	72.70	38.95	33.75	
NODE_14_length_177513_cov_68.4758	2	12326 	12251 	Gly	GCC	0	0	93.74	68.41	25.33	
NODE_15_length_173924_cov_72.3748	1	27736 	27825 	Ser	CGA	0	0	68.31	24.88	43.43	
NODE_16_length_155756_cov_73.0295	1	85328 	85418 	Ser	GCT	0	0	76.69	47.10	29.59	
NODE_16_length_155756_cov_73.0295	2	85536 	85612 	Arg	ACG	0	0	83.50	58.05	25.45	
NODE_16_length_155756_cov_73.0295	3	85724 	85800 	Arg	ACG	0	0	83.50	58.05	25.45	
NODE_16_length_155756_cov_73.0295	4	154418	154493	Lys	TTT	0	0	95.07	71.82	23.25	
NODE_16_length_155756_cov_73.0295	5	101872	101796	Met	CAT	0	0	85.06	58.55	26.51	
NODE_18_length_137293_cov_74.3095	1	114072	114145	Gly	CCC	0	0	60.35	30.06	30.29	
NODE_20_length_131568_cov_70.0477	1	64472 	64396 	Val	GAC	0	0	93.19	67.81	25.38	
NODE_20_length_131568_cov_70.0477	2	30329 	30253 	Pro	GGG	0	0	74.89	48.01	26.88	
NODE_21_length_127944_cov_68.8214	1	94576 	94503 	Cys	GCA	0	0	62.38	45.73	16.65	
NODE_21_length_127944_cov_68.8214	2	81953 	81867 	Leu	TAA	0	0	76.64	42.32	34.32	
NODE_24_length_92598_cov_76.4999 	1	57854 	57778 	Arg	CCG	0	0	87.89	66.77	21.12	
NODE_25_length_91294_cov_89.3141 	1	24462 	24376 	Leu	CAA	0	0	69.99	38.33	31.66	
NODE_33_length_65444_cov_79.9569 	1	1220  	1295  	Trp	CCA	0	0	86.73	63.05	23.68	
NODE_37_length_50899_cov_72.4495 	1	46793 	46718 	Gly	TCC	0	0	81.79	61.22	20.57	
NODE_37_length_50899_cov_72.4495 	2	46705 	46631 	Asn	GTT	0	0	65.08	47.35	17.73	
NODE_37_length_50899_cov_72.4495 	3	46626 	46551 	Thr	TGT	0	0	74.27	61.42	12.85	
NODE_47_length_31964_cov_74.2204 	1	18487 	18411 	Met	CAT	0	0	87.19	64.42	22.77	
NODE_57_length_7750_cov_72.6179  	1	660   	588   	Leu	GAG	0	0	20.84	19.28	1.56	
NODE_63_length_5542_cov_307.68   	1	1954  	2030  	Ile	GAT	0	0	98.83	72.69	26.14	
NODE_63_length_5542_cov_307.68   	2	2059  	2134  	Ala	TGC	0	0	90.68	71.56	19.12	
NODE_70_length_3319_cov_75.2447  	1	2799  	2883  	Tyr	GTA	0	0	71.07	41.76	29.31	
NODE_70_length_3319_cov_75.2447  	2	2910  	2983  	Gly	TCC	0	0	82.75	60.87	21.88	
NODE_70_length_3319_cov_75.2447  	3	3003  	3078  	Thr	GGT	0	0	93.76	67.73	26.03	
