Sequence                         		tRNA  	Bounds	tRNA	Anti	Intron Bounds	Cove	HMM	2'Str	      
Name                             	tRNA #	Begin 	End   	Type	Codon	Begin	End	Score	Score	Score	Note
--------                         	------	----- 	------	----	-----	-----	----	------	-----	-----	------
NODE_1_length_797993_cov_49.5129 	1	656606	656682	Arg	TCT	0	0	96.39	77.88	18.51	
NODE_1_length_797993_cov_49.5129 	2	656734	656809	His	GTG	0	0	83.51	64.18	19.33	
NODE_1_length_797993_cov_49.5129 	3	656864	656948	Leu	TAG	0	0	76.62	44.97	31.65	
NODE_1_length_797993_cov_49.5129 	4	707141	707216	His	GTG	0	0	83.51	64.18	19.33	
NODE_1_length_797993_cov_49.5129 	5	718501	718577	Asp	GTC	0	0	95.34	76.86	18.48	
NODE_2_length_770586_cov_49.9707 	1	270971	271057	Leu	CAG	0	0	73.96	38.54	35.42	
NODE_2_length_770586_cov_49.9707 	2	271187	271273	Leu	CAG	0	0	73.96	38.54	35.42	
NODE_2_length_770586_cov_49.9707 	3	528045	528120	Phe	GAA	0	0	92.69	68.52	24.17	
NODE_2_length_770586_cov_49.9707 	4	539454	539529	Thr	TGT	0	0	93.66	75.64	18.02	
NODE_2_length_770586_cov_49.9707 	5	117198	117107	SeC	TCA	0	0	55.75	-18.51	74.26	
NODE_2_length_770586_cov_49.9707 	6	62857 	62772 	Leu	GAG	0	0	68.53	39.16	29.37	
NODE_2_length_770586_cov_49.9707 	7	62681 	62605 	Met	CAT	0	0	85.85	60.06	25.79	
NODE_3_length_711885_cov_48.4855 	1	709033	709109	Arg	CCT	0	0	83.71	58.51	25.20	
NODE_3_length_711885_cov_48.4855 	2	213679	213593	Leu	CAA	0	0	69.99	38.33	31.66	
NODE_4_length_484851_cov_51.4317 	1	450212	450136	Arg	CCG	0	0	87.81	66.55	21.26	
NODE_5_length_477287_cov_48.4402 	1	112420	112509	Ser	GGA	0	0	71.75	34.38	37.37	
NODE_5_length_477287_cov_48.4402 	2	301185	301261	Pro	CGG	0	0	88.20	60.26	27.94	
NODE_5_length_477287_cov_48.4402 	3	429793	429868	Asn	GTT	0	0	91.73	62.08	29.65	
NODE_5_length_477287_cov_48.4402 	4	420994	420919	Ala	GGC	0	0	86.95	68.86	18.09	
NODE_5_length_477287_cov_48.4402 	5	420870	420795	Glu	TTC	0	0	66.40	38.20	28.20	
NODE_5_length_477287_cov_48.4402 	6	420701	420626	Ala	GGC	0	0	86.95	68.86	18.09	
NODE_5_length_477287_cov_48.4402 	7	420579	420504	Glu	TTC	0	0	66.40	38.20	28.20	
NODE_5_length_477287_cov_48.4402 	8	381599	381524	Val	TAC	0	0	94.49	73.68	20.81	
NODE_5_length_477287_cov_48.4402 	9	381507	381431	Asp	GTC	0	0	94.67	75.49	19.18	
NODE_5_length_477287_cov_48.4402 	10	79925 	79850 	Glu	TTC	0	0	66.40	38.20	28.20	
NODE_5_length_477287_cov_48.4402 	11	79847 	79772 	Gly	GCC	0	0	93.74	68.41	25.33	
NODE_5_length_477287_cov_48.4402 	12	79687 	79612 	Gly	GCC	0	0	93.74	68.41	25.33	
NODE_5_length_477287_cov_48.4402 	13	34668 	34592 	Val	GAC	0	0	93.19	67.81	25.38	
NODE_5_length_477287_cov_48.4402 	14	529   	453   	Pro	GGG	0	0	74.89	48.01	26.88	
NODE_6_length_396097_cov_48.6877 	1	102155	102230	Asn	GTT	0	0	91.73	62.08	29.65	
NODE_6_length_396097_cov_48.6877 	2	102240	102316	Pro	TGG	0	0	87.63	64.60	23.03	
NODE_6_length_396097_cov_48.6877 	3	102327	102402	Lys	TTT	0	0	95.07	71.82	23.25	
NODE_6_length_396097_cov_48.6877 	4	120249	120324	Thr	CGT	0	0	90.98	74.93	16.05	
NODE_6_length_396097_cov_48.6877 	5	58225 	58152 	Arg	ACG	0	0	52.72	27.21	25.51	
NODE_7_length_373282_cov_48.3705 	1	77751 	77827 	Met	CAT	0	0	92.87	71.40	21.47	
NODE_8_length_361568_cov_49.2188 	1	141112	141201	Ser	TGA	0	0	72.70	38.95	33.75	
NODE_8_length_361568_cov_49.2188 	2	197236	197311	Gly	GCC	0	0	93.74	68.41	25.33	
NODE_8_length_361568_cov_49.2188 	3	201838	201911	Cys	GCA	0	0	62.38	45.73	16.65	
NODE_8_length_361568_cov_49.2188 	4	214459	214545	Leu	TAA	0	0	76.64	42.32	34.32	
NODE_9_length_346350_cov_50.0242 	1	92225 	92315 	Ser	GCT	0	0	76.69	47.10	29.59	
NODE_9_length_346350_cov_50.0242 	2	92433 	92509 	Arg	ACG	0	0	83.50	58.05	25.45	
NODE_9_length_346350_cov_50.0242 	3	92621 	92697 	Arg	ACG	0	0	83.50	58.05	25.45	
NODE_9_length_346350_cov_50.0242 	4	161319	161394	Lys	TTT	0	0	95.07	71.82	23.25	
NODE_9_length_346350_cov_50.0242 	5	188868	188957	Ser	CGA	0	0	68.31	24.88	43.43	
NODE_9_length_346350_cov_50.0242 	6	108771	108695	Met	CAT	0	0	85.06	58.55	26.51	
NODE_9_length_346350_cov_50.0242 	7	2544  	2472  	Leu	GAG	0	0	20.84	19.28	1.56	
NODE_11_length_203254_cov_49.1682	1	129153	129228	Val	TAC	0	0	94.49	73.68	20.81	
NODE_11_length_203254_cov_49.1682	2	129245	129321	Asp	GTC	0	0	94.67	75.49	19.18	
NODE_14_length_102648_cov_48.8041	1	98967 	99040 	Gly	CCC	0	0	60.35	30.06	30.29	
NODE_18_length_64983_cov_48.4966 	1	823   	898   	Trp	CCA	0	0	86.73	63.05	23.68	
NODE_20_length_55917_cov_48.4961 	1	6818  	6744  	Gln	TTG	0	0	66.82	40.36	26.46	
NODE_20_length_55917_cov_48.4961 	2	3070  	2994  	Met	CAT	0	0	87.19	64.42	22.77	
NODE_31_length_5542_cov_207.586  	1	1954  	2030  	Ile	GAT	0	0	98.83	72.69	26.14	
NODE_31_length_5542_cov_207.586  	2	2059  	2134  	Ala	TGC	0	0	90.68	71.56	19.12	
NODE_35_length_3319_cov_49.5266  	1	521   	437   	Tyr	GTA	0	0	71.07	41.76	29.31	
NODE_35_length_3319_cov_49.5266  	2	410   	337   	Gly	TCC	0	0	82.75	60.87	21.88	
NODE_35_length_3319_cov_49.5266  	3	317   	242   	Thr	GGT	0	0	93.76	67.73	26.03	
NODE_43_length_1290_cov_54.7291  	1	1090  	1164  	Arg	CCT	0	0	69.69	51.80	17.89	
