Sequence                         		tRNA  	Bounds	tRNA	Anti	Intron Bounds	Cove	HMM	2'Str	      
Name                             	tRNA #	Begin 	End   	Type	Codon	Begin	End	Score	Score	Score	Note
--------                         	------	----- 	------	----	-----	-----	----	------	-----	-----	------
NODE_1_length_908738_cov_45.6687 	1	694840	694916	Arg	CCT	0	0	83.71	58.51	25.20	
NODE_1_length_908738_cov_45.6687 	2	830856	830931	Val	TAC	0	0	94.49	73.68	20.81	
NODE_1_length_908738_cov_45.6687 	3	830948	831024	Asp	GTC	0	0	94.67	75.49	19.18	
NODE_1_length_908738_cov_45.6687 	4	210816	210730	Leu	CAA	0	0	69.99	38.33	31.66	
NODE_2_length_839297_cov_43.6177 	1	477303	477392	Ser	GGA	0	0	71.75	34.38	37.37	
NODE_2_length_839297_cov_43.6177 	2	666082	666158	Pro	CGG	0	0	88.20	60.26	27.94	
NODE_2_length_839297_cov_43.6177 	3	794915	794990	Asn	GTT	0	0	91.73	62.08	29.65	
NODE_2_length_839297_cov_43.6177 	4	786116	786041	Ala	GGC	0	0	86.95	68.86	18.09	
NODE_2_length_839297_cov_43.6177 	5	785992	785917	Glu	TTC	0	0	66.40	38.20	28.20	
NODE_2_length_839297_cov_43.6177 	6	785823	785748	Ala	GGC	0	0	86.95	68.86	18.09	
NODE_2_length_839297_cov_43.6177 	7	785701	785626	Glu	TTC	0	0	66.40	38.20	28.20	
NODE_2_length_839297_cov_43.6177 	8	746705	746630	Val	TAC	0	0	94.49	73.68	20.81	
NODE_2_length_839297_cov_43.6177 	9	746613	746537	Asp	GTC	0	0	94.67	75.49	19.18	
NODE_2_length_839297_cov_43.6177 	10	746422	746346	Asp	GTC	0	0	94.67	75.49	19.18	
NODE_2_length_839297_cov_43.6177 	11	444807	444732	Glu	TTC	0	0	66.40	38.20	28.20	
NODE_2_length_839297_cov_43.6177 	12	444729	444654	Gly	GCC	0	0	93.74	68.41	25.33	
NODE_2_length_839297_cov_43.6177 	13	444569	444494	Gly	GCC	0	0	93.74	68.41	25.33	
NODE_2_length_839297_cov_43.6177 	14	355657	355581	Val	GAC	0	0	93.19	67.81	25.38	
NODE_2_length_839297_cov_43.6177 	15	321519	321443	Pro	GGG	0	0	74.89	48.01	26.88	
NODE_2_length_839297_cov_43.6177 	16	164833	164744	Ser	TGA	0	0	72.70	38.95	33.75	
NODE_2_length_839297_cov_43.6177 	17	140456	140381	Gly	GCC	0	0	93.74	68.41	25.33	
NODE_2_length_839297_cov_43.6177 	18	135834	135761	Cys	GCA	0	0	62.38	45.73	16.65	
NODE_2_length_839297_cov_43.6177 	19	123210	123124	Leu	TAA	0	0	76.64	42.32	34.32	
NODE_3_length_460732_cov_42.4031 	1	302770	302846	Arg	TCT	0	0	96.39	77.88	18.51	
NODE_3_length_460732_cov_42.4031 	2	302898	302973	His	GTG	0	0	83.51	64.18	19.33	
NODE_3_length_460732_cov_42.4031 	3	303028	303112	Leu	TAG	0	0	76.62	44.97	31.65	
NODE_3_length_460732_cov_42.4031 	4	368595	368670	His	GTG	0	0	83.51	64.18	19.33	
NODE_3_length_460732_cov_42.4031 	5	379967	380043	Asp	GTC	0	0	95.34	76.86	18.48	
NODE_4_length_429586_cov_49.3079 	1	241145	241070	Phe	GAA	0	0	92.69	68.52	24.17	
NODE_4_length_429586_cov_49.3079 	2	229735	229660	Thr	TGT	0	0	93.66	75.64	18.02	
NODE_5_length_400274_cov_48.4532 	1	322752	322676	Met	CAT	0	0	92.87	71.40	21.47	
NODE_6_length_341567_cov_48.0084 	1	224458	224549	SeC	TCA	0	0	55.75	-18.51	74.26	
NODE_6_length_341567_cov_48.0084 	2	278664	278749	Leu	GAG	0	0	68.53	39.16	29.37	
NODE_6_length_341567_cov_48.0084 	3	278840	278916	Met	CAT	0	0	85.85	60.06	25.79	
NODE_6_length_341567_cov_48.0084 	4	70958 	70872 	Leu	CAG	0	0	73.96	38.54	35.42	
NODE_6_length_341567_cov_48.0084 	5	70742 	70656 	Leu	CAG	0	0	73.96	38.54	35.42	
NODE_8_length_282567_cov_44.8438 	1	200686	200776	Ser	GCT	0	0	76.69	47.10	29.59	
NODE_8_length_282567_cov_44.8438 	2	200894	200970	Arg	ACG	0	0	83.50	58.05	25.45	
NODE_8_length_282567_cov_44.8438 	3	201083	201159	Arg	ACG	0	0	83.50	58.05	25.45	
NODE_8_length_282567_cov_44.8438 	4	269782	269857	Lys	TTT	0	0	95.07	71.82	23.25	
NODE_8_length_282567_cov_44.8438 	5	217230	217154	Met	CAT	0	0	85.06	58.55	26.51	
NODE_8_length_282567_cov_44.8438 	6	111019	110947	Leu	GAG	0	0	20.84	19.28	1.56	
NODE_8_length_282567_cov_44.8438 	7	7089  	7016  	Gly	CCC	0	0	60.35	30.06	30.29	
NODE_10_length_229949_cov_46.3248	1	229040	228955	Lys	TTT	0	0	22.00	12.28	9.72	
NODE_10_length_229949_cov_46.3248	2	211030	210955	Thr	CGT	0	0	90.98	74.93	16.05	
NODE_14_length_196200_cov_47.7914	1	173329	173404	Asn	GTT	0	0	91.73	62.08	29.65	
NODE_14_length_196200_cov_47.7914	2	173414	173490	Pro	TGG	0	0	87.63	64.60	23.03	
NODE_14_length_196200_cov_47.7914	3	173501	173576	Lys	TTT	0	0	95.07	71.82	23.25	
NODE_14_length_196200_cov_47.7914	4	129424	129351	Arg	ACG	0	0	52.72	27.21	25.51	
NODE_14_length_196200_cov_47.7914	5	22240 	22166 	Gln	TTG	0	0	66.82	40.36	26.46	
NODE_14_length_196200_cov_47.7914	6	18491 	18415 	Met	CAT	0	0	87.19	64.42	22.77	
NODE_15_length_187632_cov_44.2122	1	159164	159075	Ser	CGA	0	0	68.31	24.88	43.43	
NODE_20_length_65613_cov_47.1117 	1	64394 	64319 	Trp	CCA	0	0	86.73	63.05	23.68	
NODE_26_length_47489_cov_50.0407 	1	12851 	12775 	Arg	CCG	0	0	87.81	66.55	21.26	
NODE_40_length_5491_cov_185.835  	1	3589  	3513  	Ile	GAT	0	0	98.83	72.69	26.14	
NODE_40_length_5491_cov_185.835  	2	3484  	3409  	Ala	TGC	0	0	90.68	71.56	19.12	
NODE_48_length_3319_cov_42.8728  	1	521   	437   	Tyr	GTA	0	0	71.07	41.76	29.31	
NODE_48_length_3319_cov_42.8728  	2	410   	337   	Gly	TCC	0	0	82.75	60.87	21.88	
NODE_48_length_3319_cov_42.8728  	3	317   	242   	Thr	GGT	0	0	93.76	67.73	26.03	
