Sequence                         		tRNA  	Bounds	tRNA	Anti	Intron Bounds	Cove	HMM	2'Str	      
Name                             	tRNA #	Begin 	End   	Type	Codon	Begin	End	Score	Score	Score	Note
--------                         	------	----- 	------	----	-----	-----	----	------	-----	-----	------
NODE_1_length_975561_cov_42.7203 	1	773856	773932	Arg	CCT	0	0	83.71	58.51	25.20	
NODE_1_length_975561_cov_42.7203 	2	901689	901764	Val	TAC	0	0	94.49	73.68	20.81	
NODE_1_length_975561_cov_42.7203 	3	901781	901857	Asp	GTC	0	0	94.67	75.49	19.18	
NODE_1_length_975561_cov_42.7203 	4	240678	240592	Leu	CAA	0	0	69.99	38.33	31.66	
NODE_2_length_539284_cov_43.0531 	1	270730	270816	Leu	CAG	0	0	73.96	38.54	35.42	
NODE_2_length_539284_cov_43.0531 	2	270946	271032	Leu	CAG	0	0	73.96	38.54	35.42	
NODE_2_length_539284_cov_43.0531 	3	525767	525842	Phe	GAA	0	0	92.69	68.52	24.17	
NODE_2_length_539284_cov_43.0531 	4	117164	117073	SeC	TCA	0	0	55.75	-18.51	74.26	
NODE_2_length_539284_cov_43.0531 	5	62920 	62835 	Leu	GAG	0	0	68.53	39.16	29.37	
NODE_2_length_539284_cov_43.0531 	6	62744 	62668 	Met	CAT	0	0	85.85	60.06	25.79	
NODE_3_length_527330_cov_41.4948 	1	344648	344724	Arg	TCT	0	0	96.39	77.88	18.51	
NODE_3_length_527330_cov_41.4948 	2	344776	344851	His	GTG	0	0	83.51	64.18	19.33	
NODE_3_length_527330_cov_41.4948 	3	344906	344990	Leu	TAG	0	0	76.62	44.97	31.65	
NODE_3_length_527330_cov_41.4948 	4	373254	373329	Met	CAT	0	0	60.64	35.57	25.07	
NODE_3_length_527330_cov_41.4948 	5	373649	373724	Gly	TCC	0	0	82.79	56.37	26.42	
NODE_3_length_527330_cov_41.4948 	6	403719	403794	His	GTG	0	0	83.51	64.18	19.33	
NODE_3_length_527330_cov_41.4948 	7	415084	415160	Asp	GTC	0	0	95.34	76.86	18.48	
NODE_4_length_479891_cov_41.7875 	1	55901 	55976 	Ala	GGC	0	0	86.95	68.86	18.09	
NODE_4_length_479891_cov_41.7875 	2	56025 	56100 	Glu	TTC	0	0	66.40	38.20	28.20	
NODE_4_length_479891_cov_41.7875 	3	56194 	56269 	Ala	GGC	0	0	86.95	68.86	18.09	
NODE_4_length_479891_cov_41.7875 	4	56316 	56391 	Glu	TTC	0	0	66.40	38.20	28.20	
NODE_4_length_479891_cov_41.7875 	5	95298 	95373 	Val	TAC	0	0	94.49	73.68	20.81	
NODE_4_length_479891_cov_41.7875 	6	95390 	95466 	Asp	GTC	0	0	94.67	75.49	19.18	
NODE_4_length_479891_cov_41.7875 	7	95581 	95657 	Asp	GTC	0	0	94.67	75.49	19.18	
NODE_4_length_479891_cov_41.7875 	8	397184	397259	Glu	TTC	0	0	66.40	38.20	28.20	
NODE_4_length_479891_cov_41.7875 	9	397262	397337	Gly	GCC	0	0	93.74	68.41	25.33	
NODE_4_length_479891_cov_41.7875 	10	397422	397497	Gly	GCC	0	0	93.74	68.41	25.33	
NODE_4_length_479891_cov_41.7875 	11	444666	444742	Val	GAC	0	0	93.19	67.81	25.38	
NODE_4_length_479891_cov_41.7875 	12	478804	478880	Pro	GGG	0	0	74.89	48.01	26.88	
NODE_4_length_479891_cov_41.7875 	13	364720	364631	Ser	GGA	0	0	71.75	34.38	37.37	
NODE_4_length_479891_cov_41.7875 	14	175929	175853	Pro	CGG	0	0	88.20	60.26	27.94	
NODE_4_length_479891_cov_41.7875 	15	47102 	47027 	Asn	GTT	0	0	91.73	62.08	29.65	
NODE_5_length_464547_cov_42.8307 	1	442316	442227	Ser	CGA	0	0	68.31	24.88	43.43	
NODE_6_length_378745_cov_43.3527 	1	85145 	85221 	Met	CAT	0	0	92.87	71.40	21.47	
NODE_7_length_360346_cov_41.7325 	1	64554 	64630 	Met	CAT	0	0	85.06	58.55	26.51	
NODE_7_length_360346_cov_41.7325 	2	170764	170836	Leu	GAG	0	0	20.84	19.28	1.56	
NODE_7_length_360346_cov_41.7325 	3	274639	274712	Gly	CCC	0	0	60.35	30.06	30.29	
NODE_7_length_360346_cov_41.7325 	4	81098 	81008 	Ser	GCT	0	0	76.69	47.10	29.59	
NODE_7_length_360346_cov_41.7325 	5	80890 	80814 	Arg	ACG	0	0	83.50	58.05	25.45	
NODE_7_length_360346_cov_41.7325 	6	80702 	80626 	Arg	ACG	0	0	83.50	58.05	25.45	
NODE_7_length_360346_cov_41.7325 	7	12006 	11931 	Lys	TTT	0	0	95.07	71.82	23.25	
NODE_8_length_309769_cov_42.1631 	1	167212	167123	Ser	TGA	0	0	72.70	38.95	33.75	
NODE_8_length_309769_cov_42.1631 	2	142836	142761	Gly	GCC	0	0	93.74	68.41	25.33	
NODE_8_length_309769_cov_42.1631 	3	138214	138141	Cys	GCA	0	0	62.38	45.73	16.65	
NODE_8_length_309769_cov_42.1631 	4	125591	125505	Leu	TAA	0	0	76.64	42.32	34.32	
NODE_9_length_294534_cov_42.6852 	1	19434 	19509 	Thr	CGT	0	0	90.98	74.93	16.05	
NODE_10_length_288490_cov_43.3535	1	275164	275089	Thr	TGT	0	0	93.66	75.64	18.02	
NODE_16_length_110726_cov_43.1555	1	102140	102215	Asn	GTT	0	0	91.73	62.08	29.65	
NODE_16_length_110726_cov_43.1555	2	102225	102301	Pro	TGG	0	0	87.63	64.60	23.03	
NODE_16_length_110726_cov_43.1555	3	102312	102387	Lys	TTT	0	0	95.07	71.82	23.25	
NODE_16_length_110726_cov_43.1555	4	58224 	58151 	Arg	ACG	0	0	52.72	27.21	25.51	
NODE_21_length_71348_cov_42.7772 	1	22240 	22166 	Gln	TTG	0	0	66.82	40.36	26.46	
NODE_21_length_71348_cov_42.7772 	2	18491 	18415 	Met	CAT	0	0	87.19	64.42	22.77	
NODE_23_length_65469_cov_43.7001 	1	64250 	64175 	Trp	CCA	0	0	86.73	63.05	23.68	
NODE_27_length_35917_cov_44.3369 	1	1283  	1207  	Arg	CCG	0	0	87.81	66.55	21.26	
NODE_40_length_5481_cov_150.875  	1	1894  	1970  	Ile	GAT	0	0	98.83	72.69	26.14	
NODE_40_length_5481_cov_150.875  	2	1999  	2074  	Ala	TGC	0	0	90.68	71.56	19.12	
NODE_53_length_3321_cov_42.7383  	1	521   	437   	Tyr	GTA	0	0	71.07	41.76	29.31	
NODE_53_length_3321_cov_42.7383  	2	410   	337   	Gly	TCC	0	0	82.75	60.87	21.88	
NODE_53_length_3321_cov_42.7383  	3	317   	242   	Thr	GGT	0	0	93.76	67.73	26.03	
